[32;1m[Board] [0mInitializing board...
[32;1m[Board] [0m
[32;1m[Board] [0m    a b c d e f g h 
[32;1m[Board] [0m  -------------------
[32;1m[Board] [0m8 ||[30;1mr[0m|[30;1mk[0m|[30;1mb[0m|[30;1mQ[0m|[30;1mK[0m|[30;1mb[0m|[30;1mk[0m|[30;1mr[0m|| 8
[32;1m[Board] [0m  -------------------
[32;1m[Board] [0m7 ||[30;1mp[0m|[30;1mp[0m|[30;1mp[0m|[30;1mp[0m|[30;1mp[0m|[30;1mp[0m|[30;1mp[0m|[30;1mp[0m|| 7
[32;1m[Board] [0m  -------------------
[32;1m[Board] [0m6 ||[7;1m [0m| |[7;1m [0m| |[7;1m [0m| |[7;1m [0m| || 6
[32;1m[Board] [0m  -------------------
[32;1m[Board] [0m5 || |[7;1m [0m| |[7;1m [0m| |[7;1m [0m| |[7;1m [0m|| 5
[32;1m[Board] [0m  -------------------
[32;1m[Board] [0m4 ||[7;1m [0m| |[7;1m [0m| |[7;1m [0m| |[7;1m [0m| || 4
[32;1m[Board] [0m  -------------------
[32;1m[Board] [0m3 || |[7;1m [0m| |[7;1m [0m| |[7;1m [0m| |[7;1m [0m|| 3
[32;1m[Board] [0m  -------------------
[32;1m[Board] [0m2 ||[0;1mp[0m|[0;1mp[0m|[0;1mp[0m|[0;1mp[0m|[0;1mp[0m|[0;1mp[0m|[0;1mp[0m|[0;1mp[0m|| 2
[32;1m[Board] [0m  -------------------
[32;1m[Board] [0m1 ||[0;1mr[0m|[0;1mk[0m|[0;1mb[0m|[0;1mQ[0m|[0;1mK[0m|[0;1mb[0m|[0;1mk[0m|[0;1mr[0m|| 1
[32;1m[Board] [0m  -------------------
[32;1m[Board] [0m    a b c d e f g h
[32;1m[Board] [0m
[32;1m[Referee] [0mThis is the turn of the White player...
Chess Board after applying moves from: championship/ashwathama-awesome-chess-ai/history.csv
Successfully read 0 moves from the file.
     a   b   c   d   e   f   g   h  
   +---+---+---+---+---+---+---+---+
 8 | r | n | b | q | k | b | n | r | 8
   +---+---+---+---+---+---+---+---+
 7 | p | p | p | p | p | p | p | p | 7
   +---+---+---+---+---+---+---+---+
 6 | . | . | . | . | . | . | . | . | 6
   +---+---+---+---+---+---+---+---+
 5 | . | . | . | . | . | . | . | . | 5
   +---+---+---+---+---+---+---+---+
 4 | . | . | . | . | . | . | . | . | 4
   +---+---+---+---+---+---+---+---+
 3 | . | . | . | . | . | . | . | . | 3
   +---+---+---+---+---+---+---+---+
 2 | P | P | P | P | P | P | P | P | 2
   +---+---+---+---+---+---+---+---+
 1 | R | N | B | Q | K | B | N | R | 1
   +---+---+---+---+---+---+---+---+
     a   b   c   d   e   f   g   h  
Running alpha-beta search...
Best move: b1c3
Testing Random Move Generator:
Random move: g2g4
File reset and move written: b1c3
Next move written to: championship/ashwathama-awesome-chess-ai/move.csv
[32;1m[Game] [0mPlayer's error code: 0
[32;1m[Game] [0mChecking move validity...
[32;1m[Board] [0mInitializing board...
[32;1m[Board] [0mLoading history file `championship/ashwathama-awesome-chess-ai/history.csv`...
[32;1m[Board] [0mLoaded 0 move(s).
[32;1m[Board] [0mLoading move file `championship/ashwathama-awesome-chess-ai/move.csv`...
[32;1m[Board] [0mWhite player is playing b1 to c3.
[32;1m[Board] [0m
[32;1m[Board] [0m    a b c d e f g h 
[32;1m[Board] [0m  -------------------
[32;1m[Board] [0m8 ||[30;1mr[0m|[30;1mk[0m|[30;1mb[0m|[30;1mQ[0m|[30;1mK[0m|[30;1mb[0m|[30;1mk[0m|[30;1mr[0m|| 8
[32;1m[Board] [0m  -------------------
[32;1m[Board] [0m7 ||[30;1mp[0m|[30;1mp[0m|[30;1mp[0m|[30;1mp[0m|[30;1mp[0m|[30;1mp[0m|[30;1mp[0m|[30;1mp[0m|| 7
[32;1m[Board] [0m  -------------------
[32;1m[Board] [0m6 ||[7;1m [0m| |[7;1m [0m| |[7;1m [0m| |[7;1m [0m| || 6
[32;1m[Board] [0m  -------------------
[32;1m[Board] [0m5 || |[7;1m [0m| |[7;1m [0m| |[7;1m [0m| |[7;1m [0m|| 5
[32;1m[Board] [0m  -------------------
[32;1m[Board] [0m4 ||[7;1m [0m| |[7;1m [0m| |[7;1m [0m| |[7;1m [0m| || 4
[32;1m[Board] [0m  -------------------
[32;1m[Board] [0m3 || |[7;1m [0m|[0;1mk[0m|[7;1m [0m| |[7;1m [0m| |[7;1m [0m|| 3
[32;1m[Board] [0m  -------------------
[32;1m[Board] [0m2 ||[0;1mp[0m|[0;1mp[0m|[0;1mp[0m|[0;1mp[0m|[0;1mp[0m|[0;1mp[0m|[0;1mp[0m|[0;1mp[0m|| 2
[32;1m[Board] [0m  -------------------
[32;1m[Board] [0m1 ||[0;1mr[0m|[7;1m [0m|[0;1mb[0m|[0;1mQ[0m|[0;1mK[0m|[0;1mb[0m|[0;1mk[0m|[0;1mr[0m|| 1
[32;1m[Board] [0m  -------------------
[32;1m[Board] [0m    a b c d e f g h
[32;1m[Board] [0m
[32;1m[Referee] [0mThis is the turn of the Black player...
  a b c d e f g h 
8 [47;31mrb[0m[40;31mnb[0m[47;31mbb[0m[40;31mqb[0m[47;31mkb[0m[40;31mbb[0m[47;31mnb[0m[40;31mrb[0m 8
7 [40;31mpb[0m[47;31mpb[0m[40;31mpb[0m[47;31mpb[0m[40;31mpb[0m[47;31mpb[0m[40;31mpb[0m[47;31mpb[0m 7
6 [47;31m  [0m[40;31m  [0m[47;31m  [0m[40;31m  [0m[47;31m  [0m[40;31m  [0m[47;31m  [0m[40;31m  [0m 6
5 [40;31m  [0m[47;31m  [0m[40;31m  [0m[47;31m  [0m[40;31m  [0m[47;31m  [0m[40;31m  [0m[47;31m  [0m 5
4 [47;31m  [0m[40;31m  [0m[47;31m  [0m[40;31m  [0m[47;31m  [0m[40;31m  [0m[47;31m  [0m[40;31m  [0m 4
3 [40;31m  [0m[47;31m  [0m[40;31mnw[0m[47;31m  [0m[40;31m  [0m[47;31m  [0m[40;31m  [0m[47;31m  [0m 3
2 [47;31mpw[0m[40;31mpw[0m[47;31mpw[0m[40;31mpw[0m[47;31mpw[0m[40;31mpw[0m[47;31mpw[0m[40;31mpw[0m 2
1 [40;31mrw[0m[47;31m  [0m[40;31mbw[0m[47;31mqw[0m[40;31mkw[0m[47;31mbw[0m[40;31mnw[0m[47;31mrw[0m 1
  a b c d e f g h 
1571168667
a7 -> a6 legal
a7 -> a5 legal
b7 -> b6 legal
b7 -> b5 legal
c7 -> c6 legal
c7 -> c5 legal
d7 -> d6 legal
d7 -> d5 legal
e7 -> e6 legal
e7 -> e5 legal
f7 -> f6 legal
f7 -> f5 legal
g7 -> g6 legal
g7 -> g5 legal
h7 -> h6 legal
h7 -> h5 legal
b8 -> c6 legal
b8 -> a6 legal
g8 -> h6 legal
g8 -> f6 legal
  a b c d e f g h 
8 [47;31mrb[0m[40;31mnb[0m[47;31mbb[0m[40;31mqb[0m[47;31mkb[0m[40;31mbb[0m[47;31mnb[0m[40;31mrb[0m 8
7 [40;31mpb[0m[47;31mpb[0m[40;31mpb[0m[47;31mpb[0m[40;31mpb[0m[47;31mpb[0m[40;31mpb[0m[47;31mpb[0m 7
6 [47;31m  [0m[40;31m  [0m[47;31m  [0m[40;31m  [0m[47;31m  [0m[40;31m  [0m[47;31m  [0m[40;31m  [0m 6
5 [40;31m  [0m[47;31m  [0m[40;31m  [0m[47;31m  [0m[40;31m  [0m[47;31m  [0m[40;31m  [0m[47;31m  [0m 5
4 [47;31m  [0m[40;31m  [0m[47;31m  [0m[40;31m  [0m[47;31m  [0m[40;31m  [0m[47;31m  [0m[40;31m  [0m 4
3 [40;31m  [0m[47;31m  [0m[40;31mnw[0m[47;31m  [0m[40;31m  [0m[47;31m  [0m[40;31m  [0m[47;31m  [0m 3
2 [47;31mpw[0m[40;31mpw[0m[47;31mpw[0m[40;31mpw[0m[47;31mpw[0m[40;31mpw[0m[47;31mpw[0m[40;31mpw[0m 2
1 [40;31mrw[0m[47;31m  [0m[40;31mbw[0m[47;31mqw[0m[40;31mkw[0m[47;31mbw[0m[40;31mnw[0m[47;31mrw[0m 1
  a b c d e f g h 
1571168667
g8 -> h6   0
g8h6
[32;1m[Game] [0mPlayer's error code: 0
[32;1m[Game] [0mChecking move validity...
[32;1m[Board] [0mInitializing board...
[32;1m[Board] [0mLoading history file `championship/ashwathama-awesome-chess-ai/history.csv`...
[32;1m[Board] [0mLoaded 1 move(s).
[32;1m[Board] [0mLoading move file `championship/ashwathama-awesome-chess-ai/move.csv`...
[32;1m[Board] [0mBlack player is playing g8 to h6.
[32;1m[Board] [0m
[32;1m[Board] [0m    a b c d e f g h 
[32;1m[Board] [0m  -------------------
[32;1m[Board] [0m8 ||[30;1mr[0m|[30;1mk[0m|[30;1mb[0m|[30;1mQ[0m|[30;1mK[0m|[30;1mb[0m|[7;1m [0m|[30;1mr[0m|| 8
[32;1m[Board] [0m  -------------------
[32;1m[Board] [0m7 ||[30;1mp[0m|[30;1mp[0m|[30;1mp[0m|[30;1mp[0m|[30;1mp[0m|[30;1mp[0m|[30;1mp[0m|[30;1mp[0m|| 7
[32;1m[Board] [0m  -------------------
[32;1m[Board] [0m6 ||[7;1m [0m| |[7;1m [0m| |[7;1m [0m| |[7;1m [0m|[30;1mk[0m|| 6
[32;1m[Board] [0m  -------------------
[32;1m[Board] [0m5 || |[7;1m [0m| |[7;1m [0m| |[7;1m [0m| |[7;1m [0m|| 5
[32;1m[Board] [0m  -------------------
[32;1m[Board] [0m4 ||[7;1m [0m| |[7;1m [0m| |[7;1m [0m| |[7;1m [0m| || 4
[32;1m[Board] [0m  -------------------
[32;1m[Board] [0m3 || |[7;1m [0m|[0;1mk[0m|[7;1m [0m| |[7;1m [0m| |[7;1m [0m|| 3
[32;1m[Board] [0m  -------------------
[32;1m[Board] [0m2 ||[0;1mp[0m|[0;1mp[0m|[0;1mp[0m|[0;1mp[0m|[0;1mp[0m|[0;1mp[0m|[0;1mp[0m|[0;1mp[0m|| 2
[32;1m[Board] [0m  -------------------
[32;1m[Board] [0m1 ||[0;1mr[0m|[7;1m [0m|[0;1mb[0m|[0;1mQ[0m|[0;1mK[0m|[0;1mb[0m|[0;1mk[0m|[0;1mr[0m|| 1
[32;1m[Board] [0m  -------------------
[32;1m[Board] [0m    a b c d e f g h
[32;1m[Board] [0m
[32;1m[Referee] [0mThis is the turn of the White player...
Chess Board after applying moves from: championship/ashwathama-awesome-chess-ai/history.csv
Successfully read 2 moves from the file.
     a   b   c   d   e   f   g   h  
   +---+---+---+---+---+---+---+---+
 8 | r | n | b | q | k | b | . | r | 8
   +---+---+---+---+---+---+---+---+
 7 | p | p | p | p | p | p | p | p | 7
   +---+---+---+---+---+---+---+---+
 6 | . | . | . | . | . | . | . | n | 6
   +---+---+---+---+---+---+---+---+
 5 | . | . | . | . | . | . | . | . | 5
   +---+---+---+---+---+---+---+---+
 4 | . | . | . | . | . | . | . | . | 4
   +---+---+---+---+---+---+---+---+
 3 | . | . | N | . | . | . | . | . | 3
   +---+---+---+---+---+---+---+---+
 2 | P | P | P | P | P | P | P | P | 2
   +---+---+---+---+---+---+---+---+
 1 | R | . | B | Q | K | B | N | R | 1
   +---+---+---+---+---+---+---+---+
     a   b   c   d   e   f   g   h  
Running alpha-beta search...
Best move: c3b5
Testing Random Move Generator:
Random move: c3b1
File reset and move written: c3b5
Next move written to: championship/ashwathama-awesome-chess-ai/move.csv
[32;1m[Game] [0mPlayer's error code: 0
[32;1m[Game] [0mChecking move validity...
[32;1m[Board] [0mInitializing board...
[32;1m[Board] [0mLoading history file `championship/ashwathama-awesome-chess-ai/history.csv`...
[32;1m[Board] [0mLoaded 2 move(s).
[32;1m[Board] [0mLoading move file `championship/ashwathama-awesome-chess-ai/move.csv`...
[32;1m[Board] [0mWhite player is playing c3 to b5.
[32;1m[Board] [0m
[32;1m[Board] [0m    a b c d e f g h 
[32;1m[Board] [0m  -------------------
[32;1m[Board] [0m8 ||[30;1mr[0m|[30;1mk[0m|[30;1mb[0m|[30;1mQ[0m|[30;1mK[0m|[30;1mb[0m|[7;1m [0m|[30;1mr[0m|| 8
[32;1m[Board] [0m  -------------------
[32;1m[Board] [0m7 ||[30;1mp[0m|[30;1mp[0m|[30;1mp[0m|[30;1mp[0m|[30;1mp[0m|[30;1mp[0m|[30;1mp[0m|[30;1mp[0m|| 7
[32;1m[Board] [0m  -------------------
[32;1m[Board] [0m6 ||[7;1m [0m| |[7;1m [0m| |[7;1m [0m| |[7;1m [0m|[30;1mk[0m|| 6
[32;1m[Board] [0m  -------------------
[32;1m[Board] [0m5 || |[0;1mk[0m| |[7;1m [0m| |[7;1m [0m| |[7;1m [0m|| 5
[32;1m[Board] [0m  -------------------
[32;1m[Board] [0m4 ||[7;1m [0m| |[7;1m [0m| |[7;1m [0m| |[7;1m [0m| || 4
[32;1m[Board] [0m  -------------------
[32;1m[Board] [0m3 || |[7;1m [0m| |[7;1m [0m| |[7;1m [0m| |[7;1m [0m|| 3
[32;1m[Board] [0m  -------------------
[32;1m[Board] [0m2 ||[0;1mp[0m|[0;1mp[0m|[0;1mp[0m|[0;1mp[0m|[0;1mp[0m|[0;1mp[0m|[0;1mp[0m|[0;1mp[0m|| 2
[32;1m[Board] [0m  -------------------
[32;1m[Board] [0m1 ||[0;1mr[0m|[7;1m [0m|[0;1mb[0m|[0;1mQ[0m|[0;1mK[0m|[0;1mb[0m|[0;1mk[0m|[0;1mr[0m|| 1
[32;1m[Board] [0m  -------------------
[32;1m[Board] [0m    a b c d e f g h
[32;1m[Board] [0m
[32;1m[Referee] [0mThis is the turn of the Black player...
  a b c d e f g h 
8 [47;31mrb[0m[40;31mnb[0m[47;31mbb[0m[40;31mqb[0m[47;31mkb[0m[40;31mbb[0m[47;31m  [0m[40;31mrb[0m 8
7 [40;31mpb[0m[47;31mpb[0m[40;31mpb[0m[47;31mpb[0m[40;31mpb[0m[47;31mpb[0m[40;31mpb[0m[47;31mpb[0m 7
6 [47;31m  [0m[40;31m  [0m[47;31m  [0m[40;31m  [0m[47;31m  [0m[40;31m  [0m[47;31m  [0m[40;31mnb[0m 6
5 [40;31m  [0m[47;31mnw[0m[40;31m  [0m[47;31m  [0m[40;31m  [0m[47;31m  [0m[40;31m  [0m[47;31m  [0m 5
4 [47;31m  [0m[40;31m  [0m[47;31m  [0m[40;31m  [0m[47;31m  [0m[40;31m  [0m[47;31m  [0m[40;31m  [0m 4
3 [40;31m  [0m[47;31m  [0m[40;31m  [0m[47;31m  [0m[40;31m  [0m[47;31m  [0m[40;31m  [0m[47;31m  [0m 3
2 [47;31mpw[0m[40;31mpw[0m[47;31mpw[0m[40;31mpw[0m[47;31mpw[0m[40;31mpw[0m[47;31mpw[0m[40;31mpw[0m 2
1 [40;31mrw[0m[47;31m  [0m[40;31mbw[0m[47;31mqw[0m[40;31mkw[0m[47;31mbw[0m[40;31mnw[0m[47;31mrw[0m 1
  a b c d e f g h 
3448083868
h6 -> g8 legal
h6 -> f5 legal
h6 -> g4 legal
a7 -> a6 legal
a7 -> a5 legal
b7 -> b6 legal
c7 -> c6 legal
c7 -> c5 legal
d7 -> d6 legal
d7 -> d5 legal
e7 -> e6 legal
e7 -> e5 legal
f7 -> f6 legal
f7 -> f5 legal
g7 -> g6 legal
g7 -> g5 legal
b8 -> c6 legal
b8 -> a6 legal
h8 -> g8 legal
  a b c d e f g h 
8 [47;31mrb[0m[40;31mnb[0m[47;31mbb[0m[40;31mqb[0m[47;31mkb[0m[40;31mbb[0m[47;31m  [0m[40;31mrb[0m 8
7 [40;31mpb[0m[47;31mpb[0m[40;31mpb[0m[47;31mpb[0m[40;31mpb[0m[47;31mpb[0m[40;31mpb[0m[47;31mpb[0m 7
6 [47;31m  [0m[40;31m  [0m[47;31m  [0m[40;31m  [0m[47;31m  [0m[40;31m  [0m[47;31m  [0m[40;31mnb[0m 6
5 [40;31m  [0m[47;31mnw[0m[40;31m  [0m[47;31m  [0m[40;31m  [0m[47;31m  [0m[40;31m  [0m[47;31m  [0m 5
4 [47;31m  [0m[40;31m  [0m[47;31m  [0m[40;31m  [0m[47;31m  [0m[40;31m  [0m[47;31m  [0m[40;31m  [0m 4
3 [40;31m  [0m[47;31m  [0m[40;31m  [0m[47;31m  [0m[40;31m  [0m[47;31m  [0m[40;31m  [0m[47;31m  [0m 3
2 [47;31mpw[0m[40;31mpw[0m[47;31mpw[0m[40;31mpw[0m[47;31mpw[0m[40;31mpw[0m[47;31mpw[0m[40;31mpw[0m 2
1 [40;31mrw[0m[47;31m  [0m[40;31mbw[0m[47;31mqw[0m[40;31mkw[0m[47;31mbw[0m[40;31mnw[0m[47;31mrw[0m 1
  a b c d e f g h 
3448083868
a7 -> a6   0
a7a6
[32;1m[Game] [0mPlayer's error code: 0
[32;1m[Game] [0mChecking move validity...
[32;1m[Board] [0mInitializing board...
[32;1m[Board] [0mLoading history file `championship/ashwathama-awesome-chess-ai/history.csv`...
[32;1m[Board] [0mLoaded 3 move(s).
[32;1m[Board] [0mLoading move file `championship/ashwathama-awesome-chess-ai/move.csv`...
[32;1m[Board] [0mBlack player is playing a7 to a6.
[32;1m[Board] [0m
[32;1m[Board] [0m    a b c d e f g h 
[32;1m[Board] [0m  -------------------
[32;1m[Board] [0m8 ||[30;1mr[0m|[30;1mk[0m|[30;1mb[0m|[30;1mQ[0m|[30;1mK[0m|[30;1mb[0m|[7;1m [0m|[30;1mr[0m|| 8
[32;1m[Board] [0m  -------------------
[32;1m[Board] [0m7 || |[30;1mp[0m|[30;1mp[0m|[30;1mp[0m|[30;1mp[0m|[30;1mp[0m|[30;1mp[0m|[30;1mp[0m|| 7
[32;1m[Board] [0m  -------------------
[32;1m[Board] [0m6 ||[30;1mp[0m| |[7;1m [0m| |[7;1m [0m| |[7;1m [0m|[30;1mk[0m|| 6
[32;1m[Board] [0m  -------------------
[32;1m[Board] [0m5 || |[0;1mk[0m| |[7;1m [0m| |[7;1m [0m| |[7;1m [0m|| 5
[32;1m[Board] [0m  -------------------
[32;1m[Board] [0m4 ||[7;1m [0m| |[7;1m [0m| |[7;1m [0m| |[7;1m [0m| || 4
[32;1m[Board] [0m  -------------------
[32;1m[Board] [0m3 || |[7;1m [0m| |[7;1m [0m| |[7;1m [0m| |[7;1m [0m|| 3
[32;1m[Board] [0m  -------------------
[32;1m[Board] [0m2 ||[0;1mp[0m|[0;1mp[0m|[0;1mp[0m|[0;1mp[0m|[0;1mp[0m|[0;1mp[0m|[0;1mp[0m|[0;1mp[0m|| 2
[32;1m[Board] [0m  -------------------
[32;1m[Board] [0m1 ||[0;1mr[0m|[7;1m [0m|[0;1mb[0m|[0;1mQ[0m|[0;1mK[0m|[0;1mb[0m|[0;1mk[0m|[0;1mr[0m|| 1
[32;1m[Board] [0m  -------------------
[32;1m[Board] [0m    a b c d e f g h
[32;1m[Board] [0m
[32;1m[Referee] [0mThis is the turn of the White player...
Chess Board after applying moves from: championship/ashwathama-awesome-chess-ai/history.csv
Successfully read 4 moves from the file.
     a   b   c   d   e   f   g   h  
   +---+---+---+---+---+---+---+---+
 8 | r | n | b | q | k | b | . | r | 8
   +---+---+---+---+---+---+---+---+
 7 | . | p | p | p | p | p | p | p | 7
   +---+---+---+---+---+---+---+---+
 6 | p | . | . | . | . | . | . | n | 6
   +---+---+---+---+---+---+---+---+
 5 | . | N | . | . | . | . | . | . | 5
   +---+---+---+---+---+---+---+---+
 4 | . | . | . | . | . | . | . | . | 4
   +---+---+---+---+---+---+---+---+
 3 | . | . | . | . | . | . | . | . | 3
   +---+---+---+---+---+---+---+---+
 2 | P | P | P | P | P | P | P | P | 2
   +---+---+---+---+---+---+---+---+
 1 | R | . | B | Q | K | B | N | R | 1
   +---+---+---+---+---+---+---+---+
     a   b   c   d   e   f   g   h  
Running alpha-beta search...
Best move: b5d4
Testing Random Move Generator:
Random move: g1h3
File reset and move written: b5d4
Next move written to: championship/ashwathama-awesome-chess-ai/move.csv
[32;1m[Game] [0mPlayer's error code: 0
[32;1m[Game] [0mChecking move validity...
[32;1m[Board] [0mInitializing board...
[32;1m[Board] [0mLoading history file `championship/ashwathama-awesome-chess-ai/history.csv`...
[32;1m[Board] [0mLoaded 4 move(s).
[32;1m[Board] [0mLoading move file `championship/ashwathama-awesome-chess-ai/move.csv`...
[32;1m[Board] [0mWhite player is playing b5 to d4.
[32;1m[Board] [0m
[32;1m[Board] [0m    a b c d e f g h 
[32;1m[Board] [0m  -------------------
[32;1m[Board] [0m8 ||[30;1mr[0m|[30;1mk[0m|[30;1mb[0m|[30;1mQ[0m|[30;1mK[0m|[30;1mb[0m|[7;1m [0m|[30;1mr[0m|| 8
[32;1m[Board] [0m  -------------------
[32;1m[Board] [0m7 || |[30;1mp[0m|[30;1mp[0m|[30;1mp[0m|[30;1mp[0m|[30;1mp[0m|[30;1mp[0m|[30;1mp[0m|| 7
[32;1m[Board] [0m  -------------------
[32;1m[Board] [0m6 ||[30;1mp[0m| |[7;1m [0m| |[7;1m [0m| |[7;1m [0m|[30;1mk[0m|| 6
[32;1m[Board] [0m  -------------------
[32;1m[Board] [0m5 || |[7;1m [0m| |[7;1m [0m| |[7;1m [0m| |[7;1m [0m|| 5
[32;1m[Board] [0m  -------------------
[32;1m[Board] [0m4 ||[7;1m [0m| |[7;1m [0m|[0;1mk[0m|[7;1m [0m| |[7;1m [0m| || 4
[32;1m[Board] [0m  -------------------
[32;1m[Board] [0m3 || |[7;1m [0m| |[7;1m [0m| |[7;1m [0m| |[7;1m [0m|| 3
[32;1m[Board] [0m  -------------------
[32;1m[Board] [0m2 ||[0;1mp[0m|[0;1mp[0m|[0;1mp[0m|[0;1mp[0m|[0;1mp[0m|[0;1mp[0m|[0;1mp[0m|[0;1mp[0m|| 2
[32;1m[Board] [0m  -------------------
[32;1m[Board] [0m1 ||[0;1mr[0m|[7;1m [0m|[0;1mb[0m|[0;1mQ[0m|[0;1mK[0m|[0;1mb[0m|[0;1mk[0m|[0;1mr[0m|| 1
[32;1m[Board] [0m  -------------------
[32;1m[Board] [0m    a b c d e f g h
[32;1m[Board] [0m
[32;1m[Referee] [0mThis is the turn of the Black player...
  a b c d e f g h 
8 [47;31mrb[0m[40;31mnb[0m[47;31mbb[0m[40;31mqb[0m[47;31mkb[0m[40;31mbb[0m[47;31m  [0m[40;31mrb[0m 8
7 [40;31m  [0m[47;31mpb[0m[40;31mpb[0m[47;31mpb[0m[40;31mpb[0m[47;31mpb[0m[40;31mpb[0m[47;31mpb[0m 7
6 [47;31mpb[0m[40;31m  [0m[47;31m  [0m[40;31m  [0m[47;31m  [0m[40;31m  [0m[47;31m  [0m[40;31mnb[0m 6
5 [40;31m  [0m[47;31m  [0m[40;31m  [0m[47;31m  [0m[40;31m  [0m[47;31m  [0m[40;31m  [0m[47;31m  [0m 5
4 [47;31m  [0m[40;31m  [0m[47;31m  [0m[40;31mnw[0m[47;31m  [0m[40;31m  [0m[47;31m  [0m[40;31m  [0m 4
3 [40;31m  [0m[47;31m  [0m[40;31m  [0m[47;31m  [0m[40;31m  [0m[47;31m  [0m[40;31m  [0m[47;31m  [0m 3
2 [47;31mpw[0m[40;31mpw[0m[47;31mpw[0m[40;31mpw[0m[47;31mpw[0m[40;31mpw[0m[47;31mpw[0m[40;31mpw[0m 2
1 [40;31mrw[0m[47;31m  [0m[40;31mbw[0m[47;31mqw[0m[40;31mkw[0m[47;31mbw[0m[40;31mnw[0m[47;31mrw[0m 1
  a b c d e f g h 
312621330
a6 -> a5 legal
h6 -> g8 legal
h6 -> f5 legal
h6 -> g4 legal
b7 -> b6 legal
b7 -> b5 legal
c7 -> c6 legal
c7 -> c5 legal
d7 -> d6 legal
d7 -> d5 legal
e7 -> e6 legal
e7 -> e5 legal
f7 -> f6 legal
f7 -> f5 legal
g7 -> g6 legal
g7 -> g5 legal
a8 -> a7 legal
b8 -> c6 legal
h8 -> g8 legal
  a b c d e f g h 
8 [47;31mrb[0m[40;31mnb[0m[47;31mbb[0m[40;31mqb[0m[47;31mkb[0m[40;31mbb[0m[47;31m  [0m[40;31mrb[0m 8
7 [40;31m  [0m[47;31mpb[0m[40;31mpb[0m[47;31mpb[0m[40;31mpb[0m[47;31mpb[0m[40;31mpb[0m[47;31mpb[0m 7
6 [47;31mpb[0m[40;31m  [0m[47;31m  [0m[40;31m  [0m[47;31m  [0m[40;31m  [0m[47;31m  [0m[40;31mnb[0m 6
5 [40;31m  [0m[47;31m  [0m[40;31m  [0m[47;31m  [0m[40;31m  [0m[47;31m  [0m[40;31m  [0m[47;31m  [0m 5
4 [47;31m  [0m[40;31m  [0m[47;31m  [0m[40;31mnw[0m[47;31m  [0m[40;31m  [0m[47;31m  [0m[40;31m  [0m 4
3 [40;31m  [0m[47;31m  [0m[40;31m  [0m[47;31m  [0m[40;31m  [0m[47;31m  [0m[40;31m  [0m[47;31m  [0m 3
2 [47;31mpw[0m[40;31mpw[0m[47;31mpw[0m[40;31mpw[0m[47;31mpw[0m[40;31mpw[0m[47;31mpw[0m[40;31mpw[0m 2
1 [40;31mrw[0m[47;31m  [0m[40;31mbw[0m[47;31mqw[0m[40;31mkw[0m[47;31mbw[0m[40;31mnw[0m[47;31mrw[0m 1
  a b c d e f g h 
312621330
h6 -> g4   0
h6g4
[32;1m[Game] [0mPlayer's error code: 0
[32;1m[Game] [0mChecking move validity...
[32;1m[Board] [0mInitializing board...
[32;1m[Board] [0mLoading history file `championship/ashwathama-awesome-chess-ai/history.csv`...
[32;1m[Board] [0mLoaded 5 move(s).
[32;1m[Board] [0mLoading move file `championship/ashwathama-awesome-chess-ai/move.csv`...
[32;1m[Board] [0mBlack player is playing h6 to g4.
[32;1m[Board] [0m
[32;1m[Board] [0m    a b c d e f g h 
[32;1m[Board] [0m  -------------------
[32;1m[Board] [0m8 ||[30;1mr[0m|[30;1mk[0m|[30;1mb[0m|[30;1mQ[0m|[30;1mK[0m|[30;1mb[0m|[7;1m [0m|[30;1mr[0m|| 8
[32;1m[Board] [0m  -------------------
[32;1m[Board] [0m7 || |[30;1mp[0m|[30;1mp[0m|[30;1mp[0m|[30;1mp[0m|[30;1mp[0m|[30;1mp[0m|[30;1mp[0m|| 7
[32;1m[Board] [0m  -------------------
[32;1m[Board] [0m6 ||[30;1mp[0m| |[7;1m [0m| |[7;1m [0m| |[7;1m [0m| || 6
[32;1m[Board] [0m  -------------------
[32;1m[Board] [0m5 || |[7;1m [0m| |[7;1m [0m| |[7;1m [0m| |[7;1m [0m|| 5
[32;1m[Board] [0m  -------------------
[32;1m[Board] [0m4 ||[7;1m [0m| |[7;1m [0m|[0;1mk[0m|[7;1m [0m| |[30;1mk[0m| || 4
[32;1m[Board] [0m  -------------------
[32;1m[Board] [0m3 || |[7;1m [0m| |[7;1m [0m| |[7;1m [0m| |[7;1m [0m|| 3
[32;1m[Board] [0m  -------------------
[32;1m[Board] [0m2 ||[0;1mp[0m|[0;1mp[0m|[0;1mp[0m|[0;1mp[0m|[0;1mp[0m|[0;1mp[0m|[0;1mp[0m|[0;1mp[0m|| 2
[32;1m[Board] [0m  -------------------
[32;1m[Board] [0m1 ||[0;1mr[0m|[7;1m [0m|[0;1mb[0m|[0;1mQ[0m|[0;1mK[0m|[0;1mb[0m|[0;1mk[0m|[0;1mr[0m|| 1
[32;1m[Board] [0m  -------------------
[32;1m[Board] [0m    a b c d e f g h
[32;1m[Board] [0m
[32;1m[Referee] [0mThis is the turn of the White player...
Chess Board after applying moves from: championship/ashwathama-awesome-chess-ai/history.csv
Successfully read 6 moves from the file.
     a   b   c   d   e   f   g   h  
   +---+---+---+---+---+---+---+---+
 8 | r | n | b | q | k | b | . | r | 8
   +---+---+---+---+---+---+---+---+
 7 | . | p | p | p | p | p | p | p | 7
   +---+---+---+---+---+---+---+---+
 6 | p | . | . | . | . | . | . | . | 6
   +---+---+---+---+---+---+---+---+
 5 | . | . | . | . | . | . | . | . | 5
   +---+---+---+---+---+---+---+---+
 4 | . | . | . | N | . | . | n | . | 4
   +---+---+---+---+---+---+---+---+
 3 | . | . | . | . | . | . | . | . | 3
   +---+---+---+---+---+---+---+---+
 2 | P | P | P | P | P | P | P | P | 2
   +---+---+---+---+---+---+---+---+
 1 | R | . | B | Q | K | B | N | R | 1
   +---+---+---+---+---+---+---+---+
     a   b   c   d   e   f   g   h  
Running alpha-beta search...
Best move: e2e4
Testing Random Move Generator:
Random move: a2a3
File reset and move written: e2e4
Next move written to: championship/ashwathama-awesome-chess-ai/move.csv
[32;1m[Game] [0mPlayer's error code: 0
[32;1m[Game] [0mChecking move validity...
[32;1m[Board] [0mInitializing board...
[32;1m[Board] [0mLoading history file `championship/ashwathama-awesome-chess-ai/history.csv`...
[32;1m[Board] [0mLoaded 6 move(s).
[32;1m[Board] [0mLoading move file `championship/ashwathama-awesome-chess-ai/move.csv`...
[32;1m[Board] [0mWhite player is playing e2 to e4.
[32;1m[Board] [0m
[32;1m[Board] [0m    a b c d e f g h 
[32;1m[Board] [0m  -------------------
[32;1m[Board] [0m8 ||[30;1mr[0m|[30;1mk[0m|[30;1mb[0m|[30;1mQ[0m|[30;1mK[0m|[30;1mb[0m|[7;1m [0m|[30;1mr[0m|| 8
[32;1m[Board] [0m  -------------------
[32;1m[Board] [0m7 || |[30;1mp[0m|[30;1mp[0m|[30;1mp[0m|[30;1mp[0m|[30;1mp[0m|[30;1mp[0m|[30;1mp[0m|| 7
[32;1m[Board] [0m  -------------------
[32;1m[Board] [0m6 ||[30;1mp[0m| |[7;1m [0m| |[7;1m [0m| |[7;1m [0m| || 6
[32;1m[Board] [0m  -------------------
[32;1m[Board] [0m5 || |[7;1m [0m| |[7;1m [0m| |[7;1m [0m| |[7;1m [0m|| 5
[32;1m[Board] [0m  -------------------
[32;1m[Board] [0m4 ||[7;1m [0m| |[7;1m [0m|[0;1mk[0m|[0;1mp[0m| |[30;1mk[0m| || 4
[32;1m[Board] [0m  -------------------
[32;1m[Board] [0m3 || |[7;1m [0m| |[7;1m [0m| |[7;1m [0m| |[7;1m [0m|| 3
[32;1m[Board] [0m  -------------------
[32;1m[Board] [0m2 ||[0;1mp[0m|[0;1mp[0m|[0;1mp[0m|[0;1mp[0m|[7;1m [0m|[0;1mp[0m|[0;1mp[0m|[0;1mp[0m|| 2
[32;1m[Board] [0m  -------------------
[32;1m[Board] [0m1 ||[0;1mr[0m|[7;1m [0m|[0;1mb[0m|[0;1mQ[0m|[0;1mK[0m|[0;1mb[0m|[0;1mk[0m|[0;1mr[0m|| 1
[32;1m[Board] [0m  -------------------
[32;1m[Board] [0m    a b c d e f g h
[32;1m[Board] [0m
[32;1m[Referee] [0mThis is the turn of the Black player...
  a b c d e f g h 
8 [47;31mrb[0m[40;31mnb[0m[47;31mbb[0m[40;31mqb[0m[47;31mkb[0m[40;31mbb[0m[47;31m  [0m[40;31mrb[0m 8
7 [40;31m  [0m[47;31mpb[0m[40;31mpb[0m[47;31mpb[0m[40;31mpb[0m[47;31mpb[0m[40;31mpb[0m[47;31mpb[0m 7
6 [47;31mpb[0m[40;31m  [0m[47;31m  [0m[40;31m  [0m[47;31m  [0m[40;31m  [0m[47;31m  [0m[40;31m  [0m 6
5 [40;31m  [0m[47;31m  [0m[40;31m  [0m[47;31m  [0m[40;31m  [0m[47;31m  [0m[40;31m  [0m[47;31m  [0m 5
4 [47;31m  [0m[40;31m  [0m[47;31m  [0m[40;31mnw[0m[47;31mpw[0m[40;31m  [0m[47;31mnb[0m[40;31m  [0m 4
3 [40;31m  [0m[47;31m  [0m[40;31m  [0m[47;31m  [0m[40;31m  [0m[47;31m  [0m[40;31m  [0m[47;31m  [0m 3
2 [47;31mpw[0m[40;31mpw[0m[47;31mpw[0m[40;31mpw[0m[47;31m  [0m[40;31mpw[0m[47;31mpw[0m[40;31mpw[0m 2
1 [40;31mrw[0m[47;31m  [0m[40;31mbw[0m[47;31mqw[0m[40;31mkw[0m[47;31mbw[0m[40;31mnw[0m[47;31mrw[0m 1
  a b c d e f g h 
746545955
g4 -> e5 legal
g4 -> f6 legal
g4 -> h6 legal
g4 -> e3 legal
g4 -> h2 X legal
g4 -> f2 X legal
a6 -> a5 legal
b7 -> b6 legal
b7 -> b5 legal
c7 -> c6 legal
c7 -> c5 legal
d7 -> d6 legal
d7 -> d5 legal
e7 -> e6 legal
e7 -> e5 legal
f7 -> f6 legal
f7 -> f5 legal
g7 -> g6 legal
g7 -> g5 legal
h7 -> h6 legal
h7 -> h5 legal
a8 -> a7 legal
b8 -> c6 legal
h8 -> g8 legal
  a b c d e f g h 
8 [47;31mrb[0m[40;31mnb[0m[47;31mbb[0m[40;31mqb[0m[47;31mkb[0m[40;31mbb[0m[47;31m  [0m[40;31mrb[0m 8
7 [40;31m  [0m[47;31mpb[0m[40;31mpb[0m[47;31mpb[0m[40;31mpb[0m[47;31mpb[0m[40;31mpb[0m[47;31mpb[0m 7
6 [47;31mpb[0m[40;31m  [0m[47;31m  [0m[40;31m  [0m[47;31m  [0m[40;31m  [0m[47;31m  [0m[40;31m  [0m 6
5 [40;31m  [0m[47;31m  [0m[40;31m  [0m[47;31m  [0m[40;31m  [0m[47;31m  [0m[40;31m  [0m[47;31m  [0m 5
4 [47;31m  [0m[40;31m  [0m[47;31m  [0m[40;31mnw[0m[47;31mpw[0m[40;31m  [0m[47;31mnb[0m[40;31m  [0m 4
3 [40;31m  [0m[47;31m  [0m[40;31m  [0m[47;31m  [0m[40;31m  [0m[47;31m  [0m[40;31m  [0m[47;31m  [0m 3
2 [47;31mpw[0m[40;31mpw[0m[47;31mpw[0m[40;31mpw[0m[47;31m  [0m[40;31mpw[0m[47;31mpw[0m[40;31mpw[0m 2
1 [40;31mrw[0m[47;31m  [0m[40;31mbw[0m[47;31mqw[0m[40;31mkw[0m[47;31mbw[0m[40;31mnw[0m[47;31mrw[0m 1
  a b c d e f g h 
746545955
c7 -> c5   0
c7c5
[32;1m[Game] [0mPlayer's error code: 0
[32;1m[Game] [0mChecking move validity...
[32;1m[Board] [0mInitializing board...
[32;1m[Board] [0mLoading history file `championship/ashwathama-awesome-chess-ai/history.csv`...
[32;1m[Board] [0mLoaded 7 move(s).
[32;1m[Board] [0mLoading move file `championship/ashwathama-awesome-chess-ai/move.csv`...
[32;1m[Board] [0mBlack player is playing c7 to c5.
[32;1m[Board] [0m
[32;1m[Board] [0m    a b c d e f g h 
[32;1m[Board] [0m  -------------------
[32;1m[Board] [0m8 ||[30;1mr[0m|[30;1mk[0m|[30;1mb[0m|[30;1mQ[0m|[30;1mK[0m|[30;1mb[0m|[7;1m [0m|[30;1mr[0m|| 8
[32;1m[Board] [0m  -------------------
[32;1m[Board] [0m7 || |[30;1mp[0m| |[30;1mp[0m|[30;1mp[0m|[30;1mp[0m|[30;1mp[0m|[30;1mp[0m|| 7
[32;1m[Board] [0m  -------------------
[32;1m[Board] [0m6 ||[30;1mp[0m| |[7;1m [0m| |[7;1m [0m| |[7;1m [0m| || 6
[32;1m[Board] [0m  -------------------
[32;1m[Board] [0m5 || |[7;1m [0m|[30;1mp[0m|[7;1m [0m| |[7;1m [0m| |[7;1m [0m|| 5
[32;1m[Board] [0m  -------------------
[32;1m[Board] [0m4 ||[7;1m [0m| |[7;1m [0m|[0;1mk[0m|[0;1mp[0m| |[30;1mk[0m| || 4
[32;1m[Board] [0m  -------------------
[32;1m[Board] [0m3 || |[7;1m [0m| |[7;1m [0m| |[7;1m [0m| |[7;1m [0m|| 3
[32;1m[Board] [0m  -------------------
[32;1m[Board] [0m2 ||[0;1mp[0m|[0;1mp[0m|[0;1mp[0m|[0;1mp[0m|[7;1m [0m|[0;1mp[0m|[0;1mp[0m|[0;1mp[0m|| 2
[32;1m[Board] [0m  -------------------
[32;1m[Board] [0m1 ||[0;1mr[0m|[7;1m [0m|[0;1mb[0m|[0;1mQ[0m|[0;1mK[0m|[0;1mb[0m|[0;1mk[0m|[0;1mr[0m|| 1
[32;1m[Board] [0m  -------------------
[32;1m[Board] [0m    a b c d e f g h
[32;1m[Board] [0m
[32;1m[Referee] [0mThis is the turn of the White player...
Chess Board after applying moves from: championship/ashwathama-awesome-chess-ai/history.csv
Successfully read 8 moves from the file.
     a   b   c   d   e   f   g   h  
   +---+---+---+---+---+---+---+---+
 8 | r | n | b | q | k | b | . | r | 8
   +---+---+---+---+---+---+---+---+
 7 | . | p | . | p | p | p | p | p | 7
   +---+---+---+---+---+---+---+---+
 6 | p | . | . | . | . | . | . | . | 6
   +---+---+---+---+---+---+---+---+
 5 | . | . | p | . | . | . | . | . | 5
   +---+---+---+---+---+---+---+---+
 4 | . | . | . | N | P | . | n | . | 4
   +---+---+---+---+---+---+---+---+
 3 | . | . | . | . | . | . | . | . | 3
   +---+---+---+---+---+---+---+---+
 2 | P | P | P | P | . | P | P | P | 2
   +---+---+---+---+---+---+---+---+
 1 | R | . | B | Q | K | B | N | R | 1
   +---+---+---+---+---+---+---+---+
     a   b   c   d   e   f   g   h  
Running alpha-beta search...
Best move: d4b3
Testing Random Move Generator:
Random move: d4b5
File reset and move written: d4b3
Next move written to: championship/ashwathama-awesome-chess-ai/move.csv
[32;1m[Game] [0mPlayer's error code: 0
[32;1m[Game] [0mChecking move validity...
[32;1m[Board] [0mInitializing board...
[32;1m[Board] [0mLoading history file `championship/ashwathama-awesome-chess-ai/history.csv`...
[32;1m[Board] [0mLoaded 8 move(s).
[32;1m[Board] [0mLoading move file `championship/ashwathama-awesome-chess-ai/move.csv`...
[32;1m[Board] [0mWhite player is playing d4 to b3.
[32;1m[Board] [0m
[32;1m[Board] [0m    a b c d e f g h 
[32;1m[Board] [0m  -------------------
[32;1m[Board] [0m8 ||[30;1mr[0m|[30;1mk[0m|[30;1mb[0m|[30;1mQ[0m|[30;1mK[0m|[30;1mb[0m|[7;1m [0m|[30;1mr[0m|| 8
[32;1m[Board] [0m  -------------------
[32;1m[Board] [0m7 || |[30;1mp[0m| |[30;1mp[0m|[30;1mp[0m|[30;1mp[0m|[30;1mp[0m|[30;1mp[0m|| 7
[32;1m[Board] [0m  -------------------
[32;1m[Board] [0m6 ||[30;1mp[0m| |[7;1m [0m| |[7;1m [0m| |[7;1m [0m| || 6
[32;1m[Board] [0m  -------------------
[32;1m[Board] [0m5 || |[7;1m [0m|[30;1mp[0m|[7;1m [0m| |[7;1m [0m| |[7;1m [0m|| 5
[32;1m[Board] [0m  -------------------
[32;1m[Board] [0m4 ||[7;1m [0m| |[7;1m [0m| |[0;1mp[0m| |[30;1mk[0m| || 4
[32;1m[Board] [0m  -------------------
[32;1m[Board] [0m3 || |[0;1mk[0m| |[7;1m [0m| |[7;1m [0m| |[7;1m [0m|| 3
[32;1m[Board] [0m  -------------------
[32;1m[Board] [0m2 ||[0;1mp[0m|[0;1mp[0m|[0;1mp[0m|[0;1mp[0m|[7;1m [0m|[0;1mp[0m|[0;1mp[0m|[0;1mp[0m|| 2
[32;1m[Board] [0m  -------------------
[32;1m[Board] [0m1 ||[0;1mr[0m|[7;1m [0m|[0;1mb[0m|[0;1mQ[0m|[0;1mK[0m|[0;1mb[0m|[0;1mk[0m|[0;1mr[0m|| 1
[32;1m[Board] [0m  -------------------
[32;1m[Board] [0m    a b c d e f g h
[32;1m[Board] [0m
[32;1m[Referee] [0mThis is the turn of the Black player...
  a b c d e f g h 
8 [47;31mrb[0m[40;31mnb[0m[47;31mbb[0m[40;31mqb[0m[47;31mkb[0m[40;31mbb[0m[47;31m  [0m[40;31mrb[0m 8
7 [40;31m  [0m[47;31mpb[0m[40;31m  [0m[47;31mpb[0m[40;31mpb[0m[47;31mpb[0m[40;31mpb[0m[47;31mpb[0m 7
6 [47;31mpb[0m[40;31m  [0m[47;31m  [0m[40;31m  [0m[47;31m  [0m[40;31m  [0m[47;31m  [0m[40;31m  [0m 6
5 [40;31m  [0m[47;31m  [0m[40;31mpb[0m[47;31m  [0m[40;31m  [0m[47;31m  [0m[40;31m  [0m[47;31m  [0m 5
4 [47;31m  [0m[40;31m  [0m[47;31m  [0m[40;31m  [0m[47;31mpw[0m[40;31m  [0m[47;31mnb[0m[40;31m  [0m 4
3 [40;31m  [0m[47;31mnw[0m[40;31m  [0m[47;31m  [0m[40;31m  [0m[47;31m  [0m[40;31m  [0m[47;31m  [0m 3
2 [47;31mpw[0m[40;31mpw[0m[47;31mpw[0m[40;31mpw[0m[47;31m  [0m[40;31mpw[0m[47;31mpw[0m[40;31mpw[0m 2
1 [40;31mrw[0m[47;31m  [0m[40;31mbw[0m[47;31mqw[0m[40;31mkw[0m[47;31mbw[0m[40;31mnw[0m[47;31mrw[0m 1
  a b c d e f g h 
935632434
g4 -> e5 legal
g4 -> f6 legal
g4 -> h6 legal
g4 -> e3 legal
g4 -> h2 X legal
g4 -> f2 X legal
c5 -> c4 legal
a6 -> a5 legal
b7 -> b6 legal
b7 -> b5 legal
d7 -> d6 legal
d7 -> d5 legal
e7 -> e6 legal
e7 -> e5 legal
f7 -> f6 legal
f7 -> f5 legal
g7 -> g6 legal
g7 -> g5 legal
h7 -> h6 legal
h7 -> h5 legal
a8 -> a7 legal
b8 -> c6 legal
d8 -> c7 legal
d8 -> b6 legal
d8 -> a5 legal
h8 -> g8 legal
  a b c d e f g h 
8 [47;31mrb[0m[40;31mnb[0m[47;31mbb[0m[40;31mqb[0m[47;31mkb[0m[40;31mbb[0m[47;31m  [0m[40;31mrb[0m 8
7 [40;31m  [0m[47;31mpb[0m[40;31m  [0m[47;31mpb[0m[40;31mpb[0m[47;31mpb[0m[40;31mpb[0m[47;31mpb[0m 7
6 [47;31mpb[0m[40;31m  [0m[47;31m  [0m[40;31m  [0m[47;31m  [0m[40;31m  [0m[47;31m  [0m[40;31m  [0m 6
5 [40;31m  [0m[47;31m  [0m[40;31mpb[0m[47;31m  [0m[40;31m  [0m[47;31m  [0m[40;31m  [0m[47;31m  [0m 5
4 [47;31m  [0m[40;31m  [0m[47;31m  [0m[40;31m  [0m[47;31mpw[0m[40;31m  [0m[47;31mnb[0m[40;31m  [0m 4
3 [40;31m  [0m[47;31mnw[0m[40;31m  [0m[47;31m  [0m[40;31m  [0m[47;31m  [0m[40;31m  [0m[47;31m  [0m 3
2 [47;31mpw[0m[40;31mpw[0m[47;31mpw[0m[40;31mpw[0m[47;31m  [0m[40;31mpw[0m[47;31mpw[0m[40;31mpw[0m 2
1 [40;31mrw[0m[47;31m  [0m[40;31mbw[0m[47;31mqw[0m[40;31mkw[0m[47;31mbw[0m[40;31mnw[0m[47;31mrw[0m 1
  a b c d e f g h 
935632434
e7 -> e6   0
e7e6
[32;1m[Game] [0mPlayer's error code: 0
[32;1m[Game] [0mChecking move validity...
[32;1m[Board] [0mInitializing board...
[32;1m[Board] [0mLoading history file `championship/ashwathama-awesome-chess-ai/history.csv`...
[32;1m[Board] [0mLoaded 9 move(s).
[32;1m[Board] [0mLoading move file `championship/ashwathama-awesome-chess-ai/move.csv`...
[32;1m[Board] [0mBlack player is playing e7 to e6.
[32;1m[Board] [0m
[32;1m[Board] [0m    a b c d e f g h 
[32;1m[Board] [0m  -------------------
[32;1m[Board] [0m8 ||[30;1mr[0m|[30;1mk[0m|[30;1mb[0m|[30;1mQ[0m|[30;1mK[0m|[30;1mb[0m|[7;1m [0m|[30;1mr[0m|| 8
[32;1m[Board] [0m  -------------------
[32;1m[Board] [0m7 || |[30;1mp[0m| |[30;1mp[0m| |[30;1mp[0m|[30;1mp[0m|[30;1mp[0m|| 7
[32;1m[Board] [0m  -------------------
[32;1m[Board] [0m6 ||[30;1mp[0m| |[7;1m [0m| |[30;1mp[0m| |[7;1m [0m| || 6
[32;1m[Board] [0m  -------------------
[32;1m[Board] [0m5 || |[7;1m [0m|[30;1mp[0m|[7;1m [0m| |[7;1m [0m| |[7;1m [0m|| 5
[32;1m[Board] [0m  -------------------
[32;1m[Board] [0m4 ||[7;1m [0m| |[7;1m [0m| |[0;1mp[0m| |[30;1mk[0m| || 4
[32;1m[Board] [0m  -------------------
[32;1m[Board] [0m3 || |[0;1mk[0m| |[7;1m [0m| |[7;1m [0m| |[7;1m [0m|| 3
[32;1m[Board] [0m  -------------------
[32;1m[Board] [0m2 ||[0;1mp[0m|[0;1mp[0m|[0;1mp[0m|[0;1mp[0m|[7;1m [0m|[0;1mp[0m|[0;1mp[0m|[0;1mp[0m|| 2
[32;1m[Board] [0m  -------------------
[32;1m[Board] [0m1 ||[0;1mr[0m|[7;1m [0m|[0;1mb[0m|[0;1mQ[0m|[0;1mK[0m|[0;1mb[0m|[0;1mk[0m|[0;1mr[0m|| 1
[32;1m[Board] [0m  -------------------
[32;1m[Board] [0m    a b c d e f g h
[32;1m[Board] [0m
[32;1m[Referee] [0mThis is the turn of the White player...
Chess Board after applying moves from: championship/ashwathama-awesome-chess-ai/history.csv
Successfully read 10 moves from the file.
     a   b   c   d   e   f   g   h  
   +---+---+---+---+---+---+---+---+
 8 | r | n | b | q | k | b | . | r | 8
   +---+---+---+---+---+---+---+---+
 7 | . | p | . | p | . | p | p | p | 7
   +---+---+---+---+---+---+---+---+
 6 | p | . | . | . | p | . | . | . | 6
   +---+---+---+---+---+---+---+---+
 5 | . | . | p | . | . | . | . | . | 5
   +---+---+---+---+---+---+---+---+
 4 | . | . | . | . | P | . | n | . | 4
   +---+---+---+---+---+---+---+---+
 3 | . | N | . | . | . | . | . | . | 3
   +---+---+---+---+---+---+---+---+
 2 | P | P | P | P | . | P | P | P | 2
   +---+---+---+---+---+---+---+---+
 1 | R | . | B | Q | K | B | N | R | 1
   +---+---+---+---+---+---+---+---+
     a   b   c   d   e   f   g   h  
Running alpha-beta search...
Best move: d1g4
Testing Random Move Generator:
Random move: g1h3
File reset and move written: d1g4
Next move written to: championship/ashwathama-awesome-chess-ai/move.csv
[32;1m[Game] [0mPlayer's error code: 0
[32;1m[Game] [0mChecking move validity...
[32;1m[Board] [0mInitializing board...
[32;1m[Board] [0mLoading history file `championship/ashwathama-awesome-chess-ai/history.csv`...
[32;1m[Board] [0mLoaded 10 move(s).
[32;1m[Board] [0mLoading move file `championship/ashwathama-awesome-chess-ai/move.csv`...
[32;1m[Board] [0mWhite player is playing d1 to g4.
[32;1m[Board] [0m[5;1mWhite Queen is taking Black Knight.[0m
[32;1m[Board] [0m
[32;1m[Board] [0m    a b c d e f g h 
[32;1m[Board] [0m  -------------------
[32;1m[Board] [0m8 ||[30;1mr[0m|[30;1mk[0m|[30;1mb[0m|[30;1mQ[0m|[30;1mK[0m|[30;1mb[0m|[7;1m [0m|[30;1mr[0m|| 8
[32;1m[Board] [0m  -------------------
[32;1m[Board] [0m7 || |[30;1mp[0m| |[30;1mp[0m| |[30;1mp[0m|[30;1mp[0m|[30;1mp[0m|| 7
[32;1m[Board] [0m  -------------------
[32;1m[Board] [0m6 ||[30;1mp[0m| |[7;1m [0m| |[30;1mp[0m| |[7;1m [0m| || 6
[32;1m[Board] [0m  -------------------
[32;1m[Board] [0m5 || |[7;1m [0m|[30;1mp[0m|[7;1m [0m| |[7;1m [0m| |[7;1m [0m|| 5
[32;1m[Board] [0m  -------------------
[32;1m[Board] [0m4 ||[7;1m [0m| |[7;1m [0m| |[0;1mp[0m| |[0;1mQ[0m| || 4
[32;1m[Board] [0m  -------------------
[32;1m[Board] [0m3 || |[0;1mk[0m| |[7;1m [0m| |[7;1m [0m| |[7;1m [0m|| 3
[32;1m[Board] [0m  -------------------
[32;1m[Board] [0m2 ||[0;1mp[0m|[0;1mp[0m|[0;1mp[0m|[0;1mp[0m|[7;1m [0m|[0;1mp[0m|[0;1mp[0m|[0;1mp[0m|| 2
[32;1m[Board] [0m  -------------------
[32;1m[Board] [0m1 ||[0;1mr[0m|[7;1m [0m|[0;1mb[0m|[7;1m [0m|[0;1mK[0m|[0;1mb[0m|[0;1mk[0m|[0;1mr[0m|| 1
[32;1m[Board] [0m  -------------------
[32;1m[Board] [0m    a b c d e f g h
[32;1m[Board] [0m
[32;1m[Referee] [0mThis is the turn of the Black player...
  a b c d e f g h 
8 [47;31mrb[0m[40;31mnb[0m[47;31mbb[0m[40;31mqb[0m[47;31mkb[0m[40;31mbb[0m[47;31m  [0m[40;31mrb[0m 8
7 [40;31m  [0m[47;31mpb[0m[40;31m  [0m[47;31mpb[0m[40;31m  [0m[47;31mpb[0m[40;31mpb[0m[47;31mpb[0m 7
6 [47;31mpb[0m[40;31m  [0m[47;31m  [0m[40;31m  [0m[47;31mpb[0m[40;31m  [0m[47;31m  [0m[40;31m  [0m 6
5 [40;31m  [0m[47;31m  [0m[40;31mpb[0m[47;31m  [0m[40;31m  [0m[47;31m  [0m[40;31m  [0m[47;31m  [0m 5
4 [47;31m  [0m[40;31m  [0m[47;31m  [0m[40;31m  [0m[47;31mpw[0m[40;31m  [0m[47;31mqw[0m[40;31m  [0m 4
3 [40;31m  [0m[47;31mnw[0m[40;31m  [0m[47;31m  [0m[40;31m  [0m[47;31m  [0m[40;31m  [0m[47;31m  [0m 3
2 [47;31mpw[0m[40;31mpw[0m[47;31mpw[0m[40;31mpw[0m[47;31m  [0m[40;31mpw[0m[47;31mpw[0m[40;31mpw[0m 2
1 [40;31mrw[0m[47;31m  [0m[40;31mbw[0m[47;31m  [0m[40;31mkw[0m[47;31mbw[0m[40;31mnw[0m[47;31mrw[0m 1
  a b c d e f g h 
1760697256
c5 -> c4 legal
a6 -> a5 legal
e6 -> e5 legal
b7 -> b6 legal
b7 -> b5 legal
d7 -> d6 legal
d7 -> d5 legal
f7 -> f6 legal
f7 -> f5 legal
g7 -> g6 legal
g7 -> g5 legal
h7 -> h6 legal
h7 -> h5 legal
a8 -> a7 legal
b8 -> c6 legal
d8 -> c7 legal
d8 -> b6 legal
d8 -> a5 legal
d8 -> e7 legal
d8 -> f6 legal
d8 -> g5 legal
d8 -> h4 legal
e8 -> e7 legal
f8 -> e7 legal
f8 -> d6 legal
h8 -> g8 legal
  a b c d e f g h 
8 [47;31mrb[0m[40;31mnb[0m[47;31mbb[0m[40;31mqb[0m[47;31mkb[0m[40;31mbb[0m[47;31m  [0m[40;31mrb[0m 8
7 [40;31m  [0m[47;31mpb[0m[40;31m  [0m[47;31mpb[0m[40;31m  [0m[47;31mpb[0m[40;31mpb[0m[47;31mpb[0m 7
6 [47;31mpb[0m[40;31m  [0m[47;31m  [0m[40;31m  [0m[47;31mpb[0m[40;31m  [0m[47;31m  [0m[40;31m  [0m 6
5 [40;31m  [0m[47;31m  [0m[40;31mpb[0m[47;31m  [0m[40;31m  [0m[47;31m  [0m[40;31m  [0m[47;31m  [0m 5
4 [47;31m  [0m[40;31m  [0m[47;31m  [0m[40;31m  [0m[47;31mpw[0m[40;31m  [0m[47;31mqw[0m[40;31m  [0m 4
3 [40;31m  [0m[47;31mnw[0m[40;31m  [0m[47;31m  [0m[40;31m  [0m[47;31m  [0m[40;31m  [0m[47;31m  [0m 3
2 [47;31mpw[0m[40;31mpw[0m[47;31mpw[0m[40;31mpw[0m[47;31m  [0m[40;31mpw[0m[47;31mpw[0m[40;31mpw[0m 2
1 [40;31mrw[0m[47;31m  [0m[40;31mbw[0m[47;31m  [0m[40;31mkw[0m[47;31mbw[0m[40;31mnw[0m[47;31mrw[0m 1
  a b c d e f g h 
1760697256
d8 -> c7   0
d8c7
[32;1m[Game] [0mPlayer's error code: 0
[32;1m[Game] [0mChecking move validity...
[32;1m[Board] [0mInitializing board...
[32;1m[Board] [0mLoading history file `championship/ashwathama-awesome-chess-ai/history.csv`...
[32;1m[Board] [0mLoaded 11 move(s).
[32;1m[Board] [0mLoading move file `championship/ashwathama-awesome-chess-ai/move.csv`...
[32;1m[Board] [0mBlack player is playing d8 to c7.
[32;1m[Board] [0m
[32;1m[Board] [0m    a b c d e f g h 
[32;1m[Board] [0m  -------------------
[32;1m[Board] [0m8 ||[30;1mr[0m|[30;1mk[0m|[30;1mb[0m| |[30;1mK[0m|[30;1mb[0m|[7;1m [0m|[30;1mr[0m|| 8
[32;1m[Board] [0m  -------------------
[32;1m[Board] [0m7 || |[30;1mp[0m|[30;1mQ[0m|[30;1mp[0m| |[30;1mp[0m|[30;1mp[0m|[30;1mp[0m|| 7
[32;1m[Board] [0m  -------------------
[32;1m[Board] [0m6 ||[30;1mp[0m| |[7;1m [0m| |[30;1mp[0m| |[7;1m [0m| || 6
[32;1m[Board] [0m  -------------------
[32;1m[Board] [0m5 || |[7;1m [0m|[30;1mp[0m|[7;1m [0m| |[7;1m [0m| |[7;1m [0m|| 5
[32;1m[Board] [0m  -------------------
[32;1m[Board] [0m4 ||[7;1m [0m| |[7;1m [0m| |[0;1mp[0m| |[0;1mQ[0m| || 4
[32;1m[Board] [0m  -------------------
[32;1m[Board] [0m3 || |[0;1mk[0m| |[7;1m [0m| |[7;1m [0m| |[7;1m [0m|| 3
[32;1m[Board] [0m  -------------------
[32;1m[Board] [0m2 ||[0;1mp[0m|[0;1mp[0m|[0;1mp[0m|[0;1mp[0m|[7;1m [0m|[0;1mp[0m|[0;1mp[0m|[0;1mp[0m|| 2
[32;1m[Board] [0m  -------------------
[32;1m[Board] [0m1 ||[0;1mr[0m|[7;1m [0m|[0;1mb[0m|[7;1m [0m|[0;1mK[0m|[0;1mb[0m|[0;1mk[0m|[0;1mr[0m|| 1
[32;1m[Board] [0m  -------------------
[32;1m[Board] [0m    a b c d e f g h
[32;1m[Board] [0m
[32;1m[Referee] [0mThis is the turn of the White player...
Chess Board after applying moves from: championship/ashwathama-awesome-chess-ai/history.csv
Successfully read 12 moves from the file.
     a   b   c   d   e   f   g   h  
   +---+---+---+---+---+---+---+---+
 8 | r | n | b | . | k | b | . | r | 8
   +---+---+---+---+---+---+---+---+
 7 | . | p | q | p | . | p | p | p | 7
   +---+---+---+---+---+---+---+---+
 6 | p | . | . | . | p | . | . | . | 6
   +---+---+---+---+---+---+---+---+
 5 | . | . | p | . | . | . | . | . | 5
   +---+---+---+---+---+---+---+---+
 4 | . | . | . | . | P | . | Q | . | 4
   +---+---+---+---+---+---+---+---+
 3 | . | N | . | . | . | . | . | . | 3
   +---+---+---+---+---+---+---+---+
 2 | P | P | P | P | . | P | P | P | 2
   +---+---+---+---+---+---+---+---+
 1 | R | . | B | . | K | B | N | R | 1
   +---+---+---+---+---+---+---+---+
     a   b   c   d   e   f   g   h  
Running alpha-beta search...
Best move: g1f3
Testing Random Move Generator:
Random move: d2d3
File reset and move written: g1f3
Next move written to: championship/ashwathama-awesome-chess-ai/move.csv
[32;1m[Game] [0mPlayer's error code: 0
[32;1m[Game] [0mChecking move validity...
[32;1m[Board] [0mInitializing board...
[32;1m[Board] [0mLoading history file `championship/ashwathama-awesome-chess-ai/history.csv`...
[32;1m[Board] [0mLoaded 12 move(s).
[32;1m[Board] [0mLoading move file `championship/ashwathama-awesome-chess-ai/move.csv`...
[32;1m[Board] [0mWhite player is playing g1 to f3.
[32;1m[Board] [0m
[32;1m[Board] [0m    a b c d e f g h 
[32;1m[Board] [0m  -------------------
[32;1m[Board] [0m8 ||[30;1mr[0m|[30;1mk[0m|[30;1mb[0m| |[30;1mK[0m|[30;1mb[0m|[7;1m [0m|[30;1mr[0m|| 8
[32;1m[Board] [0m  -------------------
[32;1m[Board] [0m7 || |[30;1mp[0m|[30;1mQ[0m|[30;1mp[0m| |[30;1mp[0m|[30;1mp[0m|[30;1mp[0m|| 7
[32;1m[Board] [0m  -------------------
[32;1m[Board] [0m6 ||[30;1mp[0m| |[7;1m [0m| |[30;1mp[0m| |[7;1m [0m| || 6
[32;1m[Board] [0m  -------------------
[32;1m[Board] [0m5 || |[7;1m [0m|[30;1mp[0m|[7;1m [0m| |[7;1m [0m| |[7;1m [0m|| 5
[32;1m[Board] [0m  -------------------
[32;1m[Board] [0m4 ||[7;1m [0m| |[7;1m [0m| |[0;1mp[0m| |[0;1mQ[0m| || 4
[32;1m[Board] [0m  -------------------
[32;1m[Board] [0m3 || |[0;1mk[0m| |[7;1m [0m| |[0;1mk[0m| |[7;1m [0m|| 3
[32;1m[Board] [0m  -------------------
[32;1m[Board] [0m2 ||[0;1mp[0m|[0;1mp[0m|[0;1mp[0m|[0;1mp[0m|[7;1m [0m|[0;1mp[0m|[0;1mp[0m|[0;1mp[0m|| 2
[32;1m[Board] [0m  -------------------
[32;1m[Board] [0m1 ||[0;1mr[0m|[7;1m [0m|[0;1mb[0m|[7;1m [0m|[0;1mK[0m|[0;1mb[0m| |[0;1mr[0m|| 1
[32;1m[Board] [0m  -------------------
[32;1m[Board] [0m    a b c d e f g h
[32;1m[Board] [0m
[32;1m[Referee] [0mThis is the turn of the Black player...
  a b c d e f g h 
8 [47;31mrb[0m[40;31mnb[0m[47;31mbb[0m[40;31m  [0m[47;31mkb[0m[40;31mbb[0m[47;31m  [0m[40;31mrb[0m 8
7 [40;31m  [0m[47;31mpb[0m[40;31mqb[0m[47;31mpb[0m[40;31m  [0m[47;31mpb[0m[40;31mpb[0m[47;31mpb[0m 7
6 [47;31mpb[0m[40;31m  [0m[47;31m  [0m[40;31m  [0m[47;31mpb[0m[40;31m  [0m[47;31m  [0m[40;31m  [0m 6
5 [40;31m  [0m[47;31m  [0m[40;31mpb[0m[47;31m  [0m[40;31m  [0m[47;31m  [0m[40;31m  [0m[47;31m  [0m 5
4 [47;31m  [0m[40;31m  [0m[47;31m  [0m[40;31m  [0m[47;31mpw[0m[40;31m  [0m[47;31mqw[0m[40;31m  [0m 4
3 [40;31m  [0m[47;31mnw[0m[40;31m  [0m[47;31m  [0m[40;31m  [0m[47;31mnw[0m[40;31m  [0m[47;31m  [0m 3
2 [47;31mpw[0m[40;31mpw[0m[47;31mpw[0m[40;31mpw[0m[47;31m  [0m[40;31mpw[0m[47;31mpw[0m[40;31mpw[0m 2
1 [40;31mrw[0m[47;31m  [0m[40;31mbw[0m[47;31m  [0m[40;31mkw[0m[47;31mbw[0m[40;31m  [0m[47;31mrw[0m 1
  a b c d e f g h 
3605698355
c5 -> c4 legal
a6 -> a5 legal
e6 -> e5 legal
b7 -> b6 legal
b7 -> b5 legal
c7 -> c6 legal
c7 -> d8 legal
c7 -> b6 legal
c7 -> a5 legal
c7 -> d6 legal
c7 -> e5 legal
c7 -> f4 legal
c7 -> g3 legal
c7 -> h2 X legal
d7 -> d6 legal
d7 -> d5 legal
f7 -> f6 legal
f7 -> f5 legal
g7 -> g6 legal
g7 -> g5 legal
h7 -> h6 legal
h7 -> h5 legal
a8 -> a7 legal
b8 -> c6 legal
e8 -> d8 legal
e8 -> e7 legal
f8 -> e7 legal
f8 -> d6 legal
h8 -> g8 legal
  a b c d e f g h 
8 [47;31mrb[0m[40;31mnb[0m[47;31mbb[0m[40;31m  [0m[47;31mkb[0m[40;31mbb[0m[47;31m  [0m[40;31mrb[0m 8
7 [40;31m  [0m[47;31mpb[0m[40;31mqb[0m[47;31mpb[0m[40;31m  [0m[47;31mpb[0m[40;31mpb[0m[47;31mpb[0m 7
6 [47;31mpb[0m[40;31m  [0m[47;31m  [0m[40;31m  [0m[47;31mpb[0m[40;31m  [0m[47;31m  [0m[40;31m  [0m 6
5 [40;31m  [0m[47;31m  [0m[40;31mpb[0m[47;31m  [0m[40;31m  [0m[47;31m  [0m[40;31m  [0m[47;31m  [0m 5
4 [47;31m  [0m[40;31m  [0m[47;31m  [0m[40;31m  [0m[47;31mpw[0m[40;31m  [0m[47;31mqw[0m[40;31m  [0m 4
3 [40;31m  [0m[47;31mnw[0m[40;31m  [0m[47;31m  [0m[40;31m  [0m[47;31mnw[0m[40;31m  [0m[47;31m  [0m 3
2 [47;31mpw[0m[40;31mpw[0m[47;31mpw[0m[40;31mpw[0m[47;31m  [0m[40;31mpw[0m[47;31mpw[0m[40;31mpw[0m 2
1 [40;31mrw[0m[47;31m  [0m[40;31mbw[0m[47;31m  [0m[40;31mkw[0m[47;31mbw[0m[40;31m  [0m[47;31mrw[0m 1
  a b c d e f g h 
3605698355
e8 -> d8   0
e8d8
[32;1m[Game] [0mPlayer's error code: 0
[32;1m[Game] [0mChecking move validity...
[32;1m[Board] [0mInitializing board...
[32;1m[Board] [0mLoading history file `championship/ashwathama-awesome-chess-ai/history.csv`...
[32;1m[Board] [0mLoaded 13 move(s).
[32;1m[Board] [0mLoading move file `championship/ashwathama-awesome-chess-ai/move.csv`...
[32;1m[Board] [0mBlack player is playing e8 to d8.
[32;1m[Board] [0m
[32;1m[Board] [0m    a b c d e f g h 
[32;1m[Board] [0m  -------------------
[32;1m[Board] [0m8 ||[30;1mr[0m|[30;1mk[0m|[30;1mb[0m|[30;1mK[0m|[7;1m [0m|[30;1mb[0m|[7;1m [0m|[30;1mr[0m|| 8
[32;1m[Board] [0m  -------------------
[32;1m[Board] [0m7 || |[30;1mp[0m|[30;1mQ[0m|[30;1mp[0m| |[30;1mp[0m|[30;1mp[0m|[30;1mp[0m|| 7
[32;1m[Board] [0m  -------------------
[32;1m[Board] [0m6 ||[30;1mp[0m| |[7;1m [0m| |[30;1mp[0m| |[7;1m [0m| || 6
[32;1m[Board] [0m  -------------------
[32;1m[Board] [0m5 || |[7;1m [0m|[30;1mp[0m|[7;1m [0m| |[7;1m [0m| |[7;1m [0m|| 5
[32;1m[Board] [0m  -------------------
[32;1m[Board] [0m4 ||[7;1m [0m| |[7;1m [0m| |[0;1mp[0m| |[0;1mQ[0m| || 4
[32;1m[Board] [0m  -------------------
[32;1m[Board] [0m3 || |[0;1mk[0m| |[7;1m [0m| |[0;1mk[0m| |[7;1m [0m|| 3
[32;1m[Board] [0m  -------------------
[32;1m[Board] [0m2 ||[0;1mp[0m|[0;1mp[0m|[0;1mp[0m|[0;1mp[0m|[7;1m [0m|[0;1mp[0m|[0;1mp[0m|[0;1mp[0m|| 2
[32;1m[Board] [0m  -------------------
[32;1m[Board] [0m1 ||[0;1mr[0m|[7;1m [0m|[0;1mb[0m|[7;1m [0m|[0;1mK[0m|[0;1mb[0m| |[0;1mr[0m|| 1
[32;1m[Board] [0m  -------------------
[32;1m[Board] [0m    a b c d e f g h
[32;1m[Board] [0m
[32;1m[Referee] [0mThis is the turn of the White player...
Chess Board after applying moves from: championship/ashwathama-awesome-chess-ai/history.csv
Successfully read 14 moves from the file.
     a   b   c   d   e   f   g   h  
   +---+---+---+---+---+---+---+---+
 8 | r | n | b | k | . | b | . | r | 8
   +---+---+---+---+---+---+---+---+
 7 | . | p | q | p | . | p | p | p | 7
   +---+---+---+---+---+---+---+---+
 6 | p | . | . | . | p | . | . | . | 6
   +---+---+---+---+---+---+---+---+
 5 | . | . | p | . | . | . | . | . | 5
   +---+---+---+---+---+---+---+---+
 4 | . | . | . | . | P | . | Q | . | 4
   +---+---+---+---+---+---+---+---+
 3 | . | N | . | . | . | N | . | . | 3
   +---+---+---+---+---+---+---+---+
 2 | P | P | P | P | . | P | P | P | 2
   +---+---+---+---+---+---+---+---+
 1 | R | . | B | . | K | B | . | R | 1
   +---+---+---+---+---+---+---+---+
     a   b   c   d   e   f   g   h  
Running alpha-beta search...
Best move: g4g5
Testing Random Move Generator:
Random move: g4h4
File reset and move written: g4g5
Next move written to: championship/ashwathama-awesome-chess-ai/move.csv
[32;1m[Game] [0mPlayer's error code: 0
[32;1m[Game] [0mChecking move validity...
[32;1m[Board] [0mInitializing board...
[32;1m[Board] [0mLoading history file `championship/ashwathama-awesome-chess-ai/history.csv`...
[32;1m[Board] [0mLoaded 14 move(s).
[32;1m[Board] [0mLoading move file `championship/ashwathama-awesome-chess-ai/move.csv`...
[32;1m[Board] [0mWhite player is playing g4 to g5.
[32;1m[Board] [0m
[32;1m[Board] [0m    a b c d e f g h 
[32;1m[Board] [0m  -------------------
[32;1m[Board] [0m8 ||[30;1mr[0m|[30;1mk[0m|[30;1mb[0m|[30;1mK[0m|[7;1m [0m|[30;1mb[0m|[7;1m [0m|[30;1mr[0m|| 8
[32;1m[Board] [0m  -------------------
[32;1m[Board] [0m7 || |[30;1mp[0m|[30;1mQ[0m|[30;1mp[0m| |[30;1mp[0m|[30;1mp[0m|[30;1mp[0m|| 7
[32;1m[Board] [0m  -------------------
[32;1m[Board] [0m6 ||[30;1mp[0m| |[7;1m [0m| |[30;1mp[0m| |[7;1m [0m| || 6
[32;1m[Board] [0m  -------------------
[32;1m[Board] [0m5 || |[7;1m [0m|[30;1mp[0m|[7;1m [0m| |[7;1m [0m|[0;1mQ[0m|[7;1m [0m|| 5
[32;1m[Board] [0m  -------------------
[32;1m[Board] [0m4 ||[7;1m [0m| |[7;1m [0m| |[0;1mp[0m| |[7;1m [0m| || 4
[32;1m[Board] [0m  -------------------
[32;1m[Board] [0m3 || |[0;1mk[0m| |[7;1m [0m| |[0;1mk[0m| |[7;1m [0m|| 3
[32;1m[Board] [0m  -------------------
[32;1m[Board] [0m2 ||[0;1mp[0m|[0;1mp[0m|[0;1mp[0m|[0;1mp[0m|[7;1m [0m|[0;1mp[0m|[0;1mp[0m|[0;1mp[0m|| 2
[32;1m[Board] [0m  -------------------
[32;1m[Board] [0m1 ||[0;1mr[0m|[7;1m [0m|[0;1mb[0m|[7;1m [0m|[0;1mK[0m|[0;1mb[0m| |[0;1mr[0m|| 1
[32;1m[Board] [0m  -------------------
[32;1m[Board] [0m    a b c d e f g h
[32;1m[Board] [0m
[32;1m[Referee] [0mThis is the turn of the Black player...
[32;1m[Board] [0m[33;1m[WARNING][0m [5;1mBlack King in check![0m
[32;1m[Board] [0m[33;1m[WARNING][0m    Threatened by White Queen (g5)
  a b c d e f g h 
8 [47;31mrb[0m[40;31mnb[0m[47;31mbb[0m[40;31mkb[0m[47;31m  [0m[40;31mbb[0m[47;31m  [0m[40;31mrb[0m 8
7 [40;31m  [0m[47;31mpb[0m[40;31mqb[0m[47;31mpb[0m[40;31m  [0m[47;31mpb[0m[40;31mpb[0m[47;31mpb[0m 7
6 [47;31mpb[0m[40;31m  [0m[47;31m  [0m[40;31m  [0m[47;31mpb[0m[40;31m  [0m[47;31m  [0m[40;31m  [0m 6
5 [40;31m  [0m[47;31m  [0m[40;31mpb[0m[47;31m  [0m[40;31m  [0m[47;31m  [0m[40;31mqw[0m[47;31m  [0m 5
4 [47;31m  [0m[40;31m  [0m[47;31m  [0m[40;31m  [0m[47;31mpw[0m[40;31m  [0m[47;31m  [0m[40;31m  [0m 4
3 [40;31m  [0m[47;31mnw[0m[40;31m  [0m[47;31m  [0m[40;31m  [0m[47;31mnw[0m[40;31m  [0m[47;31m  [0m 3
2 [47;31mpw[0m[40;31mpw[0m[47;31mpw[0m[40;31mpw[0m[47;31m  [0m[40;31mpw[0m[47;31mpw[0m[40;31mpw[0m 2
1 [40;31mrw[0m[47;31m  [0m[40;31mbw[0m[47;31m  [0m[40;31mkw[0m[47;31mbw[0m[40;31m  [0m[47;31mrw[0m 1
  a b c d e f g h 
4122129028
c5 -> c4
a6 -> a5
e6 -> e5
b7 -> b6
b7 -> b5
c7 -> c6
c7 -> b6
c7 -> a5
c7 -> d6
c7 -> e5
c7 -> f4
c7 -> g3
c7 -> h2 X
d7 -> d6
d7 -> d5
f7 -> f6 legal
f7 -> f5
g7 -> g6
h7 -> h6
h7 -> h5
a8 -> a7
b8 -> c6
d8 -> e8 legal
d8 -> e7
f8 -> e7 legal
f8 -> d6
h8 -> g8
  a b c d e f g h 
8 [47;31mrb[0m[40;31mnb[0m[47;31mbb[0m[40;31mkb[0m[47;31m  [0m[40;31mbb[0m[47;31m  [0m[40;31mrb[0m 8
7 [40;31m  [0m[47;31mpb[0m[40;31mqb[0m[47;31mpb[0m[40;31m  [0m[47;31mpb[0m[40;31mpb[0m[47;31mpb[0m 7
6 [47;31mpb[0m[40;31m  [0m[47;31m  [0m[40;31m  [0m[47;31mpb[0m[40;31m  [0m[47;31m  [0m[40;31m  [0m 6
5 [40;31m  [0m[47;31m  [0m[40;31mpb[0m[47;31m  [0m[40;31m  [0m[47;31m  [0m[40;31mqw[0m[47;31m  [0m 5
4 [47;31m  [0m[40;31m  [0m[47;31m  [0m[40;31m  [0m[47;31mpw[0m[40;31m  [0m[47;31m  [0m[40;31m  [0m 4
3 [40;31m  [0m[47;31mnw[0m[40;31m  [0m[47;31m  [0m[40;31m  [0m[47;31mnw[0m[40;31m  [0m[47;31m  [0m 3
2 [47;31mpw[0m[40;31mpw[0m[47;31mpw[0m[40;31mpw[0m[47;31m  [0m[40;31mpw[0m[47;31mpw[0m[40;31mpw[0m 2
1 [40;31mrw[0m[47;31m  [0m[40;31mbw[0m[47;31m  [0m[40;31mkw[0m[47;31mbw[0m[40;31m  [0m[47;31mrw[0m 1
  a b c d e f g h 
4122129028
d8 -> e8   0
d8e8
[32;1m[Game] [0mPlayer's error code: 0
[32;1m[Game] [0mChecking move validity...
[32;1m[Board] [0mInitializing board...
[32;1m[Board] [0mLoading history file `championship/ashwathama-awesome-chess-ai/history.csv`...
[32;1m[Board] [0mLoaded 15 move(s).
[32;1m[Board] [0mLoading move file `championship/ashwathama-awesome-chess-ai/move.csv`...
[32;1m[Board] [0mBlack player is playing d8 to e8.
[32;1m[Board] [0m
[32;1m[Board] [0m    a b c d e f g h 
[32;1m[Board] [0m  -------------------
[32;1m[Board] [0m8 ||[30;1mr[0m|[30;1mk[0m|[30;1mb[0m| |[30;1mK[0m|[30;1mb[0m|[7;1m [0m|[30;1mr[0m|| 8
[32;1m[Board] [0m  -------------------
[32;1m[Board] [0m7 || |[30;1mp[0m|[30;1mQ[0m|[30;1mp[0m| |[30;1mp[0m|[30;1mp[0m|[30;1mp[0m|| 7
[32;1m[Board] [0m  -------------------
[32;1m[Board] [0m6 ||[30;1mp[0m| |[7;1m [0m| |[30;1mp[0m| |[7;1m [0m| || 6
[32;1m[Board] [0m  -------------------
[32;1m[Board] [0m5 || |[7;1m [0m|[30;1mp[0m|[7;1m [0m| |[7;1m [0m|[0;1mQ[0m|[7;1m [0m|| 5
[32;1m[Board] [0m  -------------------
[32;1m[Board] [0m4 ||[7;1m [0m| |[7;1m [0m| |[0;1mp[0m| |[7;1m [0m| || 4
[32;1m[Board] [0m  -------------------
[32;1m[Board] [0m3 || |[0;1mk[0m| |[7;1m [0m| |[0;1mk[0m| |[7;1m [0m|| 3
[32;1m[Board] [0m  -------------------
[32;1m[Board] [0m2 ||[0;1mp[0m|[0;1mp[0m|[0;1mp[0m|[0;1mp[0m|[7;1m [0m|[0;1mp[0m|[0;1mp[0m|[0;1mp[0m|| 2
[32;1m[Board] [0m  -------------------
[32;1m[Board] [0m1 ||[0;1mr[0m|[7;1m [0m|[0;1mb[0m|[7;1m [0m|[0;1mK[0m|[0;1mb[0m| |[0;1mr[0m|| 1
[32;1m[Board] [0m  -------------------
[32;1m[Board] [0m    a b c d e f g h
[32;1m[Board] [0m
[32;1m[Referee] [0mThis is the turn of the White player...
Chess Board after applying moves from: championship/ashwathama-awesome-chess-ai/history.csv
Successfully read 16 moves from the file.
     a   b   c   d   e   f   g   h  
   +---+---+---+---+---+---+---+---+
 8 | r | n | b | . | k | b | . | r | 8
   +---+---+---+---+---+---+---+---+
 7 | . | p | q | p | . | p | p | p | 7
   +---+---+---+---+---+---+---+---+
 6 | p | . | . | . | p | . | . | . | 6
   +---+---+---+---+---+---+---+---+
 5 | . | . | p | . | . | . | Q | . | 5
   +---+---+---+---+---+---+---+---+
 4 | . | . | . | . | P | . | . | . | 4
   +---+---+---+---+---+---+---+---+
 3 | . | N | . | . | . | N | . | . | 3
   +---+---+---+---+---+---+---+---+
 2 | P | P | P | P | . | P | P | P | 2
   +---+---+---+---+---+---+---+---+
 1 | R | . | B | . | K | B | . | R | 1
   +---+---+---+---+---+---+---+---+
     a   b   c   d   e   f   g   h  
Running alpha-beta search...
Best move: b3c5
Testing Random Move Generator:
Random move: g2g3
File reset and move written: b3c5
Next move written to: championship/ashwathama-awesome-chess-ai/move.csv
[32;1m[Game] [0mPlayer's error code: 0
[32;1m[Game] [0mChecking move validity...
[32;1m[Board] [0mInitializing board...
[32;1m[Board] [0mLoading history file `championship/ashwathama-awesome-chess-ai/history.csv`...
[32;1m[Board] [0mLoaded 16 move(s).
[32;1m[Board] [0mLoading move file `championship/ashwathama-awesome-chess-ai/move.csv`...
[32;1m[Board] [0mWhite player is playing b3 to c5.
[32;1m[Board] [0m[5;1mWhite Knight is taking Black Pawn.[0m
[32;1m[Board] [0m
[32;1m[Board] [0m    a b c d e f g h 
[32;1m[Board] [0m  -------------------
[32;1m[Board] [0m8 ||[30;1mr[0m|[30;1mk[0m|[30;1mb[0m| |[30;1mK[0m|[30;1mb[0m|[7;1m [0m|[30;1mr[0m|| 8
[32;1m[Board] [0m  -------------------
[32;1m[Board] [0m7 || |[30;1mp[0m|[30;1mQ[0m|[30;1mp[0m| |[30;1mp[0m|[30;1mp[0m|[30;1mp[0m|| 7
[32;1m[Board] [0m  -------------------
[32;1m[Board] [0m6 ||[30;1mp[0m| |[7;1m [0m| |[30;1mp[0m| |[7;1m [0m| || 6
[32;1m[Board] [0m  -------------------
[32;1m[Board] [0m5 || |[7;1m [0m|[0;1mk[0m|[7;1m [0m| |[7;1m [0m|[0;1mQ[0m|[7;1m [0m|| 5
[32;1m[Board] [0m  -------------------
[32;1m[Board] [0m4 ||[7;1m [0m| |[7;1m [0m| |[0;1mp[0m| |[7;1m [0m| || 4
[32;1m[Board] [0m  -------------------
[32;1m[Board] [0m3 || |[7;1m [0m| |[7;1m [0m| |[0;1mk[0m| |[7;1m [0m|| 3
[32;1m[Board] [0m  -------------------
[32;1m[Board] [0m2 ||[0;1mp[0m|[0;1mp[0m|[0;1mp[0m|[0;1mp[0m|[7;1m [0m|[0;1mp[0m|[0;1mp[0m|[0;1mp[0m|| 2
[32;1m[Board] [0m  -------------------
[32;1m[Board] [0m1 ||[0;1mr[0m|[7;1m [0m|[0;1mb[0m|[7;1m [0m|[0;1mK[0m|[0;1mb[0m| |[0;1mr[0m|| 1
[32;1m[Board] [0m  -------------------
[32;1m[Board] [0m    a b c d e f g h
[32;1m[Board] [0m
[32;1m[Referee] [0mThis is the turn of the Black player...
  a b c d e f g h 
8 [47;31mrb[0m[40;31mnb[0m[47;31mbb[0m[40;31m  [0m[47;31mkb[0m[40;31mbb[0m[47;31m  [0m[40;31mrb[0m 8
7 [40;31m  [0m[47;31mpb[0m[40;31mqb[0m[47;31mpb[0m[40;31m  [0m[47;31mpb[0m[40;31mpb[0m[47;31mpb[0m 7
6 [47;31mpb[0m[40;31m  [0m[47;31m  [0m[40;31m  [0m[47;31mpb[0m[40;31m  [0m[47;31m  [0m[40;31m  [0m 6
5 [40;31m  [0m[47;31m  [0m[40;31mnw[0m[47;31m  [0m[40;31m  [0m[47;31m  [0m[40;31mqw[0m[47;31m  [0m 5
4 [47;31m  [0m[40;31m  [0m[47;31m  [0m[40;31m  [0m[47;31mpw[0m[40;31m  [0m[47;31m  [0m[40;31m  [0m 4
3 [40;31m  [0m[47;31m  [0m[40;31m  [0m[47;31m  [0m[40;31m  [0m[47;31mnw[0m[40;31m  [0m[47;31m  [0m 3
2 [47;31mpw[0m[40;31mpw[0m[47;31mpw[0m[40;31mpw[0m[47;31m  [0m[40;31mpw[0m[47;31mpw[0m[40;31mpw[0m 2
1 [40;31mrw[0m[47;31m  [0m[40;31mbw[0m[47;31m  [0m[40;31mkw[0m[47;31mbw[0m[40;31m  [0m[47;31mrw[0m 1
  a b c d e f g h 
170111984
a6 -> a5 legal
e6 -> e5 legal
b7 -> b6 legal
b7 -> b5 legal
c7 -> c6 legal
c7 -> c5 X legal
c7 -> d8 legal
c7 -> b6 legal
c7 -> a5 legal
c7 -> d6 legal
c7 -> e5 legal
c7 -> f4 legal
c7 -> g3 legal
c7 -> h2 X legal
d7 -> d6 legal
d7 -> d5 legal
f7 -> f6 legal
f7 -> f5 legal
g7 -> g6 legal
h7 -> h6 legal
h7 -> h5 legal
a8 -> a7 legal
b8 -> c6 legal
e8 -> d8
e8 -> e7
f8 -> e7 legal
f8 -> d6 legal
f8 -> c5 X legal
h8 -> g8 legal
  a b c d e f g h 
8 [47;31mrb[0m[40;31mnb[0m[47;31mbb[0m[40;31m  [0m[47;31mkb[0m[40;31mbb[0m[47;31m  [0m[40;31mrb[0m 8
7 [40;31m  [0m[47;31mpb[0m[40;31mqb[0m[47;31mpb[0m[40;31m  [0m[47;31mpb[0m[40;31mpb[0m[47;31mpb[0m 7
6 [47;31mpb[0m[40;31m  [0m[47;31m  [0m[40;31m  [0m[47;31mpb[0m[40;31m  [0m[47;31m  [0m[40;31m  [0m 6
5 [40;31m  [0m[47;31m  [0m[40;31mnw[0m[47;31m  [0m[40;31m  [0m[47;31m  [0m[40;31mqw[0m[47;31m  [0m 5
4 [47;31m  [0m[40;31m  [0m[47;31m  [0m[40;31m  [0m[47;31mpw[0m[40;31m  [0m[47;31m  [0m[40;31m  [0m 4
3 [40;31m  [0m[47;31m  [0m[40;31m  [0m[47;31m  [0m[40;31m  [0m[47;31mnw[0m[40;31m  [0m[47;31m  [0m 3
2 [47;31mpw[0m[40;31mpw[0m[47;31mpw[0m[40;31mpw[0m[47;31m  [0m[40;31mpw[0m[47;31mpw[0m[40;31mpw[0m 2
1 [40;31mrw[0m[47;31m  [0m[40;31mbw[0m[47;31m  [0m[40;31mkw[0m[47;31mbw[0m[40;31m  [0m[47;31mrw[0m 1
  a b c d e f g h 
170111984
c7 -> c6   0
c7c6
[32;1m[Game] [0mPlayer's error code: 0
[32;1m[Game] [0mChecking move validity...
[32;1m[Board] [0mInitializing board...
[32;1m[Board] [0mLoading history file `championship/ashwathama-awesome-chess-ai/history.csv`...
[32;1m[Board] [0mLoaded 17 move(s).
[32;1m[Board] [0mLoading move file `championship/ashwathama-awesome-chess-ai/move.csv`...
[32;1m[Board] [0mBlack player is playing c7 to c6.
[32;1m[Board] [0m
[32;1m[Board] [0m    a b c d e f g h 
[32;1m[Board] [0m  -------------------
[32;1m[Board] [0m8 ||[30;1mr[0m|[30;1mk[0m|[30;1mb[0m| |[30;1mK[0m|[30;1mb[0m|[7;1m [0m|[30;1mr[0m|| 8
[32;1m[Board] [0m  -------------------
[32;1m[Board] [0m7 || |[30;1mp[0m| |[30;1mp[0m| |[30;1mp[0m|[30;1mp[0m|[30;1mp[0m|| 7
[32;1m[Board] [0m  -------------------
[32;1m[Board] [0m6 ||[30;1mp[0m| |[30;1mQ[0m| |[30;1mp[0m| |[7;1m [0m| || 6
[32;1m[Board] [0m  -------------------
[32;1m[Board] [0m5 || |[7;1m [0m|[0;1mk[0m|[7;1m [0m| |[7;1m [0m|[0;1mQ[0m|[7;1m [0m|| 5
[32;1m[Board] [0m  -------------------
[32;1m[Board] [0m4 ||[7;1m [0m| |[7;1m [0m| |[0;1mp[0m| |[7;1m [0m| || 4
[32;1m[Board] [0m  -------------------
[32;1m[Board] [0m3 || |[7;1m [0m| |[7;1m [0m| |[0;1mk[0m| |[7;1m [0m|| 3
[32;1m[Board] [0m  -------------------
[32;1m[Board] [0m2 ||[0;1mp[0m|[0;1mp[0m|[0;1mp[0m|[0;1mp[0m|[7;1m [0m|[0;1mp[0m|[0;1mp[0m|[0;1mp[0m|| 2
[32;1m[Board] [0m  -------------------
[32;1m[Board] [0m1 ||[0;1mr[0m|[7;1m [0m|[0;1mb[0m|[7;1m [0m|[0;1mK[0m|[0;1mb[0m| |[0;1mr[0m|| 1
[32;1m[Board] [0m  -------------------
[32;1m[Board] [0m    a b c d e f g h
[32;1m[Board] [0m
[32;1m[Referee] [0mThis is the turn of the White player...
Chess Board after applying moves from: championship/ashwathama-awesome-chess-ai/history.csv
Successfully read 18 moves from the file.
     a   b   c   d   e   f   g   h  
   +---+---+---+---+---+---+---+---+
 8 | r | n | b | . | k | b | . | r | 8
   +---+---+---+---+---+---+---+---+
 7 | . | p | . | p | . | p | p | p | 7
   +---+---+---+---+---+---+---+---+
 6 | p | . | q | . | p | . | . | . | 6
   +---+---+---+---+---+---+---+---+
 5 | . | . | N | . | . | . | Q | . | 5
   +---+---+---+---+---+---+---+---+
 4 | . | . | . | . | P | . | . | . | 4
   +---+---+---+---+---+---+---+---+
 3 | . | . | . | . | . | N | . | . | 3
   +---+---+---+---+---+---+---+---+
 2 | P | P | P | P | . | P | P | P | 2
   +---+---+---+---+---+---+---+---+
 1 | R | . | B | . | K | B | . | R | 1
   +---+---+---+---+---+---+---+---+
     a   b   c   d   e   f   g   h  
Running alpha-beta search...
Best move: f3d4
Testing Random Move Generator:
Random move: g5e5
File reset and move written: f3d4
Next move written to: championship/ashwathama-awesome-chess-ai/move.csv
[32;1m[Game] [0mPlayer's error code: 0
[32;1m[Game] [0mChecking move validity...
[32;1m[Board] [0mInitializing board...
[32;1m[Board] [0mLoading history file `championship/ashwathama-awesome-chess-ai/history.csv`...
[32;1m[Board] [0mLoaded 18 move(s).
[32;1m[Board] [0mLoading move file `championship/ashwathama-awesome-chess-ai/move.csv`...
[32;1m[Board] [0mWhite player is playing f3 to d4.
[32;1m[Board] [0m
[32;1m[Board] [0m    a b c d e f g h 
[32;1m[Board] [0m  -------------------
[32;1m[Board] [0m8 ||[30;1mr[0m|[30;1mk[0m|[30;1mb[0m| |[30;1mK[0m|[30;1mb[0m|[7;1m [0m|[30;1mr[0m|| 8
[32;1m[Board] [0m  -------------------
[32;1m[Board] [0m7 || |[30;1mp[0m| |[30;1mp[0m| |[30;1mp[0m|[30;1mp[0m|[30;1mp[0m|| 7
[32;1m[Board] [0m  -------------------
[32;1m[Board] [0m6 ||[30;1mp[0m| |[30;1mQ[0m| |[30;1mp[0m| |[7;1m [0m| || 6
[32;1m[Board] [0m  -------------------
[32;1m[Board] [0m5 || |[7;1m [0m|[0;1mk[0m|[7;1m [0m| |[7;1m [0m|[0;1mQ[0m|[7;1m [0m|| 5
[32;1m[Board] [0m  -------------------
[32;1m[Board] [0m4 ||[7;1m [0m| |[7;1m [0m|[0;1mk[0m|[0;1mp[0m| |[7;1m [0m| || 4
[32;1m[Board] [0m  -------------------
[32;1m[Board] [0m3 || |[7;1m [0m| |[7;1m [0m| |[7;1m [0m| |[7;1m [0m|| 3
[32;1m[Board] [0m  -------------------
[32;1m[Board] [0m2 ||[0;1mp[0m|[0;1mp[0m|[0;1mp[0m|[0;1mp[0m|[7;1m [0m|[0;1mp[0m|[0;1mp[0m|[0;1mp[0m|| 2
[32;1m[Board] [0m  -------------------
[32;1m[Board] [0m1 ||[0;1mr[0m|[7;1m [0m|[0;1mb[0m|[7;1m [0m|[0;1mK[0m|[0;1mb[0m| |[0;1mr[0m|| 1
[32;1m[Board] [0m  -------------------
[32;1m[Board] [0m    a b c d e f g h
[32;1m[Board] [0m
[32;1m[Referee] [0mThis is the turn of the Black player...
  a b c d e f g h 
8 [47;31mrb[0m[40;31mnb[0m[47;31mbb[0m[40;31m  [0m[47;31mkb[0m[40;31mbb[0m[47;31m  [0m[40;31mrb[0m 8
7 [40;31m  [0m[47;31mpb[0m[40;31m  [0m[47;31mpb[0m[40;31m  [0m[47;31mpb[0m[40;31mpb[0m[47;31mpb[0m 7
6 [47;31mpb[0m[40;31m  [0m[47;31mqb[0m[40;31m  [0m[47;31mpb[0m[40;31m  [0m[47;31m  [0m[40;31m  [0m 6
5 [40;31m  [0m[47;31m  [0m[40;31mnw[0m[47;31m  [0m[40;31m  [0m[47;31m  [0m[40;31mqw[0m[47;31m  [0m 5
4 [47;31m  [0m[40;31m  [0m[47;31m  [0m[40;31mnw[0m[47;31mpw[0m[40;31m  [0m[47;31m  [0m[40;31m  [0m 4
3 [40;31m  [0m[47;31m  [0m[40;31m  [0m[47;31m  [0m[40;31m  [0m[47;31m  [0m[40;31m  [0m[47;31m  [0m 3
2 [47;31mpw[0m[40;31mpw[0m[47;31mpw[0m[40;31mpw[0m[47;31m  [0m[40;31mpw[0m[47;31mpw[0m[40;31mpw[0m 2
1 [40;31mrw[0m[47;31m  [0m[40;31mbw[0m[47;31m  [0m[40;31mkw[0m[47;31mbw[0m[40;31m  [0m[47;31mrw[0m 1
  a b c d e f g h 
453841414
a6 -> a5 legal
c6 -> c7 legal
c6 -> c5 X legal
c6 -> d6 legal
c6 -> b6 legal
c6 -> b5 legal
c6 -> a4 legal
c6 -> d5 legal
c6 -> e4 X legal
e6 -> e5 legal
b7 -> b6 legal
b7 -> b5 legal
d7 -> d6 legal
d7 -> d5 legal
f7 -> f6 legal
f7 -> f5 legal
g7 -> g6 legal
h7 -> h6 legal
h7 -> h5 legal
a8 -> a7 legal
e8 -> d8
e8 -> e7
f8 -> e7 legal
f8 -> d6 legal
f8 -> c5 X legal
h8 -> g8 legal
  a b c d e f g h 
8 [47;31mrb[0m[40;31mnb[0m[47;31mbb[0m[40;31m  [0m[47;31mkb[0m[40;31mbb[0m[47;31m  [0m[40;31mrb[0m 8
7 [40;31m  [0m[47;31mpb[0m[40;31m  [0m[47;31mpb[0m[40;31m  [0m[47;31mpb[0m[40;31mpb[0m[47;31mpb[0m 7
6 [47;31mpb[0m[40;31m  [0m[47;31mqb[0m[40;31m  [0m[47;31mpb[0m[40;31m  [0m[47;31m  [0m[40;31m  [0m 6
5 [40;31m  [0m[47;31m  [0m[40;31mnw[0m[47;31m  [0m[40;31m  [0m[47;31m  [0m[40;31mqw[0m[47;31m  [0m 5
4 [47;31m  [0m[40;31m  [0m[47;31m  [0m[40;31mnw[0m[47;31mpw[0m[40;31m  [0m[47;31m  [0m[40;31m  [0m 4
3 [40;31m  [0m[47;31m  [0m[40;31m  [0m[47;31m  [0m[40;31m  [0m[47;31m  [0m[40;31m  [0m[47;31m  [0m 3
2 [47;31mpw[0m[40;31mpw[0m[47;31mpw[0m[40;31mpw[0m[47;31m  [0m[40;31mpw[0m[47;31mpw[0m[40;31mpw[0m 2
1 [40;31mrw[0m[47;31m  [0m[40;31mbw[0m[47;31m  [0m[40;31mkw[0m[47;31mbw[0m[40;31m  [0m[47;31mrw[0m 1
  a b c d e f g h 
453841414
h8 -> g8   0
h8g8
[32;1m[Game] [0mPlayer's error code: 0
[32;1m[Game] [0mChecking move validity...
[32;1m[Board] [0mInitializing board...
[32;1m[Board] [0mLoading history file `championship/ashwathama-awesome-chess-ai/history.csv`...
[32;1m[Board] [0mLoaded 19 move(s).
[32;1m[Board] [0mLoading move file `championship/ashwathama-awesome-chess-ai/move.csv`...
[32;1m[Board] [0mBlack player is playing h8 to g8.
[32;1m[Board] [0m
[32;1m[Board] [0m    a b c d e f g h 
[32;1m[Board] [0m  -------------------
[32;1m[Board] [0m8 ||[30;1mr[0m|[30;1mk[0m|[30;1mb[0m| |[30;1mK[0m|[30;1mb[0m|[30;1mr[0m| || 8
[32;1m[Board] [0m  -------------------
[32;1m[Board] [0m7 || |[30;1mp[0m| |[30;1mp[0m| |[30;1mp[0m|[30;1mp[0m|[30;1mp[0m|| 7
[32;1m[Board] [0m  -------------------
[32;1m[Board] [0m6 ||[30;1mp[0m| |[30;1mQ[0m| |[30;1mp[0m| |[7;1m [0m| || 6
[32;1m[Board] [0m  -------------------
[32;1m[Board] [0m5 || |[7;1m [0m|[0;1mk[0m|[7;1m [0m| |[7;1m [0m|[0;1mQ[0m|[7;1m [0m|| 5
[32;1m[Board] [0m  -------------------
[32;1m[Board] [0m4 ||[7;1m [0m| |[7;1m [0m|[0;1mk[0m|[0;1mp[0m| |[7;1m [0m| || 4
[32;1m[Board] [0m  -------------------
[32;1m[Board] [0m3 || |[7;1m [0m| |[7;1m [0m| |[7;1m [0m| |[7;1m [0m|| 3
[32;1m[Board] [0m  -------------------
[32;1m[Board] [0m2 ||[0;1mp[0m|[0;1mp[0m|[0;1mp[0m|[0;1mp[0m|[7;1m [0m|[0;1mp[0m|[0;1mp[0m|[0;1mp[0m|| 2
[32;1m[Board] [0m  -------------------
[32;1m[Board] [0m1 ||[0;1mr[0m|[7;1m [0m|[0;1mb[0m|[7;1m [0m|[0;1mK[0m|[0;1mb[0m| |[0;1mr[0m|| 1
[32;1m[Board] [0m  -------------------
[32;1m[Board] [0m    a b c d e f g h
[32;1m[Board] [0m
[32;1m[Referee] [0mThis is the turn of the White player...
Chess Board after applying moves from: championship/ashwathama-awesome-chess-ai/history.csv
Successfully read 20 moves from the file.
     a   b   c   d   e   f   g   h  
   +---+---+---+---+---+---+---+---+
 8 | r | n | b | . | k | b | r | . | 8
   +---+---+---+---+---+---+---+---+
 7 | . | p | . | p | . | p | p | p | 7
   +---+---+---+---+---+---+---+---+
 6 | p | . | q | . | p | . | . | . | 6
   +---+---+---+---+---+---+---+---+
 5 | . | . | N | . | . | . | Q | . | 5
   +---+---+---+---+---+---+---+---+
 4 | . | . | . | N | P | . | . | . | 4
   +---+---+---+---+---+---+---+---+
 3 | . | . | . | . | . | . | . | . | 3
   +---+---+---+---+---+---+---+---+
 2 | P | P | P | P | . | P | P | P | 2
   +---+---+---+---+---+---+---+---+
 1 | R | . | B | . | K | B | . | R | 1
   +---+---+---+---+---+---+---+---+
     a   b   c   d   e   f   g   h  
Running alpha-beta search...
Best move: d4c6
Testing Random Move Generator:
Random move: g5d8
File reset and move written: d4c6
Next move written to: championship/ashwathama-awesome-chess-ai/move.csv
[32;1m[Game] [0mPlayer's error code: 0
[32;1m[Game] [0mChecking move validity...
[32;1m[Board] [0mInitializing board...
[32;1m[Board] [0mLoading history file `championship/ashwathama-awesome-chess-ai/history.csv`...
[32;1m[Board] [0mLoaded 20 move(s).
[32;1m[Board] [0mLoading move file `championship/ashwathama-awesome-chess-ai/move.csv`...
[32;1m[Board] [0mWhite player is playing d4 to c6.
[32;1m[Board] [0m[5;1mWhite Knight is taking Black Queen.[0m
[32;1m[Board] [0m
[32;1m[Board] [0m    a b c d e f g h 
[32;1m[Board] [0m  -------------------
[32;1m[Board] [0m8 ||[30;1mr[0m|[30;1mk[0m|[30;1mb[0m| |[30;1mK[0m|[30;1mb[0m|[30;1mr[0m| || 8
[32;1m[Board] [0m  -------------------
[32;1m[Board] [0m7 || |[30;1mp[0m| |[30;1mp[0m| |[30;1mp[0m|[30;1mp[0m|[30;1mp[0m|| 7
[32;1m[Board] [0m  -------------------
[32;1m[Board] [0m6 ||[30;1mp[0m| |[0;1mk[0m| |[30;1mp[0m| |[7;1m [0m| || 6
[32;1m[Board] [0m  -------------------
[32;1m[Board] [0m5 || |[7;1m [0m|[0;1mk[0m|[7;1m [0m| |[7;1m [0m|[0;1mQ[0m|[7;1m [0m|| 5
[32;1m[Board] [0m  -------------------
[32;1m[Board] [0m4 ||[7;1m [0m| |[7;1m [0m| |[0;1mp[0m| |[7;1m [0m| || 4
[32;1m[Board] [0m  -------------------
[32;1m[Board] [0m3 || |[7;1m [0m| |[7;1m [0m| |[7;1m [0m| |[7;1m [0m|| 3
[32;1m[Board] [0m  -------------------
[32;1m[Board] [0m2 ||[0;1mp[0m|[0;1mp[0m|[0;1mp[0m|[0;1mp[0m|[7;1m [0m|[0;1mp[0m|[0;1mp[0m|[0;1mp[0m|| 2
[32;1m[Board] [0m  -------------------
[32;1m[Board] [0m1 ||[0;1mr[0m|[7;1m [0m|[0;1mb[0m|[7;1m [0m|[0;1mK[0m|[0;1mb[0m| |[0;1mr[0m|| 1
[32;1m[Board] [0m  -------------------
[32;1m[Board] [0m    a b c d e f g h
[32;1m[Board] [0m
[32;1m[Referee] [0mThis is the turn of the Black player...
  a b c d e f g h 
8 [47;31mrb[0m[40;31mnb[0m[47;31mbb[0m[40;31m  [0m[47;31mkb[0m[40;31mbb[0m[47;31mrb[0m[40;31m  [0m 8
7 [40;31m  [0m[47;31mpb[0m[40;31m  [0m[47;31mpb[0m[40;31m  [0m[47;31mpb[0m[40;31mpb[0m[47;31mpb[0m 7
6 [47;31mpb[0m[40;31m  [0m[47;31mnw[0m[40;31m  [0m[47;31mpb[0m[40;31m  [0m[47;31m  [0m[40;31m  [0m 6
5 [40;31m  [0m[47;31m  [0m[40;31mnw[0m[47;31m  [0m[40;31m  [0m[47;31m  [0m[40;31mqw[0m[47;31m  [0m 5
4 [47;31m  [0m[40;31m  [0m[47;31m  [0m[40;31m  [0m[47;31mpw[0m[40;31m  [0m[47;31m  [0m[40;31m  [0m 4
3 [40;31m  [0m[47;31m  [0m[40;31m  [0m[47;31m  [0m[40;31m  [0m[47;31m  [0m[40;31m  [0m[47;31m  [0m 3
2 [47;31mpw[0m[40;31mpw[0m[47;31mpw[0m[40;31mpw[0m[47;31m  [0m[40;31mpw[0m[47;31mpw[0m[40;31mpw[0m 2
1 [40;31mrw[0m[47;31m  [0m[40;31mbw[0m[47;31m  [0m[40;31mkw[0m[47;31mbw[0m[40;31m  [0m[47;31mrw[0m 1
  a b c d e f g h 
2543683732
a6 -> a5 legal
e6 -> e5 legal
b7 -> b6 legal
b7 -> c6 X legal
b7 -> b5 legal
d7 -> d6 legal
d7 -> c6 X legal
d7 -> d5 legal
f7 -> f6 legal
f7 -> f5 legal
g7 -> g6 legal
h7 -> h6 legal
h7 -> h5 legal
a8 -> a7 legal
b8 -> c6 X legal
e8 -> d8
e8 -> e7
f8 -> e7 legal
f8 -> d6 legal
f8 -> c5 X legal
g8 -> h8 legal
  a b c d e f g h 
8 [47;31mrb[0m[40;31mnb[0m[47;31mbb[0m[40;31m  [0m[47;31mkb[0m[40;31mbb[0m[47;31mrb[0m[40;31m  [0m 8
7 [40;31m  [0m[47;31mpb[0m[40;31m  [0m[47;31mpb[0m[40;31m  [0m[47;31mpb[0m[40;31mpb[0m[47;31mpb[0m 7
6 [47;31mpb[0m[40;31m  [0m[47;31mnw[0m[40;31m  [0m[47;31mpb[0m[40;31m  [0m[47;31m  [0m[40;31m  [0m 6
5 [40;31m  [0m[47;31m  [0m[40;31mnw[0m[47;31m  [0m[40;31m  [0m[47;31m  [0m[40;31mqw[0m[47;31m  [0m 5
4 [47;31m  [0m[40;31m  [0m[47;31m  [0m[40;31m  [0m[47;31mpw[0m[40;31m  [0m[47;31m  [0m[40;31m  [0m 4
3 [40;31m  [0m[47;31m  [0m[40;31m  [0m[47;31m  [0m[40;31m  [0m[47;31m  [0m[40;31m  [0m[47;31m  [0m 3
2 [47;31mpw[0m[40;31mpw[0m[47;31mpw[0m[40;31mpw[0m[47;31m  [0m[40;31mpw[0m[47;31mpw[0m[40;31mpw[0m 2
1 [40;31mrw[0m[47;31m  [0m[40;31mbw[0m[47;31m  [0m[40;31mkw[0m[47;31mbw[0m[40;31m  [0m[47;31mrw[0m 1
  a b c d e f g h 
2543683732
f8 -> d6   0
f8d6
[32;1m[Game] [0mPlayer's error code: 0
[32;1m[Game] [0mChecking move validity...
[32;1m[Board] [0mInitializing board...
[32;1m[Board] [0mLoading history file `championship/ashwathama-awesome-chess-ai/history.csv`...
[32;1m[Board] [0mLoaded 21 move(s).
[32;1m[Board] [0mLoading move file `championship/ashwathama-awesome-chess-ai/move.csv`...
[32;1m[Board] [0mBlack player is playing f8 to d6.
[32;1m[Board] [0m
[32;1m[Board] [0m    a b c d e f g h 
[32;1m[Board] [0m  -------------------
[32;1m[Board] [0m8 ||[30;1mr[0m|[30;1mk[0m|[30;1mb[0m| |[30;1mK[0m| |[30;1mr[0m| || 8
[32;1m[Board] [0m  -------------------
[32;1m[Board] [0m7 || |[30;1mp[0m| |[30;1mp[0m| |[30;1mp[0m|[30;1mp[0m|[30;1mp[0m|| 7
[32;1m[Board] [0m  -------------------
[32;1m[Board] [0m6 ||[30;1mp[0m| |[0;1mk[0m|[30;1mb[0m|[30;1mp[0m| |[7;1m [0m| || 6
[32;1m[Board] [0m  -------------------
[32;1m[Board] [0m5 || |[7;1m [0m|[0;1mk[0m|[7;1m [0m| |[7;1m [0m|[0;1mQ[0m|[7;1m [0m|| 5
[32;1m[Board] [0m  -------------------
[32;1m[Board] [0m4 ||[7;1m [0m| |[7;1m [0m| |[0;1mp[0m| |[7;1m [0m| || 4
[32;1m[Board] [0m  -------------------
[32;1m[Board] [0m3 || |[7;1m [0m| |[7;1m [0m| |[7;1m [0m| |[7;1m [0m|| 3
[32;1m[Board] [0m  -------------------
[32;1m[Board] [0m2 ||[0;1mp[0m|[0;1mp[0m|[0;1mp[0m|[0;1mp[0m|[7;1m [0m|[0;1mp[0m|[0;1mp[0m|[0;1mp[0m|| 2
[32;1m[Board] [0m  -------------------
[32;1m[Board] [0m1 ||[0;1mr[0m|[7;1m [0m|[0;1mb[0m|[7;1m [0m|[0;1mK[0m|[0;1mb[0m| |[0;1mr[0m|| 1
[32;1m[Board] [0m  -------------------
[32;1m[Board] [0m    a b c d e f g h
[32;1m[Board] [0m
[32;1m[Referee] [0mThis is the turn of the White player...
Chess Board after applying moves from: championship/ashwathama-awesome-chess-ai/history.csv
Successfully read 22 moves from the file.
     a   b   c   d   e   f   g   h  
   +---+---+---+---+---+---+---+---+
 8 | r | n | b | . | k | . | r | . | 8
   +---+---+---+---+---+---+---+---+
 7 | . | p | . | p | . | p | p | p | 7
   +---+---+---+---+---+---+---+---+
 6 | p | . | N | b | p | . | . | . | 6
   +---+---+---+---+---+---+---+---+
 5 | . | . | N | . | . | . | Q | . | 5
   +---+---+---+---+---+---+---+---+
 4 | . | . | . | . | P | . | . | . | 4
   +---+---+---+---+---+---+---+---+
 3 | . | . | . | . | . | . | . | . | 3
   +---+---+---+---+---+---+---+---+
 2 | P | P | P | P | . | P | P | P | 2
   +---+---+---+---+---+---+---+---+
 1 | R | . | B | . | K | B | . | R | 1
   +---+---+---+---+---+---+---+---+
     a   b   c   d   e   f   g   h  
Running alpha-beta search...
Best move: g5d8
Testing Random Move Generator:
Random move: g5h6
File reset and move written: g5d8
Next move written to: championship/ashwathama-awesome-chess-ai/move.csv
[32;1m[Game] [0mPlayer's error code: 0
[32;1m[Game] [0mChecking move validity...
[32;1m[Board] [0mInitializing board...
[32;1m[Board] [0mLoading history file `championship/ashwathama-awesome-chess-ai/history.csv`...
[32;1m[Board] [0mLoaded 22 move(s).
[32;1m[Board] [0mLoading move file `championship/ashwathama-awesome-chess-ai/move.csv`...
[32;1m[Board] [0mWhite player is playing g5 to d8.
[32;1m[Board] [0m
[32;1m[Board] [0m    a b c d e f g h 
[32;1m[Board] [0m  -------------------
[32;1m[Board] [0m8 ||[30;1mr[0m|[30;1mk[0m|[30;1mb[0m|[0;1mQ[0m|[30;1mK[0m| |[30;1mr[0m| || 8
[32;1m[Board] [0m  -------------------
[32;1m[Board] [0m7 || |[30;1mp[0m| |[30;1mp[0m| |[30;1mp[0m|[30;1mp[0m|[30;1mp[0m|| 7
[32;1m[Board] [0m  -------------------
[32;1m[Board] [0m6 ||[30;1mp[0m| |[0;1mk[0m|[30;1mb[0m|[30;1mp[0m| |[7;1m [0m| || 6
[32;1m[Board] [0m  -------------------
[32;1m[Board] [0m5 || |[7;1m [0m|[0;1mk[0m|[7;1m [0m| |[7;1m [0m| |[7;1m [0m|| 5
[32;1m[Board] [0m  -------------------
[32;1m[Board] [0m4 ||[7;1m [0m| |[7;1m [0m| |[0;1mp[0m| |[7;1m [0m| || 4
[32;1m[Board] [0m  -------------------
[32;1m[Board] [0m3 || |[7;1m [0m| |[7;1m [0m| |[7;1m [0m| |[7;1m [0m|| 3
[32;1m[Board] [0m  -------------------
[32;1m[Board] [0m2 ||[0;1mp[0m|[0;1mp[0m|[0;1mp[0m|[0;1mp[0m|[7;1m [0m|[0;1mp[0m|[0;1mp[0m|[0;1mp[0m|| 2
[32;1m[Board] [0m  -------------------
[32;1m[Board] [0m1 ||[0;1mr[0m|[7;1m [0m|[0;1mb[0m|[7;1m [0m|[0;1mK[0m|[0;1mb[0m| |[0;1mr[0m|| 1
[32;1m[Board] [0m  -------------------
[32;1m[Board] [0m    a b c d e f g h
[32;1m[Board] [0m
[32;1m[Referee] [0mThis is the turn of the Black player...
[32;1m[Board] [0m[33;1m[WARNING][0m [5;1mBlack King in checkmate![0m
[32;1m[Board] [0m[33;1m[WARNING][0m The White player wins!
