[32;1m[Board] [0mInitializing board...
[32;1m[Board] [0m
[32;1m[Board] [0m    a b c d e f g h 
[32;1m[Board] [0m  -------------------
[32;1m[Board] [0m8 ||[30;1mr[0m|[30;1mk[0m|[30;1mb[0m|[30;1mQ[0m|[30;1mK[0m|[30;1mb[0m|[30;1mk[0m|[30;1mr[0m|| 8
[32;1m[Board] [0m  -------------------
[32;1m[Board] [0m7 ||[30;1mp[0m|[30;1mp[0m|[30;1mp[0m|[30;1mp[0m|[30;1mp[0m|[30;1mp[0m|[30;1mp[0m|[30;1mp[0m|| 7
[32;1m[Board] [0m  -------------------
[32;1m[Board] [0m6 ||[7;1m [0m| |[7;1m [0m| |[7;1m [0m| |[7;1m [0m| || 6
[32;1m[Board] [0m  -------------------
[32;1m[Board] [0m5 || |[7;1m [0m| |[7;1m [0m| |[7;1m [0m| |[7;1m [0m|| 5
[32;1m[Board] [0m  -------------------
[32;1m[Board] [0m4 ||[7;1m [0m| |[7;1m [0m| |[7;1m [0m| |[7;1m [0m| || 4
[32;1m[Board] [0m  -------------------
[32;1m[Board] [0m3 || |[7;1m [0m| |[7;1m [0m| |[7;1m [0m| |[7;1m [0m|| 3
[32;1m[Board] [0m  -------------------
[32;1m[Board] [0m2 ||[0;1mp[0m|[0;1mp[0m|[0;1mp[0m|[0;1mp[0m|[0;1mp[0m|[0;1mp[0m|[0;1mp[0m|[0;1mp[0m|| 2
[32;1m[Board] [0m  -------------------
[32;1m[Board] [0m1 ||[0;1mr[0m|[0;1mk[0m|[0;1mb[0m|[0;1mQ[0m|[0;1mK[0m|[0;1mb[0m|[0;1mk[0m|[0;1mr[0m|| 1
[32;1m[Board] [0m  -------------------
[32;1m[Board] [0m    a b c d e f g h
[32;1m[Board] [0m
[32;1m[Referee] [0mThis is the turn of the White player...
[DEBUG] Input history filename: championship/logic-and-proofs-xplorers/history.csv
[DEBUG] Output move file: championship/logic-and-proofs-xplorers/move.csv
starting search...
searched and found best move in search: 2099508
Total nodes searched: 30863
how i see the board before writing next move: Turn: White
Enpassant: xx	Castling: WK WQ BK BQ 
   ---- ---- ---- ---- ---- ---- ---- ----
8 | r  | n  | b  | q  | k  | b  | n  | r  |
   ---- ---- ---- ---- ---- ---- ---- ----
7 | p  | p  | p  | p  | p  | p  | p  | p  |
   ---- ---- ---- ---- ---- ---- ---- ----
6 |    |    |    |    |    |    |    |    |
   ---- ---- ---- ---- ---- ---- ---- ----
5 |    |    |    |    |    |    |    |    |
   ---- ---- ---- ---- ---- ---- ---- ----
4 |    |    |    |    |    |    |    |    |
   ---- ---- ---- ---- ---- ---- ---- ----
3 |    |    |    |    |    |    |    |    |
   ---- ---- ---- ---- ---- ---- ---- ----
2 | P  | P  | P  | P  | P  | P  | P  | P  |
   ---- ---- ---- ---- ---- ---- ---- ----
1 | R  | N  | B  | Q  | K  | B  | N  | R  |
   ---- ---- ---- ---- ---- ---- ---- ----
    a    b    c    d    e    f    g    h
[DEBUG] [Parser] Wrote to ouput file championship/logic-and-proofs-xplorers/move.csv move : e2e4
[32;1m[Game] [0mPlayer's error code: 0
[32;1m[Game] [0mChecking move validity...
[32;1m[Board] [0mInitializing board...
[32;1m[Board] [0mLoading history file `championship/logic-and-proofs-xplorers/history.csv`...
[32;1m[Board] [0mLoaded 0 move(s).
[32;1m[Board] [0mLoading move file `championship/logic-and-proofs-xplorers/move.csv`...
[32;1m[Board] [0mWhite player is playing e2 to e4.
[32;1m[Board] [0m
[32;1m[Board] [0m    a b c d e f g h 
[32;1m[Board] [0m  -------------------
[32;1m[Board] [0m8 ||[30;1mr[0m|[30;1mk[0m|[30;1mb[0m|[30;1mQ[0m|[30;1mK[0m|[30;1mb[0m|[30;1mk[0m|[30;1mr[0m|| 8
[32;1m[Board] [0m  -------------------
[32;1m[Board] [0m7 ||[30;1mp[0m|[30;1mp[0m|[30;1mp[0m|[30;1mp[0m|[30;1mp[0m|[30;1mp[0m|[30;1mp[0m|[30;1mp[0m|| 7
[32;1m[Board] [0m  -------------------
[32;1m[Board] [0m6 ||[7;1m [0m| |[7;1m [0m| |[7;1m [0m| |[7;1m [0m| || 6
[32;1m[Board] [0m  -------------------
[32;1m[Board] [0m5 || |[7;1m [0m| |[7;1m [0m| |[7;1m [0m| |[7;1m [0m|| 5
[32;1m[Board] [0m  -------------------
[32;1m[Board] [0m4 ||[7;1m [0m| |[7;1m [0m| |[0;1mp[0m| |[7;1m [0m| || 4
[32;1m[Board] [0m  -------------------
[32;1m[Board] [0m3 || |[7;1m [0m| |[7;1m [0m| |[7;1m [0m| |[7;1m [0m|| 3
[32;1m[Board] [0m  -------------------
[32;1m[Board] [0m2 ||[0;1mp[0m|[0;1mp[0m|[0;1mp[0m|[0;1mp[0m|[7;1m [0m|[0;1mp[0m|[0;1mp[0m|[0;1mp[0m|| 2
[32;1m[Board] [0m  -------------------
[32;1m[Board] [0m1 ||[0;1mr[0m|[0;1mk[0m|[0;1mb[0m|[0;1mQ[0m|[0;1mK[0m|[0;1mb[0m|[0;1mk[0m|[0;1mr[0m|| 1
[32;1m[Board] [0m  -------------------
[32;1m[Board] [0m    a b c d e f g h
[32;1m[Board] [0m
[32;1m[Referee] [0mThis is the turn of the Black player...
championship/logic-and-proofs-xplorers/history.csv
1
1
1
1
1
1
1
1
Wrote move "e7e5" to championship/logic-and-proofs-xplorers/move.csv
-----------------------------------------
| br | bn | bb | bq | bK | bb | bn | br |
-----------------------------------------
| bp | bp | bp | bp | bp | bp | bp | bp |
-----------------------------------------
|    |    |    |    |    |    |    |    |
-----------------------------------------
|    |    |    |    |    |    |    |    |
-----------------------------------------
|    |    |    |    | wp |    |    |    |
-----------------------------------------
|    |    |    |    |    |    |    |    |
-----------------------------------------
| wp | wp | wp | wp |    | wp | wp | wp |
-----------------------------------------
| wr | wn | wb | wq | wK | wb | wn | wr |
-----------------------------------------
[32;1m[Game] [0mPlayer's error code: 0
[32;1m[Game] [0mChecking move validity...
[32;1m[Board] [0mInitializing board...
[32;1m[Board] [0mLoading history file `championship/logic-and-proofs-xplorers/history.csv`...
[32;1m[Board] [0mLoaded 1 move(s).
[32;1m[Board] [0mLoading move file `championship/logic-and-proofs-xplorers/move.csv`...
[32;1m[Board] [0mBlack player is playing e7 to e5.
[32;1m[Board] [0m
[32;1m[Board] [0m    a b c d e f g h 
[32;1m[Board] [0m  -------------------
[32;1m[Board] [0m8 ||[30;1mr[0m|[30;1mk[0m|[30;1mb[0m|[30;1mQ[0m|[30;1mK[0m|[30;1mb[0m|[30;1mk[0m|[30;1mr[0m|| 8
[32;1m[Board] [0m  -------------------
[32;1m[Board] [0m7 ||[30;1mp[0m|[30;1mp[0m|[30;1mp[0m|[30;1mp[0m| |[30;1mp[0m|[30;1mp[0m|[30;1mp[0m|| 7
[32;1m[Board] [0m  -------------------
[32;1m[Board] [0m6 ||[7;1m [0m| |[7;1m [0m| |[7;1m [0m| |[7;1m [0m| || 6
[32;1m[Board] [0m  -------------------
[32;1m[Board] [0m5 || |[7;1m [0m| |[7;1m [0m|[30;1mp[0m|[7;1m [0m| |[7;1m [0m|| 5
[32;1m[Board] [0m  -------------------
[32;1m[Board] [0m4 ||[7;1m [0m| |[7;1m [0m| |[0;1mp[0m| |[7;1m [0m| || 4
[32;1m[Board] [0m  -------------------
[32;1m[Board] [0m3 || |[7;1m [0m| |[7;1m [0m| |[7;1m [0m| |[7;1m [0m|| 3
[32;1m[Board] [0m  -------------------
[32;1m[Board] [0m2 ||[0;1mp[0m|[0;1mp[0m|[0;1mp[0m|[0;1mp[0m|[7;1m [0m|[0;1mp[0m|[0;1mp[0m|[0;1mp[0m|| 2
[32;1m[Board] [0m  -------------------
[32;1m[Board] [0m1 ||[0;1mr[0m|[0;1mk[0m|[0;1mb[0m|[0;1mQ[0m|[0;1mK[0m|[0;1mb[0m|[0;1mk[0m|[0;1mr[0m|| 1
[32;1m[Board] [0m  -------------------
[32;1m[Board] [0m    a b c d e f g h
[32;1m[Board] [0m
[32;1m[Referee] [0mThis is the turn of the White player...
[DEBUG] Input history filename: championship/logic-and-proofs-xplorers/history.csv
[DEBUG] Output move file: championship/logic-and-proofs-xplorers/move.csv
starting search...
searched and found best move in search: 18427
Total nodes searched: 50953
how i see the board before writing next move: Turn: White
Enpassant: e6	Castling: WK WQ BK BQ 
   ---- ---- ---- ---- ---- ---- ---- ----
8 | r  | n  | b  | q  | k  | b  | n  | r  |
   ---- ---- ---- ---- ---- ---- ---- ----
7 | p  | p  | p  | p  |    | p  | p  | p  |
   ---- ---- ---- ---- ---- ---- ---- ----
6 |    |    |    |    |    |    |    |    |
   ---- ---- ---- ---- ---- ---- ---- ----
5 |    |    |    |    | p  |    |    |    |
   ---- ---- ---- ---- ---- ---- ---- ----
4 |    |    |    |    | P  |    |    |    |
   ---- ---- ---- ---- ---- ---- ---- ----
3 |    |    |    |    |    |    |    |    |
   ---- ---- ---- ---- ---- ---- ---- ----
2 | P  | P  | P  | P  |    | P  | P  | P  |
   ---- ---- ---- ---- ---- ---- ---- ----
1 | R  | N  | B  | Q  | K  | B  | N  | R  |
   ---- ---- ---- ---- ---- ---- ---- ----
    a    b    c    d    e    f    g    h
[DEBUG] [Parser] Wrote to ouput file championship/logic-and-proofs-xplorers/move.csv move : d1h5
[32;1m[Game] [0mPlayer's error code: 0
[32;1m[Game] [0mChecking move validity...
[32;1m[Board] [0mInitializing board...
[32;1m[Board] [0mLoading history file `championship/logic-and-proofs-xplorers/history.csv`...
[32;1m[Board] [0mLoaded 2 move(s).
[32;1m[Board] [0mLoading move file `championship/logic-and-proofs-xplorers/move.csv`...
[32;1m[Board] [0mWhite player is playing d1 to h5.
[32;1m[Board] [0m
[32;1m[Board] [0m    a b c d e f g h 
[32;1m[Board] [0m  -------------------
[32;1m[Board] [0m8 ||[30;1mr[0m|[30;1mk[0m|[30;1mb[0m|[30;1mQ[0m|[30;1mK[0m|[30;1mb[0m|[30;1mk[0m|[30;1mr[0m|| 8
[32;1m[Board] [0m  -------------------
[32;1m[Board] [0m7 ||[30;1mp[0m|[30;1mp[0m|[30;1mp[0m|[30;1mp[0m| |[30;1mp[0m|[30;1mp[0m|[30;1mp[0m|| 7
[32;1m[Board] [0m  -------------------
[32;1m[Board] [0m6 ||[7;1m [0m| |[7;1m [0m| |[7;1m [0m| |[7;1m [0m| || 6
[32;1m[Board] [0m  -------------------
[32;1m[Board] [0m5 || |[7;1m [0m| |[7;1m [0m|[30;1mp[0m|[7;1m [0m| |[0;1mQ[0m|| 5
[32;1m[Board] [0m  -------------------
[32;1m[Board] [0m4 ||[7;1m [0m| |[7;1m [0m| |[0;1mp[0m| |[7;1m [0m| || 4
[32;1m[Board] [0m  -------------------
[32;1m[Board] [0m3 || |[7;1m [0m| |[7;1m [0m| |[7;1m [0m| |[7;1m [0m|| 3
[32;1m[Board] [0m  -------------------
[32;1m[Board] [0m2 ||[0;1mp[0m|[0;1mp[0m|[0;1mp[0m|[0;1mp[0m|[7;1m [0m|[0;1mp[0m|[0;1mp[0m|[0;1mp[0m|| 2
[32;1m[Board] [0m  -------------------
[32;1m[Board] [0m1 ||[0;1mr[0m|[0;1mk[0m|[0;1mb[0m|[7;1m [0m|[0;1mK[0m|[0;1mb[0m|[0;1mk[0m|[0;1mr[0m|| 1
[32;1m[Board] [0m  -------------------
[32;1m[Board] [0m    a b c d e f g h
[32;1m[Board] [0m
[32;1m[Referee] [0mThis is the turn of the Black player...
championship/logic-and-proofs-xplorers/history.csv
1
1
1
1
1
1
1
1
Wrote move "b8c6" to championship/logic-and-proofs-xplorers/move.csv
-----------------------------------------
| br | bn | bb | bq | bK | bb | bn | br |
-----------------------------------------
| bp | bp | bp | bp |    | bp | bp | bp |
-----------------------------------------
|    |    |    |    |    |    |    |    |
-----------------------------------------
|    |    |    |    | bp |    |    | wq |
-----------------------------------------
|    |    |    |    | wp |    |    |    |
-----------------------------------------
|    |    |    |    |    |    |    |    |
-----------------------------------------
| wp | wp | wp | wp |    | wp | wp | wp |
-----------------------------------------
| wr | wn | wb |    | wK | wb | wn | wr |
-----------------------------------------
[32;1m[Game] [0mPlayer's error code: 0
[32;1m[Game] [0mChecking move validity...
[32;1m[Board] [0mInitializing board...
[32;1m[Board] [0mLoading history file `championship/logic-and-proofs-xplorers/history.csv`...
[32;1m[Board] [0mLoaded 3 move(s).
[32;1m[Board] [0mLoading move file `championship/logic-and-proofs-xplorers/move.csv`...
[32;1m[Board] [0mBlack player is playing b8 to c6.
[32;1m[Board] [0m
[32;1m[Board] [0m    a b c d e f g h 
[32;1m[Board] [0m  -------------------
[32;1m[Board] [0m8 ||[30;1mr[0m| |[30;1mb[0m|[30;1mQ[0m|[30;1mK[0m|[30;1mb[0m|[30;1mk[0m|[30;1mr[0m|| 8
[32;1m[Board] [0m  -------------------
[32;1m[Board] [0m7 ||[30;1mp[0m|[30;1mp[0m|[30;1mp[0m|[30;1mp[0m| |[30;1mp[0m|[30;1mp[0m|[30;1mp[0m|| 7
[32;1m[Board] [0m  -------------------
[32;1m[Board] [0m6 ||[7;1m [0m| |[30;1mk[0m| |[7;1m [0m| |[7;1m [0m| || 6
[32;1m[Board] [0m  -------------------
[32;1m[Board] [0m5 || |[7;1m [0m| |[7;1m [0m|[30;1mp[0m|[7;1m [0m| |[0;1mQ[0m|| 5
[32;1m[Board] [0m  -------------------
[32;1m[Board] [0m4 ||[7;1m [0m| |[7;1m [0m| |[0;1mp[0m| |[7;1m [0m| || 4
[32;1m[Board] [0m  -------------------
[32;1m[Board] [0m3 || |[7;1m [0m| |[7;1m [0m| |[7;1m [0m| |[7;1m [0m|| 3
[32;1m[Board] [0m  -------------------
[32;1m[Board] [0m2 ||[0;1mp[0m|[0;1mp[0m|[0;1mp[0m|[0;1mp[0m|[7;1m [0m|[0;1mp[0m|[0;1mp[0m|[0;1mp[0m|| 2
[32;1m[Board] [0m  -------------------
[32;1m[Board] [0m1 ||[0;1mr[0m|[0;1mk[0m|[0;1mb[0m|[7;1m [0m|[0;1mK[0m|[0;1mb[0m|[0;1mk[0m|[0;1mr[0m|| 1
[32;1m[Board] [0m  -------------------
[32;1m[Board] [0m    a b c d e f g h
[32;1m[Board] [0m
[32;1m[Referee] [0mThis is the turn of the White player...
[DEBUG] Input history filename: championship/logic-and-proofs-xplorers/history.csv
[DEBUG] Output move file: championship/logic-and-proofs-xplorers/move.csv
starting search...
searched and found best move in search: 6841
Total nodes searched: 62221
how i see the board before writing next move: Turn: White
Enpassant: xx	Castling: WK WQ BK BQ 
   ---- ---- ---- ---- ---- ---- ---- ----
8 | r  |    | b  | q  | k  | b  | n  | r  |
   ---- ---- ---- ---- ---- ---- ---- ----
7 | p  | p  | p  | p  |    | p  | p  | p  |
   ---- ---- ---- ---- ---- ---- ---- ----
6 |    |    | n  |    |    |    |    |    |
   ---- ---- ---- ---- ---- ---- ---- ----
5 |    |    |    |    | p  |    |    | Q  |
   ---- ---- ---- ---- ---- ---- ---- ----
4 |    |    |    |    | P  |    |    |    |
   ---- ---- ---- ---- ---- ---- ---- ----
3 |    |    |    |    |    |    |    |    |
   ---- ---- ---- ---- ---- ---- ---- ----
2 | P  | P  | P  | P  |    | P  | P  | P  |
   ---- ---- ---- ---- ---- ---- ---- ----
1 | R  | N  | B  |    | K  | B  | N  | R  |
   ---- ---- ---- ---- ---- ---- ---- ----
    a    b    c    d    e    f    g    h
[DEBUG] [Parser] Wrote to ouput file championship/logic-and-proofs-xplorers/move.csv move : b1c3
[32;1m[Game] [0mPlayer's error code: 0
[32;1m[Game] [0mChecking move validity...
[32;1m[Board] [0mInitializing board...
[32;1m[Board] [0mLoading history file `championship/logic-and-proofs-xplorers/history.csv`...
[32;1m[Board] [0mLoaded 4 move(s).
[32;1m[Board] [0mLoading move file `championship/logic-and-proofs-xplorers/move.csv`...
[32;1m[Board] [0mWhite player is playing b1 to c3.
[32;1m[Board] [0m
[32;1m[Board] [0m    a b c d e f g h 
[32;1m[Board] [0m  -------------------
[32;1m[Board] [0m8 ||[30;1mr[0m| |[30;1mb[0m|[30;1mQ[0m|[30;1mK[0m|[30;1mb[0m|[30;1mk[0m|[30;1mr[0m|| 8
[32;1m[Board] [0m  -------------------
[32;1m[Board] [0m7 ||[30;1mp[0m|[30;1mp[0m|[30;1mp[0m|[30;1mp[0m| |[30;1mp[0m|[30;1mp[0m|[30;1mp[0m|| 7
[32;1m[Board] [0m  -------------------
[32;1m[Board] [0m6 ||[7;1m [0m| |[30;1mk[0m| |[7;1m [0m| |[7;1m [0m| || 6
[32;1m[Board] [0m  -------------------
[32;1m[Board] [0m5 || |[7;1m [0m| |[7;1m [0m|[30;1mp[0m|[7;1m [0m| |[0;1mQ[0m|| 5
[32;1m[Board] [0m  -------------------
[32;1m[Board] [0m4 ||[7;1m [0m| |[7;1m [0m| |[0;1mp[0m| |[7;1m [0m| || 4
[32;1m[Board] [0m  -------------------
[32;1m[Board] [0m3 || |[7;1m [0m|[0;1mk[0m|[7;1m [0m| |[7;1m [0m| |[7;1m [0m|| 3
[32;1m[Board] [0m  -------------------
[32;1m[Board] [0m2 ||[0;1mp[0m|[0;1mp[0m|[0;1mp[0m|[0;1mp[0m|[7;1m [0m|[0;1mp[0m|[0;1mp[0m|[0;1mp[0m|| 2
[32;1m[Board] [0m  -------------------
[32;1m[Board] [0m1 ||[0;1mr[0m|[7;1m [0m|[0;1mb[0m|[7;1m [0m|[0;1mK[0m|[0;1mb[0m|[0;1mk[0m|[0;1mr[0m|| 1
[32;1m[Board] [0m  -------------------
[32;1m[Board] [0m    a b c d e f g h
[32;1m[Board] [0m
[32;1m[Referee] [0mThis is the turn of the Black player...
championship/logic-and-proofs-xplorers/history.csv
1
1
1
1
1
1
1
1
Wrote move "a7a6" to championship/logic-and-proofs-xplorers/move.csv
-----------------------------------------
| br |    | bb | bq | bK | bb | bn | br |
-----------------------------------------
| bp | bp | bp | bp |    | bp | bp | bp |
-----------------------------------------
|    |    | bn |    |    |    |    |    |
-----------------------------------------
|    |    |    |    | bp |    |    | wq |
-----------------------------------------
|    |    |    |    | wp |    |    |    |
-----------------------------------------
|    |    | wn |    |    |    |    |    |
-----------------------------------------
| wp | wp | wp | wp |    | wp | wp | wp |
-----------------------------------------
| wr |    | wb |    | wK | wb | wn | wr |
-----------------------------------------
[32;1m[Game] [0mPlayer's error code: 0
[32;1m[Game] [0mChecking move validity...
[32;1m[Board] [0mInitializing board...
[32;1m[Board] [0mLoading history file `championship/logic-and-proofs-xplorers/history.csv`...
[32;1m[Board] [0mLoaded 5 move(s).
[32;1m[Board] [0mLoading move file `championship/logic-and-proofs-xplorers/move.csv`...
[32;1m[Board] [0mBlack player is playing a7 to a6.
[32;1m[Board] [0m
[32;1m[Board] [0m    a b c d e f g h 
[32;1m[Board] [0m  -------------------
[32;1m[Board] [0m8 ||[30;1mr[0m| |[30;1mb[0m|[30;1mQ[0m|[30;1mK[0m|[30;1mb[0m|[30;1mk[0m|[30;1mr[0m|| 8
[32;1m[Board] [0m  -------------------
[32;1m[Board] [0m7 || |[30;1mp[0m|[30;1mp[0m|[30;1mp[0m| |[30;1mp[0m|[30;1mp[0m|[30;1mp[0m|| 7
[32;1m[Board] [0m  -------------------
[32;1m[Board] [0m6 ||[30;1mp[0m| |[30;1mk[0m| |[7;1m [0m| |[7;1m [0m| || 6
[32;1m[Board] [0m  -------------------
[32;1m[Board] [0m5 || |[7;1m [0m| |[7;1m [0m|[30;1mp[0m|[7;1m [0m| |[0;1mQ[0m|| 5
[32;1m[Board] [0m  -------------------
[32;1m[Board] [0m4 ||[7;1m [0m| |[7;1m [0m| |[0;1mp[0m| |[7;1m [0m| || 4
[32;1m[Board] [0m  -------------------
[32;1m[Board] [0m3 || |[7;1m [0m|[0;1mk[0m|[7;1m [0m| |[7;1m [0m| |[7;1m [0m|| 3
[32;1m[Board] [0m  -------------------
[32;1m[Board] [0m2 ||[0;1mp[0m|[0;1mp[0m|[0;1mp[0m|[0;1mp[0m|[7;1m [0m|[0;1mp[0m|[0;1mp[0m|[0;1mp[0m|| 2
[32;1m[Board] [0m  -------------------
[32;1m[Board] [0m1 ||[0;1mr[0m|[7;1m [0m|[0;1mb[0m|[7;1m [0m|[0;1mK[0m|[0;1mb[0m|[0;1mk[0m|[0;1mr[0m|| 1
[32;1m[Board] [0m  -------------------
[32;1m[Board] [0m    a b c d e f g h
[32;1m[Board] [0m
[32;1m[Referee] [0mThis is the turn of the White player...
[DEBUG] Input history filename: championship/logic-and-proofs-xplorers/history.csv
[DEBUG] Output move file: championship/logic-and-proofs-xplorers/move.csv
starting search...
searched and found best move in search: 5866
Total nodes searched: 65914
how i see the board before writing next move: Turn: White
Enpassant: xx	Castling: WK WQ BK BQ 
   ---- ---- ---- ---- ---- ---- ---- ----
8 | r  |    | b  | q  | k  | b  | n  | r  |
   ---- ---- ---- ---- ---- ---- ---- ----
7 |    | p  | p  | p  |    | p  | p  | p  |
   ---- ---- ---- ---- ---- ---- ---- ----
6 | p  |    | n  |    |    |    |    |    |
   ---- ---- ---- ---- ---- ---- ---- ----
5 |    |    |    |    | p  |    |    | Q  |
   ---- ---- ---- ---- ---- ---- ---- ----
4 |    |    |    |    | P  |    |    |    |
   ---- ---- ---- ---- ---- ---- ---- ----
3 |    |    | N  |    |    |    |    |    |
   ---- ---- ---- ---- ---- ---- ---- ----
2 | P  | P  | P  | P  |    | P  | P  | P  |
   ---- ---- ---- ---- ---- ---- ---- ----
1 | R  |    | B  |    | K  | B  | N  | R  |
   ---- ---- ---- ---- ---- ---- ---- ----
    a    b    c    d    e    f    g    h
[DEBUG] [Parser] Wrote to ouput file championship/logic-and-proofs-xplorers/move.csv move : c3d5
[32;1m[Game] [0mPlayer's error code: 0
[32;1m[Game] [0mChecking move validity...
[32;1m[Board] [0mInitializing board...
[32;1m[Board] [0mLoading history file `championship/logic-and-proofs-xplorers/history.csv`...
[32;1m[Board] [0mLoaded 6 move(s).
[32;1m[Board] [0mLoading move file `championship/logic-and-proofs-xplorers/move.csv`...
[32;1m[Board] [0mWhite player is playing c3 to d5.
[32;1m[Board] [0m
[32;1m[Board] [0m    a b c d e f g h 
[32;1m[Board] [0m  -------------------
[32;1m[Board] [0m8 ||[30;1mr[0m| |[30;1mb[0m|[30;1mQ[0m|[30;1mK[0m|[30;1mb[0m|[30;1mk[0m|[30;1mr[0m|| 8
[32;1m[Board] [0m  -------------------
[32;1m[Board] [0m7 || |[30;1mp[0m|[30;1mp[0m|[30;1mp[0m| |[30;1mp[0m|[30;1mp[0m|[30;1mp[0m|| 7
[32;1m[Board] [0m  -------------------
[32;1m[Board] [0m6 ||[30;1mp[0m| |[30;1mk[0m| |[7;1m [0m| |[7;1m [0m| || 6
[32;1m[Board] [0m  -------------------
[32;1m[Board] [0m5 || |[7;1m [0m| |[0;1mk[0m|[30;1mp[0m|[7;1m [0m| |[0;1mQ[0m|| 5
[32;1m[Board] [0m  -------------------
[32;1m[Board] [0m4 ||[7;1m [0m| |[7;1m [0m| |[0;1mp[0m| |[7;1m [0m| || 4
[32;1m[Board] [0m  -------------------
[32;1m[Board] [0m3 || |[7;1m [0m| |[7;1m [0m| |[7;1m [0m| |[7;1m [0m|| 3
[32;1m[Board] [0m  -------------------
[32;1m[Board] [0m2 ||[0;1mp[0m|[0;1mp[0m|[0;1mp[0m|[0;1mp[0m|[7;1m [0m|[0;1mp[0m|[0;1mp[0m|[0;1mp[0m|| 2
[32;1m[Board] [0m  -------------------
[32;1m[Board] [0m1 ||[0;1mr[0m|[7;1m [0m|[0;1mb[0m|[7;1m [0m|[0;1mK[0m|[0;1mb[0m|[0;1mk[0m|[0;1mr[0m|| 1
[32;1m[Board] [0m  -------------------
[32;1m[Board] [0m    a b c d e f g h
[32;1m[Board] [0m
[32;1m[Referee] [0mThis is the turn of the Black player...
championship/logic-and-proofs-xplorers/history.csv
1
1
1
1
1
1
1
1
Wrote move "g8h6" to championship/logic-and-proofs-xplorers/move.csv
-----------------------------------------
| br |    | bb | bq | bK | bb | bn | br |
-----------------------------------------
|    | bp | bp | bp |    | bp | bp | bp |
-----------------------------------------
| bp |    | bn |    |    |    |    |    |
-----------------------------------------
|    |    |    | wn | bp |    |    | wq |
-----------------------------------------
|    |    |    |    | wp |    |    |    |
-----------------------------------------
|    |    |    |    |    |    |    |    |
-----------------------------------------
| wp | wp | wp | wp |    | wp | wp | wp |
-----------------------------------------
| wr |    | wb |    | wK | wb | wn | wr |
-----------------------------------------
[32;1m[Game] [0mPlayer's error code: 0
[32;1m[Game] [0mChecking move validity...
[32;1m[Board] [0mInitializing board...
[32;1m[Board] [0mLoading history file `championship/logic-and-proofs-xplorers/history.csv`...
[32;1m[Board] [0mLoaded 7 move(s).
[32;1m[Board] [0mLoading move file `championship/logic-and-proofs-xplorers/move.csv`...
[32;1m[Board] [0mBlack player is playing g8 to h6.
[32;1m[Board] [0m
[32;1m[Board] [0m    a b c d e f g h 
[32;1m[Board] [0m  -------------------
[32;1m[Board] [0m8 ||[30;1mr[0m| |[30;1mb[0m|[30;1mQ[0m|[30;1mK[0m|[30;1mb[0m|[7;1m [0m|[30;1mr[0m|| 8
[32;1m[Board] [0m  -------------------
[32;1m[Board] [0m7 || |[30;1mp[0m|[30;1mp[0m|[30;1mp[0m| |[30;1mp[0m|[30;1mp[0m|[30;1mp[0m|| 7
[32;1m[Board] [0m  -------------------
[32;1m[Board] [0m6 ||[30;1mp[0m| |[30;1mk[0m| |[7;1m [0m| |[7;1m [0m|[30;1mk[0m|| 6
[32;1m[Board] [0m  -------------------
[32;1m[Board] [0m5 || |[7;1m [0m| |[0;1mk[0m|[30;1mp[0m|[7;1m [0m| |[0;1mQ[0m|| 5
[32;1m[Board] [0m  -------------------
[32;1m[Board] [0m4 ||[7;1m [0m| |[7;1m [0m| |[0;1mp[0m| |[7;1m [0m| || 4
[32;1m[Board] [0m  -------------------
[32;1m[Board] [0m3 || |[7;1m [0m| |[7;1m [0m| |[7;1m [0m| |[7;1m [0m|| 3
[32;1m[Board] [0m  -------------------
[32;1m[Board] [0m2 ||[0;1mp[0m|[0;1mp[0m|[0;1mp[0m|[0;1mp[0m|[7;1m [0m|[0;1mp[0m|[0;1mp[0m|[0;1mp[0m|| 2
[32;1m[Board] [0m  -------------------
[32;1m[Board] [0m1 ||[0;1mr[0m|[7;1m [0m|[0;1mb[0m|[7;1m [0m|[0;1mK[0m|[0;1mb[0m|[0;1mk[0m|[0;1mr[0m|| 1
[32;1m[Board] [0m  -------------------
[32;1m[Board] [0m    a b c d e f g h
[32;1m[Board] [0m
[32;1m[Referee] [0mThis is the turn of the White player...
[DEBUG] Input history filename: championship/logic-and-proofs-xplorers/history.csv
[DEBUG] Output move file: championship/logic-and-proofs-xplorers/move.csv
starting search...
searched and found best move in search: 2099443
Total nodes searched: 63853
how i see the board before writing next move: Turn: White
Enpassant: xx	Castling: WK WQ BK BQ 
   ---- ---- ---- ---- ---- ---- ---- ----
8 | r  |    | b  | q  | k  | b  |    | r  |
   ---- ---- ---- ---- ---- ---- ---- ----
7 |    | p  | p  | p  |    | p  | p  | p  |
   ---- ---- ---- ---- ---- ---- ---- ----
6 | p  |    | n  |    |    |    |    | n  |
   ---- ---- ---- ---- ---- ---- ---- ----
5 |    |    |    | N  | p  |    |    | Q  |
   ---- ---- ---- ---- ---- ---- ---- ----
4 |    |    |    |    | P  |    |    |    |
   ---- ---- ---- ---- ---- ---- ---- ----
3 |    |    |    |    |    |    |    |    |
   ---- ---- ---- ---- ---- ---- ---- ----
2 | P  | P  | P  | P  |    | P  | P  | P  |
   ---- ---- ---- ---- ---- ---- ---- ----
1 | R  |    | B  |    | K  | B  | N  | R  |
   ---- ---- ---- ---- ---- ---- ---- ----
    a    b    c    d    e    f    g    h
[DEBUG] [Parser] Wrote to ouput file championship/logic-and-proofs-xplorers/move.csv move : d2d4
[32;1m[Game] [0mPlayer's error code: 0
[32;1m[Game] [0mChecking move validity...
[32;1m[Board] [0mInitializing board...
[32;1m[Board] [0mLoading history file `championship/logic-and-proofs-xplorers/history.csv`...
[32;1m[Board] [0mLoaded 8 move(s).
[32;1m[Board] [0mLoading move file `championship/logic-and-proofs-xplorers/move.csv`...
[32;1m[Board] [0mWhite player is playing d2 to d4.
[32;1m[Board] [0m
[32;1m[Board] [0m    a b c d e f g h 
[32;1m[Board] [0m  -------------------
[32;1m[Board] [0m8 ||[30;1mr[0m| |[30;1mb[0m|[30;1mQ[0m|[30;1mK[0m|[30;1mb[0m|[7;1m [0m|[30;1mr[0m|| 8
[32;1m[Board] [0m  -------------------
[32;1m[Board] [0m7 || |[30;1mp[0m|[30;1mp[0m|[30;1mp[0m| |[30;1mp[0m|[30;1mp[0m|[30;1mp[0m|| 7
[32;1m[Board] [0m  -------------------
[32;1m[Board] [0m6 ||[30;1mp[0m| |[30;1mk[0m| |[7;1m [0m| |[7;1m [0m|[30;1mk[0m|| 6
[32;1m[Board] [0m  -------------------
[32;1m[Board] [0m5 || |[7;1m [0m| |[0;1mk[0m|[30;1mp[0m|[7;1m [0m| |[0;1mQ[0m|| 5
[32;1m[Board] [0m  -------------------
[32;1m[Board] [0m4 ||[7;1m [0m| |[7;1m [0m|[0;1mp[0m|[0;1mp[0m| |[7;1m [0m| || 4
[32;1m[Board] [0m  -------------------
[32;1m[Board] [0m3 || |[7;1m [0m| |[7;1m [0m| |[7;1m [0m| |[7;1m [0m|| 3
[32;1m[Board] [0m  -------------------
[32;1m[Board] [0m2 ||[0;1mp[0m|[0;1mp[0m|[0;1mp[0m| |[7;1m [0m|[0;1mp[0m|[0;1mp[0m|[0;1mp[0m|| 2
[32;1m[Board] [0m  -------------------
[32;1m[Board] [0m1 ||[0;1mr[0m|[7;1m [0m|[0;1mb[0m|[7;1m [0m|[0;1mK[0m|[0;1mb[0m|[0;1mk[0m|[0;1mr[0m|| 1
[32;1m[Board] [0m  -------------------
[32;1m[Board] [0m    a b c d e f g h
[32;1m[Board] [0m
[32;1m[Referee] [0mThis is the turn of the Black player...
championship/logic-and-proofs-xplorers/history.csv
1
1
1
1
1
1
1
1
Wrote move "b7b6" to championship/logic-and-proofs-xplorers/move.csv
-----------------------------------------
| br |    | bb | bq | bK | bb |    | br |
-----------------------------------------
|    | bp | bp | bp |    | bp | bp | bp |
-----------------------------------------
| bp |    | bn |    |    |    |    | bn |
-----------------------------------------
|    |    |    | wn | bp |    |    | wq |
-----------------------------------------
|    |    |    | wp | wp |    |    |    |
-----------------------------------------
|    |    |    |    |    |    |    |    |
-----------------------------------------
| wp | wp | wp |    |    | wp | wp | wp |
-----------------------------------------
| wr |    | wb |    | wK | wb | wn | wr |
-----------------------------------------
[32;1m[Game] [0mPlayer's error code: 0
[32;1m[Game] [0mChecking move validity...
[32;1m[Board] [0mInitializing board...
[32;1m[Board] [0mLoading history file `championship/logic-and-proofs-xplorers/history.csv`...
[32;1m[Board] [0mLoaded 9 move(s).
[32;1m[Board] [0mLoading move file `championship/logic-and-proofs-xplorers/move.csv`...
[32;1m[Board] [0mBlack player is playing b7 to b6.
[32;1m[Board] [0m
[32;1m[Board] [0m    a b c d e f g h 
[32;1m[Board] [0m  -------------------
[32;1m[Board] [0m8 ||[30;1mr[0m| |[30;1mb[0m|[30;1mQ[0m|[30;1mK[0m|[30;1mb[0m|[7;1m [0m|[30;1mr[0m|| 8
[32;1m[Board] [0m  -------------------
[32;1m[Board] [0m7 || |[7;1m [0m|[30;1mp[0m|[30;1mp[0m| |[30;1mp[0m|[30;1mp[0m|[30;1mp[0m|| 7
[32;1m[Board] [0m  -------------------
[32;1m[Board] [0m6 ||[30;1mp[0m|[30;1mp[0m|[30;1mk[0m| |[7;1m [0m| |[7;1m [0m|[30;1mk[0m|| 6
[32;1m[Board] [0m  -------------------
[32;1m[Board] [0m5 || |[7;1m [0m| |[0;1mk[0m|[30;1mp[0m|[7;1m [0m| |[0;1mQ[0m|| 5
[32;1m[Board] [0m  -------------------
[32;1m[Board] [0m4 ||[7;1m [0m| |[7;1m [0m|[0;1mp[0m|[0;1mp[0m| |[7;1m [0m| || 4
[32;1m[Board] [0m  -------------------
[32;1m[Board] [0m3 || |[7;1m [0m| |[7;1m [0m| |[7;1m [0m| |[7;1m [0m|| 3
[32;1m[Board] [0m  -------------------
[32;1m[Board] [0m2 ||[0;1mp[0m|[0;1mp[0m|[0;1mp[0m| |[7;1m [0m|[0;1mp[0m|[0;1mp[0m|[0;1mp[0m|| 2
[32;1m[Board] [0m  -------------------
[32;1m[Board] [0m1 ||[0;1mr[0m|[7;1m [0m|[0;1mb[0m|[7;1m [0m|[0;1mK[0m|[0;1mb[0m|[0;1mk[0m|[0;1mr[0m|| 1
[32;1m[Board] [0m  -------------------
[32;1m[Board] [0m    a b c d e f g h
[32;1m[Board] [0m
[32;1m[Referee] [0mThis is the turn of the White player...
[DEBUG] Input history filename: championship/logic-and-proofs-xplorers/history.csv
[DEBUG] Output move file: championship/logic-and-proofs-xplorers/move.csv
starting search...
searched and found best move in search: 10170
Total nodes searched: 21284
how i see the board before writing next move: Turn: White
Enpassant: xx	Castling: WK WQ BK BQ 
   ---- ---- ---- ---- ---- ---- ---- ----
8 | r  |    | b  | q  | k  | b  |    | r  |
   ---- ---- ---- ---- ---- ---- ---- ----
7 |    |    | p  | p  |    | p  | p  | p  |
   ---- ---- ---- ---- ---- ---- ---- ----
6 | p  | p  | n  |    |    |    |    | n  |
   ---- ---- ---- ---- ---- ---- ---- ----
5 |    |    |    | N  | p  |    |    | Q  |
   ---- ---- ---- ---- ---- ---- ---- ----
4 |    |    |    | P  | P  |    |    |    |
   ---- ---- ---- ---- ---- ---- ---- ----
3 |    |    |    |    |    |    |    |    |
   ---- ---- ---- ---- ---- ---- ---- ----
2 | P  | P  | P  |    |    | P  | P  | P  |
   ---- ---- ---- ---- ---- ---- ---- ----
1 | R  |    | B  |    | K  | B  | N  | R  |
   ---- ---- ---- ---- ---- ---- ---- ----
    a    b    c    d    e    f    g    h
[DEBUG] [Parser] Wrote to ouput file championship/logic-and-proofs-xplorers/move.csv move : c1g5
[32;1m[Game] [0mPlayer's error code: 0
[32;1m[Game] [0mChecking move validity...
[32;1m[Board] [0mInitializing board...
[32;1m[Board] [0mLoading history file `championship/logic-and-proofs-xplorers/history.csv`...
[32;1m[Board] [0mLoaded 10 move(s).
[32;1m[Board] [0mLoading move file `championship/logic-and-proofs-xplorers/move.csv`...
[32;1m[Board] [0mWhite player is playing c1 to g5.
[32;1m[Board] [0m
[32;1m[Board] [0m    a b c d e f g h 
[32;1m[Board] [0m  -------------------
[32;1m[Board] [0m8 ||[30;1mr[0m| |[30;1mb[0m|[30;1mQ[0m|[30;1mK[0m|[30;1mb[0m|[7;1m [0m|[30;1mr[0m|| 8
[32;1m[Board] [0m  -------------------
[32;1m[Board] [0m7 || |[7;1m [0m|[30;1mp[0m|[30;1mp[0m| |[30;1mp[0m|[30;1mp[0m|[30;1mp[0m|| 7
[32;1m[Board] [0m  -------------------
[32;1m[Board] [0m6 ||[30;1mp[0m|[30;1mp[0m|[30;1mk[0m| |[7;1m [0m| |[7;1m [0m|[30;1mk[0m|| 6
[32;1m[Board] [0m  -------------------
[32;1m[Board] [0m5 || |[7;1m [0m| |[0;1mk[0m|[30;1mp[0m|[7;1m [0m|[0;1mb[0m|[0;1mQ[0m|| 5
[32;1m[Board] [0m  -------------------
[32;1m[Board] [0m4 ||[7;1m [0m| |[7;1m [0m|[0;1mp[0m|[0;1mp[0m| |[7;1m [0m| || 4
[32;1m[Board] [0m  -------------------
[32;1m[Board] [0m3 || |[7;1m [0m| |[7;1m [0m| |[7;1m [0m| |[7;1m [0m|| 3
[32;1m[Board] [0m  -------------------
[32;1m[Board] [0m2 ||[0;1mp[0m|[0;1mp[0m|[0;1mp[0m| |[7;1m [0m|[0;1mp[0m|[0;1mp[0m|[0;1mp[0m|| 2
[32;1m[Board] [0m  -------------------
[32;1m[Board] [0m1 ||[0;1mr[0m|[7;1m [0m| |[7;1m [0m|[0;1mK[0m|[0;1mb[0m|[0;1mk[0m|[0;1mr[0m|| 1
[32;1m[Board] [0m  -------------------
[32;1m[Board] [0m    a b c d e f g h
[32;1m[Board] [0m
[32;1m[Referee] [0mThis is the turn of the Black player...
championship/logic-and-proofs-xplorers/history.csv
1
1
1
1
1
1
1
1
Wrote move "f8a3" to championship/logic-and-proofs-xplorers/move.csv
-----------------------------------------
| br |    | bb | bq | bK | bb |    | br |
-----------------------------------------
|    |    | bp | bp |    | bp | bp | bp |
-----------------------------------------
| bp | bp | bn |    |    |    |    | bn |
-----------------------------------------
|    |    |    | wn | bp |    | wb | wq |
-----------------------------------------
|    |    |    | wp | wp |    |    |    |
-----------------------------------------
|    |    |    |    |    |    |    |    |
-----------------------------------------
| wp | wp | wp |    |    | wp | wp | wp |
-----------------------------------------
| wr |    |    |    | wK | wb | wn | wr |
-----------------------------------------
[32;1m[Game] [0mPlayer's error code: 0
[32;1m[Game] [0mChecking move validity...
[32;1m[Board] [0mInitializing board...
[32;1m[Board] [0mLoading history file `championship/logic-and-proofs-xplorers/history.csv`...
[32;1m[Board] [0mLoaded 11 move(s).
[32;1m[Board] [0mLoading move file `championship/logic-and-proofs-xplorers/move.csv`...
[32;1m[Board] [0mBlack player is playing f8 to a3.
[32;1m[Board] [0m
[32;1m[Board] [0m    a b c d e f g h 
[32;1m[Board] [0m  -------------------
[32;1m[Board] [0m8 ||[30;1mr[0m| |[30;1mb[0m|[30;1mQ[0m|[30;1mK[0m| |[7;1m [0m|[30;1mr[0m|| 8
[32;1m[Board] [0m  -------------------
[32;1m[Board] [0m7 || |[7;1m [0m|[30;1mp[0m|[30;1mp[0m| |[30;1mp[0m|[30;1mp[0m|[30;1mp[0m|| 7
[32;1m[Board] [0m  -------------------
[32;1m[Board] [0m6 ||[30;1mp[0m|[30;1mp[0m|[30;1mk[0m| |[7;1m [0m| |[7;1m [0m|[30;1mk[0m|| 6
[32;1m[Board] [0m  -------------------
[32;1m[Board] [0m5 || |[7;1m [0m| |[0;1mk[0m|[30;1mp[0m|[7;1m [0m|[0;1mb[0m|[0;1mQ[0m|| 5
[32;1m[Board] [0m  -------------------
[32;1m[Board] [0m4 ||[7;1m [0m| |[7;1m [0m|[0;1mp[0m|[0;1mp[0m| |[7;1m [0m| || 4
[32;1m[Board] [0m  -------------------
[32;1m[Board] [0m3 ||[30;1mb[0m|[7;1m [0m| |[7;1m [0m| |[7;1m [0m| |[7;1m [0m|| 3
[32;1m[Board] [0m  -------------------
[32;1m[Board] [0m2 ||[0;1mp[0m|[0;1mp[0m|[0;1mp[0m| |[7;1m [0m|[0;1mp[0m|[0;1mp[0m|[0;1mp[0m|| 2
[32;1m[Board] [0m  -------------------
[32;1m[Board] [0m1 ||[0;1mr[0m|[7;1m [0m| |[7;1m [0m|[0;1mK[0m|[0;1mb[0m|[0;1mk[0m|[0;1mr[0m|| 1
[32;1m[Board] [0m  -------------------
[32;1m[Board] [0m    a b c d e f g h
[32;1m[Board] [0m
[32;1m[Referee] [0mThis is the turn of the White player...
[DEBUG] Input history filename: championship/logic-and-proofs-xplorers/history.csv
[DEBUG] Output move file: championship/logic-and-proofs-xplorers/move.csv
starting search...
searched and found best move in search: 1056990
Total nodes searched: 29415
how i see the board before writing next move: Turn: White
Enpassant: xx	Castling: WK WQ BK BQ 
   ---- ---- ---- ---- ---- ---- ---- ----
8 | r  |    | b  | q  | k  |    |    | r  |
   ---- ---- ---- ---- ---- ---- ---- ----
7 |    |    | p  | p  |    | p  | p  | p  |
   ---- ---- ---- ---- ---- ---- ---- ----
6 | p  | p  | n  |    |    |    |    | n  |
   ---- ---- ---- ---- ---- ---- ---- ----
5 |    |    |    | N  | p  |    | B  | Q  |
   ---- ---- ---- ---- ---- ---- ---- ----
4 |    |    |    | P  | P  |    |    |    |
   ---- ---- ---- ---- ---- ---- ---- ----
3 | b  |    |    |    |    |    |    |    |
   ---- ---- ---- ---- ---- ---- ---- ----
2 | P  | P  | P  |    |    | P  | P  | P  |
   ---- ---- ---- ---- ---- ---- ---- ----
1 | R  |    |    |    | K  | B  | N  | R  |
   ---- ---- ---- ---- ---- ---- ---- ----
    a    b    c    d    e    f    g    h
[DEBUG] [Parser] Wrote to ouput file championship/logic-and-proofs-xplorers/move.csv move : g5d8
[32;1m[Game] [0mPlayer's error code: 0
[32;1m[Game] [0mChecking move validity...
[32;1m[Board] [0mInitializing board...
[32;1m[Board] [0mLoading history file `championship/logic-and-proofs-xplorers/history.csv`...
[32;1m[Board] [0mLoaded 12 move(s).
[32;1m[Board] [0mLoading move file `championship/logic-and-proofs-xplorers/move.csv`...
[32;1m[Board] [0mWhite player is playing g5 to d8.
[32;1m[Board] [0m[5;1mWhite Bishop is taking Black Queen.[0m
[32;1m[Board] [0m
[32;1m[Board] [0m    a b c d e f g h 
[32;1m[Board] [0m  -------------------
[32;1m[Board] [0m8 ||[30;1mr[0m| |[30;1mb[0m|[0;1mb[0m|[30;1mK[0m| |[7;1m [0m|[30;1mr[0m|| 8
[32;1m[Board] [0m  -------------------
[32;1m[Board] [0m7 || |[7;1m [0m|[30;1mp[0m|[30;1mp[0m| |[30;1mp[0m|[30;1mp[0m|[30;1mp[0m|| 7
[32;1m[Board] [0m  -------------------
[32;1m[Board] [0m6 ||[30;1mp[0m|[30;1mp[0m|[30;1mk[0m| |[7;1m [0m| |[7;1m [0m|[30;1mk[0m|| 6
[32;1m[Board] [0m  -------------------
[32;1m[Board] [0m5 || |[7;1m [0m| |[0;1mk[0m|[30;1mp[0m|[7;1m [0m| |[0;1mQ[0m|| 5
[32;1m[Board] [0m  -------------------
[32;1m[Board] [0m4 ||[7;1m [0m| |[7;1m [0m|[0;1mp[0m|[0;1mp[0m| |[7;1m [0m| || 4
[32;1m[Board] [0m  -------------------
[32;1m[Board] [0m3 ||[30;1mb[0m|[7;1m [0m| |[7;1m [0m| |[7;1m [0m| |[7;1m [0m|| 3
[32;1m[Board] [0m  -------------------
[32;1m[Board] [0m2 ||[0;1mp[0m|[0;1mp[0m|[0;1mp[0m| |[7;1m [0m|[0;1mp[0m|[0;1mp[0m|[0;1mp[0m|| 2
[32;1m[Board] [0m  -------------------
[32;1m[Board] [0m1 ||[0;1mr[0m|[7;1m [0m| |[7;1m [0m|[0;1mK[0m|[0;1mb[0m|[0;1mk[0m|[0;1mr[0m|| 1
[32;1m[Board] [0m  -------------------
[32;1m[Board] [0m    a b c d e f g h
[32;1m[Board] [0m
[32;1m[Referee] [0mThis is the turn of the Black player...
championship/logic-and-proofs-xplorers/history.csv
1
1
1
1
1
1
1
1
Wrote move "c6d4" to championship/logic-and-proofs-xplorers/move.csv
-----------------------------------------
| br |    | bb | wb | bK |    |    | br |
-----------------------------------------
|    |    | bp | bp |    | bp | bp | bp |
-----------------------------------------
| bp | bp | bn |    |    |    |    | bn |
-----------------------------------------
|    |    |    | wn | bp |    |    | wq |
-----------------------------------------
|    |    |    | wp | wp |    |    |    |
-----------------------------------------
| bb |    |    |    |    |    |    |    |
-----------------------------------------
| wp | wp | wp |    |    | wp | wp | wp |
-----------------------------------------
| wr |    |    |    | wK | wb | wn | wr |
-----------------------------------------
[32;1m[Game] [0mPlayer's error code: 0
[32;1m[Game] [0mChecking move validity...
[32;1m[Board] [0mInitializing board...
[32;1m[Board] [0mLoading history file `championship/logic-and-proofs-xplorers/history.csv`...
[32;1m[Board] [0mLoaded 13 move(s).
[32;1m[Board] [0mLoading move file `championship/logic-and-proofs-xplorers/move.csv`...
[32;1m[Board] [0mBlack player is playing c6 to d4.
[32;1m[Board] [0m[5;1mBlack Knight is taking White Pawn.[0m
[32;1m[Board] [0m
[32;1m[Board] [0m    a b c d e f g h 
[32;1m[Board] [0m  -------------------
[32;1m[Board] [0m8 ||[30;1mr[0m| |[30;1mb[0m|[0;1mb[0m|[30;1mK[0m| |[7;1m [0m|[30;1mr[0m|| 8
[32;1m[Board] [0m  -------------------
[32;1m[Board] [0m7 || |[7;1m [0m|[30;1mp[0m|[30;1mp[0m| |[30;1mp[0m|[30;1mp[0m|[30;1mp[0m|| 7
[32;1m[Board] [0m  -------------------
[32;1m[Board] [0m6 ||[30;1mp[0m|[30;1mp[0m|[7;1m [0m| |[7;1m [0m| |[7;1m [0m|[30;1mk[0m|| 6
[32;1m[Board] [0m  -------------------
[32;1m[Board] [0m5 || |[7;1m [0m| |[0;1mk[0m|[30;1mp[0m|[7;1m [0m| |[0;1mQ[0m|| 5
[32;1m[Board] [0m  -------------------
[32;1m[Board] [0m4 ||[7;1m [0m| |[7;1m [0m|[30;1mk[0m|[0;1mp[0m| |[7;1m [0m| || 4
[32;1m[Board] [0m  -------------------
[32;1m[Board] [0m3 ||[30;1mb[0m|[7;1m [0m| |[7;1m [0m| |[7;1m [0m| |[7;1m [0m|| 3
[32;1m[Board] [0m  -------------------
[32;1m[Board] [0m2 ||[0;1mp[0m|[0;1mp[0m|[0;1mp[0m| |[7;1m [0m|[0;1mp[0m|[0;1mp[0m|[0;1mp[0m|| 2
[32;1m[Board] [0m  -------------------
[32;1m[Board] [0m1 ||[0;1mr[0m|[7;1m [0m| |[7;1m [0m|[0;1mK[0m|[0;1mb[0m|[0;1mk[0m|[0;1mr[0m|| 1
[32;1m[Board] [0m  -------------------
[32;1m[Board] [0m    a b c d e f g h
[32;1m[Board] [0m
[32;1m[Referee] [0mThis is the turn of the White player...
[DEBUG] Input history filename: championship/logic-and-proofs-xplorers/history.csv
[DEBUG] Output move file: championship/logic-and-proofs-xplorers/move.csv
starting search...
searched and found best move in search: 1066783
Total nodes searched: 130908
how i see the board before writing next move: Turn: White
Enpassant: xx	Castling: WK WQ BK BQ 
   ---- ---- ---- ---- ---- ---- ---- ----
8 | r  |    | b  | B  | k  |    |    | r  |
   ---- ---- ---- ---- ---- ---- ---- ----
7 |    |    | p  | p  |    | p  | p  | p  |
   ---- ---- ---- ---- ---- ---- ---- ----
6 | p  | p  |    |    |    |    |    | n  |
   ---- ---- ---- ---- ---- ---- ---- ----
5 |    |    |    | N  | p  |    |    | Q  |
   ---- ---- ---- ---- ---- ---- ---- ----
4 |    |    |    | n  | P  |    |    |    |
   ---- ---- ---- ---- ---- ---- ---- ----
3 | b  |    |    |    |    |    |    |    |
   ---- ---- ---- ---- ---- ---- ---- ----
2 | P  | P  | P  |    |    | P  | P  | P  |
   ---- ---- ---- ---- ---- ---- ---- ----
1 | R  |    |    |    | K  | B  | N  | R  |
   ---- ---- ---- ---- ---- ---- ---- ----
    a    b    c    d    e    f    g    h
[DEBUG] [Parser] Wrote to ouput file championship/logic-and-proofs-xplorers/move.csv move : h5e5
[32;1m[Game] [0mPlayer's error code: 0
[32;1m[Game] [0mChecking move validity...
[32;1m[Board] [0mInitializing board...
[32;1m[Board] [0mLoading history file `championship/logic-and-proofs-xplorers/history.csv`...
[32;1m[Board] [0mLoaded 14 move(s).
[32;1m[Board] [0mLoading move file `championship/logic-and-proofs-xplorers/move.csv`...
[32;1m[Board] [0mWhite player is playing h5 to e5.
[32;1m[Board] [0m[5;1mWhite Queen is taking Black Pawn.[0m
[32;1m[Board] [0m
[32;1m[Board] [0m    a b c d e f g h 
[32;1m[Board] [0m  -------------------
[32;1m[Board] [0m8 ||[30;1mr[0m| |[30;1mb[0m|[0;1mb[0m|[30;1mK[0m| |[7;1m [0m|[30;1mr[0m|| 8
[32;1m[Board] [0m  -------------------
[32;1m[Board] [0m7 || |[7;1m [0m|[30;1mp[0m|[30;1mp[0m| |[30;1mp[0m|[30;1mp[0m|[30;1mp[0m|| 7
[32;1m[Board] [0m  -------------------
[32;1m[Board] [0m6 ||[30;1mp[0m|[30;1mp[0m|[7;1m [0m| |[7;1m [0m| |[7;1m [0m|[30;1mk[0m|| 6
[32;1m[Board] [0m  -------------------
[32;1m[Board] [0m5 || |[7;1m [0m| |[0;1mk[0m|[0;1mQ[0m|[7;1m [0m| |[7;1m [0m|| 5
[32;1m[Board] [0m  -------------------
[32;1m[Board] [0m4 ||[7;1m [0m| |[7;1m [0m|[30;1mk[0m|[0;1mp[0m| |[7;1m [0m| || 4
[32;1m[Board] [0m  -------------------
[32;1m[Board] [0m3 ||[30;1mb[0m|[7;1m [0m| |[7;1m [0m| |[7;1m [0m| |[7;1m [0m|| 3
[32;1m[Board] [0m  -------------------
[32;1m[Board] [0m2 ||[0;1mp[0m|[0;1mp[0m|[0;1mp[0m| |[7;1m [0m|[0;1mp[0m|[0;1mp[0m|[0;1mp[0m|| 2
[32;1m[Board] [0m  -------------------
[32;1m[Board] [0m1 ||[0;1mr[0m|[7;1m [0m| |[7;1m [0m|[0;1mK[0m|[0;1mb[0m|[0;1mk[0m|[0;1mr[0m|| 1
[32;1m[Board] [0m  -------------------
[32;1m[Board] [0m    a b c d e f g h
[32;1m[Board] [0m
[32;1m[Referee] [0mThis is the turn of the Black player...
[32;1m[Board] [0m[33;1m[WARNING][0m [5;1mBlack King in check![0m
[32;1m[Board] [0m[33;1m[WARNING][0m    Threatened by White Queen (e5)
championship/logic-and-proofs-xplorers/history.csv
1
1
1
0
1
1
1
1
Wrote move "a3e7" to championship/logic-and-proofs-xplorers/move.csv
-----------------------------------------
| br |    | bb | wb | bK |    |    | br |
-----------------------------------------
|    |    | bp | bp |    | bp | bp | bp |
-----------------------------------------
| bp | bp |    |    |    |    |    | bn |
-----------------------------------------
|    |    |    | wn | wq |    |    |    |
-----------------------------------------
|    |    |    | bn | wp |    |    |    |
-----------------------------------------
| bb |    |    |    |    |    |    |    |
-----------------------------------------
| wp | wp | wp |    |    | wp | wp | wp |
-----------------------------------------
| wr |    |    |    | wK | wb | wn | wr |
-----------------------------------------
[32;1m[Game] [0mPlayer's error code: 0
[32;1m[Game] [0mChecking move validity...
[32;1m[Board] [0mInitializing board...
[32;1m[Board] [0mLoading history file `championship/logic-and-proofs-xplorers/history.csv`...
[32;1m[Board] [0mLoaded 15 move(s).
[32;1m[Board] [0mLoading move file `championship/logic-and-proofs-xplorers/move.csv`...
[32;1m[Board] [0mBlack player is playing a3 to e7.
[32;1m[Board] [0m
[32;1m[Board] [0m    a b c d e f g h 
[32;1m[Board] [0m  -------------------
[32;1m[Board] [0m8 ||[30;1mr[0m| |[30;1mb[0m|[0;1mb[0m|[30;1mK[0m| |[7;1m [0m|[30;1mr[0m|| 8
[32;1m[Board] [0m  -------------------
[32;1m[Board] [0m7 || |[7;1m [0m|[30;1mp[0m|[30;1mp[0m|[30;1mb[0m|[30;1mp[0m|[30;1mp[0m|[30;1mp[0m|| 7
[32;1m[Board] [0m  -------------------
[32;1m[Board] [0m6 ||[30;1mp[0m|[30;1mp[0m|[7;1m [0m| |[7;1m [0m| |[7;1m [0m|[30;1mk[0m|| 6
[32;1m[Board] [0m  -------------------
[32;1m[Board] [0m5 || |[7;1m [0m| |[0;1mk[0m|[0;1mQ[0m|[7;1m [0m| |[7;1m [0m|| 5
[32;1m[Board] [0m  -------------------
[32;1m[Board] [0m4 ||[7;1m [0m| |[7;1m [0m|[30;1mk[0m|[0;1mp[0m| |[7;1m [0m| || 4
[32;1m[Board] [0m  -------------------
[32;1m[Board] [0m3 || |[7;1m [0m| |[7;1m [0m| |[7;1m [0m| |[7;1m [0m|| 3
[32;1m[Board] [0m  -------------------
[32;1m[Board] [0m2 ||[0;1mp[0m|[0;1mp[0m|[0;1mp[0m| |[7;1m [0m|[0;1mp[0m|[0;1mp[0m|[0;1mp[0m|| 2
[32;1m[Board] [0m  -------------------
[32;1m[Board] [0m1 ||[0;1mr[0m|[7;1m [0m| |[7;1m [0m|[0;1mK[0m|[0;1mb[0m|[0;1mk[0m|[0;1mr[0m|| 1
[32;1m[Board] [0m  -------------------
[32;1m[Board] [0m    a b c d e f g h
[32;1m[Board] [0m
[32;1m[Referee] [0mThis is the turn of the White player...
[DEBUG] Input history filename: championship/logic-and-proofs-xplorers/history.csv
[DEBUG] Output move file: championship/logic-and-proofs-xplorers/move.csv
starting search...
searched and found best move in search: 1065756
Total nodes searched: 178100
how i see the board before writing next move: Turn: White
Enpassant: xx	Castling: WK WQ BK BQ 
   ---- ---- ---- ---- ---- ---- ---- ----
8 | r  |    | b  | B  | k  |    |    | r  |
   ---- ---- ---- ---- ---- ---- ---- ----
7 |    |    | p  | p  | b  | p  | p  | p  |
   ---- ---- ---- ---- ---- ---- ---- ----
6 | p  | p  |    |    |    |    |    | n  |
   ---- ---- ---- ---- ---- ---- ---- ----
5 |    |    |    | N  | Q  |    |    |    |
   ---- ---- ---- ---- ---- ---- ---- ----
4 |    |    |    | n  | P  |    |    |    |
   ---- ---- ---- ---- ---- ---- ---- ----
3 |    |    |    |    |    |    |    |    |
   ---- ---- ---- ---- ---- ---- ---- ----
2 | P  | P  | P  |    |    | P  | P  | P  |
   ---- ---- ---- ---- ---- ---- ---- ----
1 | R  |    |    |    | K  | B  | N  | R  |
   ---- ---- ---- ---- ---- ---- ---- ----
    a    b    c    d    e    f    g    h
[DEBUG] [Parser] Wrote to ouput file championship/logic-and-proofs-xplorers/move.csv move : e5e7
[32;1m[Game] [0mPlayer's error code: 0
[32;1m[Game] [0mChecking move validity...
[32;1m[Board] [0mInitializing board...
[32;1m[Board] [0mLoading history file `championship/logic-and-proofs-xplorers/history.csv`...
[32;1m[Board] [0mLoaded 16 move(s).
[32;1m[Board] [0mLoading move file `championship/logic-and-proofs-xplorers/move.csv`...
[32;1m[Board] [0mWhite player is playing e5 to e7.
[32;1m[Board] [0m[5;1mWhite Queen is taking Black Bishop.[0m
[32;1m[Board] [0m
[32;1m[Board] [0m    a b c d e f g h 
[32;1m[Board] [0m  -------------------
[32;1m[Board] [0m8 ||[30;1mr[0m| |[30;1mb[0m|[0;1mb[0m|[30;1mK[0m| |[7;1m [0m|[30;1mr[0m|| 8
[32;1m[Board] [0m  -------------------
[32;1m[Board] [0m7 || |[7;1m [0m|[30;1mp[0m|[30;1mp[0m|[0;1mQ[0m|[30;1mp[0m|[30;1mp[0m|[30;1mp[0m|| 7
[32;1m[Board] [0m  -------------------
[32;1m[Board] [0m6 ||[30;1mp[0m|[30;1mp[0m|[7;1m [0m| |[7;1m [0m| |[7;1m [0m|[30;1mk[0m|| 6
[32;1m[Board] [0m  -------------------
[32;1m[Board] [0m5 || |[7;1m [0m| |[0;1mk[0m| |[7;1m [0m| |[7;1m [0m|| 5
[32;1m[Board] [0m  -------------------
[32;1m[Board] [0m4 ||[7;1m [0m| |[7;1m [0m|[30;1mk[0m|[0;1mp[0m| |[7;1m [0m| || 4
[32;1m[Board] [0m  -------------------
[32;1m[Board] [0m3 || |[7;1m [0m| |[7;1m [0m| |[7;1m [0m| |[7;1m [0m|| 3
[32;1m[Board] [0m  -------------------
[32;1m[Board] [0m2 ||[0;1mp[0m|[0;1mp[0m|[0;1mp[0m| |[7;1m [0m|[0;1mp[0m|[0;1mp[0m|[0;1mp[0m|| 2
[32;1m[Board] [0m  -------------------
[32;1m[Board] [0m1 ||[0;1mr[0m|[7;1m [0m| |[7;1m [0m|[0;1mK[0m|[0;1mb[0m|[0;1mk[0m|[0;1mr[0m|| 1
[32;1m[Board] [0m  -------------------
[32;1m[Board] [0m    a b c d e f g h
[32;1m[Board] [0m
[32;1m[Referee] [0mThis is the turn of the Black player...
[32;1m[Board] [0m[33;1m[WARNING][0m [5;1mBlack King in checkmate![0m
[32;1m[Board] [0m[33;1m[WARNING][0m The White player wins!
