[32;1m[Board] [0mInitializing board...
[32;1m[Board] [0m
[32;1m[Board] [0m    a b c d e f g h 
[32;1m[Board] [0m  -------------------
[32;1m[Board] [0m8 ||[30;1mr[0m|[30;1mk[0m|[30;1mb[0m|[30;1mQ[0m|[30;1mK[0m|[30;1mb[0m|[30;1mk[0m|[30;1mr[0m|| 8
[32;1m[Board] [0m  -------------------
[32;1m[Board] [0m7 ||[30;1mp[0m|[30;1mp[0m|[30;1mp[0m|[30;1mp[0m|[30;1mp[0m|[30;1mp[0m|[30;1mp[0m|[30;1mp[0m|| 7
[32;1m[Board] [0m  -------------------
[32;1m[Board] [0m6 ||[7;1m [0m| |[7;1m [0m| |[7;1m [0m| |[7;1m [0m| || 6
[32;1m[Board] [0m  -------------------
[32;1m[Board] [0m5 || |[7;1m [0m| |[7;1m [0m| |[7;1m [0m| |[7;1m [0m|| 5
[32;1m[Board] [0m  -------------------
[32;1m[Board] [0m4 ||[7;1m [0m| |[7;1m [0m| |[7;1m [0m| |[7;1m [0m| || 4
[32;1m[Board] [0m  -------------------
[32;1m[Board] [0m3 || |[7;1m [0m| |[7;1m [0m| |[7;1m [0m| |[7;1m [0m|| 3
[32;1m[Board] [0m  -------------------
[32;1m[Board] [0m2 ||[0;1mp[0m|[0;1mp[0m|[0;1mp[0m|[0;1mp[0m|[0;1mp[0m|[0;1mp[0m|[0;1mp[0m|[0;1mp[0m|| 2
[32;1m[Board] [0m  -------------------
[32;1m[Board] [0m1 ||[0;1mr[0m|[0;1mk[0m|[0;1mb[0m|[0;1mQ[0m|[0;1mK[0m|[0;1mb[0m|[0;1mk[0m|[0;1mr[0m|| 1
[32;1m[Board] [0m  -------------------
[32;1m[Board] [0m    a b c d e f g h
[32;1m[Board] [0m
[32;1m[Referee] [0mThis is the turn of the White player...
Initial board:
--------------------
8| r h b q k b h r |
7| p p p p p p p p |
6| . . . . . . . . |
5| . . . . . . . . |
4| . . . . . . . . |
3| . . . . . . . . |
2| P P P P P P P P |
1| R H B Q K B H R |
--------------------
   a b c d e f g h
After reading:
--------------------
8| r h b q k b h r |
7| p p p p p p p p |
6| . . . . . . . . |
5| . . . . . . . . |
4| . . . . . . . . |
3| . . . . . . . . |
2| P P P P P P P P |
1| R H B Q K B H R |
--------------------
   a b c d e f g h
--------------------
8| r h b q k b h r |
7| p p p p p p p p |
6| . . . . . . . . |
5| . . . . . . . . |
4| . . . . . . . . |
3| P . . . . . . . |
2| . P P P P P P P |
1| R H B Q K B H R |
--------------------
   a b c d e f g h
[32;1m[Game] [0mPlayer's error code: 0
[32;1m[Game] [0mChecking move validity...
[32;1m[Board] [0mInitializing board...
[32;1m[Board] [0mLoading history file `championship/chess_and_the_city-logic-and-proofs/history.csv`...
[32;1m[Board] [0mLoaded 0 move(s).
[32;1m[Board] [0mLoading move file `championship/chess_and_the_city-logic-and-proofs/move.csv`...
[32;1m[Board] [0mWhite player is playing a2 to a3.
[32;1m[Board] [0m
[32;1m[Board] [0m    a b c d e f g h 
[32;1m[Board] [0m  -------------------
[32;1m[Board] [0m8 ||[30;1mr[0m|[30;1mk[0m|[30;1mb[0m|[30;1mQ[0m|[30;1mK[0m|[30;1mb[0m|[30;1mk[0m|[30;1mr[0m|| 8
[32;1m[Board] [0m  -------------------
[32;1m[Board] [0m7 ||[30;1mp[0m|[30;1mp[0m|[30;1mp[0m|[30;1mp[0m|[30;1mp[0m|[30;1mp[0m|[30;1mp[0m|[30;1mp[0m|| 7
[32;1m[Board] [0m  -------------------
[32;1m[Board] [0m6 ||[7;1m [0m| |[7;1m [0m| |[7;1m [0m| |[7;1m [0m| || 6
[32;1m[Board] [0m  -------------------
[32;1m[Board] [0m5 || |[7;1m [0m| |[7;1m [0m| |[7;1m [0m| |[7;1m [0m|| 5
[32;1m[Board] [0m  -------------------
[32;1m[Board] [0m4 ||[7;1m [0m| |[7;1m [0m| |[7;1m [0m| |[7;1m [0m| || 4
[32;1m[Board] [0m  -------------------
[32;1m[Board] [0m3 ||[0;1mp[0m|[7;1m [0m| |[7;1m [0m| |[7;1m [0m| |[7;1m [0m|| 3
[32;1m[Board] [0m  -------------------
[32;1m[Board] [0m2 ||[7;1m [0m|[0;1mp[0m|[0;1mp[0m|[0;1mp[0m|[0;1mp[0m|[0;1mp[0m|[0;1mp[0m|[0;1mp[0m|| 2
[32;1m[Board] [0m  -------------------
[32;1m[Board] [0m1 ||[0;1mr[0m|[0;1mk[0m|[0;1mb[0m|[0;1mQ[0m|[0;1mK[0m|[0;1mb[0m|[0;1mk[0m|[0;1mr[0m|| 1
[32;1m[Board] [0m  -------------------
[32;1m[Board] [0m    a b c d e f g h
[32;1m[Board] [0m
[32;1m[Referee] [0mThis is the turn of the Black player...
[DEBUG] Input history filename: championship/chess_and_the_city-logic-and-proofs/history.csv
[DEBUG] Output move file: championship/chess_and_the_city-logic-and-proofs/move.csv
starting search...
searched and found best move in search: 25673
Total nodes searched: 2726
how i see the board before writing next move: Turn: Black
Enpassant: xx	Castling: WK WQ BK BQ 
   ---- ---- ---- ---- ---- ---- ---- ----
8 | r  | n  | b  | q  | k  | b  | n  | r  |
   ---- ---- ---- ---- ---- ---- ---- ----
7 | p  | p  | p  | p  | p  | p  | p  | p  |
   ---- ---- ---- ---- ---- ---- ---- ----
6 |    |    |    |    |    |    |    |    |
   ---- ---- ---- ---- ---- ---- ---- ----
5 |    |    |    |    |    |    |    |    |
   ---- ---- ---- ---- ---- ---- ---- ----
4 |    |    |    |    |    |    |    |    |
   ---- ---- ---- ---- ---- ---- ---- ----
3 | P  |    |    |    |    |    |    |    |
   ---- ---- ---- ---- ---- ---- ---- ----
2 |    | P  | P  | P  | P  | P  | P  | P  |
   ---- ---- ---- ---- ---- ---- ---- ----
1 | R  | N  | B  | Q  | K  | B  | N  | R  |
   ---- ---- ---- ---- ---- ---- ---- ----
    a    b    c    d    e    f    g    h
[DEBUG] [Parser] Wrote to ouput file championship/chess_and_the_city-logic-and-proofs/move.csv move : b7b6
[32;1m[Game] [0mPlayer's error code: 0
[32;1m[Game] [0mChecking move validity...
[32;1m[Board] [0mInitializing board...
[32;1m[Board] [0mLoading history file `championship/chess_and_the_city-logic-and-proofs/history.csv`...
[32;1m[Board] [0mLoaded 1 move(s).
[32;1m[Board] [0mLoading move file `championship/chess_and_the_city-logic-and-proofs/move.csv`...
[32;1m[Board] [0mBlack player is playing b7 to b6.
[32;1m[Board] [0m
[32;1m[Board] [0m    a b c d e f g h 
[32;1m[Board] [0m  -------------------
[32;1m[Board] [0m8 ||[30;1mr[0m|[30;1mk[0m|[30;1mb[0m|[30;1mQ[0m|[30;1mK[0m|[30;1mb[0m|[30;1mk[0m|[30;1mr[0m|| 8
[32;1m[Board] [0m  -------------------
[32;1m[Board] [0m7 ||[30;1mp[0m|[7;1m [0m|[30;1mp[0m|[30;1mp[0m|[30;1mp[0m|[30;1mp[0m|[30;1mp[0m|[30;1mp[0m|| 7
[32;1m[Board] [0m  -------------------
[32;1m[Board] [0m6 ||[7;1m [0m|[30;1mp[0m|[7;1m [0m| |[7;1m [0m| |[7;1m [0m| || 6
[32;1m[Board] [0m  -------------------
[32;1m[Board] [0m5 || |[7;1m [0m| |[7;1m [0m| |[7;1m [0m| |[7;1m [0m|| 5
[32;1m[Board] [0m  -------------------
[32;1m[Board] [0m4 ||[7;1m [0m| |[7;1m [0m| |[7;1m [0m| |[7;1m [0m| || 4
[32;1m[Board] [0m  -------------------
[32;1m[Board] [0m3 ||[0;1mp[0m|[7;1m [0m| |[7;1m [0m| |[7;1m [0m| |[7;1m [0m|| 3
[32;1m[Board] [0m  -------------------
[32;1m[Board] [0m2 ||[7;1m [0m|[0;1mp[0m|[0;1mp[0m|[0;1mp[0m|[0;1mp[0m|[0;1mp[0m|[0;1mp[0m|[0;1mp[0m|| 2
[32;1m[Board] [0m  -------------------
[32;1m[Board] [0m1 ||[0;1mr[0m|[0;1mk[0m|[0;1mb[0m|[0;1mQ[0m|[0;1mK[0m|[0;1mb[0m|[0;1mk[0m|[0;1mr[0m|| 1
[32;1m[Board] [0m  -------------------
[32;1m[Board] [0m    a b c d e f g h
[32;1m[Board] [0m
[32;1m[Referee] [0mThis is the turn of the White player...
Initial board:
--------------------
8| r h b q k b h r |
7| p p p p p p p p |
6| . . . . . . . . |
5| . . . . . . . . |
4| . . . . . . . . |
3| . . . . . . . . |
2| P P P P P P P P |
1| R H B Q K B H R |
--------------------
   a b c d e f g h
After reading:
--------------------
8| r h b q k b h r |
7| p . p p p p p p |
6| . p . . . . . . |
5| . . . . . . . . |
4| . . . . . . . . |
3| P . . . . . . . |
2| . P P P P P P P |
1| R H B Q K B H R |
--------------------
   a b c d e f g h
--------------------
8| r h b q k b h r |
7| p . p p p p p p |
6| . p . . . . . . |
5| . . . . . . . . |
4| . . . . . . . . |
3| P . H . . . . . |
2| . P P P P P P P |
1| R . B Q K B H R |
--------------------
   a b c d e f g h
[32;1m[Game] [0mPlayer's error code: 0
[32;1m[Game] [0mChecking move validity...
[32;1m[Board] [0mInitializing board...
[32;1m[Board] [0mLoading history file `championship/chess_and_the_city-logic-and-proofs/history.csv`...
[32;1m[Board] [0mLoaded 2 move(s).
[32;1m[Board] [0mLoading move file `championship/chess_and_the_city-logic-and-proofs/move.csv`...
[32;1m[Board] [0mWhite player is playing b1 to c3.
[32;1m[Board] [0m
[32;1m[Board] [0m    a b c d e f g h 
[32;1m[Board] [0m  -------------------
[32;1m[Board] [0m8 ||[30;1mr[0m|[30;1mk[0m|[30;1mb[0m|[30;1mQ[0m|[30;1mK[0m|[30;1mb[0m|[30;1mk[0m|[30;1mr[0m|| 8
[32;1m[Board] [0m  -------------------
[32;1m[Board] [0m7 ||[30;1mp[0m|[7;1m [0m|[30;1mp[0m|[30;1mp[0m|[30;1mp[0m|[30;1mp[0m|[30;1mp[0m|[30;1mp[0m|| 7
[32;1m[Board] [0m  -------------------
[32;1m[Board] [0m6 ||[7;1m [0m|[30;1mp[0m|[7;1m [0m| |[7;1m [0m| |[7;1m [0m| || 6
[32;1m[Board] [0m  -------------------
[32;1m[Board] [0m5 || |[7;1m [0m| |[7;1m [0m| |[7;1m [0m| |[7;1m [0m|| 5
[32;1m[Board] [0m  -------------------
[32;1m[Board] [0m4 ||[7;1m [0m| |[7;1m [0m| |[7;1m [0m| |[7;1m [0m| || 4
[32;1m[Board] [0m  -------------------
[32;1m[Board] [0m3 ||[0;1mp[0m|[7;1m [0m|[0;1mk[0m|[7;1m [0m| |[7;1m [0m| |[7;1m [0m|| 3
[32;1m[Board] [0m  -------------------
[32;1m[Board] [0m2 ||[7;1m [0m|[0;1mp[0m|[0;1mp[0m|[0;1mp[0m|[0;1mp[0m|[0;1mp[0m|[0;1mp[0m|[0;1mp[0m|| 2
[32;1m[Board] [0m  -------------------
[32;1m[Board] [0m1 ||[0;1mr[0m|[7;1m [0m|[0;1mb[0m|[0;1mQ[0m|[0;1mK[0m|[0;1mb[0m|[0;1mk[0m|[0;1mr[0m|| 1
[32;1m[Board] [0m  -------------------
[32;1m[Board] [0m    a b c d e f g h
[32;1m[Board] [0m
[32;1m[Referee] [0mThis is the turn of the Black player...
[DEBUG] Input history filename: championship/chess_and_the_city-logic-and-proofs/history.csv
[DEBUG] Output move file: championship/chess_and_the_city-logic-and-proofs/move.csv
starting search...
searched and found best move in search: 25608
Total nodes searched: 3899
how i see the board before writing next move: Turn: Black
Enpassant: xx	Castling: WK WQ BK BQ 
   ---- ---- ---- ---- ---- ---- ---- ----
8 | r  | n  | b  | q  | k  | b  | n  | r  |
   ---- ---- ---- ---- ---- ---- ---- ----
7 | p  |    | p  | p  | p  | p  | p  | p  |
   ---- ---- ---- ---- ---- ---- ---- ----
6 |    | p  |    |    |    |    |    |    |
   ---- ---- ---- ---- ---- ---- ---- ----
5 |    |    |    |    |    |    |    |    |
   ---- ---- ---- ---- ---- ---- ---- ----
4 |    |    |    |    |    |    |    |    |
   ---- ---- ---- ---- ---- ---- ---- ----
3 | P  |    | N  |    |    |    |    |    |
   ---- ---- ---- ---- ---- ---- ---- ----
2 |    | P  | P  | P  | P  | P  | P  | P  |
   ---- ---- ---- ---- ---- ---- ---- ----
1 | R  |    | B  | Q  | K  | B  | N  | R  |
   ---- ---- ---- ---- ---- ---- ---- ----
    a    b    c    d    e    f    g    h
[DEBUG] [Parser] Wrote to ouput file championship/chess_and_the_city-logic-and-proofs/move.csv move : a7a6
[32;1m[Game] [0mPlayer's error code: 0
[32;1m[Game] [0mChecking move validity...
[32;1m[Board] [0mInitializing board...
[32;1m[Board] [0mLoading history file `championship/chess_and_the_city-logic-and-proofs/history.csv`...
[32;1m[Board] [0mLoaded 3 move(s).
[32;1m[Board] [0mLoading move file `championship/chess_and_the_city-logic-and-proofs/move.csv`...
[32;1m[Board] [0mBlack player is playing a7 to a6.
[32;1m[Board] [0m
[32;1m[Board] [0m    a b c d e f g h 
[32;1m[Board] [0m  -------------------
[32;1m[Board] [0m8 ||[30;1mr[0m|[30;1mk[0m|[30;1mb[0m|[30;1mQ[0m|[30;1mK[0m|[30;1mb[0m|[30;1mk[0m|[30;1mr[0m|| 8
[32;1m[Board] [0m  -------------------
[32;1m[Board] [0m7 || |[7;1m [0m|[30;1mp[0m|[30;1mp[0m|[30;1mp[0m|[30;1mp[0m|[30;1mp[0m|[30;1mp[0m|| 7
[32;1m[Board] [0m  -------------------
[32;1m[Board] [0m6 ||[30;1mp[0m|[30;1mp[0m|[7;1m [0m| |[7;1m [0m| |[7;1m [0m| || 6
[32;1m[Board] [0m  -------------------
[32;1m[Board] [0m5 || |[7;1m [0m| |[7;1m [0m| |[7;1m [0m| |[7;1m [0m|| 5
[32;1m[Board] [0m  -------------------
[32;1m[Board] [0m4 ||[7;1m [0m| |[7;1m [0m| |[7;1m [0m| |[7;1m [0m| || 4
[32;1m[Board] [0m  -------------------
[32;1m[Board] [0m3 ||[0;1mp[0m|[7;1m [0m|[0;1mk[0m|[7;1m [0m| |[7;1m [0m| |[7;1m [0m|| 3
[32;1m[Board] [0m  -------------------
[32;1m[Board] [0m2 ||[7;1m [0m|[0;1mp[0m|[0;1mp[0m|[0;1mp[0m|[0;1mp[0m|[0;1mp[0m|[0;1mp[0m|[0;1mp[0m|| 2
[32;1m[Board] [0m  -------------------
[32;1m[Board] [0m1 ||[0;1mr[0m|[7;1m [0m|[0;1mb[0m|[0;1mQ[0m|[0;1mK[0m|[0;1mb[0m|[0;1mk[0m|[0;1mr[0m|| 1
[32;1m[Board] [0m  -------------------
[32;1m[Board] [0m    a b c d e f g h
[32;1m[Board] [0m
[32;1m[Referee] [0mThis is the turn of the White player...
Initial board:
--------------------
8| r h b q k b h r |
7| p p p p p p p p |
6| . . . . . . . . |
5| . . . . . . . . |
4| . . . . . . . . |
3| . . . . . . . . |
2| P P P P P P P P |
1| R H B Q K B H R |
--------------------
   a b c d e f g h
After reading:
--------------------
8| r h b q k b h r |
7| . . p p p p p p |
6| p p . . . . . . |
5| . . . . . . . . |
4| . . . . . . . . |
3| P . H . . . . . |
2| . P P P P P P P |
1| R . B Q K B H R |
--------------------
   a b c d e f g h
--------------------
8| r h b q k b h r |
7| . . p p p p p p |
6| p p . . . . . . |
5| . . . . . . . . |
4| . . . . . . . . |
3| P . . . . . . . |
2| . P P P P P P P |
1| R H B Q K B H R |
--------------------
   a b c d e f g h
[32;1m[Game] [0mPlayer's error code: 0
[32;1m[Game] [0mChecking move validity...
[32;1m[Board] [0mInitializing board...
[32;1m[Board] [0mLoading history file `championship/chess_and_the_city-logic-and-proofs/history.csv`...
[32;1m[Board] [0mLoaded 4 move(s).
[32;1m[Board] [0mLoading move file `championship/chess_and_the_city-logic-and-proofs/move.csv`...
[32;1m[Board] [0mWhite player is playing c3 to b1.
[32;1m[Board] [0m
[32;1m[Board] [0m    a b c d e f g h 
[32;1m[Board] [0m  -------------------
[32;1m[Board] [0m8 ||[30;1mr[0m|[30;1mk[0m|[30;1mb[0m|[30;1mQ[0m|[30;1mK[0m|[30;1mb[0m|[30;1mk[0m|[30;1mr[0m|| 8
[32;1m[Board] [0m  -------------------
[32;1m[Board] [0m7 || |[7;1m [0m|[30;1mp[0m|[30;1mp[0m|[30;1mp[0m|[30;1mp[0m|[30;1mp[0m|[30;1mp[0m|| 7
[32;1m[Board] [0m  -------------------
[32;1m[Board] [0m6 ||[30;1mp[0m|[30;1mp[0m|[7;1m [0m| |[7;1m [0m| |[7;1m [0m| || 6
[32;1m[Board] [0m  -------------------
[32;1m[Board] [0m5 || |[7;1m [0m| |[7;1m [0m| |[7;1m [0m| |[7;1m [0m|| 5
[32;1m[Board] [0m  -------------------
[32;1m[Board] [0m4 ||[7;1m [0m| |[7;1m [0m| |[7;1m [0m| |[7;1m [0m| || 4
[32;1m[Board] [0m  -------------------
[32;1m[Board] [0m3 ||[0;1mp[0m|[7;1m [0m| |[7;1m [0m| |[7;1m [0m| |[7;1m [0m|| 3
[32;1m[Board] [0m  -------------------
[32;1m[Board] [0m2 ||[7;1m [0m|[0;1mp[0m|[0;1mp[0m|[0;1mp[0m|[0;1mp[0m|[0;1mp[0m|[0;1mp[0m|[0;1mp[0m|| 2
[32;1m[Board] [0m  -------------------
[32;1m[Board] [0m1 ||[0;1mr[0m|[0;1mk[0m|[0;1mb[0m|[0;1mQ[0m|[0;1mK[0m|[0;1mb[0m|[0;1mk[0m|[0;1mr[0m|| 1
[32;1m[Board] [0m  -------------------
[32;1m[Board] [0m    a b c d e f g h
[32;1m[Board] [0m
[32;1m[Referee] [0mThis is the turn of the Black player...
[DEBUG] Input history filename: championship/chess_and_the_city-logic-and-proofs/history.csv
[DEBUG] Output move file: championship/chess_and_the_city-logic-and-proofs/move.csv
starting search...
searched and found best move in search: 25868
Total nodes searched: 3071
how i see the board before writing next move: Turn: Black
Enpassant: xx	Castling: WK WQ BK BQ 
   ---- ---- ---- ---- ---- ---- ---- ----
8 | r  | n  | b  | q  | k  | b  | n  | r  |
   ---- ---- ---- ---- ---- ---- ---- ----
7 |    |    | p  | p  | p  | p  | p  | p  |
   ---- ---- ---- ---- ---- ---- ---- ----
6 | p  | p  |    |    |    |    |    |    |
   ---- ---- ---- ---- ---- ---- ---- ----
5 |    |    |    |    |    |    |    |    |
   ---- ---- ---- ---- ---- ---- ---- ----
4 |    |    |    |    |    |    |    |    |
   ---- ---- ---- ---- ---- ---- ---- ----
3 | P  |    |    |    |    |    |    |    |
   ---- ---- ---- ---- ---- ---- ---- ----
2 |    | P  | P  | P  | P  | P  | P  | P  |
   ---- ---- ---- ---- ---- ---- ---- ----
1 | R  | N  | B  | Q  | K  | B  | N  | R  |
   ---- ---- ---- ---- ---- ---- ---- ----
    a    b    c    d    e    f    g    h
[DEBUG] [Parser] Wrote to ouput file championship/chess_and_the_city-logic-and-proofs/move.csv move : e7e6
[32;1m[Game] [0mPlayer's error code: 0
[32;1m[Game] [0mChecking move validity...
[32;1m[Board] [0mInitializing board...
[32;1m[Board] [0mLoading history file `championship/chess_and_the_city-logic-and-proofs/history.csv`...
[32;1m[Board] [0mLoaded 5 move(s).
[32;1m[Board] [0mLoading move file `championship/chess_and_the_city-logic-and-proofs/move.csv`...
[32;1m[Board] [0mBlack player is playing e7 to e6.
[32;1m[Board] [0m
[32;1m[Board] [0m    a b c d e f g h 
[32;1m[Board] [0m  -------------------
[32;1m[Board] [0m8 ||[30;1mr[0m|[30;1mk[0m|[30;1mb[0m|[30;1mQ[0m|[30;1mK[0m|[30;1mb[0m|[30;1mk[0m|[30;1mr[0m|| 8
[32;1m[Board] [0m  -------------------
[32;1m[Board] [0m7 || |[7;1m [0m|[30;1mp[0m|[30;1mp[0m| |[30;1mp[0m|[30;1mp[0m|[30;1mp[0m|| 7
[32;1m[Board] [0m  -------------------
[32;1m[Board] [0m6 ||[30;1mp[0m|[30;1mp[0m|[7;1m [0m| |[30;1mp[0m| |[7;1m [0m| || 6
[32;1m[Board] [0m  -------------------
[32;1m[Board] [0m5 || |[7;1m [0m| |[7;1m [0m| |[7;1m [0m| |[7;1m [0m|| 5
[32;1m[Board] [0m  -------------------
[32;1m[Board] [0m4 ||[7;1m [0m| |[7;1m [0m| |[7;1m [0m| |[7;1m [0m| || 4
[32;1m[Board] [0m  -------------------
[32;1m[Board] [0m3 ||[0;1mp[0m|[7;1m [0m| |[7;1m [0m| |[7;1m [0m| |[7;1m [0m|| 3
[32;1m[Board] [0m  -------------------
[32;1m[Board] [0m2 ||[7;1m [0m|[0;1mp[0m|[0;1mp[0m|[0;1mp[0m|[0;1mp[0m|[0;1mp[0m|[0;1mp[0m|[0;1mp[0m|| 2
[32;1m[Board] [0m  -------------------
[32;1m[Board] [0m1 ||[0;1mr[0m|[0;1mk[0m|[0;1mb[0m|[0;1mQ[0m|[0;1mK[0m|[0;1mb[0m|[0;1mk[0m|[0;1mr[0m|| 1
[32;1m[Board] [0m  -------------------
[32;1m[Board] [0m    a b c d e f g h
[32;1m[Board] [0m
[32;1m[Referee] [0mThis is the turn of the White player...
Initial board:
--------------------
8| r h b q k b h r |
7| p p p p p p p p |
6| . . . . . . . . |
5| . . . . . . . . |
4| . . . . . . . . |
3| . . . . . . . . |
2| P P P P P P P P |
1| R H B Q K B H R |
--------------------
   a b c d e f g h
After reading:
--------------------
8| r h b q k b h r |
7| . . p p . p p p |
6| p p . . p . . . |
5| . . . . . . . . |
4| . . . . . . . . |
3| P . . . . . . . |
2| . P P P P P P P |
1| R H B Q K B H R |
--------------------
   a b c d e f g h
--------------------
8| r h b q k b h r |
7| . . p p . p p p |
6| p p . . p . . . |
5| . . . . . . . . |
4| . . . . . . . . |
3| P . H . . . . . |
2| . P P P P P P P |
1| R . B Q K B H R |
--------------------
   a b c d e f g h
[32;1m[Game] [0mPlayer's error code: 0
[32;1m[Game] [0mChecking move validity...
[32;1m[Board] [0mInitializing board...
[32;1m[Board] [0mLoading history file `championship/chess_and_the_city-logic-and-proofs/history.csv`...
[32;1m[Board] [0mLoaded 6 move(s).
[32;1m[Board] [0mLoading move file `championship/chess_and_the_city-logic-and-proofs/move.csv`...
[32;1m[Board] [0mWhite player is playing b1 to c3.
[32;1m[Board] [0m
[32;1m[Board] [0m    a b c d e f g h 
[32;1m[Board] [0m  -------------------
[32;1m[Board] [0m8 ||[30;1mr[0m|[30;1mk[0m|[30;1mb[0m|[30;1mQ[0m|[30;1mK[0m|[30;1mb[0m|[30;1mk[0m|[30;1mr[0m|| 8
[32;1m[Board] [0m  -------------------
[32;1m[Board] [0m7 || |[7;1m [0m|[30;1mp[0m|[30;1mp[0m| |[30;1mp[0m|[30;1mp[0m|[30;1mp[0m|| 7
[32;1m[Board] [0m  -------------------
[32;1m[Board] [0m6 ||[30;1mp[0m|[30;1mp[0m|[7;1m [0m| |[30;1mp[0m| |[7;1m [0m| || 6
[32;1m[Board] [0m  -------------------
[32;1m[Board] [0m5 || |[7;1m [0m| |[7;1m [0m| |[7;1m [0m| |[7;1m [0m|| 5
[32;1m[Board] [0m  -------------------
[32;1m[Board] [0m4 ||[7;1m [0m| |[7;1m [0m| |[7;1m [0m| |[7;1m [0m| || 4
[32;1m[Board] [0m  -------------------
[32;1m[Board] [0m3 ||[0;1mp[0m|[7;1m [0m|[0;1mk[0m|[7;1m [0m| |[7;1m [0m| |[7;1m [0m|| 3
[32;1m[Board] [0m  -------------------
[32;1m[Board] [0m2 ||[7;1m [0m|[0;1mp[0m|[0;1mp[0m|[0;1mp[0m|[0;1mp[0m|[0;1mp[0m|[0;1mp[0m|[0;1mp[0m|| 2
[32;1m[Board] [0m  -------------------
[32;1m[Board] [0m1 ||[0;1mr[0m|[7;1m [0m|[0;1mb[0m|[0;1mQ[0m|[0;1mK[0m|[0;1mb[0m|[0;1mk[0m|[0;1mr[0m|| 1
[32;1m[Board] [0m  -------------------
[32;1m[Board] [0m    a b c d e f g h
[32;1m[Board] [0m
[32;1m[Referee] [0mThis is the turn of the Black player...
[DEBUG] Input history filename: championship/chess_and_the_city-logic-and-proofs/history.csv
[DEBUG] Output move file: championship/chess_and_the_city-logic-and-proofs/move.csv
starting search...
searched and found best move in search: 33346
Total nodes searched: 13489
how i see the board before writing next move: Turn: Black
Enpassant: xx	Castling: WK WQ BK BQ 
   ---- ---- ---- ---- ---- ---- ---- ----
8 | r  | n  | b  | q  | k  | b  | n  | r  |
   ---- ---- ---- ---- ---- ---- ---- ----
7 |    |    | p  | p  |    | p  | p  | p  |
   ---- ---- ---- ---- ---- ---- ---- ----
6 | p  | p  |    |    | p  |    |    |    |
   ---- ---- ---- ---- ---- ---- ---- ----
5 |    |    |    |    |    |    |    |    |
   ---- ---- ---- ---- ---- ---- ---- ----
4 |    |    |    |    |    |    |    |    |
   ---- ---- ---- ---- ---- ---- ---- ----
3 | P  |    | N  |    |    |    |    |    |
   ---- ---- ---- ---- ---- ---- ---- ----
2 |    | P  | P  | P  | P  | P  | P  | P  |
   ---- ---- ---- ---- ---- ---- ---- ----
1 | R  |    | B  | Q  | K  | B  | N  | R  |
   ---- ---- ---- ---- ---- ---- ---- ----
    a    b    c    d    e    f    g    h
[DEBUG] [Parser] Wrote to ouput file championship/chess_and_the_city-logic-and-proofs/move.csv move : c8b7
[32;1m[Game] [0mPlayer's error code: 0
[32;1m[Game] [0mChecking move validity...
[32;1m[Board] [0mInitializing board...
[32;1m[Board] [0mLoading history file `championship/chess_and_the_city-logic-and-proofs/history.csv`...
[32;1m[Board] [0mLoaded 7 move(s).
[32;1m[Board] [0mLoading move file `championship/chess_and_the_city-logic-and-proofs/move.csv`...
[32;1m[Board] [0mBlack player is playing c8 to b7.
[32;1m[Board] [0m
[32;1m[Board] [0m    a b c d e f g h 
[32;1m[Board] [0m  -------------------
[32;1m[Board] [0m8 ||[30;1mr[0m|[30;1mk[0m|[7;1m [0m|[30;1mQ[0m|[30;1mK[0m|[30;1mb[0m|[30;1mk[0m|[30;1mr[0m|| 8
[32;1m[Board] [0m  -------------------
[32;1m[Board] [0m7 || |[30;1mb[0m|[30;1mp[0m|[30;1mp[0m| |[30;1mp[0m|[30;1mp[0m|[30;1mp[0m|| 7
[32;1m[Board] [0m  -------------------
[32;1m[Board] [0m6 ||[30;1mp[0m|[30;1mp[0m|[7;1m [0m| |[30;1mp[0m| |[7;1m [0m| || 6
[32;1m[Board] [0m  -------------------
[32;1m[Board] [0m5 || |[7;1m [0m| |[7;1m [0m| |[7;1m [0m| |[7;1m [0m|| 5
[32;1m[Board] [0m  -------------------
[32;1m[Board] [0m4 ||[7;1m [0m| |[7;1m [0m| |[7;1m [0m| |[7;1m [0m| || 4
[32;1m[Board] [0m  -------------------
[32;1m[Board] [0m3 ||[0;1mp[0m|[7;1m [0m|[0;1mk[0m|[7;1m [0m| |[7;1m [0m| |[7;1m [0m|| 3
[32;1m[Board] [0m  -------------------
[32;1m[Board] [0m2 ||[7;1m [0m|[0;1mp[0m|[0;1mp[0m|[0;1mp[0m|[0;1mp[0m|[0;1mp[0m|[0;1mp[0m|[0;1mp[0m|| 2
[32;1m[Board] [0m  -------------------
[32;1m[Board] [0m1 ||[0;1mr[0m|[7;1m [0m|[0;1mb[0m|[0;1mQ[0m|[0;1mK[0m|[0;1mb[0m|[0;1mk[0m|[0;1mr[0m|| 1
[32;1m[Board] [0m  -------------------
[32;1m[Board] [0m    a b c d e f g h
[32;1m[Board] [0m
[32;1m[Referee] [0mThis is the turn of the White player...
Initial board:
--------------------
8| r h b q k b h r |
7| p p p p p p p p |
6| . . . . . . . . |
5| . . . . . . . . |
4| . . . . . . . . |
3| . . . . . . . . |
2| P P P P P P P P |
1| R H B Q K B H R |
--------------------
   a b c d e f g h
After reading:
--------------------
8| r h . q k b h r |
7| . b p p . p p p |
6| p p . . p . . . |
5| . . . . . . . . |
4| . . . . . . . . |
3| P . H . . . . . |
2| . P P P P P P P |
1| R . B Q K B H R |
--------------------
   a b c d e f g h
--------------------
8| r h . q k b h r |
7| . b p p . p p p |
6| p p . . p . . . |
5| . . . . . . . . |
4| . . . . . . . . |
3| P P H . . . . . |
2| . . P P P P P P |
1| R . B Q K B H R |
--------------------
   a b c d e f g h
[32;1m[Game] [0mPlayer's error code: 0
[32;1m[Game] [0mChecking move validity...
[32;1m[Board] [0mInitializing board...
[32;1m[Board] [0mLoading history file `championship/chess_and_the_city-logic-and-proofs/history.csv`...
[32;1m[Board] [0mLoaded 8 move(s).
[32;1m[Board] [0mLoading move file `championship/chess_and_the_city-logic-and-proofs/move.csv`...
[32;1m[Board] [0mWhite player is playing b2 to b3.
[32;1m[Board] [0m
[32;1m[Board] [0m    a b c d e f g h 
[32;1m[Board] [0m  -------------------
[32;1m[Board] [0m8 ||[30;1mr[0m|[30;1mk[0m|[7;1m [0m|[30;1mQ[0m|[30;1mK[0m|[30;1mb[0m|[30;1mk[0m|[30;1mr[0m|| 8
[32;1m[Board] [0m  -------------------
[32;1m[Board] [0m7 || |[30;1mb[0m|[30;1mp[0m|[30;1mp[0m| |[30;1mp[0m|[30;1mp[0m|[30;1mp[0m|| 7
[32;1m[Board] [0m  -------------------
[32;1m[Board] [0m6 ||[30;1mp[0m|[30;1mp[0m|[7;1m [0m| |[30;1mp[0m| |[7;1m [0m| || 6
[32;1m[Board] [0m  -------------------
[32;1m[Board] [0m5 || |[7;1m [0m| |[7;1m [0m| |[7;1m [0m| |[7;1m [0m|| 5
[32;1m[Board] [0m  -------------------
[32;1m[Board] [0m4 ||[7;1m [0m| |[7;1m [0m| |[7;1m [0m| |[7;1m [0m| || 4
[32;1m[Board] [0m  -------------------
[32;1m[Board] [0m3 ||[0;1mp[0m|[0;1mp[0m|[0;1mk[0m|[7;1m [0m| |[7;1m [0m| |[7;1m [0m|| 3
[32;1m[Board] [0m  -------------------
[32;1m[Board] [0m2 ||[7;1m [0m| |[0;1mp[0m|[0;1mp[0m|[0;1mp[0m|[0;1mp[0m|[0;1mp[0m|[0;1mp[0m|| 2
[32;1m[Board] [0m  -------------------
[32;1m[Board] [0m1 ||[0;1mr[0m|[7;1m [0m|[0;1mb[0m|[0;1mQ[0m|[0;1mK[0m|[0;1mb[0m|[0;1mk[0m|[0;1mr[0m|| 1
[32;1m[Board] [0m  -------------------
[32;1m[Board] [0m    a b c d e f g h
[32;1m[Board] [0m
[32;1m[Referee] [0mThis is the turn of the Black player...
[DEBUG] Input history filename: championship/chess_and_the_city-logic-and-proofs/history.csv
[DEBUG] Output move file: championship/chess_and_the_city-logic-and-proofs/move.csv
starting search...
searched and found best move in search: 25803
Total nodes searched: 31008
how i see the board before writing next move: Turn: Black
Enpassant: xx	Castling: WK WQ BK BQ 
   ---- ---- ---- ---- ---- ---- ---- ----
8 | r  | n  |    | q  | k  | b  | n  | r  |
   ---- ---- ---- ---- ---- ---- ---- ----
7 |    | b  | p  | p  |    | p  | p  | p  |
   ---- ---- ---- ---- ---- ---- ---- ----
6 | p  | p  |    |    | p  |    |    |    |
   ---- ---- ---- ---- ---- ---- ---- ----
5 |    |    |    |    |    |    |    |    |
   ---- ---- ---- ---- ---- ---- ---- ----
4 |    |    |    |    |    |    |    |    |
   ---- ---- ---- ---- ---- ---- ---- ----
3 | P  | P  | N  |    |    |    |    |    |
   ---- ---- ---- ---- ---- ---- ---- ----
2 |    |    | P  | P  | P  | P  | P  | P  |
   ---- ---- ---- ---- ---- ---- ---- ----
1 | R  |    | B  | Q  | K  | B  | N  | R  |
   ---- ---- ---- ---- ---- ---- ---- ----
    a    b    c    d    e    f    g    h
[DEBUG] [Parser] Wrote to ouput file championship/chess_and_the_city-logic-and-proofs/move.csv move : d7d6
[32;1m[Game] [0mPlayer's error code: 0
[32;1m[Game] [0mChecking move validity...
[32;1m[Board] [0mInitializing board...
[32;1m[Board] [0mLoading history file `championship/chess_and_the_city-logic-and-proofs/history.csv`...
[32;1m[Board] [0mLoaded 9 move(s).
[32;1m[Board] [0mLoading move file `championship/chess_and_the_city-logic-and-proofs/move.csv`...
[32;1m[Board] [0mBlack player is playing d7 to d6.
[32;1m[Board] [0m
[32;1m[Board] [0m    a b c d e f g h 
[32;1m[Board] [0m  -------------------
[32;1m[Board] [0m8 ||[30;1mr[0m|[30;1mk[0m|[7;1m [0m|[30;1mQ[0m|[30;1mK[0m|[30;1mb[0m|[30;1mk[0m|[30;1mr[0m|| 8
[32;1m[Board] [0m  -------------------
[32;1m[Board] [0m7 || |[30;1mb[0m|[30;1mp[0m|[7;1m [0m| |[30;1mp[0m|[30;1mp[0m|[30;1mp[0m|| 7
[32;1m[Board] [0m  -------------------
[32;1m[Board] [0m6 ||[30;1mp[0m|[30;1mp[0m|[7;1m [0m|[30;1mp[0m|[30;1mp[0m| |[7;1m [0m| || 6
[32;1m[Board] [0m  -------------------
[32;1m[Board] [0m5 || |[7;1m [0m| |[7;1m [0m| |[7;1m [0m| |[7;1m [0m|| 5
[32;1m[Board] [0m  -------------------
[32;1m[Board] [0m4 ||[7;1m [0m| |[7;1m [0m| |[7;1m [0m| |[7;1m [0m| || 4
[32;1m[Board] [0m  -------------------
[32;1m[Board] [0m3 ||[0;1mp[0m|[0;1mp[0m|[0;1mk[0m|[7;1m [0m| |[7;1m [0m| |[7;1m [0m|| 3
[32;1m[Board] [0m  -------------------
[32;1m[Board] [0m2 ||[7;1m [0m| |[0;1mp[0m|[0;1mp[0m|[0;1mp[0m|[0;1mp[0m|[0;1mp[0m|[0;1mp[0m|| 2
[32;1m[Board] [0m  -------------------
[32;1m[Board] [0m1 ||[0;1mr[0m|[7;1m [0m|[0;1mb[0m|[0;1mQ[0m|[0;1mK[0m|[0;1mb[0m|[0;1mk[0m|[0;1mr[0m|| 1
[32;1m[Board] [0m  -------------------
[32;1m[Board] [0m    a b c d e f g h
[32;1m[Board] [0m
[32;1m[Referee] [0mThis is the turn of the White player...
Initial board:
--------------------
8| r h b q k b h r |
7| p p p p p p p p |
6| . . . . . . . . |
5| . . . . . . . . |
4| . . . . . . . . |
3| . . . . . . . . |
2| P P P P P P P P |
1| R H B Q K B H R |
--------------------
   a b c d e f g h
After reading:
--------------------
8| r h . q k b h r |
7| . b p . . p p p |
6| p p . p p . . . |
5| . . . . . . . . |
4| . . . . . . . . |
3| P P H . . . . . |
2| . . P P P P P P |
1| R . B Q K B H R |
--------------------
   a b c d e f g h
--------------------
8| r h . q k b h r |
7| . b p . . p p p |
6| p p . p p . . . |
5| . . . . . . . . |
4| . . . . . . . P |
3| P P H . . . . . |
2| . . P P P P P . |
1| R . B Q K B H R |
--------------------
   a b c d e f g h
[32;1m[Game] [0mPlayer's error code: 0
[32;1m[Game] [0mChecking move validity...
[32;1m[Board] [0mInitializing board...
[32;1m[Board] [0mLoading history file `championship/chess_and_the_city-logic-and-proofs/history.csv`...
[32;1m[Board] [0mLoaded 10 move(s).
[32;1m[Board] [0mLoading move file `championship/chess_and_the_city-logic-and-proofs/move.csv`...
[32;1m[Board] [0mWhite player is playing h2 to h4.
[32;1m[Board] [0m
[32;1m[Board] [0m    a b c d e f g h 
[32;1m[Board] [0m  -------------------
[32;1m[Board] [0m8 ||[30;1mr[0m|[30;1mk[0m|[7;1m [0m|[30;1mQ[0m|[30;1mK[0m|[30;1mb[0m|[30;1mk[0m|[30;1mr[0m|| 8
[32;1m[Board] [0m  -------------------
[32;1m[Board] [0m7 || |[30;1mb[0m|[30;1mp[0m|[7;1m [0m| |[30;1mp[0m|[30;1mp[0m|[30;1mp[0m|| 7
[32;1m[Board] [0m  -------------------
[32;1m[Board] [0m6 ||[30;1mp[0m|[30;1mp[0m|[7;1m [0m|[30;1mp[0m|[30;1mp[0m| |[7;1m [0m| || 6
[32;1m[Board] [0m  -------------------
[32;1m[Board] [0m5 || |[7;1m [0m| |[7;1m [0m| |[7;1m [0m| |[7;1m [0m|| 5
[32;1m[Board] [0m  -------------------
[32;1m[Board] [0m4 ||[7;1m [0m| |[7;1m [0m| |[7;1m [0m| |[7;1m [0m|[0;1mp[0m|| 4
[32;1m[Board] [0m  -------------------
[32;1m[Board] [0m3 ||[0;1mp[0m|[0;1mp[0m|[0;1mk[0m|[7;1m [0m| |[7;1m [0m| |[7;1m [0m|| 3
[32;1m[Board] [0m  -------------------
[32;1m[Board] [0m2 ||[7;1m [0m| |[0;1mp[0m|[0;1mp[0m|[0;1mp[0m|[0;1mp[0m|[0;1mp[0m| || 2
[32;1m[Board] [0m  -------------------
[32;1m[Board] [0m1 ||[0;1mr[0m|[7;1m [0m|[0;1mb[0m|[0;1mQ[0m|[0;1mK[0m|[0;1mb[0m|[0;1mk[0m|[0;1mr[0m|| 1
[32;1m[Board] [0m  -------------------
[32;1m[Board] [0m    a b c d e f g h
[32;1m[Board] [0m
[32;1m[Referee] [0mThis is the turn of the Black player...
[DEBUG] Input history filename: championship/chess_and_the_city-logic-and-proofs/history.csv
[DEBUG] Output move file: championship/chess_and_the_city-logic-and-proofs/move.csv
starting search...
searched and found best move in search: 2123402
Total nodes searched: 31501
how i see the board before writing next move: Turn: Black
Enpassant: h3	Castling: WK WQ BK BQ 
   ---- ---- ---- ---- ---- ---- ---- ----
8 | r  | n  |    | q  | k  | b  | n  | r  |
   ---- ---- ---- ---- ---- ---- ---- ----
7 |    | b  | p  |    |    | p  | p  | p  |
   ---- ---- ---- ---- ---- ---- ---- ----
6 | p  | p  |    | p  | p  |    |    |    |
   ---- ---- ---- ---- ---- ---- ---- ----
5 |    |    |    |    |    |    |    |    |
   ---- ---- ---- ---- ---- ---- ---- ----
4 |    |    |    |    |    |    |    | P  |
   ---- ---- ---- ---- ---- ---- ---- ----
3 | P  | P  | N  |    |    |    |    |    |
   ---- ---- ---- ---- ---- ---- ---- ----
2 |    |    | P  | P  | P  | P  | P  |    |
   ---- ---- ---- ---- ---- ---- ---- ----
1 | R  |    | B  | Q  | K  | B  | N  | R  |
   ---- ---- ---- ---- ---- ---- ---- ----
    a    b    c    d    e    f    g    h
[DEBUG] [Parser] Wrote to ouput file championship/chess_and_the_city-logic-and-proofs/move.csv move : c7c5
[32;1m[Game] [0mPlayer's error code: 0
[32;1m[Game] [0mChecking move validity...
[32;1m[Board] [0mInitializing board...
[32;1m[Board] [0mLoading history file `championship/chess_and_the_city-logic-and-proofs/history.csv`...
[32;1m[Board] [0mLoaded 11 move(s).
[32;1m[Board] [0mLoading move file `championship/chess_and_the_city-logic-and-proofs/move.csv`...
[32;1m[Board] [0mBlack player is playing c7 to c5.
[32;1m[Board] [0m
[32;1m[Board] [0m    a b c d e f g h 
[32;1m[Board] [0m  -------------------
[32;1m[Board] [0m8 ||[30;1mr[0m|[30;1mk[0m|[7;1m [0m|[30;1mQ[0m|[30;1mK[0m|[30;1mb[0m|[30;1mk[0m|[30;1mr[0m|| 8
[32;1m[Board] [0m  -------------------
[32;1m[Board] [0m7 || |[30;1mb[0m| |[7;1m [0m| |[30;1mp[0m|[30;1mp[0m|[30;1mp[0m|| 7
[32;1m[Board] [0m  -------------------
[32;1m[Board] [0m6 ||[30;1mp[0m|[30;1mp[0m|[7;1m [0m|[30;1mp[0m|[30;1mp[0m| |[7;1m [0m| || 6
[32;1m[Board] [0m  -------------------
[32;1m[Board] [0m5 || |[7;1m [0m|[30;1mp[0m|[7;1m [0m| |[7;1m [0m| |[7;1m [0m|| 5
[32;1m[Board] [0m  -------------------
[32;1m[Board] [0m4 ||[7;1m [0m| |[7;1m [0m| |[7;1m [0m| |[7;1m [0m|[0;1mp[0m|| 4
[32;1m[Board] [0m  -------------------
[32;1m[Board] [0m3 ||[0;1mp[0m|[0;1mp[0m|[0;1mk[0m|[7;1m [0m| |[7;1m [0m| |[7;1m [0m|| 3
[32;1m[Board] [0m  -------------------
[32;1m[Board] [0m2 ||[7;1m [0m| |[0;1mp[0m|[0;1mp[0m|[0;1mp[0m|[0;1mp[0m|[0;1mp[0m| || 2
[32;1m[Board] [0m  -------------------
[32;1m[Board] [0m1 ||[0;1mr[0m|[7;1m [0m|[0;1mb[0m|[0;1mQ[0m|[0;1mK[0m|[0;1mb[0m|[0;1mk[0m|[0;1mr[0m|| 1
[32;1m[Board] [0m  -------------------
[32;1m[Board] [0m    a b c d e f g h
[32;1m[Board] [0m
[32;1m[Referee] [0mThis is the turn of the White player...
Initial board:
--------------------
8| r h b q k b h r |
7| p p p p p p p p |
6| . . . . . . . . |
5| . . . . . . . . |
4| . . . . . . . . |
3| . . . . . . . . |
2| P P P P P P P P |
1| R H B Q K B H R |
--------------------
   a b c d e f g h
After reading:
--------------------
8| r h . q k b h r |
7| . b . . . p p p |
6| p p . p p . . . |
5| . . p . . . . . |
4| . . . . . . . P |
3| P P H . . . . . |
2| . . P P P P P . |
1| R . B Q K B H R |
--------------------
   a b c d e f g h
--------------------
8| r h . q k b h r |
7| . b . . . p p p |
6| p p . p p . . . |
5| . . p . . . . . |
4| . . . . . . . P |
3| P P H . . . . H |
2| . . P P P P P . |
1| R . B Q K B . R |
--------------------
   a b c d e f g h
[32;1m[Game] [0mPlayer's error code: 0
[32;1m[Game] [0mChecking move validity...
[32;1m[Board] [0mInitializing board...
[32;1m[Board] [0mLoading history file `championship/chess_and_the_city-logic-and-proofs/history.csv`...
[32;1m[Board] [0mLoaded 12 move(s).
[32;1m[Board] [0mLoading move file `championship/chess_and_the_city-logic-and-proofs/move.csv`...
[32;1m[Board] [0mWhite player is playing g1 to h3.
[32;1m[Board] [0m
[32;1m[Board] [0m    a b c d e f g h 
[32;1m[Board] [0m  -------------------
[32;1m[Board] [0m8 ||[30;1mr[0m|[30;1mk[0m|[7;1m [0m|[30;1mQ[0m|[30;1mK[0m|[30;1mb[0m|[30;1mk[0m|[30;1mr[0m|| 8
[32;1m[Board] [0m  -------------------
[32;1m[Board] [0m7 || |[30;1mb[0m| |[7;1m [0m| |[30;1mp[0m|[30;1mp[0m|[30;1mp[0m|| 7
[32;1m[Board] [0m  -------------------
[32;1m[Board] [0m6 ||[30;1mp[0m|[30;1mp[0m|[7;1m [0m|[30;1mp[0m|[30;1mp[0m| |[7;1m [0m| || 6
[32;1m[Board] [0m  -------------------
[32;1m[Board] [0m5 || |[7;1m [0m|[30;1mp[0m|[7;1m [0m| |[7;1m [0m| |[7;1m [0m|| 5
[32;1m[Board] [0m  -------------------
[32;1m[Board] [0m4 ||[7;1m [0m| |[7;1m [0m| |[7;1m [0m| |[7;1m [0m|[0;1mp[0m|| 4
[32;1m[Board] [0m  -------------------
[32;1m[Board] [0m3 ||[0;1mp[0m|[0;1mp[0m|[0;1mk[0m|[7;1m [0m| |[7;1m [0m| |[0;1mk[0m|| 3
[32;1m[Board] [0m  -------------------
[32;1m[Board] [0m2 ||[7;1m [0m| |[0;1mp[0m|[0;1mp[0m|[0;1mp[0m|[0;1mp[0m|[0;1mp[0m| || 2
[32;1m[Board] [0m  -------------------
[32;1m[Board] [0m1 ||[0;1mr[0m|[7;1m [0m|[0;1mb[0m|[0;1mQ[0m|[0;1mK[0m|[0;1mb[0m| |[0;1mr[0m|| 1
[32;1m[Board] [0m  -------------------
[32;1m[Board] [0m    a b c d e f g h
[32;1m[Board] [0m
[32;1m[Referee] [0mThis is the turn of the Black player...
[DEBUG] Input history filename: championship/chess_and_the_city-logic-and-proofs/history.csv
[DEBUG] Output move file: championship/chess_and_the_city-logic-and-proofs/move.csv
starting search...
searched and found best move in search: 1092035
Total nodes searched: 59115
how i see the board before writing next move: Turn: Black
Enpassant: xx	Castling: WK WQ BK BQ 
   ---- ---- ---- ---- ---- ---- ---- ----
8 | r  | n  |    | q  | k  | b  | n  | r  |
   ---- ---- ---- ---- ---- ---- ---- ----
7 |    | b  |    |    |    | p  | p  | p  |
   ---- ---- ---- ---- ---- ---- ---- ----
6 | p  | p  |    | p  | p  |    |    |    |
   ---- ---- ---- ---- ---- ---- ---- ----
5 |    |    | p  |    |    |    |    |    |
   ---- ---- ---- ---- ---- ---- ---- ----
4 |    |    |    |    |    |    |    | P  |
   ---- ---- ---- ---- ---- ---- ---- ----
3 | P  | P  | N  |    |    |    |    | N  |
   ---- ---- ---- ---- ---- ---- ---- ----
2 |    |    | P  | P  | P  | P  | P  |    |
   ---- ---- ---- ---- ---- ---- ---- ----
1 | R  |    | B  | Q  | K  | B  |    | R  |
   ---- ---- ---- ---- ---- ---- ---- ----
    a    b    c    d    e    f    g    h
[DEBUG] [Parser] Wrote to ouput file championship/chess_and_the_city-logic-and-proofs/move.csv move : d8h4
[32;1m[Game] [0mPlayer's error code: 0
[32;1m[Game] [0mChecking move validity...
[32;1m[Board] [0mInitializing board...
[32;1m[Board] [0mLoading history file `championship/chess_and_the_city-logic-and-proofs/history.csv`...
[32;1m[Board] [0mLoaded 13 move(s).
[32;1m[Board] [0mLoading move file `championship/chess_and_the_city-logic-and-proofs/move.csv`...
[32;1m[Board] [0mBlack player is playing d8 to h4.
[32;1m[Board] [0m[5;1mBlack Queen is taking White Pawn.[0m
[32;1m[Board] [0m
[32;1m[Board] [0m    a b c d e f g h 
[32;1m[Board] [0m  -------------------
[32;1m[Board] [0m8 ||[30;1mr[0m|[30;1mk[0m|[7;1m [0m| |[30;1mK[0m|[30;1mb[0m|[30;1mk[0m|[30;1mr[0m|| 8
[32;1m[Board] [0m  -------------------
[32;1m[Board] [0m7 || |[30;1mb[0m| |[7;1m [0m| |[30;1mp[0m|[30;1mp[0m|[30;1mp[0m|| 7
[32;1m[Board] [0m  -------------------
[32;1m[Board] [0m6 ||[30;1mp[0m|[30;1mp[0m|[7;1m [0m|[30;1mp[0m|[30;1mp[0m| |[7;1m [0m| || 6
[32;1m[Board] [0m  -------------------
[32;1m[Board] [0m5 || |[7;1m [0m|[30;1mp[0m|[7;1m [0m| |[7;1m [0m| |[7;1m [0m|| 5
[32;1m[Board] [0m  -------------------
[32;1m[Board] [0m4 ||[7;1m [0m| |[7;1m [0m| |[7;1m [0m| |[7;1m [0m|[30;1mQ[0m|| 4
[32;1m[Board] [0m  -------------------
[32;1m[Board] [0m3 ||[0;1mp[0m|[0;1mp[0m|[0;1mk[0m|[7;1m [0m| |[7;1m [0m| |[0;1mk[0m|| 3
[32;1m[Board] [0m  -------------------
[32;1m[Board] [0m2 ||[7;1m [0m| |[0;1mp[0m|[0;1mp[0m|[0;1mp[0m|[0;1mp[0m|[0;1mp[0m| || 2
[32;1m[Board] [0m  -------------------
[32;1m[Board] [0m1 ||[0;1mr[0m|[7;1m [0m|[0;1mb[0m|[0;1mQ[0m|[0;1mK[0m|[0;1mb[0m| |[0;1mr[0m|| 1
[32;1m[Board] [0m  -------------------
[32;1m[Board] [0m    a b c d e f g h
[32;1m[Board] [0m
[32;1m[Referee] [0mThis is the turn of the White player...
Initial board:
--------------------
8| r h b q k b h r |
7| p p p p p p p p |
6| . . . . . . . . |
5| . . . . . . . . |
4| . . . . . . . . |
3| . . . . . . . . |
2| P P P P P P P P |
1| R H B Q K B H R |
--------------------
   a b c d e f g h
After reading:
--------------------
8| r h . . k b h r |
7| . b . . . p p p |
6| p p . p p . . . |
5| . . p . . . . . |
4| . . . . . . . q |
3| P P H . . . . H |
2| . . P P P P P . |
1| R . B Q K B . R |
--------------------
   a b c d e f g h
--------------------
8| r h . . k b h r |
7| . b . . . p p p |
6| p p . p p . . . |
5| . . p . . . H . |
4| . . . . . . . q |
3| P P H . . . . . |
2| . . P P P P P . |
1| R . B Q K B . R |
--------------------
   a b c d e f g h
[32;1m[Game] [0mPlayer's error code: 0
[32;1m[Game] [0mChecking move validity...
[32;1m[Board] [0mInitializing board...
[32;1m[Board] [0mLoading history file `championship/chess_and_the_city-logic-and-proofs/history.csv`...
[32;1m[Board] [0mLoaded 14 move(s).
[32;1m[Board] [0mLoading move file `championship/chess_and_the_city-logic-and-proofs/move.csv`...
[32;1m[Board] [0mWhite player is playing h3 to g5.
[32;1m[Board] [0m
[32;1m[Board] [0m    a b c d e f g h 
[32;1m[Board] [0m  -------------------
[32;1m[Board] [0m8 ||[30;1mr[0m|[30;1mk[0m|[7;1m [0m| |[30;1mK[0m|[30;1mb[0m|[30;1mk[0m|[30;1mr[0m|| 8
[32;1m[Board] [0m  -------------------
[32;1m[Board] [0m7 || |[30;1mb[0m| |[7;1m [0m| |[30;1mp[0m|[30;1mp[0m|[30;1mp[0m|| 7
[32;1m[Board] [0m  -------------------
[32;1m[Board] [0m6 ||[30;1mp[0m|[30;1mp[0m|[7;1m [0m|[30;1mp[0m|[30;1mp[0m| |[7;1m [0m| || 6
[32;1m[Board] [0m  -------------------
[32;1m[Board] [0m5 || |[7;1m [0m|[30;1mp[0m|[7;1m [0m| |[7;1m [0m|[0;1mk[0m|[7;1m [0m|| 5
[32;1m[Board] [0m  -------------------
[32;1m[Board] [0m4 ||[7;1m [0m| |[7;1m [0m| |[7;1m [0m| |[7;1m [0m|[30;1mQ[0m|| 4
[32;1m[Board] [0m  -------------------
[32;1m[Board] [0m3 ||[0;1mp[0m|[0;1mp[0m|[0;1mk[0m|[7;1m [0m| |[7;1m [0m| |[7;1m [0m|| 3
[32;1m[Board] [0m  -------------------
[32;1m[Board] [0m2 ||[7;1m [0m| |[0;1mp[0m|[0;1mp[0m|[0;1mp[0m|[0;1mp[0m|[0;1mp[0m| || 2
[32;1m[Board] [0m  -------------------
[32;1m[Board] [0m1 ||[0;1mr[0m|[7;1m [0m|[0;1mb[0m|[0;1mQ[0m|[0;1mK[0m|[0;1mb[0m| |[0;1mr[0m|| 1
[32;1m[Board] [0m  -------------------
[32;1m[Board] [0m    a b c d e f g h
[32;1m[Board] [0m
[32;1m[Referee] [0mThis is the turn of the Black player...
[DEBUG] Input history filename: championship/chess_and_the_city-logic-and-proofs/history.csv
[DEBUG] Output move file: championship/chess_and_the_city-logic-and-proofs/move.csv
starting search...
searched and found best move in search: 1093607
Total nodes searched: 405386
how i see the board before writing next move: Turn: Black
Enpassant: xx	Castling: WK WQ BK BQ 
   ---- ---- ---- ---- ---- ---- ---- ----
8 | r  | n  |    |    | k  | b  | n  | r  |
   ---- ---- ---- ---- ---- ---- ---- ----
7 |    | b  |    |    |    | p  | p  | p  |
   ---- ---- ---- ---- ---- ---- ---- ----
6 | p  | p  |    | p  | p  |    |    |    |
   ---- ---- ---- ---- ---- ---- ---- ----
5 |    |    | p  |    |    |    | N  |    |
   ---- ---- ---- ---- ---- ---- ---- ----
4 |    |    |    |    |    |    |    | q  |
   ---- ---- ---- ---- ---- ---- ---- ----
3 | P  | P  | N  |    |    |    |    |    |
   ---- ---- ---- ---- ---- ---- ---- ----
2 |    |    | P  | P  | P  | P  | P  |    |
   ---- ---- ---- ---- ---- ---- ---- ----
1 | R  |    | B  | Q  | K  | B  |    | R  |
   ---- ---- ---- ---- ---- ---- ---- ----
    a    b    c    d    e    f    g    h
[DEBUG] [Parser] Wrote to ouput file championship/chess_and_the_city-logic-and-proofs/move.csv move : h4h1
[32;1m[Game] [0mPlayer's error code: 0
[32;1m[Game] [0mChecking move validity...
[32;1m[Board] [0mInitializing board...
[32;1m[Board] [0mLoading history file `championship/chess_and_the_city-logic-and-proofs/history.csv`...
[32;1m[Board] [0mLoaded 15 move(s).
[32;1m[Board] [0mLoading move file `championship/chess_and_the_city-logic-and-proofs/move.csv`...
[32;1m[Board] [0mBlack player is playing h4 to h1.
[32;1m[Board] [0m[5;1mBlack Queen is taking White Rook.[0m
[32;1m[Board] [0m
[32;1m[Board] [0m    a b c d e f g h 
[32;1m[Board] [0m  -------------------
[32;1m[Board] [0m8 ||[30;1mr[0m|[30;1mk[0m|[7;1m [0m| |[30;1mK[0m|[30;1mb[0m|[30;1mk[0m|[30;1mr[0m|| 8
[32;1m[Board] [0m  -------------------
[32;1m[Board] [0m7 || |[30;1mb[0m| |[7;1m [0m| |[30;1mp[0m|[30;1mp[0m|[30;1mp[0m|| 7
[32;1m[Board] [0m  -------------------
[32;1m[Board] [0m6 ||[30;1mp[0m|[30;1mp[0m|[7;1m [0m|[30;1mp[0m|[30;1mp[0m| |[7;1m [0m| || 6
[32;1m[Board] [0m  -------------------
[32;1m[Board] [0m5 || |[7;1m [0m|[30;1mp[0m|[7;1m [0m| |[7;1m [0m|[0;1mk[0m|[7;1m [0m|| 5
[32;1m[Board] [0m  -------------------
[32;1m[Board] [0m4 ||[7;1m [0m| |[7;1m [0m| |[7;1m [0m| |[7;1m [0m| || 4
[32;1m[Board] [0m  -------------------
[32;1m[Board] [0m3 ||[0;1mp[0m|[0;1mp[0m|[0;1mk[0m|[7;1m [0m| |[7;1m [0m| |[7;1m [0m|| 3
[32;1m[Board] [0m  -------------------
[32;1m[Board] [0m2 ||[7;1m [0m| |[0;1mp[0m|[0;1mp[0m|[0;1mp[0m|[0;1mp[0m|[0;1mp[0m| || 2
[32;1m[Board] [0m  -------------------
[32;1m[Board] [0m1 ||[0;1mr[0m|[7;1m [0m|[0;1mb[0m|[0;1mQ[0m|[0;1mK[0m|[0;1mb[0m| |[30;1mQ[0m|| 1
[32;1m[Board] [0m  -------------------
[32;1m[Board] [0m    a b c d e f g h
[32;1m[Board] [0m
[32;1m[Referee] [0mThis is the turn of the White player...
Initial board:
--------------------
8| r h b q k b h r |
7| p p p p p p p p |
6| . . . . . . . . |
5| . . . . . . . . |
4| . . . . . . . . |
3| . . . . . . . . |
2| P P P P P P P P |
1| R H B Q K B H R |
--------------------
   a b c d e f g h
After reading:
--------------------
8| r h . . k b h r |
7| . b . . . p p p |
6| p p . p p . . . |
5| . . p . . . H . |
4| . . . . . . . . |
3| P P H . . . . . |
2| . . P P P P P . |
1| R . B Q K B . q |
--------------------
   a b c d e f g h
--------------------
8| r h . . k b h r |
7| . b . . . p p p |
6| p p . p H . . . |
5| . . p . . . . . |
4| . . . . . . . . |
3| P P H . . . . . |
2| . . P P P P P . |
1| R . B Q K B . q |
--------------------
   a b c d e f g h
[32;1m[Game] [0mPlayer's error code: 0
[32;1m[Game] [0mChecking move validity...
[32;1m[Board] [0mInitializing board...
[32;1m[Board] [0mLoading history file `championship/chess_and_the_city-logic-and-proofs/history.csv`...
[32;1m[Board] [0mLoaded 16 move(s).
[32;1m[Board] [0mLoading move file `championship/chess_and_the_city-logic-and-proofs/move.csv`...
[32;1m[Board] [0mWhite player is playing g5 to e6.
[32;1m[Board] [0m[5;1mWhite Knight is taking Black Pawn.[0m
[32;1m[Board] [0m
[32;1m[Board] [0m    a b c d e f g h 
[32;1m[Board] [0m  -------------------
[32;1m[Board] [0m8 ||[30;1mr[0m|[30;1mk[0m|[7;1m [0m| |[30;1mK[0m|[30;1mb[0m|[30;1mk[0m|[30;1mr[0m|| 8
[32;1m[Board] [0m  -------------------
[32;1m[Board] [0m7 || |[30;1mb[0m| |[7;1m [0m| |[30;1mp[0m|[30;1mp[0m|[30;1mp[0m|| 7
[32;1m[Board] [0m  -------------------
[32;1m[Board] [0m6 ||[30;1mp[0m|[30;1mp[0m|[7;1m [0m|[30;1mp[0m|[0;1mk[0m| |[7;1m [0m| || 6
[32;1m[Board] [0m  -------------------
[32;1m[Board] [0m5 || |[7;1m [0m|[30;1mp[0m|[7;1m [0m| |[7;1m [0m| |[7;1m [0m|| 5
[32;1m[Board] [0m  -------------------
[32;1m[Board] [0m4 ||[7;1m [0m| |[7;1m [0m| |[7;1m [0m| |[7;1m [0m| || 4
[32;1m[Board] [0m  -------------------
[32;1m[Board] [0m3 ||[0;1mp[0m|[0;1mp[0m|[0;1mk[0m|[7;1m [0m| |[7;1m [0m| |[7;1m [0m|| 3
[32;1m[Board] [0m  -------------------
[32;1m[Board] [0m2 ||[7;1m [0m| |[0;1mp[0m|[0;1mp[0m|[0;1mp[0m|[0;1mp[0m|[0;1mp[0m| || 2
[32;1m[Board] [0m  -------------------
[32;1m[Board] [0m1 ||[0;1mr[0m|[7;1m [0m|[0;1mb[0m|[0;1mQ[0m|[0;1mK[0m|[0;1mb[0m| |[30;1mQ[0m|| 1
[32;1m[Board] [0m  -------------------
[32;1m[Board] [0m    a b c d e f g h
[32;1m[Board] [0m
[32;1m[Referee] [0mThis is the turn of the Black player...
[DEBUG] Input history filename: championship/chess_and_the_city-logic-and-proofs/history.csv
[DEBUG] Output move file: championship/chess_and_the_city-logic-and-proofs/move.csv
starting search...
searched and found best move in search: 1074445
Total nodes searched: 11821
how i see the board before writing next move: Turn: Black
Enpassant: xx	Castling: xWQ BK BQ 
   ---- ---- ---- ---- ---- ---- ---- ----
8 | r  | n  |    |    | k  | b  | n  | r  |
   ---- ---- ---- ---- ---- ---- ---- ----
7 |    | b  |    |    |    | p  | p  | p  |
   ---- ---- ---- ---- ---- ---- ---- ----
6 | p  | p  |    | p  | N  |    |    |    |
   ---- ---- ---- ---- ---- ---- ---- ----
5 |    |    | p  |    |    |    |    |    |
   ---- ---- ---- ---- ---- ---- ---- ----
4 |    |    |    |    |    |    |    |    |
   ---- ---- ---- ---- ---- ---- ---- ----
3 | P  | P  | N  |    |    |    |    |    |
   ---- ---- ---- ---- ---- ---- ---- ----
2 |    |    | P  | P  | P  | P  | P  |    |
   ---- ---- ---- ---- ---- ---- ---- ----
1 | R  |    | B  | Q  | K  | B  |    | q  |
   ---- ---- ---- ---- ---- ---- ---- ----
    a    b    c    d    e    f    g    h
[DEBUG] [Parser] Wrote to ouput file championship/chess_and_the_city-logic-and-proofs/move.csv move : f7e6
[32;1m[Game] [0mPlayer's error code: 0
[32;1m[Game] [0mChecking move validity...
[32;1m[Board] [0mInitializing board...
[32;1m[Board] [0mLoading history file `championship/chess_and_the_city-logic-and-proofs/history.csv`...
[32;1m[Board] [0mLoaded 17 move(s).
[32;1m[Board] [0mLoading move file `championship/chess_and_the_city-logic-and-proofs/move.csv`...
[32;1m[Board] [0mBlack player is playing f7 to e6.
[32;1m[Board] [0m[5;1mBlack Pawn is taking White Knight.[0m
[32;1m[Board] [0m
[32;1m[Board] [0m    a b c d e f g h 
[32;1m[Board] [0m  -------------------
[32;1m[Board] [0m8 ||[30;1mr[0m|[30;1mk[0m|[7;1m [0m| |[30;1mK[0m|[30;1mb[0m|[30;1mk[0m|[30;1mr[0m|| 8
[32;1m[Board] [0m  -------------------
[32;1m[Board] [0m7 || |[30;1mb[0m| |[7;1m [0m| |[7;1m [0m|[30;1mp[0m|[30;1mp[0m|| 7
[32;1m[Board] [0m  -------------------
[32;1m[Board] [0m6 ||[30;1mp[0m|[30;1mp[0m|[7;1m [0m|[30;1mp[0m|[30;1mp[0m| |[7;1m [0m| || 6
[32;1m[Board] [0m  -------------------
[32;1m[Board] [0m5 || |[7;1m [0m|[30;1mp[0m|[7;1m [0m| |[7;1m [0m| |[7;1m [0m|| 5
[32;1m[Board] [0m  -------------------
[32;1m[Board] [0m4 ||[7;1m [0m| |[7;1m [0m| |[7;1m [0m| |[7;1m [0m| || 4
[32;1m[Board] [0m  -------------------
[32;1m[Board] [0m3 ||[0;1mp[0m|[0;1mp[0m|[0;1mk[0m|[7;1m [0m| |[7;1m [0m| |[7;1m [0m|| 3
[32;1m[Board] [0m  -------------------
[32;1m[Board] [0m2 ||[7;1m [0m| |[0;1mp[0m|[0;1mp[0m|[0;1mp[0m|[0;1mp[0m|[0;1mp[0m| || 2
[32;1m[Board] [0m  -------------------
[32;1m[Board] [0m1 ||[0;1mr[0m|[7;1m [0m|[0;1mb[0m|[0;1mQ[0m|[0;1mK[0m|[0;1mb[0m| |[30;1mQ[0m|| 1
[32;1m[Board] [0m  -------------------
[32;1m[Board] [0m    a b c d e f g h
[32;1m[Board] [0m
[32;1m[Referee] [0mThis is the turn of the White player...
Initial board:
--------------------
8| r h b q k b h r |
7| p p p p p p p p |
6| . . . . . . . . |
5| . . . . . . . . |
4| . . . . . . . . |
3| . . . . . . . . |
2| P P P P P P P P |
1| R H B Q K B H R |
--------------------
   a b c d e f g h
After reading:
--------------------
8| r h . . k b h r |
7| . b . . . . p p |
6| p p . p p . . . |
5| . . p . . . . . |
4| . . . . . . . . |
3| P P H . . . . . |
2| . . P P P P P . |
1| R . B Q K B . q |
--------------------
   a b c d e f g h
--------------------
8| r h . . k b h r |
7| . b . . . . p p |
6| p p . p . . . . |
5| . . p . . . . . |
4| . . . . . . . . |
3| P P H . . . . . |
2| . . P P P P P . |
1| R . B Q K B . q |
--------------------
   a b c d e f g h
[32;1m[Game] [0mPlayer's error code: 0
[32;1m[Game] [0mChecking move validity...
[32;1m[Board] [0mInitializing board...
[32;1m[Board] [0mLoading history file `championship/chess_and_the_city-logic-and-proofs/history.csv`...
[32;1m[Board] [0mLoaded 18 move(s).
[32;1m[Board] [0mLoading move file `championship/chess_and_the_city-logic-and-proofs/move.csv`...
[32;1m[Board] [0mWhite player is playing e6 to g7.
[32;1m[Board] [0m[31;1m[ERROR][0m Move source (e6) contains an opponent's piece :(
[32;1m[Referee] [0mInvalid move (code: -4) :(
[32;1m[Game] [0mWhite player has lost on illegal move.
