[32;1m[Board] [0mInitializing board...
[32;1m[Board] [0m
[32;1m[Board] [0m    a b c d e f g h 
[32;1m[Board] [0m  -------------------
[32;1m[Board] [0m8 ||[30;1mr[0m|[30;1mk[0m|[30;1mb[0m|[30;1mQ[0m|[30;1mK[0m|[30;1mb[0m|[30;1mk[0m|[30;1mr[0m|| 8
[32;1m[Board] [0m  -------------------
[32;1m[Board] [0m7 ||[30;1mp[0m|[30;1mp[0m|[30;1mp[0m|[30;1mp[0m|[30;1mp[0m|[30;1mp[0m|[30;1mp[0m|[30;1mp[0m|| 7
[32;1m[Board] [0m  -------------------
[32;1m[Board] [0m6 ||[7;1m [0m| |[7;1m [0m| |[7;1m [0m| |[7;1m [0m| || 6
[32;1m[Board] [0m  -------------------
[32;1m[Board] [0m5 || |[7;1m [0m| |[7;1m [0m| |[7;1m [0m| |[7;1m [0m|| 5
[32;1m[Board] [0m  -------------------
[32;1m[Board] [0m4 ||[7;1m [0m| |[7;1m [0m| |[7;1m [0m| |[7;1m [0m| || 4
[32;1m[Board] [0m  -------------------
[32;1m[Board] [0m3 || |[7;1m [0m| |[7;1m [0m| |[7;1m [0m| |[7;1m [0m|| 3
[32;1m[Board] [0m  -------------------
[32;1m[Board] [0m2 ||[0;1mp[0m|[0;1mp[0m|[0;1mp[0m|[0;1mp[0m|[0;1mp[0m|[0;1mp[0m|[0;1mp[0m|[0;1mp[0m|| 2
[32;1m[Board] [0m  -------------------
[32;1m[Board] [0m1 ||[0;1mr[0m|[0;1mk[0m|[0;1mb[0m|[0;1mQ[0m|[0;1mK[0m|[0;1mb[0m|[0;1mk[0m|[0;1mr[0m|| 1
[32;1m[Board] [0m  -------------------
[32;1m[Board] [0m    a b c d e f g h
[32;1m[Board] [0m
[32;1m[Referee] [0mThis is the turn of the White player...
5    a    b    c    d    e    f    g    h
  +----+----+----+----+----+----+----+----+
8 | oR | oN | oB | oQ | oK | oB | oN | oR | 8
  +----+----+----+----+----+----+----+----+
7 | oP | oP | oP | oP | oP | oP | oP | oP | 7
  +----+----+----+----+----+----+----+----+
6 |    |    |    |    |    |    |    |    | 6
  +----+----+----+----+----+----+----+----+
5 |    |    |    |    |    |    |    |    | 5
  +----+----+----+----+----+----+----+----+
4 |    |    |    |    |    |    |    |    | 4
  +----+----+----+----+----+----+----+----+
3 |    |    |    |    |    |    |    |    | 3
  +----+----+----+----+----+----+----+----+
2 | mP | mP | mP | mP | mP | mP | mP | mP | 2
  +----+----+----+----+----+----+----+----+
1 | mR | mN | mB | mQ | mK | mB | mN | mR | 1
  +----+----+----+----+----+----+----+----+
    a    b    c    d    e    f    g   h

random move: b1c3
Move written to championship/chess-ai-logic-and-proofs/move.csv successfully!
eval: 0
Result
Move: b8a6, Score: -10
Move: g8h6, Score: -10
Move: b8c6, Score: -50
Move: g8f6, Score: -50
[32;1m[Game] [0mPlayer's error code: 0
[32;1m[Game] [0mChecking move validity...
[32;1m[Board] [0mInitializing board...
[32;1m[Board] [0mLoading history file `championship/chess-ai-logic-and-proofs/history.csv`...
[32;1m[Board] [0mLoaded 0 move(s).
[32;1m[Board] [0mLoading move file `championship/chess-ai-logic-and-proofs/move.csv`...
[32;1m[Board] [0mWhite player is playing b1 to c3.
[32;1m[Board] [0m
[32;1m[Board] [0m    a b c d e f g h 
[32;1m[Board] [0m  -------------------
[32;1m[Board] [0m8 ||[30;1mr[0m|[30;1mk[0m|[30;1mb[0m|[30;1mQ[0m|[30;1mK[0m|[30;1mb[0m|[30;1mk[0m|[30;1mr[0m|| 8
[32;1m[Board] [0m  -------------------
[32;1m[Board] [0m7 ||[30;1mp[0m|[30;1mp[0m|[30;1mp[0m|[30;1mp[0m|[30;1mp[0m|[30;1mp[0m|[30;1mp[0m|[30;1mp[0m|| 7
[32;1m[Board] [0m  -------------------
[32;1m[Board] [0m6 ||[7;1m [0m| |[7;1m [0m| |[7;1m [0m| |[7;1m [0m| || 6
[32;1m[Board] [0m  -------------------
[32;1m[Board] [0m5 || |[7;1m [0m| |[7;1m [0m| |[7;1m [0m| |[7;1m [0m|| 5
[32;1m[Board] [0m  -------------------
[32;1m[Board] [0m4 ||[7;1m [0m| |[7;1m [0m| |[7;1m [0m| |[7;1m [0m| || 4
[32;1m[Board] [0m  -------------------
[32;1m[Board] [0m3 || |[7;1m [0m|[0;1mk[0m|[7;1m [0m| |[7;1m [0m| |[7;1m [0m|| 3
[32;1m[Board] [0m  -------------------
[32;1m[Board] [0m2 ||[0;1mp[0m|[0;1mp[0m|[0;1mp[0m|[0;1mp[0m|[0;1mp[0m|[0;1mp[0m|[0;1mp[0m|[0;1mp[0m|| 2
[32;1m[Board] [0m  -------------------
[32;1m[Board] [0m1 ||[0;1mr[0m|[7;1m [0m|[0;1mb[0m|[0;1mQ[0m|[0;1mK[0m|[0;1mb[0m|[0;1mk[0m|[0;1mr[0m|| 1
[32;1m[Board] [0m  -------------------
[32;1m[Board] [0m    a b c d e f g h
[32;1m[Board] [0m
[32;1m[Referee] [0mThis is the turn of the Black player...
Error : can't load the file openings.txt
[DEBUG] Input history filename: championship/chess-ai-logic-and-proofs/history.csv
[DEBUG] Output move file: championship/chess-ai-logic-and-proofs/move.csv
[Parser][ply=] 1
Opening move :
the actual fen is : rnbqkbnr/pppppppp/8/8/8/2N5/PPPPPPPP/R1BQKBNR b KQkq
starting search...
[search_random]: g8f6
searched and found best move in search: 2123532
Total nodes searched: 24947
info score depth 5 score 0
how i see the board before writing next move: Turn: Black
Enpassant: xx	Castling: WK WQ BK BQ 
   ---- ---- ---- ---- ---- ---- ---- ----
8 | r  | n  | b  | q  | k  | b  | n  | r  |
   ---- ---- ---- ---- ---- ---- ---- ----
7 | p  | p  | p  | p  | p  | p  | p  | p  |
   ---- ---- ---- ---- ---- ---- ---- ----
6 |    |    |    |    |    |    |    |    |
   ---- ---- ---- ---- ---- ---- ---- ----
5 |    |    |    |    |    |    |    |    |
   ---- ---- ---- ---- ---- ---- ---- ----
4 |    |    |    |    |    |    |    |    |
   ---- ---- ---- ---- ---- ---- ---- ----
3 |    |    | N  |    |    |    |    |    |
   ---- ---- ---- ---- ---- ---- ---- ----
2 | P  | P  | P  | P  | P  | P  | P  | P  |
   ---- ---- ---- ---- ---- ---- ---- ----
1 | R  |    | B  | Q  | K  | B  | N  | R  |
   ---- ---- ---- ---- ---- ---- ---- ----
    a    b    c    d    e    f    g    h
[DEBUG] [Parser] Wrote to ouput file championship/chess-ai-logic-and-proofs/move.csv move : e7e5
[32;1m[Game] [0mPlayer's error code: 0
[32;1m[Game] [0mChecking move validity...
[32;1m[Board] [0mInitializing board...
[32;1m[Board] [0mLoading history file `championship/chess-ai-logic-and-proofs/history.csv`...
[32;1m[Board] [0mLoaded 1 move(s).
[32;1m[Board] [0mLoading move file `championship/chess-ai-logic-and-proofs/move.csv`...
[32;1m[Board] [0mBlack player is playing e7 to e5.
[32;1m[Board] [0m
[32;1m[Board] [0m    a b c d e f g h 
[32;1m[Board] [0m  -------------------
[32;1m[Board] [0m8 ||[30;1mr[0m|[30;1mk[0m|[30;1mb[0m|[30;1mQ[0m|[30;1mK[0m|[30;1mb[0m|[30;1mk[0m|[30;1mr[0m|| 8
[32;1m[Board] [0m  -------------------
[32;1m[Board] [0m7 ||[30;1mp[0m|[30;1mp[0m|[30;1mp[0m|[30;1mp[0m| |[30;1mp[0m|[30;1mp[0m|[30;1mp[0m|| 7
[32;1m[Board] [0m  -------------------
[32;1m[Board] [0m6 ||[7;1m [0m| |[7;1m [0m| |[7;1m [0m| |[7;1m [0m| || 6
[32;1m[Board] [0m  -------------------
[32;1m[Board] [0m5 || |[7;1m [0m| |[7;1m [0m|[30;1mp[0m|[7;1m [0m| |[7;1m [0m|| 5
[32;1m[Board] [0m  -------------------
[32;1m[Board] [0m4 ||[7;1m [0m| |[7;1m [0m| |[7;1m [0m| |[7;1m [0m| || 4
[32;1m[Board] [0m  -------------------
[32;1m[Board] [0m3 || |[7;1m [0m|[0;1mk[0m|[7;1m [0m| |[7;1m [0m| |[7;1m [0m|| 3
[32;1m[Board] [0m  -------------------
[32;1m[Board] [0m2 ||[0;1mp[0m|[0;1mp[0m|[0;1mp[0m|[0;1mp[0m|[0;1mp[0m|[0;1mp[0m|[0;1mp[0m|[0;1mp[0m|| 2
[32;1m[Board] [0m  -------------------
[32;1m[Board] [0m1 ||[0;1mr[0m|[7;1m [0m|[0;1mb[0m|[0;1mQ[0m|[0;1mK[0m|[0;1mb[0m|[0;1mk[0m|[0;1mr[0m|| 1
[32;1m[Board] [0m  -------------------
[32;1m[Board] [0m    a b c d e f g h
[32;1m[Board] [0m
[32;1m[Referee] [0mThis is the turn of the White player...
5    a    b    c    d    e    f    g    h
  +----+----+----+----+----+----+----+----+
8 | oR | oN | oB | oQ | oK | oB | oN | oR | 8
  +----+----+----+----+----+----+----+----+
7 | oP | oP | oP | oP | oP | oP | oP | oP | 7
  +----+----+----+----+----+----+----+----+
6 |    |    |    |    |    |    |    |    | 6
  +----+----+----+----+----+----+----+----+
5 |    |    |    |    |    |    |    |    | 5
  +----+----+----+----+----+----+----+----+
4 |    |    |    |    |    |    |    |    | 4
  +----+----+----+----+----+----+----+----+
3 |    |    | mN |    |    |    |    |    | 3
  +----+----+----+----+----+----+----+----+
2 | mP | mP | mP | mP | mP | mP | mP | mP | 2
  +----+----+----+----+----+----+----+----+
1 | mR |    | mB | mQ | mK | mB | mN | mR | 1
  +----+----+----+----+----+----+----+----+
    a    b    c    d    e    f    g   h

    a    b    c    d    e    f    g    h
  +----+----+----+----+----+----+----+----+
8 | oR | oN | oB | oQ | oK | oB | oN | oR | 8
  +----+----+----+----+----+----+----+----+
7 | oP | oP | oP | oP |    | oP | oP | oP | 7
  +----+----+----+----+----+----+----+----+
6 |    |    |    |    |    |    |    |    | 6
  +----+----+----+----+----+----+----+----+
5 |    |    |    |    | oP |    |    |    | 5
  +----+----+----+----+----+----+----+----+
4 |    |    |    |    |    |    |    |    | 4
  +----+----+----+----+----+----+----+----+
3 |    |    | mN |    |    |    |    |    | 3
  +----+----+----+----+----+----+----+----+
2 | mP | mP | mP | mP | mP | mP | mP | mP | 2
  +----+----+----+----+----+----+----+----+
1 | mR |    | mB | mQ | mK | mB | mN | mR | 1
  +----+----+----+----+----+----+----+----+
    a    b    c    d    e    f    g   h

    a    b    c    d    e    f    g    h
  +----+----+----+----+----+----+----+----+
8 | oR | oN | oB | oQ | oK | oB | oN | oR | 8
  +----+----+----+----+----+----+----+----+
7 | oP | oP | oP | oP |    | oP | oP | oP | 7
  +----+----+----+----+----+----+----+----+
6 |    |    |    |    |    |    |    |    | 6
  +----+----+----+----+----+----+----+----+
5 |    |    |    |    | oP |    |    |    | 5
  +----+----+----+----+----+----+----+----+
4 |    |    |    |    |    |    |    |    | 4
  +----+----+----+----+----+----+----+----+
3 |    |    | mN |    |    |    |    |    | 3
  +----+----+----+----+----+----+----+----+
2 | mP | mP | mP | mP | mP | mP | mP | mP | 2
  +----+----+----+----+----+----+----+----+
1 | mR |    | mB | mQ | mK | mB | mN | mR | 1
  +----+----+----+----+----+----+----+----+
    a    b    c    d    e    f    g   h

random move: g2g4
Move written to championship/chess-ai-logic-and-proofs/move.csv successfully!
eval: -129
Result
Move: e5e6, Score: 30
Move: e8e7, Score: 20
Move: d8h4, Score: 10
Move: d8e7, Score: 5
Move: b8a6, Score: 0
Move: g8h6, Score: 0
Move: f8e7, Score: 0
Move: f8a3, Score: 0
Move: d8g5, Score: 0
Move: d8f6, Score: -5
Move: f8d6, Score: -20
Move: f8c5, Score: -20
Move: f8b4, Score: -20
Move: g8e7, Score: -30
Move: b8c6, Score: -40
Move: g8f6, Score: -40
[32;1m[Game] [0mPlayer's error code: 0
[32;1m[Game] [0mChecking move validity...
[32;1m[Board] [0mInitializing board...
[32;1m[Board] [0mLoading history file `championship/chess-ai-logic-and-proofs/history.csv`...
[32;1m[Board] [0mLoaded 2 move(s).
[32;1m[Board] [0mLoading move file `championship/chess-ai-logic-and-proofs/move.csv`...
[32;1m[Board] [0mWhite player is playing g2 to g4.
[32;1m[Board] [0m
[32;1m[Board] [0m    a b c d e f g h 
[32;1m[Board] [0m  -------------------
[32;1m[Board] [0m8 ||[30;1mr[0m|[30;1mk[0m|[30;1mb[0m|[30;1mQ[0m|[30;1mK[0m|[30;1mb[0m|[30;1mk[0m|[30;1mr[0m|| 8
[32;1m[Board] [0m  -------------------
[32;1m[Board] [0m7 ||[30;1mp[0m|[30;1mp[0m|[30;1mp[0m|[30;1mp[0m| |[30;1mp[0m|[30;1mp[0m|[30;1mp[0m|| 7
[32;1m[Board] [0m  -------------------
[32;1m[Board] [0m6 ||[7;1m [0m| |[7;1m [0m| |[7;1m [0m| |[7;1m [0m| || 6
[32;1m[Board] [0m  -------------------
[32;1m[Board] [0m5 || |[7;1m [0m| |[7;1m [0m|[30;1mp[0m|[7;1m [0m| |[7;1m [0m|| 5
[32;1m[Board] [0m  -------------------
[32;1m[Board] [0m4 ||[7;1m [0m| |[7;1m [0m| |[7;1m [0m| |[0;1mp[0m| || 4
[32;1m[Board] [0m  -------------------
[32;1m[Board] [0m3 || |[7;1m [0m|[0;1mk[0m|[7;1m [0m| |[7;1m [0m| |[7;1m [0m|| 3
[32;1m[Board] [0m  -------------------
[32;1m[Board] [0m2 ||[0;1mp[0m|[0;1mp[0m|[0;1mp[0m|[0;1mp[0m|[0;1mp[0m|[0;1mp[0m|[7;1m [0m|[0;1mp[0m|| 2
[32;1m[Board] [0m  -------------------
[32;1m[Board] [0m1 ||[0;1mr[0m|[7;1m [0m|[0;1mb[0m|[0;1mQ[0m|[0;1mK[0m|[0;1mb[0m|[0;1mk[0m|[0;1mr[0m|| 1
[32;1m[Board] [0m  -------------------
[32;1m[Board] [0m    a b c d e f g h
[32;1m[Board] [0m
[32;1m[Referee] [0mThis is the turn of the Black player...
Error : can't load the file openings.txt
[DEBUG] Input history filename: championship/chess-ai-logic-and-proofs/history.csv
[DEBUG] Output move file: championship/chess-ai-logic-and-proofs/move.csv
[Parser][ply=] 3
Opening move :
the actual fen is : rnbqkbnr/pppp1ppp/8/4p3/6P1/2N5/PPPPPP1P/R1BQKBNR b KQkq
starting search...
[search_random]: g8f6
searched and found best move in search: 29825
Total nodes searched: 30807
info score depth 5 score 0
how i see the board before writing next move: Turn: Black
Enpassant: g3	Castling: WK WQ BK BQ 
   ---- ---- ---- ---- ---- ---- ---- ----
8 | r  | n  | b  | q  | k  | b  | n  | r  |
   ---- ---- ---- ---- ---- ---- ---- ----
7 | p  | p  | p  | p  |    | p  | p  | p  |
   ---- ---- ---- ---- ---- ---- ---- ----
6 |    |    |    |    |    |    |    |    |
   ---- ---- ---- ---- ---- ---- ---- ----
5 |    |    |    |    | p  |    |    |    |
   ---- ---- ---- ---- ---- ---- ---- ----
4 |    |    |    |    |    |    | P  |    |
   ---- ---- ---- ---- ---- ---- ---- ----
3 |    |    | N  |    |    |    |    |    |
   ---- ---- ---- ---- ---- ---- ---- ----
2 | P  | P  | P  | P  | P  | P  |    | P  |
   ---- ---- ---- ---- ---- ---- ---- ----
1 | R  |    | B  | Q  | K  | B  | N  | R  |
   ---- ---- ---- ---- ---- ---- ---- ----
    a    b    c    d    e    f    g    h
[DEBUG] [Parser] Wrote to ouput file championship/chess-ai-logic-and-proofs/move.csv move : b8c6
[32;1m[Game] [0mPlayer's error code: 0
[32;1m[Game] [0mChecking move validity...
[32;1m[Board] [0mInitializing board...
[32;1m[Board] [0mLoading history file `championship/chess-ai-logic-and-proofs/history.csv`...
[32;1m[Board] [0mLoaded 3 move(s).
[32;1m[Board] [0mLoading move file `championship/chess-ai-logic-and-proofs/move.csv`...
[32;1m[Board] [0mBlack player is playing b8 to c6.
[32;1m[Board] [0m
[32;1m[Board] [0m    a b c d e f g h 
[32;1m[Board] [0m  -------------------
[32;1m[Board] [0m8 ||[30;1mr[0m| |[30;1mb[0m|[30;1mQ[0m|[30;1mK[0m|[30;1mb[0m|[30;1mk[0m|[30;1mr[0m|| 8
[32;1m[Board] [0m  -------------------
[32;1m[Board] [0m7 ||[30;1mp[0m|[30;1mp[0m|[30;1mp[0m|[30;1mp[0m| |[30;1mp[0m|[30;1mp[0m|[30;1mp[0m|| 7
[32;1m[Board] [0m  -------------------
[32;1m[Board] [0m6 ||[7;1m [0m| |[30;1mk[0m| |[7;1m [0m| |[7;1m [0m| || 6
[32;1m[Board] [0m  -------------------
[32;1m[Board] [0m5 || |[7;1m [0m| |[7;1m [0m|[30;1mp[0m|[7;1m [0m| |[7;1m [0m|| 5
[32;1m[Board] [0m  -------------------
[32;1m[Board] [0m4 ||[7;1m [0m| |[7;1m [0m| |[7;1m [0m| |[0;1mp[0m| || 4
[32;1m[Board] [0m  -------------------
[32;1m[Board] [0m3 || |[7;1m [0m|[0;1mk[0m|[7;1m [0m| |[7;1m [0m| |[7;1m [0m|| 3
[32;1m[Board] [0m  -------------------
[32;1m[Board] [0m2 ||[0;1mp[0m|[0;1mp[0m|[0;1mp[0m|[0;1mp[0m|[0;1mp[0m|[0;1mp[0m|[7;1m [0m|[0;1mp[0m|| 2
[32;1m[Board] [0m  -------------------
[32;1m[Board] [0m1 ||[0;1mr[0m|[7;1m [0m|[0;1mb[0m|[0;1mQ[0m|[0;1mK[0m|[0;1mb[0m|[0;1mk[0m|[0;1mr[0m|| 1
[32;1m[Board] [0m  -------------------
[32;1m[Board] [0m    a b c d e f g h
[32;1m[Board] [0m
[32;1m[Referee] [0mThis is the turn of the White player...
5    a    b    c    d    e    f    g    h
  +----+----+----+----+----+----+----+----+
8 | oR | oN | oB | oQ | oK | oB | oN | oR | 8
  +----+----+----+----+----+----+----+----+
7 | oP | oP | oP | oP | oP | oP | oP | oP | 7
  +----+----+----+----+----+----+----+----+
6 |    |    |    |    |    |    |    |    | 6
  +----+----+----+----+----+----+----+----+
5 |    |    |    |    |    |    |    |    | 5
  +----+----+----+----+----+----+----+----+
4 |    |    |    |    |    |    |    |    | 4
  +----+----+----+----+----+----+----+----+
3 |    |    | mN |    |    |    |    |    | 3
  +----+----+----+----+----+----+----+----+
2 | mP | mP | mP | mP | mP | mP | mP | mP | 2
  +----+----+----+----+----+----+----+----+
1 | mR |    | mB | mQ | mK | mB | mN | mR | 1
  +----+----+----+----+----+----+----+----+
    a    b    c    d    e    f    g   h

    a    b    c    d    e    f    g    h
  +----+----+----+----+----+----+----+----+
8 | oR | oN | oB | oQ | oK | oB | oN | oR | 8
  +----+----+----+----+----+----+----+----+
7 | oP | oP | oP | oP |    | oP | oP | oP | 7
  +----+----+----+----+----+----+----+----+
6 |    |    |    |    |    |    |    |    | 6
  +----+----+----+----+----+----+----+----+
5 |    |    |    |    | oP |    |    |    | 5
  +----+----+----+----+----+----+----+----+
4 |    |    |    |    |    |    |    |    | 4
  +----+----+----+----+----+----+----+----+
3 |    |    | mN |    |    |    |    |    | 3
  +----+----+----+----+----+----+----+----+
2 | mP | mP | mP | mP | mP | mP | mP | mP | 2
  +----+----+----+----+----+----+----+----+
1 | mR |    | mB | mQ | mK | mB | mN | mR | 1
  +----+----+----+----+----+----+----+----+
    a    b    c    d    e    f    g   h

    a    b    c    d    e    f    g    h
  +----+----+----+----+----+----+----+----+
8 | oR | oN | oB | oQ | oK | oB | oN | oR | 8
  +----+----+----+----+----+----+----+----+
7 | oP | oP | oP | oP |    | oP | oP | oP | 7
  +----+----+----+----+----+----+----+----+
6 |    |    |    |    |    |    |    |    | 6
  +----+----+----+----+----+----+----+----+
5 |    |    |    |    | oP |    |    |    | 5
  +----+----+----+----+----+----+----+----+
4 |    |    |    |    |    |    | mP |    | 4
  +----+----+----+----+----+----+----+----+
3 |    |    | mN |    |    |    |    |    | 3
  +----+----+----+----+----+----+----+----+
2 | mP | mP | mP | mP | mP | mP |    | mP | 2
  +----+----+----+----+----+----+----+----+
1 | mR |    | mB | mQ | mK | mB | mN | mR | 1
  +----+----+----+----+----+----+----+----+
    a    b    c    d    e    f    g   h

    a    b    c    d    e    f    g    h
  +----+----+----+----+----+----+----+----+
8 | oR |    | oB | oQ | oK | oB | oN | oR | 8
  +----+----+----+----+----+----+----+----+
7 | oP | oP | oP | oP |    | oP | oP | oP | 7
  +----+----+----+----+----+----+----+----+
6 |    |    | oN |    |    |    |    |    | 6
  +----+----+----+----+----+----+----+----+
5 |    |    |    |    | oP |    |    |    | 5
  +----+----+----+----+----+----+----+----+
4 |    |    |    |    |    |    | mP |    | 4
  +----+----+----+----+----+----+----+----+
3 |    |    | mN |    |    |    |    |    | 3
  +----+----+----+----+----+----+----+----+
2 | mP | mP | mP | mP | mP | mP |    | mP | 2
  +----+----+----+----+----+----+----+----+
1 | mR |    | mB | mQ | mK | mB | mN | mR | 1
  +----+----+----+----+----+----+----+----+
    a    b    c    d    e    f    g   h

    a    b    c    d    e    f    g    h
  +----+----+----+----+----+----+----+----+
8 | oR |    | oB | oQ | oK | oB | oN | oR | 8
  +----+----+----+----+----+----+----+----+
7 | oP | oP | oP | oP |    | oP | oP | oP | 7
  +----+----+----+----+----+----+----+----+
6 |    |    | oN |    |    |    |    |    | 6
  +----+----+----+----+----+----+----+----+
5 |    |    |    |    | oP |    |    |    | 5
  +----+----+----+----+----+----+----+----+
4 |    |    |    |    |    |    | mP |    | 4
  +----+----+----+----+----+----+----+----+
3 |    |    | mN |    |    |    |    |    | 3
  +----+----+----+----+----+----+----+----+
2 | mP | mP | mP | mP | mP | mP |    | mP | 2
  +----+----+----+----+----+----+----+----+
1 | mR |    | mB | mQ | mK | mB | mN | mR | 1
  +----+----+----+----+----+----+----+----+
    a    b    c    d    e    f    g   h

random move: c3a4
Move written to championship/chess-ai-logic-and-proofs/move.csv successfully!
eval: -205
qrbkqrbkResult
Move: c6b8, Score: 0
Move: c6a5, Score: -10
Move: e5e6, Score: -30
Move: e8e7, Score: -40
Move: c6b4, Score: -40
Move: c6e7, Score: -40
Move: a8b8, Score: -50
Move: d8h4, Score: -50
Move: d8e7, Score: -55
Move: c6d4, Score: -60
Move: d8g5, Score: -60
Move: g8h6, Score: -60
Move: f8e7, Score: -60
Move: f8a3, Score: -60
Move: d8f6, Score: -65
Move: f8d6, Score: -80
Move: f8c5, Score: -80
Move: f8b4, Score: -80
Move: g8e7, Score: -90
Move: g8f6, Score: -100
Move: b7b8k, Score: -200
Move: b7b8b, Score: -220
Move: b7b8r, Score: -440
Move: b7b8q, Score: -830
[32;1m[Game] [0mPlayer's error code: 0
[32;1m[Game] [0mChecking move validity...
[32;1m[Board] [0mInitializing board...
[32;1m[Board] [0mLoading history file `championship/chess-ai-logic-and-proofs/history.csv`...
[32;1m[Board] [0mLoaded 4 move(s).
[32;1m[Board] [0mLoading move file `championship/chess-ai-logic-and-proofs/move.csv`...
[32;1m[Board] [0mWhite player is playing c3 to a4.
[32;1m[Board] [0m
[32;1m[Board] [0m    a b c d e f g h 
[32;1m[Board] [0m  -------------------
[32;1m[Board] [0m8 ||[30;1mr[0m| |[30;1mb[0m|[30;1mQ[0m|[30;1mK[0m|[30;1mb[0m|[30;1mk[0m|[30;1mr[0m|| 8
[32;1m[Board] [0m  -------------------
[32;1m[Board] [0m7 ||[30;1mp[0m|[30;1mp[0m|[30;1mp[0m|[30;1mp[0m| |[30;1mp[0m|[30;1mp[0m|[30;1mp[0m|| 7
[32;1m[Board] [0m  -------------------
[32;1m[Board] [0m6 ||[7;1m [0m| |[30;1mk[0m| |[7;1m [0m| |[7;1m [0m| || 6
[32;1m[Board] [0m  -------------------
[32;1m[Board] [0m5 || |[7;1m [0m| |[7;1m [0m|[30;1mp[0m|[7;1m [0m| |[7;1m [0m|| 5
[32;1m[Board] [0m  -------------------
[32;1m[Board] [0m4 ||[0;1mk[0m| |[7;1m [0m| |[7;1m [0m| |[0;1mp[0m| || 4
[32;1m[Board] [0m  -------------------
[32;1m[Board] [0m3 || |[7;1m [0m| |[7;1m [0m| |[7;1m [0m| |[7;1m [0m|| 3
[32;1m[Board] [0m  -------------------
[32;1m[Board] [0m2 ||[0;1mp[0m|[0;1mp[0m|[0;1mp[0m|[0;1mp[0m|[0;1mp[0m|[0;1mp[0m|[7;1m [0m|[0;1mp[0m|| 2
[32;1m[Board] [0m  -------------------
[32;1m[Board] [0m1 ||[0;1mr[0m|[7;1m [0m|[0;1mb[0m|[0;1mQ[0m|[0;1mK[0m|[0;1mb[0m|[0;1mk[0m|[0;1mr[0m|| 1
[32;1m[Board] [0m  -------------------
[32;1m[Board] [0m    a b c d e f g h
[32;1m[Board] [0m
[32;1m[Referee] [0mThis is the turn of the Black player...
Error : can't load the file openings.txt
[DEBUG] Input history filename: championship/chess-ai-logic-and-proofs/history.csv
[DEBUG] Output move file: championship/chess-ai-logic-and-proofs/move.csv
[Parser][ply=] 5
Opening move :
the actual fen is : r1bqkbnr/pppp1ppp/2n5/4p3/N5P1/8/PPPPPP1P/R1BQKBNR b KQkq
starting search...
[search_random]: d8f6
searched and found best move in search: 2123467
Total nodes searched: 27889
info score depth 5 score 0
how i see the board before writing next move: Turn: Black
Enpassant: xx	Castling: WK WQ BK BQ 
   ---- ---- ---- ---- ---- ---- ---- ----
8 | r  |    | b  | q  | k  | b  | n  | r  |
   ---- ---- ---- ---- ---- ---- ---- ----
7 | p  | p  | p  | p  |    | p  | p  | p  |
   ---- ---- ---- ---- ---- ---- ---- ----
6 |    |    | n  |    |    |    |    |    |
   ---- ---- ---- ---- ---- ---- ---- ----
5 |    |    |    |    | p  |    |    |    |
   ---- ---- ---- ---- ---- ---- ---- ----
4 | N  |    |    |    |    |    | P  |    |
   ---- ---- ---- ---- ---- ---- ---- ----
3 |    |    |    |    |    |    |    |    |
   ---- ---- ---- ---- ---- ---- ---- ----
2 | P  | P  | P  | P  | P  | P  |    | P  |
   ---- ---- ---- ---- ---- ---- ---- ----
1 | R  |    | B  | Q  | K  | B  | N  | R  |
   ---- ---- ---- ---- ---- ---- ---- ----
    a    b    c    d    e    f    g    h
[DEBUG] [Parser] Wrote to ouput file championship/chess-ai-logic-and-proofs/move.csv move : d7d5
[32;1m[Game] [0mPlayer's error code: 0
[32;1m[Game] [0mChecking move validity...
[32;1m[Board] [0mInitializing board...
[32;1m[Board] [0mLoading history file `championship/chess-ai-logic-and-proofs/history.csv`...
[32;1m[Board] [0mLoaded 5 move(s).
[32;1m[Board] [0mLoading move file `championship/chess-ai-logic-and-proofs/move.csv`...
[32;1m[Board] [0mBlack player is playing d7 to d5.
[32;1m[Board] [0m
[32;1m[Board] [0m    a b c d e f g h 
[32;1m[Board] [0m  -------------------
[32;1m[Board] [0m8 ||[30;1mr[0m| |[30;1mb[0m|[30;1mQ[0m|[30;1mK[0m|[30;1mb[0m|[30;1mk[0m|[30;1mr[0m|| 8
[32;1m[Board] [0m  -------------------
[32;1m[Board] [0m7 ||[30;1mp[0m|[30;1mp[0m|[30;1mp[0m|[7;1m [0m| |[30;1mp[0m|[30;1mp[0m|[30;1mp[0m|| 7
[32;1m[Board] [0m  -------------------
[32;1m[Board] [0m6 ||[7;1m [0m| |[30;1mk[0m| |[7;1m [0m| |[7;1m [0m| || 6
[32;1m[Board] [0m  -------------------
[32;1m[Board] [0m5 || |[7;1m [0m| |[30;1mp[0m|[30;1mp[0m|[7;1m [0m| |[7;1m [0m|| 5
[32;1m[Board] [0m  -------------------
[32;1m[Board] [0m4 ||[0;1mk[0m| |[7;1m [0m| |[7;1m [0m| |[0;1mp[0m| || 4
[32;1m[Board] [0m  -------------------
[32;1m[Board] [0m3 || |[7;1m [0m| |[7;1m [0m| |[7;1m [0m| |[7;1m [0m|| 3
[32;1m[Board] [0m  -------------------
[32;1m[Board] [0m2 ||[0;1mp[0m|[0;1mp[0m|[0;1mp[0m|[0;1mp[0m|[0;1mp[0m|[0;1mp[0m|[7;1m [0m|[0;1mp[0m|| 2
[32;1m[Board] [0m  -------------------
[32;1m[Board] [0m1 ||[0;1mr[0m|[7;1m [0m|[0;1mb[0m|[0;1mQ[0m|[0;1mK[0m|[0;1mb[0m|[0;1mk[0m|[0;1mr[0m|| 1
[32;1m[Board] [0m  -------------------
[32;1m[Board] [0m    a b c d e f g h
[32;1m[Board] [0m
[32;1m[Referee] [0mThis is the turn of the White player...
5    a    b    c    d    e    f    g    h
  +----+----+----+----+----+----+----+----+
8 | oR | oN | oB | oQ | oK | oB | oN | oR | 8
  +----+----+----+----+----+----+----+----+
7 | oP | oP | oP | oP | oP | oP | oP | oP | 7
  +----+----+----+----+----+----+----+----+
6 |    |    |    |    |    |    |    |    | 6
  +----+----+----+----+----+----+----+----+
5 |    |    |    |    |    |    |    |    | 5
  +----+----+----+----+----+----+----+----+
4 |    |    |    |    |    |    |    |    | 4
  +----+----+----+----+----+----+----+----+
3 |    |    | mN |    |    |    |    |    | 3
  +----+----+----+----+----+----+----+----+
2 | mP | mP | mP | mP | mP | mP | mP | mP | 2
  +----+----+----+----+----+----+----+----+
1 | mR |    | mB | mQ | mK | mB | mN | mR | 1
  +----+----+----+----+----+----+----+----+
    a    b    c    d    e    f    g   h

    a    b    c    d    e    f    g    h
  +----+----+----+----+----+----+----+----+
8 | oR | oN | oB | oQ | oK | oB | oN | oR | 8
  +----+----+----+----+----+----+----+----+
7 | oP | oP | oP | oP |    | oP | oP | oP | 7
  +----+----+----+----+----+----+----+----+
6 |    |    |    |    |    |    |    |    | 6
  +----+----+----+----+----+----+----+----+
5 |    |    |    |    | oP |    |    |    | 5
  +----+----+----+----+----+----+----+----+
4 |    |    |    |    |    |    |    |    | 4
  +----+----+----+----+----+----+----+----+
3 |    |    | mN |    |    |    |    |    | 3
  +----+----+----+----+----+----+----+----+
2 | mP | mP | mP | mP | mP | mP | mP | mP | 2
  +----+----+----+----+----+----+----+----+
1 | mR |    | mB | mQ | mK | mB | mN | mR | 1
  +----+----+----+----+----+----+----+----+
    a    b    c    d    e    f    g   h

    a    b    c    d    e    f    g    h
  +----+----+----+----+----+----+----+----+
8 | oR | oN | oB | oQ | oK | oB | oN | oR | 8
  +----+----+----+----+----+----+----+----+
7 | oP | oP | oP | oP |    | oP | oP | oP | 7
  +----+----+----+----+----+----+----+----+
6 |    |    |    |    |    |    |    |    | 6
  +----+----+----+----+----+----+----+----+
5 |    |    |    |    | oP |    |    |    | 5
  +----+----+----+----+----+----+----+----+
4 |    |    |    |    |    |    | mP |    | 4
  +----+----+----+----+----+----+----+----+
3 |    |    | mN |    |    |    |    |    | 3
  +----+----+----+----+----+----+----+----+
2 | mP | mP | mP | mP | mP | mP |    | mP | 2
  +----+----+----+----+----+----+----+----+
1 | mR |    | mB | mQ | mK | mB | mN | mR | 1
  +----+----+----+----+----+----+----+----+
    a    b    c    d    e    f    g   h

    a    b    c    d    e    f    g    h
  +----+----+----+----+----+----+----+----+
8 | oR |    | oB | oQ | oK | oB | oN | oR | 8
  +----+----+----+----+----+----+----+----+
7 | oP | oP | oP | oP |    | oP | oP | oP | 7
  +----+----+----+----+----+----+----+----+
6 |    |    | oN |    |    |    |    |    | 6
  +----+----+----+----+----+----+----+----+
5 |    |    |    |    | oP |    |    |    | 5
  +----+----+----+----+----+----+----+----+
4 |    |    |    |    |    |    | mP |    | 4
  +----+----+----+----+----+----+----+----+
3 |    |    | mN |    |    |    |    |    | 3
  +----+----+----+----+----+----+----+----+
2 | mP | mP | mP | mP | mP | mP |    | mP | 2
  +----+----+----+----+----+----+----+----+
1 | mR |    | mB | mQ | mK | mB | mN | mR | 1
  +----+----+----+----+----+----+----+----+
    a    b    c    d    e    f    g   h

    a    b    c    d    e    f    g    h
  +----+----+----+----+----+----+----+----+
8 | oR |    | oB | oQ | oK | oB | oN | oR | 8
  +----+----+----+----+----+----+----+----+
7 | oP | oP | oP | oP |    | oP | oP | oP | 7
  +----+----+----+----+----+----+----+----+
6 |    |    | oN |    |    |    |    |    | 6
  +----+----+----+----+----+----+----+----+
5 |    |    |    |    | oP |    |    |    | 5
  +----+----+----+----+----+----+----+----+
4 | mN |    |    |    |    |    | mP |    | 4
  +----+----+----+----+----+----+----+----+
3 |    |    |    |    |    |    |    |    | 3
  +----+----+----+----+----+----+----+----+
2 | mP | mP | mP | mP | mP | mP |    | mP | 2
  +----+----+----+----+----+----+----+----+
1 | mR |    | mB | mQ | mK | mB | mN | mR | 1
  +----+----+----+----+----+----+----+----+
    a    b    c    d    e    f    g   h

    a    b    c    d    e    f    g    h
  +----+----+----+----+----+----+----+----+
8 | oR |    | oB | oQ | oK | oB | oN | oR | 8
  +----+----+----+----+----+----+----+----+
7 | oP | oP | oP |    |    | oP | oP | oP | 7
  +----+----+----+----+----+----+----+----+
6 |    |    | oN |    |    |    |    |    | 6
  +----+----+----+----+----+----+----+----+
5 |    |    |    | oP | oP |    |    |    | 5
  +----+----+----+----+----+----+----+----+
4 | mN |    |    |    |    |    | mP |    | 4
  +----+----+----+----+----+----+----+----+
3 |    |    |    |    |    |    |    |    | 3
  +----+----+----+----+----+----+----+----+
2 | mP | mP | mP | mP | mP | mP |    | mP | 2
  +----+----+----+----+----+----+----+----+
1 | mR |    | mB | mQ | mK | mB | mN | mR | 1
  +----+----+----+----+----+----+----+----+
    a    b    c    d    e    f    g   h

    a    b    c    d    e    f    g    h
  +----+----+----+----+----+----+----+----+
8 | oR |    | oB | oQ | oK | oB | oN | oR | 8
  +----+----+----+----+----+----+----+----+
7 | oP | oP | oP |    |    | oP | oP | oP | 7
  +----+----+----+----+----+----+----+----+
6 |    |    | oN |    |    |    |    |    | 6
  +----+----+----+----+----+----+----+----+
5 |    |    |    | oP | oP |    |    |    | 5
  +----+----+----+----+----+----+----+----+
4 | mN |    |    |    |    |    | mP |    | 4
  +----+----+----+----+----+----+----+----+
3 |    |    |    |    |    |    |    |    | 3
  +----+----+----+----+----+----+----+----+
2 | mP | mP | mP | mP | mP | mP |    | mP | 2
  +----+----+----+----+----+----+----+----+
1 | mR |    | mB | mQ | mK | mB | mN | mR | 1
  +----+----+----+----+----+----+----+----+
    a    b    c    d    e    f    g   h

random move: f2f4
Move written to championship/chess-ai-logic-and-proofs/move.csv successfully!
eval: -397
qrbkqrbkResult
Move: c6b8, Score: -80
Move: c6a5, Score: -90
Move: d5d6, Score: -110
Move: e5e6, Score: -110
Move: e8d7, Score: -120
Move: c6b4, Score: -120
Move: c6e7, Score: -120
Move: e8e7, Score: -120
Move: a8b8, Score: -130
Move: d8h4, Score: -130
Move: d8d7, Score: -135
Move: d8e7, Score: -135
Move: c6d4, Score: -140
Move: g8h6, Score: -140
Move: c8d7, Score: -140
Move: d8g5, Score: -140
Move: f8e7, Score: -140
Move: f8a3, Score: -140
Move: d8f6, Score: -145
Move: d8d6, Score: -150
Move: c8e6, Score: -160
Move: f8b4, Score: -160
Move: f8c5, Score: -160
Move: f8d6, Score: -160
Move: c8f5, Score: -160
Move: g8e7, Score: -170
Move: g8f6, Score: -180
Move: c8g4, Score: -260
Move: b7b8k, Score: -280
Move: b7b8b, Score: -300
Move: b7b8r, Score: -520
Move: b7b8q, Score: -910
[32;1m[Game] [0mPlayer's error code: 0
[32;1m[Game] [0mChecking move validity...
[32;1m[Board] [0mInitializing board...
[32;1m[Board] [0mLoading history file `championship/chess-ai-logic-and-proofs/history.csv`...
[32;1m[Board] [0mLoaded 6 move(s).
[32;1m[Board] [0mLoading move file `championship/chess-ai-logic-and-proofs/move.csv`...
[32;1m[Board] [0mWhite player is playing f2 to f4.
[32;1m[Board] [0m
[32;1m[Board] [0m    a b c d e f g h 
[32;1m[Board] [0m  -------------------
[32;1m[Board] [0m8 ||[30;1mr[0m| |[30;1mb[0m|[30;1mQ[0m|[30;1mK[0m|[30;1mb[0m|[30;1mk[0m|[30;1mr[0m|| 8
[32;1m[Board] [0m  -------------------
[32;1m[Board] [0m7 ||[30;1mp[0m|[30;1mp[0m|[30;1mp[0m|[7;1m [0m| |[30;1mp[0m|[30;1mp[0m|[30;1mp[0m|| 7
[32;1m[Board] [0m  -------------------
[32;1m[Board] [0m6 ||[7;1m [0m| |[30;1mk[0m| |[7;1m [0m| |[7;1m [0m| || 6
[32;1m[Board] [0m  -------------------
[32;1m[Board] [0m5 || |[7;1m [0m| |[30;1mp[0m|[30;1mp[0m|[7;1m [0m| |[7;1m [0m|| 5
[32;1m[Board] [0m  -------------------
[32;1m[Board] [0m4 ||[0;1mk[0m| |[7;1m [0m| |[7;1m [0m|[0;1mp[0m|[0;1mp[0m| || 4
[32;1m[Board] [0m  -------------------
[32;1m[Board] [0m3 || |[7;1m [0m| |[7;1m [0m| |[7;1m [0m| |[7;1m [0m|| 3
[32;1m[Board] [0m  -------------------
[32;1m[Board] [0m2 ||[0;1mp[0m|[0;1mp[0m|[0;1mp[0m|[0;1mp[0m|[0;1mp[0m| |[7;1m [0m|[0;1mp[0m|| 2
[32;1m[Board] [0m  -------------------
[32;1m[Board] [0m1 ||[0;1mr[0m|[7;1m [0m|[0;1mb[0m|[0;1mQ[0m|[0;1mK[0m|[0;1mb[0m|[0;1mk[0m|[0;1mr[0m|| 1
[32;1m[Board] [0m  -------------------
[32;1m[Board] [0m    a b c d e f g h
[32;1m[Board] [0m
[32;1m[Referee] [0mThis is the turn of the Black player...
Error : can't load the file openings.txt
[DEBUG] Input history filename: championship/chess-ai-logic-and-proofs/history.csv
[DEBUG] Output move file: championship/chess-ai-logic-and-proofs/move.csv
[Parser][ply=] 7
Opening move :
the actual fen is : r1bqkbnr/ppp2ppp/2n5/3pp3/N4PP1/8/PPPPP2P/R1BQKBNR b KQkq
starting search...
[search_random]: d8d7
searched and found best move in search: 43459
Total nodes searched: 21637
info score depth 5 score 0
how i see the board before writing next move: Turn: Black
Enpassant: f3	Castling: WK WQ BK BQ 
   ---- ---- ---- ---- ---- ---- ---- ----
8 | r  |    | b  | q  | k  | b  | n  | r  |
   ---- ---- ---- ---- ---- ---- ---- ----
7 | p  | p  | p  |    |    | p  | p  | p  |
   ---- ---- ---- ---- ---- ---- ---- ----
6 |    |    | n  |    |    |    |    |    |
   ---- ---- ---- ---- ---- ---- ---- ----
5 |    |    |    | p  | p  |    |    |    |
   ---- ---- ---- ---- ---- ---- ---- ----
4 | N  |    |    |    |    | P  | P  |    |
   ---- ---- ---- ---- ---- ---- ---- ----
3 |    |    |    |    |    |    |    |    |
   ---- ---- ---- ---- ---- ---- ---- ----
2 | P  | P  | P  | P  | P  |    |    | P  |
   ---- ---- ---- ---- ---- ---- ---- ----
1 | R  |    | B  | Q  | K  | B  | N  | R  |
   ---- ---- ---- ---- ---- ---- ---- ----
    a    b    c    d    e    f    g    h
[DEBUG] [Parser] Wrote to ouput file championship/chess-ai-logic-and-proofs/move.csv move : d8h4
[32;1m[Game] [0mPlayer's error code: 0
[32;1m[Game] [0mChecking move validity...
[32;1m[Board] [0mInitializing board...
[32;1m[Board] [0mLoading history file `championship/chess-ai-logic-and-proofs/history.csv`...
[32;1m[Board] [0mLoaded 7 move(s).
[32;1m[Board] [0mLoading move file `championship/chess-ai-logic-and-proofs/move.csv`...
[32;1m[Board] [0mBlack player is playing d8 to h4.
[32;1m[Board] [0m
[32;1m[Board] [0m    a b c d e f g h 
[32;1m[Board] [0m  -------------------
[32;1m[Board] [0m8 ||[30;1mr[0m| |[30;1mb[0m| |[30;1mK[0m|[30;1mb[0m|[30;1mk[0m|[30;1mr[0m|| 8
[32;1m[Board] [0m  -------------------
[32;1m[Board] [0m7 ||[30;1mp[0m|[30;1mp[0m|[30;1mp[0m|[7;1m [0m| |[30;1mp[0m|[30;1mp[0m|[30;1mp[0m|| 7
[32;1m[Board] [0m  -------------------
[32;1m[Board] [0m6 ||[7;1m [0m| |[30;1mk[0m| |[7;1m [0m| |[7;1m [0m| || 6
[32;1m[Board] [0m  -------------------
[32;1m[Board] [0m5 || |[7;1m [0m| |[30;1mp[0m|[30;1mp[0m|[7;1m [0m| |[7;1m [0m|| 5
[32;1m[Board] [0m  -------------------
[32;1m[Board] [0m4 ||[0;1mk[0m| |[7;1m [0m| |[7;1m [0m|[0;1mp[0m|[0;1mp[0m|[30;1mQ[0m|| 4
[32;1m[Board] [0m  -------------------
[32;1m[Board] [0m3 || |[7;1m [0m| |[7;1m [0m| |[7;1m [0m| |[7;1m [0m|| 3
[32;1m[Board] [0m  -------------------
[32;1m[Board] [0m2 ||[0;1mp[0m|[0;1mp[0m|[0;1mp[0m|[0;1mp[0m|[0;1mp[0m| |[7;1m [0m|[0;1mp[0m|| 2
[32;1m[Board] [0m  -------------------
[32;1m[Board] [0m1 ||[0;1mr[0m|[7;1m [0m|[0;1mb[0m|[0;1mQ[0m|[0;1mK[0m|[0;1mb[0m|[0;1mk[0m|[0;1mr[0m|| 1
[32;1m[Board] [0m  -------------------
[32;1m[Board] [0m    a b c d e f g h
[32;1m[Board] [0m
[32;1m[Referee] [0mThis is the turn of the White player...
[32;1m[Board] [0m[33;1m[WARNING][0m [5;1mWhite King in checkmate![0m
[32;1m[Board] [0m[33;1m[WARNING][0m The Black player wins!
