[32;1m[Board] [0mInitializing board...
[32;1m[Board] [0m
[32;1m[Board] [0m    a b c d e f g h 
[32;1m[Board] [0m  -------------------
[32;1m[Board] [0m8 ||[30;1mr[0m|[30;1mk[0m|[30;1mb[0m|[30;1mQ[0m|[30;1mK[0m|[30;1mb[0m|[30;1mk[0m|[30;1mr[0m|| 8
[32;1m[Board] [0m  -------------------
[32;1m[Board] [0m7 ||[30;1mp[0m|[30;1mp[0m|[30;1mp[0m|[30;1mp[0m|[30;1mp[0m|[30;1mp[0m|[30;1mp[0m|[30;1mp[0m|| 7
[32;1m[Board] [0m  -------------------
[32;1m[Board] [0m6 ||[7;1m [0m| |[7;1m [0m| |[7;1m [0m| |[7;1m [0m| || 6
[32;1m[Board] [0m  -------------------
[32;1m[Board] [0m5 || |[7;1m [0m| |[7;1m [0m| |[7;1m [0m| |[7;1m [0m|| 5
[32;1m[Board] [0m  -------------------
[32;1m[Board] [0m4 ||[7;1m [0m| |[7;1m [0m| |[7;1m [0m| |[7;1m [0m| || 4
[32;1m[Board] [0m  -------------------
[32;1m[Board] [0m3 || |[7;1m [0m| |[7;1m [0m| |[7;1m [0m| |[7;1m [0m|| 3
[32;1m[Board] [0m  -------------------
[32;1m[Board] [0m2 ||[0;1mp[0m|[0;1mp[0m|[0;1mp[0m|[0;1mp[0m|[0;1mp[0m|[0;1mp[0m|[0;1mp[0m|[0;1mp[0m|| 2
[32;1m[Board] [0m  -------------------
[32;1m[Board] [0m1 ||[0;1mr[0m|[0;1mk[0m|[0;1mb[0m|[0;1mQ[0m|[0;1mK[0m|[0;1mb[0m|[0;1mk[0m|[0;1mr[0m|| 1
[32;1m[Board] [0m  -------------------
[32;1m[Board] [0m    a b c d e f g h
[32;1m[Board] [0m
[32;1m[Referee] [0mThis is the turn of the White player...
   â”Œâ”€â”€â”€â”¬â”€â”€â”€â”¬â”€â”€â”€â”¬â”€â”€â”€â”¬â”€â”€â”€â”¬â”€â”€â”€â”¬â”€â”€â”€â”¬â”€â”€â”€â”
 8 â”‚ â™– â”‚ â™˜ â”‚ â™— â”‚ â™• â”‚ â™” â”‚ â™— â”‚ â™˜ â”‚ â™– â”‚
   â”œâ”€â”€â”€â”¼â”€â”€â”€â”¼â”€â”€â”€â”¼â”€â”€â”€â”¼â”€â”€â”€â”¼â”€â”€â”€â”¼â”€â”€â”€â”¼â”€â”€â”€â”¤
 7 â”‚ â™™ â”‚ â™™ â”‚ â™™ â”‚ â™™ â”‚ â™™ â”‚ â™™ â”‚ â™™ â”‚ â™™ â”‚
   â”œâ”€â”€â”€â”¼â”€â”€â”€â”¼â”€â”€â”€â”¼â”€â”€â”€â”¼â”€â”€â”€â”¼â”€â”€â”€â”¼â”€â”€â”€â”¼â”€â”€â”€â”¤
 6 â”‚   â”‚   â”‚   â”‚   â”‚   â”‚   â”‚   â”‚   â”‚
   â”œâ”€â”€â”€â”¼â”€â”€â”€â”¼â”€â”€â”€â”¼â”€â”€â”€â”¼â”€â”€â”€â”¼â”€â”€â”€â”¼â”€â”€â”€â”¼â”€â”€â”€â”¤
 5 â”‚   â”‚   â”‚   â”‚   â”‚   â”‚   â”‚   â”‚   â”‚
   â”œâ”€â”€â”€â”¼â”€â”€â”€â”¼â”€â”€â”€â”¼â”€â”€â”€â”¼â”€â”€â”€â”¼â”€â”€â”€â”¼â”€â”€â”€â”¼â”€â”€â”€â”¤
 4 â”‚   â”‚   â”‚   â”‚   â”‚   â”‚   â”‚   â”‚   â”‚
   â”œâ”€â”€â”€â”¼â”€â”€â”€â”¼â”€â”€â”€â”¼â”€â”€â”€â”¼â”€â”€â”€â”¼â”€â”€â”€â”¼â”€â”€â”€â”¼â”€â”€â”€â”¤
 3 â”‚   â”‚   â”‚   â”‚   â”‚   â”‚   â”‚   â”‚   â”‚
   â”œâ”€â”€â”€â”¼â”€â”€â”€â”¼â”€â”€â”€â”¼â”€â”€â”€â”¼â”€â”€â”€â”¼â”€â”€â”€â”¼â”€â”€â”€â”¼â”€â”€â”€â”¤
 2 â”‚ â™Ÿ â”‚ â™Ÿ â”‚ â™Ÿ â”‚ â™Ÿ â”‚ â™Ÿ â”‚ â™Ÿ â”‚ â™Ÿ â”‚ â™Ÿ â”‚
   â”œâ”€â”€â”€â”¼â”€â”€â”€â”¼â”€â”€â”€â”¼â”€â”€â”€â”¼â”€â”€â”€â”¼â”€â”€â”€â”¼â”€â”€â”€â”¼â”€â”€â”€â”¤
 1 â”‚ â™œ â”‚ â™ â”‚ â™ â”‚ â™› â”‚ â™š â”‚ â™ â”‚ â™ â”‚ â™œ â”‚
   â””â”€â”€â”€â”´â”€â”€â”€â”´â”€â”€â”€â”´â”€â”€â”€â”´â”€â”€â”€â”´â”€â”€â”€â”´â”€â”€â”€â”´â”€â”€â”€â”˜
     a   b   c   d   e   f   g   h
Opening Book execution time: 3.423e-06 seconds.
From opening book
e2e4
[32;1m[Game] [0mPlayer's error code: 0
[32;1m[Game] [0mChecking move validity...
[32;1m[Board] [0mInitializing board...
[32;1m[Board] [0mLoading history file `championship/kean-chess-engine-ashwathama/history.csv`...
[32;1m[Board] [0mLoaded 0 move(s).
[32;1m[Board] [0mLoading move file `championship/kean-chess-engine-ashwathama/move.csv`...
[32;1m[Board] [0mWhite player is playing e2 to e4.
[32;1m[Board] [0m
[32;1m[Board] [0m    a b c d e f g h 
[32;1m[Board] [0m  -------------------
[32;1m[Board] [0m8 ||[30;1mr[0m|[30;1mk[0m|[30;1mb[0m|[30;1mQ[0m|[30;1mK[0m|[30;1mb[0m|[30;1mk[0m|[30;1mr[0m|| 8
[32;1m[Board] [0m  -------------------
[32;1m[Board] [0m7 ||[30;1mp[0m|[30;1mp[0m|[30;1mp[0m|[30;1mp[0m|[30;1mp[0m|[30;1mp[0m|[30;1mp[0m|[30;1mp[0m|| 7
[32;1m[Board] [0m  -------------------
[32;1m[Board] [0m6 ||[7;1m [0m| |[7;1m [0m| |[7;1m [0m| |[7;1m [0m| || 6
[32;1m[Board] [0m  -------------------
[32;1m[Board] [0m5 || |[7;1m [0m| |[7;1m [0m| |[7;1m [0m| |[7;1m [0m|| 5
[32;1m[Board] [0m  -------------------
[32;1m[Board] [0m4 ||[7;1m [0m| |[7;1m [0m| |[0;1mp[0m| |[7;1m [0m| || 4
[32;1m[Board] [0m  -------------------
[32;1m[Board] [0m3 || |[7;1m [0m| |[7;1m [0m| |[7;1m [0m| |[7;1m [0m|| 3
[32;1m[Board] [0m  -------------------
[32;1m[Board] [0m2 ||[0;1mp[0m|[0;1mp[0m|[0;1mp[0m|[0;1mp[0m|[7;1m [0m|[0;1mp[0m|[0;1mp[0m|[0;1mp[0m|| 2
[32;1m[Board] [0m  -------------------
[32;1m[Board] [0m1 ||[0;1mr[0m|[0;1mk[0m|[0;1mb[0m|[0;1mQ[0m|[0;1mK[0m|[0;1mb[0m|[0;1mk[0m|[0;1mr[0m|| 1
[32;1m[Board] [0m  -------------------
[32;1m[Board] [0m    a b c d e f g h
[32;1m[Board] [0m
[32;1m[Referee] [0mThis is the turn of the Black player...
Chess Board after applying moves from: championship/kean-chess-engine-ashwathama/history.csv
Successfully read 1 moves from the file.
     a   b   c   d   e   f   g   h  
   +---+---+---+---+---+---+---+---+
 8 | r | n | b | q | k | b | n | r | 8
   +---+---+---+---+---+---+---+---+
 7 | p | p | p | p | p | p | p | p | 7
   +---+---+---+---+---+---+---+---+
 6 | . | . | . | . | . | . | . | . | 6
   +---+---+---+---+---+---+---+---+
 5 | . | . | . | . | . | . | . | . | 5
   +---+---+---+---+---+---+---+---+
 4 | . | . | . | . | P | . | . | . | 4
   +---+---+---+---+---+---+---+---+
 3 | . | . | . | . | . | . | . | . | 3
   +---+---+---+---+---+---+---+---+
 2 | P | P | P | P | . | P | P | P | 2
   +---+---+---+---+---+---+---+---+
 1 | R | N | B | Q | K | B | N | R | 1
   +---+---+---+---+---+---+---+---+
     a   b   c   d   e   f   g   h  
Running alpha-beta search...
Best move: g8f6
Testing Random Move Generator:
Random move: b7b5
File reset and move written: g8f6
Next move written to: championship/kean-chess-engine-ashwathama/move.csv
[32;1m[Game] [0mPlayer's error code: 0
[32;1m[Game] [0mChecking move validity...
[32;1m[Board] [0mInitializing board...
[32;1m[Board] [0mLoading history file `championship/kean-chess-engine-ashwathama/history.csv`...
[32;1m[Board] [0mLoaded 1 move(s).
[32;1m[Board] [0mLoading move file `championship/kean-chess-engine-ashwathama/move.csv`...
[32;1m[Board] [0mBlack player is playing g8 to f6.
[32;1m[Board] [0m
[32;1m[Board] [0m    a b c d e f g h 
[32;1m[Board] [0m  -------------------
[32;1m[Board] [0m8 ||[30;1mr[0m|[30;1mk[0m|[30;1mb[0m|[30;1mQ[0m|[30;1mK[0m|[30;1mb[0m|[7;1m [0m|[30;1mr[0m|| 8
[32;1m[Board] [0m  -------------------
[32;1m[Board] [0m7 ||[30;1mp[0m|[30;1mp[0m|[30;1mp[0m|[30;1mp[0m|[30;1mp[0m|[30;1mp[0m|[30;1mp[0m|[30;1mp[0m|| 7
[32;1m[Board] [0m  -------------------
[32;1m[Board] [0m6 ||[7;1m [0m| |[7;1m [0m| |[7;1m [0m|[30;1mk[0m|[7;1m [0m| || 6
[32;1m[Board] [0m  -------------------
[32;1m[Board] [0m5 || |[7;1m [0m| |[7;1m [0m| |[7;1m [0m| |[7;1m [0m|| 5
[32;1m[Board] [0m  -------------------
[32;1m[Board] [0m4 ||[7;1m [0m| |[7;1m [0m| |[0;1mp[0m| |[7;1m [0m| || 4
[32;1m[Board] [0m  -------------------
[32;1m[Board] [0m3 || |[7;1m [0m| |[7;1m [0m| |[7;1m [0m| |[7;1m [0m|| 3
[32;1m[Board] [0m  -------------------
[32;1m[Board] [0m2 ||[0;1mp[0m|[0;1mp[0m|[0;1mp[0m|[0;1mp[0m|[7;1m [0m|[0;1mp[0m|[0;1mp[0m|[0;1mp[0m|| 2
[32;1m[Board] [0m  -------------------
[32;1m[Board] [0m1 ||[0;1mr[0m|[0;1mk[0m|[0;1mb[0m|[0;1mQ[0m|[0;1mK[0m|[0;1mb[0m|[0;1mk[0m|[0;1mr[0m|| 1
[32;1m[Board] [0m  -------------------
[32;1m[Board] [0m    a b c d e f g h
[32;1m[Board] [0m
[32;1m[Referee] [0mThis is the turn of the White player...
   â”Œâ”€â”€â”€â”¬â”€â”€â”€â”¬â”€â”€â”€â”¬â”€â”€â”€â”¬â”€â”€â”€â”¬â”€â”€â”€â”¬â”€â”€â”€â”¬â”€â”€â”€â”
 8 â”‚ â™– â”‚ â™˜ â”‚ â™— â”‚ â™• â”‚ â™” â”‚ â™— â”‚   â”‚ â™– â”‚
   â”œâ”€â”€â”€â”¼â”€â”€â”€â”¼â”€â”€â”€â”¼â”€â”€â”€â”¼â”€â”€â”€â”¼â”€â”€â”€â”¼â”€â”€â”€â”¼â”€â”€â”€â”¤
 7 â”‚ â™™ â”‚ â™™ â”‚ â™™ â”‚ â™™ â”‚ â™™ â”‚ â™™ â”‚ â™™ â”‚ â™™ â”‚
   â”œâ”€â”€â”€â”¼â”€â”€â”€â”¼â”€â”€â”€â”¼â”€â”€â”€â”¼â”€â”€â”€â”¼â”€â”€â”€â”¼â”€â”€â”€â”¼â”€â”€â”€â”¤
 6 â”‚   â”‚   â”‚   â”‚   â”‚   â”‚ â™˜ â”‚   â”‚   â”‚
   â”œâ”€â”€â”€â”¼â”€â”€â”€â”¼â”€â”€â”€â”¼â”€â”€â”€â”¼â”€â”€â”€â”¼â”€â”€â”€â”¼â”€â”€â”€â”¼â”€â”€â”€â”¤
 5 â”‚   â”‚   â”‚   â”‚   â”‚   â”‚   â”‚   â”‚   â”‚
   â”œâ”€â”€â”€â”¼â”€â”€â”€â”¼â”€â”€â”€â”¼â”€â”€â”€â”¼â”€â”€â”€â”¼â”€â”€â”€â”¼â”€â”€â”€â”¼â”€â”€â”€â”¤
 4 â”‚   â”‚   â”‚   â”‚   â”‚ â™Ÿ â”‚   â”‚   â”‚   â”‚
   â”œâ”€â”€â”€â”¼â”€â”€â”€â”¼â”€â”€â”€â”¼â”€â”€â”€â”¼â”€â”€â”€â”¼â”€â”€â”€â”¼â”€â”€â”€â”¼â”€â”€â”€â”¤
 3 â”‚   â”‚   â”‚   â”‚   â”‚   â”‚   â”‚   â”‚   â”‚
   â”œâ”€â”€â”€â”¼â”€â”€â”€â”¼â”€â”€â”€â”¼â”€â”€â”€â”¼â”€â”€â”€â”¼â”€â”€â”€â”¼â”€â”€â”€â”¼â”€â”€â”€â”¤
 2 â”‚ â™Ÿ â”‚ â™Ÿ â”‚ â™Ÿ â”‚ â™Ÿ â”‚   â”‚ â™Ÿ â”‚ â™Ÿ â”‚ â™Ÿ â”‚
   â”œâ”€â”€â”€â”¼â”€â”€â”€â”¼â”€â”€â”€â”¼â”€â”€â”€â”¼â”€â”€â”€â”¼â”€â”€â”€â”¼â”€â”€â”€â”¼â”€â”€â”€â”¤
 1 â”‚ â™œ â”‚ â™ â”‚ â™ â”‚ â™› â”‚ â™š â”‚ â™ â”‚ â™ â”‚ â™œ â”‚
   â””â”€â”€â”€â”´â”€â”€â”€â”´â”€â”€â”€â”´â”€â”€â”€â”´â”€â”€â”€â”´â”€â”€â”€â”´â”€â”€â”€â”´â”€â”€â”€â”˜
     a   b   c   d   e   f   g   h
Opening Book execution time: 2.7168e-05 seconds.
From opening book
e4e5
[32;1m[Game] [0mPlayer's error code: 0
[32;1m[Game] [0mChecking move validity...
[32;1m[Board] [0mInitializing board...
[32;1m[Board] [0mLoading history file `championship/kean-chess-engine-ashwathama/history.csv`...
[32;1m[Board] [0mLoaded 2 move(s).
[32;1m[Board] [0mLoading move file `championship/kean-chess-engine-ashwathama/move.csv`...
[32;1m[Board] [0mWhite player is playing e4 to e5.
[32;1m[Board] [0m
[32;1m[Board] [0m    a b c d e f g h 
[32;1m[Board] [0m  -------------------
[32;1m[Board] [0m8 ||[30;1mr[0m|[30;1mk[0m|[30;1mb[0m|[30;1mQ[0m|[30;1mK[0m|[30;1mb[0m|[7;1m [0m|[30;1mr[0m|| 8
[32;1m[Board] [0m  -------------------
[32;1m[Board] [0m7 ||[30;1mp[0m|[30;1mp[0m|[30;1mp[0m|[30;1mp[0m|[30;1mp[0m|[30;1mp[0m|[30;1mp[0m|[30;1mp[0m|| 7
[32;1m[Board] [0m  -------------------
[32;1m[Board] [0m6 ||[7;1m [0m| |[7;1m [0m| |[7;1m [0m|[30;1mk[0m|[7;1m [0m| || 6
[32;1m[Board] [0m  -------------------
[32;1m[Board] [0m5 || |[7;1m [0m| |[7;1m [0m|[0;1mp[0m|[7;1m [0m| |[7;1m [0m|| 5
[32;1m[Board] [0m  -------------------
[32;1m[Board] [0m4 ||[7;1m [0m| |[7;1m [0m| |[7;1m [0m| |[7;1m [0m| || 4
[32;1m[Board] [0m  -------------------
[32;1m[Board] [0m3 || |[7;1m [0m| |[7;1m [0m| |[7;1m [0m| |[7;1m [0m|| 3
[32;1m[Board] [0m  -------------------
[32;1m[Board] [0m2 ||[0;1mp[0m|[0;1mp[0m|[0;1mp[0m|[0;1mp[0m|[7;1m [0m|[0;1mp[0m|[0;1mp[0m|[0;1mp[0m|| 2
[32;1m[Board] [0m  -------------------
[32;1m[Board] [0m1 ||[0;1mr[0m|[0;1mk[0m|[0;1mb[0m|[0;1mQ[0m|[0;1mK[0m|[0;1mb[0m|[0;1mk[0m|[0;1mr[0m|| 1
[32;1m[Board] [0m  -------------------
[32;1m[Board] [0m    a b c d e f g h
[32;1m[Board] [0m
[32;1m[Referee] [0mThis is the turn of the Black player...
Chess Board after applying moves from: championship/kean-chess-engine-ashwathama/history.csv
Successfully read 3 moves from the file.
     a   b   c   d   e   f   g   h  
   +---+---+---+---+---+---+---+---+
 8 | r | n | b | q | k | b | . | r | 8
   +---+---+---+---+---+---+---+---+
 7 | p | p | p | p | p | p | p | p | 7
   +---+---+---+---+---+---+---+---+
 6 | . | . | . | . | . | n | . | . | 6
   +---+---+---+---+---+---+---+---+
 5 | . | . | . | . | P | . | . | . | 5
   +---+---+---+---+---+---+---+---+
 4 | . | . | . | . | . | . | . | . | 4
   +---+---+---+---+---+---+---+---+
 3 | . | . | . | . | . | . | . | . | 3
   +---+---+---+---+---+---+---+---+
 2 | P | P | P | P | . | P | P | P | 2
   +---+---+---+---+---+---+---+---+
 1 | R | N | B | Q | K | B | N | R | 1
   +---+---+---+---+---+---+---+---+
     a   b   c   d   e   f   g   h  
Running alpha-beta search...
Best move: f6e4
Testing Random Move Generator:
Random move: f6d5
File reset and move written: f6e4
Next move written to: championship/kean-chess-engine-ashwathama/move.csv
[32;1m[Game] [0mPlayer's error code: 0
[32;1m[Game] [0mChecking move validity...
[32;1m[Board] [0mInitializing board...
[32;1m[Board] [0mLoading history file `championship/kean-chess-engine-ashwathama/history.csv`...
[32;1m[Board] [0mLoaded 3 move(s).
[32;1m[Board] [0mLoading move file `championship/kean-chess-engine-ashwathama/move.csv`...
[32;1m[Board] [0mBlack player is playing f6 to e4.
[32;1m[Board] [0m
[32;1m[Board] [0m    a b c d e f g h 
[32;1m[Board] [0m  -------------------
[32;1m[Board] [0m8 ||[30;1mr[0m|[30;1mk[0m|[30;1mb[0m|[30;1mQ[0m|[30;1mK[0m|[30;1mb[0m|[7;1m [0m|[30;1mr[0m|| 8
[32;1m[Board] [0m  -------------------
[32;1m[Board] [0m7 ||[30;1mp[0m|[30;1mp[0m|[30;1mp[0m|[30;1mp[0m|[30;1mp[0m|[30;1mp[0m|[30;1mp[0m|[30;1mp[0m|| 7
[32;1m[Board] [0m  -------------------
[32;1m[Board] [0m6 ||[7;1m [0m| |[7;1m [0m| |[7;1m [0m| |[7;1m [0m| || 6
[32;1m[Board] [0m  -------------------
[32;1m[Board] [0m5 || |[7;1m [0m| |[7;1m [0m|[0;1mp[0m|[7;1m [0m| |[7;1m [0m|| 5
[32;1m[Board] [0m  -------------------
[32;1m[Board] [0m4 ||[7;1m [0m| |[7;1m [0m| |[30;1mk[0m| |[7;1m [0m| || 4
[32;1m[Board] [0m  -------------------
[32;1m[Board] [0m3 || |[7;1m [0m| |[7;1m [0m| |[7;1m [0m| |[7;1m [0m|| 3
[32;1m[Board] [0m  -------------------
[32;1m[Board] [0m2 ||[0;1mp[0m|[0;1mp[0m|[0;1mp[0m|[0;1mp[0m|[7;1m [0m|[0;1mp[0m|[0;1mp[0m|[0;1mp[0m|| 2
[32;1m[Board] [0m  -------------------
[32;1m[Board] [0m1 ||[0;1mr[0m|[0;1mk[0m|[0;1mb[0m|[0;1mQ[0m|[0;1mK[0m|[0;1mb[0m|[0;1mk[0m|[0;1mr[0m|| 1
[32;1m[Board] [0m  -------------------
[32;1m[Board] [0m    a b c d e f g h
[32;1m[Board] [0m
[32;1m[Referee] [0mThis is the turn of the White player...
   â”Œâ”€â”€â”€â”¬â”€â”€â”€â”¬â”€â”€â”€â”¬â”€â”€â”€â”¬â”€â”€â”€â”¬â”€â”€â”€â”¬â”€â”€â”€â”¬â”€â”€â”€â”
 8 â”‚ â™– â”‚ â™˜ â”‚ â™— â”‚ â™• â”‚ â™” â”‚ â™— â”‚   â”‚ â™– â”‚
   â”œâ”€â”€â”€â”¼â”€â”€â”€â”¼â”€â”€â”€â”¼â”€â”€â”€â”¼â”€â”€â”€â”¼â”€â”€â”€â”¼â”€â”€â”€â”¼â”€â”€â”€â”¤
 7 â”‚ â™™ â”‚ â™™ â”‚ â™™ â”‚ â™™ â”‚ â™™ â”‚ â™™ â”‚ â™™ â”‚ â™™ â”‚
   â”œâ”€â”€â”€â”¼â”€â”€â”€â”¼â”€â”€â”€â”¼â”€â”€â”€â”¼â”€â”€â”€â”¼â”€â”€â”€â”¼â”€â”€â”€â”¼â”€â”€â”€â”¤
 6 â”‚   â”‚   â”‚   â”‚   â”‚   â”‚   â”‚   â”‚   â”‚
   â”œâ”€â”€â”€â”¼â”€â”€â”€â”¼â”€â”€â”€â”¼â”€â”€â”€â”¼â”€â”€â”€â”¼â”€â”€â”€â”¼â”€â”€â”€â”¼â”€â”€â”€â”¤
 5 â”‚   â”‚   â”‚   â”‚   â”‚ â™Ÿ â”‚   â”‚   â”‚   â”‚
   â”œâ”€â”€â”€â”¼â”€â”€â”€â”¼â”€â”€â”€â”¼â”€â”€â”€â”¼â”€â”€â”€â”¼â”€â”€â”€â”¼â”€â”€â”€â”¼â”€â”€â”€â”¤
 4 â”‚   â”‚   â”‚   â”‚   â”‚ â™˜ â”‚   â”‚   â”‚   â”‚
   â”œâ”€â”€â”€â”¼â”€â”€â”€â”¼â”€â”€â”€â”¼â”€â”€â”€â”¼â”€â”€â”€â”¼â”€â”€â”€â”¼â”€â”€â”€â”¼â”€â”€â”€â”¤
 3 â”‚   â”‚   â”‚   â”‚   â”‚   â”‚   â”‚   â”‚   â”‚
   â”œâ”€â”€â”€â”¼â”€â”€â”€â”¼â”€â”€â”€â”¼â”€â”€â”€â”¼â”€â”€â”€â”¼â”€â”€â”€â”¼â”€â”€â”€â”¼â”€â”€â”€â”¤
 2 â”‚ â™Ÿ â”‚ â™Ÿ â”‚ â™Ÿ â”‚ â™Ÿ â”‚   â”‚ â™Ÿ â”‚ â™Ÿ â”‚ â™Ÿ â”‚
   â”œâ”€â”€â”€â”¼â”€â”€â”€â”¼â”€â”€â”€â”¼â”€â”€â”€â”¼â”€â”€â”€â”¼â”€â”€â”€â”¼â”€â”€â”€â”¼â”€â”€â”€â”¤
 1 â”‚ â™œ â”‚ â™ â”‚ â™ â”‚ â™› â”‚ â™š â”‚ â™ â”‚ â™ â”‚ â™œ â”‚
   â””â”€â”€â”€â”´â”€â”€â”€â”´â”€â”€â”€â”´â”€â”€â”€â”´â”€â”€â”€â”´â”€â”€â”€â”´â”€â”€â”€â”´â”€â”€â”€â”˜
     a   b   c   d   e   f   g   h
Opening Book execution time: 0.00989309 seconds.
From opening book
d2d4
[32;1m[Game] [0mPlayer's error code: 0
[32;1m[Game] [0mChecking move validity...
[32;1m[Board] [0mInitializing board...
[32;1m[Board] [0mLoading history file `championship/kean-chess-engine-ashwathama/history.csv`...
[32;1m[Board] [0mLoaded 4 move(s).
[32;1m[Board] [0mLoading move file `championship/kean-chess-engine-ashwathama/move.csv`...
[32;1m[Board] [0mWhite player is playing d2 to d4.
[32;1m[Board] [0m
[32;1m[Board] [0m    a b c d e f g h 
[32;1m[Board] [0m  -------------------
[32;1m[Board] [0m8 ||[30;1mr[0m|[30;1mk[0m|[30;1mb[0m|[30;1mQ[0m|[30;1mK[0m|[30;1mb[0m|[7;1m [0m|[30;1mr[0m|| 8
[32;1m[Board] [0m  -------------------
[32;1m[Board] [0m7 ||[30;1mp[0m|[30;1mp[0m|[30;1mp[0m|[30;1mp[0m|[30;1mp[0m|[30;1mp[0m|[30;1mp[0m|[30;1mp[0m|| 7
[32;1m[Board] [0m  -------------------
[32;1m[Board] [0m6 ||[7;1m [0m| |[7;1m [0m| |[7;1m [0m| |[7;1m [0m| || 6
[32;1m[Board] [0m  -------------------
[32;1m[Board] [0m5 || |[7;1m [0m| |[7;1m [0m|[0;1mp[0m|[7;1m [0m| |[7;1m [0m|| 5
[32;1m[Board] [0m  -------------------
[32;1m[Board] [0m4 ||[7;1m [0m| |[7;1m [0m|[0;1mp[0m|[30;1mk[0m| |[7;1m [0m| || 4
[32;1m[Board] [0m  -------------------
[32;1m[Board] [0m3 || |[7;1m [0m| |[7;1m [0m| |[7;1m [0m| |[7;1m [0m|| 3
[32;1m[Board] [0m  -------------------
[32;1m[Board] [0m2 ||[0;1mp[0m|[0;1mp[0m|[0;1mp[0m| |[7;1m [0m|[0;1mp[0m|[0;1mp[0m|[0;1mp[0m|| 2
[32;1m[Board] [0m  -------------------
[32;1m[Board] [0m1 ||[0;1mr[0m|[0;1mk[0m|[0;1mb[0m|[0;1mQ[0m|[0;1mK[0m|[0;1mb[0m|[0;1mk[0m|[0;1mr[0m|| 1
[32;1m[Board] [0m  -------------------
[32;1m[Board] [0m    a b c d e f g h
[32;1m[Board] [0m
[32;1m[Referee] [0mThis is the turn of the Black player...
Chess Board after applying moves from: championship/kean-chess-engine-ashwathama/history.csv
Successfully read 5 moves from the file.
     a   b   c   d   e   f   g   h  
   +---+---+---+---+---+---+---+---+
 8 | r | n | b | q | k | b | . | r | 8
   +---+---+---+---+---+---+---+---+
 7 | p | p | p | p | p | p | p | p | 7
   +---+---+---+---+---+---+---+---+
 6 | . | . | . | . | . | . | . | . | 6
   +---+---+---+---+---+---+---+---+
 5 | . | . | . | . | P | . | . | . | 5
   +---+---+---+---+---+---+---+---+
 4 | . | . | . | P | n | . | . | . | 4
   +---+---+---+---+---+---+---+---+
 3 | . | . | . | . | . | . | . | . | 3
   +---+---+---+---+---+---+---+---+
 2 | P | P | P | . | . | P | P | P | 2
   +---+---+---+---+---+---+---+---+
 1 | R | N | B | Q | K | B | N | R | 1
   +---+---+---+---+---+---+---+---+
     a   b   c   d   e   f   g   h  
Running alpha-beta search...
Best move: b8c6
Testing Random Move Generator:
Random move: e4d6
File reset and move written: b8c6
Next move written to: championship/kean-chess-engine-ashwathama/move.csv
[32;1m[Game] [0mPlayer's error code: 0
[32;1m[Game] [0mChecking move validity...
[32;1m[Board] [0mInitializing board...
[32;1m[Board] [0mLoading history file `championship/kean-chess-engine-ashwathama/history.csv`...
[32;1m[Board] [0mLoaded 5 move(s).
[32;1m[Board] [0mLoading move file `championship/kean-chess-engine-ashwathama/move.csv`...
[32;1m[Board] [0mBlack player is playing b8 to c6.
[32;1m[Board] [0m
[32;1m[Board] [0m    a b c d e f g h 
[32;1m[Board] [0m  -------------------
[32;1m[Board] [0m8 ||[30;1mr[0m| |[30;1mb[0m|[30;1mQ[0m|[30;1mK[0m|[30;1mb[0m|[7;1m [0m|[30;1mr[0m|| 8
[32;1m[Board] [0m  -------------------
[32;1m[Board] [0m7 ||[30;1mp[0m|[30;1mp[0m|[30;1mp[0m|[30;1mp[0m|[30;1mp[0m|[30;1mp[0m|[30;1mp[0m|[30;1mp[0m|| 7
[32;1m[Board] [0m  -------------------
[32;1m[Board] [0m6 ||[7;1m [0m| |[30;1mk[0m| |[7;1m [0m| |[7;1m [0m| || 6
[32;1m[Board] [0m  -------------------
[32;1m[Board] [0m5 || |[7;1m [0m| |[7;1m [0m|[0;1mp[0m|[7;1m [0m| |[7;1m [0m|| 5
[32;1m[Board] [0m  -------------------
[32;1m[Board] [0m4 ||[7;1m [0m| |[7;1m [0m|[0;1mp[0m|[30;1mk[0m| |[7;1m [0m| || 4
[32;1m[Board] [0m  -------------------
[32;1m[Board] [0m3 || |[7;1m [0m| |[7;1m [0m| |[7;1m [0m| |[7;1m [0m|| 3
[32;1m[Board] [0m  -------------------
[32;1m[Board] [0m2 ||[0;1mp[0m|[0;1mp[0m|[0;1mp[0m| |[7;1m [0m|[0;1mp[0m|[0;1mp[0m|[0;1mp[0m|| 2
[32;1m[Board] [0m  -------------------
[32;1m[Board] [0m1 ||[0;1mr[0m|[0;1mk[0m|[0;1mb[0m|[0;1mQ[0m|[0;1mK[0m|[0;1mb[0m|[0;1mk[0m|[0;1mr[0m|| 1
[32;1m[Board] [0m  -------------------
[32;1m[Board] [0m    a b c d e f g h
[32;1m[Board] [0m
[32;1m[Referee] [0mThis is the turn of the White player...
   â”Œâ”€â”€â”€â”¬â”€â”€â”€â”¬â”€â”€â”€â”¬â”€â”€â”€â”¬â”€â”€â”€â”¬â”€â”€â”€â”¬â”€â”€â”€â”¬â”€â”€â”€â”
 8 â”‚ â™– â”‚   â”‚ â™— â”‚ â™• â”‚ â™” â”‚ â™— â”‚   â”‚ â™– â”‚
   â”œâ”€â”€â”€â”¼â”€â”€â”€â”¼â”€â”€â”€â”¼â”€â”€â”€â”¼â”€â”€â”€â”¼â”€â”€â”€â”¼â”€â”€â”€â”¼â”€â”€â”€â”¤
 7 â”‚ â™™ â”‚ â™™ â”‚ â™™ â”‚ â™™ â”‚ â™™ â”‚ â™™ â”‚ â™™ â”‚ â™™ â”‚
   â”œâ”€â”€â”€â”¼â”€â”€â”€â”¼â”€â”€â”€â”¼â”€â”€â”€â”¼â”€â”€â”€â”¼â”€â”€â”€â”¼â”€â”€â”€â”¼â”€â”€â”€â”¤
 6 â”‚   â”‚   â”‚ â™˜ â”‚   â”‚   â”‚   â”‚   â”‚   â”‚
   â”œâ”€â”€â”€â”¼â”€â”€â”€â”¼â”€â”€â”€â”¼â”€â”€â”€â”¼â”€â”€â”€â”¼â”€â”€â”€â”¼â”€â”€â”€â”¼â”€â”€â”€â”¤
 5 â”‚   â”‚   â”‚   â”‚   â”‚ â™Ÿ â”‚   â”‚   â”‚   â”‚
   â”œâ”€â”€â”€â”¼â”€â”€â”€â”¼â”€â”€â”€â”¼â”€â”€â”€â”¼â”€â”€â”€â”¼â”€â”€â”€â”¼â”€â”€â”€â”¼â”€â”€â”€â”¤
 4 â”‚   â”‚   â”‚   â”‚ â™Ÿ â”‚ â™˜ â”‚   â”‚   â”‚   â”‚
   â”œâ”€â”€â”€â”¼â”€â”€â”€â”¼â”€â”€â”€â”¼â”€â”€â”€â”¼â”€â”€â”€â”¼â”€â”€â”€â”¼â”€â”€â”€â”¼â”€â”€â”€â”¤
 3 â”‚   â”‚   â”‚   â”‚   â”‚   â”‚   â”‚   â”‚   â”‚
   â”œâ”€â”€â”€â”¼â”€â”€â”€â”¼â”€â”€â”€â”¼â”€â”€â”€â”¼â”€â”€â”€â”¼â”€â”€â”€â”¼â”€â”€â”€â”¼â”€â”€â”€â”¤
 2 â”‚ â™Ÿ â”‚ â™Ÿ â”‚ â™Ÿ â”‚   â”‚   â”‚ â™Ÿ â”‚ â™Ÿ â”‚ â™Ÿ â”‚
   â”œâ”€â”€â”€â”¼â”€â”€â”€â”¼â”€â”€â”€â”¼â”€â”€â”€â”¼â”€â”€â”€â”¼â”€â”€â”€â”¼â”€â”€â”€â”¼â”€â”€â”€â”¤
 1 â”‚ â™œ â”‚ â™ â”‚ â™ â”‚ â™› â”‚ â™š â”‚ â™ â”‚ â™ â”‚ â™œ â”‚
   â””â”€â”€â”€â”´â”€â”€â”€â”´â”€â”€â”€â”´â”€â”€â”€â”´â”€â”€â”€â”´â”€â”€â”€â”´â”€â”€â”€â”´â”€â”€â”€â”˜
     a   b   c   d   e   f   g   h
Opening Book execution time: 0.027454 seconds.
No Book Moves Found
Depth: 1 Best move found: c2c3 Evaluation: -447 Nodes searched: 157 (Alpha Beta 4, Quiescence 153)
Aspiration Window Exceeded, Expanding...
Depth: 2 Best move found: d1f3 Evaluation: 844 Nodes searched: 264 (Alpha Beta 42, Quiescence 222)
Depth: 3 Best move found: f1d3 Evaluation: -385 Nodes searched: 2652 (Alpha Beta 236, Quiescence 2416)
Depth: 4 Best move found: d1f3 Evaluation: 58 Nodes searched: 2603 (Alpha Beta 353, Quiescence 2250)
Time Elapsed: 9925ms
[32;1m[Game] [0mPlayer's error code: 0
[32;1m[Game] [0mChecking move validity...
[32;1m[Board] [0mInitializing board...
[32;1m[Board] [0mLoading history file `championship/kean-chess-engine-ashwathama/history.csv`...
[32;1m[Board] [0mLoaded 6 move(s).
[32;1m[Board] [0mLoading move file `championship/kean-chess-engine-ashwathama/move.csv`...
[32;1m[Board] [0mWhite player is playing d1 to f3.
[32;1m[Board] [0m
[32;1m[Board] [0m    a b c d e f g h 
[32;1m[Board] [0m  -------------------
[32;1m[Board] [0m8 ||[30;1mr[0m| |[30;1mb[0m|[30;1mQ[0m|[30;1mK[0m|[30;1mb[0m|[7;1m [0m|[30;1mr[0m|| 8
[32;1m[Board] [0m  -------------------
[32;1m[Board] [0m7 ||[30;1mp[0m|[30;1mp[0m|[30;1mp[0m|[30;1mp[0m|[30;1mp[0m|[30;1mp[0m|[30;1mp[0m|[30;1mp[0m|| 7
[32;1m[Board] [0m  -------------------
[32;1m[Board] [0m6 ||[7;1m [0m| |[30;1mk[0m| |[7;1m [0m| |[7;1m [0m| || 6
[32;1m[Board] [0m  -------------------
[32;1m[Board] [0m5 || |[7;1m [0m| |[7;1m [0m|[0;1mp[0m|[7;1m [0m| |[7;1m [0m|| 5
[32;1m[Board] [0m  -------------------
[32;1m[Board] [0m4 ||[7;1m [0m| |[7;1m [0m|[0;1mp[0m|[30;1mk[0m| |[7;1m [0m| || 4
[32;1m[Board] [0m  -------------------
[32;1m[Board] [0m3 || |[7;1m [0m| |[7;1m [0m| |[0;1mQ[0m| |[7;1m [0m|| 3
[32;1m[Board] [0m  -------------------
[32;1m[Board] [0m2 ||[0;1mp[0m|[0;1mp[0m|[0;1mp[0m| |[7;1m [0m|[0;1mp[0m|[0;1mp[0m|[0;1mp[0m|| 2
[32;1m[Board] [0m  -------------------
[32;1m[Board] [0m1 ||[0;1mr[0m|[0;1mk[0m|[0;1mb[0m|[7;1m [0m|[0;1mK[0m|[0;1mb[0m|[0;1mk[0m|[0;1mr[0m|| 1
[32;1m[Board] [0m  -------------------
[32;1m[Board] [0m    a b c d e f g h
[32;1m[Board] [0m
[32;1m[Referee] [0mThis is the turn of the Black player...
Chess Board after applying moves from: championship/kean-chess-engine-ashwathama/history.csv
Successfully read 7 moves from the file.
     a   b   c   d   e   f   g   h  
   +---+---+---+---+---+---+---+---+
 8 | r | . | b | q | k | b | . | r | 8
   +---+---+---+---+---+---+---+---+
 7 | p | p | p | p | p | p | p | p | 7
   +---+---+---+---+---+---+---+---+
 6 | . | . | n | . | . | . | . | . | 6
   +---+---+---+---+---+---+---+---+
 5 | . | . | . | . | P | . | . | . | 5
   +---+---+---+---+---+---+---+---+
 4 | . | . | . | P | n | . | . | . | 4
   +---+---+---+---+---+---+---+---+
 3 | . | . | . | . | . | Q | . | . | 3
   +---+---+---+---+---+---+---+---+
 2 | P | P | P | . | . | P | P | P | 2
   +---+---+---+---+---+---+---+---+
 1 | R | N | B | . | K | B | N | R | 1
   +---+---+---+---+---+---+---+---+
     a   b   c   d   e   f   g   h  
Running alpha-beta search...
Best move: d7d5
Testing Random Move Generator:
Random move: a7a6
File reset and move written: d7d5
Next move written to: championship/kean-chess-engine-ashwathama/move.csv
[32;1m[Game] [0mPlayer's error code: 0
[32;1m[Game] [0mChecking move validity...
[32;1m[Board] [0mInitializing board...
[32;1m[Board] [0mLoading history file `championship/kean-chess-engine-ashwathama/history.csv`...
[32;1m[Board] [0mLoaded 7 move(s).
[32;1m[Board] [0mLoading move file `championship/kean-chess-engine-ashwathama/move.csv`...
[32;1m[Board] [0mBlack player is playing d7 to d5.
[32;1m[Board] [0m
[32;1m[Board] [0m    a b c d e f g h 
[32;1m[Board] [0m  -------------------
[32;1m[Board] [0m8 ||[30;1mr[0m| |[30;1mb[0m|[30;1mQ[0m|[30;1mK[0m|[30;1mb[0m|[7;1m [0m|[30;1mr[0m|| 8
[32;1m[Board] [0m  -------------------
[32;1m[Board] [0m7 ||[30;1mp[0m|[30;1mp[0m|[30;1mp[0m|[7;1m [0m|[30;1mp[0m|[30;1mp[0m|[30;1mp[0m|[30;1mp[0m|| 7
[32;1m[Board] [0m  -------------------
[32;1m[Board] [0m6 ||[7;1m [0m| |[30;1mk[0m| |[7;1m [0m| |[7;1m [0m| || 6
[32;1m[Board] [0m  -------------------
[32;1m[Board] [0m5 || |[7;1m [0m| |[30;1mp[0m|[0;1mp[0m|[7;1m [0m| |[7;1m [0m|| 5
[32;1m[Board] [0m  -------------------
[32;1m[Board] [0m4 ||[7;1m [0m| |[7;1m [0m|[0;1mp[0m|[30;1mk[0m| |[7;1m [0m| || 4
[32;1m[Board] [0m  -------------------
[32;1m[Board] [0m3 || |[7;1m [0m| |[7;1m [0m| |[0;1mQ[0m| |[7;1m [0m|| 3
[32;1m[Board] [0m  -------------------
[32;1m[Board] [0m2 ||[0;1mp[0m|[0;1mp[0m|[0;1mp[0m| |[7;1m [0m|[0;1mp[0m|[0;1mp[0m|[0;1mp[0m|| 2
[32;1m[Board] [0m  -------------------
[32;1m[Board] [0m1 ||[0;1mr[0m|[0;1mk[0m|[0;1mb[0m|[7;1m [0m|[0;1mK[0m|[0;1mb[0m|[0;1mk[0m|[0;1mr[0m|| 1
[32;1m[Board] [0m  -------------------
[32;1m[Board] [0m    a b c d e f g h
[32;1m[Board] [0m
[32;1m[Referee] [0mThis is the turn of the White player...
   â”Œâ”€â”€â”€â”¬â”€â”€â”€â”¬â”€â”€â”€â”¬â”€â”€â”€â”¬â”€â”€â”€â”¬â”€â”€â”€â”¬â”€â”€â”€â”¬â”€â”€â”€â”
 8 â”‚ â™– â”‚   â”‚ â™— â”‚ â™• â”‚ â™” â”‚ â™— â”‚   â”‚ â™– â”‚
   â”œâ”€â”€â”€â”¼â”€â”€â”€â”¼â”€â”€â”€â”¼â”€â”€â”€â”¼â”€â”€â”€â”¼â”€â”€â”€â”¼â”€â”€â”€â”¼â”€â”€â”€â”¤
 7 â”‚ â™™ â”‚ â™™ â”‚ â™™ â”‚   â”‚ â™™ â”‚ â™™ â”‚ â™™ â”‚ â™™ â”‚
   â”œâ”€â”€â”€â”¼â”€â”€â”€â”¼â”€â”€â”€â”¼â”€â”€â”€â”¼â”€â”€â”€â”¼â”€â”€â”€â”¼â”€â”€â”€â”¼â”€â”€â”€â”¤
 6 â”‚   â”‚   â”‚ â™˜ â”‚   â”‚   â”‚   â”‚   â”‚   â”‚
   â”œâ”€â”€â”€â”¼â”€â”€â”€â”¼â”€â”€â”€â”¼â”€â”€â”€â”¼â”€â”€â”€â”¼â”€â”€â”€â”¼â”€â”€â”€â”¼â”€â”€â”€â”¤
 5 â”‚   â”‚   â”‚   â”‚ â™™ â”‚ â™Ÿ â”‚   â”‚   â”‚   â”‚
   â”œâ”€â”€â”€â”¼â”€â”€â”€â”¼â”€â”€â”€â”¼â”€â”€â”€â”¼â”€â”€â”€â”¼â”€â”€â”€â”¼â”€â”€â”€â”¼â”€â”€â”€â”¤
 4 â”‚   â”‚   â”‚   â”‚ â™Ÿ â”‚ â™˜ â”‚   â”‚   â”‚   â”‚
   â”œâ”€â”€â”€â”¼â”€â”€â”€â”¼â”€â”€â”€â”¼â”€â”€â”€â”¼â”€â”€â”€â”¼â”€â”€â”€â”¼â”€â”€â”€â”¼â”€â”€â”€â”¤
 3 â”‚   â”‚   â”‚   â”‚   â”‚   â”‚ â™› â”‚   â”‚   â”‚
   â”œâ”€â”€â”€â”¼â”€â”€â”€â”¼â”€â”€â”€â”¼â”€â”€â”€â”¼â”€â”€â”€â”¼â”€â”€â”€â”¼â”€â”€â”€â”¼â”€â”€â”€â”¤
 2 â”‚ â™Ÿ â”‚ â™Ÿ â”‚ â™Ÿ â”‚   â”‚   â”‚ â™Ÿ â”‚ â™Ÿ â”‚ â™Ÿ â”‚
   â”œâ”€â”€â”€â”¼â”€â”€â”€â”¼â”€â”€â”€â”¼â”€â”€â”€â”¼â”€â”€â”€â”¼â”€â”€â”€â”¼â”€â”€â”€â”¼â”€â”€â”€â”¤
 1 â”‚ â™œ â”‚ â™ â”‚ â™ â”‚   â”‚ â™š â”‚ â™ â”‚ â™ â”‚ â™œ â”‚
   â””â”€â”€â”€â”´â”€â”€â”€â”´â”€â”€â”€â”´â”€â”€â”€â”´â”€â”€â”€â”´â”€â”€â”€â”´â”€â”€â”€â”´â”€â”€â”€â”˜
     a   b   c   d   e   f   g   h
Opening Book execution time: 0.0256909 seconds.
No Book Moves Found
Depth: 1 Best move found: f3e4 Evaluation: -274 Nodes searched: 139 (Alpha Beta 3, Quiescence 136)
Aspiration Window Exceeded, Expanding...
Aspiration Window Exceeded, Expanding...
Depth: 2 Best move found: a2a4 Evaluation: 930 Nodes searched: 300 (Alpha Beta 51, Quiescence 249)
Depth: 3 Best move found: e5e6 Evaluation: -363 Nodes searched: 5385 (Alpha Beta 575, Quiescence 4810)
Depth: 4 Best move found: e5d6 Evaluation: 745 Nodes searched: 4523 (Alpha Beta 441, Quiescence 4082)
Time Elapsed: 9931ms
[32;1m[Game] [0mPlayer's error code: 0
[32;1m[Game] [0mChecking move validity...
[32;1m[Board] [0mInitializing board...
[32;1m[Board] [0mLoading history file `championship/kean-chess-engine-ashwathama/history.csv`...
[32;1m[Board] [0mLoaded 8 move(s).
[32;1m[Board] [0mLoading move file `championship/kean-chess-engine-ashwathama/move.csv`...
[32;1m[Board] [0mWhite player is playing e5 to d6.
[32;1m[Board] [0mWhite Pawn (e5) is capturing 'en-passant'...
[32;1m[Board] [0m[5;1mWhite Pawn is taking Black Pawn.[0m
[32;1m[Board] [0m
[32;1m[Board] [0m    a b c d e f g h 
[32;1m[Board] [0m  -------------------
[32;1m[Board] [0m8 ||[30;1mr[0m| |[30;1mb[0m|[30;1mQ[0m|[30;1mK[0m|[30;1mb[0m|[7;1m [0m|[30;1mr[0m|| 8
[32;1m[Board] [0m  -------------------
[32;1m[Board] [0m7 ||[30;1mp[0m|[30;1mp[0m|[30;1mp[0m|[7;1m [0m|[30;1mp[0m|[30;1mp[0m|[30;1mp[0m|[30;1mp[0m|| 7
[32;1m[Board] [0m  -------------------
[32;1m[Board] [0m6 ||[7;1m [0m| |[30;1mk[0m|[0;1mp[0m|[7;1m [0m| |[7;1m [0m| || 6
[32;1m[Board] [0m  -------------------
[32;1m[Board] [0m5 || |[7;1m [0m| |[7;1m [0m| |[7;1m [0m| |[7;1m [0m|| 5
[32;1m[Board] [0m  -------------------
[32;1m[Board] [0m4 ||[7;1m [0m| |[7;1m [0m|[0;1mp[0m|[30;1mk[0m| |[7;1m [0m| || 4
[32;1m[Board] [0m  -------------------
[32;1m[Board] [0m3 || |[7;1m [0m| |[7;1m [0m| |[0;1mQ[0m| |[7;1m [0m|| 3
[32;1m[Board] [0m  -------------------
[32;1m[Board] [0m2 ||[0;1mp[0m|[0;1mp[0m|[0;1mp[0m| |[7;1m [0m|[0;1mp[0m|[0;1mp[0m|[0;1mp[0m|| 2
[32;1m[Board] [0m  -------------------
[32;1m[Board] [0m1 ||[0;1mr[0m|[0;1mk[0m|[0;1mb[0m|[7;1m [0m|[0;1mK[0m|[0;1mb[0m|[0;1mk[0m|[0;1mr[0m|| 1
[32;1m[Board] [0m  -------------------
[32;1m[Board] [0m    a b c d e f g h
[32;1m[Board] [0m
[32;1m[Referee] [0mThis is the turn of the Black player...
Chess Board after applying moves from: championship/kean-chess-engine-ashwathama/history.csv
Successfully read 9 moves from the file.
     a   b   c   d   e   f   g   h  
   +---+---+---+---+---+---+---+---+
 8 | r | . | b | q | k | b | . | r | 8
   +---+---+---+---+---+---+---+---+
 7 | p | p | p | . | p | p | p | p | 7
   +---+---+---+---+---+---+---+---+
 6 | . | . | n | P | . | . | . | . | 6
   +---+---+---+---+---+---+---+---+
 5 | . | . | . | . | . | . | . | . | 5
   +---+---+---+---+---+---+---+---+
 4 | . | . | . | P | n | . | . | . | 4
   +---+---+---+---+---+---+---+---+
 3 | . | . | . | . | . | Q | . | . | 3
   +---+---+---+---+---+---+---+---+
 2 | P | P | P | . | . | P | P | P | 2
   +---+---+---+---+---+---+---+---+
 1 | R | N | B | . | K | B | N | R | 1
   +---+---+---+---+---+---+---+---+
     a   b   c   d   e   f   g   h  
Running alpha-beta search...
Best move: e4d6
Testing Random Move Generator:
Random move: e4d6
File reset and move written: e4d6
Next move written to: championship/kean-chess-engine-ashwathama/move.csv
[32;1m[Game] [0mPlayer's error code: 0
[32;1m[Game] [0mChecking move validity...
[32;1m[Board] [0mInitializing board...
[32;1m[Board] [0mLoading history file `championship/kean-chess-engine-ashwathama/history.csv`...
[32;1m[Board] [0mLoaded 9 move(s).
[32;1m[Board] [0mLoading move file `championship/kean-chess-engine-ashwathama/move.csv`...
[32;1m[Board] [0mBlack player is playing e4 to d6.
[32;1m[Board] [0m[5;1mBlack Knight is taking White Pawn.[0m
[32;1m[Board] [0m
[32;1m[Board] [0m    a b c d e f g h 
[32;1m[Board] [0m  -------------------
[32;1m[Board] [0m8 ||[30;1mr[0m| |[30;1mb[0m|[30;1mQ[0m|[30;1mK[0m|[30;1mb[0m|[7;1m [0m|[30;1mr[0m|| 8
[32;1m[Board] [0m  -------------------
[32;1m[Board] [0m7 ||[30;1mp[0m|[30;1mp[0m|[30;1mp[0m|[7;1m [0m|[30;1mp[0m|[30;1mp[0m|[30;1mp[0m|[30;1mp[0m|| 7
[32;1m[Board] [0m  -------------------
[32;1m[Board] [0m6 ||[7;1m [0m| |[30;1mk[0m|[30;1mk[0m|[7;1m [0m| |[7;1m [0m| || 6
[32;1m[Board] [0m  -------------------
[32;1m[Board] [0m5 || |[7;1m [0m| |[7;1m [0m| |[7;1m [0m| |[7;1m [0m|| 5
[32;1m[Board] [0m  -------------------
[32;1m[Board] [0m4 ||[7;1m [0m| |[7;1m [0m|[0;1mp[0m|[7;1m [0m| |[7;1m [0m| || 4
[32;1m[Board] [0m  -------------------
[32;1m[Board] [0m3 || |[7;1m [0m| |[7;1m [0m| |[0;1mQ[0m| |[7;1m [0m|| 3
[32;1m[Board] [0m  -------------------
[32;1m[Board] [0m2 ||[0;1mp[0m|[0;1mp[0m|[0;1mp[0m| |[7;1m [0m|[0;1mp[0m|[0;1mp[0m|[0;1mp[0m|| 2
[32;1m[Board] [0m  -------------------
[32;1m[Board] [0m1 ||[0;1mr[0m|[0;1mk[0m|[0;1mb[0m|[7;1m [0m|[0;1mK[0m|[0;1mb[0m|[0;1mk[0m|[0;1mr[0m|| 1
[32;1m[Board] [0m  -------------------
[32;1m[Board] [0m    a b c d e f g h
[32;1m[Board] [0m
[32;1m[Referee] [0mThis is the turn of the White player...
   â”Œâ”€â”€â”€â”¬â”€â”€â”€â”¬â”€â”€â”€â”¬â”€â”€â”€â”¬â”€â”€â”€â”¬â”€â”€â”€â”¬â”€â”€â”€â”¬â”€â”€â”€â”
 8 â”‚ â™– â”‚   â”‚ â™— â”‚ â™• â”‚ â™” â”‚ â™— â”‚   â”‚ â™– â”‚
   â”œâ”€â”€â”€â”¼â”€â”€â”€â”¼â”€â”€â”€â”¼â”€â”€â”€â”¼â”€â”€â”€â”¼â”€â”€â”€â”¼â”€â”€â”€â”¼â”€â”€â”€â”¤
 7 â”‚ â™™ â”‚ â™™ â”‚ â™™ â”‚   â”‚ â™™ â”‚ â™™ â”‚ â™™ â”‚ â™™ â”‚
   â”œâ”€â”€â”€â”¼â”€â”€â”€â”¼â”€â”€â”€â”¼â”€â”€â”€â”¼â”€â”€â”€â”¼â”€â”€â”€â”¼â”€â”€â”€â”¼â”€â”€â”€â”¤
 6 â”‚   â”‚   â”‚ â™˜ â”‚ â™˜ â”‚   â”‚   â”‚   â”‚   â”‚
   â”œâ”€â”€â”€â”¼â”€â”€â”€â”¼â”€â”€â”€â”¼â”€â”€â”€â”¼â”€â”€â”€â”¼â”€â”€â”€â”¼â”€â”€â”€â”¼â”€â”€â”€â”¤
 5 â”‚   â”‚   â”‚   â”‚   â”‚   â”‚   â”‚   â”‚   â”‚
   â”œâ”€â”€â”€â”¼â”€â”€â”€â”¼â”€â”€â”€â”¼â”€â”€â”€â”¼â”€â”€â”€â”¼â”€â”€â”€â”¼â”€â”€â”€â”¼â”€â”€â”€â”¤
 4 â”‚   â”‚   â”‚   â”‚ â™Ÿ â”‚   â”‚   â”‚   â”‚   â”‚
   â”œâ”€â”€â”€â”¼â”€â”€â”€â”¼â”€â”€â”€â”¼â”€â”€â”€â”¼â”€â”€â”€â”¼â”€â”€â”€â”¼â”€â”€â”€â”¼â”€â”€â”€â”¤
 3 â”‚   â”‚   â”‚   â”‚   â”‚   â”‚ â™› â”‚   â”‚   â”‚
   â”œâ”€â”€â”€â”¼â”€â”€â”€â”¼â”€â”€â”€â”¼â”€â”€â”€â”¼â”€â”€â”€â”¼â”€â”€â”€â”¼â”€â”€â”€â”¼â”€â”€â”€â”¤
 2 â”‚ â™Ÿ â”‚ â™Ÿ â”‚ â™Ÿ â”‚   â”‚   â”‚ â™Ÿ â”‚ â™Ÿ â”‚ â™Ÿ â”‚
   â”œâ”€â”€â”€â”¼â”€â”€â”€â”¼â”€â”€â”€â”¼â”€â”€â”€â”¼â”€â”€â”€â”¼â”€â”€â”€â”¼â”€â”€â”€â”¼â”€â”€â”€â”¤
 1 â”‚ â™œ â”‚ â™ â”‚ â™ â”‚   â”‚ â™š â”‚ â™ â”‚ â™ â”‚ â™œ â”‚
   â””â”€â”€â”€â”´â”€â”€â”€â”´â”€â”€â”€â”´â”€â”€â”€â”´â”€â”€â”€â”´â”€â”€â”€â”´â”€â”€â”€â”´â”€â”€â”€â”˜
     a   b   c   d   e   f   g   h
Opening Book execution time: 0.0255952 seconds.
No Book Moves Found
Depth: 1 Best move found: c2c3 Evaluation: -505 Nodes searched: 199 (Alpha Beta 4, Quiescence 195)
Aspiration Window Exceeded, Expanding...
Depth: 2 Best move found: c1d2 Evaluation: 1079 Nodes searched: 450 (Alpha Beta 56, Quiescence 394)
Depth: 3 Best move found: d4d5 Evaluation: -642 Nodes searched: 3367 (Alpha Beta 340, Quiescence 3027)
Depth: 4 Best move found: d4d5 Evaluation: 449 Nodes searched: 5113 (Alpha Beta 704, Quiescence 4409)
Time Elapsed: 9926ms
[32;1m[Game] [0mPlayer's error code: 0
[32;1m[Game] [0mChecking move validity...
[32;1m[Board] [0mInitializing board...
[32;1m[Board] [0mLoading history file `championship/kean-chess-engine-ashwathama/history.csv`...
[32;1m[Board] [0mLoaded 10 move(s).
[32;1m[Board] [0mLoading move file `championship/kean-chess-engine-ashwathama/move.csv`...
[32;1m[Board] [0mWhite player is playing d4 to d5.
[32;1m[Board] [0m
[32;1m[Board] [0m    a b c d e f g h 
[32;1m[Board] [0m  -------------------
[32;1m[Board] [0m8 ||[30;1mr[0m| |[30;1mb[0m|[30;1mQ[0m|[30;1mK[0m|[30;1mb[0m|[7;1m [0m|[30;1mr[0m|| 8
[32;1m[Board] [0m  -------------------
[32;1m[Board] [0m7 ||[30;1mp[0m|[30;1mp[0m|[30;1mp[0m|[7;1m [0m|[30;1mp[0m|[30;1mp[0m|[30;1mp[0m|[30;1mp[0m|| 7
[32;1m[Board] [0m  -------------------
[32;1m[Board] [0m6 ||[7;1m [0m| |[30;1mk[0m|[30;1mk[0m|[7;1m [0m| |[7;1m [0m| || 6
[32;1m[Board] [0m  -------------------
[32;1m[Board] [0m5 || |[7;1m [0m| |[0;1mp[0m| |[7;1m [0m| |[7;1m [0m|| 5
[32;1m[Board] [0m  -------------------
[32;1m[Board] [0m4 ||[7;1m [0m| |[7;1m [0m| |[7;1m [0m| |[7;1m [0m| || 4
[32;1m[Board] [0m  -------------------
[32;1m[Board] [0m3 || |[7;1m [0m| |[7;1m [0m| |[0;1mQ[0m| |[7;1m [0m|| 3
[32;1m[Board] [0m  -------------------
[32;1m[Board] [0m2 ||[0;1mp[0m|[0;1mp[0m|[0;1mp[0m| |[7;1m [0m|[0;1mp[0m|[0;1mp[0m|[0;1mp[0m|| 2
[32;1m[Board] [0m  -------------------
[32;1m[Board] [0m1 ||[0;1mr[0m|[0;1mk[0m|[0;1mb[0m|[7;1m [0m|[0;1mK[0m|[0;1mb[0m|[0;1mk[0m|[0;1mr[0m|| 1
[32;1m[Board] [0m  -------------------
[32;1m[Board] [0m    a b c d e f g h
[32;1m[Board] [0m
[32;1m[Referee] [0mThis is the turn of the Black player...
Chess Board after applying moves from: championship/kean-chess-engine-ashwathama/history.csv
Successfully read 11 moves from the file.
     a   b   c   d   e   f   g   h  
   +---+---+---+---+---+---+---+---+
 8 | r | . | b | q | k | b | . | r | 8
   +---+---+---+---+---+---+---+---+
 7 | p | p | p | . | p | p | p | p | 7
   +---+---+---+---+---+---+---+---+
 6 | . | . | n | n | . | . | . | . | 6
   +---+---+---+---+---+---+---+---+
 5 | . | . | . | P | . | . | . | . | 5
   +---+---+---+---+---+---+---+---+
 4 | . | . | . | . | . | . | . | . | 4
   +---+---+---+---+---+---+---+---+
 3 | . | . | . | . | . | Q | . | . | 3
   +---+---+---+---+---+---+---+---+
 2 | P | P | P | . | . | P | P | P | 2
   +---+---+---+---+---+---+---+---+
 1 | R | N | B | . | K | B | N | R | 1
   +---+---+---+---+---+---+---+---+
     a   b   c   d   e   f   g   h  
Running alpha-beta search...
Best move: c6d4
Testing Random Move Generator:
Random move: c6a5
File reset and move written: c6d4
Next move written to: championship/kean-chess-engine-ashwathama/move.csv
[32;1m[Game] [0mPlayer's error code: 0
[32;1m[Game] [0mChecking move validity...
[32;1m[Board] [0mInitializing board...
[32;1m[Board] [0mLoading history file `championship/kean-chess-engine-ashwathama/history.csv`...
[32;1m[Board] [0mLoaded 11 move(s).
[32;1m[Board] [0mLoading move file `championship/kean-chess-engine-ashwathama/move.csv`...
[32;1m[Board] [0mBlack player is playing c6 to d4.
[32;1m[Board] [0m
[32;1m[Board] [0m    a b c d e f g h 
[32;1m[Board] [0m  -------------------
[32;1m[Board] [0m8 ||[30;1mr[0m| |[30;1mb[0m|[30;1mQ[0m|[30;1mK[0m|[30;1mb[0m|[7;1m [0m|[30;1mr[0m|| 8
[32;1m[Board] [0m  -------------------
[32;1m[Board] [0m7 ||[30;1mp[0m|[30;1mp[0m|[30;1mp[0m|[7;1m [0m|[30;1mp[0m|[30;1mp[0m|[30;1mp[0m|[30;1mp[0m|| 7
[32;1m[Board] [0m  -------------------
[32;1m[Board] [0m6 ||[7;1m [0m| |[7;1m [0m|[30;1mk[0m|[7;1m [0m| |[7;1m [0m| || 6
[32;1m[Board] [0m  -------------------
[32;1m[Board] [0m5 || |[7;1m [0m| |[0;1mp[0m| |[7;1m [0m| |[7;1m [0m|| 5
[32;1m[Board] [0m  -------------------
[32;1m[Board] [0m4 ||[7;1m [0m| |[7;1m [0m|[30;1mk[0m|[7;1m [0m| |[7;1m [0m| || 4
[32;1m[Board] [0m  -------------------
[32;1m[Board] [0m3 || |[7;1m [0m| |[7;1m [0m| |[0;1mQ[0m| |[7;1m [0m|| 3
[32;1m[Board] [0m  -------------------
[32;1m[Board] [0m2 ||[0;1mp[0m|[0;1mp[0m|[0;1mp[0m| |[7;1m [0m|[0;1mp[0m|[0;1mp[0m|[0;1mp[0m|| 2
[32;1m[Board] [0m  -------------------
[32;1m[Board] [0m1 ||[0;1mr[0m|[0;1mk[0m|[0;1mb[0m|[7;1m [0m|[0;1mK[0m|[0;1mb[0m|[0;1mk[0m|[0;1mr[0m|| 1
[32;1m[Board] [0m  -------------------
[32;1m[Board] [0m    a b c d e f g h
[32;1m[Board] [0m
[32;1m[Referee] [0mThis is the turn of the White player...
   â”Œâ”€â”€â”€â”¬â”€â”€â”€â”¬â”€â”€â”€â”¬â”€â”€â”€â”¬â”€â”€â”€â”¬â”€â”€â”€â”¬â”€â”€â”€â”¬â”€â”€â”€â”
 8 â”‚ â™– â”‚   â”‚ â™— â”‚ â™• â”‚ â™” â”‚ â™— â”‚   â”‚ â™– â”‚
   â”œâ”€â”€â”€â”¼â”€â”€â”€â”¼â”€â”€â”€â”¼â”€â”€â”€â”¼â”€â”€â”€â”¼â”€â”€â”€â”¼â”€â”€â”€â”¼â”€â”€â”€â”¤
 7 â”‚ â™™ â”‚ â™™ â”‚ â™™ â”‚   â”‚ â™™ â”‚ â™™ â”‚ â™™ â”‚ â™™ â”‚
   â”œâ”€â”€â”€â”¼â”€â”€â”€â”¼â”€â”€â”€â”¼â”€â”€â”€â”¼â”€â”€â”€â”¼â”€â”€â”€â”¼â”€â”€â”€â”¼â”€â”€â”€â”¤
 6 â”‚   â”‚   â”‚   â”‚ â™˜ â”‚   â”‚   â”‚   â”‚   â”‚
   â”œâ”€â”€â”€â”¼â”€â”€â”€â”¼â”€â”€â”€â”¼â”€â”€â”€â”¼â”€â”€â”€â”¼â”€â”€â”€â”¼â”€â”€â”€â”¼â”€â”€â”€â”¤
 5 â”‚   â”‚   â”‚   â”‚ â™Ÿ â”‚   â”‚   â”‚   â”‚   â”‚
   â”œâ”€â”€â”€â”¼â”€â”€â”€â”¼â”€â”€â”€â”¼â”€â”€â”€â”¼â”€â”€â”€â”¼â”€â”€â”€â”¼â”€â”€â”€â”¼â”€â”€â”€â”¤
 4 â”‚   â”‚   â”‚   â”‚ â™˜ â”‚   â”‚   â”‚   â”‚   â”‚
   â”œâ”€â”€â”€â”¼â”€â”€â”€â”¼â”€â”€â”€â”¼â”€â”€â”€â”¼â”€â”€â”€â”¼â”€â”€â”€â”¼â”€â”€â”€â”¼â”€â”€â”€â”¤
 3 â”‚   â”‚   â”‚   â”‚   â”‚   â”‚ â™› â”‚   â”‚   â”‚
   â”œâ”€â”€â”€â”¼â”€â”€â”€â”¼â”€â”€â”€â”¼â”€â”€â”€â”¼â”€â”€â”€â”¼â”€â”€â”€â”¼â”€â”€â”€â”¼â”€â”€â”€â”¤
 2 â”‚ â™Ÿ â”‚ â™Ÿ â”‚ â™Ÿ â”‚   â”‚   â”‚ â™Ÿ â”‚ â™Ÿ â”‚ â™Ÿ â”‚
   â”œâ”€â”€â”€â”¼â”€â”€â”€â”¼â”€â”€â”€â”¼â”€â”€â”€â”¼â”€â”€â”€â”¼â”€â”€â”€â”¼â”€â”€â”€â”¼â”€â”€â”€â”¤
 1 â”‚ â™œ â”‚ â™ â”‚ â™ â”‚   â”‚ â™š â”‚ â™ â”‚ â™ â”‚ â™œ â”‚
   â””â”€â”€â”€â”´â”€â”€â”€â”´â”€â”€â”€â”´â”€â”€â”€â”´â”€â”€â”€â”´â”€â”€â”€â”´â”€â”€â”€â”´â”€â”€â”€â”˜
     a   b   c   d   e   f   g   h
Opening Book execution time: 0.0255733 seconds.
No Book Moves Found
Depth: 1 Best move found: b1c3 Evaluation: -638 Nodes searched: 183 (Alpha Beta 4, Quiescence 179)
Aspiration Window Exceeded, Expanding...
Depth: 2 Best move found: f1b5 Evaluation: 449 Nodes searched: 101 (Alpha Beta 47, Quiescence 54)
Depth: 3 Best move found: f3d1 Evaluation: -520 Nodes searched: 834 (Alpha Beta 160, Quiescence 674)
Depth: 4 Best move found: f3d1 Evaluation: 20 Nodes searched: 5077 (Alpha Beta 708, Quiescence 4369)
Depth: 5 Best move found: f3d1 Evaluation: -382 Nodes searched: 13298 (Alpha Beta 1533, Quiescence 11765)
Time Elapsed: 9919ms
[32;1m[Game] [0mPlayer's error code: 0
[32;1m[Game] [0mChecking move validity...
[32;1m[Board] [0mInitializing board...
[32;1m[Board] [0mLoading history file `championship/kean-chess-engine-ashwathama/history.csv`...
[32;1m[Board] [0mLoaded 12 move(s).
[32;1m[Board] [0mLoading move file `championship/kean-chess-engine-ashwathama/move.csv`...
[32;1m[Board] [0mWhite player is playing f3 to d1.
[32;1m[Board] [0m
[32;1m[Board] [0m    a b c d e f g h 
[32;1m[Board] [0m  -------------------
[32;1m[Board] [0m8 ||[30;1mr[0m| |[30;1mb[0m|[30;1mQ[0m|[30;1mK[0m|[30;1mb[0m|[7;1m [0m|[30;1mr[0m|| 8
[32;1m[Board] [0m  -------------------
[32;1m[Board] [0m7 ||[30;1mp[0m|[30;1mp[0m|[30;1mp[0m|[7;1m [0m|[30;1mp[0m|[30;1mp[0m|[30;1mp[0m|[30;1mp[0m|| 7
[32;1m[Board] [0m  -------------------
[32;1m[Board] [0m6 ||[7;1m [0m| |[7;1m [0m|[30;1mk[0m|[7;1m [0m| |[7;1m [0m| || 6
[32;1m[Board] [0m  -------------------
[32;1m[Board] [0m5 || |[7;1m [0m| |[0;1mp[0m| |[7;1m [0m| |[7;1m [0m|| 5
[32;1m[Board] [0m  -------------------
[32;1m[Board] [0m4 ||[7;1m [0m| |[7;1m [0m|[30;1mk[0m|[7;1m [0m| |[7;1m [0m| || 4
[32;1m[Board] [0m  -------------------
[32;1m[Board] [0m3 || |[7;1m [0m| |[7;1m [0m| |[7;1m [0m| |[7;1m [0m|| 3
[32;1m[Board] [0m  -------------------
[32;1m[Board] [0m2 ||[0;1mp[0m|[0;1mp[0m|[0;1mp[0m| |[7;1m [0m|[0;1mp[0m|[0;1mp[0m|[0;1mp[0m|| 2
[32;1m[Board] [0m  -------------------
[32;1m[Board] [0m1 ||[0;1mr[0m|[0;1mk[0m|[0;1mb[0m|[0;1mQ[0m|[0;1mK[0m|[0;1mb[0m|[0;1mk[0m|[0;1mr[0m|| 1
[32;1m[Board] [0m  -------------------
[32;1m[Board] [0m    a b c d e f g h
[32;1m[Board] [0m
[32;1m[Referee] [0mThis is the turn of the Black player...
Chess Board after applying moves from: championship/kean-chess-engine-ashwathama/history.csv
Successfully read 13 moves from the file.
     a   b   c   d   e   f   g   h  
   +---+---+---+---+---+---+---+---+
 8 | r | . | b | q | k | b | . | r | 8
   +---+---+---+---+---+---+---+---+
 7 | p | p | p | . | p | p | p | p | 7
   +---+---+---+---+---+---+---+---+
 6 | . | . | . | n | . | . | . | . | 6
   +---+---+---+---+---+---+---+---+
 5 | . | . | . | P | . | . | . | . | 5
   +---+---+---+---+---+---+---+---+
 4 | . | . | . | n | . | . | . | . | 4
   +---+---+---+---+---+---+---+---+
 3 | . | . | . | . | . | . | . | . | 3
   +---+---+---+---+---+---+---+---+
 2 | P | P | P | . | . | P | P | P | 2
   +---+---+---+---+---+---+---+---+
 1 | R | N | B | Q | K | B | N | R | 1
   +---+---+---+---+---+---+---+---+
     a   b   c   d   e   f   g   h  
Running alpha-beta search...
Best move: d6f5
Testing Random Move Generator:
Random move: h8g8
File reset and move written: d6f5
Next move written to: championship/kean-chess-engine-ashwathama/move.csv
[32;1m[Game] [0mPlayer's error code: 0
[32;1m[Game] [0mChecking move validity...
[32;1m[Board] [0mInitializing board...
[32;1m[Board] [0mLoading history file `championship/kean-chess-engine-ashwathama/history.csv`...
[32;1m[Board] [0mLoaded 13 move(s).
[32;1m[Board] [0mLoading move file `championship/kean-chess-engine-ashwathama/move.csv`...
[32;1m[Board] [0mBlack player is playing d6 to f5.
[32;1m[Board] [0m
[32;1m[Board] [0m    a b c d e f g h 
[32;1m[Board] [0m  -------------------
[32;1m[Board] [0m8 ||[30;1mr[0m| |[30;1mb[0m|[30;1mQ[0m|[30;1mK[0m|[30;1mb[0m|[7;1m [0m|[30;1mr[0m|| 8
[32;1m[Board] [0m  -------------------
[32;1m[Board] [0m7 ||[30;1mp[0m|[30;1mp[0m|[30;1mp[0m|[7;1m [0m|[30;1mp[0m|[30;1mp[0m|[30;1mp[0m|[30;1mp[0m|| 7
[32;1m[Board] [0m  -------------------
[32;1m[Board] [0m6 ||[7;1m [0m| |[7;1m [0m| |[7;1m [0m| |[7;1m [0m| || 6
[32;1m[Board] [0m  -------------------
[32;1m[Board] [0m5 || |[7;1m [0m| |[0;1mp[0m| |[30;1mk[0m| |[7;1m [0m|| 5
[32;1m[Board] [0m  -------------------
[32;1m[Board] [0m4 ||[7;1m [0m| |[7;1m [0m|[30;1mk[0m|[7;1m [0m| |[7;1m [0m| || 4
[32;1m[Board] [0m  -------------------
[32;1m[Board] [0m3 || |[7;1m [0m| |[7;1m [0m| |[7;1m [0m| |[7;1m [0m|| 3
[32;1m[Board] [0m  -------------------
[32;1m[Board] [0m2 ||[0;1mp[0m|[0;1mp[0m|[0;1mp[0m| |[7;1m [0m|[0;1mp[0m|[0;1mp[0m|[0;1mp[0m|| 2
[32;1m[Board] [0m  -------------------
[32;1m[Board] [0m1 ||[0;1mr[0m|[0;1mk[0m|[0;1mb[0m|[0;1mQ[0m|[0;1mK[0m|[0;1mb[0m|[0;1mk[0m|[0;1mr[0m|| 1
[32;1m[Board] [0m  -------------------
[32;1m[Board] [0m    a b c d e f g h
[32;1m[Board] [0m
[32;1m[Referee] [0mThis is the turn of the White player...
   â”Œâ”€â”€â”€â”¬â”€â”€â”€â”¬â”€â”€â”€â”¬â”€â”€â”€â”¬â”€â”€â”€â”¬â”€â”€â”€â”¬â”€â”€â”€â”¬â”€â”€â”€â”
 8 â”‚ â™– â”‚   â”‚ â™— â”‚ â™• â”‚ â™” â”‚ â™— â”‚   â”‚ â™– â”‚
   â”œâ”€â”€â”€â”¼â”€â”€â”€â”¼â”€â”€â”€â”¼â”€â”€â”€â”¼â”€â”€â”€â”¼â”€â”€â”€â”¼â”€â”€â”€â”¼â”€â”€â”€â”¤
 7 â”‚ â™™ â”‚ â™™ â”‚ â™™ â”‚   â”‚ â™™ â”‚ â™™ â”‚ â™™ â”‚ â™™ â”‚
   â”œâ”€â”€â”€â”¼â”€â”€â”€â”¼â”€â”€â”€â”¼â”€â”€â”€â”¼â”€â”€â”€â”¼â”€â”€â”€â”¼â”€â”€â”€â”¼â”€â”€â”€â”¤
 6 â”‚   â”‚   â”‚   â”‚   â”‚   â”‚   â”‚   â”‚   â”‚
   â”œâ”€â”€â”€â”¼â”€â”€â”€â”¼â”€â”€â”€â”¼â”€â”€â”€â”¼â”€â”€â”€â”¼â”€â”€â”€â”¼â”€â”€â”€â”¼â”€â”€â”€â”¤
 5 â”‚   â”‚   â”‚   â”‚ â™Ÿ â”‚   â”‚ â™˜ â”‚   â”‚   â”‚
   â”œâ”€â”€â”€â”¼â”€â”€â”€â”¼â”€â”€â”€â”¼â”€â”€â”€â”¼â”€â”€â”€â”¼â”€â”€â”€â”¼â”€â”€â”€â”¼â”€â”€â”€â”¤
 4 â”‚   â”‚   â”‚   â”‚ â™˜ â”‚   â”‚   â”‚   â”‚   â”‚
   â”œâ”€â”€â”€â”¼â”€â”€â”€â”¼â”€â”€â”€â”¼â”€â”€â”€â”¼â”€â”€â”€â”¼â”€â”€â”€â”¼â”€â”€â”€â”¼â”€â”€â”€â”¤
 3 â”‚   â”‚   â”‚   â”‚   â”‚   â”‚   â”‚   â”‚   â”‚
   â”œâ”€â”€â”€â”¼â”€â”€â”€â”¼â”€â”€â”€â”¼â”€â”€â”€â”¼â”€â”€â”€â”¼â”€â”€â”€â”¼â”€â”€â”€â”¼â”€â”€â”€â”¤
 2 â”‚ â™Ÿ â”‚ â™Ÿ â”‚ â™Ÿ â”‚   â”‚   â”‚ â™Ÿ â”‚ â™Ÿ â”‚ â™Ÿ â”‚
   â”œâ”€â”€â”€â”¼â”€â”€â”€â”¼â”€â”€â”€â”¼â”€â”€â”€â”¼â”€â”€â”€â”¼â”€â”€â”€â”¼â”€â”€â”€â”¼â”€â”€â”€â”¤
 1 â”‚ â™œ â”‚ â™ â”‚ â™ â”‚ â™› â”‚ â™š â”‚ â™ â”‚ â™ â”‚ â™œ â”‚
   â””â”€â”€â”€â”´â”€â”€â”€â”´â”€â”€â”€â”´â”€â”€â”€â”´â”€â”€â”€â”´â”€â”€â”€â”´â”€â”€â”€â”´â”€â”€â”€â”˜
     a   b   c   d   e   f   g   h
Opening Book execution time: 0.0260325 seconds.
No Book Moves Found
Depth: 1 Best move found: d1d4 Evaluation: -322 Nodes searched: 152 (Alpha Beta 4, Quiescence 148)
Aspiration Window Exceeded, Expanding...
Depth: 2 Best move found: f1b5 Evaluation: 33 Nodes searched: 157 (Alpha Beta 42, Quiescence 115)
Depth: 3 Best move found: c2c3 Evaluation: -472 Nodes searched: 1943 (Alpha Beta 262, Quiescence 1681)
Depth: 4 Best move found: f1b5 Evaluation: 110 Nodes searched: 3220 (Alpha Beta 404, Quiescence 2816)
Time Elapsed: 9913ms
[32;1m[Game] [0mPlayer's error code: 0
[32;1m[Game] [0mChecking move validity...
[32;1m[Board] [0mInitializing board...
[32;1m[Board] [0mLoading history file `championship/kean-chess-engine-ashwathama/history.csv`...
[32;1m[Board] [0mLoaded 14 move(s).
[32;1m[Board] [0mLoading move file `championship/kean-chess-engine-ashwathama/move.csv`...
[32;1m[Board] [0mWhite player is playing f1 to b5.
[32;1m[Board] [0m
[32;1m[Board] [0m    a b c d e f g h 
[32;1m[Board] [0m  -------------------
[32;1m[Board] [0m8 ||[30;1mr[0m| |[30;1mb[0m|[30;1mQ[0m|[30;1mK[0m|[30;1mb[0m|[7;1m [0m|[30;1mr[0m|| 8
[32;1m[Board] [0m  -------------------
[32;1m[Board] [0m7 ||[30;1mp[0m|[30;1mp[0m|[30;1mp[0m|[7;1m [0m|[30;1mp[0m|[30;1mp[0m|[30;1mp[0m|[30;1mp[0m|| 7
[32;1m[Board] [0m  -------------------
[32;1m[Board] [0m6 ||[7;1m [0m| |[7;1m [0m| |[7;1m [0m| |[7;1m [0m| || 6
[32;1m[Board] [0m  -------------------
[32;1m[Board] [0m5 || |[0;1mb[0m| |[0;1mp[0m| |[30;1mk[0m| |[7;1m [0m|| 5
[32;1m[Board] [0m  -------------------
[32;1m[Board] [0m4 ||[7;1m [0m| |[7;1m [0m|[30;1mk[0m|[7;1m [0m| |[7;1m [0m| || 4
[32;1m[Board] [0m  -------------------
[32;1m[Board] [0m3 || |[7;1m [0m| |[7;1m [0m| |[7;1m [0m| |[7;1m [0m|| 3
[32;1m[Board] [0m  -------------------
[32;1m[Board] [0m2 ||[0;1mp[0m|[0;1mp[0m|[0;1mp[0m| |[7;1m [0m|[0;1mp[0m|[0;1mp[0m|[0;1mp[0m|| 2
[32;1m[Board] [0m  -------------------
[32;1m[Board] [0m1 ||[0;1mr[0m|[0;1mk[0m|[0;1mb[0m|[0;1mQ[0m|[0;1mK[0m|[7;1m [0m|[0;1mk[0m|[0;1mr[0m|| 1
[32;1m[Board] [0m  -------------------
[32;1m[Board] [0m    a b c d e f g h
[32;1m[Board] [0m
[32;1m[Referee] [0mThis is the turn of the Black player...
[32;1m[Board] [0m[33;1m[WARNING][0m [5;1mBlack King in check![0m
[32;1m[Board] [0m[33;1m[WARNING][0m    Threatened by White Bishop (b5)
Chess Board after applying moves from: championship/kean-chess-engine-ashwathama/history.csv
Successfully read 15 moves from the file.
     a   b   c   d   e   f   g   h  
   +---+---+---+---+---+---+---+---+
 8 | r | . | b | q | k | b | . | r | 8
   +---+---+---+---+---+---+---+---+
 7 | p | p | p | . | p | p | p | p | 7
   +---+---+---+---+---+---+---+---+
 6 | . | . | . | . | . | . | . | . | 6
   +---+---+---+---+---+---+---+---+
 5 | . | B | . | P | . | n | . | . | 5
   +---+---+---+---+---+---+---+---+
 4 | . | . | . | n | . | . | . | . | 4
   +---+---+---+---+---+---+---+---+
 3 | . | . | . | . | . | . | . | . | 3
   +---+---+---+---+---+---+---+---+
 2 | P | P | P | . | . | P | P | P | 2
   +---+---+---+---+---+---+---+---+
 1 | R | N | B | Q | K | . | N | R | 1
   +---+---+---+---+---+---+---+---+
     a   b   c   d   e   f   g   h  
Running alpha-beta search...
Best move: d4b5
Testing Random Move Generator:
Random move: c7c6
File reset and move written: d4b5
Next move written to: championship/kean-chess-engine-ashwathama/move.csv
[32;1m[Game] [0mPlayer's error code: 0
[32;1m[Game] [0mChecking move validity...
[32;1m[Board] [0mInitializing board...
[32;1m[Board] [0mLoading history file `championship/kean-chess-engine-ashwathama/history.csv`...
[32;1m[Board] [0mLoaded 15 move(s).
[32;1m[Board] [0mLoading move file `championship/kean-chess-engine-ashwathama/move.csv`...
[32;1m[Board] [0mBlack player is playing d4 to b5.
[32;1m[Board] [0m[5;1mBlack Knight is taking White Bishop.[0m
[32;1m[Board] [0m
[32;1m[Board] [0m    a b c d e f g h 
[32;1m[Board] [0m  -------------------
[32;1m[Board] [0m8 ||[30;1mr[0m| |[30;1mb[0m|[30;1mQ[0m|[30;1mK[0m|[30;1mb[0m|[7;1m [0m|[30;1mr[0m|| 8
[32;1m[Board] [0m  -------------------
[32;1m[Board] [0m7 ||[30;1mp[0m|[30;1mp[0m|[30;1mp[0m|[7;1m [0m|[30;1mp[0m|[30;1mp[0m|[30;1mp[0m|[30;1mp[0m|| 7
[32;1m[Board] [0m  -------------------
[32;1m[Board] [0m6 ||[7;1m [0m| |[7;1m [0m| |[7;1m [0m| |[7;1m [0m| || 6
[32;1m[Board] [0m  -------------------
[32;1m[Board] [0m5 || |[30;1mk[0m| |[0;1mp[0m| |[30;1mk[0m| |[7;1m [0m|| 5
[32;1m[Board] [0m  -------------------
[32;1m[Board] [0m4 ||[7;1m [0m| |[7;1m [0m| |[7;1m [0m| |[7;1m [0m| || 4
[32;1m[Board] [0m  -------------------
[32;1m[Board] [0m3 || |[7;1m [0m| |[7;1m [0m| |[7;1m [0m| |[7;1m [0m|| 3
[32;1m[Board] [0m  -------------------
[32;1m[Board] [0m2 ||[0;1mp[0m|[0;1mp[0m|[0;1mp[0m| |[7;1m [0m|[0;1mp[0m|[0;1mp[0m|[0;1mp[0m|| 2
[32;1m[Board] [0m  -------------------
[32;1m[Board] [0m1 ||[0;1mr[0m|[0;1mk[0m|[0;1mb[0m|[0;1mQ[0m|[0;1mK[0m|[7;1m [0m|[0;1mk[0m|[0;1mr[0m|| 1
[32;1m[Board] [0m  -------------------
[32;1m[Board] [0m    a b c d e f g h
[32;1m[Board] [0m
[32;1m[Referee] [0mThis is the turn of the White player...
   â”Œâ”€â”€â”€â”¬â”€â”€â”€â”¬â”€â”€â”€â”¬â”€â”€â”€â”¬â”€â”€â”€â”¬â”€â”€â”€â”¬â”€â”€â”€â”¬â”€â”€â”€â”
 8 â”‚ â™– â”‚   â”‚ â™— â”‚ â™• â”‚ â™” â”‚ â™— â”‚   â”‚ â™– â”‚
   â”œâ”€â”€â”€â”¼â”€â”€â”€â”¼â”€â”€â”€â”¼â”€â”€â”€â”¼â”€â”€â”€â”¼â”€â”€â”€â”¼â”€â”€â”€â”¼â”€â”€â”€â”¤
 7 â”‚ â™™ â”‚ â™™ â”‚ â™™ â”‚   â”‚ â™™ â”‚ â™™ â”‚ â™™ â”‚ â™™ â”‚
   â”œâ”€â”€â”€â”¼â”€â”€â”€â”¼â”€â”€â”€â”¼â”€â”€â”€â”¼â”€â”€â”€â”¼â”€â”€â”€â”¼â”€â”€â”€â”¼â”€â”€â”€â”¤
 6 â”‚   â”‚   â”‚   â”‚   â”‚   â”‚   â”‚   â”‚   â”‚
   â”œâ”€â”€â”€â”¼â”€â”€â”€â”¼â”€â”€â”€â”¼â”€â”€â”€â”¼â”€â”€â”€â”¼â”€â”€â”€â”¼â”€â”€â”€â”¼â”€â”€â”€â”¤
 5 â”‚   â”‚ â™˜ â”‚   â”‚ â™Ÿ â”‚   â”‚ â™˜ â”‚   â”‚   â”‚
   â”œâ”€â”€â”€â”¼â”€â”€â”€â”¼â”€â”€â”€â”¼â”€â”€â”€â”¼â”€â”€â”€â”¼â”€â”€â”€â”¼â”€â”€â”€â”¼â”€â”€â”€â”¤
 4 â”‚   â”‚   â”‚   â”‚   â”‚   â”‚   â”‚   â”‚   â”‚
   â”œâ”€â”€â”€â”¼â”€â”€â”€â”¼â”€â”€â”€â”¼â”€â”€â”€â”¼â”€â”€â”€â”¼â”€â”€â”€â”¼â”€â”€â”€â”¼â”€â”€â”€â”¤
 3 â”‚   â”‚   â”‚   â”‚   â”‚   â”‚   â”‚   â”‚   â”‚
   â”œâ”€â”€â”€â”¼â”€â”€â”€â”¼â”€â”€â”€â”¼â”€â”€â”€â”¼â”€â”€â”€â”¼â”€â”€â”€â”¼â”€â”€â”€â”¼â”€â”€â”€â”¤
 2 â”‚ â™Ÿ â”‚ â™Ÿ â”‚ â™Ÿ â”‚   â”‚   â”‚ â™Ÿ â”‚ â™Ÿ â”‚ â™Ÿ â”‚
   â”œâ”€â”€â”€â”¼â”€â”€â”€â”¼â”€â”€â”€â”¼â”€â”€â”€â”¼â”€â”€â”€â”¼â”€â”€â”€â”¼â”€â”€â”€â”¼â”€â”€â”€â”¤
 1 â”‚ â™œ â”‚ â™ â”‚ â™ â”‚ â™› â”‚ â™š â”‚   â”‚ â™ â”‚ â™œ â”‚
   â””â”€â”€â”€â”´â”€â”€â”€â”´â”€â”€â”€â”´â”€â”€â”€â”´â”€â”€â”€â”´â”€â”€â”€â”´â”€â”€â”€â”´â”€â”€â”€â”˜
     a   b   c   d   e   f   g   h
Opening Book execution time: 0.0348671 seconds.
No Book Moves Found
Depth: 1 Best move found: d5d6 Evaluation: -1008 Nodes searched: 181 (Alpha Beta 5, Quiescence 176)
Aspiration Window Exceeded, Expanding...
Depth: 2 Best move found: d1d3 Evaluation: 383 Nodes searched: 185 (Alpha Beta 37, Quiescence 148)
Depth: 3 Best move found: d5d6 Evaluation: -1032 Nodes searched: 1796 (Alpha Beta 192, Quiescence 1604)
Depth: 4 Best move found: d5d6 Evaluation: -344 Nodes searched: 4897 (Alpha Beta 658, Quiescence 4239)
[32;1m[Game] [0mPlayer's error code: 31744
[32;1m[Game] [0m[31;1m[ERROR][0m The program `/home/julien/Pro/git/teaching/x/2024/kean-chess-engine/build/KEAN_chess_engine' has timed out :(
[32;1m[Game] [0mWhite player has lost on illegal move.
