[32;1m[Board] [0mInitializing board...
[32;1m[Board] [0m
[32;1m[Board] [0m    a b c d e f g h 
[32;1m[Board] [0m  -------------------
[32;1m[Board] [0m8 ||[30;1mr[0m|[30;1mk[0m|[30;1mb[0m|[30;1mQ[0m|[30;1mK[0m|[30;1mb[0m|[30;1mk[0m|[30;1mr[0m|| 8
[32;1m[Board] [0m  -------------------
[32;1m[Board] [0m7 ||[30;1mp[0m|[30;1mp[0m|[30;1mp[0m|[30;1mp[0m|[30;1mp[0m|[30;1mp[0m|[30;1mp[0m|[30;1mp[0m|| 7
[32;1m[Board] [0m  -------------------
[32;1m[Board] [0m6 ||[7;1m [0m| |[7;1m [0m| |[7;1m [0m| |[7;1m [0m| || 6
[32;1m[Board] [0m  -------------------
[32;1m[Board] [0m5 || |[7;1m [0m| |[7;1m [0m| |[7;1m [0m| |[7;1m [0m|| 5
[32;1m[Board] [0m  -------------------
[32;1m[Board] [0m4 ||[7;1m [0m| |[7;1m [0m| |[7;1m [0m| |[7;1m [0m| || 4
[32;1m[Board] [0m  -------------------
[32;1m[Board] [0m3 || |[7;1m [0m| |[7;1m [0m| |[7;1m [0m| |[7;1m [0m|| 3
[32;1m[Board] [0m  -------------------
[32;1m[Board] [0m2 ||[0;1mp[0m|[0;1mp[0m|[0;1mp[0m|[0;1mp[0m|[0;1mp[0m|[0;1mp[0m|[0;1mp[0m|[0;1mp[0m|| 2
[32;1m[Board] [0m  -------------------
[32;1m[Board] [0m1 ||[0;1mr[0m|[0;1mk[0m|[0;1mb[0m|[0;1mQ[0m|[0;1mK[0m|[0;1mb[0m|[0;1mk[0m|[0;1mr[0m|| 1
[32;1m[Board] [0m  -------------------
[32;1m[Board] [0m    a b c d e f g h
[32;1m[Board] [0m
[32;1m[Referee] [0mThis is the turn of the White player...

Running move/undo move tests...

Testing: Movement and capture for each piece
âœ“ Movement and capture for each piece passed
_____________________________________

Testing: En passant
âœ“ En passant passed
_____________________________________

Testing: Castling
âœ“ Castling passed
_____________________________________

Testing: Pawn promotion
âœ“ Pawn promotion passed
_____________________________________

Testing: Board state history
âœ“ Board state history passed
_____________________________________

Testing: Check and checkmate
âœ“ Check and checkmate passed
_____________________________________


Running speed test for position:

  a b c d e f g h
7 â™– â™˜ â™— â™• â™” â™— â™˜ â™– 
6 â™™ â™™ â™™ â™™ â™™ â™™ â™™ â™™ 
5 Â· Â· Â· Â· Â· Â· Â· Â· 
4 Â· Â· Â· Â· Â· Â· Â· Â· 
3 Â· Â· Â· Â· Â· Â· Â· Â· 
2 Â· Â· Â· Â· Â· Â· Â· Â· 
1 â™Ÿ â™Ÿ â™Ÿ â™Ÿ â™Ÿ â™Ÿ â™Ÿ â™Ÿ 
0 â™œ â™ â™ â™› â™š â™ â™ â™œ 


Depth 1: 20 nodes in 0ms (inf NPS)
Depth 2: 400 nodes in 2ms (200000 NPS)
Depth 3: 8902 nodes in 59ms (150881 NPS)
Depth 4: 197281 nodes in 1370ms (144001 NPS)
Depth 5: 4865609 nodes in 35655ms (136464 NPS)

------------> Average NPS: 136762

________________________________________________

Running speed test for position:

  a b c d e f g h
7 â™– Â· Â· Â· â™” Â· Â· â™– 
6 â™™ Â· â™™ â™™ â™• â™™ â™— Â· 
5 â™— â™˜ Â· Â· â™™ â™˜ â™™ Â· 
4 Â· Â· Â· â™Ÿ â™ Â· Â· Â· 
3 Â· â™™ Â· Â· â™Ÿ Â· Â· Â· 
2 Â· Â· â™ Â· Â· â™› Â· â™™ 
1 â™Ÿ â™Ÿ â™Ÿ â™ â™ â™Ÿ â™Ÿ â™Ÿ 
0 â™œ Â· Â· Â· â™š Â· Â· â™œ 


[32;1m[Game] [0mPlayer's error code: 31744
[32;1m[Game] [0m[31;1m[ERROR][0m The program `/home/julien/Pro/git/teaching/x/2024/blueherring/BlueHerring' has timed out :(
[32;1m[Game] [0mWhite player has lost on illegal move.
