[32;1m[Board] [0mInitializing board...
[32;1m[Board] [0m
[32;1m[Board] [0m    a b c d e f g h 
[32;1m[Board] [0m  -------------------
[32;1m[Board] [0m8 ||[30;1mr[0m|[30;1mk[0m|[30;1mb[0m|[30;1mQ[0m|[30;1mK[0m|[30;1mb[0m|[30;1mk[0m|[30;1mr[0m|| 8
[32;1m[Board] [0m  -------------------
[32;1m[Board] [0m7 ||[30;1mp[0m|[30;1mp[0m|[30;1mp[0m|[30;1mp[0m|[30;1mp[0m|[30;1mp[0m|[30;1mp[0m|[30;1mp[0m|| 7
[32;1m[Board] [0m  -------------------
[32;1m[Board] [0m6 ||[7;1m [0m| |[7;1m [0m| |[7;1m [0m| |[7;1m [0m| || 6
[32;1m[Board] [0m  -------------------
[32;1m[Board] [0m5 || |[7;1m [0m| |[7;1m [0m| |[7;1m [0m| |[7;1m [0m|| 5
[32;1m[Board] [0m  -------------------
[32;1m[Board] [0m4 ||[7;1m [0m| |[7;1m [0m| |[7;1m [0m| |[7;1m [0m| || 4
[32;1m[Board] [0m  -------------------
[32;1m[Board] [0m3 || |[7;1m [0m| |[7;1m [0m| |[7;1m [0m| |[7;1m [0m|| 3
[32;1m[Board] [0m  -------------------
[32;1m[Board] [0m2 ||[0;1mp[0m|[0;1mp[0m|[0;1mp[0m|[0;1mp[0m|[0;1mp[0m|[0;1mp[0m|[0;1mp[0m|[0;1mp[0m|| 2
[32;1m[Board] [0m  -------------------
[32;1m[Board] [0m1 ||[0;1mr[0m|[0;1mk[0m|[0;1mb[0m|[0;1mQ[0m|[0;1mK[0m|[0;1mb[0m|[0;1mk[0m|[0;1mr[0m|| 1
[32;1m[Board] [0m  -------------------
[32;1m[Board] [0m    a b c d e f g h
[32;1m[Board] [0m
[32;1m[Referee] [0mThis is the turn of the White player...
Error: /home/julien/Pro/git/teaching/x/2024/remmato-iii/build/bin/../resources/openings does not exist or is not a directory
[32;1m[Game] [0mPlayer's error code: 0
[32;1m[Game] [0mChecking move validity...
[32;1m[Board] [0mInitializing board...
[32;1m[Board] [0mLoading history file `championship/remmato-iii-chess-ai/history.csv`...
[32;1m[Board] [0mLoaded 0 move(s).
[32;1m[Board] [0mLoading move file `championship/remmato-iii-chess-ai/move.csv`...
[32;1m[Board] [0mWhite player is playing d2 to d4.
[32;1m[Board] [0m
[32;1m[Board] [0m    a b c d e f g h 
[32;1m[Board] [0m  -------------------
[32;1m[Board] [0m8 ||[30;1mr[0m|[30;1mk[0m|[30;1mb[0m|[30;1mQ[0m|[30;1mK[0m|[30;1mb[0m|[30;1mk[0m|[30;1mr[0m|| 8
[32;1m[Board] [0m  -------------------
[32;1m[Board] [0m7 ||[30;1mp[0m|[30;1mp[0m|[30;1mp[0m|[30;1mp[0m|[30;1mp[0m|[30;1mp[0m|[30;1mp[0m|[30;1mp[0m|| 7
[32;1m[Board] [0m  -------------------
[32;1m[Board] [0m6 ||[7;1m [0m| |[7;1m [0m| |[7;1m [0m| |[7;1m [0m| || 6
[32;1m[Board] [0m  -------------------
[32;1m[Board] [0m5 || |[7;1m [0m| |[7;1m [0m| |[7;1m [0m| |[7;1m [0m|| 5
[32;1m[Board] [0m  -------------------
[32;1m[Board] [0m4 ||[7;1m [0m| |[7;1m [0m|[0;1mp[0m|[7;1m [0m| |[7;1m [0m| || 4
[32;1m[Board] [0m  -------------------
[32;1m[Board] [0m3 || |[7;1m [0m| |[7;1m [0m| |[7;1m [0m| |[7;1m [0m|| 3
[32;1m[Board] [0m  -------------------
[32;1m[Board] [0m2 ||[0;1mp[0m|[0;1mp[0m|[0;1mp[0m| |[0;1mp[0m|[0;1mp[0m|[0;1mp[0m|[0;1mp[0m|| 2
[32;1m[Board] [0m  -------------------
[32;1m[Board] [0m1 ||[0;1mr[0m|[0;1mk[0m|[0;1mb[0m|[0;1mQ[0m|[0;1mK[0m|[0;1mb[0m|[0;1mk[0m|[0;1mr[0m|| 1
[32;1m[Board] [0m  -------------------
[32;1m[Board] [0m    a b c d e f g h
[32;1m[Board] [0m
[32;1m[Referee] [0mThis is the turn of the Black player...
Enemy Positions: 
Key: [1, 1] -> Value: true
Key: [1, 2] -> Value: true
Key: [2, 1] -> Value: true
Key: [2, 2] -> Value: true
Key: [3, 1] -> Value: true
Key: [3, 2] -> Value: true
Key: [4, 1] -> Value: true
Key: [4, 4] -> Value: true
Key: [5, 1] -> Value: true
Key: [5, 2] -> Value: true
Key: [6, 1] -> Value: true
Key: [6, 2] -> Value: true
Key: [7, 1] -> Value: true
Key: [7, 2] -> Value: true
Key: [8, 1] -> Value: true
Key: [8, 2] -> Value: true
-----------------------
My Positions: 
Key: [1, 7] -> Value: true
Key: [1, 8] -> Value: true
Key: [2, 7] -> Value: true
Key: [2, 8] -> Value: true
Key: [3, 7] -> Value: true
Key: [3, 8] -> Value: true
Key: [4, 4] -> Value: false
Key: [4, 7] -> Value: true
Key: [4, 8] -> Value: true
Key: [5, 7] -> Value: true
Key: [5, 8] -> Value: true
Key: [6, 7] -> Value: true
Key: [6, 8] -> Value: true
Key: [7, 7] -> Value: true
Key: [7, 8] -> Value: true
Key: [8, 7] -> Value: true
Key: [8, 8] -> Value: true
-----------------------
    a    b    c    d    e    f    g    h
  +----+----+----+----+----+----+----+----+
8 | mR | mN | mB | mQ | mK | mB | mN | mR | 8
  +----+----+----+----+----+----+----+----+
7 | mP | mP | mP | mP | mP | mP | mP | mP | 7
  +----+----+----+----+----+----+----+----+
6 |    |    |    |    |    |    |    |    | 6
  +----+----+----+----+----+----+----+----+
5 |    |    |    |    |    |    |    |    | 5
  +----+----+----+----+----+----+----+----+
4 |    |    |    | oP |    |    |    |    | 4
  +----+----+----+----+----+----+----+----+
3 |    |    |    |    |    |    |    |    | 3
  +----+----+----+----+----+----+----+----+
2 | oP | oP | oP |    | oP | oP | oP | oP | 2
  +----+----+----+----+----+----+----+----+
1 | oR | oN | oB | oQ | oK | oB | oN | oR | 1
  +----+----+----+----+----+----+----+----+
    a    b    c    d    e    f    g   h

all legal moves our algo finds: 
a7a6, 
a7a5, 
b7b6, 
b7b5, 
c7c6, 
c7c5, 
d7d6, 
d7d5, 
e7e6, 
e7e5, 
f7f6, 
f7f5, 
g7g6, 
g7g5, 
h7h6, 
h7h5, 
b8c6, 
b8a6, 
g8h6, 
g8f6, 

random move chosen: c7c6
Move written to championship/remmato-iii-chess-ai/move.csv successfully!
value of board: -20
mobility: -77
attack counter: 0
king shield: 0
mob_near_king: 0
king safety: 0
pawn structure: -60
[32;1m[Game] [0mPlayer's error code: 0
[32;1m[Game] [0mChecking move validity...
[32;1m[Board] [0mInitializing board...
[32;1m[Board] [0mLoading history file `championship/remmato-iii-chess-ai/history.csv`...
[32;1m[Board] [0mLoaded 1 move(s).
[32;1m[Board] [0mLoading move file `championship/remmato-iii-chess-ai/move.csv`...
[32;1m[Board] [0mBlack player is playing c7 to c6.
[32;1m[Board] [0m
[32;1m[Board] [0m    a b c d e f g h 
[32;1m[Board] [0m  -------------------
[32;1m[Board] [0m8 ||[30;1mr[0m|[30;1mk[0m|[30;1mb[0m|[30;1mQ[0m|[30;1mK[0m|[30;1mb[0m|[30;1mk[0m|[30;1mr[0m|| 8
[32;1m[Board] [0m  -------------------
[32;1m[Board] [0m7 ||[30;1mp[0m|[30;1mp[0m| |[30;1mp[0m|[30;1mp[0m|[30;1mp[0m|[30;1mp[0m|[30;1mp[0m|| 7
[32;1m[Board] [0m  -------------------
[32;1m[Board] [0m6 ||[7;1m [0m| |[30;1mp[0m| |[7;1m [0m| |[7;1m [0m| || 6
[32;1m[Board] [0m  -------------------
[32;1m[Board] [0m5 || |[7;1m [0m| |[7;1m [0m| |[7;1m [0m| |[7;1m [0m|| 5
[32;1m[Board] [0m  -------------------
[32;1m[Board] [0m4 ||[7;1m [0m| |[7;1m [0m|[0;1mp[0m|[7;1m [0m| |[7;1m [0m| || 4
[32;1m[Board] [0m  -------------------
[32;1m[Board] [0m3 || |[7;1m [0m| |[7;1m [0m| |[7;1m [0m| |[7;1m [0m|| 3
[32;1m[Board] [0m  -------------------
[32;1m[Board] [0m2 ||[0;1mp[0m|[0;1mp[0m|[0;1mp[0m| |[0;1mp[0m|[0;1mp[0m|[0;1mp[0m|[0;1mp[0m|| 2
[32;1m[Board] [0m  -------------------
[32;1m[Board] [0m1 ||[0;1mr[0m|[0;1mk[0m|[0;1mb[0m|[0;1mQ[0m|[0;1mK[0m|[0;1mb[0m|[0;1mk[0m|[0;1mr[0m|| 1
[32;1m[Board] [0m  -------------------
[32;1m[Board] [0m    a b c d e f g h
[32;1m[Board] [0m
[32;1m[Referee] [0mThis is the turn of the White player...
Error: /home/julien/Pro/git/teaching/x/2024/remmato-iii/build/bin/../resources/openings does not exist or is not a directory
[32;1m[Game] [0mPlayer's error code: 0
[32;1m[Game] [0mChecking move validity...
[32;1m[Board] [0mInitializing board...
[32;1m[Board] [0mLoading history file `championship/remmato-iii-chess-ai/history.csv`...
[32;1m[Board] [0mLoaded 2 move(s).
[32;1m[Board] [0mLoading move file `championship/remmato-iii-chess-ai/move.csv`...
[32;1m[Board] [0mWhite player is playing d4 to d5.
[32;1m[Board] [0m
[32;1m[Board] [0m    a b c d e f g h 
[32;1m[Board] [0m  -------------------
[32;1m[Board] [0m8 ||[30;1mr[0m|[30;1mk[0m|[30;1mb[0m|[30;1mQ[0m|[30;1mK[0m|[30;1mb[0m|[30;1mk[0m|[30;1mr[0m|| 8
[32;1m[Board] [0m  -------------------
[32;1m[Board] [0m7 ||[30;1mp[0m|[30;1mp[0m| |[30;1mp[0m|[30;1mp[0m|[30;1mp[0m|[30;1mp[0m|[30;1mp[0m|| 7
[32;1m[Board] [0m  -------------------
[32;1m[Board] [0m6 ||[7;1m [0m| |[30;1mp[0m| |[7;1m [0m| |[7;1m [0m| || 6
[32;1m[Board] [0m  -------------------
[32;1m[Board] [0m5 || |[7;1m [0m| |[0;1mp[0m| |[7;1m [0m| |[7;1m [0m|| 5
[32;1m[Board] [0m  -------------------
[32;1m[Board] [0m4 ||[7;1m [0m| |[7;1m [0m| |[7;1m [0m| |[7;1m [0m| || 4
[32;1m[Board] [0m  -------------------
[32;1m[Board] [0m3 || |[7;1m [0m| |[7;1m [0m| |[7;1m [0m| |[7;1m [0m|| 3
[32;1m[Board] [0m  -------------------
[32;1m[Board] [0m2 ||[0;1mp[0m|[0;1mp[0m|[0;1mp[0m| |[0;1mp[0m|[0;1mp[0m|[0;1mp[0m|[0;1mp[0m|| 2
[32;1m[Board] [0m  -------------------
[32;1m[Board] [0m1 ||[0;1mr[0m|[0;1mk[0m|[0;1mb[0m|[0;1mQ[0m|[0;1mK[0m|[0;1mb[0m|[0;1mk[0m|[0;1mr[0m|| 1
[32;1m[Board] [0m  -------------------
[32;1m[Board] [0m    a b c d e f g h
[32;1m[Board] [0m
[32;1m[Referee] [0mThis is the turn of the Black player...
Enemy Positions: 
Key: [1, 1] -> Value: true
Key: [1, 2] -> Value: true
Key: [2, 1] -> Value: true
Key: [2, 2] -> Value: true
Key: [3, 1] -> Value: true
Key: [3, 2] -> Value: true
Key: [3, 6] -> Value: true
Key: [4, 1] -> Value: true
Key: [4, 5] -> Value: true
Key: [5, 1] -> Value: true
Key: [5, 2] -> Value: true
Key: [6, 1] -> Value: true
Key: [6, 2] -> Value: true
Key: [7, 1] -> Value: true
Key: [7, 2] -> Value: true
Key: [8, 1] -> Value: true
Key: [8, 2] -> Value: true
-----------------------
My Positions: 
Key: [1, 7] -> Value: true
Key: [1, 8] -> Value: true
Key: [2, 7] -> Value: true
Key: [2, 8] -> Value: true
Key: [3, 6] -> Value: false
Key: [3, 8] -> Value: true
Key: [4, 4] -> Value: false
Key: [4, 5] -> Value: false
Key: [4, 7] -> Value: true
Key: [4, 8] -> Value: true
Key: [5, 7] -> Value: true
Key: [5, 8] -> Value: true
Key: [6, 7] -> Value: true
Key: [6, 8] -> Value: true
Key: [7, 7] -> Value: true
Key: [7, 8] -> Value: true
Key: [8, 7] -> Value: true
Key: [8, 8] -> Value: true
-----------------------
    a    b    c    d    e    f    g    h
  +----+----+----+----+----+----+----+----+
8 | mR | mN | mB | mQ | mK | mB | mN | mR | 8
  +----+----+----+----+----+----+----+----+
7 | mP | mP |    | mP | mP | mP | mP | mP | 7
  +----+----+----+----+----+----+----+----+
6 |    |    |    |    |    |    |    |    | 6
  +----+----+----+----+----+----+----+----+
5 |    |    |    |    |    |    |    |    | 5
  +----+----+----+----+----+----+----+----+
4 |    |    |    |    |    |    |    |    | 4
  +----+----+----+----+----+----+----+----+
3 |    |    |    |    |    |    |    |    | 3
  +----+----+----+----+----+----+----+----+
2 | oP | oP | oP |    | oP | oP | oP | oP | 2
  +----+----+----+----+----+----+----+----+
1 | oR | oN | oB | oQ | oK | oB | oN | oR | 1
  +----+----+----+----+----+----+----+----+
    a    b    c    d    e    f    g   h

all legal moves our algo finds: 
a7a6, 
a7a5, 
b7b6, 
b7b5, 
d7d6, 
d7d5, 
e7e6, 
e7e5, 
f7f6, 
f7f5, 
g7g6, 
g7g5, 
h7h6, 
h7h5, 
b8c6, 
b8a6, 
g8h6, 
g8f6, 
d8c7, 
d8b6, 
d8a5, 

random move chosen: d7d6
Move written to championship/remmato-iii-chess-ai/move.csv successfully!
value of board: -10
mobility: -97
attack counter: -50
king shield: 0
mob_near_king: 0
king safety: -50
pawn structure: -660
[32;1m[Game] [0mPlayer's error code: 0
[32;1m[Game] [0mChecking move validity...
[32;1m[Board] [0mInitializing board...
[32;1m[Board] [0mLoading history file `championship/remmato-iii-chess-ai/history.csv`...
[32;1m[Board] [0mLoaded 3 move(s).
[32;1m[Board] [0mLoading move file `championship/remmato-iii-chess-ai/move.csv`...
[32;1m[Board] [0mBlack player is playing d7 to d6.
[32;1m[Board] [0m
[32;1m[Board] [0m    a b c d e f g h 
[32;1m[Board] [0m  -------------------
[32;1m[Board] [0m8 ||[30;1mr[0m|[30;1mk[0m|[30;1mb[0m|[30;1mQ[0m|[30;1mK[0m|[30;1mb[0m|[30;1mk[0m|[30;1mr[0m|| 8
[32;1m[Board] [0m  -------------------
[32;1m[Board] [0m7 ||[30;1mp[0m|[30;1mp[0m| |[7;1m [0m|[30;1mp[0m|[30;1mp[0m|[30;1mp[0m|[30;1mp[0m|| 7
[32;1m[Board] [0m  -------------------
[32;1m[Board] [0m6 ||[7;1m [0m| |[30;1mp[0m|[30;1mp[0m|[7;1m [0m| |[7;1m [0m| || 6
[32;1m[Board] [0m  -------------------
[32;1m[Board] [0m5 || |[7;1m [0m| |[0;1mp[0m| |[7;1m [0m| |[7;1m [0m|| 5
[32;1m[Board] [0m  -------------------
[32;1m[Board] [0m4 ||[7;1m [0m| |[7;1m [0m| |[7;1m [0m| |[7;1m [0m| || 4
[32;1m[Board] [0m  -------------------
[32;1m[Board] [0m3 || |[7;1m [0m| |[7;1m [0m| |[7;1m [0m| |[7;1m [0m|| 3
[32;1m[Board] [0m  -------------------
[32;1m[Board] [0m2 ||[0;1mp[0m|[0;1mp[0m|[0;1mp[0m| |[0;1mp[0m|[0;1mp[0m|[0;1mp[0m|[0;1mp[0m|| 2
[32;1m[Board] [0m  -------------------
[32;1m[Board] [0m1 ||[0;1mr[0m|[0;1mk[0m|[0;1mb[0m|[0;1mQ[0m|[0;1mK[0m|[0;1mb[0m|[0;1mk[0m|[0;1mr[0m|| 1
[32;1m[Board] [0m  -------------------
[32;1m[Board] [0m    a b c d e f g h
[32;1m[Board] [0m
[32;1m[Referee] [0mThis is the turn of the White player...
Error: /home/julien/Pro/git/teaching/x/2024/remmato-iii/build/bin/../resources/openings does not exist or is not a directory
[32;1m[Game] [0mPlayer's error code: 0
[32;1m[Game] [0mChecking move validity...
[32;1m[Board] [0mInitializing board...
[32;1m[Board] [0mLoading history file `championship/remmato-iii-chess-ai/history.csv`...
[32;1m[Board] [0mLoaded 4 move(s).
[32;1m[Board] [0mLoading move file `championship/remmato-iii-chess-ai/move.csv`...
[32;1m[Board] [0mWhite player is playing d5 to c6.
[32;1m[Board] [0m[5;1mWhite Pawn is taking Black Pawn.[0m
[32;1m[Board] [0m
[32;1m[Board] [0m    a b c d e f g h 
[32;1m[Board] [0m  -------------------
[32;1m[Board] [0m8 ||[30;1mr[0m|[30;1mk[0m|[30;1mb[0m|[30;1mQ[0m|[30;1mK[0m|[30;1mb[0m|[30;1mk[0m|[30;1mr[0m|| 8
[32;1m[Board] [0m  -------------------
[32;1m[Board] [0m7 ||[30;1mp[0m|[30;1mp[0m| |[7;1m [0m|[30;1mp[0m|[30;1mp[0m|[30;1mp[0m|[30;1mp[0m|| 7
[32;1m[Board] [0m  -------------------
[32;1m[Board] [0m6 ||[7;1m [0m| |[0;1mp[0m|[30;1mp[0m|[7;1m [0m| |[7;1m [0m| || 6
[32;1m[Board] [0m  -------------------
[32;1m[Board] [0m5 || |[7;1m [0m| |[7;1m [0m| |[7;1m [0m| |[7;1m [0m|| 5
[32;1m[Board] [0m  -------------------
[32;1m[Board] [0m4 ||[7;1m [0m| |[7;1m [0m| |[7;1m [0m| |[7;1m [0m| || 4
[32;1m[Board] [0m  -------------------
[32;1m[Board] [0m3 || |[7;1m [0m| |[7;1m [0m| |[7;1m [0m| |[7;1m [0m|| 3
[32;1m[Board] [0m  -------------------
[32;1m[Board] [0m2 ||[0;1mp[0m|[0;1mp[0m|[0;1mp[0m| |[0;1mp[0m|[0;1mp[0m|[0;1mp[0m|[0;1mp[0m|| 2
[32;1m[Board] [0m  -------------------
[32;1m[Board] [0m1 ||[0;1mr[0m|[0;1mk[0m|[0;1mb[0m|[0;1mQ[0m|[0;1mK[0m|[0;1mb[0m|[0;1mk[0m|[0;1mr[0m|| 1
[32;1m[Board] [0m  -------------------
[32;1m[Board] [0m    a b c d e f g h
[32;1m[Board] [0m
[32;1m[Referee] [0mThis is the turn of the Black player...
Enemy Positions: 
Key: [1, 1] -> Value: true
Key: [1, 2] -> Value: true
Key: [2, 1] -> Value: true
Key: [2, 2] -> Value: true
Key: [3, 1] -> Value: true
Key: [3, 2] -> Value: true
Key: [3, 6] -> Value: false
Key: [4, 1] -> Value: true
Key: [4, 5] -> Value: false
Key: [4, 6] -> Value: false
Key: [5, 1] -> Value: true
Key: [5, 2] -> Value: true
Key: [6, 1] -> Value: true
Key: [6, 2] -> Value: true
Key: [7, 1] -> Value: true
Key: [7, 2] -> Value: true
Key: [8, 1] -> Value: true
Key: [8, 2] -> Value: true
-----------------------
My Positions: 
Key: [1, 7] -> Value: true
Key: [1, 8] -> Value: true
Key: [2, 7] -> Value: true
Key: [2, 8] -> Value: true
Key: [3, 6] -> Value: true
Key: [3, 8] -> Value: true
Key: [4, 5] -> Value: true
Key: [4, 6] -> Value: true
Key: [4, 8] -> Value: true
Key: [5, 7] -> Value: true
Key: [5, 8] -> Value: true
Key: [6, 7] -> Value: true
Key: [6, 8] -> Value: true
Key: [7, 7] -> Value: true
Key: [7, 8] -> Value: true
Key: [8, 7] -> Value: true
Key: [8, 8] -> Value: true
-----------------------
[32;1m[Game] [0mPlayer's error code: 11
[32;1m[Game] [0m[31;1m[ERROR][0m The program `/home/julien/Pro/git/teaching/x/2024/chess-ai/build/chessbin' has crashed :(
[32;1m[Game] [0mBlack player has lost on illegal move.
