[32;1m[Board] [0mInitializing board...
[32;1m[Board] [0m
[32;1m[Board] [0m    a b c d e f g h 
[32;1m[Board] [0m  -------------------
[32;1m[Board] [0m8 ||[30;1mr[0m|[30;1mk[0m|[30;1mb[0m|[30;1mQ[0m|[30;1mK[0m|[30;1mb[0m|[30;1mk[0m|[30;1mr[0m|| 8
[32;1m[Board] [0m  -------------------
[32;1m[Board] [0m7 ||[30;1mp[0m|[30;1mp[0m|[30;1mp[0m|[30;1mp[0m|[30;1mp[0m|[30;1mp[0m|[30;1mp[0m|[30;1mp[0m|| 7
[32;1m[Board] [0m  -------------------
[32;1m[Board] [0m6 ||[7;1m [0m| |[7;1m [0m| |[7;1m [0m| |[7;1m [0m| || 6
[32;1m[Board] [0m  -------------------
[32;1m[Board] [0m5 || |[7;1m [0m| |[7;1m [0m| |[7;1m [0m| |[7;1m [0m|| 5
[32;1m[Board] [0m  -------------------
[32;1m[Board] [0m4 ||[7;1m [0m| |[7;1m [0m| |[7;1m [0m| |[7;1m [0m| || 4
[32;1m[Board] [0m  -------------------
[32;1m[Board] [0m3 || |[7;1m [0m| |[7;1m [0m| |[7;1m [0m| |[7;1m [0m|| 3
[32;1m[Board] [0m  -------------------
[32;1m[Board] [0m2 ||[0;1mp[0m|[0;1mp[0m|[0;1mp[0m|[0;1mp[0m|[0;1mp[0m|[0;1mp[0m|[0;1mp[0m|[0;1mp[0m|| 2
[32;1m[Board] [0m  -------------------
[32;1m[Board] [0m1 ||[0;1mr[0m|[0;1mk[0m|[0;1mb[0m|[0;1mQ[0m|[0;1mK[0m|[0;1mb[0m|[0;1mk[0m|[0;1mr[0m|| 1
[32;1m[Board] [0m  -------------------
[32;1m[Board] [0m    a b c d e f g h
[32;1m[Board] [0m
[32;1m[Referee] [0mThis is the turn of the White player...
  a b c d e f g h 
8 [47;31mrb[0m[40;31mnb[0m[47;31mbb[0m[40;31mqb[0m[47;31mkb[0m[40;31mbb[0m[47;31mnb[0m[40;31mrb[0m 8
7 [40;31mpb[0m[47;31mpb[0m[40;31mpb[0m[47;31mpb[0m[40;31mpb[0m[47;31mpb[0m[40;31mpb[0m[47;31mpb[0m 7
6 [47;31m  [0m[40;31m  [0m[47;31m  [0m[40;31m  [0m[47;31m  [0m[40;31m  [0m[47;31m  [0m[40;31m  [0m 6
5 [40;31m  [0m[47;31m  [0m[40;31m  [0m[47;31m  [0m[40;31m  [0m[47;31m  [0m[40;31m  [0m[47;31m  [0m 5
4 [47;31m  [0m[40;31m  [0m[47;31m  [0m[40;31m  [0m[47;31m  [0m[40;31m  [0m[47;31m  [0m[40;31m  [0m 4
3 [40;31m  [0m[47;31m  [0m[40;31m  [0m[47;31m  [0m[40;31m  [0m[47;31m  [0m[40;31m  [0m[47;31m  [0m 3
2 [47;31mpw[0m[40;31mpw[0m[47;31mpw[0m[40;31mpw[0m[47;31mpw[0m[40;31mpw[0m[47;31mpw[0m[40;31mpw[0m 2
1 [40;31mrw[0m[47;31mnw[0m[40;31mbw[0m[47;31mqw[0m[40;31mkw[0m[47;31mbw[0m[40;31mnw[0m[47;31mrw[0m 1
  a b c d e f g h 
3229009034
b1 -> a3 legal
b1 -> c3 legal
g1 -> f3 legal
g1 -> h3 legal
a2 -> a3 legal
a2 -> a4 legal
b2 -> b3 legal
b2 -> b4 legal
c2 -> c3 legal
c2 -> c4 legal
d2 -> d3 legal
d2 -> d4 legal
e2 -> e3 legal
e2 -> e4 legal
f2 -> f3 legal
f2 -> f4 legal
g2 -> g3 legal
g2 -> g4 legal
h2 -> h3 legal
h2 -> h4 legal
  a b c d e f g h 
8 [47;31mrb[0m[40;31mnb[0m[47;31mbb[0m[40;31mqb[0m[47;31mkb[0m[40;31mbb[0m[47;31mnb[0m[40;31mrb[0m 8
7 [40;31mpb[0m[47;31mpb[0m[40;31mpb[0m[47;31mpb[0m[40;31mpb[0m[47;31mpb[0m[40;31mpb[0m[47;31mpb[0m 7
6 [47;31m  [0m[40;31m  [0m[47;31m  [0m[40;31m  [0m[47;31m  [0m[40;31m  [0m[47;31m  [0m[40;31m  [0m 6
5 [40;31m  [0m[47;31m  [0m[40;31m  [0m[47;31m  [0m[40;31m  [0m[47;31m  [0m[40;31m  [0m[47;31m  [0m 5
4 [47;31m  [0m[40;31m  [0m[47;31m  [0m[40;31m  [0m[47;31m  [0m[40;31m  [0m[47;31m  [0m[40;31m  [0m 4
3 [40;31m  [0m[47;31m  [0m[40;31m  [0m[47;31m  [0m[40;31m  [0m[47;31m  [0m[40;31m  [0m[47;31m  [0m 3
2 [47;31mpw[0m[40;31mpw[0m[47;31mpw[0m[40;31mpw[0m[47;31mpw[0m[40;31mpw[0m[47;31mpw[0m[40;31mpw[0m 2
1 [40;31mrw[0m[47;31mnw[0m[40;31mbw[0m[47;31mqw[0m[40;31mkw[0m[47;31mbw[0m[40;31mnw[0m[47;31mrw[0m 1
  a b c d e f g h 
3229009034
f2 -> f4   0
f2f4
[32;1m[Game] [0mPlayer's error code: 0
[32;1m[Game] [0mChecking move validity...
[32;1m[Board] [0mInitializing board...
[32;1m[Board] [0mLoading history file `championship/awesome-chess-ai-shallowcyan/history.csv`...
[32;1m[Board] [0mLoaded 0 move(s).
[32;1m[Board] [0mLoading move file `championship/awesome-chess-ai-shallowcyan/move.csv`...
[32;1m[Board] [0mWhite player is playing f2 to f4.
[32;1m[Board] [0m
[32;1m[Board] [0m    a b c d e f g h 
[32;1m[Board] [0m  -------------------
[32;1m[Board] [0m8 ||[30;1mr[0m|[30;1mk[0m|[30;1mb[0m|[30;1mQ[0m|[30;1mK[0m|[30;1mb[0m|[30;1mk[0m|[30;1mr[0m|| 8
[32;1m[Board] [0m  -------------------
[32;1m[Board] [0m7 ||[30;1mp[0m|[30;1mp[0m|[30;1mp[0m|[30;1mp[0m|[30;1mp[0m|[30;1mp[0m|[30;1mp[0m|[30;1mp[0m|| 7
[32;1m[Board] [0m  -------------------
[32;1m[Board] [0m6 ||[7;1m [0m| |[7;1m [0m| |[7;1m [0m| |[7;1m [0m| || 6
[32;1m[Board] [0m  -------------------
[32;1m[Board] [0m5 || |[7;1m [0m| |[7;1m [0m| |[7;1m [0m| |[7;1m [0m|| 5
[32;1m[Board] [0m  -------------------
[32;1m[Board] [0m4 ||[7;1m [0m| |[7;1m [0m| |[7;1m [0m|[0;1mp[0m|[7;1m [0m| || 4
[32;1m[Board] [0m  -------------------
[32;1m[Board] [0m3 || |[7;1m [0m| |[7;1m [0m| |[7;1m [0m| |[7;1m [0m|| 3
[32;1m[Board] [0m  -------------------
[32;1m[Board] [0m2 ||[0;1mp[0m|[0;1mp[0m|[0;1mp[0m|[0;1mp[0m|[0;1mp[0m| |[0;1mp[0m|[0;1mp[0m|| 2
[32;1m[Board] [0m  -------------------
[32;1m[Board] [0m1 ||[0;1mr[0m|[0;1mk[0m|[0;1mb[0m|[0;1mQ[0m|[0;1mK[0m|[0;1mb[0m|[0;1mk[0m|[0;1mr[0m|| 1
[32;1m[Board] [0m  -------------------
[32;1m[Board] [0m    a b c d e f g h
[32;1m[Board] [0m
[32;1m[Referee] [0mThis is the turn of the Black player...
[32;1m[Game] [0mPlayer's error code: 0
[32;1m[Game] [0mChecking move validity...
[32;1m[Board] [0mInitializing board...
[32;1m[Board] [0mLoading history file `championship/awesome-chess-ai-shallowcyan/history.csv`...
[32;1m[Board] [0mLoaded 1 move(s).
[32;1m[Board] [0mLoading move file `championship/awesome-chess-ai-shallowcyan/move.csv`...
[32;1m[Board] [0mBlack player is playing b8 to c6.
[32;1m[Board] [0m
[32;1m[Board] [0m    a b c d e f g h 
[32;1m[Board] [0m  -------------------
[32;1m[Board] [0m8 ||[30;1mr[0m| |[30;1mb[0m|[30;1mQ[0m|[30;1mK[0m|[30;1mb[0m|[30;1mk[0m|[30;1mr[0m|| 8
[32;1m[Board] [0m  -------------------
[32;1m[Board] [0m7 ||[30;1mp[0m|[30;1mp[0m|[30;1mp[0m|[30;1mp[0m|[30;1mp[0m|[30;1mp[0m|[30;1mp[0m|[30;1mp[0m|| 7
[32;1m[Board] [0m  -------------------
[32;1m[Board] [0m6 ||[7;1m [0m| |[30;1mk[0m| |[7;1m [0m| |[7;1m [0m| || 6
[32;1m[Board] [0m  -------------------
[32;1m[Board] [0m5 || |[7;1m [0m| |[7;1m [0m| |[7;1m [0m| |[7;1m [0m|| 5
[32;1m[Board] [0m  -------------------
[32;1m[Board] [0m4 ||[7;1m [0m| |[7;1m [0m| |[7;1m [0m|[0;1mp[0m|[7;1m [0m| || 4
[32;1m[Board] [0m  -------------------
[32;1m[Board] [0m3 || |[7;1m [0m| |[7;1m [0m| |[7;1m [0m| |[7;1m [0m|| 3
[32;1m[Board] [0m  -------------------
[32;1m[Board] [0m2 ||[0;1mp[0m|[0;1mp[0m|[0;1mp[0m|[0;1mp[0m|[0;1mp[0m| |[0;1mp[0m|[0;1mp[0m|| 2
[32;1m[Board] [0m  -------------------
[32;1m[Board] [0m1 ||[0;1mr[0m|[0;1mk[0m|[0;1mb[0m|[0;1mQ[0m|[0;1mK[0m|[0;1mb[0m|[0;1mk[0m|[0;1mr[0m|| 1
[32;1m[Board] [0m  -------------------
[32;1m[Board] [0m    a b c d e f g h
[32;1m[Board] [0m
[32;1m[Referee] [0mThis is the turn of the White player...
  a b c d e f g h 
8 [47;31mrb[0m[40;31m  [0m[47;31mbb[0m[40;31mqb[0m[47;31mkb[0m[40;31mbb[0m[47;31mnb[0m[40;31mrb[0m 8
7 [40;31mpb[0m[47;31mpb[0m[40;31mpb[0m[47;31mpb[0m[40;31mpb[0m[47;31mpb[0m[40;31mpb[0m[47;31mpb[0m 7
6 [47;31m  [0m[40;31m  [0m[47;31mnb[0m[40;31m  [0m[47;31m  [0m[40;31m  [0m[47;31m  [0m[40;31m  [0m 6
5 [40;31m  [0m[47;31m  [0m[40;31m  [0m[47;31m  [0m[40;31m  [0m[47;31m  [0m[40;31m  [0m[47;31m  [0m 5
4 [47;31m  [0m[40;31m  [0m[47;31m  [0m[40;31m  [0m[47;31m  [0m[40;31mpw[0m[47;31m  [0m[40;31m  [0m 4
3 [40;31m  [0m[47;31m  [0m[40;31m  [0m[47;31m  [0m[40;31m  [0m[47;31m  [0m[40;31m  [0m[47;31m  [0m 3
2 [47;31mpw[0m[40;31mpw[0m[47;31mpw[0m[40;31mpw[0m[47;31mpw[0m[40;31m  [0m[47;31mpw[0m[40;31mpw[0m 2
1 [40;31mrw[0m[47;31mnw[0m[40;31mbw[0m[47;31mqw[0m[40;31mkw[0m[47;31mbw[0m[40;31mnw[0m[47;31mrw[0m 1
  a b c d e f g h 
3852028454
b1 -> a3 legal
b1 -> c3 legal
e1 -> f2 legal
g1 -> f3 legal
g1 -> h3 legal
a2 -> a3 legal
a2 -> a4 legal
b2 -> b3 legal
b2 -> b4 legal
c2 -> c3 legal
c2 -> c4 legal
d2 -> d3 legal
d2 -> d4 legal
e2 -> e3 legal
e2 -> e4 legal
g2 -> g3 legal
g2 -> g4 legal
h2 -> h3 legal
h2 -> h4 legal
f4 -> f5 legal
  a b c d e f g h 
8 [47;31mrb[0m[40;31m  [0m[47;31mbb[0m[40;31mqb[0m[47;31mkb[0m[40;31mbb[0m[47;31mnb[0m[40;31mrb[0m 8
7 [40;31mpb[0m[47;31mpb[0m[40;31mpb[0m[47;31mpb[0m[40;31mpb[0m[47;31mpb[0m[40;31mpb[0m[47;31mpb[0m 7
6 [47;31m  [0m[40;31m  [0m[47;31mnb[0m[40;31m  [0m[47;31m  [0m[40;31m  [0m[47;31m  [0m[40;31m  [0m 6
5 [40;31m  [0m[47;31m  [0m[40;31m  [0m[47;31m  [0m[40;31m  [0m[47;31m  [0m[40;31m  [0m[47;31m  [0m 5
4 [47;31m  [0m[40;31m  [0m[47;31m  [0m[40;31m  [0m[47;31m  [0m[40;31mpw[0m[47;31m  [0m[40;31m  [0m 4
3 [40;31m  [0m[47;31m  [0m[40;31m  [0m[47;31m  [0m[40;31m  [0m[47;31m  [0m[40;31m  [0m[47;31m  [0m 3
2 [47;31mpw[0m[40;31mpw[0m[47;31mpw[0m[40;31mpw[0m[47;31mpw[0m[40;31m  [0m[47;31mpw[0m[40;31mpw[0m 2
1 [40;31mrw[0m[47;31mnw[0m[40;31mbw[0m[47;31mqw[0m[40;31mkw[0m[47;31mbw[0m[40;31mnw[0m[47;31mrw[0m 1
  a b c d e f g h 
3852028454
b1 -> a3   0
b1a3
[32;1m[Game] [0mPlayer's error code: 0
[32;1m[Game] [0mChecking move validity...
[32;1m[Board] [0mInitializing board...
[32;1m[Board] [0mLoading history file `championship/awesome-chess-ai-shallowcyan/history.csv`...
[32;1m[Board] [0mLoaded 2 move(s).
[32;1m[Board] [0mLoading move file `championship/awesome-chess-ai-shallowcyan/move.csv`...
[32;1m[Board] [0mWhite player is playing b1 to a3.
[32;1m[Board] [0m
[32;1m[Board] [0m    a b c d e f g h 
[32;1m[Board] [0m  -------------------
[32;1m[Board] [0m8 ||[30;1mr[0m| |[30;1mb[0m|[30;1mQ[0m|[30;1mK[0m|[30;1mb[0m|[30;1mk[0m|[30;1mr[0m|| 8
[32;1m[Board] [0m  -------------------
[32;1m[Board] [0m7 ||[30;1mp[0m|[30;1mp[0m|[30;1mp[0m|[30;1mp[0m|[30;1mp[0m|[30;1mp[0m|[30;1mp[0m|[30;1mp[0m|| 7
[32;1m[Board] [0m  -------------------
[32;1m[Board] [0m6 ||[7;1m [0m| |[30;1mk[0m| |[7;1m [0m| |[7;1m [0m| || 6
[32;1m[Board] [0m  -------------------
[32;1m[Board] [0m5 || |[7;1m [0m| |[7;1m [0m| |[7;1m [0m| |[7;1m [0m|| 5
[32;1m[Board] [0m  -------------------
[32;1m[Board] [0m4 ||[7;1m [0m| |[7;1m [0m| |[7;1m [0m|[0;1mp[0m|[7;1m [0m| || 4
[32;1m[Board] [0m  -------------------
[32;1m[Board] [0m3 ||[0;1mk[0m|[7;1m [0m| |[7;1m [0m| |[7;1m [0m| |[7;1m [0m|| 3
[32;1m[Board] [0m  -------------------
[32;1m[Board] [0m2 ||[0;1mp[0m|[0;1mp[0m|[0;1mp[0m|[0;1mp[0m|[0;1mp[0m| |[0;1mp[0m|[0;1mp[0m|| 2
[32;1m[Board] [0m  -------------------
[32;1m[Board] [0m1 ||[0;1mr[0m|[7;1m [0m|[0;1mb[0m|[0;1mQ[0m|[0;1mK[0m|[0;1mb[0m|[0;1mk[0m|[0;1mr[0m|| 1
[32;1m[Board] [0m  -------------------
[32;1m[Board] [0m    a b c d e f g h
[32;1m[Board] [0m
[32;1m[Referee] [0mThis is the turn of the Black player...
[32;1m[Game] [0mPlayer's error code: 0
[32;1m[Game] [0mChecking move validity...
[32;1m[Board] [0mInitializing board...
[32;1m[Board] [0mLoading history file `championship/awesome-chess-ai-shallowcyan/history.csv`...
[32;1m[Board] [0mLoaded 3 move(s).
[32;1m[Board] [0mLoading move file `championship/awesome-chess-ai-shallowcyan/move.csv`...
[32;1m[Board] [0mBlack player is playing g8 to f6.
[32;1m[Board] [0m
[32;1m[Board] [0m    a b c d e f g h 
[32;1m[Board] [0m  -------------------
[32;1m[Board] [0m8 ||[30;1mr[0m| |[30;1mb[0m|[30;1mQ[0m|[30;1mK[0m|[30;1mb[0m|[7;1m [0m|[30;1mr[0m|| 8
[32;1m[Board] [0m  -------------------
[32;1m[Board] [0m7 ||[30;1mp[0m|[30;1mp[0m|[30;1mp[0m|[30;1mp[0m|[30;1mp[0m|[30;1mp[0m|[30;1mp[0m|[30;1mp[0m|| 7
[32;1m[Board] [0m  -------------------
[32;1m[Board] [0m6 ||[7;1m [0m| |[30;1mk[0m| |[7;1m [0m|[30;1mk[0m|[7;1m [0m| || 6
[32;1m[Board] [0m  -------------------
[32;1m[Board] [0m5 || |[7;1m [0m| |[7;1m [0m| |[7;1m [0m| |[7;1m [0m|| 5
[32;1m[Board] [0m  -------------------
[32;1m[Board] [0m4 ||[7;1m [0m| |[7;1m [0m| |[7;1m [0m|[0;1mp[0m|[7;1m [0m| || 4
[32;1m[Board] [0m  -------------------
[32;1m[Board] [0m3 ||[0;1mk[0m|[7;1m [0m| |[7;1m [0m| |[7;1m [0m| |[7;1m [0m|| 3
[32;1m[Board] [0m  -------------------
[32;1m[Board] [0m2 ||[0;1mp[0m|[0;1mp[0m|[0;1mp[0m|[0;1mp[0m|[0;1mp[0m| |[0;1mp[0m|[0;1mp[0m|| 2
[32;1m[Board] [0m  -------------------
[32;1m[Board] [0m1 ||[0;1mr[0m|[7;1m [0m|[0;1mb[0m|[0;1mQ[0m|[0;1mK[0m|[0;1mb[0m|[0;1mk[0m|[0;1mr[0m|| 1
[32;1m[Board] [0m  -------------------
[32;1m[Board] [0m    a b c d e f g h
[32;1m[Board] [0m
[32;1m[Referee] [0mThis is the turn of the White player...
  a b c d e f g h 
8 [47;31mrb[0m[40;31m  [0m[47;31mbb[0m[40;31mqb[0m[47;31mkb[0m[40;31mbb[0m[47;31m  [0m[40;31mrb[0m 8
7 [40;31mpb[0m[47;31mpb[0m[40;31mpb[0m[47;31mpb[0m[40;31mpb[0m[47;31mpb[0m[40;31mpb[0m[47;31mpb[0m 7
6 [47;31m  [0m[40;31m  [0m[47;31mnb[0m[40;31m  [0m[47;31m  [0m[40;31mnb[0m[47;31m  [0m[40;31m  [0m 6
5 [40;31m  [0m[47;31m  [0m[40;31m  [0m[47;31m  [0m[40;31m  [0m[47;31m  [0m[40;31m  [0m[47;31m  [0m 5
4 [47;31m  [0m[40;31m  [0m[47;31m  [0m[40;31m  [0m[47;31m  [0m[40;31mpw[0m[47;31m  [0m[40;31m  [0m 4
3 [40;31mnw[0m[47;31m  [0m[40;31m  [0m[47;31m  [0m[40;31m  [0m[47;31m  [0m[40;31m  [0m[47;31m  [0m 3
2 [47;31mpw[0m[40;31mpw[0m[47;31mpw[0m[40;31mpw[0m[47;31mpw[0m[40;31m  [0m[47;31mpw[0m[40;31mpw[0m 2
1 [40;31mrw[0m[47;31m  [0m[40;31mbw[0m[47;31mqw[0m[40;31mkw[0m[47;31mbw[0m[40;31mnw[0m[47;31mrw[0m 1
  a b c d e f g h 
985851286
a1 -> b1 legal
e1 -> f2 legal
g1 -> f3 legal
g1 -> h3 legal
b2 -> b3 legal
b2 -> b4 legal
c2 -> c3 legal
c2 -> c4 legal
d2 -> d3 legal
d2 -> d4 legal
e2 -> e3 legal
e2 -> e4 legal
g2 -> g3 legal
g2 -> g4 legal
h2 -> h3 legal
h2 -> h4 legal
a3 -> c4 legal
a3 -> b5 legal
a3 -> b1 legal
f4 -> f5 legal
  a b c d e f g h 
8 [47;31mrb[0m[40;31m  [0m[47;31mbb[0m[40;31mqb[0m[47;31mkb[0m[40;31mbb[0m[47;31m  [0m[40;31mrb[0m 8
7 [40;31mpb[0m[47;31mpb[0m[40;31mpb[0m[47;31mpb[0m[40;31mpb[0m[47;31mpb[0m[40;31mpb[0m[47;31mpb[0m 7
6 [47;31m  [0m[40;31m  [0m[47;31mnb[0m[40;31m  [0m[47;31m  [0m[40;31mnb[0m[47;31m  [0m[40;31m  [0m 6
5 [40;31m  [0m[47;31m  [0m[40;31m  [0m[47;31m  [0m[40;31m  [0m[47;31m  [0m[40;31m  [0m[47;31m  [0m 5
4 [47;31m  [0m[40;31m  [0m[47;31m  [0m[40;31m  [0m[47;31m  [0m[40;31mpw[0m[47;31m  [0m[40;31m  [0m 4
3 [40;31mnw[0m[47;31m  [0m[40;31m  [0m[47;31m  [0m[40;31m  [0m[47;31m  [0m[40;31m  [0m[47;31m  [0m 3
2 [47;31mpw[0m[40;31mpw[0m[47;31mpw[0m[40;31mpw[0m[47;31mpw[0m[40;31m  [0m[47;31mpw[0m[40;31mpw[0m 2
1 [40;31mrw[0m[47;31m  [0m[40;31mbw[0m[47;31mqw[0m[40;31mkw[0m[47;31mbw[0m[40;31mnw[0m[47;31mrw[0m 1
  a b c d e f g h 
985851286
a1 -> b1   0
a1b1
[32;1m[Game] [0mPlayer's error code: 0
[32;1m[Game] [0mChecking move validity...
[32;1m[Board] [0mInitializing board...
[32;1m[Board] [0mLoading history file `championship/awesome-chess-ai-shallowcyan/history.csv`...
[32;1m[Board] [0mLoaded 4 move(s).
[32;1m[Board] [0mLoading move file `championship/awesome-chess-ai-shallowcyan/move.csv`...
[32;1m[Board] [0mWhite player is playing a1 to b1.
[32;1m[Board] [0m
[32;1m[Board] [0m    a b c d e f g h 
[32;1m[Board] [0m  -------------------
[32;1m[Board] [0m8 ||[30;1mr[0m| |[30;1mb[0m|[30;1mQ[0m|[30;1mK[0m|[30;1mb[0m|[7;1m [0m|[30;1mr[0m|| 8
[32;1m[Board] [0m  -------------------
[32;1m[Board] [0m7 ||[30;1mp[0m|[30;1mp[0m|[30;1mp[0m|[30;1mp[0m|[30;1mp[0m|[30;1mp[0m|[30;1mp[0m|[30;1mp[0m|| 7
[32;1m[Board] [0m  -------------------
[32;1m[Board] [0m6 ||[7;1m [0m| |[30;1mk[0m| |[7;1m [0m|[30;1mk[0m|[7;1m [0m| || 6
[32;1m[Board] [0m  -------------------
[32;1m[Board] [0m5 || |[7;1m [0m| |[7;1m [0m| |[7;1m [0m| |[7;1m [0m|| 5
[32;1m[Board] [0m  -------------------
[32;1m[Board] [0m4 ||[7;1m [0m| |[7;1m [0m| |[7;1m [0m|[0;1mp[0m|[7;1m [0m| || 4
[32;1m[Board] [0m  -------------------
[32;1m[Board] [0m3 ||[0;1mk[0m|[7;1m [0m| |[7;1m [0m| |[7;1m [0m| |[7;1m [0m|| 3
[32;1m[Board] [0m  -------------------
[32;1m[Board] [0m2 ||[0;1mp[0m|[0;1mp[0m|[0;1mp[0m|[0;1mp[0m|[0;1mp[0m| |[0;1mp[0m|[0;1mp[0m|| 2
[32;1m[Board] [0m  -------------------
[32;1m[Board] [0m1 || |[0;1mr[0m|[0;1mb[0m|[0;1mQ[0m|[0;1mK[0m|[0;1mb[0m|[0;1mk[0m|[0;1mr[0m|| 1
[32;1m[Board] [0m  -------------------
[32;1m[Board] [0m    a b c d e f g h
[32;1m[Board] [0m
[32;1m[Referee] [0mThis is the turn of the Black player...
[32;1m[Game] [0mPlayer's error code: 0
[32;1m[Game] [0mChecking move validity...
[32;1m[Board] [0mInitializing board...
[32;1m[Board] [0mLoading history file `championship/awesome-chess-ai-shallowcyan/history.csv`...
[32;1m[Board] [0mLoaded 5 move(s).
[32;1m[Board] [0mLoading move file `championship/awesome-chess-ai-shallowcyan/move.csv`...
[32;1m[Board] [0mBlack player is playing e7 to e5.
[32;1m[Board] [0m
[32;1m[Board] [0m    a b c d e f g h 
[32;1m[Board] [0m  -------------------
[32;1m[Board] [0m8 ||[30;1mr[0m| |[30;1mb[0m|[30;1mQ[0m|[30;1mK[0m|[30;1mb[0m|[7;1m [0m|[30;1mr[0m|| 8
[32;1m[Board] [0m  -------------------
[32;1m[Board] [0m7 ||[30;1mp[0m|[30;1mp[0m|[30;1mp[0m|[30;1mp[0m| |[30;1mp[0m|[30;1mp[0m|[30;1mp[0m|| 7
[32;1m[Board] [0m  -------------------
[32;1m[Board] [0m6 ||[7;1m [0m| |[30;1mk[0m| |[7;1m [0m|[30;1mk[0m|[7;1m [0m| || 6
[32;1m[Board] [0m  -------------------
[32;1m[Board] [0m5 || |[7;1m [0m| |[7;1m [0m|[30;1mp[0m|[7;1m [0m| |[7;1m [0m|| 5
[32;1m[Board] [0m  -------------------
[32;1m[Board] [0m4 ||[7;1m [0m| |[7;1m [0m| |[7;1m [0m|[0;1mp[0m|[7;1m [0m| || 4
[32;1m[Board] [0m  -------------------
[32;1m[Board] [0m3 ||[0;1mk[0m|[7;1m [0m| |[7;1m [0m| |[7;1m [0m| |[7;1m [0m|| 3
[32;1m[Board] [0m  -------------------
[32;1m[Board] [0m2 ||[0;1mp[0m|[0;1mp[0m|[0;1mp[0m|[0;1mp[0m|[0;1mp[0m| |[0;1mp[0m|[0;1mp[0m|| 2
[32;1m[Board] [0m  -------------------
[32;1m[Board] [0m1 || |[0;1mr[0m|[0;1mb[0m|[0;1mQ[0m|[0;1mK[0m|[0;1mb[0m|[0;1mk[0m|[0;1mr[0m|| 1
[32;1m[Board] [0m  -------------------
[32;1m[Board] [0m    a b c d e f g h
[32;1m[Board] [0m
[32;1m[Referee] [0mThis is the turn of the White player...
  a b c d e f g h 
8 [47;31mrb[0m[40;31m  [0m[47;31mbb[0m[40;31mqb[0m[47;31mkb[0m[40;31mbb[0m[47;31m  [0m[40;31mrb[0m 8
7 [40;31mpb[0m[47;31mpb[0m[40;31mpb[0m[47;31mpb[0m[40;31m  [0m[47;31mpb[0m[40;31mpb[0m[47;31mpb[0m 7
6 [47;31m  [0m[40;31m  [0m[47;31mnb[0m[40;31m  [0m[47;31m  [0m[40;31mnb[0m[47;31m  [0m[40;31m  [0m 6
5 [40;31m  [0m[47;31m  [0m[40;31m  [0m[47;31m  [0m[40;31mpb[0m[47;31m  [0m[40;31m  [0m[47;31m  [0m 5
4 [47;31m  [0m[40;31m  [0m[47;31m  [0m[40;31m  [0m[47;31m  [0m[40;31mpw[0m[47;31m  [0m[40;31m  [0m 4
3 [40;31mnw[0m[47;31m  [0m[40;31m  [0m[47;31m  [0m[40;31m  [0m[47;31m  [0m[40;31m  [0m[47;31m  [0m 3
2 [47;31mpw[0m[40;31mpw[0m[47;31mpw[0m[40;31mpw[0m[47;31mpw[0m[40;31m  [0m[47;31mpw[0m[40;31mpw[0m 2
1 [40;31m  [0m[47;31mrw[0m[40;31mbw[0m[47;31mqw[0m[40;31mkw[0m[47;31mbw[0m[40;31mnw[0m[47;31mrw[0m 1
  a b c d e f g h 
3412816905
b1 -> a1 legal
e1 -> f2 legal
g1 -> f3 legal
g1 -> h3 legal
b2 -> b3 legal
b2 -> b4 legal
c2 -> c3 legal
c2 -> c4 legal
d2 -> d3 legal
d2 -> d4 legal
e2 -> e3 legal
e2 -> e4 legal
g2 -> g3 legal
g2 -> g4 legal
h2 -> h3 legal
h2 -> h4 legal
a3 -> c4 legal
a3 -> b5 legal
f4 -> f5 legal
f4 -> e5 X legal
  a b c d e f g h 
8 [47;31mrb[0m[40;31m  [0m[47;31mbb[0m[40;31mqb[0m[47;31mkb[0m[40;31mbb[0m[47;31m  [0m[40;31mrb[0m 8
7 [40;31mpb[0m[47;31mpb[0m[40;31mpb[0m[47;31mpb[0m[40;31m  [0m[47;31mpb[0m[40;31mpb[0m[47;31mpb[0m 7
6 [47;31m  [0m[40;31m  [0m[47;31mnb[0m[40;31m  [0m[47;31m  [0m[40;31mnb[0m[47;31m  [0m[40;31m  [0m 6
5 [40;31m  [0m[47;31m  [0m[40;31m  [0m[47;31m  [0m[40;31mpb[0m[47;31m  [0m[40;31m  [0m[47;31m  [0m 5
4 [47;31m  [0m[40;31m  [0m[47;31m  [0m[40;31m  [0m[47;31m  [0m[40;31mpw[0m[47;31m  [0m[40;31m  [0m 4
3 [40;31mnw[0m[47;31m  [0m[40;31m  [0m[47;31m  [0m[40;31m  [0m[47;31m  [0m[40;31m  [0m[47;31m  [0m 3
2 [47;31mpw[0m[40;31mpw[0m[47;31mpw[0m[40;31mpw[0m[47;31mpw[0m[40;31m  [0m[47;31mpw[0m[40;31mpw[0m 2
1 [40;31m  [0m[47;31mrw[0m[40;31mbw[0m[47;31mqw[0m[40;31mkw[0m[47;31mbw[0m[40;31mnw[0m[47;31mrw[0m 1
  a b c d e f g h 
3412816905
h2 -> h3   0
h2h3
[32;1m[Game] [0mPlayer's error code: 0
[32;1m[Game] [0mChecking move validity...
[32;1m[Board] [0mInitializing board...
[32;1m[Board] [0mLoading history file `championship/awesome-chess-ai-shallowcyan/history.csv`...
[32;1m[Board] [0mLoaded 6 move(s).
[32;1m[Board] [0mLoading move file `championship/awesome-chess-ai-shallowcyan/move.csv`...
[32;1m[Board] [0mWhite player is playing h2 to h3.
[32;1m[Board] [0m
[32;1m[Board] [0m    a b c d e f g h 
[32;1m[Board] [0m  -------------------
[32;1m[Board] [0m8 ||[30;1mr[0m| |[30;1mb[0m|[30;1mQ[0m|[30;1mK[0m|[30;1mb[0m|[7;1m [0m|[30;1mr[0m|| 8
[32;1m[Board] [0m  -------------------
[32;1m[Board] [0m7 ||[30;1mp[0m|[30;1mp[0m|[30;1mp[0m|[30;1mp[0m| |[30;1mp[0m|[30;1mp[0m|[30;1mp[0m|| 7
[32;1m[Board] [0m  -------------------
[32;1m[Board] [0m6 ||[7;1m [0m| |[30;1mk[0m| |[7;1m [0m|[30;1mk[0m|[7;1m [0m| || 6
[32;1m[Board] [0m  -------------------
[32;1m[Board] [0m5 || |[7;1m [0m| |[7;1m [0m|[30;1mp[0m|[7;1m [0m| |[7;1m [0m|| 5
[32;1m[Board] [0m  -------------------
[32;1m[Board] [0m4 ||[7;1m [0m| |[7;1m [0m| |[7;1m [0m|[0;1mp[0m|[7;1m [0m| || 4
[32;1m[Board] [0m  -------------------
[32;1m[Board] [0m3 ||[0;1mk[0m|[7;1m [0m| |[7;1m [0m| |[7;1m [0m| |[0;1mp[0m|| 3
[32;1m[Board] [0m  -------------------
[32;1m[Board] [0m2 ||[0;1mp[0m|[0;1mp[0m|[0;1mp[0m|[0;1mp[0m|[0;1mp[0m| |[0;1mp[0m| || 2
[32;1m[Board] [0m  -------------------
[32;1m[Board] [0m1 || |[0;1mr[0m|[0;1mb[0m|[0;1mQ[0m|[0;1mK[0m|[0;1mb[0m|[0;1mk[0m|[0;1mr[0m|| 1
[32;1m[Board] [0m  -------------------
[32;1m[Board] [0m    a b c d e f g h
[32;1m[Board] [0m
[32;1m[Referee] [0mThis is the turn of the Black player...
[32;1m[Game] [0mPlayer's error code: 0
[32;1m[Game] [0mChecking move validity...
[32;1m[Board] [0mInitializing board...
[32;1m[Board] [0mLoading history file `championship/awesome-chess-ai-shallowcyan/history.csv`...
[32;1m[Board] [0mLoaded 7 move(s).
[32;1m[Board] [0mLoading move file `championship/awesome-chess-ai-shallowcyan/move.csv`...
[32;1m[Board] [0mBlack player is playing e5 to f4.
[32;1m[Board] [0m[5;1mBlack Pawn is taking White Pawn.[0m
[32;1m[Board] [0m
[32;1m[Board] [0m    a b c d e f g h 
[32;1m[Board] [0m  -------------------
[32;1m[Board] [0m8 ||[30;1mr[0m| |[30;1mb[0m|[30;1mQ[0m|[30;1mK[0m|[30;1mb[0m|[7;1m [0m|[30;1mr[0m|| 8
[32;1m[Board] [0m  -------------------
[32;1m[Board] [0m7 ||[30;1mp[0m|[30;1mp[0m|[30;1mp[0m|[30;1mp[0m| |[30;1mp[0m|[30;1mp[0m|[30;1mp[0m|| 7
[32;1m[Board] [0m  -------------------
[32;1m[Board] [0m6 ||[7;1m [0m| |[30;1mk[0m| |[7;1m [0m|[30;1mk[0m|[7;1m [0m| || 6
[32;1m[Board] [0m  -------------------
[32;1m[Board] [0m5 || |[7;1m [0m| |[7;1m [0m| |[7;1m [0m| |[7;1m [0m|| 5
[32;1m[Board] [0m  -------------------
[32;1m[Board] [0m4 ||[7;1m [0m| |[7;1m [0m| |[7;1m [0m|[30;1mp[0m|[7;1m [0m| || 4
[32;1m[Board] [0m  -------------------
[32;1m[Board] [0m3 ||[0;1mk[0m|[7;1m [0m| |[7;1m [0m| |[7;1m [0m| |[0;1mp[0m|| 3
[32;1m[Board] [0m  -------------------
[32;1m[Board] [0m2 ||[0;1mp[0m|[0;1mp[0m|[0;1mp[0m|[0;1mp[0m|[0;1mp[0m| |[0;1mp[0m| || 2
[32;1m[Board] [0m  -------------------
[32;1m[Board] [0m1 || |[0;1mr[0m|[0;1mb[0m|[0;1mQ[0m|[0;1mK[0m|[0;1mb[0m|[0;1mk[0m|[0;1mr[0m|| 1
[32;1m[Board] [0m  -------------------
[32;1m[Board] [0m    a b c d e f g h
[32;1m[Board] [0m
[32;1m[Referee] [0mThis is the turn of the White player...
  a b c d e f g h 
8 [47;31mrb[0m[40;31m  [0m[47;31mbb[0m[40;31mqb[0m[47;31mkb[0m[40;31mbb[0m[47;31m  [0m[40;31mrb[0m 8
7 [40;31mpb[0m[47;31mpb[0m[40;31mpb[0m[47;31mpb[0m[40;31m  [0m[47;31mpb[0m[40;31mpb[0m[47;31mpb[0m 7
6 [47;31m  [0m[40;31m  [0m[47;31mnb[0m[40;31m  [0m[47;31m  [0m[40;31mnb[0m[47;31m  [0m[40;31m  [0m 6
5 [40;31m  [0m[47;31m  [0m[40;31m  [0m[47;31m  [0m[40;31m  [0m[47;31m  [0m[40;31m  [0m[47;31m  [0m 5
4 [47;31m  [0m[40;31m  [0m[47;31m  [0m[40;31m  [0m[47;31m  [0m[40;31mpb[0m[47;31m  [0m[40;31m  [0m 4
3 [40;31mnw[0m[47;31m  [0m[40;31m  [0m[47;31m  [0m[40;31m  [0m[47;31m  [0m[40;31m  [0m[47;31mpw[0m 3
2 [47;31mpw[0m[40;31mpw[0m[47;31mpw[0m[40;31mpw[0m[47;31mpw[0m[40;31m  [0m[47;31mpw[0m[40;31m  [0m 2
1 [40;31m  [0m[47;31mrw[0m[40;31mbw[0m[47;31mqw[0m[40;31mkw[0m[47;31mbw[0m[40;31mnw[0m[47;31mrw[0m 1
  a b c d e f g h 
1120942379
b1 -> a1 legal
e1 -> f2 legal
g1 -> f3 legal
h1 -> h2 legal
b2 -> b3 legal
b2 -> b4 legal
c2 -> c3 legal
c2 -> c4 legal
d2 -> d3 legal
d2 -> d4 legal
e2 -> e3 legal
e2 -> e4 legal
g2 -> g3 legal
g2 -> g4 legal
a3 -> c4 legal
a3 -> b5 legal
h3 -> h4 legal
  a b c d e f g h 
8 [47;31mrb[0m[40;31m  [0m[47;31mbb[0m[40;31mqb[0m[47;31mkb[0m[40;31mbb[0m[47;31m  [0m[40;31mrb[0m 8
7 [40;31mpb[0m[47;31mpb[0m[40;31mpb[0m[47;31mpb[0m[40;31m  [0m[47;31mpb[0m[40;31mpb[0m[47;31mpb[0m 7
6 [47;31m  [0m[40;31m  [0m[47;31mnb[0m[40;31m  [0m[47;31m  [0m[40;31mnb[0m[47;31m  [0m[40;31m  [0m 6
5 [40;31m  [0m[47;31m  [0m[40;31m  [0m[47;31m  [0m[40;31m  [0m[47;31m  [0m[40;31m  [0m[47;31m  [0m 5
4 [47;31m  [0m[40;31m  [0m[47;31m  [0m[40;31m  [0m[47;31m  [0m[40;31mpb[0m[47;31m  [0m[40;31m  [0m 4
3 [40;31mnw[0m[47;31m  [0m[40;31m  [0m[47;31m  [0m[40;31m  [0m[47;31m  [0m[40;31m  [0m[47;31mpw[0m 3
2 [47;31mpw[0m[40;31mpw[0m[47;31mpw[0m[40;31mpw[0m[47;31mpw[0m[40;31m  [0m[47;31mpw[0m[40;31m  [0m 2
1 [40;31m  [0m[47;31mrw[0m[40;31mbw[0m[47;31mqw[0m[40;31mkw[0m[47;31mbw[0m[40;31mnw[0m[47;31mrw[0m 1
  a b c d e f g h 
1120942379
d2 -> d3   0
d2d3
[32;1m[Game] [0mPlayer's error code: 0
[32;1m[Game] [0mChecking move validity...
[32;1m[Board] [0mInitializing board...
[32;1m[Board] [0mLoading history file `championship/awesome-chess-ai-shallowcyan/history.csv`...
[32;1m[Board] [0mLoaded 8 move(s).
[32;1m[Board] [0mLoading move file `championship/awesome-chess-ai-shallowcyan/move.csv`...
[32;1m[Board] [0mWhite player is playing d2 to d3.
[32;1m[Board] [0m
[32;1m[Board] [0m    a b c d e f g h 
[32;1m[Board] [0m  -------------------
[32;1m[Board] [0m8 ||[30;1mr[0m| |[30;1mb[0m|[30;1mQ[0m|[30;1mK[0m|[30;1mb[0m|[7;1m [0m|[30;1mr[0m|| 8
[32;1m[Board] [0m  -------------------
[32;1m[Board] [0m7 ||[30;1mp[0m|[30;1mp[0m|[30;1mp[0m|[30;1mp[0m| |[30;1mp[0m|[30;1mp[0m|[30;1mp[0m|| 7
[32;1m[Board] [0m  -------------------
[32;1m[Board] [0m6 ||[7;1m [0m| |[30;1mk[0m| |[7;1m [0m|[30;1mk[0m|[7;1m [0m| || 6
[32;1m[Board] [0m  -------------------
[32;1m[Board] [0m5 || |[7;1m [0m| |[7;1m [0m| |[7;1m [0m| |[7;1m [0m|| 5
[32;1m[Board] [0m  -------------------
[32;1m[Board] [0m4 ||[7;1m [0m| |[7;1m [0m| |[7;1m [0m|[30;1mp[0m|[7;1m [0m| || 4
[32;1m[Board] [0m  -------------------
[32;1m[Board] [0m3 ||[0;1mk[0m|[7;1m [0m| |[0;1mp[0m| |[7;1m [0m| |[0;1mp[0m|| 3
[32;1m[Board] [0m  -------------------
[32;1m[Board] [0m2 ||[0;1mp[0m|[0;1mp[0m|[0;1mp[0m| |[0;1mp[0m| |[0;1mp[0m| || 2
[32;1m[Board] [0m  -------------------
[32;1m[Board] [0m1 || |[0;1mr[0m|[0;1mb[0m|[0;1mQ[0m|[0;1mK[0m|[0;1mb[0m|[0;1mk[0m|[0;1mr[0m|| 1
[32;1m[Board] [0m  -------------------
[32;1m[Board] [0m    a b c d e f g h
[32;1m[Board] [0m
[32;1m[Referee] [0mThis is the turn of the Black player...
[32;1m[Game] [0mPlayer's error code: 0
[32;1m[Game] [0mChecking move validity...
[32;1m[Board] [0mInitializing board...
[32;1m[Board] [0mLoading history file `championship/awesome-chess-ai-shallowcyan/history.csv`...
[32;1m[Board] [0mLoaded 9 move(s).
[32;1m[Board] [0mLoading move file `championship/awesome-chess-ai-shallowcyan/move.csv`...
[32;1m[Board] [0mBlack player is playing d7 to d5.
[32;1m[Board] [0m
[32;1m[Board] [0m    a b c d e f g h 
[32;1m[Board] [0m  -------------------
[32;1m[Board] [0m8 ||[30;1mr[0m| |[30;1mb[0m|[30;1mQ[0m|[30;1mK[0m|[30;1mb[0m|[7;1m [0m|[30;1mr[0m|| 8
[32;1m[Board] [0m  -------------------
[32;1m[Board] [0m7 ||[30;1mp[0m|[30;1mp[0m|[30;1mp[0m|[7;1m [0m| |[30;1mp[0m|[30;1mp[0m|[30;1mp[0m|| 7
[32;1m[Board] [0m  -------------------
[32;1m[Board] [0m6 ||[7;1m [0m| |[30;1mk[0m| |[7;1m [0m|[30;1mk[0m|[7;1m [0m| || 6
[32;1m[Board] [0m  -------------------
[32;1m[Board] [0m5 || |[7;1m [0m| |[30;1mp[0m| |[7;1m [0m| |[7;1m [0m|| 5
[32;1m[Board] [0m  -------------------
[32;1m[Board] [0m4 ||[7;1m [0m| |[7;1m [0m| |[7;1m [0m|[30;1mp[0m|[7;1m [0m| || 4
[32;1m[Board] [0m  -------------------
[32;1m[Board] [0m3 ||[0;1mk[0m|[7;1m [0m| |[0;1mp[0m| |[7;1m [0m| |[0;1mp[0m|| 3
[32;1m[Board] [0m  -------------------
[32;1m[Board] [0m2 ||[0;1mp[0m|[0;1mp[0m|[0;1mp[0m| |[0;1mp[0m| |[0;1mp[0m| || 2
[32;1m[Board] [0m  -------------------
[32;1m[Board] [0m1 || |[0;1mr[0m|[0;1mb[0m|[0;1mQ[0m|[0;1mK[0m|[0;1mb[0m|[0;1mk[0m|[0;1mr[0m|| 1
[32;1m[Board] [0m  -------------------
[32;1m[Board] [0m    a b c d e f g h
[32;1m[Board] [0m
[32;1m[Referee] [0mThis is the turn of the White player...
  a b c d e f g h 
8 [47;31mrb[0m[40;31m  [0m[47;31mbb[0m[40;31mqb[0m[47;31mkb[0m[40;31mbb[0m[47;31m  [0m[40;31mrb[0m 8
7 [40;31mpb[0m[47;31mpb[0m[40;31mpb[0m[47;31m  [0m[40;31m  [0m[47;31mpb[0m[40;31mpb[0m[47;31mpb[0m 7
6 [47;31m  [0m[40;31m  [0m[47;31mnb[0m[40;31m  [0m[47;31m  [0m[40;31mnb[0m[47;31m  [0m[40;31m  [0m 6
5 [40;31m  [0m[47;31m  [0m[40;31m  [0m[47;31mpb[0m[40;31m  [0m[47;31m  [0m[40;31m  [0m[47;31m  [0m 5
4 [47;31m  [0m[40;31m  [0m[47;31m  [0m[40;31m  [0m[47;31m  [0m[40;31mpb[0m[47;31m  [0m[40;31m  [0m 4
3 [40;31mnw[0m[47;31m  [0m[40;31m  [0m[47;31mpw[0m[40;31m  [0m[47;31m  [0m[40;31m  [0m[47;31mpw[0m 3
2 [47;31mpw[0m[40;31mpw[0m[47;31mpw[0m[40;31m  [0m[47;31mpw[0m[40;31m  [0m[47;31mpw[0m[40;31m  [0m 2
1 [40;31m  [0m[47;31mrw[0m[40;31mbw[0m[47;31mqw[0m[40;31mkw[0m[47;31mbw[0m[40;31mnw[0m[47;31mrw[0m 1
  a b c d e f g h 
3016933268
b1 -> a1 legal
c1 -> d2 legal
c1 -> e3 legal
c1 -> f4 X legal
d1 -> d2 legal
e1 -> d2 legal
e1 -> f2 legal
g1 -> f3 legal
h1 -> h2 legal
b2 -> b3 legal
b2 -> b4 legal
c2 -> c3 legal
c2 -> c4 legal
e2 -> e3 legal
e2 -> e4 legal
g2 -> g3 legal
g2 -> g4 legal
a3 -> c4 legal
a3 -> b5 legal
d3 -> d4 legal
h3 -> h4 legal
  a b c d e f g h 
8 [47;31mrb[0m[40;31m  [0m[47;31mbb[0m[40;31mqb[0m[47;31mkb[0m[40;31mbb[0m[47;31m  [0m[40;31mrb[0m 8
7 [40;31mpb[0m[47;31mpb[0m[40;31mpb[0m[47;31m  [0m[40;31m  [0m[47;31mpb[0m[40;31mpb[0m[47;31mpb[0m 7
6 [47;31m  [0m[40;31m  [0m[47;31mnb[0m[40;31m  [0m[47;31m  [0m[40;31mnb[0m[47;31m  [0m[40;31m  [0m 6
5 [40;31m  [0m[47;31m  [0m[40;31m  [0m[47;31mpb[0m[40;31m  [0m[47;31m  [0m[40;31m  [0m[47;31m  [0m 5
4 [47;31m  [0m[40;31m  [0m[47;31m  [0m[40;31m  [0m[47;31m  [0m[40;31mpb[0m[47;31m  [0m[40;31m  [0m 4
3 [40;31mnw[0m[47;31m  [0m[40;31m  [0m[47;31mpw[0m[40;31m  [0m[47;31m  [0m[40;31m  [0m[47;31mpw[0m 3
2 [47;31mpw[0m[40;31mpw[0m[47;31mpw[0m[40;31m  [0m[47;31mpw[0m[40;31m  [0m[47;31mpw[0m[40;31m  [0m 2
1 [40;31m  [0m[47;31mrw[0m[40;31mbw[0m[47;31mqw[0m[40;31mkw[0m[47;31mbw[0m[40;31mnw[0m[47;31mrw[0m 1
  a b c d e f g h 
3016933268
b2 -> b3   0
b2b3
[32;1m[Game] [0mPlayer's error code: 0
[32;1m[Game] [0mChecking move validity...
[32;1m[Board] [0mInitializing board...
[32;1m[Board] [0mLoading history file `championship/awesome-chess-ai-shallowcyan/history.csv`...
[32;1m[Board] [0mLoaded 10 move(s).
[32;1m[Board] [0mLoading move file `championship/awesome-chess-ai-shallowcyan/move.csv`...
[32;1m[Board] [0mWhite player is playing b2 to b3.
[32;1m[Board] [0m
[32;1m[Board] [0m    a b c d e f g h 
[32;1m[Board] [0m  -------------------
[32;1m[Board] [0m8 ||[30;1mr[0m| |[30;1mb[0m|[30;1mQ[0m|[30;1mK[0m|[30;1mb[0m|[7;1m [0m|[30;1mr[0m|| 8
[32;1m[Board] [0m  -------------------
[32;1m[Board] [0m7 ||[30;1mp[0m|[30;1mp[0m|[30;1mp[0m|[7;1m [0m| |[30;1mp[0m|[30;1mp[0m|[30;1mp[0m|| 7
[32;1m[Board] [0m  -------------------
[32;1m[Board] [0m6 ||[7;1m [0m| |[30;1mk[0m| |[7;1m [0m|[30;1mk[0m|[7;1m [0m| || 6
[32;1m[Board] [0m  -------------------
[32;1m[Board] [0m5 || |[7;1m [0m| |[30;1mp[0m| |[7;1m [0m| |[7;1m [0m|| 5
[32;1m[Board] [0m  -------------------
[32;1m[Board] [0m4 ||[7;1m [0m| |[7;1m [0m| |[7;1m [0m|[30;1mp[0m|[7;1m [0m| || 4
[32;1m[Board] [0m  -------------------
[32;1m[Board] [0m3 ||[0;1mk[0m|[0;1mp[0m| |[0;1mp[0m| |[7;1m [0m| |[0;1mp[0m|| 3
[32;1m[Board] [0m  -------------------
[32;1m[Board] [0m2 ||[0;1mp[0m| |[0;1mp[0m| |[0;1mp[0m| |[0;1mp[0m| || 2
[32;1m[Board] [0m  -------------------
[32;1m[Board] [0m1 || |[0;1mr[0m|[0;1mb[0m|[0;1mQ[0m|[0;1mK[0m|[0;1mb[0m|[0;1mk[0m|[0;1mr[0m|| 1
[32;1m[Board] [0m  -------------------
[32;1m[Board] [0m    a b c d e f g h
[32;1m[Board] [0m
[32;1m[Referee] [0mThis is the turn of the Black player...
[32;1m[Game] [0mPlayer's error code: 0
[32;1m[Game] [0mChecking move validity...
[32;1m[Board] [0mInitializing board...
[32;1m[Board] [0mLoading history file `championship/awesome-chess-ai-shallowcyan/history.csv`...
[32;1m[Board] [0mLoaded 11 move(s).
[32;1m[Board] [0mLoading move file `championship/awesome-chess-ai-shallowcyan/move.csv`...
[32;1m[Board] [0mBlack player is playing f8 to b4.
[32;1m[Board] [0m
[32;1m[Board] [0m    a b c d e f g h 
[32;1m[Board] [0m  -------------------
[32;1m[Board] [0m8 ||[30;1mr[0m| |[30;1mb[0m|[30;1mQ[0m|[30;1mK[0m| |[7;1m [0m|[30;1mr[0m|| 8
[32;1m[Board] [0m  -------------------
[32;1m[Board] [0m7 ||[30;1mp[0m|[30;1mp[0m|[30;1mp[0m|[7;1m [0m| |[30;1mp[0m|[30;1mp[0m|[30;1mp[0m|| 7
[32;1m[Board] [0m  -------------------
[32;1m[Board] [0m6 ||[7;1m [0m| |[30;1mk[0m| |[7;1m [0m|[30;1mk[0m|[7;1m [0m| || 6
[32;1m[Board] [0m  -------------------
[32;1m[Board] [0m5 || |[7;1m [0m| |[30;1mp[0m| |[7;1m [0m| |[7;1m [0m|| 5
[32;1m[Board] [0m  -------------------
[32;1m[Board] [0m4 ||[7;1m [0m|[30;1mb[0m|[7;1m [0m| |[7;1m [0m|[30;1mp[0m|[7;1m [0m| || 4
[32;1m[Board] [0m  -------------------
[32;1m[Board] [0m3 ||[0;1mk[0m|[0;1mp[0m| |[0;1mp[0m| |[7;1m [0m| |[0;1mp[0m|| 3
[32;1m[Board] [0m  -------------------
[32;1m[Board] [0m2 ||[0;1mp[0m| |[0;1mp[0m| |[0;1mp[0m| |[0;1mp[0m| || 2
[32;1m[Board] [0m  -------------------
[32;1m[Board] [0m1 || |[0;1mr[0m|[0;1mb[0m|[0;1mQ[0m|[0;1mK[0m|[0;1mb[0m|[0;1mk[0m|[0;1mr[0m|| 1
[32;1m[Board] [0m  -------------------
[32;1m[Board] [0m    a b c d e f g h
[32;1m[Board] [0m
[32;1m[Referee] [0mThis is the turn of the White player...
[32;1m[Board] [0m[33;1m[WARNING][0m [5;1mWhite King in check![0m
[32;1m[Board] [0m[33;1m[WARNING][0m    Threatened by Black Bishop (b4)
  a b c d e f g h 
8 [47;31mrb[0m[40;31m  [0m[47;31mbb[0m[40;31mqb[0m[47;31mkb[0m[40;31m  [0m[47;31m  [0m[40;31mrb[0m 8
7 [40;31mpb[0m[47;31mpb[0m[40;31mpb[0m[47;31m  [0m[40;31m  [0m[47;31mpb[0m[40;31mpb[0m[47;31mpb[0m 7
6 [47;31m  [0m[40;31m  [0m[47;31mnb[0m[40;31m  [0m[47;31m  [0m[40;31mnb[0m[47;31m  [0m[40;31m  [0m 6
5 [40;31m  [0m[47;31m  [0m[40;31m  [0m[47;31mpb[0m[40;31m  [0m[47;31m  [0m[40;31m  [0m[47;31m  [0m 5
4 [47;31m  [0m[40;31mbb[0m[47;31m  [0m[40;31m  [0m[47;31m  [0m[40;31mpb[0m[47;31m  [0m[40;31m  [0m 4
3 [40;31mnw[0m[47;31mpw[0m[40;31m  [0m[47;31mpw[0m[40;31m  [0m[47;31m  [0m[40;31m  [0m[47;31mpw[0m 3
2 [47;31mpw[0m[40;31m  [0m[47;31mpw[0m[40;31m  [0m[47;31mpw[0m[40;31m  [0m[47;31mpw[0m[40;31m  [0m 2
1 [40;31m  [0m[47;31mrw[0m[40;31mbw[0m[47;31mqw[0m[40;31mkw[0m[47;31mbw[0m[40;31mnw[0m[47;31mrw[0m 1
  a b c d e f g h 
607006061
b1 -> b2
b1 -> a1
c1 -> d2 legal
c1 -> e3
c1 -> f4 X
c1 -> b2
d1 -> d2 legal
e1 -> d2
e1 -> f2 legal
g1 -> f3
h1 -> h2
c2 -> c3 legal
c2 -> c4
e2 -> e3
e2 -> e4
g2 -> g3
g2 -> g4
a3 -> c4
a3 -> b5
d3 -> d4
h3 -> h4
  a b c d e f g h 
8 [47;31mrb[0m[40;31m  [0m[47;31mbb[0m[40;31mqb[0m[47;31mkb[0m[40;31m  [0m[47;31m  [0m[40;31mrb[0m 8
7 [40;31mpb[0m[47;31mpb[0m[40;31mpb[0m[47;31m  [0m[40;31m  [0m[47;31mpb[0m[40;31mpb[0m[47;31mpb[0m 7
6 [47;31m  [0m[40;31m  [0m[47;31mnb[0m[40;31m  [0m[47;31m  [0m[40;31mnb[0m[47;31m  [0m[40;31m  [0m 6
5 [40;31m  [0m[47;31m  [0m[40;31m  [0m[47;31mpb[0m[40;31m  [0m[47;31m  [0m[40;31m  [0m[47;31m  [0m 5
4 [47;31m  [0m[40;31mbb[0m[47;31m  [0m[40;31m  [0m[47;31m  [0m[40;31mpb[0m[47;31m  [0m[40;31m  [0m 4
3 [40;31mnw[0m[47;31mpw[0m[40;31m  [0m[47;31mpw[0m[40;31m  [0m[47;31m  [0m[40;31m  [0m[47;31mpw[0m 3
2 [47;31mpw[0m[40;31m  [0m[47;31mpw[0m[40;31m  [0m[47;31mpw[0m[40;31m  [0m[47;31mpw[0m[40;31m  [0m 2
1 [40;31m  [0m[47;31mrw[0m[40;31mbw[0m[47;31mqw[0m[40;31mkw[0m[47;31mbw[0m[40;31mnw[0m[47;31mrw[0m 1
  a b c d e f g h 
607006061
d1 -> d2   0
d1d2
[32;1m[Game] [0mPlayer's error code: 0
[32;1m[Game] [0mChecking move validity...
[32;1m[Board] [0mInitializing board...
[32;1m[Board] [0mLoading history file `championship/awesome-chess-ai-shallowcyan/history.csv`...
[32;1m[Board] [0mLoaded 12 move(s).
[32;1m[Board] [0mLoading move file `championship/awesome-chess-ai-shallowcyan/move.csv`...
[32;1m[Board] [0mWhite player is playing d1 to d2.
[32;1m[Board] [0m
[32;1m[Board] [0m    a b c d e f g h 
[32;1m[Board] [0m  -------------------
[32;1m[Board] [0m8 ||[30;1mr[0m| |[30;1mb[0m|[30;1mQ[0m|[30;1mK[0m| |[7;1m [0m|[30;1mr[0m|| 8
[32;1m[Board] [0m  -------------------
[32;1m[Board] [0m7 ||[30;1mp[0m|[30;1mp[0m|[30;1mp[0m|[7;1m [0m| |[30;1mp[0m|[30;1mp[0m|[30;1mp[0m|| 7
[32;1m[Board] [0m  -------------------
[32;1m[Board] [0m6 ||[7;1m [0m| |[30;1mk[0m| |[7;1m [0m|[30;1mk[0m|[7;1m [0m| || 6
[32;1m[Board] [0m  -------------------
[32;1m[Board] [0m5 || |[7;1m [0m| |[30;1mp[0m| |[7;1m [0m| |[7;1m [0m|| 5
[32;1m[Board] [0m  -------------------
[32;1m[Board] [0m4 ||[7;1m [0m|[30;1mb[0m|[7;1m [0m| |[7;1m [0m|[30;1mp[0m|[7;1m [0m| || 4
[32;1m[Board] [0m  -------------------
[32;1m[Board] [0m3 ||[0;1mk[0m|[0;1mp[0m| |[0;1mp[0m| |[7;1m [0m| |[0;1mp[0m|| 3
[32;1m[Board] [0m  -------------------
[32;1m[Board] [0m2 ||[0;1mp[0m| |[0;1mp[0m|[0;1mQ[0m|[0;1mp[0m| |[0;1mp[0m| || 2
[32;1m[Board] [0m  -------------------
[32;1m[Board] [0m1 || |[0;1mr[0m|[0;1mb[0m|[7;1m [0m|[0;1mK[0m|[0;1mb[0m|[0;1mk[0m|[0;1mr[0m|| 1
[32;1m[Board] [0m  -------------------
[32;1m[Board] [0m    a b c d e f g h
[32;1m[Board] [0m
[32;1m[Referee] [0mThis is the turn of the Black player...
[32;1m[Game] [0mPlayer's error code: 0
[32;1m[Game] [0mChecking move validity...
[32;1m[Board] [0mInitializing board...
[32;1m[Board] [0mLoading history file `championship/awesome-chess-ai-shallowcyan/history.csv`...
[32;1m[Board] [0mLoaded 13 move(s).
[32;1m[Board] [0mLoading move file `championship/awesome-chess-ai-shallowcyan/move.csv`...
[32;1m[Board] [0mBlack player is playing b4 to d2.
[32;1m[Board] [0m[5;1mBlack Bishop is taking White Queen.[0m
[32;1m[Board] [0m
[32;1m[Board] [0m    a b c d e f g h 
[32;1m[Board] [0m  -------------------
[32;1m[Board] [0m8 ||[30;1mr[0m| |[30;1mb[0m|[30;1mQ[0m|[30;1mK[0m| |[7;1m [0m|[30;1mr[0m|| 8
[32;1m[Board] [0m  -------------------
[32;1m[Board] [0m7 ||[30;1mp[0m|[30;1mp[0m|[30;1mp[0m|[7;1m [0m| |[30;1mp[0m|[30;1mp[0m|[30;1mp[0m|| 7
[32;1m[Board] [0m  -------------------
[32;1m[Board] [0m6 ||[7;1m [0m| |[30;1mk[0m| |[7;1m [0m|[30;1mk[0m|[7;1m [0m| || 6
[32;1m[Board] [0m  -------------------
[32;1m[Board] [0m5 || |[7;1m [0m| |[30;1mp[0m| |[7;1m [0m| |[7;1m [0m|| 5
[32;1m[Board] [0m  -------------------
[32;1m[Board] [0m4 ||[7;1m [0m| |[7;1m [0m| |[7;1m [0m|[30;1mp[0m|[7;1m [0m| || 4
[32;1m[Board] [0m  -------------------
[32;1m[Board] [0m3 ||[0;1mk[0m|[0;1mp[0m| |[0;1mp[0m| |[7;1m [0m| |[0;1mp[0m|| 3
[32;1m[Board] [0m  -------------------
[32;1m[Board] [0m2 ||[0;1mp[0m| |[0;1mp[0m|[30;1mb[0m|[0;1mp[0m| |[0;1mp[0m| || 2
[32;1m[Board] [0m  -------------------
[32;1m[Board] [0m1 || |[0;1mr[0m|[0;1mb[0m|[7;1m [0m|[0;1mK[0m|[0;1mb[0m|[0;1mk[0m|[0;1mr[0m|| 1
[32;1m[Board] [0m  -------------------
[32;1m[Board] [0m    a b c d e f g h
[32;1m[Board] [0m
[32;1m[Referee] [0mThis is the turn of the White player...
[32;1m[Board] [0m[33;1m[WARNING][0m [5;1mWhite King in check![0m
[32;1m[Board] [0m[33;1m[WARNING][0m    Threatened by Black Bishop (d2)
  a b c d e f g h 
8 [47;31mrb[0m[40;31m  [0m[47;31mbb[0m[40;31mqb[0m[47;31mkb[0m[40;31m  [0m[47;31m  [0m[40;31mrb[0m 8
7 [40;31mpb[0m[47;31mpb[0m[40;31mpb[0m[47;31m  [0m[40;31m  [0m[47;31mpb[0m[40;31mpb[0m[47;31mpb[0m 7
6 [47;31m  [0m[40;31m  [0m[47;31mnb[0m[40;31m  [0m[47;31m  [0m[40;31mnb[0m[47;31m  [0m[40;31m  [0m 6
5 [40;31m  [0m[47;31m  [0m[40;31m  [0m[47;31mpb[0m[40;31m  [0m[47;31m  [0m[40;31m  [0m[47;31m  [0m 5
4 [47;31m  [0m[40;31m  [0m[47;31m  [0m[40;31m  [0m[47;31m  [0m[40;31mpb[0m[47;31m  [0m[40;31m  [0m 4
3 [40;31mnw[0m[47;31mpw[0m[40;31m  [0m[47;31mpw[0m[40;31m  [0m[47;31m  [0m[40;31m  [0m[47;31mpw[0m 3
2 [47;31mpw[0m[40;31m  [0m[47;31mpw[0m[40;31mbb[0m[47;31mpw[0m[40;31m  [0m[47;31mpw[0m[40;31m  [0m 2
1 [40;31m  [0m[47;31mrw[0m[40;31mbw[0m[47;31m  [0m[40;31mkw[0m[47;31mbw[0m[40;31mnw[0m[47;31mrw[0m 1
  a b c d e f g h 
460092851
b1 -> b2
b1 -> a1
c1 -> d2 X legal
c1 -> b2
e1 -> d2 X legal
e1 -> f2 legal
e1 -> d1 legal
g1 -> f3
h1 -> h2
c2 -> c3
c2 -> c4
e2 -> e3
e2 -> e4
g2 -> g3
g2 -> g4
a3 -> c4
a3 -> b5
b3 -> b4
d3 -> d4
h3 -> h4
  a b c d e f g h 
8 [47;31mrb[0m[40;31m  [0m[47;31mbb[0m[40;31mqb[0m[47;31mkb[0m[40;31m  [0m[47;31m  [0m[40;31mrb[0m 8
7 [40;31mpb[0m[47;31mpb[0m[40;31mpb[0m[47;31m  [0m[40;31m  [0m[47;31mpb[0m[40;31mpb[0m[47;31mpb[0m 7
6 [47;31m  [0m[40;31m  [0m[47;31mnb[0m[40;31m  [0m[47;31m  [0m[40;31mnb[0m[47;31m  [0m[40;31m  [0m 6
5 [40;31m  [0m[47;31m  [0m[40;31m  [0m[47;31mpb[0m[40;31m  [0m[47;31m  [0m[40;31m  [0m[47;31m  [0m 5
4 [47;31m  [0m[40;31m  [0m[47;31m  [0m[40;31m  [0m[47;31m  [0m[40;31mpb[0m[47;31m  [0m[40;31m  [0m 4
3 [40;31mnw[0m[47;31mpw[0m[40;31m  [0m[47;31mpw[0m[40;31m  [0m[47;31m  [0m[40;31m  [0m[47;31mpw[0m 3
2 [47;31mpw[0m[40;31m  [0m[47;31mpw[0m[40;31mbb[0m[47;31mpw[0m[40;31m  [0m[47;31mpw[0m[40;31m  [0m 2
1 [40;31m  [0m[47;31mrw[0m[40;31mbw[0m[47;31m  [0m[40;31mkw[0m[47;31mbw[0m[40;31mnw[0m[47;31mrw[0m 1
  a b c d e f g h 
460092851
e1 -> d2 X   0
e1d2
[32;1m[Game] [0mPlayer's error code: 0
[32;1m[Game] [0mChecking move validity...
[32;1m[Board] [0mInitializing board...
[32;1m[Board] [0mLoading history file `championship/awesome-chess-ai-shallowcyan/history.csv`...
[32;1m[Board] [0mLoaded 14 move(s).
[32;1m[Board] [0mLoading move file `championship/awesome-chess-ai-shallowcyan/move.csv`...
[32;1m[Board] [0mWhite player is playing e1 to d2.
[32;1m[Board] [0m[5;1mWhite King is taking Black Bishop.[0m
[32;1m[Board] [0m
[32;1m[Board] [0m    a b c d e f g h 
[32;1m[Board] [0m  -------------------
[32;1m[Board] [0m8 ||[30;1mr[0m| |[30;1mb[0m|[30;1mQ[0m|[30;1mK[0m| |[7;1m [0m|[30;1mr[0m|| 8
[32;1m[Board] [0m  -------------------
[32;1m[Board] [0m7 ||[30;1mp[0m|[30;1mp[0m|[30;1mp[0m|[7;1m [0m| |[30;1mp[0m|[30;1mp[0m|[30;1mp[0m|| 7
[32;1m[Board] [0m  -------------------
[32;1m[Board] [0m6 ||[7;1m [0m| |[30;1mk[0m| |[7;1m [0m|[30;1mk[0m|[7;1m [0m| || 6
[32;1m[Board] [0m  -------------------
[32;1m[Board] [0m5 || |[7;1m [0m| |[30;1mp[0m| |[7;1m [0m| |[7;1m [0m|| 5
[32;1m[Board] [0m  -------------------
[32;1m[Board] [0m4 ||[7;1m [0m| |[7;1m [0m| |[7;1m [0m|[30;1mp[0m|[7;1m [0m| || 4
[32;1m[Board] [0m  -------------------
[32;1m[Board] [0m3 ||[0;1mk[0m|[0;1mp[0m| |[0;1mp[0m| |[7;1m [0m| |[0;1mp[0m|| 3
[32;1m[Board] [0m  -------------------
[32;1m[Board] [0m2 ||[0;1mp[0m| |[0;1mp[0m|[0;1mK[0m|[0;1mp[0m| |[0;1mp[0m| || 2
[32;1m[Board] [0m  -------------------
[32;1m[Board] [0m1 || |[0;1mr[0m|[0;1mb[0m|[7;1m [0m| |[0;1mb[0m|[0;1mk[0m|[0;1mr[0m|| 1
[32;1m[Board] [0m  -------------------
[32;1m[Board] [0m    a b c d e f g h
[32;1m[Board] [0m
[32;1m[Referee] [0mThis is the turn of the Black player...
[32;1m[Game] [0mPlayer's error code: 0
[32;1m[Game] [0mChecking move validity...
[32;1m[Board] [0mInitializing board...
[32;1m[Board] [0mLoading history file `championship/awesome-chess-ai-shallowcyan/history.csv`...
[32;1m[Board] [0mLoaded 15 move(s).
[32;1m[Board] [0mLoading move file `championship/awesome-chess-ai-shallowcyan/move.csv`...
[32;1m[Board] [0mBlack player is playing c6 to b8.
[32;1m[Board] [0m
[32;1m[Board] [0m    a b c d e f g h 
[32;1m[Board] [0m  -------------------
[32;1m[Board] [0m8 ||[30;1mr[0m|[30;1mk[0m|[30;1mb[0m|[30;1mQ[0m|[30;1mK[0m| |[7;1m [0m|[30;1mr[0m|| 8
[32;1m[Board] [0m  -------------------
[32;1m[Board] [0m7 ||[30;1mp[0m|[30;1mp[0m|[30;1mp[0m|[7;1m [0m| |[30;1mp[0m|[30;1mp[0m|[30;1mp[0m|| 7
[32;1m[Board] [0m  -------------------
[32;1m[Board] [0m6 ||[7;1m [0m| |[7;1m [0m| |[7;1m [0m|[30;1mk[0m|[7;1m [0m| || 6
[32;1m[Board] [0m  -------------------
[32;1m[Board] [0m5 || |[7;1m [0m| |[30;1mp[0m| |[7;1m [0m| |[7;1m [0m|| 5
[32;1m[Board] [0m  -------------------
[32;1m[Board] [0m4 ||[7;1m [0m| |[7;1m [0m| |[7;1m [0m|[30;1mp[0m|[7;1m [0m| || 4
[32;1m[Board] [0m  -------------------
[32;1m[Board] [0m3 ||[0;1mk[0m|[0;1mp[0m| |[0;1mp[0m| |[7;1m [0m| |[0;1mp[0m|| 3
[32;1m[Board] [0m  -------------------
[32;1m[Board] [0m2 ||[0;1mp[0m| |[0;1mp[0m|[0;1mK[0m|[0;1mp[0m| |[0;1mp[0m| || 2
[32;1m[Board] [0m  -------------------
[32;1m[Board] [0m1 || |[0;1mr[0m|[0;1mb[0m|[7;1m [0m| |[0;1mb[0m|[0;1mk[0m|[0;1mr[0m|| 1
[32;1m[Board] [0m  -------------------
[32;1m[Board] [0m    a b c d e f g h
[32;1m[Board] [0m
[32;1m[Referee] [0mThis is the turn of the White player...
  a b c d e f g h 
8 [47;31mrb[0m[40;31mnb[0m[47;31mbb[0m[40;31mqb[0m[47;31mkb[0m[40;31m  [0m[47;31m  [0m[40;31mrb[0m 8
7 [40;31mpb[0m[47;31mpb[0m[40;31mpb[0m[47;31m  [0m[40;31m  [0m[47;31mpb[0m[40;31mpb[0m[47;31mpb[0m 7
6 [47;31m  [0m[40;31m  [0m[47;31m  [0m[40;31m  [0m[47;31m  [0m[40;31mnb[0m[47;31m  [0m[40;31m  [0m 6
5 [40;31m  [0m[47;31m  [0m[40;31m  [0m[47;31mpb[0m[40;31m  [0m[47;31m  [0m[40;31m  [0m[47;31m  [0m 5
4 [47;31m  [0m[40;31m  [0m[47;31m  [0m[40;31m  [0m[47;31m  [0m[40;31mpb[0m[47;31m  [0m[40;31m  [0m 4
3 [40;31mnw[0m[47;31mpw[0m[40;31m  [0m[47;31mpw[0m[40;31m  [0m[47;31m  [0m[40;31m  [0m[47;31mpw[0m 3
2 [47;31mpw[0m[40;31m  [0m[47;31mpw[0m[40;31mkw[0m[47;31mpw[0m[40;31m  [0m[47;31mpw[0m[40;31m  [0m 2
1 [40;31m  [0m[47;31mrw[0m[40;31mbw[0m[47;31m  [0m[40;31m  [0m[47;31mbw[0m[40;31mnw[0m[47;31mrw[0m 1
  a b c d e f g h 
3960607688
b1 -> b2 legal
b1 -> a1 legal
c1 -> b2 legal
g1 -> f3 legal
h1 -> h2 legal
c2 -> c3 legal
c2 -> c4 legal
d2 -> c3 legal
d2 -> e3
d2 -> e1 legal
d2 -> d1 legal
e2 -> e3 legal
e2 -> e4 legal
g2 -> g3 legal
g2 -> g4 legal
a3 -> c4 legal
a3 -> b5 legal
b3 -> b4 legal
d3 -> d4 legal
h3 -> h4 legal
  a b c d e f g h 
8 [47;31mrb[0m[40;31mnb[0m[47;31mbb[0m[40;31mqb[0m[47;31mkb[0m[40;31m  [0m[47;31m  [0m[40;31mrb[0m 8
7 [40;31mpb[0m[47;31mpb[0m[40;31mpb[0m[47;31m  [0m[40;31m  [0m[47;31mpb[0m[40;31mpb[0m[47;31mpb[0m 7
6 [47;31m  [0m[40;31m  [0m[47;31m  [0m[40;31m  [0m[47;31m  [0m[40;31mnb[0m[47;31m  [0m[40;31m  [0m 6
5 [40;31m  [0m[47;31m  [0m[40;31m  [0m[47;31mpb[0m[40;31m  [0m[47;31m  [0m[40;31m  [0m[47;31m  [0m 5
4 [47;31m  [0m[40;31m  [0m[47;31m  [0m[40;31m  [0m[47;31m  [0m[40;31mpb[0m[47;31m  [0m[40;31m  [0m 4
3 [40;31mnw[0m[47;31mpw[0m[40;31m  [0m[47;31mpw[0m[40;31m  [0m[47;31m  [0m[40;31m  [0m[47;31mpw[0m 3
2 [47;31mpw[0m[40;31m  [0m[47;31mpw[0m[40;31mkw[0m[47;31mpw[0m[40;31m  [0m[47;31mpw[0m[40;31m  [0m 2
1 [40;31m  [0m[47;31mrw[0m[40;31mbw[0m[47;31m  [0m[40;31m  [0m[47;31mbw[0m[40;31mnw[0m[47;31mrw[0m 1
  a b c d e f g h 
3960607688
d2 -> c3   0
d2c3
[32;1m[Game] [0mPlayer's error code: 0
[32;1m[Game] [0mChecking move validity...
[32;1m[Board] [0mInitializing board...
[32;1m[Board] [0mLoading history file `championship/awesome-chess-ai-shallowcyan/history.csv`...
[32;1m[Board] [0mLoaded 16 move(s).
[32;1m[Board] [0mLoading move file `championship/awesome-chess-ai-shallowcyan/move.csv`...
[32;1m[Board] [0mWhite player is playing d2 to c3.
[32;1m[Board] [0m
[32;1m[Board] [0m    a b c d e f g h 
[32;1m[Board] [0m  -------------------
[32;1m[Board] [0m8 ||[30;1mr[0m|[30;1mk[0m|[30;1mb[0m|[30;1mQ[0m|[30;1mK[0m| |[7;1m [0m|[30;1mr[0m|| 8
[32;1m[Board] [0m  -------------------
[32;1m[Board] [0m7 ||[30;1mp[0m|[30;1mp[0m|[30;1mp[0m|[7;1m [0m| |[30;1mp[0m|[30;1mp[0m|[30;1mp[0m|| 7
[32;1m[Board] [0m  -------------------
[32;1m[Board] [0m6 ||[7;1m [0m| |[7;1m [0m| |[7;1m [0m|[30;1mk[0m|[7;1m [0m| || 6
[32;1m[Board] [0m  -------------------
[32;1m[Board] [0m5 || |[7;1m [0m| |[30;1mp[0m| |[7;1m [0m| |[7;1m [0m|| 5
[32;1m[Board] [0m  -------------------
[32;1m[Board] [0m4 ||[7;1m [0m| |[7;1m [0m| |[7;1m [0m|[30;1mp[0m|[7;1m [0m| || 4
[32;1m[Board] [0m  -------------------
[32;1m[Board] [0m3 ||[0;1mk[0m|[0;1mp[0m|[0;1mK[0m|[0;1mp[0m| |[7;1m [0m| |[0;1mp[0m|| 3
[32;1m[Board] [0m  -------------------
[32;1m[Board] [0m2 ||[0;1mp[0m| |[0;1mp[0m| |[0;1mp[0m| |[0;1mp[0m| || 2
[32;1m[Board] [0m  -------------------
[32;1m[Board] [0m1 || |[0;1mr[0m|[0;1mb[0m|[7;1m [0m| |[0;1mb[0m|[0;1mk[0m|[0;1mr[0m|| 1
[32;1m[Board] [0m  -------------------
[32;1m[Board] [0m    a b c d e f g h
[32;1m[Board] [0m
[32;1m[Referee] [0mThis is the turn of the Black player...
[32;1m[Game] [0mPlayer's error code: 0
[32;1m[Game] [0mChecking move validity...
[32;1m[Board] [0mInitializing board...
[32;1m[Board] [0mLoading history file `championship/awesome-chess-ai-shallowcyan/history.csv`...
[32;1m[Board] [0mLoaded 17 move(s).
[32;1m[Board] [0mLoading move file `championship/awesome-chess-ai-shallowcyan/move.csv`...
[32;1m[Board] [0mBlack player is playing d5 to d4.
[32;1m[Board] [0m
[32;1m[Board] [0m    a b c d e f g h 
[32;1m[Board] [0m  -------------------
[32;1m[Board] [0m8 ||[30;1mr[0m|[30;1mk[0m|[30;1mb[0m|[30;1mQ[0m|[30;1mK[0m| |[7;1m [0m|[30;1mr[0m|| 8
[32;1m[Board] [0m  -------------------
[32;1m[Board] [0m7 ||[30;1mp[0m|[30;1mp[0m|[30;1mp[0m|[7;1m [0m| |[30;1mp[0m|[30;1mp[0m|[30;1mp[0m|| 7
[32;1m[Board] [0m  -------------------
[32;1m[Board] [0m6 ||[7;1m [0m| |[7;1m [0m| |[7;1m [0m|[30;1mk[0m|[7;1m [0m| || 6
[32;1m[Board] [0m  -------------------
[32;1m[Board] [0m5 || |[7;1m [0m| |[7;1m [0m| |[7;1m [0m| |[7;1m [0m|| 5
[32;1m[Board] [0m  -------------------
[32;1m[Board] [0m4 ||[7;1m [0m| |[7;1m [0m|[30;1mp[0m|[7;1m [0m|[30;1mp[0m|[7;1m [0m| || 4
[32;1m[Board] [0m  -------------------
[32;1m[Board] [0m3 ||[0;1mk[0m|[0;1mp[0m|[0;1mK[0m|[0;1mp[0m| |[7;1m [0m| |[0;1mp[0m|| 3
[32;1m[Board] [0m  -------------------
[32;1m[Board] [0m2 ||[0;1mp[0m| |[0;1mp[0m| |[0;1mp[0m| |[0;1mp[0m| || 2
[32;1m[Board] [0m  -------------------
[32;1m[Board] [0m1 || |[0;1mr[0m|[0;1mb[0m|[7;1m [0m| |[0;1mb[0m|[0;1mk[0m|[0;1mr[0m|| 1
[32;1m[Board] [0m  -------------------
[32;1m[Board] [0m    a b c d e f g h
[32;1m[Board] [0m
[32;1m[Referee] [0mThis is the turn of the White player...
[32;1m[Board] [0m[33;1m[WARNING][0m [5;1mWhite King in check![0m
[32;1m[Board] [0m[33;1m[WARNING][0m    Threatened by Black Pawn (d4)
  a b c d e f g h 
8 [47;31mrb[0m[40;31mnb[0m[47;31mbb[0m[40;31mqb[0m[47;31mkb[0m[40;31m  [0m[47;31m  [0m[40;31mrb[0m 8
7 [40;31mpb[0m[47;31mpb[0m[40;31mpb[0m[47;31m  [0m[40;31m  [0m[47;31mpb[0m[40;31mpb[0m[47;31mpb[0m 7
6 [47;31m  [0m[40;31m  [0m[47;31m  [0m[40;31m  [0m[47;31m  [0m[40;31mnb[0m[47;31m  [0m[40;31m  [0m 6
5 [40;31m  [0m[47;31m  [0m[40;31m  [0m[47;31m  [0m[40;31m  [0m[47;31m  [0m[40;31m  [0m[47;31m  [0m 5
4 [47;31m  [0m[40;31m  [0m[47;31m  [0m[40;31mpb[0m[47;31m  [0m[40;31mpb[0m[47;31m  [0m[40;31m  [0m 4
3 [40;31mnw[0m[47;31mpw[0m[40;31mkw[0m[47;31mpw[0m[40;31m  [0m[47;31m  [0m[40;31m  [0m[47;31mpw[0m 3
2 [47;31mpw[0m[40;31m  [0m[47;31mpw[0m[40;31m  [0m[47;31mpw[0m[40;31m  [0m[47;31mpw[0m[40;31m  [0m 2
1 [40;31m  [0m[47;31mrw[0m[40;31mbw[0m[47;31m  [0m[40;31m  [0m[47;31mbw[0m[40;31mnw[0m[47;31mrw[0m 1
  a b c d e f g h 
3191215046
b1 -> b2
b1 -> a1
c1 -> d2
c1 -> e3
c1 -> f4 X
c1 -> b2
g1 -> f3
h1 -> h2
e2 -> e3
e2 -> e4
g2 -> g3
g2 -> g4
a3 -> c4
a3 -> b5
b3 -> b4
c3 -> b4 legal
c3 -> c4 legal
c3 -> d4 X
c3 -> d2 legal
c3 -> b2 legal
h3 -> h4
  a b c d e f g h 
8 [47;31mrb[0m[40;31mnb[0m[47;31mbb[0m[40;31mqb[0m[47;31mkb[0m[40;31m  [0m[47;31m  [0m[40;31mrb[0m 8
7 [40;31mpb[0m[47;31mpb[0m[40;31mpb[0m[47;31m  [0m[40;31m  [0m[47;31mpb[0m[40;31mpb[0m[47;31mpb[0m 7
6 [47;31m  [0m[40;31m  [0m[47;31m  [0m[40;31m  [0m[47;31m  [0m[40;31mnb[0m[47;31m  [0m[40;31m  [0m 6
5 [40;31m  [0m[47;31m  [0m[40;31m  [0m[47;31m  [0m[40;31m  [0m[47;31m  [0m[40;31m  [0m[47;31m  [0m 5
4 [47;31m  [0m[40;31m  [0m[47;31m  [0m[40;31mpb[0m[47;31m  [0m[40;31mpb[0m[47;31m  [0m[40;31m  [0m 4
3 [40;31mnw[0m[47;31mpw[0m[40;31mkw[0m[47;31mpw[0m[40;31m  [0m[47;31m  [0m[40;31m  [0m[47;31mpw[0m 3
2 [47;31mpw[0m[40;31m  [0m[47;31mpw[0m[40;31m  [0m[47;31mpw[0m[40;31m  [0m[47;31mpw[0m[40;31m  [0m 2
1 [40;31m  [0m[47;31mrw[0m[40;31mbw[0m[47;31m  [0m[40;31m  [0m[47;31mbw[0m[40;31mnw[0m[47;31mrw[0m 1
  a b c d e f g h 
3191215046
c3 -> d2   0
c3d2
[32;1m[Game] [0mPlayer's error code: 0
[32;1m[Game] [0mChecking move validity...
[32;1m[Board] [0mInitializing board...
[32;1m[Board] [0mLoading history file `championship/awesome-chess-ai-shallowcyan/history.csv`...
[32;1m[Board] [0mLoaded 18 move(s).
[32;1m[Board] [0mLoading move file `championship/awesome-chess-ai-shallowcyan/move.csv`...
[32;1m[Board] [0mWhite player is playing c3 to d2.
[32;1m[Board] [0m
[32;1m[Board] [0m    a b c d e f g h 
[32;1m[Board] [0m  -------------------
[32;1m[Board] [0m8 ||[30;1mr[0m|[30;1mk[0m|[30;1mb[0m|[30;1mQ[0m|[30;1mK[0m| |[7;1m [0m|[30;1mr[0m|| 8
[32;1m[Board] [0m  -------------------
[32;1m[Board] [0m7 ||[30;1mp[0m|[30;1mp[0m|[30;1mp[0m|[7;1m [0m| |[30;1mp[0m|[30;1mp[0m|[30;1mp[0m|| 7
[32;1m[Board] [0m  -------------------
[32;1m[Board] [0m6 ||[7;1m [0m| |[7;1m [0m| |[7;1m [0m|[30;1mk[0m|[7;1m [0m| || 6
[32;1m[Board] [0m  -------------------
[32;1m[Board] [0m5 || |[7;1m [0m| |[7;1m [0m| |[7;1m [0m| |[7;1m [0m|| 5
[32;1m[Board] [0m  -------------------
[32;1m[Board] [0m4 ||[7;1m [0m| |[7;1m [0m|[30;1mp[0m|[7;1m [0m|[30;1mp[0m|[7;1m [0m| || 4
[32;1m[Board] [0m  -------------------
[32;1m[Board] [0m3 ||[0;1mk[0m|[0;1mp[0m| |[0;1mp[0m| |[7;1m [0m| |[0;1mp[0m|| 3
[32;1m[Board] [0m  -------------------
[32;1m[Board] [0m2 ||[0;1mp[0m| |[0;1mp[0m|[0;1mK[0m|[0;1mp[0m| |[0;1mp[0m| || 2
[32;1m[Board] [0m  -------------------
[32;1m[Board] [0m1 || |[0;1mr[0m|[0;1mb[0m|[7;1m [0m| |[0;1mb[0m|[0;1mk[0m|[0;1mr[0m|| 1
[32;1m[Board] [0m  -------------------
[32;1m[Board] [0m    a b c d e f g h
[32;1m[Board] [0m
[32;1m[Referee] [0mThis is the turn of the Black player...
[32;1m[Game] [0mPlayer's error code: 0
[32;1m[Game] [0mChecking move validity...
[32;1m[Board] [0mInitializing board...
[32;1m[Board] [0mLoading history file `championship/awesome-chess-ai-shallowcyan/history.csv`...
[32;1m[Board] [0mLoaded 19 move(s).
[32;1m[Board] [0mLoading move file `championship/awesome-chess-ai-shallowcyan/move.csv`...
[32;1m[Board] [0mBlack player is playing d8 to d6.
[32;1m[Board] [0m
[32;1m[Board] [0m    a b c d e f g h 
[32;1m[Board] [0m  -------------------
[32;1m[Board] [0m8 ||[30;1mr[0m|[30;1mk[0m|[30;1mb[0m| |[30;1mK[0m| |[7;1m [0m|[30;1mr[0m|| 8
[32;1m[Board] [0m  -------------------
[32;1m[Board] [0m7 ||[30;1mp[0m|[30;1mp[0m|[30;1mp[0m|[7;1m [0m| |[30;1mp[0m|[30;1mp[0m|[30;1mp[0m|| 7
[32;1m[Board] [0m  -------------------
[32;1m[Board] [0m6 ||[7;1m [0m| |[7;1m [0m|[30;1mQ[0m|[7;1m [0m|[30;1mk[0m|[7;1m [0m| || 6
[32;1m[Board] [0m  -------------------
[32;1m[Board] [0m5 || |[7;1m [0m| |[7;1m [0m| |[7;1m [0m| |[7;1m [0m|| 5
[32;1m[Board] [0m  -------------------
[32;1m[Board] [0m4 ||[7;1m [0m| |[7;1m [0m|[30;1mp[0m|[7;1m [0m|[30;1mp[0m|[7;1m [0m| || 4
[32;1m[Board] [0m  -------------------
[32;1m[Board] [0m3 ||[0;1mk[0m|[0;1mp[0m| |[0;1mp[0m| |[7;1m [0m| |[0;1mp[0m|| 3
[32;1m[Board] [0m  -------------------
[32;1m[Board] [0m2 ||[0;1mp[0m| |[0;1mp[0m|[0;1mK[0m|[0;1mp[0m| |[0;1mp[0m| || 2
[32;1m[Board] [0m  -------------------
[32;1m[Board] [0m1 || |[0;1mr[0m|[0;1mb[0m|[7;1m [0m| |[0;1mb[0m|[0;1mk[0m|[0;1mr[0m|| 1
[32;1m[Board] [0m  -------------------
[32;1m[Board] [0m    a b c d e f g h
[32;1m[Board] [0m
[32;1m[Referee] [0mThis is the turn of the White player...
  a b c d e f g h 
8 [47;31mrb[0m[40;31mnb[0m[47;31mbb[0m[40;31m  [0m[47;31mkb[0m[40;31m  [0m[47;31m  [0m[40;31mrb[0m 8
7 [40;31mpb[0m[47;31mpb[0m[40;31mpb[0m[47;31m  [0m[40;31m  [0m[47;31mpb[0m[40;31mpb[0m[47;31mpb[0m 7
6 [47;31m  [0m[40;31m  [0m[47;31m  [0m[40;31mqb[0m[47;31m  [0m[40;31mnb[0m[47;31m  [0m[40;31m  [0m 6
5 [40;31m  [0m[47;31m  [0m[40;31m  [0m[47;31m  [0m[40;31m  [0m[47;31m  [0m[40;31m  [0m[47;31m  [0m 5
4 [47;31m  [0m[40;31m  [0m[47;31m  [0m[40;31mpb[0m[47;31m  [0m[40;31mpb[0m[47;31m  [0m[40;31m  [0m 4
3 [40;31mnw[0m[47;31mpw[0m[40;31m  [0m[47;31mpw[0m[40;31m  [0m[47;31m  [0m[40;31m  [0m[47;31mpw[0m 3
2 [47;31mpw[0m[40;31m  [0m[47;31mpw[0m[40;31mkw[0m[47;31mpw[0m[40;31m  [0m[47;31mpw[0m[40;31m  [0m 2
1 [40;31m  [0m[47;31mrw[0m[40;31mbw[0m[47;31m  [0m[40;31m  [0m[47;31mbw[0m[40;31mnw[0m[47;31mrw[0m 1
  a b c d e f g h 
4162241193
b1 -> b2 legal
b1 -> a1 legal
c1 -> b2 legal
g1 -> f3 legal
h1 -> h2 legal
c2 -> c3 legal
c2 -> c4 legal
d2 -> c3
d2 -> e3
d2 -> e1 legal
d2 -> d1 legal
e2 -> e3 legal
e2 -> e4 legal
g2 -> g3 legal
g2 -> g4 legal
a3 -> c4 legal
a3 -> b5 legal
b3 -> b4 legal
h3 -> h4 legal
  a b c d e f g h 
8 [47;31mrb[0m[40;31mnb[0m[47;31mbb[0m[40;31m  [0m[47;31mkb[0m[40;31m  [0m[47;31m  [0m[40;31mrb[0m 8
7 [40;31mpb[0m[47;31mpb[0m[40;31mpb[0m[47;31m  [0m[40;31m  [0m[47;31mpb[0m[40;31mpb[0m[47;31mpb[0m 7
6 [47;31m  [0m[40;31m  [0m[47;31m  [0m[40;31mqb[0m[47;31m  [0m[40;31mnb[0m[47;31m  [0m[40;31m  [0m 6
5 [40;31m  [0m[47;31m  [0m[40;31m  [0m[47;31m  [0m[40;31m  [0m[47;31m  [0m[40;31m  [0m[47;31m  [0m 5
4 [47;31m  [0m[40;31m  [0m[47;31m  [0m[40;31mpb[0m[47;31m  [0m[40;31mpb[0m[47;31m  [0m[40;31m  [0m 4
3 [40;31mnw[0m[47;31mpw[0m[40;31m  [0m[47;31mpw[0m[40;31m  [0m[47;31m  [0m[40;31m  [0m[47;31mpw[0m 3
2 [47;31mpw[0m[40;31m  [0m[47;31mpw[0m[40;31mkw[0m[47;31mpw[0m[40;31m  [0m[47;31mpw[0m[40;31m  [0m 2
1 [40;31m  [0m[47;31mrw[0m[40;31mbw[0m[47;31m  [0m[40;31m  [0m[47;31mbw[0m[40;31mnw[0m[47;31mrw[0m 1
  a b c d e f g h 
4162241193
h3 -> h4   0
h3h4
[32;1m[Game] [0mPlayer's error code: 0
[32;1m[Game] [0mChecking move validity...
[32;1m[Board] [0mInitializing board...
[32;1m[Board] [0mLoading history file `championship/awesome-chess-ai-shallowcyan/history.csv`...
[32;1m[Board] [0mLoaded 20 move(s).
[32;1m[Board] [0mLoading move file `championship/awesome-chess-ai-shallowcyan/move.csv`...
[32;1m[Board] [0mWhite player is playing h3 to h4.
[32;1m[Board] [0m
[32;1m[Board] [0m    a b c d e f g h 
[32;1m[Board] [0m  -------------------
[32;1m[Board] [0m8 ||[30;1mr[0m|[30;1mk[0m|[30;1mb[0m| |[30;1mK[0m| |[7;1m [0m|[30;1mr[0m|| 8
[32;1m[Board] [0m  -------------------
[32;1m[Board] [0m7 ||[30;1mp[0m|[30;1mp[0m|[30;1mp[0m|[7;1m [0m| |[30;1mp[0m|[30;1mp[0m|[30;1mp[0m|| 7
[32;1m[Board] [0m  -------------------
[32;1m[Board] [0m6 ||[7;1m [0m| |[7;1m [0m|[30;1mQ[0m|[7;1m [0m|[30;1mk[0m|[7;1m [0m| || 6
[32;1m[Board] [0m  -------------------
[32;1m[Board] [0m5 || |[7;1m [0m| |[7;1m [0m| |[7;1m [0m| |[7;1m [0m|| 5
[32;1m[Board] [0m  -------------------
[32;1m[Board] [0m4 ||[7;1m [0m| |[7;1m [0m|[30;1mp[0m|[7;1m [0m|[30;1mp[0m|[7;1m [0m|[0;1mp[0m|| 4
[32;1m[Board] [0m  -------------------
[32;1m[Board] [0m3 ||[0;1mk[0m|[0;1mp[0m| |[0;1mp[0m| |[7;1m [0m| |[7;1m [0m|| 3
[32;1m[Board] [0m  -------------------
[32;1m[Board] [0m2 ||[0;1mp[0m| |[0;1mp[0m|[0;1mK[0m|[0;1mp[0m| |[0;1mp[0m| || 2
[32;1m[Board] [0m  -------------------
[32;1m[Board] [0m1 || |[0;1mr[0m|[0;1mb[0m|[7;1m [0m| |[0;1mb[0m|[0;1mk[0m|[0;1mr[0m|| 1
[32;1m[Board] [0m  -------------------
[32;1m[Board] [0m    a b c d e f g h
[32;1m[Board] [0m
[32;1m[Referee] [0mThis is the turn of the Black player...
[32;1m[Game] [0mPlayer's error code: 0
[32;1m[Game] [0mChecking move validity...
[32;1m[Board] [0mInitializing board...
[32;1m[Board] [0mLoading history file `championship/awesome-chess-ai-shallowcyan/history.csv`...
[32;1m[Board] [0mLoaded 21 move(s).
[32;1m[Board] [0mLoading move file `championship/awesome-chess-ai-shallowcyan/move.csv`...
[32;1m[Board] [0mBlack player is playing f6 to g8.
[32;1m[Board] [0m
[32;1m[Board] [0m    a b c d e f g h 
[32;1m[Board] [0m  -------------------
[32;1m[Board] [0m8 ||[30;1mr[0m|[30;1mk[0m|[30;1mb[0m| |[30;1mK[0m| |[30;1mk[0m|[30;1mr[0m|| 8
[32;1m[Board] [0m  -------------------
[32;1m[Board] [0m7 ||[30;1mp[0m|[30;1mp[0m|[30;1mp[0m|[7;1m [0m| |[30;1mp[0m|[30;1mp[0m|[30;1mp[0m|| 7
[32;1m[Board] [0m  -------------------
[32;1m[Board] [0m6 ||[7;1m [0m| |[7;1m [0m|[30;1mQ[0m|[7;1m [0m| |[7;1m [0m| || 6
[32;1m[Board] [0m  -------------------
[32;1m[Board] [0m5 || |[7;1m [0m| |[7;1m [0m| |[7;1m [0m| |[7;1m [0m|| 5
[32;1m[Board] [0m  -------------------
[32;1m[Board] [0m4 ||[7;1m [0m| |[7;1m [0m|[30;1mp[0m|[7;1m [0m|[30;1mp[0m|[7;1m [0m|[0;1mp[0m|| 4
[32;1m[Board] [0m  -------------------
[32;1m[Board] [0m3 ||[0;1mk[0m|[0;1mp[0m| |[0;1mp[0m| |[7;1m [0m| |[7;1m [0m|| 3
[32;1m[Board] [0m  -------------------
[32;1m[Board] [0m2 ||[0;1mp[0m| |[0;1mp[0m|[0;1mK[0m|[0;1mp[0m| |[0;1mp[0m| || 2
[32;1m[Board] [0m  -------------------
[32;1m[Board] [0m1 || |[0;1mr[0m|[0;1mb[0m|[7;1m [0m| |[0;1mb[0m|[0;1mk[0m|[0;1mr[0m|| 1
[32;1m[Board] [0m  -------------------
[32;1m[Board] [0m    a b c d e f g h
[32;1m[Board] [0m
[32;1m[Referee] [0mThis is the turn of the White player...
  a b c d e f g h 
8 [47;31mrb[0m[40;31mnb[0m[47;31mbb[0m[40;31m  [0m[47;31mkb[0m[40;31m  [0m[47;31mnb[0m[40;31mrb[0m 8
7 [40;31mpb[0m[47;31mpb[0m[40;31mpb[0m[47;31m  [0m[40;31m  [0m[47;31mpb[0m[40;31mpb[0m[47;31mpb[0m 7
6 [47;31m  [0m[40;31m  [0m[47;31m  [0m[40;31mqb[0m[47;31m  [0m[40;31m  [0m[47;31m  [0m[40;31m  [0m 6
5 [40;31m  [0m[47;31m  [0m[40;31m  [0m[47;31m  [0m[40;31m  [0m[47;31m  [0m[40;31m  [0m[47;31m  [0m 5
4 [47;31m  [0m[40;31m  [0m[47;31m  [0m[40;31mpb[0m[47;31m  [0m[40;31mpb[0m[47;31m  [0m[40;31mpw[0m 4
3 [40;31mnw[0m[47;31mpw[0m[40;31m  [0m[47;31mpw[0m[40;31m  [0m[47;31m  [0m[40;31m  [0m[47;31m  [0m 3
2 [47;31mpw[0m[40;31m  [0m[47;31mpw[0m[40;31mkw[0m[47;31mpw[0m[40;31m  [0m[47;31mpw[0m[40;31m  [0m 2
1 [40;31m  [0m[47;31mrw[0m[40;31mbw[0m[47;31m  [0m[40;31m  [0m[47;31mbw[0m[40;31mnw[0m[47;31mrw[0m 1
  a b c d e f g h 
187543740
b1 -> b2 legal
b1 -> a1 legal
c1 -> b2 legal
g1 -> f3 legal
g1 -> h3 legal
h1 -> h2 legal
h1 -> h3 legal
c2 -> c3 legal
c2 -> c4 legal
d2 -> c3
d2 -> e3
d2 -> e1 legal
d2 -> d1 legal
e2 -> e3 legal
e2 -> e4 legal
g2 -> g3 legal
g2 -> g4 legal
a3 -> c4 legal
a3 -> b5 legal
b3 -> b4 legal
h4 -> h5 legal
  a b c d e f g h 
8 [47;31mrb[0m[40;31mnb[0m[47;31mbb[0m[40;31m  [0m[47;31mkb[0m[40;31m  [0m[47;31mnb[0m[40;31mrb[0m 8
7 [40;31mpb[0m[47;31mpb[0m[40;31mpb[0m[47;31m  [0m[40;31m  [0m[47;31mpb[0m[40;31mpb[0m[47;31mpb[0m 7
6 [47;31m  [0m[40;31m  [0m[47;31m  [0m[40;31mqb[0m[47;31m  [0m[40;31m  [0m[47;31m  [0m[40;31m  [0m 6
5 [40;31m  [0m[47;31m  [0m[40;31m  [0m[47;31m  [0m[40;31m  [0m[47;31m  [0m[40;31m  [0m[47;31m  [0m 5
4 [47;31m  [0m[40;31m  [0m[47;31m  [0m[40;31mpb[0m[47;31m  [0m[40;31mpb[0m[47;31m  [0m[40;31mpw[0m 4
3 [40;31mnw[0m[47;31mpw[0m[40;31m  [0m[47;31mpw[0m[40;31m  [0m[47;31m  [0m[40;31m  [0m[47;31m  [0m 3
2 [47;31mpw[0m[40;31m  [0m[47;31mpw[0m[40;31mkw[0m[47;31mpw[0m[40;31m  [0m[47;31mpw[0m[40;31m  [0m 2
1 [40;31m  [0m[47;31mrw[0m[40;31mbw[0m[47;31m  [0m[40;31m  [0m[47;31mbw[0m[40;31mnw[0m[47;31mrw[0m 1
  a b c d e f g h 
187543740
c2 -> c4   0
c2c4
[32;1m[Game] [0mPlayer's error code: 0
[32;1m[Game] [0mChecking move validity...
[32;1m[Board] [0mInitializing board...
[32;1m[Board] [0mLoading history file `championship/awesome-chess-ai-shallowcyan/history.csv`...
[32;1m[Board] [0mLoaded 22 move(s).
[32;1m[Board] [0mLoading move file `championship/awesome-chess-ai-shallowcyan/move.csv`...
[32;1m[Board] [0mWhite player is playing c2 to c4.
[32;1m[Board] [0m
[32;1m[Board] [0m    a b c d e f g h 
[32;1m[Board] [0m  -------------------
[32;1m[Board] [0m8 ||[30;1mr[0m|[30;1mk[0m|[30;1mb[0m| |[30;1mK[0m| |[30;1mk[0m|[30;1mr[0m|| 8
[32;1m[Board] [0m  -------------------
[32;1m[Board] [0m7 ||[30;1mp[0m|[30;1mp[0m|[30;1mp[0m|[7;1m [0m| |[30;1mp[0m|[30;1mp[0m|[30;1mp[0m|| 7
[32;1m[Board] [0m  -------------------
[32;1m[Board] [0m6 ||[7;1m [0m| |[7;1m [0m|[30;1mQ[0m|[7;1m [0m| |[7;1m [0m| || 6
[32;1m[Board] [0m  -------------------
[32;1m[Board] [0m5 || |[7;1m [0m| |[7;1m [0m| |[7;1m [0m| |[7;1m [0m|| 5
[32;1m[Board] [0m  -------------------
[32;1m[Board] [0m4 ||[7;1m [0m| |[0;1mp[0m|[30;1mp[0m|[7;1m [0m|[30;1mp[0m|[7;1m [0m|[0;1mp[0m|| 4
[32;1m[Board] [0m  -------------------
[32;1m[Board] [0m3 ||[0;1mk[0m|[0;1mp[0m| |[0;1mp[0m| |[7;1m [0m| |[7;1m [0m|| 3
[32;1m[Board] [0m  -------------------
[32;1m[Board] [0m2 ||[0;1mp[0m| |[7;1m [0m|[0;1mK[0m|[0;1mp[0m| |[0;1mp[0m| || 2
[32;1m[Board] [0m  -------------------
[32;1m[Board] [0m1 || |[0;1mr[0m|[0;1mb[0m|[7;1m [0m| |[0;1mb[0m|[0;1mk[0m|[0;1mr[0m|| 1
[32;1m[Board] [0m  -------------------
[32;1m[Board] [0m    a b c d e f g h
[32;1m[Board] [0m
[32;1m[Referee] [0mThis is the turn of the Black player...
[32;1m[Game] [0mPlayer's error code: 0
[32;1m[Game] [0mChecking move validity...
[32;1m[Board] [0mInitializing board...
[32;1m[Board] [0mLoading history file `championship/awesome-chess-ai-shallowcyan/history.csv`...
[32;1m[Board] [0mLoaded 23 move(s).
[32;1m[Board] [0mLoading move file `championship/awesome-chess-ai-shallowcyan/move.csv`...
[32;1m[Board] [0mBlack player is playing d4 to c3.
[32;1m[Board] [0mBlack Pawn (d4) is capturing 'en-passant'...
[32;1m[Board] [0m[5;1mBlack Pawn is taking White Pawn.[0m
[32;1m[Board] [0m
[32;1m[Board] [0m    a b c d e f g h 
[32;1m[Board] [0m  -------------------
[32;1m[Board] [0m8 ||[30;1mr[0m|[30;1mk[0m|[30;1mb[0m| |[30;1mK[0m| |[30;1mk[0m|[30;1mr[0m|| 8
[32;1m[Board] [0m  -------------------
[32;1m[Board] [0m7 ||[30;1mp[0m|[30;1mp[0m|[30;1mp[0m|[7;1m [0m| |[30;1mp[0m|[30;1mp[0m|[30;1mp[0m|| 7
[32;1m[Board] [0m  -------------------
[32;1m[Board] [0m6 ||[7;1m [0m| |[7;1m [0m|[30;1mQ[0m|[7;1m [0m| |[7;1m [0m| || 6
[32;1m[Board] [0m  -------------------
[32;1m[Board] [0m5 || |[7;1m [0m| |[7;1m [0m| |[7;1m [0m| |[7;1m [0m|| 5
[32;1m[Board] [0m  -------------------
[32;1m[Board] [0m4 ||[7;1m [0m| |[7;1m [0m| |[7;1m [0m|[30;1mp[0m|[7;1m [0m|[0;1mp[0m|| 4
[32;1m[Board] [0m  -------------------
[32;1m[Board] [0m3 ||[0;1mk[0m|[0;1mp[0m|[30;1mp[0m|[0;1mp[0m| |[7;1m [0m| |[7;1m [0m|| 3
[32;1m[Board] [0m  -------------------
[32;1m[Board] [0m2 ||[0;1mp[0m| |[7;1m [0m|[0;1mK[0m|[0;1mp[0m| |[0;1mp[0m| || 2
[32;1m[Board] [0m  -------------------
[32;1m[Board] [0m1 || |[0;1mr[0m|[0;1mb[0m|[7;1m [0m| |[0;1mb[0m|[0;1mk[0m|[0;1mr[0m|| 1
[32;1m[Board] [0m  -------------------
[32;1m[Board] [0m    a b c d e f g h
[32;1m[Board] [0m
[32;1m[Referee] [0mThis is the turn of the White player...
[32;1m[Board] [0m[33;1m[WARNING][0m [5;1mWhite King in check![0m
[32;1m[Board] [0m[33;1m[WARNING][0m    Threatened by Black Pawn (c3)
  a b c d e f g h 
8 [47;31mrb[0m[40;31mnb[0m[47;31mbb[0m[40;31m  [0m[47;31mkb[0m[40;31m  [0m[47;31mnb[0m[40;31mrb[0m 8
7 [40;31mpb[0m[47;31mpb[0m[40;31mpb[0m[47;31m  [0m[40;31m  [0m[47;31mpb[0m[40;31mpb[0m[47;31mpb[0m 7
6 [47;31m  [0m[40;31m  [0m[47;31m  [0m[40;31mqb[0m[47;31m  [0m[40;31m  [0m[47;31m  [0m[40;31m  [0m 6
5 [40;31m  [0m[47;31m  [0m[40;31m  [0m[47;31m  [0m[40;31m  [0m[47;31m  [0m[40;31m  [0m[47;31m  [0m 5
4 [47;31m  [0m[40;31m  [0m[47;31m  [0m[40;31m  [0m[47;31m  [0m[40;31mpb[0m[47;31m  [0m[40;31mpw[0m 4
3 [40;31mnw[0m[47;31mpw[0m[40;31mpb[0m[47;31mpw[0m[40;31m  [0m[47;31m  [0m[40;31m  [0m[47;31m  [0m 3
2 [47;31mpw[0m[40;31m  [0m[47;31m  [0m[40;31mkw[0m[47;31mpw[0m[40;31m  [0m[47;31mpw[0m[40;31m  [0m 2
1 [40;31m  [0m[47;31mrw[0m[40;31mbw[0m[47;31m  [0m[40;31m  [0m[47;31mbw[0m[40;31mnw[0m[47;31mrw[0m 1
  a b c d e f g h 
3511698987
b1 -> b2
b1 -> a1
c1 -> b2
g1 -> f3
g1 -> h3
h1 -> h2
h1 -> h3
d2 -> c3 X legal
d2 -> e3
d2 -> c2 legal
d2 -> e1 legal
d2 -> d1 legal
e2 -> e3
e2 -> e4
g2 -> g3
g2 -> g4
a3 -> c4
a3 -> b5
a3 -> c2
b3 -> b4
d3 -> d4
h4 -> h5
  a b c d e f g h 
8 [47;31mrb[0m[40;31mnb[0m[47;31mbb[0m[40;31m  [0m[47;31mkb[0m[40;31m  [0m[47;31mnb[0m[40;31mrb[0m 8
7 [40;31mpb[0m[47;31mpb[0m[40;31mpb[0m[47;31m  [0m[40;31m  [0m[47;31mpb[0m[40;31mpb[0m[47;31mpb[0m 7
6 [47;31m  [0m[40;31m  [0m[47;31m  [0m[40;31mqb[0m[47;31m  [0m[40;31m  [0m[47;31m  [0m[40;31m  [0m 6
5 [40;31m  [0m[47;31m  [0m[40;31m  [0m[47;31m  [0m[40;31m  [0m[47;31m  [0m[40;31m  [0m[47;31m  [0m 5
4 [47;31m  [0m[40;31m  [0m[47;31m  [0m[40;31m  [0m[47;31m  [0m[40;31mpb[0m[47;31m  [0m[40;31mpw[0m 4
3 [40;31mnw[0m[47;31mpw[0m[40;31mpb[0m[47;31mpw[0m[40;31m  [0m[47;31m  [0m[40;31m  [0m[47;31m  [0m 3
2 [47;31mpw[0m[40;31m  [0m[47;31m  [0m[40;31mkw[0m[47;31mpw[0m[40;31m  [0m[47;31mpw[0m[40;31m  [0m 2
1 [40;31m  [0m[47;31mrw[0m[40;31mbw[0m[47;31m  [0m[40;31m  [0m[47;31mbw[0m[40;31mnw[0m[47;31mrw[0m 1
  a b c d e f g h 
3511698987
d2 -> d1   0
d2d1
[32;1m[Game] [0mPlayer's error code: 0
[32;1m[Game] [0mChecking move validity...
[32;1m[Board] [0mInitializing board...
[32;1m[Board] [0mLoading history file `championship/awesome-chess-ai-shallowcyan/history.csv`...
[32;1m[Board] [0mLoaded 24 move(s).
[32;1m[Board] [0mLoading move file `championship/awesome-chess-ai-shallowcyan/move.csv`...
[32;1m[Board] [0mWhite player is playing d2 to d1.
[32;1m[Board] [0m
[32;1m[Board] [0m    a b c d e f g h 
[32;1m[Board] [0m  -------------------
[32;1m[Board] [0m8 ||[30;1mr[0m|[30;1mk[0m|[30;1mb[0m| |[30;1mK[0m| |[30;1mk[0m|[30;1mr[0m|| 8
[32;1m[Board] [0m  -------------------
[32;1m[Board] [0m7 ||[30;1mp[0m|[30;1mp[0m|[30;1mp[0m|[7;1m [0m| |[30;1mp[0m|[30;1mp[0m|[30;1mp[0m|| 7
[32;1m[Board] [0m  -------------------
[32;1m[Board] [0m6 ||[7;1m [0m| |[7;1m [0m|[30;1mQ[0m|[7;1m [0m| |[7;1m [0m| || 6
[32;1m[Board] [0m  -------------------
[32;1m[Board] [0m5 || |[7;1m [0m| |[7;1m [0m| |[7;1m [0m| |[7;1m [0m|| 5
[32;1m[Board] [0m  -------------------
[32;1m[Board] [0m4 ||[7;1m [0m| |[7;1m [0m| |[7;1m [0m|[30;1mp[0m|[7;1m [0m|[0;1mp[0m|| 4
[32;1m[Board] [0m  -------------------
[32;1m[Board] [0m3 ||[0;1mk[0m|[0;1mp[0m|[30;1mp[0m|[0;1mp[0m| |[7;1m [0m| |[7;1m [0m|| 3
[32;1m[Board] [0m  -------------------
[32;1m[Board] [0m2 ||[0;1mp[0m| |[7;1m [0m| |[0;1mp[0m| |[0;1mp[0m| || 2
[32;1m[Board] [0m  -------------------
[32;1m[Board] [0m1 || |[0;1mr[0m|[0;1mb[0m|[0;1mK[0m| |[0;1mb[0m|[0;1mk[0m|[0;1mr[0m|| 1
[32;1m[Board] [0m  -------------------
[32;1m[Board] [0m    a b c d e f g h
[32;1m[Board] [0m
[32;1m[Referee] [0mThis is the turn of the Black player...
[32;1m[Game] [0mPlayer's error code: 0
[32;1m[Game] [0mChecking move validity...
[32;1m[Board] [0mInitializing board...
[32;1m[Board] [0mLoading history file `championship/awesome-chess-ai-shallowcyan/history.csv`...
[32;1m[Board] [0mLoaded 25 move(s).
[32;1m[Board] [0mLoading move file `championship/awesome-chess-ai-shallowcyan/move.csv`...
[32;1m[Board] [0mBlack player is playing c8 to g4.
[32;1m[Board] [0m
[32;1m[Board] [0m    a b c d e f g h 
[32;1m[Board] [0m  -------------------
[32;1m[Board] [0m8 ||[30;1mr[0m|[30;1mk[0m|[7;1m [0m| |[30;1mK[0m| |[30;1mk[0m|[30;1mr[0m|| 8
[32;1m[Board] [0m  -------------------
[32;1m[Board] [0m7 ||[30;1mp[0m|[30;1mp[0m|[30;1mp[0m|[7;1m [0m| |[30;1mp[0m|[30;1mp[0m|[30;1mp[0m|| 7
[32;1m[Board] [0m  -------------------
[32;1m[Board] [0m6 ||[7;1m [0m| |[7;1m [0m|[30;1mQ[0m|[7;1m [0m| |[7;1m [0m| || 6
[32;1m[Board] [0m  -------------------
[32;1m[Board] [0m5 || |[7;1m [0m| |[7;1m [0m| |[7;1m [0m| |[7;1m [0m|| 5
[32;1m[Board] [0m  -------------------
[32;1m[Board] [0m4 ||[7;1m [0m| |[7;1m [0m| |[7;1m [0m|[30;1mp[0m|[30;1mb[0m|[0;1mp[0m|| 4
[32;1m[Board] [0m  -------------------
[32;1m[Board] [0m3 ||[0;1mk[0m|[0;1mp[0m|[30;1mp[0m|[0;1mp[0m| |[7;1m [0m| |[7;1m [0m|| 3
[32;1m[Board] [0m  -------------------
[32;1m[Board] [0m2 ||[0;1mp[0m| |[7;1m [0m| |[0;1mp[0m| |[0;1mp[0m| || 2
[32;1m[Board] [0m  -------------------
[32;1m[Board] [0m1 || |[0;1mr[0m|[0;1mb[0m|[0;1mK[0m| |[0;1mb[0m|[0;1mk[0m|[0;1mr[0m|| 1
[32;1m[Board] [0m  -------------------
[32;1m[Board] [0m    a b c d e f g h
[32;1m[Board] [0m
[32;1m[Referee] [0mThis is the turn of the White player...
  a b c d e f g h 
8 [47;31mrb[0m[40;31mnb[0m[47;31m  [0m[40;31m  [0m[47;31mkb[0m[40;31m  [0m[47;31mnb[0m[40;31mrb[0m 8
7 [40;31mpb[0m[47;31mpb[0m[40;31mpb[0m[47;31m  [0m[40;31m  [0m[47;31mpb[0m[40;31mpb[0m[47;31mpb[0m 7
6 [47;31m  [0m[40;31m  [0m[47;31m  [0m[40;31mqb[0m[47;31m  [0m[40;31m  [0m[47;31m  [0m[40;31m  [0m 6
5 [40;31m  [0m[47;31m  [0m[40;31m  [0m[47;31m  [0m[40;31m  [0m[47;31m  [0m[40;31m  [0m[47;31m  [0m 5
4 [47;31m  [0m[40;31m  [0m[47;31m  [0m[40;31m  [0m[47;31m  [0m[40;31mpb[0m[47;31mbb[0m[40;31mpw[0m 4
3 [40;31mnw[0m[47;31mpw[0m[40;31mpb[0m[47;31mpw[0m[40;31m  [0m[47;31m  [0m[40;31m  [0m[47;31m  [0m 3
2 [47;31mpw[0m[40;31m  [0m[47;31m  [0m[40;31m  [0m[47;31mpw[0m[40;31m  [0m[47;31mpw[0m[40;31m  [0m 2
1 [40;31m  [0m[47;31mrw[0m[40;31mbw[0m[47;31mkw[0m[40;31m  [0m[47;31mbw[0m[40;31mnw[0m[47;31mrw[0m 1
  a b c d e f g h 
4156683595
b1 -> b2 legal
b1 -> a1 legal
c1 -> d2 legal
c1 -> e3 legal
c1 -> f4 X legal
c1 -> b2 legal
d1 -> e1 legal
d1 -> c2 legal
d1 -> d2
g1 -> f3 legal
g1 -> h3 legal
h1 -> h2 legal
h1 -> h3 legal
e2 -> e3
e2 -> e4
g2 -> g3 legal
a3 -> c4 legal
a3 -> b5 legal
a3 -> c2 legal
b3 -> b4 legal
d3 -> d4 legal
h4 -> h5 legal
  a b c d e f g h 
8 [47;31mrb[0m[40;31mnb[0m[47;31m  [0m[40;31m  [0m[47;31mkb[0m[40;31m  [0m[47;31mnb[0m[40;31mrb[0m 8
7 [40;31mpb[0m[47;31mpb[0m[40;31mpb[0m[47;31m  [0m[40;31m  [0m[47;31mpb[0m[40;31mpb[0m[47;31mpb[0m 7
6 [47;31m  [0m[40;31m  [0m[47;31m  [0m[40;31mqb[0m[47;31m  [0m[40;31m  [0m[47;31m  [0m[40;31m  [0m 6
5 [40;31m  [0m[47;31m  [0m[40;31m  [0m[47;31m  [0m[40;31m  [0m[47;31m  [0m[40;31m  [0m[47;31m  [0m 5
4 [47;31m  [0m[40;31m  [0m[47;31m  [0m[40;31m  [0m[47;31m  [0m[40;31mpb[0m[47;31mbb[0m[40;31mpw[0m 4
3 [40;31mnw[0m[47;31mpw[0m[40;31mpb[0m[47;31mpw[0m[40;31m  [0m[47;31m  [0m[40;31m  [0m[47;31m  [0m 3
2 [47;31mpw[0m[40;31m  [0m[47;31m  [0m[40;31m  [0m[47;31mpw[0m[40;31m  [0m[47;31mpw[0m[40;31m  [0m 2
1 [40;31m  [0m[47;31mrw[0m[40;31mbw[0m[47;31mkw[0m[40;31m  [0m[47;31mbw[0m[40;31mnw[0m[47;31mrw[0m 1
  a b c d e f g h 
4156683595
g2 -> g3   0
g2g3
[32;1m[Game] [0mPlayer's error code: 0
[32;1m[Game] [0mChecking move validity...
[32;1m[Board] [0mInitializing board...
[32;1m[Board] [0mLoading history file `championship/awesome-chess-ai-shallowcyan/history.csv`...
[32;1m[Board] [0mLoaded 26 move(s).
[32;1m[Board] [0mLoading move file `championship/awesome-chess-ai-shallowcyan/move.csv`...
[32;1m[Board] [0mWhite player is playing g2 to g3.
[32;1m[Board] [0m
[32;1m[Board] [0m    a b c d e f g h 
[32;1m[Board] [0m  -------------------
[32;1m[Board] [0m8 ||[30;1mr[0m|[30;1mk[0m|[7;1m [0m| |[30;1mK[0m| |[30;1mk[0m|[30;1mr[0m|| 8
[32;1m[Board] [0m  -------------------
[32;1m[Board] [0m7 ||[30;1mp[0m|[30;1mp[0m|[30;1mp[0m|[7;1m [0m| |[30;1mp[0m|[30;1mp[0m|[30;1mp[0m|| 7
[32;1m[Board] [0m  -------------------
[32;1m[Board] [0m6 ||[7;1m [0m| |[7;1m [0m|[30;1mQ[0m|[7;1m [0m| |[7;1m [0m| || 6
[32;1m[Board] [0m  -------------------
[32;1m[Board] [0m5 || |[7;1m [0m| |[7;1m [0m| |[7;1m [0m| |[7;1m [0m|| 5
[32;1m[Board] [0m  -------------------
[32;1m[Board] [0m4 ||[7;1m [0m| |[7;1m [0m| |[7;1m [0m|[30;1mp[0m|[30;1mb[0m|[0;1mp[0m|| 4
[32;1m[Board] [0m  -------------------
[32;1m[Board] [0m3 ||[0;1mk[0m|[0;1mp[0m|[30;1mp[0m|[0;1mp[0m| |[7;1m [0m|[0;1mp[0m|[7;1m [0m|| 3
[32;1m[Board] [0m  -------------------
[32;1m[Board] [0m2 ||[0;1mp[0m| |[7;1m [0m| |[0;1mp[0m| |[7;1m [0m| || 2
[32;1m[Board] [0m  -------------------
[32;1m[Board] [0m1 || |[0;1mr[0m|[0;1mb[0m|[0;1mK[0m| |[0;1mb[0m|[0;1mk[0m|[0;1mr[0m|| 1
[32;1m[Board] [0m  -------------------
[32;1m[Board] [0m    a b c d e f g h
[32;1m[Board] [0m
[32;1m[Referee] [0mThis is the turn of the Black player...
[32;1m[Game] [0mPlayer's error code: 0
[32;1m[Game] [0mChecking move validity...
[32;1m[Board] [0mInitializing board...
[32;1m[Board] [0mLoading history file `championship/awesome-chess-ai-shallowcyan/history.csv`...
[32;1m[Board] [0mLoaded 27 move(s).
[32;1m[Board] [0mLoading move file `championship/awesome-chess-ai-shallowcyan/move.csv`...
[32;1m[Board] [0mBlack player is playing d6 to d3.
[32;1m[Board] [0m[5;1mBlack Queen is taking White Pawn.[0m
[32;1m[Board] [0m
[32;1m[Board] [0m    a b c d e f g h 
[32;1m[Board] [0m  -------------------
[32;1m[Board] [0m8 ||[30;1mr[0m|[30;1mk[0m|[7;1m [0m| |[30;1mK[0m| |[30;1mk[0m|[30;1mr[0m|| 8
[32;1m[Board] [0m  -------------------
[32;1m[Board] [0m7 ||[30;1mp[0m|[30;1mp[0m|[30;1mp[0m|[7;1m [0m| |[30;1mp[0m|[30;1mp[0m|[30;1mp[0m|| 7
[32;1m[Board] [0m  -------------------
[32;1m[Board] [0m6 ||[7;1m [0m| |[7;1m [0m| |[7;1m [0m| |[7;1m [0m| || 6
[32;1m[Board] [0m  -------------------
[32;1m[Board] [0m5 || |[7;1m [0m| |[7;1m [0m| |[7;1m [0m| |[7;1m [0m|| 5
[32;1m[Board] [0m  -------------------
[32;1m[Board] [0m4 ||[7;1m [0m| |[7;1m [0m| |[7;1m [0m|[30;1mp[0m|[30;1mb[0m|[0;1mp[0m|| 4
[32;1m[Board] [0m  -------------------
[32;1m[Board] [0m3 ||[0;1mk[0m|[0;1mp[0m|[30;1mp[0m|[30;1mQ[0m| |[7;1m [0m|[0;1mp[0m|[7;1m [0m|| 3
[32;1m[Board] [0m  -------------------
[32;1m[Board] [0m2 ||[0;1mp[0m| |[7;1m [0m| |[0;1mp[0m| |[7;1m [0m| || 2
[32;1m[Board] [0m  -------------------
[32;1m[Board] [0m1 || |[0;1mr[0m|[0;1mb[0m|[0;1mK[0m| |[0;1mb[0m|[0;1mk[0m|[0;1mr[0m|| 1
[32;1m[Board] [0m  -------------------
[32;1m[Board] [0m    a b c d e f g h
[32;1m[Board] [0m
[32;1m[Referee] [0mThis is the turn of the White player...
[32;1m[Board] [0m[33;1m[WARNING][0m [5;1mWhite King in check![0m
[32;1m[Board] [0m[33;1m[WARNING][0m    Threatened by Black Queen (d3)
  a b c d e f g h 
8 [47;31mrb[0m[40;31mnb[0m[47;31m  [0m[40;31m  [0m[47;31mkb[0m[40;31m  [0m[47;31mnb[0m[40;31mrb[0m 8
7 [40;31mpb[0m[47;31mpb[0m[40;31mpb[0m[47;31m  [0m[40;31m  [0m[47;31mpb[0m[40;31mpb[0m[47;31mpb[0m 7
6 [47;31m  [0m[40;31m  [0m[47;31m  [0m[40;31m  [0m[47;31m  [0m[40;31m  [0m[47;31m  [0m[40;31m  [0m 6
5 [40;31m  [0m[47;31m  [0m[40;31m  [0m[47;31m  [0m[40;31m  [0m[47;31m  [0m[40;31m  [0m[47;31m  [0m 5
4 [47;31m  [0m[40;31m  [0m[47;31m  [0m[40;31m  [0m[47;31m  [0m[40;31mpb[0m[47;31mbb[0m[40;31mpw[0m 4
3 [40;31mnw[0m[47;31mpw[0m[40;31mpb[0m[47;31mqb[0m[40;31m  [0m[47;31m  [0m[40;31mpw[0m[47;31m  [0m 3
2 [47;31mpw[0m[40;31m  [0m[47;31m  [0m[40;31m  [0m[47;31mpw[0m[40;31m  [0m[47;31m  [0m[40;31m  [0m 2
1 [40;31m  [0m[47;31mrw[0m[40;31mbw[0m[47;31mkw[0m[40;31m  [0m[47;31mbw[0m[40;31mnw[0m[47;31mrw[0m 1
  a b c d e f g h 
1778848382
b1 -> b2
b1 -> a1
c1 -> d2 legal
c1 -> e3
c1 -> f4 X
c1 -> b2
d1 -> e1 legal
d1 -> c2
d1 -> d2
f1 -> g2
f1 -> h3
g1 -> f3
g1 -> h3
h1 -> h2
h1 -> h3
e2 -> e3
e2 -> d3 X
e2 -> e4
a3 -> c4
a3 -> b5
a3 -> c2
b3 -> b4
g3 -> f4 X
h4 -> h5
  a b c d e f g h 
8 [47;31mrb[0m[40;31mnb[0m[47;31m  [0m[40;31m  [0m[47;31mkb[0m[40;31m  [0m[47;31mnb[0m[40;31mrb[0m 8
7 [40;31mpb[0m[47;31mpb[0m[40;31mpb[0m[47;31m  [0m[40;31m  [0m[47;31mpb[0m[40;31mpb[0m[47;31mpb[0m 7
6 [47;31m  [0m[40;31m  [0m[47;31m  [0m[40;31m  [0m[47;31m  [0m[40;31m  [0m[47;31m  [0m[40;31m  [0m 6
5 [40;31m  [0m[47;31m  [0m[40;31m  [0m[47;31m  [0m[40;31m  [0m[47;31m  [0m[40;31m  [0m[47;31m  [0m 5
4 [47;31m  [0m[40;31m  [0m[47;31m  [0m[40;31m  [0m[47;31m  [0m[40;31mpb[0m[47;31mbb[0m[40;31mpw[0m 4
3 [40;31mnw[0m[47;31mpw[0m[40;31mpb[0m[47;31mqb[0m[40;31m  [0m[47;31m  [0m[40;31mpw[0m[47;31m  [0m 3
2 [47;31mpw[0m[40;31m  [0m[47;31m  [0m[40;31m  [0m[47;31mpw[0m[40;31m  [0m[47;31m  [0m[40;31m  [0m 2
1 [40;31m  [0m[47;31mrw[0m[40;31mbw[0m[47;31mkw[0m[40;31m  [0m[47;31mbw[0m[40;31mnw[0m[47;31mrw[0m 1
  a b c d e f g h 
1778848382
c1 -> d2   0
c1d2
[32;1m[Game] [0mPlayer's error code: 0
[32;1m[Game] [0mChecking move validity...
[32;1m[Board] [0mInitializing board...
[32;1m[Board] [0mLoading history file `championship/awesome-chess-ai-shallowcyan/history.csv`...
[32;1m[Board] [0mLoaded 28 move(s).
[32;1m[Board] [0mLoading move file `championship/awesome-chess-ai-shallowcyan/move.csv`...
[32;1m[Board] [0mWhite player is playing c1 to d2.
[32;1m[Board] [0m
[32;1m[Board] [0m    a b c d e f g h 
[32;1m[Board] [0m  -------------------
[32;1m[Board] [0m8 ||[30;1mr[0m|[30;1mk[0m|[7;1m [0m| |[30;1mK[0m| |[30;1mk[0m|[30;1mr[0m|| 8
[32;1m[Board] [0m  -------------------
[32;1m[Board] [0m7 ||[30;1mp[0m|[30;1mp[0m|[30;1mp[0m|[7;1m [0m| |[30;1mp[0m|[30;1mp[0m|[30;1mp[0m|| 7
[32;1m[Board] [0m  -------------------
[32;1m[Board] [0m6 ||[7;1m [0m| |[7;1m [0m| |[7;1m [0m| |[7;1m [0m| || 6
[32;1m[Board] [0m  -------------------
[32;1m[Board] [0m5 || |[7;1m [0m| |[7;1m [0m| |[7;1m [0m| |[7;1m [0m|| 5
[32;1m[Board] [0m  -------------------
[32;1m[Board] [0m4 ||[7;1m [0m| |[7;1m [0m| |[7;1m [0m|[30;1mp[0m|[30;1mb[0m|[0;1mp[0m|| 4
[32;1m[Board] [0m  -------------------
[32;1m[Board] [0m3 ||[0;1mk[0m|[0;1mp[0m|[30;1mp[0m|[30;1mQ[0m| |[7;1m [0m|[0;1mp[0m|[7;1m [0m|| 3
[32;1m[Board] [0m  -------------------
[32;1m[Board] [0m2 ||[0;1mp[0m| |[7;1m [0m|[0;1mb[0m|[0;1mp[0m| |[7;1m [0m| || 2
[32;1m[Board] [0m  -------------------
[32;1m[Board] [0m1 || |[0;1mr[0m| |[0;1mK[0m| |[0;1mb[0m|[0;1mk[0m|[0;1mr[0m|| 1
[32;1m[Board] [0m  -------------------
[32;1m[Board] [0m    a b c d e f g h
[32;1m[Board] [0m
[32;1m[Referee] [0mThis is the turn of the Black player...
[32;1m[Game] [0mPlayer's error code: 0
[32;1m[Game] [0mChecking move validity...
[32;1m[Board] [0mInitializing board...
[32;1m[Board] [0mLoading history file `championship/awesome-chess-ai-shallowcyan/history.csv`...
[32;1m[Board] [0mLoaded 29 move(s).
[32;1m[Board] [0mLoading move file `championship/awesome-chess-ai-shallowcyan/move.csv`...
[32;1m[Board] [0mBlack player is playing d3 to d2.
[32;1m[Board] [0m[5;1mBlack Queen is taking White Bishop.[0m
[32;1m[Board] [0m
[32;1m[Board] [0m    a b c d e f g h 
[32;1m[Board] [0m  -------------------
[32;1m[Board] [0m8 ||[30;1mr[0m|[30;1mk[0m|[7;1m [0m| |[30;1mK[0m| |[30;1mk[0m|[30;1mr[0m|| 8
[32;1m[Board] [0m  -------------------
[32;1m[Board] [0m7 ||[30;1mp[0m|[30;1mp[0m|[30;1mp[0m|[7;1m [0m| |[30;1mp[0m|[30;1mp[0m|[30;1mp[0m|| 7
[32;1m[Board] [0m  -------------------
[32;1m[Board] [0m6 ||[7;1m [0m| |[7;1m [0m| |[7;1m [0m| |[7;1m [0m| || 6
[32;1m[Board] [0m  -------------------
[32;1m[Board] [0m5 || |[7;1m [0m| |[7;1m [0m| |[7;1m [0m| |[7;1m [0m|| 5
[32;1m[Board] [0m  -------------------
[32;1m[Board] [0m4 ||[7;1m [0m| |[7;1m [0m| |[7;1m [0m|[30;1mp[0m|[30;1mb[0m|[0;1mp[0m|| 4
[32;1m[Board] [0m  -------------------
[32;1m[Board] [0m3 ||[0;1mk[0m|[0;1mp[0m|[30;1mp[0m|[7;1m [0m| |[7;1m [0m|[0;1mp[0m|[7;1m [0m|| 3
[32;1m[Board] [0m  -------------------
[32;1m[Board] [0m2 ||[0;1mp[0m| |[7;1m [0m|[30;1mQ[0m|[0;1mp[0m| |[7;1m [0m| || 2
[32;1m[Board] [0m  -------------------
[32;1m[Board] [0m1 || |[0;1mr[0m| |[0;1mK[0m| |[0;1mb[0m|[0;1mk[0m|[0;1mr[0m|| 1
[32;1m[Board] [0m  -------------------
[32;1m[Board] [0m    a b c d e f g h
[32;1m[Board] [0m
[32;1m[Referee] [0mThis is the turn of the White player...
[32;1m[Board] [0m[33;1m[WARNING][0m [5;1mWhite King in checkmate![0m
[32;1m[Board] [0m[33;1m[WARNING][0m The Black player wins!
