[32;1m[Board] [0mInitializing board...
[32;1m[Board] [0m
[32;1m[Board] [0m    a b c d e f g h 
[32;1m[Board] [0m  -------------------
[32;1m[Board] [0m8 ||[30;1mr[0m|[30;1mk[0m|[30;1mb[0m|[30;1mQ[0m|[30;1mK[0m|[30;1mb[0m|[30;1mk[0m|[30;1mr[0m|| 8
[32;1m[Board] [0m  -------------------
[32;1m[Board] [0m7 ||[30;1mp[0m|[30;1mp[0m|[30;1mp[0m|[30;1mp[0m|[30;1mp[0m|[30;1mp[0m|[30;1mp[0m|[30;1mp[0m|| 7
[32;1m[Board] [0m  -------------------
[32;1m[Board] [0m6 ||[7;1m [0m| |[7;1m [0m| |[7;1m [0m| |[7;1m [0m| || 6
[32;1m[Board] [0m  -------------------
[32;1m[Board] [0m5 || |[7;1m [0m| |[7;1m [0m| |[7;1m [0m| |[7;1m [0m|| 5
[32;1m[Board] [0m  -------------------
[32;1m[Board] [0m4 ||[7;1m [0m| |[7;1m [0m| |[7;1m [0m| |[7;1m [0m| || 4
[32;1m[Board] [0m  -------------------
[32;1m[Board] [0m3 || |[7;1m [0m| |[7;1m [0m| |[7;1m [0m| |[7;1m [0m|| 3
[32;1m[Board] [0m  -------------------
[32;1m[Board] [0m2 ||[0;1mp[0m|[0;1mp[0m|[0;1mp[0m|[0;1mp[0m|[0;1mp[0m|[0;1mp[0m|[0;1mp[0m|[0;1mp[0m|| 2
[32;1m[Board] [0m  -------------------
[32;1m[Board] [0m1 ||[0;1mr[0m|[0;1mk[0m|[0;1mb[0m|[0;1mQ[0m|[0;1mK[0m|[0;1mb[0m|[0;1mk[0m|[0;1mr[0m|| 1
[32;1m[Board] [0m  -------------------
[32;1m[Board] [0m    a b c d e f g h
[32;1m[Board] [0m
[32;1m[Referee] [0mThis is the turn of the White player...
0 0 0 0 0 0 0 0 
0 0 0 0 0 0 0 0 
- - - - - - - - 
- - - - - - - - 
- - - - - - - - 
- - - - - - - - 
1 1 1 1 1 1 1 1 
1 1 1 1 1 1 1 1 
--------
0 0 0 0 0 0 0 0 
0 0 0 0 0 0 0 0 
- - - - - - - - 
- - - - - - - - 
- 1 - - - - - - 
- - - - - - - - 
1 - 1 1 1 1 1 1 
1 1 1 1 1 1 1 1 
[32;1m[Game] [0mPlayer's error code: 0
[32;1m[Game] [0mChecking move validity...
[32;1m[Board] [0mInitializing board...
[32;1m[Board] [0mLoading history file `championship/check-innit-mate-lizzie-iii/history.csv`...
[32;1m[Board] [0mLoaded 0 move(s).
[32;1m[Board] [0mLoading move file `championship/check-innit-mate-lizzie-iii/move.csv`...
[32;1m[Board] [0mWhite player is playing b2 to b4.
[32;1m[Board] [0m
[32;1m[Board] [0m    a b c d e f g h 
[32;1m[Board] [0m  -------------------
[32;1m[Board] [0m8 ||[30;1mr[0m|[30;1mk[0m|[30;1mb[0m|[30;1mQ[0m|[30;1mK[0m|[30;1mb[0m|[30;1mk[0m|[30;1mr[0m|| 8
[32;1m[Board] [0m  -------------------
[32;1m[Board] [0m7 ||[30;1mp[0m|[30;1mp[0m|[30;1mp[0m|[30;1mp[0m|[30;1mp[0m|[30;1mp[0m|[30;1mp[0m|[30;1mp[0m|| 7
[32;1m[Board] [0m  -------------------
[32;1m[Board] [0m6 ||[7;1m [0m| |[7;1m [0m| |[7;1m [0m| |[7;1m [0m| || 6
[32;1m[Board] [0m  -------------------
[32;1m[Board] [0m5 || |[7;1m [0m| |[7;1m [0m| |[7;1m [0m| |[7;1m [0m|| 5
[32;1m[Board] [0m  -------------------
[32;1m[Board] [0m4 ||[7;1m [0m|[0;1mp[0m|[7;1m [0m| |[7;1m [0m| |[7;1m [0m| || 4
[32;1m[Board] [0m  -------------------
[32;1m[Board] [0m3 || |[7;1m [0m| |[7;1m [0m| |[7;1m [0m| |[7;1m [0m|| 3
[32;1m[Board] [0m  -------------------
[32;1m[Board] [0m2 ||[0;1mp[0m| |[0;1mp[0m|[0;1mp[0m|[0;1mp[0m|[0;1mp[0m|[0;1mp[0m|[0;1mp[0m|| 2
[32;1m[Board] [0m  -------------------
[32;1m[Board] [0m1 ||[0;1mr[0m|[0;1mk[0m|[0;1mb[0m|[0;1mQ[0m|[0;1mK[0m|[0;1mb[0m|[0;1mk[0m|[0;1mr[0m|| 1
[32;1m[Board] [0m  -------------------
[32;1m[Board] [0m    a b c d e f g h
[32;1m[Board] [0m
[32;1m[Referee] [0mThis is the turn of the Black player...
Input file: championship/check-innit-mate-lizzie-iii/history.csv
Output file: championship/check-innit-mate-lizzie-iii/move.csv
We are playing as Black
8 | [1;31mR[0m [1;31mN[0m [1;31mB[0m [1;31mQ[0m [1;31mK[0m [1;31mB[0m [1;31mN[0m [1;31mR[0m 
7 | [1;31mP[0m [1;31mP[0m [1;31mP[0m [1;31mP[0m [1;31mP[0m [1;31mP[0m [1;31mP[0m [1;31mP[0m 
6 | [1;30m_[0m [1;30m_[0m [1;30m_[0m [1;30m_[0m [1;30m_[0m [1;30m_[0m [1;30m_[0m [1;30m_[0m 
5 | [1;30m_[0m [1;30m_[0m [1;30m_[0m [1;30m_[0m [1;30m_[0m [1;30m_[0m [1;30m_[0m [1;30m_[0m 
4 | [1;30m_[0m [1;32mP[0m [1;30m_[0m [1;30m_[0m [1;30m_[0m [1;30m_[0m [1;30m_[0m [1;30m_[0m 
3 | [1;30m_[0m [1;30m_[0m [1;30m_[0m [1;30m_[0m [1;30m_[0m [1;30m_[0m [1;30m_[0m [1;30m_[0m 
2 | [1;32mP[0m [1;30m_[0m [1;32mP[0m [1;32mP[0m [1;32mP[0m [1;32mP[0m [1;32mP[0m [1;32mP[0m 
1 | [1;32mR[0m [1;32mN[0m [1;32mB[0m [1;32mQ[0m [1;32mK[0m [1;32mB[0m [1;32mN[0m [1;32mR[0m 
-------------------
  | A B C D E F G H 

It is black's turn to play.
Best move: e7e6
Evaluation: -130
Node count: 31597

Total time: 1418.18 ms
[32;1m[Game] [0mPlayer's error code: 0
[32;1m[Game] [0mChecking move validity...
[32;1m[Board] [0mInitializing board...
[32;1m[Board] [0mLoading history file `championship/check-innit-mate-lizzie-iii/history.csv`...
[32;1m[Board] [0mLoaded 1 move(s).
[32;1m[Board] [0mLoading move file `championship/check-innit-mate-lizzie-iii/move.csv`...
[32;1m[Board] [0mBlack player is playing e7 to e6.
[32;1m[Board] [0m
[32;1m[Board] [0m    a b c d e f g h 
[32;1m[Board] [0m  -------------------
[32;1m[Board] [0m8 ||[30;1mr[0m|[30;1mk[0m|[30;1mb[0m|[30;1mQ[0m|[30;1mK[0m|[30;1mb[0m|[30;1mk[0m|[30;1mr[0m|| 8
[32;1m[Board] [0m  -------------------
[32;1m[Board] [0m7 ||[30;1mp[0m|[30;1mp[0m|[30;1mp[0m|[30;1mp[0m| |[30;1mp[0m|[30;1mp[0m|[30;1mp[0m|| 7
[32;1m[Board] [0m  -------------------
[32;1m[Board] [0m6 ||[7;1m [0m| |[7;1m [0m| |[30;1mp[0m| |[7;1m [0m| || 6
[32;1m[Board] [0m  -------------------
[32;1m[Board] [0m5 || |[7;1m [0m| |[7;1m [0m| |[7;1m [0m| |[7;1m [0m|| 5
[32;1m[Board] [0m  -------------------
[32;1m[Board] [0m4 ||[7;1m [0m|[0;1mp[0m|[7;1m [0m| |[7;1m [0m| |[7;1m [0m| || 4
[32;1m[Board] [0m  -------------------
[32;1m[Board] [0m3 || |[7;1m [0m| |[7;1m [0m| |[7;1m [0m| |[7;1m [0m|| 3
[32;1m[Board] [0m  -------------------
[32;1m[Board] [0m2 ||[0;1mp[0m| |[0;1mp[0m|[0;1mp[0m|[0;1mp[0m|[0;1mp[0m|[0;1mp[0m|[0;1mp[0m|| 2
[32;1m[Board] [0m  -------------------
[32;1m[Board] [0m1 ||[0;1mr[0m|[0;1mk[0m|[0;1mb[0m|[0;1mQ[0m|[0;1mK[0m|[0;1mb[0m|[0;1mk[0m|[0;1mr[0m|| 1
[32;1m[Board] [0m  -------------------
[32;1m[Board] [0m    a b c d e f g h
[32;1m[Board] [0m
[32;1m[Referee] [0mThis is the turn of the White player...
0 0 0 0 0 0 0 0 
0 0 0 0 - 0 0 0 
- - - - 0 - - - 
- - - - - - - - 
- 1 - - - - - - 
- - - - - - - - 
1 - 1 1 1 1 1 1 
1 1 1 1 1 1 1 1 
--------
0 0 0 0 0 0 0 0 
0 0 0 0 - 0 0 0 
- - - - 0 - - - 
- - - - - - - - 
- 1 - - - - - - 
- - - - - - - - 
1 1 1 1 1 1 1 1 
1 1 - 1 1 1 1 1 
[32;1m[Game] [0mPlayer's error code: 0
[32;1m[Game] [0mChecking move validity...
[32;1m[Board] [0mInitializing board...
[32;1m[Board] [0mLoading history file `championship/check-innit-mate-lizzie-iii/history.csv`...
[32;1m[Board] [0mLoaded 2 move(s).
[32;1m[Board] [0mLoading move file `championship/check-innit-mate-lizzie-iii/move.csv`...
[32;1m[Board] [0mWhite player is playing c1 to b2.
[32;1m[Board] [0m
[32;1m[Board] [0m    a b c d e f g h 
[32;1m[Board] [0m  -------------------
[32;1m[Board] [0m8 ||[30;1mr[0m|[30;1mk[0m|[30;1mb[0m|[30;1mQ[0m|[30;1mK[0m|[30;1mb[0m|[30;1mk[0m|[30;1mr[0m|| 8
[32;1m[Board] [0m  -------------------
[32;1m[Board] [0m7 ||[30;1mp[0m|[30;1mp[0m|[30;1mp[0m|[30;1mp[0m| |[30;1mp[0m|[30;1mp[0m|[30;1mp[0m|| 7
[32;1m[Board] [0m  -------------------
[32;1m[Board] [0m6 ||[7;1m [0m| |[7;1m [0m| |[30;1mp[0m| |[7;1m [0m| || 6
[32;1m[Board] [0m  -------------------
[32;1m[Board] [0m5 || |[7;1m [0m| |[7;1m [0m| |[7;1m [0m| |[7;1m [0m|| 5
[32;1m[Board] [0m  -------------------
[32;1m[Board] [0m4 ||[7;1m [0m|[0;1mp[0m|[7;1m [0m| |[7;1m [0m| |[7;1m [0m| || 4
[32;1m[Board] [0m  -------------------
[32;1m[Board] [0m3 || |[7;1m [0m| |[7;1m [0m| |[7;1m [0m| |[7;1m [0m|| 3
[32;1m[Board] [0m  -------------------
[32;1m[Board] [0m2 ||[0;1mp[0m|[0;1mb[0m|[0;1mp[0m|[0;1mp[0m|[0;1mp[0m|[0;1mp[0m|[0;1mp[0m|[0;1mp[0m|| 2
[32;1m[Board] [0m  -------------------
[32;1m[Board] [0m1 ||[0;1mr[0m|[0;1mk[0m| |[0;1mQ[0m|[0;1mK[0m|[0;1mb[0m|[0;1mk[0m|[0;1mr[0m|| 1
[32;1m[Board] [0m  -------------------
[32;1m[Board] [0m    a b c d e f g h
[32;1m[Board] [0m
[32;1m[Referee] [0mThis is the turn of the Black player...
Input file: championship/check-innit-mate-lizzie-iii/history.csv
Output file: championship/check-innit-mate-lizzie-iii/move.csv
We are playing as Black
8 | [1;31mR[0m [1;31mN[0m [1;31mB[0m [1;31mQ[0m [1;31mK[0m [1;31mB[0m [1;31mN[0m [1;31mR[0m 
7 | [1;31mP[0m [1;31mP[0m [1;31mP[0m [1;31mP[0m [1;30m_[0m [1;31mP[0m [1;31mP[0m [1;31mP[0m 
6 | [1;30m_[0m [1;30m_[0m [1;30m_[0m [1;30m_[0m [1;31mP[0m [1;30m_[0m [1;30m_[0m [1;30m_[0m 
5 | [1;30m_[0m [1;30m_[0m [1;30m_[0m [1;30m_[0m [1;30m_[0m [1;30m_[0m [1;30m_[0m [1;30m_[0m 
4 | [1;30m_[0m [1;32mP[0m [1;30m_[0m [1;30m_[0m [1;30m_[0m [1;30m_[0m [1;30m_[0m [1;30m_[0m 
3 | [1;30m_[0m [1;30m_[0m [1;30m_[0m [1;30m_[0m [1;30m_[0m [1;30m_[0m [1;30m_[0m [1;30m_[0m 
2 | [1;32mP[0m [1;32mB[0m [1;32mP[0m [1;32mP[0m [1;32mP[0m [1;32mP[0m [1;32mP[0m [1;32mP[0m 
1 | [1;32mR[0m [1;32mN[0m [1;30m_[0m [1;32mQ[0m [1;32mK[0m [1;32mB[0m [1;32mN[0m [1;32mR[0m 
-------------------
  | A B C D E F G H 

It is black's turn to play.
Best move: d8h4
Evaluation: -155
Node count: 86053

Total time: 3534.86 ms
[32;1m[Game] [0mPlayer's error code: 0
[32;1m[Game] [0mChecking move validity...
[32;1m[Board] [0mInitializing board...
[32;1m[Board] [0mLoading history file `championship/check-innit-mate-lizzie-iii/history.csv`...
[32;1m[Board] [0mLoaded 3 move(s).
[32;1m[Board] [0mLoading move file `championship/check-innit-mate-lizzie-iii/move.csv`...
[32;1m[Board] [0mBlack player is playing d8 to h4.
[32;1m[Board] [0m
[32;1m[Board] [0m    a b c d e f g h 
[32;1m[Board] [0m  -------------------
[32;1m[Board] [0m8 ||[30;1mr[0m|[30;1mk[0m|[30;1mb[0m| |[30;1mK[0m|[30;1mb[0m|[30;1mk[0m|[30;1mr[0m|| 8
[32;1m[Board] [0m  -------------------
[32;1m[Board] [0m7 ||[30;1mp[0m|[30;1mp[0m|[30;1mp[0m|[30;1mp[0m| |[30;1mp[0m|[30;1mp[0m|[30;1mp[0m|| 7
[32;1m[Board] [0m  -------------------
[32;1m[Board] [0m6 ||[7;1m [0m| |[7;1m [0m| |[30;1mp[0m| |[7;1m [0m| || 6
[32;1m[Board] [0m  -------------------
[32;1m[Board] [0m5 || |[7;1m [0m| |[7;1m [0m| |[7;1m [0m| |[7;1m [0m|| 5
[32;1m[Board] [0m  -------------------
[32;1m[Board] [0m4 ||[7;1m [0m|[0;1mp[0m|[7;1m [0m| |[7;1m [0m| |[7;1m [0m|[30;1mQ[0m|| 4
[32;1m[Board] [0m  -------------------
[32;1m[Board] [0m3 || |[7;1m [0m| |[7;1m [0m| |[7;1m [0m| |[7;1m [0m|| 3
[32;1m[Board] [0m  -------------------
[32;1m[Board] [0m2 ||[0;1mp[0m|[0;1mb[0m|[0;1mp[0m|[0;1mp[0m|[0;1mp[0m|[0;1mp[0m|[0;1mp[0m|[0;1mp[0m|| 2
[32;1m[Board] [0m  -------------------
[32;1m[Board] [0m1 ||[0;1mr[0m|[0;1mk[0m| |[0;1mQ[0m|[0;1mK[0m|[0;1mb[0m|[0;1mk[0m|[0;1mr[0m|| 1
[32;1m[Board] [0m  -------------------
[32;1m[Board] [0m    a b c d e f g h
[32;1m[Board] [0m
[32;1m[Referee] [0mThis is the turn of the White player...
0 0 0 - 0 0 0 0 
0 0 0 0 - 0 0 0 
- - - - 0 - - - 
- - - - - - - - 
- 1 - - - - - 0 
- - - - - - - - 
1 1 1 1 1 1 1 1 
1 1 - 1 1 1 1 1 
--------
0 0 0 - 0 0 0 0 
0 0 0 0 - 0 1 0 
- - - - 0 - - - 
- - - - - - - - 
- 1 - - - - - 0 
- - - - - - - - 
1 - 1 1 1 1 1 1 
1 1 - 1 1 1 1 1 
[32;1m[Game] [0mPlayer's error code: 0
[32;1m[Game] [0mChecking move validity...
[32;1m[Board] [0mInitializing board...
[32;1m[Board] [0mLoading history file `championship/check-innit-mate-lizzie-iii/history.csv`...
[32;1m[Board] [0mLoaded 4 move(s).
[32;1m[Board] [0mLoading move file `championship/check-innit-mate-lizzie-iii/move.csv`...
[32;1m[Board] [0mWhite player is playing b2 to g7.
[32;1m[Board] [0m[5;1mWhite Bishop is taking Black Pawn.[0m
[32;1m[Board] [0m
[32;1m[Board] [0m    a b c d e f g h 
[32;1m[Board] [0m  -------------------
[32;1m[Board] [0m8 ||[30;1mr[0m|[30;1mk[0m|[30;1mb[0m| |[30;1mK[0m|[30;1mb[0m|[30;1mk[0m|[30;1mr[0m|| 8
[32;1m[Board] [0m  -------------------
[32;1m[Board] [0m7 ||[30;1mp[0m|[30;1mp[0m|[30;1mp[0m|[30;1mp[0m| |[30;1mp[0m|[0;1mb[0m|[30;1mp[0m|| 7
[32;1m[Board] [0m  -------------------
[32;1m[Board] [0m6 ||[7;1m [0m| |[7;1m [0m| |[30;1mp[0m| |[7;1m [0m| || 6
[32;1m[Board] [0m  -------------------
[32;1m[Board] [0m5 || |[7;1m [0m| |[7;1m [0m| |[7;1m [0m| |[7;1m [0m|| 5
[32;1m[Board] [0m  -------------------
[32;1m[Board] [0m4 ||[7;1m [0m|[0;1mp[0m|[7;1m [0m| |[7;1m [0m| |[7;1m [0m|[30;1mQ[0m|| 4
[32;1m[Board] [0m  -------------------
[32;1m[Board] [0m3 || |[7;1m [0m| |[7;1m [0m| |[7;1m [0m| |[7;1m [0m|| 3
[32;1m[Board] [0m  -------------------
[32;1m[Board] [0m2 ||[0;1mp[0m| |[0;1mp[0m|[0;1mp[0m|[0;1mp[0m|[0;1mp[0m|[0;1mp[0m|[0;1mp[0m|| 2
[32;1m[Board] [0m  -------------------
[32;1m[Board] [0m1 ||[0;1mr[0m|[0;1mk[0m| |[0;1mQ[0m|[0;1mK[0m|[0;1mb[0m|[0;1mk[0m|[0;1mr[0m|| 1
[32;1m[Board] [0m  -------------------
[32;1m[Board] [0m    a b c d e f g h
[32;1m[Board] [0m
[32;1m[Referee] [0mThis is the turn of the Black player...
Input file: championship/check-innit-mate-lizzie-iii/history.csv
Output file: championship/check-innit-mate-lizzie-iii/move.csv
We are playing as Black
8 | [1;31mR[0m [1;31mN[0m [1;31mB[0m [1;30m_[0m [1;31mK[0m [1;31mB[0m [1;31mN[0m [1;31mR[0m 
7 | [1;31mP[0m [1;31mP[0m [1;31mP[0m [1;31mP[0m [1;30m_[0m [1;31mP[0m [1;32mB[0m [1;31mP[0m 
6 | [1;30m_[0m [1;30m_[0m [1;30m_[0m [1;30m_[0m [1;31mP[0m [1;30m_[0m [1;30m_[0m [1;30m_[0m 
5 | [1;30m_[0m [1;30m_[0m [1;30m_[0m [1;30m_[0m [1;30m_[0m [1;30m_[0m [1;30m_[0m [1;30m_[0m 
4 | [1;30m_[0m [1;32mP[0m [1;30m_[0m [1;30m_[0m [1;30m_[0m [1;30m_[0m [1;30m_[0m [1;31mQ[0m 
3 | [1;30m_[0m [1;30m_[0m [1;30m_[0m [1;30m_[0m [1;30m_[0m [1;30m_[0m [1;30m_[0m [1;30m_[0m 
2 | [1;32mP[0m [1;30m_[0m [1;32mP[0m [1;32mP[0m [1;32mP[0m [1;32mP[0m [1;32mP[0m [1;32mP[0m 
1 | [1;32mR[0m [1;32mN[0m [1;30m_[0m [1;32mQ[0m [1;32mK[0m [1;32mB[0m [1;32mN[0m [1;32mR[0m 
-------------------
  | A B C D E F G H 

It is black's turn to play.
Best move: f8g7
Evaluation: -405
Node count: 72376

Total time: 2486.35 ms
[32;1m[Game] [0mPlayer's error code: 0
[32;1m[Game] [0mChecking move validity...
[32;1m[Board] [0mInitializing board...
[32;1m[Board] [0mLoading history file `championship/check-innit-mate-lizzie-iii/history.csv`...
[32;1m[Board] [0mLoaded 5 move(s).
[32;1m[Board] [0mLoading move file `championship/check-innit-mate-lizzie-iii/move.csv`...
[32;1m[Board] [0mBlack player is playing f8 to g7.
[32;1m[Board] [0m[5;1mBlack Bishop is taking White Bishop.[0m
[32;1m[Board] [0m
[32;1m[Board] [0m    a b c d e f g h 
[32;1m[Board] [0m  -------------------
[32;1m[Board] [0m8 ||[30;1mr[0m|[30;1mk[0m|[30;1mb[0m| |[30;1mK[0m| |[30;1mk[0m|[30;1mr[0m|| 8
[32;1m[Board] [0m  -------------------
[32;1m[Board] [0m7 ||[30;1mp[0m|[30;1mp[0m|[30;1mp[0m|[30;1mp[0m| |[30;1mp[0m|[30;1mb[0m|[30;1mp[0m|| 7
[32;1m[Board] [0m  -------------------
[32;1m[Board] [0m6 ||[7;1m [0m| |[7;1m [0m| |[30;1mp[0m| |[7;1m [0m| || 6
[32;1m[Board] [0m  -------------------
[32;1m[Board] [0m5 || |[7;1m [0m| |[7;1m [0m| |[7;1m [0m| |[7;1m [0m|| 5
[32;1m[Board] [0m  -------------------
[32;1m[Board] [0m4 ||[7;1m [0m|[0;1mp[0m|[7;1m [0m| |[7;1m [0m| |[7;1m [0m|[30;1mQ[0m|| 4
[32;1m[Board] [0m  -------------------
[32;1m[Board] [0m3 || |[7;1m [0m| |[7;1m [0m| |[7;1m [0m| |[7;1m [0m|| 3
[32;1m[Board] [0m  -------------------
[32;1m[Board] [0m2 ||[0;1mp[0m| |[0;1mp[0m|[0;1mp[0m|[0;1mp[0m|[0;1mp[0m|[0;1mp[0m|[0;1mp[0m|| 2
[32;1m[Board] [0m  -------------------
[32;1m[Board] [0m1 ||[0;1mr[0m|[0;1mk[0m| |[0;1mQ[0m|[0;1mK[0m|[0;1mb[0m|[0;1mk[0m|[0;1mr[0m|| 1
[32;1m[Board] [0m  -------------------
[32;1m[Board] [0m    a b c d e f g h
[32;1m[Board] [0m
[32;1m[Referee] [0mThis is the turn of the White player...
0 0 0 - 0 - 0 0 
0 0 0 0 - 0 0 0 
- - - - 0 - - - 
- - - - - - - - 
- 1 - - - - - 0 
- - - - - - - - 
1 - 1 1 1 1 1 1 
1 1 - 1 1 1 1 1 
--------
0 0 0 - 0 - 0 0 
0 0 0 0 - 0 0 0 
- - - - 0 - - - 
- - - - - - - - 
- 1 - - - - - 0 
- - - - - - - 1 
1 - 1 1 1 1 1 1 
1 1 - 1 1 1 - 1 
[32;1m[Game] [0mPlayer's error code: 0
[32;1m[Game] [0mChecking move validity...
[32;1m[Board] [0mInitializing board...
[32;1m[Board] [0mLoading history file `championship/check-innit-mate-lizzie-iii/history.csv`...
[32;1m[Board] [0mLoaded 6 move(s).
[32;1m[Board] [0mLoading move file `championship/check-innit-mate-lizzie-iii/move.csv`...
[32;1m[Board] [0mWhite player is playing g1 to h3.
[32;1m[Board] [0m
[32;1m[Board] [0m    a b c d e f g h 
[32;1m[Board] [0m  -------------------
[32;1m[Board] [0m8 ||[30;1mr[0m|[30;1mk[0m|[30;1mb[0m| |[30;1mK[0m| |[30;1mk[0m|[30;1mr[0m|| 8
[32;1m[Board] [0m  -------------------
[32;1m[Board] [0m7 ||[30;1mp[0m|[30;1mp[0m|[30;1mp[0m|[30;1mp[0m| |[30;1mp[0m|[30;1mb[0m|[30;1mp[0m|| 7
[32;1m[Board] [0m  -------------------
[32;1m[Board] [0m6 ||[7;1m [0m| |[7;1m [0m| |[30;1mp[0m| |[7;1m [0m| || 6
[32;1m[Board] [0m  -------------------
[32;1m[Board] [0m5 || |[7;1m [0m| |[7;1m [0m| |[7;1m [0m| |[7;1m [0m|| 5
[32;1m[Board] [0m  -------------------
[32;1m[Board] [0m4 ||[7;1m [0m|[0;1mp[0m|[7;1m [0m| |[7;1m [0m| |[7;1m [0m|[30;1mQ[0m|| 4
[32;1m[Board] [0m  -------------------
[32;1m[Board] [0m3 || |[7;1m [0m| |[7;1m [0m| |[7;1m [0m| |[0;1mk[0m|| 3
[32;1m[Board] [0m  -------------------
[32;1m[Board] [0m2 ||[0;1mp[0m| |[0;1mp[0m|[0;1mp[0m|[0;1mp[0m|[0;1mp[0m|[0;1mp[0m|[0;1mp[0m|| 2
[32;1m[Board] [0m  -------------------
[32;1m[Board] [0m1 ||[0;1mr[0m|[0;1mk[0m| |[0;1mQ[0m|[0;1mK[0m|[0;1mb[0m| |[0;1mr[0m|| 1
[32;1m[Board] [0m  -------------------
[32;1m[Board] [0m    a b c d e f g h
[32;1m[Board] [0m
[32;1m[Referee] [0mThis is the turn of the Black player...
Input file: championship/check-innit-mate-lizzie-iii/history.csv
Output file: championship/check-innit-mate-lizzie-iii/move.csv
We are playing as Black
8 | [1;31mR[0m [1;31mN[0m [1;31mB[0m [1;30m_[0m [1;31mK[0m [1;30m_[0m [1;31mN[0m [1;31mR[0m 
7 | [1;31mP[0m [1;31mP[0m [1;31mP[0m [1;31mP[0m [1;30m_[0m [1;31mP[0m [1;31mB[0m [1;31mP[0m 
6 | [1;30m_[0m [1;30m_[0m [1;30m_[0m [1;30m_[0m [1;31mP[0m [1;30m_[0m [1;30m_[0m [1;30m_[0m 
5 | [1;30m_[0m [1;30m_[0m [1;30m_[0m [1;30m_[0m [1;30m_[0m [1;30m_[0m [1;30m_[0m [1;30m_[0m 
4 | [1;30m_[0m [1;32mP[0m [1;30m_[0m [1;30m_[0m [1;30m_[0m [1;30m_[0m [1;30m_[0m [1;31mQ[0m 
3 | [1;30m_[0m [1;30m_[0m [1;30m_[0m [1;30m_[0m [1;30m_[0m [1;30m_[0m [1;30m_[0m [1;32mN[0m 
2 | [1;32mP[0m [1;30m_[0m [1;32mP[0m [1;32mP[0m [1;32mP[0m [1;32mP[0m [1;32mP[0m [1;32mP[0m 
1 | [1;32mR[0m [1;32mN[0m [1;30m_[0m [1;32mQ[0m [1;32mK[0m [1;32mB[0m [1;30m_[0m [1;32mR[0m 
-------------------
  | A B C D E F G H 

It is black's turn to play.
Best move: g7a1
Evaluation: -915
Node count: 82650

Total time: 2602.67 ms
[32;1m[Game] [0mPlayer's error code: 0
[32;1m[Game] [0mChecking move validity...
[32;1m[Board] [0mInitializing board...
[32;1m[Board] [0mLoading history file `championship/check-innit-mate-lizzie-iii/history.csv`...
[32;1m[Board] [0mLoaded 7 move(s).
[32;1m[Board] [0mLoading move file `championship/check-innit-mate-lizzie-iii/move.csv`...
[32;1m[Board] [0mBlack player is playing g7 to a1.
[32;1m[Board] [0m[5;1mBlack Bishop is taking White Rook.[0m
[32;1m[Board] [0m
[32;1m[Board] [0m    a b c d e f g h 
[32;1m[Board] [0m  -------------------
[32;1m[Board] [0m8 ||[30;1mr[0m|[30;1mk[0m|[30;1mb[0m| |[30;1mK[0m| |[30;1mk[0m|[30;1mr[0m|| 8
[32;1m[Board] [0m  -------------------
[32;1m[Board] [0m7 ||[30;1mp[0m|[30;1mp[0m|[30;1mp[0m|[30;1mp[0m| |[30;1mp[0m| |[30;1mp[0m|| 7
[32;1m[Board] [0m  -------------------
[32;1m[Board] [0m6 ||[7;1m [0m| |[7;1m [0m| |[30;1mp[0m| |[7;1m [0m| || 6
[32;1m[Board] [0m  -------------------
[32;1m[Board] [0m5 || |[7;1m [0m| |[7;1m [0m| |[7;1m [0m| |[7;1m [0m|| 5
[32;1m[Board] [0m  -------------------
[32;1m[Board] [0m4 ||[7;1m [0m|[0;1mp[0m|[7;1m [0m| |[7;1m [0m| |[7;1m [0m|[30;1mQ[0m|| 4
[32;1m[Board] [0m  -------------------
[32;1m[Board] [0m3 || |[7;1m [0m| |[7;1m [0m| |[7;1m [0m| |[0;1mk[0m|| 3
[32;1m[Board] [0m  -------------------
[32;1m[Board] [0m2 ||[0;1mp[0m| |[0;1mp[0m|[0;1mp[0m|[0;1mp[0m|[0;1mp[0m|[0;1mp[0m|[0;1mp[0m|| 2
[32;1m[Board] [0m  -------------------
[32;1m[Board] [0m1 ||[30;1mb[0m|[0;1mk[0m| |[0;1mQ[0m|[0;1mK[0m|[0;1mb[0m| |[0;1mr[0m|| 1
[32;1m[Board] [0m  -------------------
[32;1m[Board] [0m    a b c d e f g h
[32;1m[Board] [0m
[32;1m[Referee] [0mThis is the turn of the White player...
0 0 0 - 0 - 0 0 
0 0 0 0 - 0 - 0 
- - - - 0 - - - 
- - - - - - - - 
- 1 - - - - - 0 
- - - - - - - 1 
1 - 1 1 1 1 1 1 
0 1 - 1 1 1 - 1 
--------
0 0 0 - 0 - 0 0 
0 0 0 0 - 0 - 0 
- - - - 0 - - - 
- - - - - - - - 
- 1 - - - - - 0 
- - 1 - - - - 1 
1 - - 1 1 1 1 1 
0 1 - 1 1 1 - 1 
[32;1m[Game] [0mPlayer's error code: 0
[32;1m[Game] [0mChecking move validity...
[32;1m[Board] [0mInitializing board...
[32;1m[Board] [0mLoading history file `championship/check-innit-mate-lizzie-iii/history.csv`...
[32;1m[Board] [0mLoaded 8 move(s).
[32;1m[Board] [0mLoading move file `championship/check-innit-mate-lizzie-iii/move.csv`...
[32;1m[Board] [0mWhite player is playing c2 to c3.
[32;1m[Board] [0m
[32;1m[Board] [0m    a b c d e f g h 
[32;1m[Board] [0m  -------------------
[32;1m[Board] [0m8 ||[30;1mr[0m|[30;1mk[0m|[30;1mb[0m| |[30;1mK[0m| |[30;1mk[0m|[30;1mr[0m|| 8
[32;1m[Board] [0m  -------------------
[32;1m[Board] [0m7 ||[30;1mp[0m|[30;1mp[0m|[30;1mp[0m|[30;1mp[0m| |[30;1mp[0m| |[30;1mp[0m|| 7
[32;1m[Board] [0m  -------------------
[32;1m[Board] [0m6 ||[7;1m [0m| |[7;1m [0m| |[30;1mp[0m| |[7;1m [0m| || 6
[32;1m[Board] [0m  -------------------
[32;1m[Board] [0m5 || |[7;1m [0m| |[7;1m [0m| |[7;1m [0m| |[7;1m [0m|| 5
[32;1m[Board] [0m  -------------------
[32;1m[Board] [0m4 ||[7;1m [0m|[0;1mp[0m|[7;1m [0m| |[7;1m [0m| |[7;1m [0m|[30;1mQ[0m|| 4
[32;1m[Board] [0m  -------------------
[32;1m[Board] [0m3 || |[7;1m [0m|[0;1mp[0m|[7;1m [0m| |[7;1m [0m| |[0;1mk[0m|| 3
[32;1m[Board] [0m  -------------------
[32;1m[Board] [0m2 ||[0;1mp[0m| |[7;1m [0m|[0;1mp[0m|[0;1mp[0m|[0;1mp[0m|[0;1mp[0m|[0;1mp[0m|| 2
[32;1m[Board] [0m  -------------------
[32;1m[Board] [0m1 ||[30;1mb[0m|[0;1mk[0m| |[0;1mQ[0m|[0;1mK[0m|[0;1mb[0m| |[0;1mr[0m|| 1
[32;1m[Board] [0m  -------------------
[32;1m[Board] [0m    a b c d e f g h
[32;1m[Board] [0m
[32;1m[Referee] [0mThis is the turn of the Black player...
Input file: championship/check-innit-mate-lizzie-iii/history.csv
Output file: championship/check-innit-mate-lizzie-iii/move.csv
We are playing as Black
8 | [1;31mR[0m [1;31mN[0m [1;31mB[0m [1;30m_[0m [1;31mK[0m [1;30m_[0m [1;31mN[0m [1;31mR[0m 
7 | [1;31mP[0m [1;31mP[0m [1;31mP[0m [1;31mP[0m [1;30m_[0m [1;31mP[0m [1;30m_[0m [1;31mP[0m 
6 | [1;30m_[0m [1;30m_[0m [1;30m_[0m [1;30m_[0m [1;31mP[0m [1;30m_[0m [1;30m_[0m [1;30m_[0m 
5 | [1;30m_[0m [1;30m_[0m [1;30m_[0m [1;30m_[0m [1;30m_[0m [1;30m_[0m [1;30m_[0m [1;30m_[0m 
4 | [1;30m_[0m [1;32mP[0m [1;30m_[0m [1;30m_[0m [1;30m_[0m [1;30m_[0m [1;30m_[0m [1;31mQ[0m 
3 | [1;30m_[0m [1;30m_[0m [1;32mP[0m [1;30m_[0m [1;30m_[0m [1;30m_[0m [1;30m_[0m [1;32mN[0m 
2 | [1;32mP[0m [1;30m_[0m [1;30m_[0m [1;32mP[0m [1;32mP[0m [1;32mP[0m [1;32mP[0m [1;32mP[0m 
1 | [1;31mB[0m [1;32mN[0m [1;30m_[0m [1;32mQ[0m [1;32mK[0m [1;32mB[0m [1;30m_[0m [1;32mR[0m 
-------------------
  | A B C D E F G H 

It is black's turn to play.
Best move: b8c6
Evaluation: -940
Node count: 111481

Total time: 3730.51 ms
[32;1m[Game] [0mPlayer's error code: 0
[32;1m[Game] [0mChecking move validity...
[32;1m[Board] [0mInitializing board...
[32;1m[Board] [0mLoading history file `championship/check-innit-mate-lizzie-iii/history.csv`...
[32;1m[Board] [0mLoaded 9 move(s).
[32;1m[Board] [0mLoading move file `championship/check-innit-mate-lizzie-iii/move.csv`...
[32;1m[Board] [0mBlack player is playing b8 to c6.
[32;1m[Board] [0m
[32;1m[Board] [0m    a b c d e f g h 
[32;1m[Board] [0m  -------------------
[32;1m[Board] [0m8 ||[30;1mr[0m| |[30;1mb[0m| |[30;1mK[0m| |[30;1mk[0m|[30;1mr[0m|| 8
[32;1m[Board] [0m  -------------------
[32;1m[Board] [0m7 ||[30;1mp[0m|[30;1mp[0m|[30;1mp[0m|[30;1mp[0m| |[30;1mp[0m| |[30;1mp[0m|| 7
[32;1m[Board] [0m  -------------------
[32;1m[Board] [0m6 ||[7;1m [0m| |[30;1mk[0m| |[30;1mp[0m| |[7;1m [0m| || 6
[32;1m[Board] [0m  -------------------
[32;1m[Board] [0m5 || |[7;1m [0m| |[7;1m [0m| |[7;1m [0m| |[7;1m [0m|| 5
[32;1m[Board] [0m  -------------------
[32;1m[Board] [0m4 ||[7;1m [0m|[0;1mp[0m|[7;1m [0m| |[7;1m [0m| |[7;1m [0m|[30;1mQ[0m|| 4
[32;1m[Board] [0m  -------------------
[32;1m[Board] [0m3 || |[7;1m [0m|[0;1mp[0m|[7;1m [0m| |[7;1m [0m| |[0;1mk[0m|| 3
[32;1m[Board] [0m  -------------------
[32;1m[Board] [0m2 ||[0;1mp[0m| |[7;1m [0m|[0;1mp[0m|[0;1mp[0m|[0;1mp[0m|[0;1mp[0m|[0;1mp[0m|| 2
[32;1m[Board] [0m  -------------------
[32;1m[Board] [0m1 ||[30;1mb[0m|[0;1mk[0m| |[0;1mQ[0m|[0;1mK[0m|[0;1mb[0m| |[0;1mr[0m|| 1
[32;1m[Board] [0m  -------------------
[32;1m[Board] [0m    a b c d e f g h
[32;1m[Board] [0m
[32;1m[Referee] [0mThis is the turn of the White player...
0 - 0 - 0 - 0 0 
0 0 0 0 - 0 - 0 
- - 0 - 0 - - - 
- - - - - - - - 
- 1 - - - - - 0 
- - 1 - - - - 1 
1 - - 1 1 1 1 1 
0 1 - 1 1 1 - 1 
--------
0 - 0 - 0 - 0 0 
0 0 0 0 - 0 - 0 
- - 0 - 0 - - - 
- - - - - - - - 
1 1 - - - - - 0 
- - 1 - - - - 1 
1 - - 1 1 1 1 1 
0 1 - - 1 1 - 1 
[32;1m[Game] [0mPlayer's error code: 0
[32;1m[Game] [0mChecking move validity...
[32;1m[Board] [0mInitializing board...
[32;1m[Board] [0mLoading history file `championship/check-innit-mate-lizzie-iii/history.csv`...
[32;1m[Board] [0mLoaded 10 move(s).
[32;1m[Board] [0mLoading move file `championship/check-innit-mate-lizzie-iii/move.csv`...
[32;1m[Board] [0mWhite player is playing d1 to a4.
[32;1m[Board] [0m
[32;1m[Board] [0m    a b c d e f g h 
[32;1m[Board] [0m  -------------------
[32;1m[Board] [0m8 ||[30;1mr[0m| |[30;1mb[0m| |[30;1mK[0m| |[30;1mk[0m|[30;1mr[0m|| 8
[32;1m[Board] [0m  -------------------
[32;1m[Board] [0m7 ||[30;1mp[0m|[30;1mp[0m|[30;1mp[0m|[30;1mp[0m| |[30;1mp[0m| |[30;1mp[0m|| 7
[32;1m[Board] [0m  -------------------
[32;1m[Board] [0m6 ||[7;1m [0m| |[30;1mk[0m| |[30;1mp[0m| |[7;1m [0m| || 6
[32;1m[Board] [0m  -------------------
[32;1m[Board] [0m5 || |[7;1m [0m| |[7;1m [0m| |[7;1m [0m| |[7;1m [0m|| 5
[32;1m[Board] [0m  -------------------
[32;1m[Board] [0m4 ||[0;1mQ[0m|[0;1mp[0m|[7;1m [0m| |[7;1m [0m| |[7;1m [0m|[30;1mQ[0m|| 4
[32;1m[Board] [0m  -------------------
[32;1m[Board] [0m3 || |[7;1m [0m|[0;1mp[0m|[7;1m [0m| |[7;1m [0m| |[0;1mk[0m|| 3
[32;1m[Board] [0m  -------------------
[32;1m[Board] [0m2 ||[0;1mp[0m| |[7;1m [0m|[0;1mp[0m|[0;1mp[0m|[0;1mp[0m|[0;1mp[0m|[0;1mp[0m|| 2
[32;1m[Board] [0m  -------------------
[32;1m[Board] [0m1 ||[30;1mb[0m|[0;1mk[0m| |[7;1m [0m|[0;1mK[0m|[0;1mb[0m| |[0;1mr[0m|| 1
[32;1m[Board] [0m  -------------------
[32;1m[Board] [0m    a b c d e f g h
[32;1m[Board] [0m
[32;1m[Referee] [0mThis is the turn of the Black player...
Input file: championship/check-innit-mate-lizzie-iii/history.csv
Output file: championship/check-innit-mate-lizzie-iii/move.csv
We are playing as Black
8 | [1;31mR[0m [1;30m_[0m [1;31mB[0m [1;30m_[0m [1;31mK[0m [1;30m_[0m [1;31mN[0m [1;31mR[0m 
7 | [1;31mP[0m [1;31mP[0m [1;31mP[0m [1;31mP[0m [1;30m_[0m [1;31mP[0m [1;30m_[0m [1;31mP[0m 
6 | [1;30m_[0m [1;30m_[0m [1;31mN[0m [1;30m_[0m [1;31mP[0m [1;30m_[0m [1;30m_[0m [1;30m_[0m 
5 | [1;30m_[0m [1;30m_[0m [1;30m_[0m [1;30m_[0m [1;30m_[0m [1;30m_[0m [1;30m_[0m [1;30m_[0m 
4 | [1;32mQ[0m [1;32mP[0m [1;30m_[0m [1;30m_[0m [1;30m_[0m [1;30m_[0m [1;30m_[0m [1;31mQ[0m 
3 | [1;30m_[0m [1;30m_[0m [1;32mP[0m [1;30m_[0m [1;30m_[0m [1;30m_[0m [1;30m_[0m [1;32mN[0m 
2 | [1;32mP[0m [1;30m_[0m [1;30m_[0m [1;32mP[0m [1;32mP[0m [1;32mP[0m [1;32mP[0m [1;32mP[0m 
1 | [1;31mB[0m [1;32mN[0m [1;30m_[0m [1;30m_[0m [1;32mK[0m [1;32mB[0m [1;30m_[0m [1;32mR[0m 
-------------------
  | A B C D E F G H 

It is black's turn to play.
Best move: d7d5
Evaluation: -980
Node count: 185697

Total time: 6262.27 ms
[32;1m[Game] [0mPlayer's error code: 0
[32;1m[Game] [0mChecking move validity...
[32;1m[Board] [0mInitializing board...
[32;1m[Board] [0mLoading history file `championship/check-innit-mate-lizzie-iii/history.csv`...
[32;1m[Board] [0mLoaded 11 move(s).
[32;1m[Board] [0mLoading move file `championship/check-innit-mate-lizzie-iii/move.csv`...
[32;1m[Board] [0mBlack player is playing d7 to d5.
[32;1m[Board] [0m
[32;1m[Board] [0m    a b c d e f g h 
[32;1m[Board] [0m  -------------------
[32;1m[Board] [0m8 ||[30;1mr[0m| |[30;1mb[0m| |[30;1mK[0m| |[30;1mk[0m|[30;1mr[0m|| 8
[32;1m[Board] [0m  -------------------
[32;1m[Board] [0m7 ||[30;1mp[0m|[30;1mp[0m|[30;1mp[0m|[7;1m [0m| |[30;1mp[0m| |[30;1mp[0m|| 7
[32;1m[Board] [0m  -------------------
[32;1m[Board] [0m6 ||[7;1m [0m| |[30;1mk[0m| |[30;1mp[0m| |[7;1m [0m| || 6
[32;1m[Board] [0m  -------------------
[32;1m[Board] [0m5 || |[7;1m [0m| |[30;1mp[0m| |[7;1m [0m| |[7;1m [0m|| 5
[32;1m[Board] [0m  -------------------
[32;1m[Board] [0m4 ||[0;1mQ[0m|[0;1mp[0m|[7;1m [0m| |[7;1m [0m| |[7;1m [0m|[30;1mQ[0m|| 4
[32;1m[Board] [0m  -------------------
[32;1m[Board] [0m3 || |[7;1m [0m|[0;1mp[0m|[7;1m [0m| |[7;1m [0m| |[0;1mk[0m|| 3
[32;1m[Board] [0m  -------------------
[32;1m[Board] [0m2 ||[0;1mp[0m| |[7;1m [0m|[0;1mp[0m|[0;1mp[0m|[0;1mp[0m|[0;1mp[0m|[0;1mp[0m|| 2
[32;1m[Board] [0m  -------------------
[32;1m[Board] [0m1 ||[30;1mb[0m|[0;1mk[0m| |[7;1m [0m|[0;1mK[0m|[0;1mb[0m| |[0;1mr[0m|| 1
[32;1m[Board] [0m  -------------------
[32;1m[Board] [0m    a b c d e f g h
[32;1m[Board] [0m
[32;1m[Referee] [0mThis is the turn of the White player...
0 - 0 - 0 - 0 0 
0 0 0 - - 0 - 0 
- - 0 - 0 - - - 
- - - 0 - - - - 
1 1 - - - - - 0 
- - 1 - - - - 1 
1 - - 1 1 1 1 1 
0 1 - - 1 1 - 1 
--------
0 - 0 - 0 - 0 0 
0 0 0 - - 0 - 0 
- - 1 - 0 - - - 
- - - 0 - - - - 
- 1 - - - - - 0 
- - 1 - - - - 1 
1 - - 1 1 1 1 1 
0 1 - - 1 1 - 1 
[32;1m[Game] [0mPlayer's error code: 0
[32;1m[Game] [0mChecking move validity...
[32;1m[Board] [0mInitializing board...
[32;1m[Board] [0mLoading history file `championship/check-innit-mate-lizzie-iii/history.csv`...
[32;1m[Board] [0mLoaded 12 move(s).
[32;1m[Board] [0mLoading move file `championship/check-innit-mate-lizzie-iii/move.csv`...
[32;1m[Board] [0mWhite player is playing a4 to c6.
[32;1m[Board] [0m[5;1mWhite Queen is taking Black Knight.[0m
[32;1m[Board] [0m
[32;1m[Board] [0m    a b c d e f g h 
[32;1m[Board] [0m  -------------------
[32;1m[Board] [0m8 ||[30;1mr[0m| |[30;1mb[0m| |[30;1mK[0m| |[30;1mk[0m|[30;1mr[0m|| 8
[32;1m[Board] [0m  -------------------
[32;1m[Board] [0m7 ||[30;1mp[0m|[30;1mp[0m|[30;1mp[0m|[7;1m [0m| |[30;1mp[0m| |[30;1mp[0m|| 7
[32;1m[Board] [0m  -------------------
[32;1m[Board] [0m6 ||[7;1m [0m| |[0;1mQ[0m| |[30;1mp[0m| |[7;1m [0m| || 6
[32;1m[Board] [0m  -------------------
[32;1m[Board] [0m5 || |[7;1m [0m| |[30;1mp[0m| |[7;1m [0m| |[7;1m [0m|| 5
[32;1m[Board] [0m  -------------------
[32;1m[Board] [0m4 ||[7;1m [0m|[0;1mp[0m|[7;1m [0m| |[7;1m [0m| |[7;1m [0m|[30;1mQ[0m|| 4
[32;1m[Board] [0m  -------------------
[32;1m[Board] [0m3 || |[7;1m [0m|[0;1mp[0m|[7;1m [0m| |[7;1m [0m| |[0;1mk[0m|| 3
[32;1m[Board] [0m  -------------------
[32;1m[Board] [0m2 ||[0;1mp[0m| |[7;1m [0m|[0;1mp[0m|[0;1mp[0m|[0;1mp[0m|[0;1mp[0m|[0;1mp[0m|| 2
[32;1m[Board] [0m  -------------------
[32;1m[Board] [0m1 ||[30;1mb[0m|[0;1mk[0m| |[7;1m [0m|[0;1mK[0m|[0;1mb[0m| |[0;1mr[0m|| 1
[32;1m[Board] [0m  -------------------
[32;1m[Board] [0m    a b c d e f g h
[32;1m[Board] [0m
[32;1m[Referee] [0mThis is the turn of the Black player...
[32;1m[Board] [0m[33;1m[WARNING][0m [5;1mBlack King in check![0m
[32;1m[Board] [0m[33;1m[WARNING][0m    Threatened by White Queen (c6)
Input file: championship/check-innit-mate-lizzie-iii/history.csv
Output file: championship/check-innit-mate-lizzie-iii/move.csv
We are playing as Black
8 | [1;31mR[0m [1;30m_[0m [1;31mB[0m [1;30m_[0m [1;31mK[0m [1;30m_[0m [1;31mN[0m [1;31mR[0m 
7 | [1;31mP[0m [1;31mP[0m [1;31mP[0m [1;30m_[0m [1;30m_[0m [1;31mP[0m [1;30m_[0m [1;31mP[0m 
6 | [1;30m_[0m [1;30m_[0m [1;32mQ[0m [1;30m_[0m [1;31mP[0m [1;30m_[0m [1;30m_[0m [1;30m_[0m 
5 | [1;30m_[0m [1;30m_[0m [1;30m_[0m [1;31mP[0m [1;30m_[0m [1;30m_[0m [1;30m_[0m [1;30m_[0m 
4 | [1;30m_[0m [1;32mP[0m [1;30m_[0m [1;30m_[0m [1;30m_[0m [1;30m_[0m [1;30m_[0m [1;31mQ[0m 
3 | [1;30m_[0m [1;30m_[0m [1;32mP[0m [1;30m_[0m [1;30m_[0m [1;30m_[0m [1;30m_[0m [1;32mN[0m 
2 | [1;32mP[0m [1;30m_[0m [1;30m_[0m [1;32mP[0m [1;32mP[0m [1;32mP[0m [1;32mP[0m [1;32mP[0m 
1 | [1;31mB[0m [1;32mN[0m [1;30m_[0m [1;30m_[0m [1;32mK[0m [1;32mB[0m [1;30m_[0m [1;32mR[0m 
-------------------
  | A B C D E F G H 

It is black's turn to play.
Best move: b7c6
Evaluation: -1525
Node count: 15791

Total time: 553.709 ms
[32;1m[Game] [0mPlayer's error code: 0
[32;1m[Game] [0mChecking move validity...
[32;1m[Board] [0mInitializing board...
[32;1m[Board] [0mLoading history file `championship/check-innit-mate-lizzie-iii/history.csv`...
[32;1m[Board] [0mLoaded 13 move(s).
[32;1m[Board] [0mLoading move file `championship/check-innit-mate-lizzie-iii/move.csv`...
[32;1m[Board] [0mBlack player is playing b7 to c6.
[32;1m[Board] [0m[5;1mBlack Pawn is taking White Queen.[0m
[32;1m[Board] [0m
[32;1m[Board] [0m    a b c d e f g h 
[32;1m[Board] [0m  -------------------
[32;1m[Board] [0m8 ||[30;1mr[0m| |[30;1mb[0m| |[30;1mK[0m| |[30;1mk[0m|[30;1mr[0m|| 8
[32;1m[Board] [0m  -------------------
[32;1m[Board] [0m7 ||[30;1mp[0m|[7;1m [0m|[30;1mp[0m|[7;1m [0m| |[30;1mp[0m| |[30;1mp[0m|| 7
[32;1m[Board] [0m  -------------------
[32;1m[Board] [0m6 ||[7;1m [0m| |[30;1mp[0m| |[30;1mp[0m| |[7;1m [0m| || 6
[32;1m[Board] [0m  -------------------
[32;1m[Board] [0m5 || |[7;1m [0m| |[30;1mp[0m| |[7;1m [0m| |[7;1m [0m|| 5
[32;1m[Board] [0m  -------------------
[32;1m[Board] [0m4 ||[7;1m [0m|[0;1mp[0m|[7;1m [0m| |[7;1m [0m| |[7;1m [0m|[30;1mQ[0m|| 4
[32;1m[Board] [0m  -------------------
[32;1m[Board] [0m3 || |[7;1m [0m|[0;1mp[0m|[7;1m [0m| |[7;1m [0m| |[0;1mk[0m|| 3
[32;1m[Board] [0m  -------------------
[32;1m[Board] [0m2 ||[0;1mp[0m| |[7;1m [0m|[0;1mp[0m|[0;1mp[0m|[0;1mp[0m|[0;1mp[0m|[0;1mp[0m|| 2
[32;1m[Board] [0m  -------------------
[32;1m[Board] [0m1 ||[30;1mb[0m|[0;1mk[0m| |[7;1m [0m|[0;1mK[0m|[0;1mb[0m| |[0;1mr[0m|| 1
[32;1m[Board] [0m  -------------------
[32;1m[Board] [0m    a b c d e f g h
[32;1m[Board] [0m
[32;1m[Referee] [0mThis is the turn of the White player...
0 - 0 - 0 - 0 0 
0 - 0 - - 0 - 0 
- - 0 - 0 - - - 
- - - 0 - - - - 
- 1 - - - - - 0 
- - 1 - - - - 1 
1 - - 1 1 1 1 1 
0 1 - - 1 1 - 1 
--------
0 - 0 - 0 - 0 0 
0 - 0 - - 0 - 0 
- - 0 - 0 - - - 
- - - 0 - - - - 
- 1 - - - - 1 0 
- - 1 - - - - 1 
1 - - 1 1 1 - 1 
0 1 - - 1 1 - 1 
[32;1m[Game] [0mPlayer's error code: 0
[32;1m[Game] [0mChecking move validity...
[32;1m[Board] [0mInitializing board...
[32;1m[Board] [0mLoading history file `championship/check-innit-mate-lizzie-iii/history.csv`...
[32;1m[Board] [0mLoaded 14 move(s).
[32;1m[Board] [0mLoading move file `championship/check-innit-mate-lizzie-iii/move.csv`...
[32;1m[Board] [0mWhite player is playing g2 to g4.
[32;1m[Board] [0m
[32;1m[Board] [0m    a b c d e f g h 
[32;1m[Board] [0m  -------------------
[32;1m[Board] [0m8 ||[30;1mr[0m| |[30;1mb[0m| |[30;1mK[0m| |[30;1mk[0m|[30;1mr[0m|| 8
[32;1m[Board] [0m  -------------------
[32;1m[Board] [0m7 ||[30;1mp[0m|[7;1m [0m|[30;1mp[0m|[7;1m [0m| |[30;1mp[0m| |[30;1mp[0m|| 7
[32;1m[Board] [0m  -------------------
[32;1m[Board] [0m6 ||[7;1m [0m| |[30;1mp[0m| |[30;1mp[0m| |[7;1m [0m| || 6
[32;1m[Board] [0m  -------------------
[32;1m[Board] [0m5 || |[7;1m [0m| |[30;1mp[0m| |[7;1m [0m| |[7;1m [0m|| 5
[32;1m[Board] [0m  -------------------
[32;1m[Board] [0m4 ||[7;1m [0m|[0;1mp[0m|[7;1m [0m| |[7;1m [0m| |[0;1mp[0m|[30;1mQ[0m|| 4
[32;1m[Board] [0m  -------------------
[32;1m[Board] [0m3 || |[7;1m [0m|[0;1mp[0m|[7;1m [0m| |[7;1m [0m| |[0;1mk[0m|| 3
[32;1m[Board] [0m  -------------------
[32;1m[Board] [0m2 ||[0;1mp[0m| |[7;1m [0m|[0;1mp[0m|[0;1mp[0m|[0;1mp[0m|[7;1m [0m|[0;1mp[0m|| 2
[32;1m[Board] [0m  -------------------
[32;1m[Board] [0m1 ||[30;1mb[0m|[0;1mk[0m| |[7;1m [0m|[0;1mK[0m|[0;1mb[0m| |[0;1mr[0m|| 1
[32;1m[Board] [0m  -------------------
[32;1m[Board] [0m    a b c d e f g h
[32;1m[Board] [0m
[32;1m[Referee] [0mThis is the turn of the Black player...
Input file: championship/check-innit-mate-lizzie-iii/history.csv
Output file: championship/check-innit-mate-lizzie-iii/move.csv
We are playing as Black
8 | [1;31mR[0m [1;30m_[0m [1;31mB[0m [1;30m_[0m [1;31mK[0m [1;30m_[0m [1;31mN[0m [1;31mR[0m 
7 | [1;31mP[0m [1;30m_[0m [1;31mP[0m [1;30m_[0m [1;30m_[0m [1;31mP[0m [1;30m_[0m [1;31mP[0m 
6 | [1;30m_[0m [1;30m_[0m [1;31mP[0m [1;30m_[0m [1;31mP[0m [1;30m_[0m [1;30m_[0m [1;30m_[0m 
5 | [1;30m_[0m [1;30m_[0m [1;30m_[0m [1;31mP[0m [1;30m_[0m [1;30m_[0m [1;30m_[0m [1;30m_[0m 
4 | [1;30m_[0m [1;32mP[0m [1;30m_[0m [1;30m_[0m [1;30m_[0m [1;30m_[0m [1;32mP[0m [1;31mQ[0m 
3 | [1;30m_[0m [1;30m_[0m [1;32mP[0m [1;30m_[0m [1;30m_[0m [1;30m_[0m [1;30m_[0m [1;32mN[0m 
2 | [1;32mP[0m [1;30m_[0m [1;30m_[0m [1;32mP[0m [1;32mP[0m [1;32mP[0m [1;30m_[0m [1;32mP[0m 
1 | [1;31mB[0m [1;32mN[0m [1;30m_[0m [1;30m_[0m [1;32mK[0m [1;32mB[0m [1;30m_[0m [1;32mR[0m 
-------------------
  | A B C D E F G H 

It is black's turn to play.
Best move: h4g4
Evaluation: -1730
Node count: 47132

Total time: 1291.04 ms
[32;1m[Game] [0mPlayer's error code: 0
[32;1m[Game] [0mChecking move validity...
[32;1m[Board] [0mInitializing board...
[32;1m[Board] [0mLoading history file `championship/check-innit-mate-lizzie-iii/history.csv`...
[32;1m[Board] [0mLoaded 15 move(s).
[32;1m[Board] [0mLoading move file `championship/check-innit-mate-lizzie-iii/move.csv`...
[32;1m[Board] [0mBlack player is playing h4 to g4.
[32;1m[Board] [0m[5;1mBlack Queen is taking White Pawn.[0m
[32;1m[Board] [0m
[32;1m[Board] [0m    a b c d e f g h 
[32;1m[Board] [0m  -------------------
[32;1m[Board] [0m8 ||[30;1mr[0m| |[30;1mb[0m| |[30;1mK[0m| |[30;1mk[0m|[30;1mr[0m|| 8
[32;1m[Board] [0m  -------------------
[32;1m[Board] [0m7 ||[30;1mp[0m|[7;1m [0m|[30;1mp[0m|[7;1m [0m| |[30;1mp[0m| |[30;1mp[0m|| 7
[32;1m[Board] [0m  -------------------
[32;1m[Board] [0m6 ||[7;1m [0m| |[30;1mp[0m| |[30;1mp[0m| |[7;1m [0m| || 6
[32;1m[Board] [0m  -------------------
[32;1m[Board] [0m5 || |[7;1m [0m| |[30;1mp[0m| |[7;1m [0m| |[7;1m [0m|| 5
[32;1m[Board] [0m  -------------------
[32;1m[Board] [0m4 ||[7;1m [0m|[0;1mp[0m|[7;1m [0m| |[7;1m [0m| |[30;1mQ[0m| || 4
[32;1m[Board] [0m  -------------------
[32;1m[Board] [0m3 || |[7;1m [0m|[0;1mp[0m|[7;1m [0m| |[7;1m [0m| |[0;1mk[0m|| 3
[32;1m[Board] [0m  -------------------
[32;1m[Board] [0m2 ||[0;1mp[0m| |[7;1m [0m|[0;1mp[0m|[0;1mp[0m|[0;1mp[0m|[7;1m [0m|[0;1mp[0m|| 2
[32;1m[Board] [0m  -------------------
[32;1m[Board] [0m1 ||[30;1mb[0m|[0;1mk[0m| |[7;1m [0m|[0;1mK[0m|[0;1mb[0m| |[0;1mr[0m|| 1
[32;1m[Board] [0m  -------------------
[32;1m[Board] [0m    a b c d e f g h
[32;1m[Board] [0m
[32;1m[Referee] [0mThis is the turn of the White player...
0 - 0 - 0 - 0 0 
0 - 0 - - 0 - 0 
- - 0 - 0 - - - 
- - - 0 - - - - 
- 1 - - - - 0 - 
- - 1 - - - - 1 
1 - - 1 1 1 - 1 
0 1 - - 1 1 - 1 
--------
0 - 0 - 0 - 0 0 
0 - 0 - - 0 - 0 
- - 0 - 0 - - - 
- - - 0 - - - - 
- 1 - - - - 0 - 
- - 1 - - 1 - 1 
1 - - 1 1 - - 1 
0 1 - - 1 1 - 1 
[32;1m[Game] [0mPlayer's error code: 0
[32;1m[Game] [0mChecking move validity...
[32;1m[Board] [0mInitializing board...
[32;1m[Board] [0mLoading history file `championship/check-innit-mate-lizzie-iii/history.csv`...
[32;1m[Board] [0mLoaded 16 move(s).
[32;1m[Board] [0mLoading move file `championship/check-innit-mate-lizzie-iii/move.csv`...
[32;1m[Board] [0mWhite player is playing f2 to f3.
[32;1m[Board] [0m
[32;1m[Board] [0m    a b c d e f g h 
[32;1m[Board] [0m  -------------------
[32;1m[Board] [0m8 ||[30;1mr[0m| |[30;1mb[0m| |[30;1mK[0m| |[30;1mk[0m|[30;1mr[0m|| 8
[32;1m[Board] [0m  -------------------
[32;1m[Board] [0m7 ||[30;1mp[0m|[7;1m [0m|[30;1mp[0m|[7;1m [0m| |[30;1mp[0m| |[30;1mp[0m|| 7
[32;1m[Board] [0m  -------------------
[32;1m[Board] [0m6 ||[7;1m [0m| |[30;1mp[0m| |[30;1mp[0m| |[7;1m [0m| || 6
[32;1m[Board] [0m  -------------------
[32;1m[Board] [0m5 || |[7;1m [0m| |[30;1mp[0m| |[7;1m [0m| |[7;1m [0m|| 5
[32;1m[Board] [0m  -------------------
[32;1m[Board] [0m4 ||[7;1m [0m|[0;1mp[0m|[7;1m [0m| |[7;1m [0m| |[30;1mQ[0m| || 4
[32;1m[Board] [0m  -------------------
[32;1m[Board] [0m3 || |[7;1m [0m|[0;1mp[0m|[7;1m [0m| |[0;1mp[0m| |[0;1mk[0m|| 3
[32;1m[Board] [0m  -------------------
[32;1m[Board] [0m2 ||[0;1mp[0m| |[7;1m [0m|[0;1mp[0m|[0;1mp[0m| |[7;1m [0m|[0;1mp[0m|| 2
[32;1m[Board] [0m  -------------------
[32;1m[Board] [0m1 ||[30;1mb[0m|[0;1mk[0m| |[7;1m [0m|[0;1mK[0m|[0;1mb[0m| |[0;1mr[0m|| 1
[32;1m[Board] [0m  -------------------
[32;1m[Board] [0m    a b c d e f g h
[32;1m[Board] [0m
[32;1m[Referee] [0mThis is the turn of the Black player...
Input file: championship/check-innit-mate-lizzie-iii/history.csv
Output file: championship/check-innit-mate-lizzie-iii/move.csv
We are playing as Black
8 | [1;31mR[0m [1;30m_[0m [1;31mB[0m [1;30m_[0m [1;31mK[0m [1;30m_[0m [1;31mN[0m [1;31mR[0m 
7 | [1;31mP[0m [1;30m_[0m [1;31mP[0m [1;30m_[0m [1;30m_[0m [1;31mP[0m [1;30m_[0m [1;31mP[0m 
6 | [1;30m_[0m [1;30m_[0m [1;31mP[0m [1;30m_[0m [1;31mP[0m [1;30m_[0m [1;30m_[0m [1;30m_[0m 
5 | [1;30m_[0m [1;30m_[0m [1;30m_[0m [1;31mP[0m [1;30m_[0m [1;30m_[0m [1;30m_[0m [1;30m_[0m 
4 | [1;30m_[0m [1;32mP[0m [1;30m_[0m [1;30m_[0m [1;30m_[0m [1;30m_[0m [1;31mQ[0m [1;30m_[0m 
3 | [1;30m_[0m [1;30m_[0m [1;32mP[0m [1;30m_[0m [1;30m_[0m [1;32mP[0m [1;30m_[0m [1;32mN[0m 
2 | [1;32mP[0m [1;30m_[0m [1;30m_[0m [1;32mP[0m [1;32mP[0m [1;30m_[0m [1;30m_[0m [1;32mP[0m 
1 | [1;31mB[0m [1;32mN[0m [1;30m_[0m [1;30m_[0m [1;32mK[0m [1;32mB[0m [1;30m_[0m [1;32mR[0m 
-------------------
  | A B C D E F G H 

It is black's turn to play.
Best move: g4h5
Evaluation: -1750
Node count: 47599

Total time: 1438.31 ms
[32;1m[Game] [0mPlayer's error code: 0
[32;1m[Game] [0mChecking move validity...
[32;1m[Board] [0mInitializing board...
[32;1m[Board] [0mLoading history file `championship/check-innit-mate-lizzie-iii/history.csv`...
[32;1m[Board] [0mLoaded 17 move(s).
[32;1m[Board] [0mLoading move file `championship/check-innit-mate-lizzie-iii/move.csv`...
[32;1m[Board] [0mBlack player is playing g4 to h5.
[32;1m[Board] [0m
[32;1m[Board] [0m    a b c d e f g h 
[32;1m[Board] [0m  -------------------
[32;1m[Board] [0m8 ||[30;1mr[0m| |[30;1mb[0m| |[30;1mK[0m| |[30;1mk[0m|[30;1mr[0m|| 8
[32;1m[Board] [0m  -------------------
[32;1m[Board] [0m7 ||[30;1mp[0m|[7;1m [0m|[30;1mp[0m|[7;1m [0m| |[30;1mp[0m| |[30;1mp[0m|| 7
[32;1m[Board] [0m  -------------------
[32;1m[Board] [0m6 ||[7;1m [0m| |[30;1mp[0m| |[30;1mp[0m| |[7;1m [0m| || 6
[32;1m[Board] [0m  -------------------
[32;1m[Board] [0m5 || |[7;1m [0m| |[30;1mp[0m| |[7;1m [0m| |[30;1mQ[0m|| 5
[32;1m[Board] [0m  -------------------
[32;1m[Board] [0m4 ||[7;1m [0m|[0;1mp[0m|[7;1m [0m| |[7;1m [0m| |[7;1m [0m| || 4
[32;1m[Board] [0m  -------------------
[32;1m[Board] [0m3 || |[7;1m [0m|[0;1mp[0m|[7;1m [0m| |[0;1mp[0m| |[0;1mk[0m|| 3
[32;1m[Board] [0m  -------------------
[32;1m[Board] [0m2 ||[0;1mp[0m| |[7;1m [0m|[0;1mp[0m|[0;1mp[0m| |[7;1m [0m|[0;1mp[0m|| 2
[32;1m[Board] [0m  -------------------
[32;1m[Board] [0m1 ||[30;1mb[0m|[0;1mk[0m| |[7;1m [0m|[0;1mK[0m|[0;1mb[0m| |[0;1mr[0m|| 1
[32;1m[Board] [0m  -------------------
[32;1m[Board] [0m    a b c d e f g h
[32;1m[Board] [0m
[32;1m[Referee] [0mThis is the turn of the White player...
0 - 0 - 0 - 0 0 
0 - 0 - - 0 - 0 
- - 0 - 0 - - - 
- - - 0 - - - 0 
- 1 - - - - - - 
- - 1 - - 1 - 1 
1 - - 1 1 - - 1 
0 1 - - 1 1 - 1 
--------
0 - 0 - 0 - 0 0 
0 - 0 - - 0 - 0 
- - 0 - 0 - - - 
- - - 0 - - - 0 
- 1 - - - 1 - - 
- - 1 - - - - 1 
1 - - 1 1 - - 1 
0 1 - - 1 1 - 1 
[32;1m[Game] [0mPlayer's error code: 0
[32;1m[Game] [0mChecking move validity...
[32;1m[Board] [0mInitializing board...
[32;1m[Board] [0mLoading history file `championship/check-innit-mate-lizzie-iii/history.csv`...
[32;1m[Board] [0mLoaded 18 move(s).
[32;1m[Board] [0mLoading move file `championship/check-innit-mate-lizzie-iii/move.csv`...
[32;1m[Board] [0mWhite player is playing f3 to f4.
[32;1m[Board] [0m
[32;1m[Board] [0m    a b c d e f g h 
[32;1m[Board] [0m  -------------------
[32;1m[Board] [0m8 ||[30;1mr[0m| |[30;1mb[0m| |[30;1mK[0m| |[30;1mk[0m|[30;1mr[0m|| 8
[32;1m[Board] [0m  -------------------
[32;1m[Board] [0m7 ||[30;1mp[0m|[7;1m [0m|[30;1mp[0m|[7;1m [0m| |[30;1mp[0m| |[30;1mp[0m|| 7
[32;1m[Board] [0m  -------------------
[32;1m[Board] [0m6 ||[7;1m [0m| |[30;1mp[0m| |[30;1mp[0m| |[7;1m [0m| || 6
[32;1m[Board] [0m  -------------------
[32;1m[Board] [0m5 || |[7;1m [0m| |[30;1mp[0m| |[7;1m [0m| |[30;1mQ[0m|| 5
[32;1m[Board] [0m  -------------------
[32;1m[Board] [0m4 ||[7;1m [0m|[0;1mp[0m|[7;1m [0m| |[7;1m [0m|[0;1mp[0m|[7;1m [0m| || 4
[32;1m[Board] [0m  -------------------
[32;1m[Board] [0m3 || |[7;1m [0m|[0;1mp[0m|[7;1m [0m| |[7;1m [0m| |[0;1mk[0m|| 3
[32;1m[Board] [0m  -------------------
[32;1m[Board] [0m2 ||[0;1mp[0m| |[7;1m [0m|[0;1mp[0m|[0;1mp[0m| |[7;1m [0m|[0;1mp[0m|| 2
[32;1m[Board] [0m  -------------------
[32;1m[Board] [0m1 ||[30;1mb[0m|[0;1mk[0m| |[7;1m [0m|[0;1mK[0m|[0;1mb[0m| |[0;1mr[0m|| 1
[32;1m[Board] [0m  -------------------
[32;1m[Board] [0m    a b c d e f g h
[32;1m[Board] [0m
[32;1m[Referee] [0mThis is the turn of the Black player...
Input file: championship/check-innit-mate-lizzie-iii/history.csv
Output file: championship/check-innit-mate-lizzie-iii/move.csv
We are playing as Black
8 | [1;31mR[0m [1;30m_[0m [1;31mB[0m [1;30m_[0m [1;31mK[0m [1;30m_[0m [1;31mN[0m [1;31mR[0m 
7 | [1;31mP[0m [1;30m_[0m [1;31mP[0m [1;30m_[0m [1;30m_[0m [1;31mP[0m [1;30m_[0m [1;31mP[0m 
6 | [1;30m_[0m [1;30m_[0m [1;31mP[0m [1;30m_[0m [1;31mP[0m [1;30m_[0m [1;30m_[0m [1;30m_[0m 
5 | [1;30m_[0m [1;30m_[0m [1;30m_[0m [1;31mP[0m [1;30m_[0m [1;30m_[0m [1;30m_[0m [1;31mQ[0m 
4 | [1;30m_[0m [1;32mP[0m [1;30m_[0m [1;30m_[0m [1;30m_[0m [1;32mP[0m [1;30m_[0m [1;30m_[0m 
3 | [1;30m_[0m [1;30m_[0m [1;32mP[0m [1;30m_[0m [1;30m_[0m [1;30m_[0m [1;30m_[0m [1;32mN[0m 
2 | [1;32mP[0m [1;30m_[0m [1;30m_[0m [1;32mP[0m [1;32mP[0m [1;30m_[0m [1;30m_[0m [1;32mP[0m 
1 | [1;31mB[0m [1;32mN[0m [1;30m_[0m [1;30m_[0m [1;32mK[0m [1;32mB[0m [1;30m_[0m [1;32mR[0m 
-------------------
  | A B C D E F G H 

It is black's turn to play.
Best move: g8f6
Evaluation: -1790
Node count: 57582

Total time: 1780.36 ms
[32;1m[Game] [0mPlayer's error code: 0
[32;1m[Game] [0mChecking move validity...
[32;1m[Board] [0mInitializing board...
[32;1m[Board] [0mLoading history file `championship/check-innit-mate-lizzie-iii/history.csv`...
[32;1m[Board] [0mLoaded 19 move(s).
[32;1m[Board] [0mLoading move file `championship/check-innit-mate-lizzie-iii/move.csv`...
[32;1m[Board] [0mBlack player is playing g8 to f6.
[32;1m[Board] [0m
[32;1m[Board] [0m    a b c d e f g h 
[32;1m[Board] [0m  -------------------
[32;1m[Board] [0m8 ||[30;1mr[0m| |[30;1mb[0m| |[30;1mK[0m| |[7;1m [0m|[30;1mr[0m|| 8
[32;1m[Board] [0m  -------------------
[32;1m[Board] [0m7 ||[30;1mp[0m|[7;1m [0m|[30;1mp[0m|[7;1m [0m| |[30;1mp[0m| |[30;1mp[0m|| 7
[32;1m[Board] [0m  -------------------
[32;1m[Board] [0m6 ||[7;1m [0m| |[30;1mp[0m| |[30;1mp[0m|[30;1mk[0m|[7;1m [0m| || 6
[32;1m[Board] [0m  -------------------
[32;1m[Board] [0m5 || |[7;1m [0m| |[30;1mp[0m| |[7;1m [0m| |[30;1mQ[0m|| 5
[32;1m[Board] [0m  -------------------
[32;1m[Board] [0m4 ||[7;1m [0m|[0;1mp[0m|[7;1m [0m| |[7;1m [0m|[0;1mp[0m|[7;1m [0m| || 4
[32;1m[Board] [0m  -------------------
[32;1m[Board] [0m3 || |[7;1m [0m|[0;1mp[0m|[7;1m [0m| |[7;1m [0m| |[0;1mk[0m|| 3
[32;1m[Board] [0m  -------------------
[32;1m[Board] [0m2 ||[0;1mp[0m| |[7;1m [0m|[0;1mp[0m|[0;1mp[0m| |[7;1m [0m|[0;1mp[0m|| 2
[32;1m[Board] [0m  -------------------
[32;1m[Board] [0m1 ||[30;1mb[0m|[0;1mk[0m| |[7;1m [0m|[0;1mK[0m|[0;1mb[0m| |[0;1mr[0m|| 1
[32;1m[Board] [0m  -------------------
[32;1m[Board] [0m    a b c d e f g h
[32;1m[Board] [0m
[32;1m[Referee] [0mThis is the turn of the White player...
0 - 0 - 0 - - 0 
0 - 0 - - 0 - 0 
- - 0 - 0 0 - - 
- - - 0 - - - 0 
- 1 - - - 1 - - 
- - 1 - - - - 1 
1 - - 1 1 - - 1 
0 1 - - 1 1 - 1 
--------
0 - 0 - 0 - - 0 
0 - 0 - - 0 - 0 
- - 0 - 0 0 - - 
- - - 0 - - - 0 
- 1 - - 1 1 - - 
- - 1 - - - - 1 
1 - - 1 - - - 1 
0 1 - - 1 1 - 1 
[32;1m[Game] [0mPlayer's error code: 0
[32;1m[Game] [0mChecking move validity...
[32;1m[Board] [0mInitializing board...
[32;1m[Board] [0mLoading history file `championship/check-innit-mate-lizzie-iii/history.csv`...
[32;1m[Board] [0mLoaded 20 move(s).
[32;1m[Board] [0mLoading move file `championship/check-innit-mate-lizzie-iii/move.csv`...
[32;1m[Board] [0mWhite player is playing e2 to e4.
[32;1m[Board] [0m
[32;1m[Board] [0m    a b c d e f g h 
[32;1m[Board] [0m  -------------------
[32;1m[Board] [0m8 ||[30;1mr[0m| |[30;1mb[0m| |[30;1mK[0m| |[7;1m [0m|[30;1mr[0m|| 8
[32;1m[Board] [0m  -------------------
[32;1m[Board] [0m7 ||[30;1mp[0m|[7;1m [0m|[30;1mp[0m|[7;1m [0m| |[30;1mp[0m| |[30;1mp[0m|| 7
[32;1m[Board] [0m  -------------------
[32;1m[Board] [0m6 ||[7;1m [0m| |[30;1mp[0m| |[30;1mp[0m|[30;1mk[0m|[7;1m [0m| || 6
[32;1m[Board] [0m  -------------------
[32;1m[Board] [0m5 || |[7;1m [0m| |[30;1mp[0m| |[7;1m [0m| |[30;1mQ[0m|| 5
[32;1m[Board] [0m  -------------------
[32;1m[Board] [0m4 ||[7;1m [0m|[0;1mp[0m|[7;1m [0m| |[0;1mp[0m|[0;1mp[0m|[7;1m [0m| || 4
[32;1m[Board] [0m  -------------------
[32;1m[Board] [0m3 || |[7;1m [0m|[0;1mp[0m|[7;1m [0m| |[7;1m [0m| |[0;1mk[0m|| 3
[32;1m[Board] [0m  -------------------
[32;1m[Board] [0m2 ||[0;1mp[0m| |[7;1m [0m|[0;1mp[0m|[7;1m [0m| |[7;1m [0m|[0;1mp[0m|| 2
[32;1m[Board] [0m  -------------------
[32;1m[Board] [0m1 ||[30;1mb[0m|[0;1mk[0m| |[7;1m [0m|[0;1mK[0m|[0;1mb[0m| |[0;1mr[0m|| 1
[32;1m[Board] [0m  -------------------
[32;1m[Board] [0m    a b c d e f g h
[32;1m[Board] [0m
[32;1m[Referee] [0mThis is the turn of the Black player...
Input file: championship/check-innit-mate-lizzie-iii/history.csv
Output file: championship/check-innit-mate-lizzie-iii/move.csv
We are playing as Black
8 | [1;31mR[0m [1;30m_[0m [1;31mB[0m [1;30m_[0m [1;31mK[0m [1;30m_[0m [1;30m_[0m [1;31mR[0m 
7 | [1;31mP[0m [1;30m_[0m [1;31mP[0m [1;30m_[0m [1;30m_[0m [1;31mP[0m [1;30m_[0m [1;31mP[0m 
6 | [1;30m_[0m [1;30m_[0m [1;31mP[0m [1;30m_[0m [1;31mP[0m [1;31mN[0m [1;30m_[0m [1;30m_[0m 
5 | [1;30m_[0m [1;30m_[0m [1;30m_[0m [1;31mP[0m [1;30m_[0m [1;30m_[0m [1;30m_[0m [1;31mQ[0m 
4 | [1;30m_[0m [1;32mP[0m [1;30m_[0m [1;30m_[0m [1;32mP[0m [1;32mP[0m [1;30m_[0m [1;30m_[0m 
3 | [1;30m_[0m [1;30m_[0m [1;32mP[0m [1;30m_[0m [1;30m_[0m [1;30m_[0m [1;30m_[0m [1;32mN[0m 
2 | [1;32mP[0m [1;30m_[0m [1;30m_[0m [1;32mP[0m [1;30m_[0m [1;30m_[0m [1;30m_[0m [1;32mP[0m 
1 | [1;31mB[0m [1;32mN[0m [1;30m_[0m [1;30m_[0m [1;32mK[0m [1;32mB[0m [1;30m_[0m [1;32mR[0m 
-------------------
  | A B C D E F G H 

It is black's turn to play.
Best move: h5f3
Evaluation: -1910
Node count: 69775

Total time: 2121.2 ms
[32;1m[Game] [0mPlayer's error code: 0
[32;1m[Game] [0mChecking move validity...
[32;1m[Board] [0mInitializing board...
[32;1m[Board] [0mLoading history file `championship/check-innit-mate-lizzie-iii/history.csv`...
[32;1m[Board] [0mLoaded 21 move(s).
[32;1m[Board] [0mLoading move file `championship/check-innit-mate-lizzie-iii/move.csv`...
[32;1m[Board] [0mBlack player is playing h5 to f3.
[32;1m[Board] [0m
[32;1m[Board] [0m    a b c d e f g h 
[32;1m[Board] [0m  -------------------
[32;1m[Board] [0m8 ||[30;1mr[0m| |[30;1mb[0m| |[30;1mK[0m| |[7;1m [0m|[30;1mr[0m|| 8
[32;1m[Board] [0m  -------------------
[32;1m[Board] [0m7 ||[30;1mp[0m|[7;1m [0m|[30;1mp[0m|[7;1m [0m| |[30;1mp[0m| |[30;1mp[0m|| 7
[32;1m[Board] [0m  -------------------
[32;1m[Board] [0m6 ||[7;1m [0m| |[30;1mp[0m| |[30;1mp[0m|[30;1mk[0m|[7;1m [0m| || 6
[32;1m[Board] [0m  -------------------
[32;1m[Board] [0m5 || |[7;1m [0m| |[30;1mp[0m| |[7;1m [0m| |[7;1m [0m|| 5
[32;1m[Board] [0m  -------------------
[32;1m[Board] [0m4 ||[7;1m [0m|[0;1mp[0m|[7;1m [0m| |[0;1mp[0m|[0;1mp[0m|[7;1m [0m| || 4
[32;1m[Board] [0m  -------------------
[32;1m[Board] [0m3 || |[7;1m [0m|[0;1mp[0m|[7;1m [0m| |[30;1mQ[0m| |[0;1mk[0m|| 3
[32;1m[Board] [0m  -------------------
[32;1m[Board] [0m2 ||[0;1mp[0m| |[7;1m [0m|[0;1mp[0m|[7;1m [0m| |[7;1m [0m|[0;1mp[0m|| 2
[32;1m[Board] [0m  -------------------
[32;1m[Board] [0m1 ||[30;1mb[0m|[0;1mk[0m| |[7;1m [0m|[0;1mK[0m|[0;1mb[0m| |[0;1mr[0m|| 1
[32;1m[Board] [0m  -------------------
[32;1m[Board] [0m    a b c d e f g h
[32;1m[Board] [0m
[32;1m[Referee] [0mThis is the turn of the White player...
0 - 0 - 0 - - 0 
0 - 0 - - 0 - 0 
- - 0 - 0 0 - - 
- - - 0 - - - - 
- 1 - - 1 1 - - 
- - 1 - - 0 - 1 
1 - - 1 - - - 1 
0 1 - - 1 1 - 1 
--------
0 - 0 - 0 - - 0 
0 - 0 - - 0 - 0 
- - 0 - 0 0 - - 
- - - 1 - - - - 
- 1 - - - 1 - - 
- - 1 - - 0 - 1 
1 - - 1 - - - 1 
0 1 - - 1 1 - 1 
[32;1m[Game] [0mPlayer's error code: 0
[32;1m[Game] [0mChecking move validity...
[32;1m[Board] [0mInitializing board...
[32;1m[Board] [0mLoading history file `championship/check-innit-mate-lizzie-iii/history.csv`...
[32;1m[Board] [0mLoaded 22 move(s).
[32;1m[Board] [0mLoading move file `championship/check-innit-mate-lizzie-iii/move.csv`...
[32;1m[Board] [0mWhite player is playing e4 to d5.
[32;1m[Board] [0m[5;1mWhite Pawn is taking Black Pawn.[0m
[32;1m[Board] [0m
[32;1m[Board] [0m    a b c d e f g h 
[32;1m[Board] [0m  -------------------
[32;1m[Board] [0m8 ||[30;1mr[0m| |[30;1mb[0m| |[30;1mK[0m| |[7;1m [0m|[30;1mr[0m|| 8
[32;1m[Board] [0m  -------------------
[32;1m[Board] [0m7 ||[30;1mp[0m|[7;1m [0m|[30;1mp[0m|[7;1m [0m| |[30;1mp[0m| |[30;1mp[0m|| 7
[32;1m[Board] [0m  -------------------
[32;1m[Board] [0m6 ||[7;1m [0m| |[30;1mp[0m| |[30;1mp[0m|[30;1mk[0m|[7;1m [0m| || 6
[32;1m[Board] [0m  -------------------
[32;1m[Board] [0m5 || |[7;1m [0m| |[0;1mp[0m| |[7;1m [0m| |[7;1m [0m|| 5
[32;1m[Board] [0m  -------------------
[32;1m[Board] [0m4 ||[7;1m [0m|[0;1mp[0m|[7;1m [0m| |[7;1m [0m|[0;1mp[0m|[7;1m [0m| || 4
[32;1m[Board] [0m  -------------------
[32;1m[Board] [0m3 || |[7;1m [0m|[0;1mp[0m|[7;1m [0m| |[30;1mQ[0m| |[0;1mk[0m|| 3
[32;1m[Board] [0m  -------------------
[32;1m[Board] [0m2 ||[0;1mp[0m| |[7;1m [0m|[0;1mp[0m|[7;1m [0m| |[7;1m [0m|[0;1mp[0m|| 2
[32;1m[Board] [0m  -------------------
[32;1m[Board] [0m1 ||[30;1mb[0m|[0;1mk[0m| |[7;1m [0m|[0;1mK[0m|[0;1mb[0m| |[0;1mr[0m|| 1
[32;1m[Board] [0m  -------------------
[32;1m[Board] [0m    a b c d e f g h
[32;1m[Board] [0m
[32;1m[Referee] [0mThis is the turn of the Black player...
Input file: championship/check-innit-mate-lizzie-iii/history.csv
Output file: championship/check-innit-mate-lizzie-iii/move.csv
We are playing as Black
8 | [1;31mR[0m [1;30m_[0m [1;31mB[0m [1;30m_[0m [1;31mK[0m [1;30m_[0m [1;30m_[0m [1;31mR[0m 
7 | [1;31mP[0m [1;30m_[0m [1;31mP[0m [1;30m_[0m [1;30m_[0m [1;31mP[0m [1;30m_[0m [1;31mP[0m 
6 | [1;30m_[0m [1;30m_[0m [1;31mP[0m [1;30m_[0m [1;31mP[0m [1;31mN[0m [1;30m_[0m [1;30m_[0m 
5 | [1;30m_[0m [1;30m_[0m [1;30m_[0m [1;32mP[0m [1;30m_[0m [1;30m_[0m [1;30m_[0m [1;30m_[0m 
4 | [1;30m_[0m [1;32mP[0m [1;30m_[0m [1;30m_[0m [1;30m_[0m [1;32mP[0m [1;30m_[0m [1;30m_[0m 
3 | [1;30m_[0m [1;30m_[0m [1;32mP[0m [1;30m_[0m [1;30m_[0m [1;31mQ[0m [1;30m_[0m [1;32mN[0m 
2 | [1;32mP[0m [1;30m_[0m [1;30m_[0m [1;32mP[0m [1;30m_[0m [1;30m_[0m [1;30m_[0m [1;32mP[0m 
1 | [1;31mB[0m [1;32mN[0m [1;30m_[0m [1;30m_[0m [1;32mK[0m [1;32mB[0m [1;30m_[0m [1;32mR[0m 
-------------------
  | A B C D E F G H 

It is black's turn to play.
Best move: f3e4
Evaluation: -2090
Node count: 66627

Total time: 1723.35 ms
[32;1m[Game] [0mPlayer's error code: 0
[32;1m[Game] [0mChecking move validity...
[32;1m[Board] [0mInitializing board...
[32;1m[Board] [0mLoading history file `championship/check-innit-mate-lizzie-iii/history.csv`...
[32;1m[Board] [0mLoaded 23 move(s).
[32;1m[Board] [0mLoading move file `championship/check-innit-mate-lizzie-iii/move.csv`...
[32;1m[Board] [0mBlack player is playing f3 to e4.
[32;1m[Board] [0m
[32;1m[Board] [0m    a b c d e f g h 
[32;1m[Board] [0m  -------------------
[32;1m[Board] [0m8 ||[30;1mr[0m| |[30;1mb[0m| |[30;1mK[0m| |[7;1m [0m|[30;1mr[0m|| 8
[32;1m[Board] [0m  -------------------
[32;1m[Board] [0m7 ||[30;1mp[0m|[7;1m [0m|[30;1mp[0m|[7;1m [0m| |[30;1mp[0m| |[30;1mp[0m|| 7
[32;1m[Board] [0m  -------------------
[32;1m[Board] [0m6 ||[7;1m [0m| |[30;1mp[0m| |[30;1mp[0m|[30;1mk[0m|[7;1m [0m| || 6
[32;1m[Board] [0m  -------------------
[32;1m[Board] [0m5 || |[7;1m [0m| |[0;1mp[0m| |[7;1m [0m| |[7;1m [0m|| 5
[32;1m[Board] [0m  -------------------
[32;1m[Board] [0m4 ||[7;1m [0m|[0;1mp[0m|[7;1m [0m| |[30;1mQ[0m|[0;1mp[0m|[7;1m [0m| || 4
[32;1m[Board] [0m  -------------------
[32;1m[Board] [0m3 || |[7;1m [0m|[0;1mp[0m|[7;1m [0m| |[7;1m [0m| |[0;1mk[0m|| 3
[32;1m[Board] [0m  -------------------
[32;1m[Board] [0m2 ||[0;1mp[0m| |[7;1m [0m|[0;1mp[0m|[7;1m [0m| |[7;1m [0m|[0;1mp[0m|| 2
[32;1m[Board] [0m  -------------------
[32;1m[Board] [0m1 ||[30;1mb[0m|[0;1mk[0m| |[7;1m [0m|[0;1mK[0m|[0;1mb[0m| |[0;1mr[0m|| 1
[32;1m[Board] [0m  -------------------
[32;1m[Board] [0m    a b c d e f g h
[32;1m[Board] [0m
[32;1m[Referee] [0mThis is the turn of the White player...
[32;1m[Board] [0m[33;1m[WARNING][0m [5;1mWhite King in check![0m
[32;1m[Board] [0m[33;1m[WARNING][0m    Threatened by Black Queen (e4)
0 - 0 - 0 - - 0 
0 - 0 - - 0 - 0 
- - 0 - 0 0 - - 
- - - 1 - - - - 
- 1 - - 0 1 - - 
- - 1 - - - - 1 
1 - - 1 - - - 1 
0 1 - - 1 1 - 1 
--------
0 - 0 - 0 - - 0 
0 - 0 - - 0 - 0 
- - 1 - 0 0 - - 
- - - - - - - - 
- 1 - - 0 1 - - 
- - 1 - - - - 1 
1 - - 1 - - - 1 
0 1 - - 1 1 - 1 
[32;1m[Game] [0mPlayer's error code: 0
[32;1m[Game] [0mChecking move validity...
[32;1m[Board] [0mInitializing board...
[32;1m[Board] [0mLoading history file `championship/check-innit-mate-lizzie-iii/history.csv`...
[32;1m[Board] [0mLoaded 24 move(s).
[32;1m[Board] [0mLoading move file `championship/check-innit-mate-lizzie-iii/move.csv`...
[32;1m[Board] [0mWhite player is playing d5 to c6.
[32;1m[Board] [0m[31;1m[ERROR][0m Proposed move from (d5) to (c6) puts the King in check :(
[32;1m[Board] [0m[31;1m[ERROR][0m White Pawn (d5) cannot reach its destination (c6) :(
[32;1m[Referee] [0mInvalid move (code: -7) :(
[32;1m[Game] [0mWhite player has lost on illegal move.
