[32;1m[Board] [0mInitializing board...
[32;1m[Board] [0m
[32;1m[Board] [0m    a b c d e f g h 
[32;1m[Board] [0m  -------------------
[32;1m[Board] [0m8 ||[30;1mr[0m|[30;1mk[0m|[30;1mb[0m|[30;1mQ[0m|[30;1mK[0m|[30;1mb[0m|[30;1mk[0m|[30;1mr[0m|| 8
[32;1m[Board] [0m  -------------------
[32;1m[Board] [0m7 ||[30;1mp[0m|[30;1mp[0m|[30;1mp[0m|[30;1mp[0m|[30;1mp[0m|[30;1mp[0m|[30;1mp[0m|[30;1mp[0m|| 7
[32;1m[Board] [0m  -------------------
[32;1m[Board] [0m6 ||[7;1m [0m| |[7;1m [0m| |[7;1m [0m| |[7;1m [0m| || 6
[32;1m[Board] [0m  -------------------
[32;1m[Board] [0m5 || |[7;1m [0m| |[7;1m [0m| |[7;1m [0m| |[7;1m [0m|| 5
[32;1m[Board] [0m  -------------------
[32;1m[Board] [0m4 ||[7;1m [0m| |[7;1m [0m| |[7;1m [0m| |[7;1m [0m| || 4
[32;1m[Board] [0m  -------------------
[32;1m[Board] [0m3 || |[7;1m [0m| |[7;1m [0m| |[7;1m [0m| |[7;1m [0m|| 3
[32;1m[Board] [0m  -------------------
[32;1m[Board] [0m2 ||[0;1mp[0m|[0;1mp[0m|[0;1mp[0m|[0;1mp[0m|[0;1mp[0m|[0;1mp[0m|[0;1mp[0m|[0;1mp[0m|| 2
[32;1m[Board] [0m  -------------------
[32;1m[Board] [0m1 ||[0;1mr[0m|[0;1mk[0m|[0;1mb[0m|[0;1mQ[0m|[0;1mK[0m|[0;1mb[0m|[0;1mk[0m|[0;1mr[0m|| 1
[32;1m[Board] [0m  -------------------
[32;1m[Board] [0m    a b c d e f g h
[32;1m[Board] [0m
[32;1m[Referee] [0mThis is the turn of the White player...
Succesfully loaded network via incbin!
info score 145 depth 1 nodes 25 time 3
-32000 32000 30
info score 57 depth 2 nodes 128 time 3
-32000 32000 30
info score 126 depth 3 nodes 694 time 4
-32000 32000 30
info score 83 depth 4 nodes 2790 time 8
-32000 32000 30
info score 93 depth 5 nodes 14242 time 24
53 113 30
info score 63 depth 6 nodes 25126 time 41
63 123 30
info score 46 depth 6 nodes 41174 time 65
33 123 60
info score 76 depth 7 nodes 101889 time 153
16 76 30
info score 95 depth 7 nodes 164148 time 242
16 106 60
info score 94 depth 8 nodes 308626 time 476
65 125 30
info score 124 depth 9 nodes 409235 time 690
64 124 30
info score 124 depth 9 nodes 875012 time 1621
64 154 60
info score 94 depth 10 nodes 1708400 time 3342
94 154 30
info score 85 depth 10 nodes 2250976 time 4432
64 154 60
info score 115 depth 11 nodes 3159979 time 6341
55 115 30
bestmove e2e4
[32;1m[Game] [0mPlayer's error code: 0
[32;1m[Game] [0mChecking move validity...
[32;1m[Board] [0mInitializing board...
[32;1m[Board] [0mLoading history file `championship/bbd-xplorers/history.csv`...
[32;1m[Board] [0mLoaded 0 move(s).
[32;1m[Board] [0mLoading move file `championship/bbd-xplorers/move.csv`...
[32;1m[Board] [0mWhite player is playing e2 to e4.
[32;1m[Board] [0m
[32;1m[Board] [0m    a b c d e f g h 
[32;1m[Board] [0m  -------------------
[32;1m[Board] [0m8 ||[30;1mr[0m|[30;1mk[0m|[30;1mb[0m|[30;1mQ[0m|[30;1mK[0m|[30;1mb[0m|[30;1mk[0m|[30;1mr[0m|| 8
[32;1m[Board] [0m  -------------------
[32;1m[Board] [0m7 ||[30;1mp[0m|[30;1mp[0m|[30;1mp[0m|[30;1mp[0m|[30;1mp[0m|[30;1mp[0m|[30;1mp[0m|[30;1mp[0m|| 7
[32;1m[Board] [0m  -------------------
[32;1m[Board] [0m6 ||[7;1m [0m| |[7;1m [0m| |[7;1m [0m| |[7;1m [0m| || 6
[32;1m[Board] [0m  -------------------
[32;1m[Board] [0m5 || |[7;1m [0m| |[7;1m [0m| |[7;1m [0m| |[7;1m [0m|| 5
[32;1m[Board] [0m  -------------------
[32;1m[Board] [0m4 ||[7;1m [0m| |[7;1m [0m| |[0;1mp[0m| |[7;1m [0m| || 4
[32;1m[Board] [0m  -------------------
[32;1m[Board] [0m3 || |[7;1m [0m| |[7;1m [0m| |[7;1m [0m| |[7;1m [0m|| 3
[32;1m[Board] [0m  -------------------
[32;1m[Board] [0m2 ||[0;1mp[0m|[0;1mp[0m|[0;1mp[0m|[0;1mp[0m|[7;1m [0m|[0;1mp[0m|[0;1mp[0m|[0;1mp[0m|| 2
[32;1m[Board] [0m  -------------------
[32;1m[Board] [0m1 ||[0;1mr[0m|[0;1mk[0m|[0;1mb[0m|[0;1mQ[0m|[0;1mK[0m|[0;1mb[0m|[0;1mk[0m|[0;1mr[0m|| 1
[32;1m[Board] [0m  -------------------
[32;1m[Board] [0m    a b c d e f g h
[32;1m[Board] [0m
[32;1m[Referee] [0mThis is the turn of the Black player...
championship/bbd-xplorers/history.csv
-----------------------------------------
| br | bn | bb | bq | bK | bb | bn | br |
-----------------------------------------
| bp | bp | bp | bp | bp | bp | bp | bp |
-----------------------------------------
|    |    |    |    |    |    |    |    |
-----------------------------------------
|    |    |    |    |    |    |    |    |
-----------------------------------------
|    |    |    |    | wp |    |    |    |
-----------------------------------------
|    |    |    |    |    |    |    |    |
-----------------------------------------
| wp | wp | wp | wp |    | wp | wp | wp |
-----------------------------------------
| wr | wn | wb | wq | wK | wb | wn | wr |
-----------------------------------------
Wrote move "e7e5" to championship/bbd-xplorers/move.csv
4644
the total evaluation is: 3.94
[32;1m[Game] [0mPlayer's error code: 0
[32;1m[Game] [0mChecking move validity...
[32;1m[Board] [0mInitializing board...
[32;1m[Board] [0mLoading history file `championship/bbd-xplorers/history.csv`...
[32;1m[Board] [0mLoaded 1 move(s).
[32;1m[Board] [0mLoading move file `championship/bbd-xplorers/move.csv`...
[32;1m[Board] [0mBlack player is playing e7 to e5.
[32;1m[Board] [0m
[32;1m[Board] [0m    a b c d e f g h 
[32;1m[Board] [0m  -------------------
[32;1m[Board] [0m8 ||[30;1mr[0m|[30;1mk[0m|[30;1mb[0m|[30;1mQ[0m|[30;1mK[0m|[30;1mb[0m|[30;1mk[0m|[30;1mr[0m|| 8
[32;1m[Board] [0m  -------------------
[32;1m[Board] [0m7 ||[30;1mp[0m|[30;1mp[0m|[30;1mp[0m|[30;1mp[0m| |[30;1mp[0m|[30;1mp[0m|[30;1mp[0m|| 7
[32;1m[Board] [0m  -------------------
[32;1m[Board] [0m6 ||[7;1m [0m| |[7;1m [0m| |[7;1m [0m| |[7;1m [0m| || 6
[32;1m[Board] [0m  -------------------
[32;1m[Board] [0m5 || |[7;1m [0m| |[7;1m [0m|[30;1mp[0m|[7;1m [0m| |[7;1m [0m|| 5
[32;1m[Board] [0m  -------------------
[32;1m[Board] [0m4 ||[7;1m [0m| |[7;1m [0m| |[0;1mp[0m| |[7;1m [0m| || 4
[32;1m[Board] [0m  -------------------
[32;1m[Board] [0m3 || |[7;1m [0m| |[7;1m [0m| |[7;1m [0m| |[7;1m [0m|| 3
[32;1m[Board] [0m  -------------------
[32;1m[Board] [0m2 ||[0;1mp[0m|[0;1mp[0m|[0;1mp[0m|[0;1mp[0m|[7;1m [0m|[0;1mp[0m|[0;1mp[0m|[0;1mp[0m|| 2
[32;1m[Board] [0m  -------------------
[32;1m[Board] [0m1 ||[0;1mr[0m|[0;1mk[0m|[0;1mb[0m|[0;1mQ[0m|[0;1mK[0m|[0;1mb[0m|[0;1mk[0m|[0;1mr[0m|| 1
[32;1m[Board] [0m  -------------------
[32;1m[Board] [0m    a b c d e f g h
[32;1m[Board] [0m
[32;1m[Referee] [0mThis is the turn of the White player...
Succesfully loaded network via incbin!
info score 166 depth 1 nodes 41 time 3
-32000 32000 30
info score 123 depth 2 nodes 302 time 4
-32000 32000 30
info score 123 depth 3 nodes 1370 time 5
-32000 32000 30
info score 40 depth 4 nodes 6057 time 12
-32000 32000 30
info score 70 depth 5 nodes 6736 time 13
10 70 30
info score 95 depth 5 nodes 28023 time 42
10 100 60
info score 95 depth 6 nodes 58119 time 88
65 125 30
info score 124 depth 7 nodes 166240 time 240
65 125 30
info score 94 depth 8 nodes 294439 time 438
94 154 30
info score 85 depth 8 nodes 477594 time 704
64 154 60
info score 115 depth 9 nodes 698922 time 1046
55 115 30
info score 125 depth 9 nodes 1434595 time 2416
55 145 60
info score 95 depth 10 nodes 2616305 time 4964
95 155 30
info score 88 depth 10 nodes 4228587 time 8338
65 155 60
bestmove g1f3
[32;1m[Game] [0mPlayer's error code: 0
[32;1m[Game] [0mChecking move validity...
[32;1m[Board] [0mInitializing board...
[32;1m[Board] [0mLoading history file `championship/bbd-xplorers/history.csv`...
[32;1m[Board] [0mLoaded 2 move(s).
[32;1m[Board] [0mLoading move file `championship/bbd-xplorers/move.csv`...
[32;1m[Board] [0mWhite player is playing g1 to f3.
[32;1m[Board] [0m
[32;1m[Board] [0m    a b c d e f g h 
[32;1m[Board] [0m  -------------------
[32;1m[Board] [0m8 ||[30;1mr[0m|[30;1mk[0m|[30;1mb[0m|[30;1mQ[0m|[30;1mK[0m|[30;1mb[0m|[30;1mk[0m|[30;1mr[0m|| 8
[32;1m[Board] [0m  -------------------
[32;1m[Board] [0m7 ||[30;1mp[0m|[30;1mp[0m|[30;1mp[0m|[30;1mp[0m| |[30;1mp[0m|[30;1mp[0m|[30;1mp[0m|| 7
[32;1m[Board] [0m  -------------------
[32;1m[Board] [0m6 ||[7;1m [0m| |[7;1m [0m| |[7;1m [0m| |[7;1m [0m| || 6
[32;1m[Board] [0m  -------------------
[32;1m[Board] [0m5 || |[7;1m [0m| |[7;1m [0m|[30;1mp[0m|[7;1m [0m| |[7;1m [0m|| 5
[32;1m[Board] [0m  -------------------
[32;1m[Board] [0m4 ||[7;1m [0m| |[7;1m [0m| |[0;1mp[0m| |[7;1m [0m| || 4
[32;1m[Board] [0m  -------------------
[32;1m[Board] [0m3 || |[7;1m [0m| |[7;1m [0m| |[0;1mk[0m| |[7;1m [0m|| 3
[32;1m[Board] [0m  -------------------
[32;1m[Board] [0m2 ||[0;1mp[0m|[0;1mp[0m|[0;1mp[0m|[0;1mp[0m|[7;1m [0m|[0;1mp[0m|[0;1mp[0m|[0;1mp[0m|| 2
[32;1m[Board] [0m  -------------------
[32;1m[Board] [0m1 ||[0;1mr[0m|[0;1mk[0m|[0;1mb[0m|[0;1mQ[0m|[0;1mK[0m|[0;1mb[0m| |[0;1mr[0m|| 1
[32;1m[Board] [0m  -------------------
[32;1m[Board] [0m    a b c d e f g h
[32;1m[Board] [0m
[32;1m[Referee] [0mThis is the turn of the Black player...
championship/bbd-xplorers/history.csv
-----------------------------------------
| br | bn | bb | bq | bK | bb | bn | br |
-----------------------------------------
| bp | bp | bp | bp |    | bp | bp | bp |
-----------------------------------------
|    |    |    |    |    |    |    |    |
-----------------------------------------
|    |    |    |    | bp |    |    |    |
-----------------------------------------
|    |    |    |    | wp |    |    |    |
-----------------------------------------
|    |    |    |    |    | wn |    |    |
-----------------------------------------
| wp | wp | wp | wp |    | wp | wp | wp |
-----------------------------------------
| wr | wn | wb | wq | wK | wb |    | wr |
-----------------------------------------
Time: 1.04974
Time's up
Wrote move "h7h5" to championship/bbd-xplorers/move.csv
0605
0604
1615
1614
2625
2624
3635
3634
5655
5654
6665
6664
7675
7674
1725
1705
6746
6775
6755
5746
5735
5724
5713
5702
3746
3755
3764
3773
4746
the total evaluation is: 1.03
[32;1m[Game] [0mPlayer's error code: 0
[32;1m[Game] [0mChecking move validity...
[32;1m[Board] [0mInitializing board...
[32;1m[Board] [0mLoading history file `championship/bbd-xplorers/history.csv`...
[32;1m[Board] [0mLoaded 3 move(s).
[32;1m[Board] [0mLoading move file `championship/bbd-xplorers/move.csv`...
[32;1m[Board] [0mBlack player is playing h7 to h5.
[32;1m[Board] [0m
[32;1m[Board] [0m    a b c d e f g h 
[32;1m[Board] [0m  -------------------
[32;1m[Board] [0m8 ||[30;1mr[0m|[30;1mk[0m|[30;1mb[0m|[30;1mQ[0m|[30;1mK[0m|[30;1mb[0m|[30;1mk[0m|[30;1mr[0m|| 8
[32;1m[Board] [0m  -------------------
[32;1m[Board] [0m7 ||[30;1mp[0m|[30;1mp[0m|[30;1mp[0m|[30;1mp[0m| |[30;1mp[0m|[30;1mp[0m|[7;1m [0m|| 7
[32;1m[Board] [0m  -------------------
[32;1m[Board] [0m6 ||[7;1m [0m| |[7;1m [0m| |[7;1m [0m| |[7;1m [0m| || 6
[32;1m[Board] [0m  -------------------
[32;1m[Board] [0m5 || |[7;1m [0m| |[7;1m [0m|[30;1mp[0m|[7;1m [0m| |[30;1mp[0m|| 5
[32;1m[Board] [0m  -------------------
[32;1m[Board] [0m4 ||[7;1m [0m| |[7;1m [0m| |[0;1mp[0m| |[7;1m [0m| || 4
[32;1m[Board] [0m  -------------------
[32;1m[Board] [0m3 || |[7;1m [0m| |[7;1m [0m| |[0;1mk[0m| |[7;1m [0m|| 3
[32;1m[Board] [0m  -------------------
[32;1m[Board] [0m2 ||[0;1mp[0m|[0;1mp[0m|[0;1mp[0m|[0;1mp[0m|[7;1m [0m|[0;1mp[0m|[0;1mp[0m|[0;1mp[0m|| 2
[32;1m[Board] [0m  -------------------
[32;1m[Board] [0m1 ||[0;1mr[0m|[0;1mk[0m|[0;1mb[0m|[0;1mQ[0m|[0;1mK[0m|[0;1mb[0m| |[0;1mr[0m|| 1
[32;1m[Board] [0m  -------------------
[32;1m[Board] [0m    a b c d e f g h
[32;1m[Board] [0m
[32;1m[Referee] [0mThis is the turn of the White player...
Succesfully loaded network via incbin!
info score 486 depth 1 nodes 28 time 3
-32000 32000 30
info score 366 depth 2 nodes 164 time 4
-32000 32000 30
info score 335 depth 3 nodes 1282 time 6
-32000 32000 30
info score 335 depth 4 nodes 3625 time 11
-32000 32000 30
info score 365 depth 5 nodes 5197 time 14
305 365 30
info score 395 depth 5 nodes 5801 time 15
305 395 60
info score 417 depth 5 nodes 13795 time 31
305 455 120
info score 387 depth 6 nodes 26376 time 57
387 447 30
info score 368 depth 6 nodes 43804 time 92
357 447 60
info score 363 depth 7 nodes 125257 time 254
338 398 30
info score 333 depth 8 nodes 323812 time 641
333 393 30
info score 303 depth 8 nodes 344128 time 680
303 393 60
info score 243 depth 8 nodes 417724 time 827
243 393 120
info score 243 depth 8 nodes 436714 time 865
123 393 240
info score 267 depth 9 nodes 1044244 time 2026
213 273 30
info score 237 depth 10 nodes 1856784 time 3596
237 297 30
info score 228 depth 10 nodes 3158431 time 6122
207 297 60
bestmove f3e5
[32;1m[Game] [0mPlayer's error code: 0
[32;1m[Game] [0mChecking move validity...
[32;1m[Board] [0mInitializing board...
[32;1m[Board] [0mLoading history file `championship/bbd-xplorers/history.csv`...
[32;1m[Board] [0mLoaded 4 move(s).
[32;1m[Board] [0mLoading move file `championship/bbd-xplorers/move.csv`...
[32;1m[Board] [0mWhite player is playing f3 to e5.
[32;1m[Board] [0m[5;1mWhite Knight is taking Black Pawn.[0m
[32;1m[Board] [0m
[32;1m[Board] [0m    a b c d e f g h 
[32;1m[Board] [0m  -------------------
[32;1m[Board] [0m8 ||[30;1mr[0m|[30;1mk[0m|[30;1mb[0m|[30;1mQ[0m|[30;1mK[0m|[30;1mb[0m|[30;1mk[0m|[30;1mr[0m|| 8
[32;1m[Board] [0m  -------------------
[32;1m[Board] [0m7 ||[30;1mp[0m|[30;1mp[0m|[30;1mp[0m|[30;1mp[0m| |[30;1mp[0m|[30;1mp[0m|[7;1m [0m|| 7
[32;1m[Board] [0m  -------------------
[32;1m[Board] [0m6 ||[7;1m [0m| |[7;1m [0m| |[7;1m [0m| |[7;1m [0m| || 6
[32;1m[Board] [0m  -------------------
[32;1m[Board] [0m5 || |[7;1m [0m| |[7;1m [0m|[0;1mk[0m|[7;1m [0m| |[30;1mp[0m|| 5
[32;1m[Board] [0m  -------------------
[32;1m[Board] [0m4 ||[7;1m [0m| |[7;1m [0m| |[0;1mp[0m| |[7;1m [0m| || 4
[32;1m[Board] [0m  -------------------
[32;1m[Board] [0m3 || |[7;1m [0m| |[7;1m [0m| |[7;1m [0m| |[7;1m [0m|| 3
[32;1m[Board] [0m  -------------------
[32;1m[Board] [0m2 ||[0;1mp[0m|[0;1mp[0m|[0;1mp[0m|[0;1mp[0m|[7;1m [0m|[0;1mp[0m|[0;1mp[0m|[0;1mp[0m|| 2
[32;1m[Board] [0m  -------------------
[32;1m[Board] [0m1 ||[0;1mr[0m|[0;1mk[0m|[0;1mb[0m|[0;1mQ[0m|[0;1mK[0m|[0;1mb[0m| |[0;1mr[0m|| 1
[32;1m[Board] [0m  -------------------
[32;1m[Board] [0m    a b c d e f g h
[32;1m[Board] [0m
[32;1m[Referee] [0mThis is the turn of the Black player...
championship/bbd-xplorers/history.csv
-----------------------------------------
| br | bn | bb | bq | bK | bb | bn | br |
-----------------------------------------
| bp | bp | bp | bp |    | bp | bp |    |
-----------------------------------------
|    |    |    |    |    |    |    |    |
-----------------------------------------
|    |    |    |    | wn |    |    | bp |
-----------------------------------------
|    |    |    |    | wp |    |    |    |
-----------------------------------------
|    |    |    |    |    |    |    |    |
-----------------------------------------
| wp | wp | wp | wp |    | wp | wp | wp |
-----------------------------------------
| wr | wn | wb | wq | wK | wb |    | wr |
-----------------------------------------
Time: 1.03858
Time: 2.09897
Time's up
Wrote move "d7d5" to championship/bbd-xplorers/move.csv
0605
0604
1615
1614
2625
2624
3635
3634
5655
5654
6665
6664
7473
1725
1705
6746
6775
6755
5746
5735
5724
5713
5702
7776
7775
3746
3755
3764
3773
4746
the total evaluation is: 9.3
[32;1m[Game] [0mPlayer's error code: 0
[32;1m[Game] [0mChecking move validity...
[32;1m[Board] [0mInitializing board...
[32;1m[Board] [0mLoading history file `championship/bbd-xplorers/history.csv`...
[32;1m[Board] [0mLoaded 5 move(s).
[32;1m[Board] [0mLoading move file `championship/bbd-xplorers/move.csv`...
[32;1m[Board] [0mBlack player is playing d7 to d5.
[32;1m[Board] [0m
[32;1m[Board] [0m    a b c d e f g h 
[32;1m[Board] [0m  -------------------
[32;1m[Board] [0m8 ||[30;1mr[0m|[30;1mk[0m|[30;1mb[0m|[30;1mQ[0m|[30;1mK[0m|[30;1mb[0m|[30;1mk[0m|[30;1mr[0m|| 8
[32;1m[Board] [0m  -------------------
[32;1m[Board] [0m7 ||[30;1mp[0m|[30;1mp[0m|[30;1mp[0m|[7;1m [0m| |[30;1mp[0m|[30;1mp[0m|[7;1m [0m|| 7
[32;1m[Board] [0m  -------------------
[32;1m[Board] [0m6 ||[7;1m [0m| |[7;1m [0m| |[7;1m [0m| |[7;1m [0m| || 6
[32;1m[Board] [0m  -------------------
[32;1m[Board] [0m5 || |[7;1m [0m| |[30;1mp[0m|[0;1mk[0m|[7;1m [0m| |[30;1mp[0m|| 5
[32;1m[Board] [0m  -------------------
[32;1m[Board] [0m4 ||[7;1m [0m| |[7;1m [0m| |[0;1mp[0m| |[7;1m [0m| || 4
[32;1m[Board] [0m  -------------------
[32;1m[Board] [0m3 || |[7;1m [0m| |[7;1m [0m| |[7;1m [0m| |[7;1m [0m|| 3
[32;1m[Board] [0m  -------------------
[32;1m[Board] [0m2 ||[0;1mp[0m|[0;1mp[0m|[0;1mp[0m|[0;1mp[0m|[7;1m [0m|[0;1mp[0m|[0;1mp[0m|[0;1mp[0m|| 2
[32;1m[Board] [0m  -------------------
[32;1m[Board] [0m1 ||[0;1mr[0m|[0;1mk[0m|[0;1mb[0m|[0;1mQ[0m|[0;1mK[0m|[0;1mb[0m| |[0;1mr[0m|| 1
[32;1m[Board] [0m  -------------------
[32;1m[Board] [0m    a b c d e f g h
[32;1m[Board] [0m
[32;1m[Referee] [0mThis is the turn of the White player...
Succesfully loaded network via incbin!
info score 335 depth 1 nodes 83 time 3
-32000 32000 30
info score 335 depth 2 nodes 427 time 4
-32000 32000 30
info score 417 depth 3 nodes 2507 time 8
-32000 32000 30
info score 368 depth 4 nodes 6249 time 16
-32000 32000 30
info score 398 depth 5 nodes 12611 time 30
338 398 30
info score 418 depth 5 nodes 23377 time 52
338 428 60
info score 440 depth 6 nodes 69591 time 148
388 448 30
info score 457 depth 7 nodes 210299 time 443
410 470 30
info score 427 depth 8 nodes 554279 time 1167
427 487 30
info score 397 depth 8 nodes 751913 time 1583
397 487 60
info score 396 depth 8 nodes 935720 time 1962
337 487 120
info score 426 depth 9 nodes 1280462 time 2720
366 426 30
info score 452 depth 9 nodes 2166751 time 4589
366 456 60
info score 422 depth 10 nodes 3771859 time 7588
422 482 30
bestmove e4d5
[32;1m[Game] [0mPlayer's error code: 0
[32;1m[Game] [0mChecking move validity...
[32;1m[Board] [0mInitializing board...
[32;1m[Board] [0mLoading history file `championship/bbd-xplorers/history.csv`...
[32;1m[Board] [0mLoaded 6 move(s).
[32;1m[Board] [0mLoading move file `championship/bbd-xplorers/move.csv`...
[32;1m[Board] [0mWhite player is playing e4 to d5.
[32;1m[Board] [0m[5;1mWhite Pawn is taking Black Pawn.[0m
[32;1m[Board] [0m
[32;1m[Board] [0m    a b c d e f g h 
[32;1m[Board] [0m  -------------------
[32;1m[Board] [0m8 ||[30;1mr[0m|[30;1mk[0m|[30;1mb[0m|[30;1mQ[0m|[30;1mK[0m|[30;1mb[0m|[30;1mk[0m|[30;1mr[0m|| 8
[32;1m[Board] [0m  -------------------
[32;1m[Board] [0m7 ||[30;1mp[0m|[30;1mp[0m|[30;1mp[0m|[7;1m [0m| |[30;1mp[0m|[30;1mp[0m|[7;1m [0m|| 7
[32;1m[Board] [0m  -------------------
[32;1m[Board] [0m6 ||[7;1m [0m| |[7;1m [0m| |[7;1m [0m| |[7;1m [0m| || 6
[32;1m[Board] [0m  -------------------
[32;1m[Board] [0m5 || |[7;1m [0m| |[0;1mp[0m|[0;1mk[0m|[7;1m [0m| |[30;1mp[0m|| 5
[32;1m[Board] [0m  -------------------
[32;1m[Board] [0m4 ||[7;1m [0m| |[7;1m [0m| |[7;1m [0m| |[7;1m [0m| || 4
[32;1m[Board] [0m  -------------------
[32;1m[Board] [0m3 || |[7;1m [0m| |[7;1m [0m| |[7;1m [0m| |[7;1m [0m|| 3
[32;1m[Board] [0m  -------------------
[32;1m[Board] [0m2 ||[0;1mp[0m|[0;1mp[0m|[0;1mp[0m|[0;1mp[0m|[7;1m [0m|[0;1mp[0m|[0;1mp[0m|[0;1mp[0m|| 2
[32;1m[Board] [0m  -------------------
[32;1m[Board] [0m1 ||[0;1mr[0m|[0;1mk[0m|[0;1mb[0m|[0;1mQ[0m|[0;1mK[0m|[0;1mb[0m| |[0;1mr[0m|| 1
[32;1m[Board] [0m  -------------------
[32;1m[Board] [0m    a b c d e f g h
[32;1m[Board] [0m
[32;1m[Referee] [0mThis is the turn of the Black player...
championship/bbd-xplorers/history.csv
-----------------------------------------
| br | bn | bb | bq | bK | bb | bn | br |
-----------------------------------------
| bp | bp | bp |    |    | bp | bp |    |
-----------------------------------------
|    |    |    |    |    |    |    |    |
-----------------------------------------
|    |    |    | wp | wn |    |    | bp |
-----------------------------------------
|    |    |    |    |    |    |    |    |
-----------------------------------------
|    |    |    |    |    |    |    |    |
-----------------------------------------
| wp | wp | wp | wp |    | wp | wp | wp |
-----------------------------------------
| wr | wn | wb | wq | wK | wb |    | wr |
-----------------------------------------
Time: 1.08083
Time's up
Wrote move "b8c6" to championship/bbd-xplorers/move.csv
0605
0604
1615
1614
2625
2624
5655
5654
6665
6664
7473
1736
1725
1705
6746
6775
6755
2736
2745
2754
2763
2772
5746
5735
5724
5713
5702
7776
7775
3736
3735
3734
3746
3755
3764
3773
4746
the total evaluation is: 8.34
[32;1m[Game] [0mPlayer's error code: 0
[32;1m[Game] [0mChecking move validity...
[32;1m[Board] [0mInitializing board...
[32;1m[Board] [0mLoading history file `championship/bbd-xplorers/history.csv`...
[32;1m[Board] [0mLoaded 7 move(s).
[32;1m[Board] [0mLoading move file `championship/bbd-xplorers/move.csv`...
[32;1m[Board] [0mBlack player is playing b8 to c6.
[32;1m[Board] [0m
[32;1m[Board] [0m    a b c d e f g h 
[32;1m[Board] [0m  -------------------
[32;1m[Board] [0m8 ||[30;1mr[0m| |[30;1mb[0m|[30;1mQ[0m|[30;1mK[0m|[30;1mb[0m|[30;1mk[0m|[30;1mr[0m|| 8
[32;1m[Board] [0m  -------------------
[32;1m[Board] [0m7 ||[30;1mp[0m|[30;1mp[0m|[30;1mp[0m|[7;1m [0m| |[30;1mp[0m|[30;1mp[0m|[7;1m [0m|| 7
[32;1m[Board] [0m  -------------------
[32;1m[Board] [0m6 ||[7;1m [0m| |[30;1mk[0m| |[7;1m [0m| |[7;1m [0m| || 6
[32;1m[Board] [0m  -------------------
[32;1m[Board] [0m5 || |[7;1m [0m| |[0;1mp[0m|[0;1mk[0m|[7;1m [0m| |[30;1mp[0m|| 5
[32;1m[Board] [0m  -------------------
[32;1m[Board] [0m4 ||[7;1m [0m| |[7;1m [0m| |[7;1m [0m| |[7;1m [0m| || 4
[32;1m[Board] [0m  -------------------
[32;1m[Board] [0m3 || |[7;1m [0m| |[7;1m [0m| |[7;1m [0m| |[7;1m [0m|| 3
[32;1m[Board] [0m  -------------------
[32;1m[Board] [0m2 ||[0;1mp[0m|[0;1mp[0m|[0;1mp[0m|[0;1mp[0m|[7;1m [0m|[0;1mp[0m|[0;1mp[0m|[0;1mp[0m|| 2
[32;1m[Board] [0m  -------------------
[32;1m[Board] [0m1 ||[0;1mr[0m|[0;1mk[0m|[0;1mb[0m|[0;1mQ[0m|[0;1mK[0m|[0;1mb[0m| |[0;1mr[0m|| 1
[32;1m[Board] [0m  -------------------
[32;1m[Board] [0m    a b c d e f g h
[32;1m[Board] [0m
[32;1m[Referee] [0mThis is the turn of the White player...
Succesfully loaded network via incbin!
info score 1062 depth 1 nodes 45 time 3
-32000 32000 30
info score 1093 depth 2 nodes 207 time 3
-32000 32000 30
info score 1149 depth 3 nodes 842 time 5
-32000 32000 30
info score 1184 depth 4 nodes 5135 time 13
-32000 32000 30
info score 1214 depth 5 nodes 13680 time 33
1154 1214 30
info score 1238 depth 5 nodes 20925 time 48
1154 1244 60
info score 1264 depth 6 nodes 78368 time 164
1208 1268 30
info score 1294 depth 7 nodes 191033 time 414
1234 1294 30
info score 1322 depth 7 nodes 267508 time 576
1234 1324 60
info score 1292 depth 8 nodes 558974 time 1201
1292 1352 30
info score 1286 depth 8 nodes 896073 time 1897
1262 1352 60
info score 1316 depth 9 nodes 1561241 time 3367
1256 1316 30
info score 1346 depth 9 nodes 2207522 time 4735
1256 1346 60
info score 1357 depth 9 nodes 2720875 time 5761
1256 1406 120
bestmove d5c6
[32;1m[Game] [0mPlayer's error code: 0
[32;1m[Game] [0mChecking move validity...
[32;1m[Board] [0mInitializing board...
[32;1m[Board] [0mLoading history file `championship/bbd-xplorers/history.csv`...
[32;1m[Board] [0mLoaded 8 move(s).
[32;1m[Board] [0mLoading move file `championship/bbd-xplorers/move.csv`...
[32;1m[Board] [0mWhite player is playing d5 to c6.
[32;1m[Board] [0m[5;1mWhite Pawn is taking Black Knight.[0m
[32;1m[Board] [0m
[32;1m[Board] [0m    a b c d e f g h 
[32;1m[Board] [0m  -------------------
[32;1m[Board] [0m8 ||[30;1mr[0m| |[30;1mb[0m|[30;1mQ[0m|[30;1mK[0m|[30;1mb[0m|[30;1mk[0m|[30;1mr[0m|| 8
[32;1m[Board] [0m  -------------------
[32;1m[Board] [0m7 ||[30;1mp[0m|[30;1mp[0m|[30;1mp[0m|[7;1m [0m| |[30;1mp[0m|[30;1mp[0m|[7;1m [0m|| 7
[32;1m[Board] [0m  -------------------
[32;1m[Board] [0m6 ||[7;1m [0m| |[0;1mp[0m| |[7;1m [0m| |[7;1m [0m| || 6
[32;1m[Board] [0m  -------------------
[32;1m[Board] [0m5 || |[7;1m [0m| |[7;1m [0m|[0;1mk[0m|[7;1m [0m| |[30;1mp[0m|| 5
[32;1m[Board] [0m  -------------------
[32;1m[Board] [0m4 ||[7;1m [0m| |[7;1m [0m| |[7;1m [0m| |[7;1m [0m| || 4
[32;1m[Board] [0m  -------------------
[32;1m[Board] [0m3 || |[7;1m [0m| |[7;1m [0m| |[7;1m [0m| |[7;1m [0m|| 3
[32;1m[Board] [0m  -------------------
[32;1m[Board] [0m2 ||[0;1mp[0m|[0;1mp[0m|[0;1mp[0m|[0;1mp[0m|[7;1m [0m|[0;1mp[0m|[0;1mp[0m|[0;1mp[0m|| 2
[32;1m[Board] [0m  -------------------
[32;1m[Board] [0m1 ||[0;1mr[0m|[0;1mk[0m|[0;1mb[0m|[0;1mQ[0m|[0;1mK[0m|[0;1mb[0m| |[0;1mr[0m|| 1
[32;1m[Board] [0m  -------------------
[32;1m[Board] [0m    a b c d e f g h
[32;1m[Board] [0m
[32;1m[Referee] [0mThis is the turn of the Black player...
championship/bbd-xplorers/history.csv
-----------------------------------------
| br |    | bb | bq | bK | bb | bn | br |
-----------------------------------------
| bp | bp | bp |    |    | bp | bp |    |
-----------------------------------------
|    |    | wp |    |    |    |    |    |
-----------------------------------------
|    |    |    |    | wn |    |    | bp |
-----------------------------------------
|    |    |    |    |    |    |    |    |
-----------------------------------------
|    |    |    |    |    |    |    |    |
-----------------------------------------
| wp | wp | wp | wp |    | wp | wp | wp |
-----------------------------------------
| wr | wn | wb | wq | wK | wb |    | wr |
-----------------------------------------
Time: 1.04597
Time: 2.07796
Time's up
Wrote move "b7c6" to championship/bbd-xplorers/move.csv
0605
0604
1615
1614
1625
5655
5654
6665
6664
7473
6746
6775
6755
2736
2745
2754
2763
2772
5746
5735
5724
5713
5702
0717
7776
7775
3736
3735
3734
3733
3732
3731
3746
3755
3764
3773
4746
the total evaluation is: 14.46
[32;1m[Game] [0mPlayer's error code: 0
[32;1m[Game] [0mChecking move validity...
[32;1m[Board] [0mInitializing board...
[32;1m[Board] [0mLoading history file `championship/bbd-xplorers/history.csv`...
[32;1m[Board] [0mLoaded 9 move(s).
[32;1m[Board] [0mLoading move file `championship/bbd-xplorers/move.csv`...
[32;1m[Board] [0mBlack player is playing b7 to c6.
[32;1m[Board] [0m[5;1mBlack Pawn is taking White Pawn.[0m
[32;1m[Board] [0m
[32;1m[Board] [0m    a b c d e f g h 
[32;1m[Board] [0m  -------------------
[32;1m[Board] [0m8 ||[30;1mr[0m| |[30;1mb[0m|[30;1mQ[0m|[30;1mK[0m|[30;1mb[0m|[30;1mk[0m|[30;1mr[0m|| 8
[32;1m[Board] [0m  -------------------
[32;1m[Board] [0m7 ||[30;1mp[0m|[7;1m [0m|[30;1mp[0m|[7;1m [0m| |[30;1mp[0m|[30;1mp[0m|[7;1m [0m|| 7
[32;1m[Board] [0m  -------------------
[32;1m[Board] [0m6 ||[7;1m [0m| |[30;1mp[0m| |[7;1m [0m| |[7;1m [0m| || 6
[32;1m[Board] [0m  -------------------
[32;1m[Board] [0m5 || |[7;1m [0m| |[7;1m [0m|[0;1mk[0m|[7;1m [0m| |[30;1mp[0m|| 5
[32;1m[Board] [0m  -------------------
[32;1m[Board] [0m4 ||[7;1m [0m| |[7;1m [0m| |[7;1m [0m| |[7;1m [0m| || 4
[32;1m[Board] [0m  -------------------
[32;1m[Board] [0m3 || |[7;1m [0m| |[7;1m [0m| |[7;1m [0m| |[7;1m [0m|| 3
[32;1m[Board] [0m  -------------------
[32;1m[Board] [0m2 ||[0;1mp[0m|[0;1mp[0m|[0;1mp[0m|[0;1mp[0m|[7;1m [0m|[0;1mp[0m|[0;1mp[0m|[0;1mp[0m|| 2
[32;1m[Board] [0m  -------------------
[32;1m[Board] [0m1 ||[0;1mr[0m|[0;1mk[0m|[0;1mb[0m|[0;1mQ[0m|[0;1mK[0m|[0;1mb[0m| |[0;1mr[0m|| 1
[32;1m[Board] [0m  -------------------
[32;1m[Board] [0m    a b c d e f g h
[32;1m[Board] [0m
[32;1m[Referee] [0mThis is the turn of the White player...
Succesfully loaded network via incbin!
info score 1510 depth 1 nodes 75 time 3
-32000 32000 30
info score 1488 depth 2 nodes 412 time 4
-32000 32000 30
info score 1506 depth 3 nodes 2243 time 7
-32000 32000 30
info score 1604 depth 4 nodes 7927 time 20
-32000 32000 30
info score 1626 depth 5 nodes 17031 time 39
1574 1634 30
info score 1618 depth 6 nodes 45339 time 99
1596 1656 30
info score 1635 depth 7 nodes 151897 time 323
1588 1648 30
info score 1663 depth 8 nodes 610686 time 1316
1605 1665 30
info score 1693 depth 9 nodes 816661 time 1759
1633 1693 30
info score 1703 depth 9 nodes 1595045 time 3002
1633 1723 60
info score 1733 depth 10 nodes 2252155 time 4177
1673 1733 30
bestmove d1f3
[32;1m[Game] [0mPlayer's error code: 0
[32;1m[Game] [0mChecking move validity...
[32;1m[Board] [0mInitializing board...
[32;1m[Board] [0mLoading history file `championship/bbd-xplorers/history.csv`...
[32;1m[Board] [0mLoaded 10 move(s).
[32;1m[Board] [0mLoading move file `championship/bbd-xplorers/move.csv`...
[32;1m[Board] [0mWhite player is playing d1 to f3.
[32;1m[Board] [0m
[32;1m[Board] [0m    a b c d e f g h 
[32;1m[Board] [0m  -------------------
[32;1m[Board] [0m8 ||[30;1mr[0m| |[30;1mb[0m|[30;1mQ[0m|[30;1mK[0m|[30;1mb[0m|[30;1mk[0m|[30;1mr[0m|| 8
[32;1m[Board] [0m  -------------------
[32;1m[Board] [0m7 ||[30;1mp[0m|[7;1m [0m|[30;1mp[0m|[7;1m [0m| |[30;1mp[0m|[30;1mp[0m|[7;1m [0m|| 7
[32;1m[Board] [0m  -------------------
[32;1m[Board] [0m6 ||[7;1m [0m| |[30;1mp[0m| |[7;1m [0m| |[7;1m [0m| || 6
[32;1m[Board] [0m  -------------------
[32;1m[Board] [0m5 || |[7;1m [0m| |[7;1m [0m|[0;1mk[0m|[7;1m [0m| |[30;1mp[0m|| 5
[32;1m[Board] [0m  -------------------
[32;1m[Board] [0m4 ||[7;1m [0m| |[7;1m [0m| |[7;1m [0m| |[7;1m [0m| || 4
[32;1m[Board] [0m  -------------------
[32;1m[Board] [0m3 || |[7;1m [0m| |[7;1m [0m| |[0;1mQ[0m| |[7;1m [0m|| 3
[32;1m[Board] [0m  -------------------
[32;1m[Board] [0m2 ||[0;1mp[0m|[0;1mp[0m|[0;1mp[0m|[0;1mp[0m|[7;1m [0m|[0;1mp[0m|[0;1mp[0m|[0;1mp[0m|| 2
[32;1m[Board] [0m  -------------------
[32;1m[Board] [0m1 ||[0;1mr[0m|[0;1mk[0m|[0;1mb[0m|[7;1m [0m|[0;1mK[0m|[0;1mb[0m| |[0;1mr[0m|| 1
[32;1m[Board] [0m  -------------------
[32;1m[Board] [0m    a b c d e f g h
[32;1m[Board] [0m
[32;1m[Referee] [0mThis is the turn of the Black player...
championship/bbd-xplorers/history.csv
-----------------------------------------
| br |    | bb | bq | bK | bb | bn | br |
-----------------------------------------
| bp |    | bp |    |    | bp | bp |    |
-----------------------------------------
|    |    | bp |    |    |    |    |    |
-----------------------------------------
|    |    |    |    | wn |    |    | bp |
-----------------------------------------
|    |    |    |    |    |    |    |    |
-----------------------------------------
|    |    |    |    |    | wq |    |    |
-----------------------------------------
| wp | wp | wp | wp |    | wp | wp | wp |
-----------------------------------------
| wr | wn | wb |    | wK | wb |    | wr |
-----------------------------------------
Time: 4.04939
Time's up
Wrote move "c6c5" to championship/bbd-xplorers/move.csv
0605
0604
2524
5655
5654
6665
6664
7473
6746
6775
6755
2716
2705
2736
2745
2754
2763
2772
5746
5735
5724
5713
5702
0717
7776
7775
3736
3735
3734
3733
3732
3731
3746
3755
3764
3773
4746
the total evaluation is: 22.94
[32;1m[Game] [0mPlayer's error code: 0
[32;1m[Game] [0mChecking move validity...
[32;1m[Board] [0mInitializing board...
[32;1m[Board] [0mLoading history file `championship/bbd-xplorers/history.csv`...
[32;1m[Board] [0mLoaded 11 move(s).
[32;1m[Board] [0mLoading move file `championship/bbd-xplorers/move.csv`...
[32;1m[Board] [0mBlack player is playing c6 to c5.
[32;1m[Board] [0m
[32;1m[Board] [0m    a b c d e f g h 
[32;1m[Board] [0m  -------------------
[32;1m[Board] [0m8 ||[30;1mr[0m| |[30;1mb[0m|[30;1mQ[0m|[30;1mK[0m|[30;1mb[0m|[30;1mk[0m|[30;1mr[0m|| 8
[32;1m[Board] [0m  -------------------
[32;1m[Board] [0m7 ||[30;1mp[0m|[7;1m [0m|[30;1mp[0m|[7;1m [0m| |[30;1mp[0m|[30;1mp[0m|[7;1m [0m|| 7
[32;1m[Board] [0m  -------------------
[32;1m[Board] [0m6 ||[7;1m [0m| |[7;1m [0m| |[7;1m [0m| |[7;1m [0m| || 6
[32;1m[Board] [0m  -------------------
[32;1m[Board] [0m5 || |[7;1m [0m|[30;1mp[0m|[7;1m [0m|[0;1mk[0m|[7;1m [0m| |[30;1mp[0m|| 5
[32;1m[Board] [0m  -------------------
[32;1m[Board] [0m4 ||[7;1m [0m| |[7;1m [0m| |[7;1m [0m| |[7;1m [0m| || 4
[32;1m[Board] [0m  -------------------
[32;1m[Board] [0m3 || |[7;1m [0m| |[7;1m [0m| |[0;1mQ[0m| |[7;1m [0m|| 3
[32;1m[Board] [0m  -------------------
[32;1m[Board] [0m2 ||[0;1mp[0m|[0;1mp[0m|[0;1mp[0m|[0;1mp[0m|[7;1m [0m|[0;1mp[0m|[0;1mp[0m|[0;1mp[0m|| 2
[32;1m[Board] [0m  -------------------
[32;1m[Board] [0m1 ||[0;1mr[0m|[0;1mk[0m|[0;1mb[0m|[7;1m [0m|[0;1mK[0m|[0;1mb[0m| |[0;1mr[0m|| 1
[32;1m[Board] [0m  -------------------
[32;1m[Board] [0m    a b c d e f g h
[32;1m[Board] [0m
[32;1m[Referee] [0mThis is the turn of the White player...
Succesfully loaded network via incbin!
info score 1793 depth 1 nodes 52 time 3
-32000 32000 30
info score 31999 depth 2 nodes 274 time 3
-32000 32000 30
info score 31999 depth 3 nodes 432 time 3
-32000 32000 30
info score 31999 depth 4 nodes 630 time 4
-32000 32000 30
info score 31999 depth 5 nodes 3460 time 9
31969 32000 30
info score 31999 depth 6 nodes 6789 time 15
31969 32000 30
info score 31999 depth 7 nodes 18086 time 35
31969 32000 30
info score 31999 depth 8 nodes 31762 time 60
31969 32000 30
info score 31999 depth 9 nodes 122026 time 222
31969 32000 30
info score 31999 depth 10 nodes 227821 time 418
31969 32000 30
info score 31999 depth 11 nodes 614296 time 1127
31969 32000 30
info score 31999 depth 12 nodes 1075759 time 2039
31969 32000 30
info score 31999 depth 13 nodes 3274018 time 6185
31969 32000 30
bestmove f3f7
[32;1m[Game] [0mPlayer's error code: 0
[32;1m[Game] [0mChecking move validity...
[32;1m[Board] [0mInitializing board...
[32;1m[Board] [0mLoading history file `championship/bbd-xplorers/history.csv`...
[32;1m[Board] [0mLoaded 12 move(s).
[32;1m[Board] [0mLoading move file `championship/bbd-xplorers/move.csv`...
[32;1m[Board] [0mWhite player is playing f3 to f7.
[32;1m[Board] [0m[5;1mWhite Queen is taking Black Pawn.[0m
[32;1m[Board] [0m
[32;1m[Board] [0m    a b c d e f g h 
[32;1m[Board] [0m  -------------------
[32;1m[Board] [0m8 ||[30;1mr[0m| |[30;1mb[0m|[30;1mQ[0m|[30;1mK[0m|[30;1mb[0m|[30;1mk[0m|[30;1mr[0m|| 8
[32;1m[Board] [0m  -------------------
[32;1m[Board] [0m7 ||[30;1mp[0m|[7;1m [0m|[30;1mp[0m|[7;1m [0m| |[0;1mQ[0m|[30;1mp[0m|[7;1m [0m|| 7
[32;1m[Board] [0m  -------------------
[32;1m[Board] [0m6 ||[7;1m [0m| |[7;1m [0m| |[7;1m [0m| |[7;1m [0m| || 6
[32;1m[Board] [0m  -------------------
[32;1m[Board] [0m5 || |[7;1m [0m|[30;1mp[0m|[7;1m [0m|[0;1mk[0m|[7;1m [0m| |[30;1mp[0m|| 5
[32;1m[Board] [0m  -------------------
[32;1m[Board] [0m4 ||[7;1m [0m| |[7;1m [0m| |[7;1m [0m| |[7;1m [0m| || 4
[32;1m[Board] [0m  -------------------
[32;1m[Board] [0m3 || |[7;1m [0m| |[7;1m [0m| |[7;1m [0m| |[7;1m [0m|| 3
[32;1m[Board] [0m  -------------------
[32;1m[Board] [0m2 ||[0;1mp[0m|[0;1mp[0m|[0;1mp[0m|[0;1mp[0m|[7;1m [0m|[0;1mp[0m|[0;1mp[0m|[0;1mp[0m|| 2
[32;1m[Board] [0m  -------------------
[32;1m[Board] [0m1 ||[0;1mr[0m|[0;1mk[0m|[0;1mb[0m|[7;1m [0m|[0;1mK[0m|[0;1mb[0m| |[0;1mr[0m|| 1
[32;1m[Board] [0m  -------------------
[32;1m[Board] [0m    a b c d e f g h
[32;1m[Board] [0m
[32;1m[Referee] [0mThis is the turn of the Black player...
[32;1m[Board] [0m[33;1m[WARNING][0m [5;1mBlack King in checkmate![0m
[32;1m[Board] [0m[33;1m[WARNING][0m The White player wins!
