[32;1m[Board] [0mInitializing board...
[32;1m[Board] [0m
[32;1m[Board] [0m    a b c d e f g h 
[32;1m[Board] [0m  -------------------
[32;1m[Board] [0m8 ||[30;1mr[0m|[30;1mk[0m|[30;1mb[0m|[30;1mQ[0m|[30;1mK[0m|[30;1mb[0m|[30;1mk[0m|[30;1mr[0m|| 8
[32;1m[Board] [0m  -------------------
[32;1m[Board] [0m7 ||[30;1mp[0m|[30;1mp[0m|[30;1mp[0m|[30;1mp[0m|[30;1mp[0m|[30;1mp[0m|[30;1mp[0m|[30;1mp[0m|| 7
[32;1m[Board] [0m  -------------------
[32;1m[Board] [0m6 ||[7;1m [0m| |[7;1m [0m| |[7;1m [0m| |[7;1m [0m| || 6
[32;1m[Board] [0m  -------------------
[32;1m[Board] [0m5 || |[7;1m [0m| |[7;1m [0m| |[7;1m [0m| |[7;1m [0m|| 5
[32;1m[Board] [0m  -------------------
[32;1m[Board] [0m4 ||[7;1m [0m| |[7;1m [0m| |[7;1m [0m| |[7;1m [0m| || 4
[32;1m[Board] [0m  -------------------
[32;1m[Board] [0m3 || |[7;1m [0m| |[7;1m [0m| |[7;1m [0m| |[7;1m [0m|| 3
[32;1m[Board] [0m  -------------------
[32;1m[Board] [0m2 ||[0;1mp[0m|[0;1mp[0m|[0;1mp[0m|[0;1mp[0m|[0;1mp[0m|[0;1mp[0m|[0;1mp[0m|[0;1mp[0m|| 2
[32;1m[Board] [0m  -------------------
[32;1m[Board] [0m1 ||[0;1mr[0m|[0;1mk[0m|[0;1mb[0m|[0;1mQ[0m|[0;1mK[0m|[0;1mb[0m|[0;1mk[0m|[0;1mr[0m|| 1
[32;1m[Board] [0m  -------------------
[32;1m[Board] [0m    a b c d e f g h
[32;1m[Board] [0m
[32;1m[Referee] [0mThis is the turn of the White player...
  a b c d e f g h 
8 [47;31mrb[0m[40;31mnb[0m[47;31mbb[0m[40;31mqb[0m[47;31mkb[0m[40;31mbb[0m[47;31mnb[0m[40;31mrb[0m 8
7 [40;31mpb[0m[47;31mpb[0m[40;31mpb[0m[47;31mpb[0m[40;31mpb[0m[47;31mpb[0m[40;31mpb[0m[47;31mpb[0m 7
6 [47;31m  [0m[40;31m  [0m[47;31m  [0m[40;31m  [0m[47;31m  [0m[40;31m  [0m[47;31m  [0m[40;31m  [0m 6
5 [40;31m  [0m[47;31m  [0m[40;31m  [0m[47;31m  [0m[40;31m  [0m[47;31m  [0m[40;31m  [0m[47;31m  [0m 5
4 [47;31m  [0m[40;31m  [0m[47;31m  [0m[40;31m  [0m[47;31m  [0m[40;31m  [0m[47;31m  [0m[40;31m  [0m 4
3 [40;31m  [0m[47;31m  [0m[40;31m  [0m[47;31m  [0m[40;31m  [0m[47;31m  [0m[40;31m  [0m[47;31m  [0m 3
2 [47;31mpw[0m[40;31mpw[0m[47;31mpw[0m[40;31mpw[0m[47;31mpw[0m[40;31mpw[0m[47;31mpw[0m[40;31mpw[0m 2
1 [40;31mrw[0m[47;31mnw[0m[40;31mbw[0m[47;31mqw[0m[40;31mkw[0m[47;31mbw[0m[40;31mnw[0m[47;31mrw[0m 1
  a b c d e f g h 
3229009034
b1 -> a3 legal
b1 -> c3 legal
g1 -> f3 legal
g1 -> h3 legal
a2 -> a3 legal
a2 -> a4 legal
b2 -> b3 legal
b2 -> b4 legal
c2 -> c3 legal
c2 -> c4 legal
d2 -> d3 legal
d2 -> d4 legal
e2 -> e3 legal
e2 -> e4 legal
f2 -> f3 legal
f2 -> f4 legal
g2 -> g3 legal
g2 -> g4 legal
h2 -> h3 legal
h2 -> h4 legal
  a b c d e f g h 
8 [47;31mrb[0m[40;31mnb[0m[47;31mbb[0m[40;31mqb[0m[47;31mkb[0m[40;31mbb[0m[47;31mnb[0m[40;31mrb[0m 8
7 [40;31mpb[0m[47;31mpb[0m[40;31mpb[0m[47;31mpb[0m[40;31mpb[0m[47;31mpb[0m[40;31mpb[0m[47;31mpb[0m 7
6 [47;31m  [0m[40;31m  [0m[47;31m  [0m[40;31m  [0m[47;31m  [0m[40;31m  [0m[47;31m  [0m[40;31m  [0m 6
5 [40;31m  [0m[47;31m  [0m[40;31m  [0m[47;31m  [0m[40;31m  [0m[47;31m  [0m[40;31m  [0m[47;31m  [0m 5
4 [47;31m  [0m[40;31m  [0m[47;31m  [0m[40;31m  [0m[47;31m  [0m[40;31m  [0m[47;31m  [0m[40;31m  [0m 4
3 [40;31m  [0m[47;31m  [0m[40;31m  [0m[47;31m  [0m[40;31m  [0m[47;31m  [0m[40;31m  [0m[47;31m  [0m 3
2 [47;31mpw[0m[40;31mpw[0m[47;31mpw[0m[40;31mpw[0m[47;31mpw[0m[40;31mpw[0m[47;31mpw[0m[40;31mpw[0m 2
1 [40;31mrw[0m[47;31mnw[0m[40;31mbw[0m[47;31mqw[0m[40;31mkw[0m[47;31mbw[0m[40;31mnw[0m[47;31mrw[0m 1
  a b c d e f g h 
3229009034
b2 -> b4   0
b2b4
[32;1m[Game] [0mPlayer's error code: 0
[32;1m[Game] [0mChecking move validity...
[32;1m[Board] [0mInitializing board...
[32;1m[Board] [0mLoading history file `championship/awesome-chess-ai-beatingthehorse/history.csv`...
[32;1m[Board] [0mLoaded 0 move(s).
[32;1m[Board] [0mLoading move file `championship/awesome-chess-ai-beatingthehorse/move.csv`...
[32;1m[Board] [0mWhite player is playing b2 to b4.
[32;1m[Board] [0m
[32;1m[Board] [0m    a b c d e f g h 
[32;1m[Board] [0m  -------------------
[32;1m[Board] [0m8 ||[30;1mr[0m|[30;1mk[0m|[30;1mb[0m|[30;1mQ[0m|[30;1mK[0m|[30;1mb[0m|[30;1mk[0m|[30;1mr[0m|| 8
[32;1m[Board] [0m  -------------------
[32;1m[Board] [0m7 ||[30;1mp[0m|[30;1mp[0m|[30;1mp[0m|[30;1mp[0m|[30;1mp[0m|[30;1mp[0m|[30;1mp[0m|[30;1mp[0m|| 7
[32;1m[Board] [0m  -------------------
[32;1m[Board] [0m6 ||[7;1m [0m| |[7;1m [0m| |[7;1m [0m| |[7;1m [0m| || 6
[32;1m[Board] [0m  -------------------
[32;1m[Board] [0m5 || |[7;1m [0m| |[7;1m [0m| |[7;1m [0m| |[7;1m [0m|| 5
[32;1m[Board] [0m  -------------------
[32;1m[Board] [0m4 ||[7;1m [0m|[0;1mp[0m|[7;1m [0m| |[7;1m [0m| |[7;1m [0m| || 4
[32;1m[Board] [0m  -------------------
[32;1m[Board] [0m3 || |[7;1m [0m| |[7;1m [0m| |[7;1m [0m| |[7;1m [0m|| 3
[32;1m[Board] [0m  -------------------
[32;1m[Board] [0m2 ||[0;1mp[0m| |[0;1mp[0m|[0;1mp[0m|[0;1mp[0m|[0;1mp[0m|[0;1mp[0m|[0;1mp[0m|| 2
[32;1m[Board] [0m  -------------------
[32;1m[Board] [0m1 ||[0;1mr[0m|[0;1mk[0m|[0;1mb[0m|[0;1mQ[0m|[0;1mK[0m|[0;1mb[0m|[0;1mk[0m|[0;1mr[0m|| 1
[32;1m[Board] [0m  -------------------
[32;1m[Board] [0m    a b c d e f g h
[32;1m[Board] [0m
[32;1m[Referee] [0mThis is the turn of the Black player...
[32;1m[Game] [0mPlayer's error code: 0
[32;1m[Game] [0mChecking move validity...
[32;1m[Board] [0mInitializing board...
[32;1m[Board] [0mLoading history file `championship/awesome-chess-ai-beatingthehorse/history.csv`...
[32;1m[Board] [0mLoaded 1 move(s).
[32;1m[Board] [0mLoading move file `championship/awesome-chess-ai-beatingthehorse/move.csv`...
[32;1m[Board] [0mBlack player is playing e7 to e5.
[32;1m[Board] [0m
[32;1m[Board] [0m    a b c d e f g h 
[32;1m[Board] [0m  -------------------
[32;1m[Board] [0m8 ||[30;1mr[0m|[30;1mk[0m|[30;1mb[0m|[30;1mQ[0m|[30;1mK[0m|[30;1mb[0m|[30;1mk[0m|[30;1mr[0m|| 8
[32;1m[Board] [0m  -------------------
[32;1m[Board] [0m7 ||[30;1mp[0m|[30;1mp[0m|[30;1mp[0m|[30;1mp[0m| |[30;1mp[0m|[30;1mp[0m|[30;1mp[0m|| 7
[32;1m[Board] [0m  -------------------
[32;1m[Board] [0m6 ||[7;1m [0m| |[7;1m [0m| |[7;1m [0m| |[7;1m [0m| || 6
[32;1m[Board] [0m  -------------------
[32;1m[Board] [0m5 || |[7;1m [0m| |[7;1m [0m|[30;1mp[0m|[7;1m [0m| |[7;1m [0m|| 5
[32;1m[Board] [0m  -------------------
[32;1m[Board] [0m4 ||[7;1m [0m|[0;1mp[0m|[7;1m [0m| |[7;1m [0m| |[7;1m [0m| || 4
[32;1m[Board] [0m  -------------------
[32;1m[Board] [0m3 || |[7;1m [0m| |[7;1m [0m| |[7;1m [0m| |[7;1m [0m|| 3
[32;1m[Board] [0m  -------------------
[32;1m[Board] [0m2 ||[0;1mp[0m| |[0;1mp[0m|[0;1mp[0m|[0;1mp[0m|[0;1mp[0m|[0;1mp[0m|[0;1mp[0m|| 2
[32;1m[Board] [0m  -------------------
[32;1m[Board] [0m1 ||[0;1mr[0m|[0;1mk[0m|[0;1mb[0m|[0;1mQ[0m|[0;1mK[0m|[0;1mb[0m|[0;1mk[0m|[0;1mr[0m|| 1
[32;1m[Board] [0m  -------------------
[32;1m[Board] [0m    a b c d e f g h
[32;1m[Board] [0m
[32;1m[Referee] [0mThis is the turn of the White player...
  a b c d e f g h 
8 [47;31mrb[0m[40;31mnb[0m[47;31mbb[0m[40;31mqb[0m[47;31mkb[0m[40;31mbb[0m[47;31mnb[0m[40;31mrb[0m 8
7 [40;31mpb[0m[47;31mpb[0m[40;31mpb[0m[47;31mpb[0m[40;31m  [0m[47;31mpb[0m[40;31mpb[0m[47;31mpb[0m 7
6 [47;31m  [0m[40;31m  [0m[47;31m  [0m[40;31m  [0m[47;31m  [0m[40;31m  [0m[47;31m  [0m[40;31m  [0m 6
5 [40;31m  [0m[47;31m  [0m[40;31m  [0m[47;31m  [0m[40;31mpb[0m[47;31m  [0m[40;31m  [0m[47;31m  [0m 5
4 [47;31m  [0m[40;31mpw[0m[47;31m  [0m[40;31m  [0m[47;31m  [0m[40;31m  [0m[47;31m  [0m[40;31m  [0m 4
3 [40;31m  [0m[47;31m  [0m[40;31m  [0m[47;31m  [0m[40;31m  [0m[47;31m  [0m[40;31m  [0m[47;31m  [0m 3
2 [47;31mpw[0m[40;31m  [0m[47;31mpw[0m[40;31mpw[0m[47;31mpw[0m[40;31mpw[0m[47;31mpw[0m[40;31mpw[0m 2
1 [40;31mrw[0m[47;31mnw[0m[40;31mbw[0m[47;31mqw[0m[40;31mkw[0m[47;31mbw[0m[40;31mnw[0m[47;31mrw[0m 1
  a b c d e f g h 
2206823458
b1 -> a3 legal
b1 -> c3 legal
c1 -> b2 legal
c1 -> a3 legal
g1 -> f3 legal
g1 -> h3 legal
a2 -> a3 legal
a2 -> a4 legal
c2 -> c3 legal
c2 -> c4 legal
d2 -> d3 legal
d2 -> d4 legal
e2 -> e3 legal
e2 -> e4 legal
f2 -> f3 legal
f2 -> f4 legal
g2 -> g3 legal
g2 -> g4 legal
h2 -> h3 legal
h2 -> h4 legal
b4 -> b5 legal
  a b c d e f g h 
8 [47;31mrb[0m[40;31mnb[0m[47;31mbb[0m[40;31mqb[0m[47;31mkb[0m[40;31mbb[0m[47;31mnb[0m[40;31mrb[0m 8
7 [40;31mpb[0m[47;31mpb[0m[40;31mpb[0m[47;31mpb[0m[40;31m  [0m[47;31mpb[0m[40;31mpb[0m[47;31mpb[0m 7
6 [47;31m  [0m[40;31m  [0m[47;31m  [0m[40;31m  [0m[47;31m  [0m[40;31m  [0m[47;31m  [0m[40;31m  [0m 6
5 [40;31m  [0m[47;31m  [0m[40;31m  [0m[47;31m  [0m[40;31mpb[0m[47;31m  [0m[40;31m  [0m[47;31m  [0m 5
4 [47;31m  [0m[40;31mpw[0m[47;31m  [0m[40;31m  [0m[47;31m  [0m[40;31m  [0m[47;31m  [0m[40;31m  [0m 4
3 [40;31m  [0m[47;31m  [0m[40;31m  [0m[47;31m  [0m[40;31m  [0m[47;31m  [0m[40;31m  [0m[47;31m  [0m 3
2 [47;31mpw[0m[40;31m  [0m[47;31mpw[0m[40;31mpw[0m[47;31mpw[0m[40;31mpw[0m[47;31mpw[0m[40;31mpw[0m 2
1 [40;31mrw[0m[47;31mnw[0m[40;31mbw[0m[47;31mqw[0m[40;31mkw[0m[47;31mbw[0m[40;31mnw[0m[47;31mrw[0m 1
  a b c d e f g h 
2206823458
g2 -> g4   0
g2g4
[32;1m[Game] [0mPlayer's error code: 0
[32;1m[Game] [0mChecking move validity...
[32;1m[Board] [0mInitializing board...
[32;1m[Board] [0mLoading history file `championship/awesome-chess-ai-beatingthehorse/history.csv`...
[32;1m[Board] [0mLoaded 2 move(s).
[32;1m[Board] [0mLoading move file `championship/awesome-chess-ai-beatingthehorse/move.csv`...
[32;1m[Board] [0mWhite player is playing g2 to g4.
[32;1m[Board] [0m
[32;1m[Board] [0m    a b c d e f g h 
[32;1m[Board] [0m  -------------------
[32;1m[Board] [0m8 ||[30;1mr[0m|[30;1mk[0m|[30;1mb[0m|[30;1mQ[0m|[30;1mK[0m|[30;1mb[0m|[30;1mk[0m|[30;1mr[0m|| 8
[32;1m[Board] [0m  -------------------
[32;1m[Board] [0m7 ||[30;1mp[0m|[30;1mp[0m|[30;1mp[0m|[30;1mp[0m| |[30;1mp[0m|[30;1mp[0m|[30;1mp[0m|| 7
[32;1m[Board] [0m  -------------------
[32;1m[Board] [0m6 ||[7;1m [0m| |[7;1m [0m| |[7;1m [0m| |[7;1m [0m| || 6
[32;1m[Board] [0m  -------------------
[32;1m[Board] [0m5 || |[7;1m [0m| |[7;1m [0m|[30;1mp[0m|[7;1m [0m| |[7;1m [0m|| 5
[32;1m[Board] [0m  -------------------
[32;1m[Board] [0m4 ||[7;1m [0m|[0;1mp[0m|[7;1m [0m| |[7;1m [0m| |[0;1mp[0m| || 4
[32;1m[Board] [0m  -------------------
[32;1m[Board] [0m3 || |[7;1m [0m| |[7;1m [0m| |[7;1m [0m| |[7;1m [0m|| 3
[32;1m[Board] [0m  -------------------
[32;1m[Board] [0m2 ||[0;1mp[0m| |[0;1mp[0m|[0;1mp[0m|[0;1mp[0m|[0;1mp[0m|[7;1m [0m|[0;1mp[0m|| 2
[32;1m[Board] [0m  -------------------
[32;1m[Board] [0m1 ||[0;1mr[0m|[0;1mk[0m|[0;1mb[0m|[0;1mQ[0m|[0;1mK[0m|[0;1mb[0m|[0;1mk[0m|[0;1mr[0m|| 1
[32;1m[Board] [0m  -------------------
[32;1m[Board] [0m    a b c d e f g h
[32;1m[Board] [0m
[32;1m[Referee] [0mThis is the turn of the Black player...
[32;1m[Game] [0mPlayer's error code: 0
[32;1m[Game] [0mChecking move validity...
[32;1m[Board] [0mInitializing board...
[32;1m[Board] [0mLoading history file `championship/awesome-chess-ai-beatingthehorse/history.csv`...
[32;1m[Board] [0mLoaded 3 move(s).
[32;1m[Board] [0mLoading move file `championship/awesome-chess-ai-beatingthehorse/move.csv`...
[32;1m[Board] [0mBlack player is playing f8 to b4.
[32;1m[Board] [0m[5;1mBlack Bishop is taking White Pawn.[0m
[32;1m[Board] [0m
[32;1m[Board] [0m    a b c d e f g h 
[32;1m[Board] [0m  -------------------
[32;1m[Board] [0m8 ||[30;1mr[0m|[30;1mk[0m|[30;1mb[0m|[30;1mQ[0m|[30;1mK[0m| |[30;1mk[0m|[30;1mr[0m|| 8
[32;1m[Board] [0m  -------------------
[32;1m[Board] [0m7 ||[30;1mp[0m|[30;1mp[0m|[30;1mp[0m|[30;1mp[0m| |[30;1mp[0m|[30;1mp[0m|[30;1mp[0m|| 7
[32;1m[Board] [0m  -------------------
[32;1m[Board] [0m6 ||[7;1m [0m| |[7;1m [0m| |[7;1m [0m| |[7;1m [0m| || 6
[32;1m[Board] [0m  -------------------
[32;1m[Board] [0m5 || |[7;1m [0m| |[7;1m [0m|[30;1mp[0m|[7;1m [0m| |[7;1m [0m|| 5
[32;1m[Board] [0m  -------------------
[32;1m[Board] [0m4 ||[7;1m [0m|[30;1mb[0m|[7;1m [0m| |[7;1m [0m| |[0;1mp[0m| || 4
[32;1m[Board] [0m  -------------------
[32;1m[Board] [0m3 || |[7;1m [0m| |[7;1m [0m| |[7;1m [0m| |[7;1m [0m|| 3
[32;1m[Board] [0m  -------------------
[32;1m[Board] [0m2 ||[0;1mp[0m| |[0;1mp[0m|[0;1mp[0m|[0;1mp[0m|[0;1mp[0m|[7;1m [0m|[0;1mp[0m|| 2
[32;1m[Board] [0m  -------------------
[32;1m[Board] [0m1 ||[0;1mr[0m|[0;1mk[0m|[0;1mb[0m|[0;1mQ[0m|[0;1mK[0m|[0;1mb[0m|[0;1mk[0m|[0;1mr[0m|| 1
[32;1m[Board] [0m  -------------------
[32;1m[Board] [0m    a b c d e f g h
[32;1m[Board] [0m
[32;1m[Referee] [0mThis is the turn of the White player...
  a b c d e f g h 
8 [47;31mrb[0m[40;31mnb[0m[47;31mbb[0m[40;31mqb[0m[47;31mkb[0m[40;31m  [0m[47;31mnb[0m[40;31mrb[0m 8
7 [40;31mpb[0m[47;31mpb[0m[40;31mpb[0m[47;31mpb[0m[40;31m  [0m[47;31mpb[0m[40;31mpb[0m[47;31mpb[0m 7
6 [47;31m  [0m[40;31m  [0m[47;31m  [0m[40;31m  [0m[47;31m  [0m[40;31m  [0m[47;31m  [0m[40;31m  [0m 6
5 [40;31m  [0m[47;31m  [0m[40;31m  [0m[47;31m  [0m[40;31mpb[0m[47;31m  [0m[40;31m  [0m[47;31m  [0m 5
4 [47;31m  [0m[40;31mbb[0m[47;31m  [0m[40;31m  [0m[47;31m  [0m[40;31m  [0m[47;31mpw[0m[40;31m  [0m 4
3 [40;31m  [0m[47;31m  [0m[40;31m  [0m[47;31m  [0m[40;31m  [0m[47;31m  [0m[40;31m  [0m[47;31m  [0m 3
2 [47;31mpw[0m[40;31m  [0m[47;31mpw[0m[40;31mpw[0m[47;31mpw[0m[40;31mpw[0m[47;31m  [0m[40;31mpw[0m 2
1 [40;31mrw[0m[47;31mnw[0m[40;31mbw[0m[47;31mqw[0m[40;31mkw[0m[47;31mbw[0m[40;31mnw[0m[47;31mrw[0m 1
  a b c d e f g h 
1426320038
b1 -> a3 legal
b1 -> c3 legal
c1 -> b2 legal
c1 -> a3 legal
f1 -> g2 legal
f1 -> h3 legal
g1 -> f3 legal
g1 -> h3 legal
a2 -> a3 legal
a2 -> a4 legal
c2 -> c3 legal
c2 -> c4 legal
d2 -> d3
d2 -> d4
e2 -> e3 legal
e2 -> e4 legal
f2 -> f3 legal
f2 -> f4 legal
h2 -> h3 legal
h2 -> h4 legal
g4 -> g5 legal
  a b c d e f g h 
8 [47;31mrb[0m[40;31mnb[0m[47;31mbb[0m[40;31mqb[0m[47;31mkb[0m[40;31m  [0m[47;31mnb[0m[40;31mrb[0m 8
7 [40;31mpb[0m[47;31mpb[0m[40;31mpb[0m[47;31mpb[0m[40;31m  [0m[47;31mpb[0m[40;31mpb[0m[47;31mpb[0m 7
6 [47;31m  [0m[40;31m  [0m[47;31m  [0m[40;31m  [0m[47;31m  [0m[40;31m  [0m[47;31m  [0m[40;31m  [0m 6
5 [40;31m  [0m[47;31m  [0m[40;31m  [0m[47;31m  [0m[40;31mpb[0m[47;31m  [0m[40;31m  [0m[47;31m  [0m 5
4 [47;31m  [0m[40;31mbb[0m[47;31m  [0m[40;31m  [0m[47;31m  [0m[40;31m  [0m[47;31mpw[0m[40;31m  [0m 4
3 [40;31m  [0m[47;31m  [0m[40;31m  [0m[47;31m  [0m[40;31m  [0m[47;31m  [0m[40;31m  [0m[47;31m  [0m 3
2 [47;31mpw[0m[40;31m  [0m[47;31mpw[0m[40;31mpw[0m[47;31mpw[0m[40;31mpw[0m[47;31m  [0m[40;31mpw[0m 2
1 [40;31mrw[0m[47;31mnw[0m[40;31mbw[0m[47;31mqw[0m[40;31mkw[0m[47;31mbw[0m[40;31mnw[0m[47;31mrw[0m 1
  a b c d e f g h 
1426320038
c2 -> c4   0
c2c4
[32;1m[Game] [0mPlayer's error code: 0
[32;1m[Game] [0mChecking move validity...
[32;1m[Board] [0mInitializing board...
[32;1m[Board] [0mLoading history file `championship/awesome-chess-ai-beatingthehorse/history.csv`...
[32;1m[Board] [0mLoaded 4 move(s).
[32;1m[Board] [0mLoading move file `championship/awesome-chess-ai-beatingthehorse/move.csv`...
[32;1m[Board] [0mWhite player is playing c2 to c4.
[32;1m[Board] [0m
[32;1m[Board] [0m    a b c d e f g h 
[32;1m[Board] [0m  -------------------
[32;1m[Board] [0m8 ||[30;1mr[0m|[30;1mk[0m|[30;1mb[0m|[30;1mQ[0m|[30;1mK[0m| |[30;1mk[0m|[30;1mr[0m|| 8
[32;1m[Board] [0m  -------------------
[32;1m[Board] [0m7 ||[30;1mp[0m|[30;1mp[0m|[30;1mp[0m|[30;1mp[0m| |[30;1mp[0m|[30;1mp[0m|[30;1mp[0m|| 7
[32;1m[Board] [0m  -------------------
[32;1m[Board] [0m6 ||[7;1m [0m| |[7;1m [0m| |[7;1m [0m| |[7;1m [0m| || 6
[32;1m[Board] [0m  -------------------
[32;1m[Board] [0m5 || |[7;1m [0m| |[7;1m [0m|[30;1mp[0m|[7;1m [0m| |[7;1m [0m|| 5
[32;1m[Board] [0m  -------------------
[32;1m[Board] [0m4 ||[7;1m [0m|[30;1mb[0m|[0;1mp[0m| |[7;1m [0m| |[0;1mp[0m| || 4
[32;1m[Board] [0m  -------------------
[32;1m[Board] [0m3 || |[7;1m [0m| |[7;1m [0m| |[7;1m [0m| |[7;1m [0m|| 3
[32;1m[Board] [0m  -------------------
[32;1m[Board] [0m2 ||[0;1mp[0m| |[7;1m [0m|[0;1mp[0m|[0;1mp[0m|[0;1mp[0m|[7;1m [0m|[0;1mp[0m|| 2
[32;1m[Board] [0m  -------------------
[32;1m[Board] [0m1 ||[0;1mr[0m|[0;1mk[0m|[0;1mb[0m|[0;1mQ[0m|[0;1mK[0m|[0;1mb[0m|[0;1mk[0m|[0;1mr[0m|| 1
[32;1m[Board] [0m  -------------------
[32;1m[Board] [0m    a b c d e f g h
[32;1m[Board] [0m
[32;1m[Referee] [0mThis is the turn of the Black player...
[32;1m[Game] [0mPlayer's error code: 0
[32;1m[Game] [0mChecking move validity...
[32;1m[Board] [0mInitializing board...
[32;1m[Board] [0mLoading history file `championship/awesome-chess-ai-beatingthehorse/history.csv`...
[32;1m[Board] [0mLoaded 5 move(s).
[32;1m[Board] [0mLoading move file `championship/awesome-chess-ai-beatingthehorse/move.csv`...
[32;1m[Board] [0mBlack player is playing b4 to c5.
[32;1m[Board] [0m
[32;1m[Board] [0m    a b c d e f g h 
[32;1m[Board] [0m  -------------------
[32;1m[Board] [0m8 ||[30;1mr[0m|[30;1mk[0m|[30;1mb[0m|[30;1mQ[0m|[30;1mK[0m| |[30;1mk[0m|[30;1mr[0m|| 8
[32;1m[Board] [0m  -------------------
[32;1m[Board] [0m7 ||[30;1mp[0m|[30;1mp[0m|[30;1mp[0m|[30;1mp[0m| |[30;1mp[0m|[30;1mp[0m|[30;1mp[0m|| 7
[32;1m[Board] [0m  -------------------
[32;1m[Board] [0m6 ||[7;1m [0m| |[7;1m [0m| |[7;1m [0m| |[7;1m [0m| || 6
[32;1m[Board] [0m  -------------------
[32;1m[Board] [0m5 || |[7;1m [0m|[30;1mb[0m|[7;1m [0m|[30;1mp[0m|[7;1m [0m| |[7;1m [0m|| 5
[32;1m[Board] [0m  -------------------
[32;1m[Board] [0m4 ||[7;1m [0m| |[0;1mp[0m| |[7;1m [0m| |[0;1mp[0m| || 4
[32;1m[Board] [0m  -------------------
[32;1m[Board] [0m3 || |[7;1m [0m| |[7;1m [0m| |[7;1m [0m| |[7;1m [0m|| 3
[32;1m[Board] [0m  -------------------
[32;1m[Board] [0m2 ||[0;1mp[0m| |[7;1m [0m|[0;1mp[0m|[0;1mp[0m|[0;1mp[0m|[7;1m [0m|[0;1mp[0m|| 2
[32;1m[Board] [0m  -------------------
[32;1m[Board] [0m1 ||[0;1mr[0m|[0;1mk[0m|[0;1mb[0m|[0;1mQ[0m|[0;1mK[0m|[0;1mb[0m|[0;1mk[0m|[0;1mr[0m|| 1
[32;1m[Board] [0m  -------------------
[32;1m[Board] [0m    a b c d e f g h
[32;1m[Board] [0m
[32;1m[Referee] [0mThis is the turn of the White player...
  a b c d e f g h 
8 [47;31mrb[0m[40;31mnb[0m[47;31mbb[0m[40;31mqb[0m[47;31mkb[0m[40;31m  [0m[47;31mnb[0m[40;31mrb[0m 8
7 [40;31mpb[0m[47;31mpb[0m[40;31mpb[0m[47;31mpb[0m[40;31m  [0m[47;31mpb[0m[40;31mpb[0m[47;31mpb[0m 7
6 [47;31m  [0m[40;31m  [0m[47;31m  [0m[40;31m  [0m[47;31m  [0m[40;31m  [0m[47;31m  [0m[40;31m  [0m 6
5 [40;31m  [0m[47;31m  [0m[40;31mbb[0m[47;31m  [0m[40;31mpb[0m[47;31m  [0m[40;31m  [0m[47;31m  [0m 5
4 [47;31m  [0m[40;31m  [0m[47;31mpw[0m[40;31m  [0m[47;31m  [0m[40;31m  [0m[47;31mpw[0m[40;31m  [0m 4
3 [40;31m  [0m[47;31m  [0m[40;31m  [0m[47;31m  [0m[40;31m  [0m[47;31m  [0m[40;31m  [0m[47;31m  [0m 3
2 [47;31mpw[0m[40;31m  [0m[47;31m  [0m[40;31mpw[0m[47;31mpw[0m[40;31mpw[0m[47;31m  [0m[40;31mpw[0m 2
1 [40;31mrw[0m[47;31mnw[0m[40;31mbw[0m[47;31mqw[0m[40;31mkw[0m[47;31mbw[0m[40;31mnw[0m[47;31mrw[0m 1
  a b c d e f g h 
3545920092
b1 -> a3 legal
b1 -> c3 legal
c1 -> b2 legal
c1 -> a3 legal
d1 -> c2 legal
d1 -> b3 legal
d1 -> a4 legal
f1 -> g2 legal
f1 -> h3 legal
g1 -> f3 legal
g1 -> h3 legal
a2 -> a3 legal
a2 -> a4 legal
d2 -> d3 legal
d2 -> d4 legal
e2 -> e3 legal
e2 -> e4 legal
f2 -> f3 legal
f2 -> f4 legal
h2 -> h3 legal
h2 -> h4 legal
g4 -> g5 legal
  a b c d e f g h 
8 [47;31mrb[0m[40;31mnb[0m[47;31mbb[0m[40;31mqb[0m[47;31mkb[0m[40;31m  [0m[47;31mnb[0m[40;31mrb[0m 8
7 [40;31mpb[0m[47;31mpb[0m[40;31mpb[0m[47;31mpb[0m[40;31m  [0m[47;31mpb[0m[40;31mpb[0m[47;31mpb[0m 7
6 [47;31m  [0m[40;31m  [0m[47;31m  [0m[40;31m  [0m[47;31m  [0m[40;31m  [0m[47;31m  [0m[40;31m  [0m 6
5 [40;31m  [0m[47;31m  [0m[40;31mbb[0m[47;31m  [0m[40;31mpb[0m[47;31m  [0m[40;31m  [0m[47;31m  [0m 5
4 [47;31m  [0m[40;31m  [0m[47;31mpw[0m[40;31m  [0m[47;31m  [0m[40;31m  [0m[47;31mpw[0m[40;31m  [0m 4
3 [40;31m  [0m[47;31m  [0m[40;31m  [0m[47;31m  [0m[40;31m  [0m[47;31m  [0m[40;31m  [0m[47;31m  [0m 3
2 [47;31mpw[0m[40;31m  [0m[47;31m  [0m[40;31mpw[0m[47;31mpw[0m[40;31mpw[0m[47;31m  [0m[40;31mpw[0m 2
1 [40;31mrw[0m[47;31mnw[0m[40;31mbw[0m[47;31mqw[0m[40;31mkw[0m[47;31mbw[0m[40;31mnw[0m[47;31mrw[0m 1
  a b c d e f g h 
3545920092
b1 -> a3   0
b1a3
[32;1m[Game] [0mPlayer's error code: 0
[32;1m[Game] [0mChecking move validity...
[32;1m[Board] [0mInitializing board...
[32;1m[Board] [0mLoading history file `championship/awesome-chess-ai-beatingthehorse/history.csv`...
[32;1m[Board] [0mLoaded 6 move(s).
[32;1m[Board] [0mLoading move file `championship/awesome-chess-ai-beatingthehorse/move.csv`...
[32;1m[Board] [0mWhite player is playing b1 to a3.
[32;1m[Board] [0m
[32;1m[Board] [0m    a b c d e f g h 
[32;1m[Board] [0m  -------------------
[32;1m[Board] [0m8 ||[30;1mr[0m|[30;1mk[0m|[30;1mb[0m|[30;1mQ[0m|[30;1mK[0m| |[30;1mk[0m|[30;1mr[0m|| 8
[32;1m[Board] [0m  -------------------
[32;1m[Board] [0m7 ||[30;1mp[0m|[30;1mp[0m|[30;1mp[0m|[30;1mp[0m| |[30;1mp[0m|[30;1mp[0m|[30;1mp[0m|| 7
[32;1m[Board] [0m  -------------------
[32;1m[Board] [0m6 ||[7;1m [0m| |[7;1m [0m| |[7;1m [0m| |[7;1m [0m| || 6
[32;1m[Board] [0m  -------------------
[32;1m[Board] [0m5 || |[7;1m [0m|[30;1mb[0m|[7;1m [0m|[30;1mp[0m|[7;1m [0m| |[7;1m [0m|| 5
[32;1m[Board] [0m  -------------------
[32;1m[Board] [0m4 ||[7;1m [0m| |[0;1mp[0m| |[7;1m [0m| |[0;1mp[0m| || 4
[32;1m[Board] [0m  -------------------
[32;1m[Board] [0m3 ||[0;1mk[0m|[7;1m [0m| |[7;1m [0m| |[7;1m [0m| |[7;1m [0m|| 3
[32;1m[Board] [0m  -------------------
[32;1m[Board] [0m2 ||[0;1mp[0m| |[7;1m [0m|[0;1mp[0m|[0;1mp[0m|[0;1mp[0m|[7;1m [0m|[0;1mp[0m|| 2
[32;1m[Board] [0m  -------------------
[32;1m[Board] [0m1 ||[0;1mr[0m|[7;1m [0m|[0;1mb[0m|[0;1mQ[0m|[0;1mK[0m|[0;1mb[0m|[0;1mk[0m|[0;1mr[0m|| 1
[32;1m[Board] [0m  -------------------
[32;1m[Board] [0m    a b c d e f g h
[32;1m[Board] [0m
[32;1m[Referee] [0mThis is the turn of the Black player...
[32;1m[Game] [0mPlayer's error code: 0
[32;1m[Game] [0mChecking move validity...
[32;1m[Board] [0mInitializing board...
[32;1m[Board] [0mLoading history file `championship/awesome-chess-ai-beatingthehorse/history.csv`...
[32;1m[Board] [0mLoaded 7 move(s).
[32;1m[Board] [0mLoading move file `championship/awesome-chess-ai-beatingthehorse/move.csv`...
[32;1m[Board] [0mBlack player is playing d8 to f6.
[32;1m[Board] [0m
[32;1m[Board] [0m    a b c d e f g h 
[32;1m[Board] [0m  -------------------
[32;1m[Board] [0m8 ||[30;1mr[0m|[30;1mk[0m|[30;1mb[0m| |[30;1mK[0m| |[30;1mk[0m|[30;1mr[0m|| 8
[32;1m[Board] [0m  -------------------
[32;1m[Board] [0m7 ||[30;1mp[0m|[30;1mp[0m|[30;1mp[0m|[30;1mp[0m| |[30;1mp[0m|[30;1mp[0m|[30;1mp[0m|| 7
[32;1m[Board] [0m  -------------------
[32;1m[Board] [0m6 ||[7;1m [0m| |[7;1m [0m| |[7;1m [0m|[30;1mQ[0m|[7;1m [0m| || 6
[32;1m[Board] [0m  -------------------
[32;1m[Board] [0m5 || |[7;1m [0m|[30;1mb[0m|[7;1m [0m|[30;1mp[0m|[7;1m [0m| |[7;1m [0m|| 5
[32;1m[Board] [0m  -------------------
[32;1m[Board] [0m4 ||[7;1m [0m| |[0;1mp[0m| |[7;1m [0m| |[0;1mp[0m| || 4
[32;1m[Board] [0m  -------------------
[32;1m[Board] [0m3 ||[0;1mk[0m|[7;1m [0m| |[7;1m [0m| |[7;1m [0m| |[7;1m [0m|| 3
[32;1m[Board] [0m  -------------------
[32;1m[Board] [0m2 ||[0;1mp[0m| |[7;1m [0m|[0;1mp[0m|[0;1mp[0m|[0;1mp[0m|[7;1m [0m|[0;1mp[0m|| 2
[32;1m[Board] [0m  -------------------
[32;1m[Board] [0m1 ||[0;1mr[0m|[7;1m [0m|[0;1mb[0m|[0;1mQ[0m|[0;1mK[0m|[0;1mb[0m|[0;1mk[0m|[0;1mr[0m|| 1
[32;1m[Board] [0m  -------------------
[32;1m[Board] [0m    a b c d e f g h
[32;1m[Board] [0m
[32;1m[Referee] [0mThis is the turn of the White player...
  a b c d e f g h 
8 [47;31mrb[0m[40;31mnb[0m[47;31mbb[0m[40;31m  [0m[47;31mkb[0m[40;31m  [0m[47;31mnb[0m[40;31mrb[0m 8
7 [40;31mpb[0m[47;31mpb[0m[40;31mpb[0m[47;31mpb[0m[40;31m  [0m[47;31mpb[0m[40;31mpb[0m[47;31mpb[0m 7
6 [47;31m  [0m[40;31m  [0m[47;31m  [0m[40;31m  [0m[47;31m  [0m[40;31mqb[0m[47;31m  [0m[40;31m  [0m 6
5 [40;31m  [0m[47;31m  [0m[40;31mbb[0m[47;31m  [0m[40;31mpb[0m[47;31m  [0m[40;31m  [0m[47;31m  [0m 5
4 [47;31m  [0m[40;31m  [0m[47;31mpw[0m[40;31m  [0m[47;31m  [0m[40;31m  [0m[47;31mpw[0m[40;31m  [0m 4
3 [40;31mnw[0m[47;31m  [0m[40;31m  [0m[47;31m  [0m[40;31m  [0m[47;31m  [0m[40;31m  [0m[47;31m  [0m 3
2 [47;31mpw[0m[40;31m  [0m[47;31m  [0m[40;31mpw[0m[47;31mpw[0m[40;31mpw[0m[47;31m  [0m[40;31mpw[0m 2
1 [40;31mrw[0m[47;31m  [0m[40;31mbw[0m[47;31mqw[0m[40;31mkw[0m[47;31mbw[0m[40;31mnw[0m[47;31mrw[0m 1
  a b c d e f g h 
50220844
a1 -> b1 legal
c1 -> b2 legal
d1 -> c2 legal
d1 -> b3 legal
d1 -> a4 legal
f1 -> g2 legal
f1 -> h3 legal
g1 -> f3 legal
g1 -> h3 legal
d2 -> d3 legal
d2 -> d4 legal
e2 -> e3 legal
e2 -> e4 legal
f2 -> f3 legal
f2 -> f4 legal
h2 -> h3 legal
h2 -> h4 legal
a3 -> b5 legal
a3 -> c2 legal
a3 -> b1 legal
g4 -> g5 legal
  a b c d e f g h 
8 [47;31mrb[0m[40;31mnb[0m[47;31mbb[0m[40;31m  [0m[47;31mkb[0m[40;31m  [0m[47;31mnb[0m[40;31mrb[0m 8
7 [40;31mpb[0m[47;31mpb[0m[40;31mpb[0m[47;31mpb[0m[40;31m  [0m[47;31mpb[0m[40;31mpb[0m[47;31mpb[0m 7
6 [47;31m  [0m[40;31m  [0m[47;31m  [0m[40;31m  [0m[47;31m  [0m[40;31mqb[0m[47;31m  [0m[40;31m  [0m 6
5 [40;31m  [0m[47;31m  [0m[40;31mbb[0m[47;31m  [0m[40;31mpb[0m[47;31m  [0m[40;31m  [0m[47;31m  [0m 5
4 [47;31m  [0m[40;31m  [0m[47;31mpw[0m[40;31m  [0m[47;31m  [0m[40;31m  [0m[47;31mpw[0m[40;31m  [0m 4
3 [40;31mnw[0m[47;31m  [0m[40;31m  [0m[47;31m  [0m[40;31m  [0m[47;31m  [0m[40;31m  [0m[47;31m  [0m 3
2 [47;31mpw[0m[40;31m  [0m[47;31m  [0m[40;31mpw[0m[47;31mpw[0m[40;31mpw[0m[47;31m  [0m[40;31mpw[0m 2
1 [40;31mrw[0m[47;31m  [0m[40;31mbw[0m[47;31mqw[0m[40;31mkw[0m[47;31mbw[0m[40;31mnw[0m[47;31mrw[0m 1
  a b c d e f g h 
50220844
e2 -> e4   0
e2e4
[32;1m[Game] [0mPlayer's error code: 0
[32;1m[Game] [0mChecking move validity...
[32;1m[Board] [0mInitializing board...
[32;1m[Board] [0mLoading history file `championship/awesome-chess-ai-beatingthehorse/history.csv`...
[32;1m[Board] [0mLoaded 8 move(s).
[32;1m[Board] [0mLoading move file `championship/awesome-chess-ai-beatingthehorse/move.csv`...
[32;1m[Board] [0mWhite player is playing e2 to e4.
[32;1m[Board] [0m
[32;1m[Board] [0m    a b c d e f g h 
[32;1m[Board] [0m  -------------------
[32;1m[Board] [0m8 ||[30;1mr[0m|[30;1mk[0m|[30;1mb[0m| |[30;1mK[0m| |[30;1mk[0m|[30;1mr[0m|| 8
[32;1m[Board] [0m  -------------------
[32;1m[Board] [0m7 ||[30;1mp[0m|[30;1mp[0m|[30;1mp[0m|[30;1mp[0m| |[30;1mp[0m|[30;1mp[0m|[30;1mp[0m|| 7
[32;1m[Board] [0m  -------------------
[32;1m[Board] [0m6 ||[7;1m [0m| |[7;1m [0m| |[7;1m [0m|[30;1mQ[0m|[7;1m [0m| || 6
[32;1m[Board] [0m  -------------------
[32;1m[Board] [0m5 || |[7;1m [0m|[30;1mb[0m|[7;1m [0m|[30;1mp[0m|[7;1m [0m| |[7;1m [0m|| 5
[32;1m[Board] [0m  -------------------
[32;1m[Board] [0m4 ||[7;1m [0m| |[0;1mp[0m| |[0;1mp[0m| |[0;1mp[0m| || 4
[32;1m[Board] [0m  -------------------
[32;1m[Board] [0m3 ||[0;1mk[0m|[7;1m [0m| |[7;1m [0m| |[7;1m [0m| |[7;1m [0m|| 3
[32;1m[Board] [0m  -------------------
[32;1m[Board] [0m2 ||[0;1mp[0m| |[7;1m [0m|[0;1mp[0m|[7;1m [0m|[0;1mp[0m|[7;1m [0m|[0;1mp[0m|| 2
[32;1m[Board] [0m  -------------------
[32;1m[Board] [0m1 ||[0;1mr[0m|[7;1m [0m|[0;1mb[0m|[0;1mQ[0m|[0;1mK[0m|[0;1mb[0m|[0;1mk[0m|[0;1mr[0m|| 1
[32;1m[Board] [0m  -------------------
[32;1m[Board] [0m    a b c d e f g h
[32;1m[Board] [0m
[32;1m[Referee] [0mThis is the turn of the Black player...
[32;1m[Game] [0mPlayer's error code: 0
[32;1m[Game] [0mChecking move validity...
[32;1m[Board] [0mInitializing board...
[32;1m[Board] [0mLoading history file `championship/awesome-chess-ai-beatingthehorse/history.csv`...
[32;1m[Board] [0mLoaded 9 move(s).
[32;1m[Board] [0mLoading move file `championship/awesome-chess-ai-beatingthehorse/move.csv`...
[32;1m[Board] [0mBlack player is playing c5 to f2.
[32;1m[Board] [0m[5;1mBlack Bishop is taking White Pawn.[0m
[32;1m[Board] [0m
[32;1m[Board] [0m    a b c d e f g h 
[32;1m[Board] [0m  -------------------
[32;1m[Board] [0m8 ||[30;1mr[0m|[30;1mk[0m|[30;1mb[0m| |[30;1mK[0m| |[30;1mk[0m|[30;1mr[0m|| 8
[32;1m[Board] [0m  -------------------
[32;1m[Board] [0m7 ||[30;1mp[0m|[30;1mp[0m|[30;1mp[0m|[30;1mp[0m| |[30;1mp[0m|[30;1mp[0m|[30;1mp[0m|| 7
[32;1m[Board] [0m  -------------------
[32;1m[Board] [0m6 ||[7;1m [0m| |[7;1m [0m| |[7;1m [0m|[30;1mQ[0m|[7;1m [0m| || 6
[32;1m[Board] [0m  -------------------
[32;1m[Board] [0m5 || |[7;1m [0m| |[7;1m [0m|[30;1mp[0m|[7;1m [0m| |[7;1m [0m|| 5
[32;1m[Board] [0m  -------------------
[32;1m[Board] [0m4 ||[7;1m [0m| |[0;1mp[0m| |[0;1mp[0m| |[0;1mp[0m| || 4
[32;1m[Board] [0m  -------------------
[32;1m[Board] [0m3 ||[0;1mk[0m|[7;1m [0m| |[7;1m [0m| |[7;1m [0m| |[7;1m [0m|| 3
[32;1m[Board] [0m  -------------------
[32;1m[Board] [0m2 ||[0;1mp[0m| |[7;1m [0m|[0;1mp[0m|[7;1m [0m|[30;1mb[0m|[7;1m [0m|[0;1mp[0m|| 2
[32;1m[Board] [0m  -------------------
[32;1m[Board] [0m1 ||[0;1mr[0m|[7;1m [0m|[0;1mb[0m|[0;1mQ[0m|[0;1mK[0m|[0;1mb[0m|[0;1mk[0m|[0;1mr[0m|| 1
[32;1m[Board] [0m  -------------------
[32;1m[Board] [0m    a b c d e f g h
[32;1m[Board] [0m
[32;1m[Referee] [0mThis is the turn of the White player...
[32;1m[Board] [0m[33;1m[WARNING][0m [5;1mWhite King in check![0m
[32;1m[Board] [0m[33;1m[WARNING][0m    Threatened by Black Bishop (f2)
  a b c d e f g h 
8 [47;31mrb[0m[40;31mnb[0m[47;31mbb[0m[40;31m  [0m[47;31mkb[0m[40;31m  [0m[47;31mnb[0m[40;31mrb[0m 8
7 [40;31mpb[0m[47;31mpb[0m[40;31mpb[0m[47;31mpb[0m[40;31m  [0m[47;31mpb[0m[40;31mpb[0m[47;31mpb[0m 7
6 [47;31m  [0m[40;31m  [0m[47;31m  [0m[40;31m  [0m[47;31m  [0m[40;31mqb[0m[47;31m  [0m[40;31m  [0m 6
5 [40;31m  [0m[47;31m  [0m[40;31m  [0m[47;31m  [0m[40;31mpb[0m[47;31m  [0m[40;31m  [0m[47;31m  [0m 5
4 [47;31m  [0m[40;31m  [0m[47;31mpw[0m[40;31m  [0m[47;31mpw[0m[40;31m  [0m[47;31mpw[0m[40;31m  [0m 4
3 [40;31mnw[0m[47;31m  [0m[40;31m  [0m[47;31m  [0m[40;31m  [0m[47;31m  [0m[40;31m  [0m[47;31m  [0m 3
2 [47;31mpw[0m[40;31m  [0m[47;31m  [0m[40;31mpw[0m[47;31m  [0m[40;31mbb[0m[47;31m  [0m[40;31mpw[0m 2
1 [40;31mrw[0m[47;31m  [0m[40;31mbw[0m[47;31mqw[0m[40;31mkw[0m[47;31mbw[0m[40;31mnw[0m[47;31mrw[0m 1
  a b c d e f g h 
634651129
a1 -> b1
c1 -> b2
d1 -> e2
d1 -> f3
d1 -> c2
d1 -> b3
d1 -> a4
e1 -> e2 legal
e1 -> f2 X
f1 -> g2
f1 -> h3
f1 -> e2
f1 -> d3
g1 -> e2
g1 -> f3
g1 -> h3
d2 -> d3
d2 -> d4
h2 -> h3
h2 -> h4
a3 -> b5
a3 -> c2
a3 -> b1
c4 -> c5
g4 -> g5
  a b c d e f g h 
8 [47;31mrb[0m[40;31mnb[0m[47;31mbb[0m[40;31m  [0m[47;31mkb[0m[40;31m  [0m[47;31mnb[0m[40;31mrb[0m 8
7 [40;31mpb[0m[47;31mpb[0m[40;31mpb[0m[47;31mpb[0m[40;31m  [0m[47;31mpb[0m[40;31mpb[0m[47;31mpb[0m 7
6 [47;31m  [0m[40;31m  [0m[47;31m  [0m[40;31m  [0m[47;31m  [0m[40;31mqb[0m[47;31m  [0m[40;31m  [0m 6
5 [40;31m  [0m[47;31m  [0m[40;31m  [0m[47;31m  [0m[40;31mpb[0m[47;31m  [0m[40;31m  [0m[47;31m  [0m 5
4 [47;31m  [0m[40;31m  [0m[47;31mpw[0m[40;31m  [0m[47;31mpw[0m[40;31m  [0m[47;31mpw[0m[40;31m  [0m 4
3 [40;31mnw[0m[47;31m  [0m[40;31m  [0m[47;31m  [0m[40;31m  [0m[47;31m  [0m[40;31m  [0m[47;31m  [0m 3
2 [47;31mpw[0m[40;31m  [0m[47;31m  [0m[40;31mpw[0m[47;31m  [0m[40;31mbb[0m[47;31m  [0m[40;31mpw[0m 2
1 [40;31mrw[0m[47;31m  [0m[40;31mbw[0m[47;31mqw[0m[40;31mkw[0m[47;31mbw[0m[40;31mnw[0m[47;31mrw[0m 1
  a b c d e f g h 
634651129
e1 -> e2   0
e1e2
[32;1m[Game] [0mPlayer's error code: 0
[32;1m[Game] [0mChecking move validity...
[32;1m[Board] [0mInitializing board...
[32;1m[Board] [0mLoading history file `championship/awesome-chess-ai-beatingthehorse/history.csv`...
[32;1m[Board] [0mLoaded 10 move(s).
[32;1m[Board] [0mLoading move file `championship/awesome-chess-ai-beatingthehorse/move.csv`...
[32;1m[Board] [0mWhite player is playing e1 to e2.
[32;1m[Board] [0m
[32;1m[Board] [0m    a b c d e f g h 
[32;1m[Board] [0m  -------------------
[32;1m[Board] [0m8 ||[30;1mr[0m|[30;1mk[0m|[30;1mb[0m| |[30;1mK[0m| |[30;1mk[0m|[30;1mr[0m|| 8
[32;1m[Board] [0m  -------------------
[32;1m[Board] [0m7 ||[30;1mp[0m|[30;1mp[0m|[30;1mp[0m|[30;1mp[0m| |[30;1mp[0m|[30;1mp[0m|[30;1mp[0m|| 7
[32;1m[Board] [0m  -------------------
[32;1m[Board] [0m6 ||[7;1m [0m| |[7;1m [0m| |[7;1m [0m|[30;1mQ[0m|[7;1m [0m| || 6
[32;1m[Board] [0m  -------------------
[32;1m[Board] [0m5 || |[7;1m [0m| |[7;1m [0m|[30;1mp[0m|[7;1m [0m| |[7;1m [0m|| 5
[32;1m[Board] [0m  -------------------
[32;1m[Board] [0m4 ||[7;1m [0m| |[0;1mp[0m| |[0;1mp[0m| |[0;1mp[0m| || 4
[32;1m[Board] [0m  -------------------
[32;1m[Board] [0m3 ||[0;1mk[0m|[7;1m [0m| |[7;1m [0m| |[7;1m [0m| |[7;1m [0m|| 3
[32;1m[Board] [0m  -------------------
[32;1m[Board] [0m2 ||[0;1mp[0m| |[7;1m [0m|[0;1mp[0m|[0;1mK[0m|[30;1mb[0m|[7;1m [0m|[0;1mp[0m|| 2
[32;1m[Board] [0m  -------------------
[32;1m[Board] [0m1 ||[0;1mr[0m|[7;1m [0m|[0;1mb[0m|[0;1mQ[0m| |[0;1mb[0m|[0;1mk[0m|[0;1mr[0m|| 1
[32;1m[Board] [0m  -------------------
[32;1m[Board] [0m    a b c d e f g h
[32;1m[Board] [0m
[32;1m[Referee] [0mThis is the turn of the Black player...
[32;1m[Game] [0mPlayer's error code: 0
[32;1m[Game] [0mChecking move validity...
[32;1m[Board] [0mInitializing board...
[32;1m[Board] [0mLoading history file `championship/awesome-chess-ai-beatingthehorse/history.csv`...
[32;1m[Board] [0mLoaded 11 move(s).
[32;1m[Board] [0mLoading move file `championship/awesome-chess-ai-beatingthehorse/move.csv`...
[32;1m[Board] [0mBlack player is playing f2 to d4.
[32;1m[Board] [0m
[32;1m[Board] [0m    a b c d e f g h 
[32;1m[Board] [0m  -------------------
[32;1m[Board] [0m8 ||[30;1mr[0m|[30;1mk[0m|[30;1mb[0m| |[30;1mK[0m| |[30;1mk[0m|[30;1mr[0m|| 8
[32;1m[Board] [0m  -------------------
[32;1m[Board] [0m7 ||[30;1mp[0m|[30;1mp[0m|[30;1mp[0m|[30;1mp[0m| |[30;1mp[0m|[30;1mp[0m|[30;1mp[0m|| 7
[32;1m[Board] [0m  -------------------
[32;1m[Board] [0m6 ||[7;1m [0m| |[7;1m [0m| |[7;1m [0m|[30;1mQ[0m|[7;1m [0m| || 6
[32;1m[Board] [0m  -------------------
[32;1m[Board] [0m5 || |[7;1m [0m| |[7;1m [0m|[30;1mp[0m|[7;1m [0m| |[7;1m [0m|| 5
[32;1m[Board] [0m  -------------------
[32;1m[Board] [0m4 ||[7;1m [0m| |[0;1mp[0m|[30;1mb[0m|[0;1mp[0m| |[0;1mp[0m| || 4
[32;1m[Board] [0m  -------------------
[32;1m[Board] [0m3 ||[0;1mk[0m|[7;1m [0m| |[7;1m [0m| |[7;1m [0m| |[7;1m [0m|| 3
[32;1m[Board] [0m  -------------------
[32;1m[Board] [0m2 ||[0;1mp[0m| |[7;1m [0m|[0;1mp[0m|[0;1mK[0m| |[7;1m [0m|[0;1mp[0m|| 2
[32;1m[Board] [0m  -------------------
[32;1m[Board] [0m1 ||[0;1mr[0m|[7;1m [0m|[0;1mb[0m|[0;1mQ[0m| |[0;1mb[0m|[0;1mk[0m|[0;1mr[0m|| 1
[32;1m[Board] [0m  -------------------
[32;1m[Board] [0m    a b c d e f g h
[32;1m[Board] [0m
[32;1m[Referee] [0mThis is the turn of the White player...
  a b c d e f g h 
8 [47;31mrb[0m[40;31mnb[0m[47;31mbb[0m[40;31m  [0m[47;31mkb[0m[40;31m  [0m[47;31mnb[0m[40;31mrb[0m 8
7 [40;31mpb[0m[47;31mpb[0m[40;31mpb[0m[47;31mpb[0m[40;31m  [0m[47;31mpb[0m[40;31mpb[0m[47;31mpb[0m 7
6 [47;31m  [0m[40;31m  [0m[47;31m  [0m[40;31m  [0m[47;31m  [0m[40;31mqb[0m[47;31m  [0m[40;31m  [0m 6
5 [40;31m  [0m[47;31m  [0m[40;31m  [0m[47;31m  [0m[40;31mpb[0m[47;31m  [0m[40;31m  [0m[47;31m  [0m 5
4 [47;31m  [0m[40;31m  [0m[47;31mpw[0m[40;31mbb[0m[47;31mpw[0m[40;31m  [0m[47;31mpw[0m[40;31m  [0m 4
3 [40;31mnw[0m[47;31m  [0m[40;31m  [0m[47;31m  [0m[40;31m  [0m[47;31m  [0m[40;31m  [0m[47;31m  [0m 3
2 [47;31mpw[0m[40;31m  [0m[47;31m  [0m[40;31mpw[0m[47;31mkw[0m[40;31m  [0m[47;31m  [0m[40;31mpw[0m 2
1 [40;31mrw[0m[47;31m  [0m[40;31mbw[0m[47;31mqw[0m[40;31m  [0m[47;31mbw[0m[40;31mnw[0m[47;31mrw[0m 1
  a b c d e f g h 
3361803755
a1 -> b1 legal
c1 -> b2 legal
d1 -> e1 legal
d1 -> c2 legal
d1 -> b3 legal
d1 -> a4 legal
f1 -> g2 legal
f1 -> h3 legal
g1 -> f3 legal
g1 -> h3 legal
d2 -> d3 legal
e2 -> f2
e2 -> d3 legal
e2 -> e3
e2 -> f3
e2 -> e1 legal
h2 -> h3 legal
h2 -> h4 legal
a3 -> b5 legal
a3 -> c2 legal
a3 -> b1 legal
c4 -> c5 legal
g4 -> g5 legal
  a b c d e f g h 
8 [47;31mrb[0m[40;31mnb[0m[47;31mbb[0m[40;31m  [0m[47;31mkb[0m[40;31m  [0m[47;31mnb[0m[40;31mrb[0m 8
7 [40;31mpb[0m[47;31mpb[0m[40;31mpb[0m[47;31mpb[0m[40;31m  [0m[47;31mpb[0m[40;31mpb[0m[47;31mpb[0m 7
6 [47;31m  [0m[40;31m  [0m[47;31m  [0m[40;31m  [0m[47;31m  [0m[40;31mqb[0m[47;31m  [0m[40;31m  [0m 6
5 [40;31m  [0m[47;31m  [0m[40;31m  [0m[47;31m  [0m[40;31mpb[0m[47;31m  [0m[40;31m  [0m[47;31m  [0m 5
4 [47;31m  [0m[40;31m  [0m[47;31mpw[0m[40;31mbb[0m[47;31mpw[0m[40;31m  [0m[47;31mpw[0m[40;31m  [0m 4
3 [40;31mnw[0m[47;31m  [0m[40;31m  [0m[47;31m  [0m[40;31m  [0m[47;31m  [0m[40;31m  [0m[47;31m  [0m 3
2 [47;31mpw[0m[40;31m  [0m[47;31m  [0m[40;31mpw[0m[47;31mkw[0m[40;31m  [0m[47;31m  [0m[40;31mpw[0m 2
1 [40;31mrw[0m[47;31m  [0m[40;31mbw[0m[47;31mqw[0m[40;31m  [0m[47;31mbw[0m[40;31mnw[0m[47;31mrw[0m 1
  a b c d e f g h 
3361803755
d2 -> d3   0
d2d3
[32;1m[Game] [0mPlayer's error code: 0
[32;1m[Game] [0mChecking move validity...
[32;1m[Board] [0mInitializing board...
[32;1m[Board] [0mLoading history file `championship/awesome-chess-ai-beatingthehorse/history.csv`...
[32;1m[Board] [0mLoaded 12 move(s).
[32;1m[Board] [0mLoading move file `championship/awesome-chess-ai-beatingthehorse/move.csv`...
[32;1m[Board] [0mWhite player is playing d2 to d3.
[32;1m[Board] [0m
[32;1m[Board] [0m    a b c d e f g h 
[32;1m[Board] [0m  -------------------
[32;1m[Board] [0m8 ||[30;1mr[0m|[30;1mk[0m|[30;1mb[0m| |[30;1mK[0m| |[30;1mk[0m|[30;1mr[0m|| 8
[32;1m[Board] [0m  -------------------
[32;1m[Board] [0m7 ||[30;1mp[0m|[30;1mp[0m|[30;1mp[0m|[30;1mp[0m| |[30;1mp[0m|[30;1mp[0m|[30;1mp[0m|| 7
[32;1m[Board] [0m  -------------------
[32;1m[Board] [0m6 ||[7;1m [0m| |[7;1m [0m| |[7;1m [0m|[30;1mQ[0m|[7;1m [0m| || 6
[32;1m[Board] [0m  -------------------
[32;1m[Board] [0m5 || |[7;1m [0m| |[7;1m [0m|[30;1mp[0m|[7;1m [0m| |[7;1m [0m|| 5
[32;1m[Board] [0m  -------------------
[32;1m[Board] [0m4 ||[7;1m [0m| |[0;1mp[0m|[30;1mb[0m|[0;1mp[0m| |[0;1mp[0m| || 4
[32;1m[Board] [0m  -------------------
[32;1m[Board] [0m3 ||[0;1mk[0m|[7;1m [0m| |[0;1mp[0m| |[7;1m [0m| |[7;1m [0m|| 3
[32;1m[Board] [0m  -------------------
[32;1m[Board] [0m2 ||[0;1mp[0m| |[7;1m [0m| |[0;1mK[0m| |[7;1m [0m|[0;1mp[0m|| 2
[32;1m[Board] [0m  -------------------
[32;1m[Board] [0m1 ||[0;1mr[0m|[7;1m [0m|[0;1mb[0m|[0;1mQ[0m| |[0;1mb[0m|[0;1mk[0m|[0;1mr[0m|| 1
[32;1m[Board] [0m  -------------------
[32;1m[Board] [0m    a b c d e f g h
[32;1m[Board] [0m
[32;1m[Referee] [0mThis is the turn of the Black player...
[32;1m[Game] [0mPlayer's error code: 0
[32;1m[Game] [0mChecking move validity...
[32;1m[Board] [0mInitializing board...
[32;1m[Board] [0mLoading history file `championship/awesome-chess-ai-beatingthehorse/history.csv`...
[32;1m[Board] [0mLoaded 13 move(s).
[32;1m[Board] [0mLoading move file `championship/awesome-chess-ai-beatingthehorse/move.csv`...
[32;1m[Board] [0mBlack player is playing f6 to f2.
[32;1m[Board] [0m
[32;1m[Board] [0m    a b c d e f g h 
[32;1m[Board] [0m  -------------------
[32;1m[Board] [0m8 ||[30;1mr[0m|[30;1mk[0m|[30;1mb[0m| |[30;1mK[0m| |[30;1mk[0m|[30;1mr[0m|| 8
[32;1m[Board] [0m  -------------------
[32;1m[Board] [0m7 ||[30;1mp[0m|[30;1mp[0m|[30;1mp[0m|[30;1mp[0m| |[30;1mp[0m|[30;1mp[0m|[30;1mp[0m|| 7
[32;1m[Board] [0m  -------------------
[32;1m[Board] [0m6 ||[7;1m [0m| |[7;1m [0m| |[7;1m [0m| |[7;1m [0m| || 6
[32;1m[Board] [0m  -------------------
[32;1m[Board] [0m5 || |[7;1m [0m| |[7;1m [0m|[30;1mp[0m|[7;1m [0m| |[7;1m [0m|| 5
[32;1m[Board] [0m  -------------------
[32;1m[Board] [0m4 ||[7;1m [0m| |[0;1mp[0m|[30;1mb[0m|[0;1mp[0m| |[0;1mp[0m| || 4
[32;1m[Board] [0m  -------------------
[32;1m[Board] [0m3 ||[0;1mk[0m|[7;1m [0m| |[0;1mp[0m| |[7;1m [0m| |[7;1m [0m|| 3
[32;1m[Board] [0m  -------------------
[32;1m[Board] [0m2 ||[0;1mp[0m| |[7;1m [0m| |[0;1mK[0m|[30;1mQ[0m|[7;1m [0m|[0;1mp[0m|| 2
[32;1m[Board] [0m  -------------------
[32;1m[Board] [0m1 ||[0;1mr[0m|[7;1m [0m|[0;1mb[0m|[0;1mQ[0m| |[0;1mb[0m|[0;1mk[0m|[0;1mr[0m|| 1
[32;1m[Board] [0m  -------------------
[32;1m[Board] [0m    a b c d e f g h
[32;1m[Board] [0m
[32;1m[Referee] [0mThis is the turn of the White player...
[32;1m[Board] [0m[33;1m[WARNING][0m [5;1mWhite King in checkmate![0m
[32;1m[Board] [0m[33;1m[WARNING][0m The Black player wins!
