[32;1m[Board] [0mInitializing board...
[32;1m[Board] [0m
[32;1m[Board] [0m    a b c d e f g h 
[32;1m[Board] [0m  -------------------
[32;1m[Board] [0m8 ||[30;1mr[0m|[30;1mk[0m|[30;1mb[0m|[30;1mQ[0m|[30;1mK[0m|[30;1mb[0m|[30;1mk[0m|[30;1mr[0m|| 8
[32;1m[Board] [0m  -------------------
[32;1m[Board] [0m7 ||[30;1mp[0m|[30;1mp[0m|[30;1mp[0m|[30;1mp[0m|[30;1mp[0m|[30;1mp[0m|[30;1mp[0m|[30;1mp[0m|| 7
[32;1m[Board] [0m  -------------------
[32;1m[Board] [0m6 ||[7;1m [0m| |[7;1m [0m| |[7;1m [0m| |[7;1m [0m| || 6
[32;1m[Board] [0m  -------------------
[32;1m[Board] [0m5 || |[7;1m [0m| |[7;1m [0m| |[7;1m [0m| |[7;1m [0m|| 5
[32;1m[Board] [0m  -------------------
[32;1m[Board] [0m4 ||[7;1m [0m| |[7;1m [0m| |[7;1m [0m| |[7;1m [0m| || 4
[32;1m[Board] [0m  -------------------
[32;1m[Board] [0m3 || |[7;1m [0m| |[7;1m [0m| |[7;1m [0m| |[7;1m [0m|| 3
[32;1m[Board] [0m  -------------------
[32;1m[Board] [0m2 ||[0;1mp[0m|[0;1mp[0m|[0;1mp[0m|[0;1mp[0m|[0;1mp[0m|[0;1mp[0m|[0;1mp[0m|[0;1mp[0m|| 2
[32;1m[Board] [0m  -------------------
[32;1m[Board] [0m1 ||[0;1mr[0m|[0;1mk[0m|[0;1mb[0m|[0;1mQ[0m|[0;1mK[0m|[0;1mb[0m|[0;1mk[0m|[0;1mr[0m|| 1
[32;1m[Board] [0m  -------------------
[32;1m[Board] [0m    a b c d e f g h
[32;1m[Board] [0m
[32;1m[Referee] [0mThis is the turn of the White player...
  a b c d e f g h 
8 [47;31mrb[0m[40;31mnb[0m[47;31mbb[0m[40;31mqb[0m[47;31mkb[0m[40;31mbb[0m[47;31mnb[0m[40;31mrb[0m 8
7 [40;31mpb[0m[47;31mpb[0m[40;31mpb[0m[47;31mpb[0m[40;31mpb[0m[47;31mpb[0m[40;31mpb[0m[47;31mpb[0m 7
6 [47;31m  [0m[40;31m  [0m[47;31m  [0m[40;31m  [0m[47;31m  [0m[40;31m  [0m[47;31m  [0m[40;31m  [0m 6
5 [40;31m  [0m[47;31m  [0m[40;31m  [0m[47;31m  [0m[40;31m  [0m[47;31m  [0m[40;31m  [0m[47;31m  [0m 5
4 [47;31m  [0m[40;31m  [0m[47;31m  [0m[40;31m  [0m[47;31m  [0m[40;31m  [0m[47;31m  [0m[40;31m  [0m 4
3 [40;31m  [0m[47;31m  [0m[40;31m  [0m[47;31m  [0m[40;31m  [0m[47;31m  [0m[40;31m  [0m[47;31m  [0m 3
2 [47;31mpw[0m[40;31mpw[0m[47;31mpw[0m[40;31mpw[0m[47;31mpw[0m[40;31mpw[0m[47;31mpw[0m[40;31mpw[0m 2
1 [40;31mrw[0m[47;31mnw[0m[40;31mbw[0m[47;31mqw[0m[40;31mkw[0m[47;31mbw[0m[40;31mnw[0m[47;31mrw[0m 1
  a b c d e f g h 
3229009034
b1 -> a3 legal
b1 -> c3 legal
g1 -> f3 legal
g1 -> h3 legal
a2 -> a3 legal
a2 -> a4 legal
b2 -> b3 legal
b2 -> b4 legal
c2 -> c3 legal
c2 -> c4 legal
d2 -> d3 legal
d2 -> d4 legal
e2 -> e3 legal
e2 -> e4 legal
f2 -> f3 legal
f2 -> f4 legal
g2 -> g3 legal
g2 -> g4 legal
h2 -> h3 legal
h2 -> h4 legal
  a b c d e f g h 
8 [47;31mrb[0m[40;31mnb[0m[47;31mbb[0m[40;31mqb[0m[47;31mkb[0m[40;31mbb[0m[47;31mnb[0m[40;31mrb[0m 8
7 [40;31mpb[0m[47;31mpb[0m[40;31mpb[0m[47;31mpb[0m[40;31mpb[0m[47;31mpb[0m[40;31mpb[0m[47;31mpb[0m 7
6 [47;31m  [0m[40;31m  [0m[47;31m  [0m[40;31m  [0m[47;31m  [0m[40;31m  [0m[47;31m  [0m[40;31m  [0m 6
5 [40;31m  [0m[47;31m  [0m[40;31m  [0m[47;31m  [0m[40;31m  [0m[47;31m  [0m[40;31m  [0m[47;31m  [0m 5
4 [47;31m  [0m[40;31m  [0m[47;31m  [0m[40;31m  [0m[47;31m  [0m[40;31m  [0m[47;31m  [0m[40;31m  [0m 4
3 [40;31m  [0m[47;31m  [0m[40;31m  [0m[47;31m  [0m[40;31m  [0m[47;31m  [0m[40;31m  [0m[47;31m  [0m 3
2 [47;31mpw[0m[40;31mpw[0m[47;31mpw[0m[40;31mpw[0m[47;31mpw[0m[40;31mpw[0m[47;31mpw[0m[40;31mpw[0m 2
1 [40;31mrw[0m[47;31mnw[0m[40;31mbw[0m[47;31mqw[0m[40;31mkw[0m[47;31mbw[0m[40;31mnw[0m[47;31mrw[0m 1
  a b c d e f g h 
3229009034
c2 -> c4   0
c2c4
[32;1m[Game] [0mPlayer's error code: 0
[32;1m[Game] [0mChecking move validity...
[32;1m[Board] [0mInitializing board...
[32;1m[Board] [0mLoading history file `championship/awesome-chess-ai-chess_and_the_city/history.csv`...
[32;1m[Board] [0mLoaded 0 move(s).
[32;1m[Board] [0mLoading move file `championship/awesome-chess-ai-chess_and_the_city/move.csv`...
[32;1m[Board] [0mWhite player is playing c2 to c4.
[32;1m[Board] [0m
[32;1m[Board] [0m    a b c d e f g h 
[32;1m[Board] [0m  -------------------
[32;1m[Board] [0m8 ||[30;1mr[0m|[30;1mk[0m|[30;1mb[0m|[30;1mQ[0m|[30;1mK[0m|[30;1mb[0m|[30;1mk[0m|[30;1mr[0m|| 8
[32;1m[Board] [0m  -------------------
[32;1m[Board] [0m7 ||[30;1mp[0m|[30;1mp[0m|[30;1mp[0m|[30;1mp[0m|[30;1mp[0m|[30;1mp[0m|[30;1mp[0m|[30;1mp[0m|| 7
[32;1m[Board] [0m  -------------------
[32;1m[Board] [0m6 ||[7;1m [0m| |[7;1m [0m| |[7;1m [0m| |[7;1m [0m| || 6
[32;1m[Board] [0m  -------------------
[32;1m[Board] [0m5 || |[7;1m [0m| |[7;1m [0m| |[7;1m [0m| |[7;1m [0m|| 5
[32;1m[Board] [0m  -------------------
[32;1m[Board] [0m4 ||[7;1m [0m| |[0;1mp[0m| |[7;1m [0m| |[7;1m [0m| || 4
[32;1m[Board] [0m  -------------------
[32;1m[Board] [0m3 || |[7;1m [0m| |[7;1m [0m| |[7;1m [0m| |[7;1m [0m|| 3
[32;1m[Board] [0m  -------------------
[32;1m[Board] [0m2 ||[0;1mp[0m|[0;1mp[0m|[7;1m [0m|[0;1mp[0m|[0;1mp[0m|[0;1mp[0m|[0;1mp[0m|[0;1mp[0m|| 2
[32;1m[Board] [0m  -------------------
[32;1m[Board] [0m1 ||[0;1mr[0m|[0;1mk[0m|[0;1mb[0m|[0;1mQ[0m|[0;1mK[0m|[0;1mb[0m|[0;1mk[0m|[0;1mr[0m|| 1
[32;1m[Board] [0m  -------------------
[32;1m[Board] [0m    a b c d e f g h
[32;1m[Board] [0m
[32;1m[Referee] [0mThis is the turn of the Black player...
--------------------
8| r h b q k b h r |
7| p p p p p p p p |
6| . . . . . . . . |
5| . . . . . . . . |
4| . . . . . . . . |
3| . . . . . . . . |
2| P P P P P P P P |
1| R H B Q K B H R |
--------------------
   a b c d e f g h
--------------------
8| r h b q k b h r |
7| p p p p p p p p |
6| . . . . . . . . |
5| . . . . . . . . |
4| . . P . . . . . |
3| . . . . . . . . |
2| P P . P P P P P |
1| R H B Q K B H R |
--------------------
   a b c d e f g h
In find bet move
Move: horse from b1 to c3
Move: horse from b1 to a3
Move: queen from d1 to c2
Move: queen from d1 to b3
Move: queen from d1 to a4
Move: horse from g1 to h3
Move: horse from g1 to f3
Move: pawn from a2 to a3
Move: pawn from a2 to a4
Move: pawn from b2 to b3
Move: pawn from b2 to b4
Move: pawn from c4 to c5
Move: pawn from d2 to d3
Move: pawn from d2 to d4
Move: pawn from e2 to e3
Move: pawn from e2 to e4
Move: pawn from f2 to f3
Move: pawn from f2 to f4
Move: pawn from g2 to g3
Move: pawn from g2 to g4
Move: pawn from h2 to h3
Move: pawn from h2 to h4
Best move: d1 to c2
Out
--------------------
8| r h b q k b h r |
7| p p p p p p p p |
6| . . . . . . . . |
5| . . . . . . . . |
4| . . P . . . . . |
3| . . . . . . . . |
2| P P Q P P P P P |
1| R H B . K B H R |
--------------------
   a b c d e f g h
[32;1m[Game] [0mPlayer's error code: 0
[32;1m[Game] [0mChecking move validity...
[32;1m[Board] [0mInitializing board...
[32;1m[Board] [0mLoading history file `championship/awesome-chess-ai-chess_and_the_city/history.csv`...
[32;1m[Board] [0mLoaded 1 move(s).
[32;1m[Board] [0mLoading move file `championship/awesome-chess-ai-chess_and_the_city/move.csv`...
[32;1m[Board] [0mBlack player is playing d1 to c2.
[32;1m[Board] [0m[31;1m[ERROR][0m Move source (d1) contains an opponent's piece :(
[32;1m[Referee] [0mInvalid move (code: -4) :(
[32;1m[Game] [0mBlack player has lost on illegal move.
