[32;1m[Board] [0mInitializing board...
[32;1m[Board] [0m
[32;1m[Board] [0m    a b c d e f g h 
[32;1m[Board] [0m  -------------------
[32;1m[Board] [0m8 ||[30;1mr[0m|[30;1mk[0m|[30;1mb[0m|[30;1mQ[0m|[30;1mK[0m|[30;1mb[0m|[30;1mk[0m|[30;1mr[0m|| 8
[32;1m[Board] [0m  -------------------
[32;1m[Board] [0m7 ||[30;1mp[0m|[30;1mp[0m|[30;1mp[0m|[30;1mp[0m|[30;1mp[0m|[30;1mp[0m|[30;1mp[0m|[30;1mp[0m|| 7
[32;1m[Board] [0m  -------------------
[32;1m[Board] [0m6 ||[7;1m [0m| |[7;1m [0m| |[7;1m [0m| |[7;1m [0m| || 6
[32;1m[Board] [0m  -------------------
[32;1m[Board] [0m5 || |[7;1m [0m| |[7;1m [0m| |[7;1m [0m| |[7;1m [0m|| 5
[32;1m[Board] [0m  -------------------
[32;1m[Board] [0m4 ||[7;1m [0m| |[7;1m [0m| |[7;1m [0m| |[7;1m [0m| || 4
[32;1m[Board] [0m  -------------------
[32;1m[Board] [0m3 || |[7;1m [0m| |[7;1m [0m| |[7;1m [0m| |[7;1m [0m|| 3
[32;1m[Board] [0m  -------------------
[32;1m[Board] [0m2 ||[0;1mp[0m|[0;1mp[0m|[0;1mp[0m|[0;1mp[0m|[0;1mp[0m|[0;1mp[0m|[0;1mp[0m|[0;1mp[0m|| 2
[32;1m[Board] [0m  -------------------
[32;1m[Board] [0m1 ||[0;1mr[0m|[0;1mk[0m|[0;1mb[0m|[0;1mQ[0m|[0;1mK[0m|[0;1mb[0m|[0;1mk[0m|[0;1mr[0m|| 1
[32;1m[Board] [0m  -------------------
[32;1m[Board] [0m    a b c d e f g h
[32;1m[Board] [0m
[32;1m[Referee] [0mThis is the turn of the White player...

    a   b   c   d   e   f   g   h 
8 | r | n | b | q | k | b | n | r  | 8
7 | p | p | p | p | p | p | p | p  | 7
6 |   |   |   |   |   |   |   |    | 6
5 |   |   |   |   |   |   |   |    | 5
4 |   |   |   |   |   |   |   |    | 4
3 |   |   |   |   |   |   |   |    | 3
2 | P | P | P | P | P | P | P | P  | 2
1 | R | N | B | Q | K | B | N | R  | 1
    a   b   c   d   e   f   g   h 

Checking sequence: 
Potential openings: e2e4 e2e4 d2d4 e2e4 e2e4 e2e4 e2e4 e2e4 e2e4 d2d4 
chose e2e4 from opening book, will only use if legal
Opening move is legal so will use it.
^ This is the 0 occurrence of this board layout.
v This is the 1 occurrence of this board layout.

    a   b   c   d   e   f   g   h 
8 | r | n | b | q | k | b | n | r  | 8
7 | p | p | p | p | p | p | p | p  | 7
6 |   |   |   |   |   |   |   |    | 6
5 |   |   |   |   |   |   |   |    | 5
4 |   |   |   |   |   | P |   |    | 4
3 |   |   |   |   |   |   |   |    | 3
2 | P | P | P | P | P |   | P | P  | 2
1 | R | N | B | Q | K | B | N | R  | 1
    a   b   c   d   e   f   g   h 

[32;1m[Game] [0mPlayer's error code: 0
[32;1m[Game] [0mChecking move validity...
[32;1m[Board] [0mInitializing board...
[32;1m[Board] [0mLoading history file `championship/git-gambit-logic-and-proofs/history.csv`...
[32;1m[Board] [0mLoaded 0 move(s).
[32;1m[Board] [0mLoading move file `championship/git-gambit-logic-and-proofs/move.csv`...
[32;1m[Board] [0mWhite player is playing f2 to f4.
[32;1m[Board] [0m
[32;1m[Board] [0m    a b c d e f g h 
[32;1m[Board] [0m  -------------------
[32;1m[Board] [0m8 ||[30;1mr[0m|[30;1mk[0m|[30;1mb[0m|[30;1mQ[0m|[30;1mK[0m|[30;1mb[0m|[30;1mk[0m|[30;1mr[0m|| 8
[32;1m[Board] [0m  -------------------
[32;1m[Board] [0m7 ||[30;1mp[0m|[30;1mp[0m|[30;1mp[0m|[30;1mp[0m|[30;1mp[0m|[30;1mp[0m|[30;1mp[0m|[30;1mp[0m|| 7
[32;1m[Board] [0m  -------------------
[32;1m[Board] [0m6 ||[7;1m [0m| |[7;1m [0m| |[7;1m [0m| |[7;1m [0m| || 6
[32;1m[Board] [0m  -------------------
[32;1m[Board] [0m5 || |[7;1m [0m| |[7;1m [0m| |[7;1m [0m| |[7;1m [0m|| 5
[32;1m[Board] [0m  -------------------
[32;1m[Board] [0m4 ||[7;1m [0m| |[7;1m [0m| |[7;1m [0m|[0;1mp[0m|[7;1m [0m| || 4
[32;1m[Board] [0m  -------------------
[32;1m[Board] [0m3 || |[7;1m [0m| |[7;1m [0m| |[7;1m [0m| |[7;1m [0m|| 3
[32;1m[Board] [0m  -------------------
[32;1m[Board] [0m2 ||[0;1mp[0m|[0;1mp[0m|[0;1mp[0m|[0;1mp[0m|[0;1mp[0m| |[0;1mp[0m|[0;1mp[0m|| 2
[32;1m[Board] [0m  -------------------
[32;1m[Board] [0m1 ||[0;1mr[0m|[0;1mk[0m|[0;1mb[0m|[0;1mQ[0m|[0;1mK[0m|[0;1mb[0m|[0;1mk[0m|[0;1mr[0m|| 1
[32;1m[Board] [0m  -------------------
[32;1m[Board] [0m    a b c d e f g h
[32;1m[Board] [0m
[32;1m[Referee] [0mThis is the turn of the Black player...
Error : can't load the file openings.txt
[DEBUG] Input history filename: championship/git-gambit-logic-and-proofs/history.csv
[DEBUG] Output move file: championship/git-gambit-logic-and-proofs/move.csv
[Parser][ply=] 1
how i see the board before writing next move: Turn: Black
Enpassant: f3	Castling: WK WQ BK BQ 
   ---- ---- ---- ---- ---- ---- ---- ----
8 | r  | n  | b  | q  | k  | b  | n  | r  |
   ---- ---- ---- ---- ---- ---- ---- ----
7 | p  | p  | p  | p  | p  | p  | p  | p  |
   ---- ---- ---- ---- ---- ---- ---- ----
6 |    |    |    |    |    |    |    |    |
   ---- ---- ---- ---- ---- ---- ---- ----
5 |    |    |    |    |    |    |    |    |
   ---- ---- ---- ---- ---- ---- ---- ----
4 |    |    |    |    |    | P  |    |    |
   ---- ---- ---- ---- ---- ---- ---- ----
3 |    |    |    |    |    |    |    |    |
   ---- ---- ---- ---- ---- ---- ---- ----
2 | P  | P  | P  | P  | P  |    | P  | P  |
   ---- ---- ---- ---- ---- ---- ---- ----
1 | R  | N  | B  | Q  | K  | B  | N  | R  |
   ---- ---- ---- ---- ---- ---- ---- ----
    a    b    c    d    e    f    g    h
starting search...
depth: 1 score: -33 time: 0 nodes: 40 hashfull: 0
depth: 2 score: -69 time: 0 nodes: 366 hashfull: 0
depth: 3 score: -36 time: 0 nodes: 995 hashfull: 0
depth: 4 score: -71 time: 2 nodes: 2605 hashfull: 0
depth: 5 score: -37 time: 6 nodes: 7895 hashfull: 0
depth: 6 score: -72 time: 62 nodes: 56391 hashfull: 2
depth: 7 score: -45 time: 59 nodes: 102660 hashfull: 4
depth: 8 score: -59 time: 589 nodes: 519858 hashfull: 20
depth: 9 score: -56 time: 1447 nodes: 1424115 hashfull: 51
depth: 10 score: -51 time: 1848 nodes: 2585406 hashfull: 85
[DEBUG] [Parser] Wrote to ouput file championship/git-gambit-logic-and-proofs/move.csv move : b8c6
[32;1m[Game] [0mPlayer's error code: 0
[32;1m[Game] [0mChecking move validity...
[32;1m[Board] [0mInitializing board...
[32;1m[Board] [0mLoading history file `championship/git-gambit-logic-and-proofs/history.csv`...
[32;1m[Board] [0mLoaded 1 move(s).
[32;1m[Board] [0mLoading move file `championship/git-gambit-logic-and-proofs/move.csv`...
[32;1m[Board] [0mBlack player is playing b8 to c6.
[32;1m[Board] [0m
[32;1m[Board] [0m    a b c d e f g h 
[32;1m[Board] [0m  -------------------
[32;1m[Board] [0m8 ||[30;1mr[0m| |[30;1mb[0m|[30;1mQ[0m|[30;1mK[0m|[30;1mb[0m|[30;1mk[0m|[30;1mr[0m|| 8
[32;1m[Board] [0m  -------------------
[32;1m[Board] [0m7 ||[30;1mp[0m|[30;1mp[0m|[30;1mp[0m|[30;1mp[0m|[30;1mp[0m|[30;1mp[0m|[30;1mp[0m|[30;1mp[0m|| 7
[32;1m[Board] [0m  -------------------
[32;1m[Board] [0m6 ||[7;1m [0m| |[30;1mk[0m| |[7;1m [0m| |[7;1m [0m| || 6
[32;1m[Board] [0m  -------------------
[32;1m[Board] [0m5 || |[7;1m [0m| |[7;1m [0m| |[7;1m [0m| |[7;1m [0m|| 5
[32;1m[Board] [0m  -------------------
[32;1m[Board] [0m4 ||[7;1m [0m| |[7;1m [0m| |[7;1m [0m|[0;1mp[0m|[7;1m [0m| || 4
[32;1m[Board] [0m  -------------------
[32;1m[Board] [0m3 || |[7;1m [0m| |[7;1m [0m| |[7;1m [0m| |[7;1m [0m|| 3
[32;1m[Board] [0m  -------------------
[32;1m[Board] [0m2 ||[0;1mp[0m|[0;1mp[0m|[0;1mp[0m|[0;1mp[0m|[0;1mp[0m| |[0;1mp[0m|[0;1mp[0m|| 2
[32;1m[Board] [0m  -------------------
[32;1m[Board] [0m1 ||[0;1mr[0m|[0;1mk[0m|[0;1mb[0m|[0;1mQ[0m|[0;1mK[0m|[0;1mb[0m|[0;1mk[0m|[0;1mr[0m|| 1
[32;1m[Board] [0m  -------------------
[32;1m[Board] [0m    a b c d e f g h
[32;1m[Board] [0m
[32;1m[Referee] [0mThis is the turn of the White player...

    a   b   c   d   e   f   g   h 
8 | r |   | b | q | k | b | n | r  | 8
7 | p | p | p | p | p | p | p | p  | 7
6 |   |   | n |   |   |   |   |    | 6
5 |   |   |   |   |   |   |   |    | 5
4 |   |   |   |   |   | P |   |    | 4
3 |   |   |   |   |   |   |   |    | 3
2 | P | P | P | P | P |   | P | P  | 2
1 | R | N | B | Q | K | B | N | R  | 1
    a   b   c   d   e   f   g   h 

Checking sequence: ,f2f4,b8c6
Potential openings: 
history does not match an opening
^ This is the 1 occurrence of this board layout.
v This is the 1 occurrence of this board layout.

    a   b   c   d   e   f   g   h 
8 | r |   | b | q | k | b | n | r  | 8
7 | p | p | p | p | p | p | p | p  | 7
6 |   |   | n |   |   |   |   |    | 6
5 |   |   |   |   |   |   |   |    | 5
4 |   |   |   |   |   | P |   |    | 4
3 |   | P |   |   |   |   |   |    | 3
2 | P |   | P | P | P |   | P | P  | 2
1 | R | N | B | Q | K | B | N | R  | 1
    a   b   c   d   e   f   g   h 

[32;1m[Game] [0mPlayer's error code: 0
[32;1m[Game] [0mChecking move validity...
[32;1m[Board] [0mInitializing board...
[32;1m[Board] [0mLoading history file `championship/git-gambit-logic-and-proofs/history.csv`...
[32;1m[Board] [0mLoaded 2 move(s).
[32;1m[Board] [0mLoading move file `championship/git-gambit-logic-and-proofs/move.csv`...
[32;1m[Board] [0mWhite player is playing b2 to b3.
[32;1m[Board] [0m
[32;1m[Board] [0m    a b c d e f g h 
[32;1m[Board] [0m  -------------------
[32;1m[Board] [0m8 ||[30;1mr[0m| |[30;1mb[0m|[30;1mQ[0m|[30;1mK[0m|[30;1mb[0m|[30;1mk[0m|[30;1mr[0m|| 8
[32;1m[Board] [0m  -------------------
[32;1m[Board] [0m7 ||[30;1mp[0m|[30;1mp[0m|[30;1mp[0m|[30;1mp[0m|[30;1mp[0m|[30;1mp[0m|[30;1mp[0m|[30;1mp[0m|| 7
[32;1m[Board] [0m  -------------------
[32;1m[Board] [0m6 ||[7;1m [0m| |[30;1mk[0m| |[7;1m [0m| |[7;1m [0m| || 6
[32;1m[Board] [0m  -------------------
[32;1m[Board] [0m5 || |[7;1m [0m| |[7;1m [0m| |[7;1m [0m| |[7;1m [0m|| 5
[32;1m[Board] [0m  -------------------
[32;1m[Board] [0m4 ||[7;1m [0m| |[7;1m [0m| |[7;1m [0m|[0;1mp[0m|[7;1m [0m| || 4
[32;1m[Board] [0m  -------------------
[32;1m[Board] [0m3 || |[0;1mp[0m| |[7;1m [0m| |[7;1m [0m| |[7;1m [0m|| 3
[32;1m[Board] [0m  -------------------
[32;1m[Board] [0m2 ||[0;1mp[0m| |[0;1mp[0m|[0;1mp[0m|[0;1mp[0m| |[0;1mp[0m|[0;1mp[0m|| 2
[32;1m[Board] [0m  -------------------
[32;1m[Board] [0m1 ||[0;1mr[0m|[0;1mk[0m|[0;1mb[0m|[0;1mQ[0m|[0;1mK[0m|[0;1mb[0m|[0;1mk[0m|[0;1mr[0m|| 1
[32;1m[Board] [0m  -------------------
[32;1m[Board] [0m    a b c d e f g h
[32;1m[Board] [0m
[32;1m[Referee] [0mThis is the turn of the Black player...
Error : can't load the file openings.txt
[DEBUG] Input history filename: championship/git-gambit-logic-and-proofs/history.csv
[DEBUG] Output move file: championship/git-gambit-logic-and-proofs/move.csv
[Parser][ply=] 3
how i see the board before writing next move: Turn: Black
Enpassant: xx	Castling: WK WQ BK BQ 
   ---- ---- ---- ---- ---- ---- ---- ----
8 | r  |    | b  | q  | k  | b  | n  | r  |
   ---- ---- ---- ---- ---- ---- ---- ----
7 | p  | p  | p  | p  | p  | p  | p  | p  |
   ---- ---- ---- ---- ---- ---- ---- ----
6 |    |    | n  |    |    |    |    |    |
   ---- ---- ---- ---- ---- ---- ---- ----
5 |    |    |    |    |    |    |    |    |
   ---- ---- ---- ---- ---- ---- ---- ----
4 |    |    |    |    |    | P  |    |    |
   ---- ---- ---- ---- ---- ---- ---- ----
3 |    | P  |    |    |    |    |    |    |
   ---- ---- ---- ---- ---- ---- ---- ----
2 | P  |    | P  | P  | P  |    | P  | P  |
   ---- ---- ---- ---- ---- ---- ---- ----
1 | R  | N  | B  | Q  | K  | B  | N  | R  |
   ---- ---- ---- ---- ---- ---- ---- ----
    a    b    c    d    e    f    g    h
starting search...
depth: 1 score: 3 time: 0 nodes: 48 hashfull: 0
depth: 2 score: -13 time: 0 nodes: 499 hashfull: 0
depth: 3 score: -5 time: 1 nodes: 1179 hashfull: 0
depth: 4 score: -27 time: 5 nodes: 4765 hashfull: 0
depth: 5 score: -7 time: 23 nodes: 19200 hashfull: 0
depth: 6 score: -24 time: 46 nodes: 49387 hashfull: 1
depth: 7 score: -19 time: 325 nodes: 253910 hashfull: 8
depth: 8 score: 4 time: 598 nodes: 696025 hashfull: 21
depth: 9 score: 4 time: 1023 nodes: 1502536 hashfull: 49
depth: 10 score: 22 time: 2955 nodes: 3772052 hashfull: 110
[DEBUG] [Parser] Wrote to ouput file championship/git-gambit-logic-and-proofs/move.csv move : g8f6
[32;1m[Game] [0mPlayer's error code: 0
[32;1m[Game] [0mChecking move validity...
[32;1m[Board] [0mInitializing board...
[32;1m[Board] [0mLoading history file `championship/git-gambit-logic-and-proofs/history.csv`...
[32;1m[Board] [0mLoaded 3 move(s).
[32;1m[Board] [0mLoading move file `championship/git-gambit-logic-and-proofs/move.csv`...
[32;1m[Board] [0mBlack player is playing g8 to f6.
[32;1m[Board] [0m
[32;1m[Board] [0m    a b c d e f g h 
[32;1m[Board] [0m  -------------------
[32;1m[Board] [0m8 ||[30;1mr[0m| |[30;1mb[0m|[30;1mQ[0m|[30;1mK[0m|[30;1mb[0m|[7;1m [0m|[30;1mr[0m|| 8
[32;1m[Board] [0m  -------------------
[32;1m[Board] [0m7 ||[30;1mp[0m|[30;1mp[0m|[30;1mp[0m|[30;1mp[0m|[30;1mp[0m|[30;1mp[0m|[30;1mp[0m|[30;1mp[0m|| 7
[32;1m[Board] [0m  -------------------
[32;1m[Board] [0m6 ||[7;1m [0m| |[30;1mk[0m| |[7;1m [0m|[30;1mk[0m|[7;1m [0m| || 6
[32;1m[Board] [0m  -------------------
[32;1m[Board] [0m5 || |[7;1m [0m| |[7;1m [0m| |[7;1m [0m| |[7;1m [0m|| 5
[32;1m[Board] [0m  -------------------
[32;1m[Board] [0m4 ||[7;1m [0m| |[7;1m [0m| |[7;1m [0m|[0;1mp[0m|[7;1m [0m| || 4
[32;1m[Board] [0m  -------------------
[32;1m[Board] [0m3 || |[0;1mp[0m| |[7;1m [0m| |[7;1m [0m| |[7;1m [0m|| 3
[32;1m[Board] [0m  -------------------
[32;1m[Board] [0m2 ||[0;1mp[0m| |[0;1mp[0m|[0;1mp[0m|[0;1mp[0m| |[0;1mp[0m|[0;1mp[0m|| 2
[32;1m[Board] [0m  -------------------
[32;1m[Board] [0m1 ||[0;1mr[0m|[0;1mk[0m|[0;1mb[0m|[0;1mQ[0m|[0;1mK[0m|[0;1mb[0m|[0;1mk[0m|[0;1mr[0m|| 1
[32;1m[Board] [0m  -------------------
[32;1m[Board] [0m    a b c d e f g h
[32;1m[Board] [0m
[32;1m[Referee] [0mThis is the turn of the White player...

    a   b   c   d   e   f   g   h 
8 | r |   | b | q | k | b |   | r  | 8
7 | p | p | p | p | p | p | p | p  | 7
6 |   |   | n |   |   | n |   |    | 6
5 |   |   |   |   |   |   |   |    | 5
4 |   |   |   |   |   | P |   |    | 4
3 |   | P |   |   |   |   |   |    | 3
2 | P |   | P | P | P |   | P | P  | 2
1 | R | N | B | Q | K | B | N | R  | 1
    a   b   c   d   e   f   g   h 

Checking sequence: ,f2f4,b8c6,b2b3,g8f6
Potential openings: 
history does not match an opening
^ This is the 1 occurrence of this board layout.
v This is the 1 occurrence of this board layout.

    a   b   c   d   e   f   g   h 
8 | r |   | b | q | k | b |   | r  | 8
7 | p | p | p | p | p | p | p | p  | 7
6 |   |   | n |   |   | n |   |    | 6
5 |   |   |   |   |   |   |   |    | 5
4 |   |   |   |   |   | P |   |    | 4
3 | N | P |   |   |   |   |   |    | 3
2 | P |   | P | P | P |   | P | P  | 2
1 | R |   | B | Q | K | B | N | R  | 1
    a   b   c   d   e   f   g   h 

[32;1m[Game] [0mPlayer's error code: 0
[32;1m[Game] [0mChecking move validity...
[32;1m[Board] [0mInitializing board...
[32;1m[Board] [0mLoading history file `championship/git-gambit-logic-and-proofs/history.csv`...
[32;1m[Board] [0mLoaded 4 move(s).
[32;1m[Board] [0mLoading move file `championship/git-gambit-logic-and-proofs/move.csv`...
[32;1m[Board] [0mWhite player is playing b1 to a3.
[32;1m[Board] [0m
[32;1m[Board] [0m    a b c d e f g h 
[32;1m[Board] [0m  -------------------
[32;1m[Board] [0m8 ||[30;1mr[0m| |[30;1mb[0m|[30;1mQ[0m|[30;1mK[0m|[30;1mb[0m|[7;1m [0m|[30;1mr[0m|| 8
[32;1m[Board] [0m  -------------------
[32;1m[Board] [0m7 ||[30;1mp[0m|[30;1mp[0m|[30;1mp[0m|[30;1mp[0m|[30;1mp[0m|[30;1mp[0m|[30;1mp[0m|[30;1mp[0m|| 7
[32;1m[Board] [0m  -------------------
[32;1m[Board] [0m6 ||[7;1m [0m| |[30;1mk[0m| |[7;1m [0m|[30;1mk[0m|[7;1m [0m| || 6
[32;1m[Board] [0m  -------------------
[32;1m[Board] [0m5 || |[7;1m [0m| |[7;1m [0m| |[7;1m [0m| |[7;1m [0m|| 5
[32;1m[Board] [0m  -------------------
[32;1m[Board] [0m4 ||[7;1m [0m| |[7;1m [0m| |[7;1m [0m|[0;1mp[0m|[7;1m [0m| || 4
[32;1m[Board] [0m  -------------------
[32;1m[Board] [0m3 ||[0;1mk[0m|[0;1mp[0m| |[7;1m [0m| |[7;1m [0m| |[7;1m [0m|| 3
[32;1m[Board] [0m  -------------------
[32;1m[Board] [0m2 ||[0;1mp[0m| |[0;1mp[0m|[0;1mp[0m|[0;1mp[0m| |[0;1mp[0m|[0;1mp[0m|| 2
[32;1m[Board] [0m  -------------------
[32;1m[Board] [0m1 ||[0;1mr[0m|[7;1m [0m|[0;1mb[0m|[0;1mQ[0m|[0;1mK[0m|[0;1mb[0m|[0;1mk[0m|[0;1mr[0m|| 1
[32;1m[Board] [0m  -------------------
[32;1m[Board] [0m    a b c d e f g h
[32;1m[Board] [0m
[32;1m[Referee] [0mThis is the turn of the Black player...
Error : can't load the file openings.txt
[DEBUG] Input history filename: championship/git-gambit-logic-and-proofs/history.csv
[DEBUG] Output move file: championship/git-gambit-logic-and-proofs/move.csv
[Parser][ply=] 5
how i see the board before writing next move: Turn: Black
Enpassant: xx	Castling: WK WQ BK BQ 
   ---- ---- ---- ---- ---- ---- ---- ----
8 | r  |    | b  | q  | k  | b  |    | r  |
   ---- ---- ---- ---- ---- ---- ---- ----
7 | p  | p  | p  | p  | p  | p  | p  | p  |
   ---- ---- ---- ---- ---- ---- ---- ----
6 |    |    | n  |    |    | n  |    |    |
   ---- ---- ---- ---- ---- ---- ---- ----
5 |    |    |    |    |    |    |    |    |
   ---- ---- ---- ---- ---- ---- ---- ----
4 |    |    |    |    |    | P  |    |    |
   ---- ---- ---- ---- ---- ---- ---- ----
3 | N  | P  |    |    |    |    |    |    |
   ---- ---- ---- ---- ---- ---- ---- ----
2 | P  |    | P  | P  | P  |    | P  | P  |
   ---- ---- ---- ---- ---- ---- ---- ----
1 | R  |    | B  | Q  | K  | B  | N  | R  |
   ---- ---- ---- ---- ---- ---- ---- ----
    a    b    c    d    e    f    g    h
starting search...
depth: 1 score: 46 time: 0 nodes: 48 hashfull: 0
depth: 2 score: 22 time: 1 nodes: 697 hashfull: 0
depth: 3 score: 30 time: 1 nodes: 1561 hashfull: 0
depth: 4 score: 23 time: 6 nodes: 5503 hashfull: 0
depth: 5 score: 27 time: 41 nodes: 30619 hashfull: 0
depth: 6 score: 53 time: 94 nodes: 88260 hashfull: 2
depth: 7 score: 61 time: 172 nodes: 191818 hashfull: 5
depth: 8 score: 44 time: 324 nodes: 388995 hashfull: 10
depth: 9 score: 57 time: 1508 nodes: 1344557 hashfull: 42
depth: 10 score: 57 time: 2922 nodes: 3152320 hashfull: 87
[DEBUG] [Parser] Wrote to ouput file championship/git-gambit-logic-and-proofs/move.csv move : e7e6
[32;1m[Game] [0mPlayer's error code: 0
[32;1m[Game] [0mChecking move validity...
[32;1m[Board] [0mInitializing board...
[32;1m[Board] [0mLoading history file `championship/git-gambit-logic-and-proofs/history.csv`...
[32;1m[Board] [0mLoaded 5 move(s).
[32;1m[Board] [0mLoading move file `championship/git-gambit-logic-and-proofs/move.csv`...
[32;1m[Board] [0mBlack player is playing e7 to e6.
[32;1m[Board] [0m
[32;1m[Board] [0m    a b c d e f g h 
[32;1m[Board] [0m  -------------------
[32;1m[Board] [0m8 ||[30;1mr[0m| |[30;1mb[0m|[30;1mQ[0m|[30;1mK[0m|[30;1mb[0m|[7;1m [0m|[30;1mr[0m|| 8
[32;1m[Board] [0m  -------------------
[32;1m[Board] [0m7 ||[30;1mp[0m|[30;1mp[0m|[30;1mp[0m|[30;1mp[0m| |[30;1mp[0m|[30;1mp[0m|[30;1mp[0m|| 7
[32;1m[Board] [0m  -------------------
[32;1m[Board] [0m6 ||[7;1m [0m| |[30;1mk[0m| |[30;1mp[0m|[30;1mk[0m|[7;1m [0m| || 6
[32;1m[Board] [0m  -------------------
[32;1m[Board] [0m5 || |[7;1m [0m| |[7;1m [0m| |[7;1m [0m| |[7;1m [0m|| 5
[32;1m[Board] [0m  -------------------
[32;1m[Board] [0m4 ||[7;1m [0m| |[7;1m [0m| |[7;1m [0m|[0;1mp[0m|[7;1m [0m| || 4
[32;1m[Board] [0m  -------------------
[32;1m[Board] [0m3 ||[0;1mk[0m|[0;1mp[0m| |[7;1m [0m| |[7;1m [0m| |[7;1m [0m|| 3
[32;1m[Board] [0m  -------------------
[32;1m[Board] [0m2 ||[0;1mp[0m| |[0;1mp[0m|[0;1mp[0m|[0;1mp[0m| |[0;1mp[0m|[0;1mp[0m|| 2
[32;1m[Board] [0m  -------------------
[32;1m[Board] [0m1 ||[0;1mr[0m|[7;1m [0m|[0;1mb[0m|[0;1mQ[0m|[0;1mK[0m|[0;1mb[0m|[0;1mk[0m|[0;1mr[0m|| 1
[32;1m[Board] [0m  -------------------
[32;1m[Board] [0m    a b c d e f g h
[32;1m[Board] [0m
[32;1m[Referee] [0mThis is the turn of the White player...

    a   b   c   d   e   f   g   h 
8 | r |   | b | q | k | b |   | r  | 8
7 | p | p | p | p |   | p | p | p  | 7
6 |   |   | n |   | p | n |   |    | 6
5 |   |   |   |   |   |   |   |    | 5
4 |   |   |   |   |   | P |   |    | 4
3 | N | P |   |   |   |   |   |    | 3
2 | P |   | P | P | P |   | P | P  | 2
1 | R |   | B | Q | K | B | N | R  | 1
    a   b   c   d   e   f   g   h 

Checking sequence: ,f2f4,b8c6,b2b3,g8f6,b1a3,e7e6
Potential openings: 
history does not match an opening
^ This is the 1 occurrence of this board layout.
v This is the 1 occurrence of this board layout.

    a   b   c   d   e   f   g   h 
8 | r |   | b | q | k | b |   | r  | 8
7 | p | p | p | p |   | p | p | p  | 7
6 |   |   | n |   | p | n |   |    | 6
5 |   |   |   |   |   |   |   |    | 5
4 |   |   |   |   |   | P |   |    | 4
3 | N | P |   |   |   |   |   | N  | 3
2 | P |   | P | P | P |   | P | P  | 2
1 | R |   | B | Q | K | B |   | R  | 1
    a   b   c   d   e   f   g   h 

[32;1m[Game] [0mPlayer's error code: 0
[32;1m[Game] [0mChecking move validity...
[32;1m[Board] [0mInitializing board...
[32;1m[Board] [0mLoading history file `championship/git-gambit-logic-and-proofs/history.csv`...
[32;1m[Board] [0mLoaded 6 move(s).
[32;1m[Board] [0mLoading move file `championship/git-gambit-logic-and-proofs/move.csv`...
[32;1m[Board] [0mWhite player is playing g1 to h3.
[32;1m[Board] [0m
[32;1m[Board] [0m    a b c d e f g h 
[32;1m[Board] [0m  -------------------
[32;1m[Board] [0m8 ||[30;1mr[0m| |[30;1mb[0m|[30;1mQ[0m|[30;1mK[0m|[30;1mb[0m|[7;1m [0m|[30;1mr[0m|| 8
[32;1m[Board] [0m  -------------------
[32;1m[Board] [0m7 ||[30;1mp[0m|[30;1mp[0m|[30;1mp[0m|[30;1mp[0m| |[30;1mp[0m|[30;1mp[0m|[30;1mp[0m|| 7
[32;1m[Board] [0m  -------------------
[32;1m[Board] [0m6 ||[7;1m [0m| |[30;1mk[0m| |[30;1mp[0m|[30;1mk[0m|[7;1m [0m| || 6
[32;1m[Board] [0m  -------------------
[32;1m[Board] [0m5 || |[7;1m [0m| |[7;1m [0m| |[7;1m [0m| |[7;1m [0m|| 5
[32;1m[Board] [0m  -------------------
[32;1m[Board] [0m4 ||[7;1m [0m| |[7;1m [0m| |[7;1m [0m|[0;1mp[0m|[7;1m [0m| || 4
[32;1m[Board] [0m  -------------------
[32;1m[Board] [0m3 ||[0;1mk[0m|[0;1mp[0m| |[7;1m [0m| |[7;1m [0m| |[0;1mk[0m|| 3
[32;1m[Board] [0m  -------------------
[32;1m[Board] [0m2 ||[0;1mp[0m| |[0;1mp[0m|[0;1mp[0m|[0;1mp[0m| |[0;1mp[0m|[0;1mp[0m|| 2
[32;1m[Board] [0m  -------------------
[32;1m[Board] [0m1 ||[0;1mr[0m|[7;1m [0m|[0;1mb[0m|[0;1mQ[0m|[0;1mK[0m|[0;1mb[0m| |[0;1mr[0m|| 1
[32;1m[Board] [0m  -------------------
[32;1m[Board] [0m    a b c d e f g h
[32;1m[Board] [0m
[32;1m[Referee] [0mThis is the turn of the Black player...
Error : can't load the file openings.txt
[DEBUG] Input history filename: championship/git-gambit-logic-and-proofs/history.csv
[DEBUG] Output move file: championship/git-gambit-logic-and-proofs/move.csv
[Parser][ply=] 7
how i see the board before writing next move: Turn: Black
Enpassant: xx	Castling: WK WQ BK BQ 
   ---- ---- ---- ---- ---- ---- ---- ----
8 | r  |    | b  | q  | k  | b  |    | r  |
   ---- ---- ---- ---- ---- ---- ---- ----
7 | p  | p  | p  | p  |    | p  | p  | p  |
   ---- ---- ---- ---- ---- ---- ---- ----
6 |    |    | n  |    | p  | n  |    |    |
   ---- ---- ---- ---- ---- ---- ---- ----
5 |    |    |    |    |    |    |    |    |
   ---- ---- ---- ---- ---- ---- ---- ----
4 |    |    |    |    |    | P  |    |    |
   ---- ---- ---- ---- ---- ---- ---- ----
3 | N  | P  |    |    |    |    |    | N  |
   ---- ---- ---- ---- ---- ---- ---- ----
2 | P  |    | P  | P  | P  |    | P  | P  |
   ---- ---- ---- ---- ---- ---- ---- ----
1 | R  |    | B  | Q  | K  | B  |    | R  |
   ---- ---- ---- ---- ---- ---- ---- ----
    a    b    c    d    e    f    g    h
starting search...
depth: 1 score: 56 time: 0 nodes: 64 hashfull: 0
depth: 2 score: 111 time: 1 nodes: 1222 hashfull: 0
depth: 3 score: 111 time: 1 nodes: 2427 hashfull: 0
depth: 4 score: 76 time: 5 nodes: 6337 hashfull: 0
depth: 5 score: 89 time: 20 nodes: 20674 hashfull: 0
depth: 6 score: 89 time: 53 nodes: 60745 hashfull: 1
depth: 7 score: 101 time: 157 nodes: 177116 hashfull: 5
depth: 8 score: 90 time: 533 nodes: 583350 hashfull: 15
depth: 9 score: 76 time: 2319 nodes: 2353609 hashfull: 65
[DEBUG] [Parser] Wrote to ouput file championship/git-gambit-logic-and-proofs/move.csv move : f8c5
[32;1m[Game] [0mPlayer's error code: 0
[32;1m[Game] [0mChecking move validity...
[32;1m[Board] [0mInitializing board...
[32;1m[Board] [0mLoading history file `championship/git-gambit-logic-and-proofs/history.csv`...
[32;1m[Board] [0mLoaded 7 move(s).
[32;1m[Board] [0mLoading move file `championship/git-gambit-logic-and-proofs/move.csv`...
[32;1m[Board] [0mBlack player is playing f8 to c5.
[32;1m[Board] [0m
[32;1m[Board] [0m    a b c d e f g h 
[32;1m[Board] [0m  -------------------
[32;1m[Board] [0m8 ||[30;1mr[0m| |[30;1mb[0m|[30;1mQ[0m|[30;1mK[0m| |[7;1m [0m|[30;1mr[0m|| 8
[32;1m[Board] [0m  -------------------
[32;1m[Board] [0m7 ||[30;1mp[0m|[30;1mp[0m|[30;1mp[0m|[30;1mp[0m| |[30;1mp[0m|[30;1mp[0m|[30;1mp[0m|| 7
[32;1m[Board] [0m  -------------------
[32;1m[Board] [0m6 ||[7;1m [0m| |[30;1mk[0m| |[30;1mp[0m|[30;1mk[0m|[7;1m [0m| || 6
[32;1m[Board] [0m  -------------------
[32;1m[Board] [0m5 || |[7;1m [0m|[30;1mb[0m|[7;1m [0m| |[7;1m [0m| |[7;1m [0m|| 5
[32;1m[Board] [0m  -------------------
[32;1m[Board] [0m4 ||[7;1m [0m| |[7;1m [0m| |[7;1m [0m|[0;1mp[0m|[7;1m [0m| || 4
[32;1m[Board] [0m  -------------------
[32;1m[Board] [0m3 ||[0;1mk[0m|[0;1mp[0m| |[7;1m [0m| |[7;1m [0m| |[0;1mk[0m|| 3
[32;1m[Board] [0m  -------------------
[32;1m[Board] [0m2 ||[0;1mp[0m| |[0;1mp[0m|[0;1mp[0m|[0;1mp[0m| |[0;1mp[0m|[0;1mp[0m|| 2
[32;1m[Board] [0m  -------------------
[32;1m[Board] [0m1 ||[0;1mr[0m|[7;1m [0m|[0;1mb[0m|[0;1mQ[0m|[0;1mK[0m|[0;1mb[0m| |[0;1mr[0m|| 1
[32;1m[Board] [0m  -------------------
[32;1m[Board] [0m    a b c d e f g h
[32;1m[Board] [0m
[32;1m[Referee] [0mThis is the turn of the White player...

    a   b   c   d   e   f   g   h 
8 | r |   | b | q | k |   |   | r  | 8
7 | p | p | p | p |   | p | p | p  | 7
6 |   |   | n |   | p | n |   |    | 6
5 |   |   | b |   |   |   |   |    | 5
4 |   |   |   |   |   | P |   |    | 4
3 | N | P |   |   |   |   |   | N  | 3
2 | P |   | P | P | P |   | P | P  | 2
1 | R |   | B | Q | K | B |   | R  | 1
    a   b   c   d   e   f   g   h 

Checking sequence: ,f2f4,b8c6,b2b3,g8f6,b1a3,e7e6,g1h3,f8c5
Potential openings: 
history does not match an opening
^ This is the 1 occurrence of this board layout.
v This is the 1 occurrence of this board layout.

    a   b   c   d   e   f   g   h 
8 | r |   | b | q | k |   |   | r  | 8
7 | p | p | p | p |   | p | p | p  | 7
6 |   |   | n |   | p | n |   |    | 6
5 |   |   | b |   |   |   |   |    | 5
4 |   |   |   |   |   | P |   |    | 4
3 | N | P |   | P |   |   |   | N  | 3
2 | P |   | P |   | P |   | P | P  | 2
1 | R |   | B | Q | K | B |   | R  | 1
    a   b   c   d   e   f   g   h 

[32;1m[Game] [0mPlayer's error code: 0
[32;1m[Game] [0mChecking move validity...
[32;1m[Board] [0mInitializing board...
[32;1m[Board] [0mLoading history file `championship/git-gambit-logic-and-proofs/history.csv`...
[32;1m[Board] [0mLoaded 8 move(s).
[32;1m[Board] [0mLoading move file `championship/git-gambit-logic-and-proofs/move.csv`...
[32;1m[Board] [0mWhite player is playing d2 to d3.
[32;1m[Board] [0m
[32;1m[Board] [0m    a b c d e f g h 
[32;1m[Board] [0m  -------------------
[32;1m[Board] [0m8 ||[30;1mr[0m| |[30;1mb[0m|[30;1mQ[0m|[30;1mK[0m| |[7;1m [0m|[30;1mr[0m|| 8
[32;1m[Board] [0m  -------------------
[32;1m[Board] [0m7 ||[30;1mp[0m|[30;1mp[0m|[30;1mp[0m|[30;1mp[0m| |[30;1mp[0m|[30;1mp[0m|[30;1mp[0m|| 7
[32;1m[Board] [0m  -------------------
[32;1m[Board] [0m6 ||[7;1m [0m| |[30;1mk[0m| |[30;1mp[0m|[30;1mk[0m|[7;1m [0m| || 6
[32;1m[Board] [0m  -------------------
[32;1m[Board] [0m5 || |[7;1m [0m|[30;1mb[0m|[7;1m [0m| |[7;1m [0m| |[7;1m [0m|| 5
[32;1m[Board] [0m  -------------------
[32;1m[Board] [0m4 ||[7;1m [0m| |[7;1m [0m| |[7;1m [0m|[0;1mp[0m|[7;1m [0m| || 4
[32;1m[Board] [0m  -------------------
[32;1m[Board] [0m3 ||[0;1mk[0m|[0;1mp[0m| |[0;1mp[0m| |[7;1m [0m| |[0;1mk[0m|| 3
[32;1m[Board] [0m  -------------------
[32;1m[Board] [0m2 ||[0;1mp[0m| |[0;1mp[0m| |[0;1mp[0m| |[0;1mp[0m|[0;1mp[0m|| 2
[32;1m[Board] [0m  -------------------
[32;1m[Board] [0m1 ||[0;1mr[0m|[7;1m [0m|[0;1mb[0m|[0;1mQ[0m|[0;1mK[0m|[0;1mb[0m| |[0;1mr[0m|| 1
[32;1m[Board] [0m  -------------------
[32;1m[Board] [0m    a b c d e f g h
[32;1m[Board] [0m
[32;1m[Referee] [0mThis is the turn of the Black player...
Error : can't load the file openings.txt
[DEBUG] Input history filename: championship/git-gambit-logic-and-proofs/history.csv
[DEBUG] Output move file: championship/git-gambit-logic-and-proofs/move.csv
[Parser][ply=] 9
how i see the board before writing next move: Turn: Black
Enpassant: xx	Castling: WK WQ BK BQ 
   ---- ---- ---- ---- ---- ---- ---- ----
8 | r  |    | b  | q  | k  |    |    | r  |
   ---- ---- ---- ---- ---- ---- ---- ----
7 | p  | p  | p  | p  |    | p  | p  | p  |
   ---- ---- ---- ---- ---- ---- ---- ----
6 |    |    | n  |    | p  | n  |    |    |
   ---- ---- ---- ---- ---- ---- ---- ----
5 |    |    | b  |    |    |    |    |    |
   ---- ---- ---- ---- ---- ---- ---- ----
4 |    |    |    |    |    | P  |    |    |
   ---- ---- ---- ---- ---- ---- ---- ----
3 | N  | P  |    | P  |    |    |    | N  |
   ---- ---- ---- ---- ---- ---- ---- ----
2 | P  |    | P  |    | P  |    | P  | P  |
   ---- ---- ---- ---- ---- ---- ---- ----
1 | R  |    | B  | Q  | K  | B  |    | R  |
   ---- ---- ---- ---- ---- ---- ---- ----
    a    b    c    d    e    f    g    h
starting search...
depth: 1 score: 138 time: 0 nodes: 80 hashfull: 0
depth: 2 score: 98 time: 0 nodes: 249 hashfull: 0
depth: 3 score: 130 time: 5 nodes: 3098 hashfull: 0
depth: 4 score: 117 time: 13 nodes: 10991 hashfull: 0
depth: 5 score: 194 time: 23 nodes: 24447 hashfull: 0
depth: 6 score: 154 time: 90 nodes: 83234 hashfull: 3
depth: 7 score: 170 time: 237 nodes: 222663 hashfull: 5
depth: 8 score: 135 time: 543 nodes: 558743 hashfull: 13
depth: 9 score: 142 time: 2724 nodes: 2318222 hashfull: 73
[DEBUG] [Parser] Wrote to ouput file championship/git-gambit-logic-and-proofs/move.csv move : c5b4
[32;1m[Game] [0mPlayer's error code: 0
[32;1m[Game] [0mChecking move validity...
[32;1m[Board] [0mInitializing board...
[32;1m[Board] [0mLoading history file `championship/git-gambit-logic-and-proofs/history.csv`...
[32;1m[Board] [0mLoaded 9 move(s).
[32;1m[Board] [0mLoading move file `championship/git-gambit-logic-and-proofs/move.csv`...
[32;1m[Board] [0mBlack player is playing c5 to b4.
[32;1m[Board] [0m
[32;1m[Board] [0m    a b c d e f g h 
[32;1m[Board] [0m  -------------------
[32;1m[Board] [0m8 ||[30;1mr[0m| |[30;1mb[0m|[30;1mQ[0m|[30;1mK[0m| |[7;1m [0m|[30;1mr[0m|| 8
[32;1m[Board] [0m  -------------------
[32;1m[Board] [0m7 ||[30;1mp[0m|[30;1mp[0m|[30;1mp[0m|[30;1mp[0m| |[30;1mp[0m|[30;1mp[0m|[30;1mp[0m|| 7
[32;1m[Board] [0m  -------------------
[32;1m[Board] [0m6 ||[7;1m [0m| |[30;1mk[0m| |[30;1mp[0m|[30;1mk[0m|[7;1m [0m| || 6
[32;1m[Board] [0m  -------------------
[32;1m[Board] [0m5 || |[7;1m [0m| |[7;1m [0m| |[7;1m [0m| |[7;1m [0m|| 5
[32;1m[Board] [0m  -------------------
[32;1m[Board] [0m4 ||[7;1m [0m|[30;1mb[0m|[7;1m [0m| |[7;1m [0m|[0;1mp[0m|[7;1m [0m| || 4
[32;1m[Board] [0m  -------------------
[32;1m[Board] [0m3 ||[0;1mk[0m|[0;1mp[0m| |[0;1mp[0m| |[7;1m [0m| |[0;1mk[0m|| 3
[32;1m[Board] [0m  -------------------
[32;1m[Board] [0m2 ||[0;1mp[0m| |[0;1mp[0m| |[0;1mp[0m| |[0;1mp[0m|[0;1mp[0m|| 2
[32;1m[Board] [0m  -------------------
[32;1m[Board] [0m1 ||[0;1mr[0m|[7;1m [0m|[0;1mb[0m|[0;1mQ[0m|[0;1mK[0m|[0;1mb[0m| |[0;1mr[0m|| 1
[32;1m[Board] [0m  -------------------
[32;1m[Board] [0m    a b c d e f g h
[32;1m[Board] [0m
[32;1m[Referee] [0mThis is the turn of the White player...
[32;1m[Board] [0m[33;1m[WARNING][0m [5;1mWhite King in check![0m
[32;1m[Board] [0m[33;1m[WARNING][0m    Threatened by Black Bishop (b4)

    a   b   c   d   e   f   g   h 
8 | r |   | b | q | k |   |   | r  | 8
7 | p | p | p | p |   | p | p | p  | 7
6 |   |   | n |   | p | n |   |    | 6
5 |   |   |   |   |   |   |   |    | 5
4 |   | b |   |   |   | P |   |    | 4
3 | N | P |   | P |   |   |   | N  | 3
2 | P |   | P |   | P |   | P | P  | 2
1 | R |   | B | Q | K | B |   | R  | 1
    a   b   c   d   e   f   g   h 

Checking sequence: ,f2f4,b8c6,b2b3,g8f6,b1a3,e7e6,g1h3,f8c5,d2d3,c5b4
Potential openings: 
history does not match an opening
^ This is the 1 occurrence of this board layout.
v This is the 1 occurrence of this board layout.

    a   b   c   d   e   f   g   h 
8 | r |   | b | q | k |   |   | r  | 8
7 | p | p | p | p |   | p | p | p  | 7
6 |   |   | n |   | p | n |   |    | 6
5 |   |   |   |   |   |   |   |    | 5
4 |   | b |   |   |   | P |   |    | 4
3 | N | P |   | P |   |   |   | N  | 3
2 | P |   | P | Q | P |   | P | P  | 2
1 | R |   | B |   | K | B |   | R  | 1
    a   b   c   d   e   f   g   h 

[32;1m[Game] [0mPlayer's error code: 0
[32;1m[Game] [0mChecking move validity...
[32;1m[Board] [0mInitializing board...
[32;1m[Board] [0mLoading history file `championship/git-gambit-logic-and-proofs/history.csv`...
[32;1m[Board] [0mLoaded 10 move(s).
[32;1m[Board] [0mLoading move file `championship/git-gambit-logic-and-proofs/move.csv`...
[32;1m[Board] [0mWhite player is playing d1 to d2.
[32;1m[Board] [0m
[32;1m[Board] [0m    a b c d e f g h 
[32;1m[Board] [0m  -------------------
[32;1m[Board] [0m8 ||[30;1mr[0m| |[30;1mb[0m|[30;1mQ[0m|[30;1mK[0m| |[7;1m [0m|[30;1mr[0m|| 8
[32;1m[Board] [0m  -------------------
[32;1m[Board] [0m7 ||[30;1mp[0m|[30;1mp[0m|[30;1mp[0m|[30;1mp[0m| |[30;1mp[0m|[30;1mp[0m|[30;1mp[0m|| 7
[32;1m[Board] [0m  -------------------
[32;1m[Board] [0m6 ||[7;1m [0m| |[30;1mk[0m| |[30;1mp[0m|[30;1mk[0m|[7;1m [0m| || 6
[32;1m[Board] [0m  -------------------
[32;1m[Board] [0m5 || |[7;1m [0m| |[7;1m [0m| |[7;1m [0m| |[7;1m [0m|| 5
[32;1m[Board] [0m  -------------------
[32;1m[Board] [0m4 ||[7;1m [0m|[30;1mb[0m|[7;1m [0m| |[7;1m [0m|[0;1mp[0m|[7;1m [0m| || 4
[32;1m[Board] [0m  -------------------
[32;1m[Board] [0m3 ||[0;1mk[0m|[0;1mp[0m| |[0;1mp[0m| |[7;1m [0m| |[0;1mk[0m|| 3
[32;1m[Board] [0m  -------------------
[32;1m[Board] [0m2 ||[0;1mp[0m| |[0;1mp[0m|[0;1mQ[0m|[0;1mp[0m| |[0;1mp[0m|[0;1mp[0m|| 2
[32;1m[Board] [0m  -------------------
[32;1m[Board] [0m1 ||[0;1mr[0m|[7;1m [0m|[0;1mb[0m|[7;1m [0m|[0;1mK[0m|[0;1mb[0m| |[0;1mr[0m|| 1
[32;1m[Board] [0m  -------------------
[32;1m[Board] [0m    a b c d e f g h
[32;1m[Board] [0m
[32;1m[Referee] [0mThis is the turn of the Black player...
Error : can't load the file openings.txt
[DEBUG] Input history filename: championship/git-gambit-logic-and-proofs/history.csv
[DEBUG] Output move file: championship/git-gambit-logic-and-proofs/move.csv
[Parser][ply=] 11
how i see the board before writing next move: Turn: Black
Enpassant: xx	Castling: WK WQ BK BQ 
   ---- ---- ---- ---- ---- ---- ---- ----
8 | r  |    | b  | q  | k  |    |    | r  |
   ---- ---- ---- ---- ---- ---- ---- ----
7 | p  | p  | p  | p  |    | p  | p  | p  |
   ---- ---- ---- ---- ---- ---- ---- ----
6 |    |    | n  |    | p  | n  |    |    |
   ---- ---- ---- ---- ---- ---- ---- ----
5 |    |    |    |    |    |    |    |    |
   ---- ---- ---- ---- ---- ---- ---- ----
4 |    | b  |    |    |    | P  |    |    |
   ---- ---- ---- ---- ---- ---- ---- ----
3 | N  | P  |    | P  |    |    |    | N  |
   ---- ---- ---- ---- ---- ---- ---- ----
2 | P  |    | P  | Q  | P  |    | P  | P  |
   ---- ---- ---- ---- ---- ---- ---- ----
1 | R  |    | B  |    | K  | B  |    | R  |
   ---- ---- ---- ---- ---- ---- ---- ----
    a    b    c    d    e    f    g    h
starting search...
depth: 1 score: 728 time: 0 nodes: 80 hashfull: 0
depth: 2 score: 728 time: 0 nodes: 182 hashfull: 0
depth: 3 score: 728 time: 1 nodes: 1539 hashfull: 0
depth: 4 score: 724 time: 4 nodes: 4794 hashfull: 0
depth: 5 score: 733 time: 12 nodes: 13386 hashfull: 0
depth: 6 score: 738 time: 44 nodes: 50893 hashfull: 1
depth: 7 score: 724 time: 117 nodes: 139658 hashfull: 3
depth: 8 score: 719 time: 267 nodes: 346264 hashfull: 8
depth: 9 score: 727 time: 1272 nodes: 1396950 hashfull: 43
depth: 10 score: 711 time: 2660 nodes: 3478154 hashfull: 93
[DEBUG] [Parser] Wrote to ouput file championship/git-gambit-logic-and-proofs/move.csv move : b4d2
[32;1m[Game] [0mPlayer's error code: 0
[32;1m[Game] [0mChecking move validity...
[32;1m[Board] [0mInitializing board...
[32;1m[Board] [0mLoading history file `championship/git-gambit-logic-and-proofs/history.csv`...
[32;1m[Board] [0mLoaded 11 move(s).
[32;1m[Board] [0mLoading move file `championship/git-gambit-logic-and-proofs/move.csv`...
[32;1m[Board] [0mBlack player is playing b4 to d2.
[32;1m[Board] [0m[5;1mBlack Bishop is taking White Queen.[0m
[32;1m[Board] [0m
[32;1m[Board] [0m    a b c d e f g h 
[32;1m[Board] [0m  -------------------
[32;1m[Board] [0m8 ||[30;1mr[0m| |[30;1mb[0m|[30;1mQ[0m|[30;1mK[0m| |[7;1m [0m|[30;1mr[0m|| 8
[32;1m[Board] [0m  -------------------
[32;1m[Board] [0m7 ||[30;1mp[0m|[30;1mp[0m|[30;1mp[0m|[30;1mp[0m| |[30;1mp[0m|[30;1mp[0m|[30;1mp[0m|| 7
[32;1m[Board] [0m  -------------------
[32;1m[Board] [0m6 ||[7;1m [0m| |[30;1mk[0m| |[30;1mp[0m|[30;1mk[0m|[7;1m [0m| || 6
[32;1m[Board] [0m  -------------------
[32;1m[Board] [0m5 || |[7;1m [0m| |[7;1m [0m| |[7;1m [0m| |[7;1m [0m|| 5
[32;1m[Board] [0m  -------------------
[32;1m[Board] [0m4 ||[7;1m [0m| |[7;1m [0m| |[7;1m [0m|[0;1mp[0m|[7;1m [0m| || 4
[32;1m[Board] [0m  -------------------
[32;1m[Board] [0m3 ||[0;1mk[0m|[0;1mp[0m| |[0;1mp[0m| |[7;1m [0m| |[0;1mk[0m|| 3
[32;1m[Board] [0m  -------------------
[32;1m[Board] [0m2 ||[0;1mp[0m| |[0;1mp[0m|[30;1mb[0m|[0;1mp[0m| |[0;1mp[0m|[0;1mp[0m|| 2
[32;1m[Board] [0m  -------------------
[32;1m[Board] [0m1 ||[0;1mr[0m|[7;1m [0m|[0;1mb[0m|[7;1m [0m|[0;1mK[0m|[0;1mb[0m| |[0;1mr[0m|| 1
[32;1m[Board] [0m  -------------------
[32;1m[Board] [0m    a b c d e f g h
[32;1m[Board] [0m
[32;1m[Referee] [0mThis is the turn of the White player...
[32;1m[Board] [0m[33;1m[WARNING][0m [5;1mWhite King in check![0m
[32;1m[Board] [0m[33;1m[WARNING][0m    Threatened by Black Bishop (d2)

    a   b   c   d   e   f   g   h 
8 | r |   | b | q | k |   |   | r  | 8
7 | p | p | p | p |   | p | p | p  | 7
6 |   |   | n |   | p | n |   |    | 6
5 |   |   |   |   |   |   |   |    | 5
4 |   |   |   |   |   | P |   |    | 4
3 | N | P |   | P |   |   |   | N  | 3
2 | P |   | P | b | P |   | P | P  | 2
1 | R |   | B |   | K | B |   | R  | 1
    a   b   c   d   e   f   g   h 

Checking sequence: ,f2f4,b8c6,b2b3,g8f6,b1a3,e7e6,g1h3,f8c5,d2d3,c5b4,d1d2,b4d2
Potential openings: 
history does not match an opening
^ This is the 1 occurrence of this board layout.
v This is the 1 occurrence of this board layout.

    a   b   c   d   e   f   g   h 
8 | r |   | b | q | k |   |   | r  | 8
7 | p | p | p | p |   | p | p | p  | 7
6 |   |   | n |   | p | n |   |    | 6
5 |   |   |   |   |   |   |   |    | 5
4 |   |   |   |   |   | P |   |    | 4
3 | N | P |   | P |   |   |   | N  | 3
2 | P |   | P | B | P |   | P | P  | 2
1 | R |   |   |   | K | B |   | R  | 1
    a   b   c   d   e   f   g   h 

[32;1m[Game] [0mPlayer's error code: 0
[32;1m[Game] [0mChecking move validity...
[32;1m[Board] [0mInitializing board...
[32;1m[Board] [0mLoading history file `championship/git-gambit-logic-and-proofs/history.csv`...
[32;1m[Board] [0mLoaded 12 move(s).
[32;1m[Board] [0mLoading move file `championship/git-gambit-logic-and-proofs/move.csv`...
[32;1m[Board] [0mWhite player is playing c1 to d2.
[32;1m[Board] [0m[5;1mWhite Bishop is taking Black Bishop.[0m
[32;1m[Board] [0m
[32;1m[Board] [0m    a b c d e f g h 
[32;1m[Board] [0m  -------------------
[32;1m[Board] [0m8 ||[30;1mr[0m| |[30;1mb[0m|[30;1mQ[0m|[30;1mK[0m| |[7;1m [0m|[30;1mr[0m|| 8
[32;1m[Board] [0m  -------------------
[32;1m[Board] [0m7 ||[30;1mp[0m|[30;1mp[0m|[30;1mp[0m|[30;1mp[0m| |[30;1mp[0m|[30;1mp[0m|[30;1mp[0m|| 7
[32;1m[Board] [0m  -------------------
[32;1m[Board] [0m6 ||[7;1m [0m| |[30;1mk[0m| |[30;1mp[0m|[30;1mk[0m|[7;1m [0m| || 6
[32;1m[Board] [0m  -------------------
[32;1m[Board] [0m5 || |[7;1m [0m| |[7;1m [0m| |[7;1m [0m| |[7;1m [0m|| 5
[32;1m[Board] [0m  -------------------
[32;1m[Board] [0m4 ||[7;1m [0m| |[7;1m [0m| |[7;1m [0m|[0;1mp[0m|[7;1m [0m| || 4
[32;1m[Board] [0m  -------------------
[32;1m[Board] [0m3 ||[0;1mk[0m|[0;1mp[0m| |[0;1mp[0m| |[7;1m [0m| |[0;1mk[0m|| 3
[32;1m[Board] [0m  -------------------
[32;1m[Board] [0m2 ||[0;1mp[0m| |[0;1mp[0m|[0;1mb[0m|[0;1mp[0m| |[0;1mp[0m|[0;1mp[0m|| 2
[32;1m[Board] [0m  -------------------
[32;1m[Board] [0m1 ||[0;1mr[0m|[7;1m [0m| |[7;1m [0m|[0;1mK[0m|[0;1mb[0m| |[0;1mr[0m|| 1
[32;1m[Board] [0m  -------------------
[32;1m[Board] [0m    a b c d e f g h
[32;1m[Board] [0m
[32;1m[Referee] [0mThis is the turn of the Black player...
Error : can't load the file openings.txt
[DEBUG] Input history filename: championship/git-gambit-logic-and-proofs/history.csv
[DEBUG] Output move file: championship/git-gambit-logic-and-proofs/move.csv
[Parser][ply=] 13
how i see the board before writing next move: Turn: Black
Enpassant: xx	Castling: WK WQ BK BQ 
   ---- ---- ---- ---- ---- ---- ---- ----
8 | r  |    | b  | q  | k  |    |    | r  |
   ---- ---- ---- ---- ---- ---- ---- ----
7 | p  | p  | p  | p  |    | p  | p  | p  |
   ---- ---- ---- ---- ---- ---- ---- ----
6 |    |    | n  |    | p  | n  |    |    |
   ---- ---- ---- ---- ---- ---- ---- ----
5 |    |    |    |    |    |    |    |    |
   ---- ---- ---- ---- ---- ---- ---- ----
4 |    |    |    |    |    | P  |    |    |
   ---- ---- ---- ---- ---- ---- ---- ----
3 | N  | P  |    | P  |    |    |    | N  |
   ---- ---- ---- ---- ---- ---- ---- ----
2 | P  |    | P  | B  | P  |    | P  | P  |
   ---- ---- ---- ---- ---- ---- ---- ----
1 | R  |    |    |    | K  | B  |    | R  |
   ---- ---- ---- ---- ---- ---- ---- ----
    a    b    c    d    e    f    g    h
starting search...
depth: 1 score: 728 time: 0 nodes: 60 hashfull: 0
depth: 2 score: 724 time: 0 nodes: 174 hashfull: 0
depth: 3 score: 733 time: 4 nodes: 2516 hashfull: 0
depth: 4 score: 738 time: 6 nodes: 6069 hashfull: 0
depth: 5 score: 724 time: 16 nodes: 15514 hashfull: 0
depth: 6 score: 719 time: 75 nodes: 62498 hashfull: 2
depth: 7 score: 727 time: 438 nodes: 331026 hashfull: 9
depth: 8 score: 711 time: 350 nodes: 551480 hashfull: 15
depth: 9 score: 729 time: 1996 nodes: 1847566 hashfull: 59
depth: 10 score: 726 time: 6355 nodes: 6080787 hashfull: 148
[DEBUG] [Parser] Wrote to ouput file championship/git-gambit-logic-and-proofs/move.csv move : e8g8
[32;1m[Game] [0mPlayer's error code: 0
[32;1m[Game] [0mChecking move validity...
[32;1m[Board] [0mInitializing board...
[32;1m[Board] [0mLoading history file `championship/git-gambit-logic-and-proofs/history.csv`...
[32;1m[Board] [0mLoaded 13 move(s).
[32;1m[Board] [0mLoading move file `championship/git-gambit-logic-and-proofs/move.csv`...
[32;1m[Board] [0mBlack player is playing e8 to g8.
[32;1m[Board] [0mBlack player is castling kingside...
[32;1m[Board] [0m
[32;1m[Board] [0m    a b c d e f g h 
[32;1m[Board] [0m  -------------------
[32;1m[Board] [0m8 ||[30;1mr[0m| |[30;1mb[0m|[30;1mQ[0m|[7;1m [0m|[30;1mr[0m|[30;1mK[0m| || 8
[32;1m[Board] [0m  -------------------
[32;1m[Board] [0m7 ||[30;1mp[0m|[30;1mp[0m|[30;1mp[0m|[30;1mp[0m| |[30;1mp[0m|[30;1mp[0m|[30;1mp[0m|| 7
[32;1m[Board] [0m  -------------------
[32;1m[Board] [0m6 ||[7;1m [0m| |[30;1mk[0m| |[30;1mp[0m|[30;1mk[0m|[7;1m [0m| || 6
[32;1m[Board] [0m  -------------------
[32;1m[Board] [0m5 || |[7;1m [0m| |[7;1m [0m| |[7;1m [0m| |[7;1m [0m|| 5
[32;1m[Board] [0m  -------------------
[32;1m[Board] [0m4 ||[7;1m [0m| |[7;1m [0m| |[7;1m [0m|[0;1mp[0m|[7;1m [0m| || 4
[32;1m[Board] [0m  -------------------
[32;1m[Board] [0m3 ||[0;1mk[0m|[0;1mp[0m| |[0;1mp[0m| |[7;1m [0m| |[0;1mk[0m|| 3
[32;1m[Board] [0m  -------------------
[32;1m[Board] [0m2 ||[0;1mp[0m| |[0;1mp[0m|[0;1mb[0m|[0;1mp[0m| |[0;1mp[0m|[0;1mp[0m|| 2
[32;1m[Board] [0m  -------------------
[32;1m[Board] [0m1 ||[0;1mr[0m|[7;1m [0m| |[7;1m [0m|[0;1mK[0m|[0;1mb[0m| |[0;1mr[0m|| 1
[32;1m[Board] [0m  -------------------
[32;1m[Board] [0m    a b c d e f g h
[32;1m[Board] [0m
[32;1m[Referee] [0mThis is the turn of the White player...

    a   b   c   d   e   f   g   h 
8 | r |   | b | q |   | r | k |    | 8
7 | p | p | p | p |   | p | p | p  | 7
6 |   |   | n |   | p | n |   |    | 6
5 |   |   |   |   |   |   |   |    | 5
4 |   |   |   |   |   | P |   |    | 4
3 | N | P |   | P |   |   |   | N  | 3
2 | P |   | P | B | P |   | P | P  | 2
1 | R |   |   |   | K | B |   | R  | 1
    a   b   c   d   e   f   g   h 

Checking sequence: ,f2f4,b8c6,b2b3,g8f6,b1a3,e7e6,g1h3,f8c5,d2d3,c5b4,d1d2,b4d2,c1d2,e8g8
Potential openings: 
history does not match an opening
^ This is the 1 occurrence of this board layout.
v This is the 1 occurrence of this board layout.

    a   b   c   d   e   f   g   h 
8 | r |   | b | q |   | r | k |    | 8
7 | p | p | p | p |   | p | p | p  | 7
6 |   |   | n |   | p | n |   |    | 6
5 |   |   |   |   |   |   |   |    | 5
4 |   |   |   |   |   | P |   |    | 4
3 | N | P | P | P |   |   |   | N  | 3
2 | P |   |   | B | P |   | P | P  | 2
1 | R |   |   |   | K | B |   | R  | 1
    a   b   c   d   e   f   g   h 

[32;1m[Game] [0mPlayer's error code: 0
[32;1m[Game] [0mChecking move validity...
[32;1m[Board] [0mInitializing board...
[32;1m[Board] [0mLoading history file `championship/git-gambit-logic-and-proofs/history.csv`...
[32;1m[Board] [0mLoaded 14 move(s).
[32;1m[Board] [0mLoading move file `championship/git-gambit-logic-and-proofs/move.csv`...
[32;1m[Board] [0mWhite player is playing c2 to c3.
[32;1m[Board] [0m
[32;1m[Board] [0m    a b c d e f g h 
[32;1m[Board] [0m  -------------------
[32;1m[Board] [0m8 ||[30;1mr[0m| |[30;1mb[0m|[30;1mQ[0m|[7;1m [0m|[30;1mr[0m|[30;1mK[0m| || 8
[32;1m[Board] [0m  -------------------
[32;1m[Board] [0m7 ||[30;1mp[0m|[30;1mp[0m|[30;1mp[0m|[30;1mp[0m| |[30;1mp[0m|[30;1mp[0m|[30;1mp[0m|| 7
[32;1m[Board] [0m  -------------------
[32;1m[Board] [0m6 ||[7;1m [0m| |[30;1mk[0m| |[30;1mp[0m|[30;1mk[0m|[7;1m [0m| || 6
[32;1m[Board] [0m  -------------------
[32;1m[Board] [0m5 || |[7;1m [0m| |[7;1m [0m| |[7;1m [0m| |[7;1m [0m|| 5
[32;1m[Board] [0m  -------------------
[32;1m[Board] [0m4 ||[7;1m [0m| |[7;1m [0m| |[7;1m [0m|[0;1mp[0m|[7;1m [0m| || 4
[32;1m[Board] [0m  -------------------
[32;1m[Board] [0m3 ||[0;1mk[0m|[0;1mp[0m|[0;1mp[0m|[0;1mp[0m| |[7;1m [0m| |[0;1mk[0m|| 3
[32;1m[Board] [0m  -------------------
[32;1m[Board] [0m2 ||[0;1mp[0m| |[7;1m [0m|[0;1mb[0m|[0;1mp[0m| |[0;1mp[0m|[0;1mp[0m|| 2
[32;1m[Board] [0m  -------------------
[32;1m[Board] [0m1 ||[0;1mr[0m|[7;1m [0m| |[7;1m [0m|[0;1mK[0m|[0;1mb[0m| |[0;1mr[0m|| 1
[32;1m[Board] [0m  -------------------
[32;1m[Board] [0m    a b c d e f g h
[32;1m[Board] [0m
[32;1m[Referee] [0mThis is the turn of the Black player...
Error : can't load the file openings.txt
[DEBUG] Input history filename: championship/git-gambit-logic-and-proofs/history.csv
[DEBUG] Output move file: championship/git-gambit-logic-and-proofs/move.csv
[Parser][ply=] 15
how i see the board before writing next move: Turn: Black
Enpassant: xx	Castling: WK WQ xx
   ---- ---- ---- ---- ---- ---- ---- ----
8 | r  |    | b  | q  |    | r  | k  |    |
   ---- ---- ---- ---- ---- ---- ---- ----
7 | p  | p  | p  | p  |    | p  | p  | p  |
   ---- ---- ---- ---- ---- ---- ---- ----
6 |    |    | n  |    | p  | n  |    |    |
   ---- ---- ---- ---- ---- ---- ---- ----
5 |    |    |    |    |    |    |    |    |
   ---- ---- ---- ---- ---- ---- ---- ----
4 |    |    |    |    |    | P  |    |    |
   ---- ---- ---- ---- ---- ---- ---- ----
3 | N  | P  | P  | P  |    |    |    | N  |
   ---- ---- ---- ---- ---- ---- ---- ----
2 | P  |    |    | B  | P  |    | P  | P  |
   ---- ---- ---- ---- ---- ---- ---- ----
1 | R  |    |    |    | K  | B  |    | R  |
   ---- ---- ---- ---- ---- ---- ---- ----
    a    b    c    d    e    f    g    h
starting search...
depth: 1 score: 764 time: 0 nodes: 96 hashfull: 0
depth: 2 score: 737 time: 0 nodes: 577 hashfull: 0
depth: 3 score: 745 time: 1 nodes: 1811 hashfull: 0
depth: 4 score: 743 time: 4 nodes: 5134 hashfull: 0
depth: 5 score: 728 time: 44 nodes: 38650 hashfull: 1
depth: 6 score: 728 time: 44 nodes: 73318 hashfull: 2
depth: 7 score: 732 time: 155 nodes: 187297 hashfull: 5
depth: 8 score: 728 time: 300 nodes: 415478 hashfull: 11
depth: 9 score: 736 time: 1148 nodes: 1336630 hashfull: 45
depth: 10 score: 738 time: 3335 nodes: 3878895 hashfull: 104
[DEBUG] [Parser] Wrote to ouput file championship/git-gambit-logic-and-proofs/move.csv move : d7d5
[32;1m[Game] [0mPlayer's error code: 0
[32;1m[Game] [0mChecking move validity...
[32;1m[Board] [0mInitializing board...
[32;1m[Board] [0mLoading history file `championship/git-gambit-logic-and-proofs/history.csv`...
[32;1m[Board] [0mLoaded 15 move(s).
[32;1m[Board] [0mLoading move file `championship/git-gambit-logic-and-proofs/move.csv`...
[32;1m[Board] [0mBlack player is playing d7 to d5.
[32;1m[Board] [0m
[32;1m[Board] [0m    a b c d e f g h 
[32;1m[Board] [0m  -------------------
[32;1m[Board] [0m8 ||[30;1mr[0m| |[30;1mb[0m|[30;1mQ[0m|[7;1m [0m|[30;1mr[0m|[30;1mK[0m| || 8
[32;1m[Board] [0m  -------------------
[32;1m[Board] [0m7 ||[30;1mp[0m|[30;1mp[0m|[30;1mp[0m|[7;1m [0m| |[30;1mp[0m|[30;1mp[0m|[30;1mp[0m|| 7
[32;1m[Board] [0m  -------------------
[32;1m[Board] [0m6 ||[7;1m [0m| |[30;1mk[0m| |[30;1mp[0m|[30;1mk[0m|[7;1m [0m| || 6
[32;1m[Board] [0m  -------------------
[32;1m[Board] [0m5 || |[7;1m [0m| |[30;1mp[0m| |[7;1m [0m| |[7;1m [0m|| 5
[32;1m[Board] [0m  -------------------
[32;1m[Board] [0m4 ||[7;1m [0m| |[7;1m [0m| |[7;1m [0m|[0;1mp[0m|[7;1m [0m| || 4
[32;1m[Board] [0m  -------------------
[32;1m[Board] [0m3 ||[0;1mk[0m|[0;1mp[0m|[0;1mp[0m|[0;1mp[0m| |[7;1m [0m| |[0;1mk[0m|| 3
[32;1m[Board] [0m  -------------------
[32;1m[Board] [0m2 ||[0;1mp[0m| |[7;1m [0m|[0;1mb[0m|[0;1mp[0m| |[0;1mp[0m|[0;1mp[0m|| 2
[32;1m[Board] [0m  -------------------
[32;1m[Board] [0m1 ||[0;1mr[0m|[7;1m [0m| |[7;1m [0m|[0;1mK[0m|[0;1mb[0m| |[0;1mr[0m|| 1
[32;1m[Board] [0m  -------------------
[32;1m[Board] [0m    a b c d e f g h
[32;1m[Board] [0m
[32;1m[Referee] [0mThis is the turn of the White player...

    a   b   c   d   e   f   g   h 
8 | r |   | b | q |   | r | k |    | 8
7 | p | p | p |   |   | p | p | p  | 7
6 |   |   | n |   | p | n |   |    | 6
5 |   |   |   | p |   |   |   |    | 5
4 |   |   |   |   |   | P |   |    | 4
3 | N | P | P | P |   |   |   | N  | 3
2 | P |   |   | B | P |   | P | P  | 2
1 | R |   |   |   | K | B |   | R  | 1
    a   b   c   d   e   f   g   h 

Checking sequence: ,f2f4,b8c6,b2b3,g8f6,b1a3,e7e6,g1h3,f8c5,d2d3,c5b4,d1d2,b4d2,c1d2,e8g8,c2c3,d7d5
Potential openings: 
history does not match an opening
^ This is the 1 occurrence of this board layout.
v This is the 1 occurrence of this board layout.

    a   b   c   d   e   f   g   h 
8 | r |   | b | q |   | r | k |    | 8
7 | p | p | p |   |   | p | p | p  | 7
6 |   |   | n |   | p | n |   |    | 6
5 |   |   |   | p |   |   |   |    | 5
4 |   |   |   |   |   | P |   |    | 4
3 | N | P | P | P |   |   |   | N  | 3
2 | P |   |   | B | P |   | P | P  | 2
1 |   |   | R |   | K | B |   | R  | 1
    a   b   c   d   e   f   g   h 

[32;1m[Game] [0mPlayer's error code: 0
[32;1m[Game] [0mChecking move validity...
[32;1m[Board] [0mInitializing board...
[32;1m[Board] [0mLoading history file `championship/git-gambit-logic-and-proofs/history.csv`...
[32;1m[Board] [0mLoaded 16 move(s).
[32;1m[Board] [0mLoading move file `championship/git-gambit-logic-and-proofs/move.csv`...
[32;1m[Board] [0mWhite player is playing a1 to c1.
[32;1m[Board] [0m
[32;1m[Board] [0m    a b c d e f g h 
[32;1m[Board] [0m  -------------------
[32;1m[Board] [0m8 ||[30;1mr[0m| |[30;1mb[0m|[30;1mQ[0m|[7;1m [0m|[30;1mr[0m|[30;1mK[0m| || 8
[32;1m[Board] [0m  -------------------
[32;1m[Board] [0m7 ||[30;1mp[0m|[30;1mp[0m|[30;1mp[0m|[7;1m [0m| |[30;1mp[0m|[30;1mp[0m|[30;1mp[0m|| 7
[32;1m[Board] [0m  -------------------
[32;1m[Board] [0m6 ||[7;1m [0m| |[30;1mk[0m| |[30;1mp[0m|[30;1mk[0m|[7;1m [0m| || 6
[32;1m[Board] [0m  -------------------
[32;1m[Board] [0m5 || |[7;1m [0m| |[30;1mp[0m| |[7;1m [0m| |[7;1m [0m|| 5
[32;1m[Board] [0m  -------------------
[32;1m[Board] [0m4 ||[7;1m [0m| |[7;1m [0m| |[7;1m [0m|[0;1mp[0m|[7;1m [0m| || 4
[32;1m[Board] [0m  -------------------
[32;1m[Board] [0m3 ||[0;1mk[0m|[0;1mp[0m|[0;1mp[0m|[0;1mp[0m| |[7;1m [0m| |[0;1mk[0m|| 3
[32;1m[Board] [0m  -------------------
[32;1m[Board] [0m2 ||[0;1mp[0m| |[7;1m [0m|[0;1mb[0m|[0;1mp[0m| |[0;1mp[0m|[0;1mp[0m|| 2
[32;1m[Board] [0m  -------------------
[32;1m[Board] [0m1 || |[7;1m [0m|[0;1mr[0m|[7;1m [0m|[0;1mK[0m|[0;1mb[0m| |[0;1mr[0m|| 1
[32;1m[Board] [0m  -------------------
[32;1m[Board] [0m    a b c d e f g h
[32;1m[Board] [0m
[32;1m[Referee] [0mThis is the turn of the Black player...
Error : can't load the file openings.txt
[DEBUG] Input history filename: championship/git-gambit-logic-and-proofs/history.csv
[DEBUG] Output move file: championship/git-gambit-logic-and-proofs/move.csv
[Parser][ply=] 17
how i see the board before writing next move: Turn: Black
Enpassant: xx	Castling: WK xxx
   ---- ---- ---- ---- ---- ---- ---- ----
8 | r  |    | b  | q  |    | r  | k  |    |
   ---- ---- ---- ---- ---- ---- ---- ----
7 | p  | p  | p  |    |    | p  | p  | p  |
   ---- ---- ---- ---- ---- ---- ---- ----
6 |    |    | n  |    | p  | n  |    |    |
   ---- ---- ---- ---- ---- ---- ---- ----
5 |    |    |    | p  |    |    |    |    |
   ---- ---- ---- ---- ---- ---- ---- ----
4 |    |    |    |    |    | P  |    |    |
   ---- ---- ---- ---- ---- ---- ---- ----
3 | N  | P  | P  | P  |    |    |    | N  |
   ---- ---- ---- ---- ---- ---- ---- ----
2 | P  |    |    | B  | P  |    | P  | P  |
   ---- ---- ---- ---- ---- ---- ---- ----
1 |    |    | R  |    | K  | B  |    | R  |
   ---- ---- ---- ---- ---- ---- ---- ----
    a    b    c    d    e    f    g    h
starting search...
depth: 1 score: 775 time: 0 nodes: 64 hashfull: 0
depth: 2 score: 738 time: 1 nodes: 1112 hashfull: 0
depth: 3 score: 765 time: 1 nodes: 1990 hashfull: 0
depth: 4 score: 744 time: 5 nodes: 5960 hashfull: 0
depth: 5 score: 751 time: 19 nodes: 20735 hashfull: 0
depth: 6 score: 744 time: 50 nodes: 59972 hashfull: 2
depth: 7 score: 756 time: 148 nodes: 173196 hashfull: 5
depth: 8 score: 764 time: 523 nodes: 580240 hashfull: 17
depth: 9 score: 760 time: 1572 nodes: 1834204 hashfull: 60
depth: 10 score: 755 time: 4055 nodes: 4992068 hashfull: 142
[DEBUG] [Parser] Wrote to ouput file championship/git-gambit-logic-and-proofs/move.csv move : d8e7
[32;1m[Game] [0mPlayer's error code: 0
[32;1m[Game] [0mChecking move validity...
[32;1m[Board] [0mInitializing board...
[32;1m[Board] [0mLoading history file `championship/git-gambit-logic-and-proofs/history.csv`...
[32;1m[Board] [0mLoaded 17 move(s).
[32;1m[Board] [0mLoading move file `championship/git-gambit-logic-and-proofs/move.csv`...
[32;1m[Board] [0mBlack player is playing d8 to e7.
[32;1m[Board] [0m
[32;1m[Board] [0m    a b c d e f g h 
[32;1m[Board] [0m  -------------------
[32;1m[Board] [0m8 ||[30;1mr[0m| |[30;1mb[0m| |[7;1m [0m|[30;1mr[0m|[30;1mK[0m| || 8
[32;1m[Board] [0m  -------------------
[32;1m[Board] [0m7 ||[30;1mp[0m|[30;1mp[0m|[30;1mp[0m|[7;1m [0m|[30;1mQ[0m|[30;1mp[0m|[30;1mp[0m|[30;1mp[0m|| 7
[32;1m[Board] [0m  -------------------
[32;1m[Board] [0m6 ||[7;1m [0m| |[30;1mk[0m| |[30;1mp[0m|[30;1mk[0m|[7;1m [0m| || 6
[32;1m[Board] [0m  -------------------
[32;1m[Board] [0m5 || |[7;1m [0m| |[30;1mp[0m| |[7;1m [0m| |[7;1m [0m|| 5
[32;1m[Board] [0m  -------------------
[32;1m[Board] [0m4 ||[7;1m [0m| |[7;1m [0m| |[7;1m [0m|[0;1mp[0m|[7;1m [0m| || 4
[32;1m[Board] [0m  -------------------
[32;1m[Board] [0m3 ||[0;1mk[0m|[0;1mp[0m|[0;1mp[0m|[0;1mp[0m| |[7;1m [0m| |[0;1mk[0m|| 3
[32;1m[Board] [0m  -------------------
[32;1m[Board] [0m2 ||[0;1mp[0m| |[7;1m [0m|[0;1mb[0m|[0;1mp[0m| |[0;1mp[0m|[0;1mp[0m|| 2
[32;1m[Board] [0m  -------------------
[32;1m[Board] [0m1 || |[7;1m [0m|[0;1mr[0m|[7;1m [0m|[0;1mK[0m|[0;1mb[0m| |[0;1mr[0m|| 1
[32;1m[Board] [0m  -------------------
[32;1m[Board] [0m    a b c d e f g h
[32;1m[Board] [0m
[32;1m[Referee] [0mThis is the turn of the White player...

    a   b   c   d   e   f   g   h 
8 | r |   | b |   |   | r | k |    | 8
7 | p | p | p |   | q | p | p | p  | 7
6 |   |   | n |   | p | n |   |    | 6
5 |   |   |   | p |   |   |   |    | 5
4 |   |   |   |   |   | P |   |    | 4
3 | N | P | P | P |   |   |   | N  | 3
2 | P |   |   | B | P |   | P | P  | 2
1 |   |   | R |   | K | B |   | R  | 1
    a   b   c   d   e   f   g   h 

Checking sequence: ,f2f4,b8c6,b2b3,g8f6,b1a3,e7e6,g1h3,f8c5,d2d3,c5b4,d1d2,b4d2,c1d2,e8g8,c2c3,d7d5,a1c1,d8e7
Potential openings: 
history does not match an opening
^ This is the 1 occurrence of this board layout.
v This is the 1 occurrence of this board layout.

    a   b   c   d   e   f   g   h 
8 | r |   | b |   |   | r | k |    | 8
7 | p | p | p |   | q | p | p | p  | 7
6 |   |   | n |   | p | n |   |    | 6
5 |   |   |   | p |   |   | N |    | 5
4 |   |   |   |   |   | P |   |    | 4
3 | N | P | P | P |   |   |   |    | 3
2 | P |   |   | B | P |   | P | P  | 2
1 |   |   | R |   | K | B |   | R  | 1
    a   b   c   d   e   f   g   h 

[32;1m[Game] [0mPlayer's error code: 0
[32;1m[Game] [0mChecking move validity...
[32;1m[Board] [0mInitializing board...
[32;1m[Board] [0mLoading history file `championship/git-gambit-logic-and-proofs/history.csv`...
[32;1m[Board] [0mLoaded 18 move(s).
[32;1m[Board] [0mLoading move file `championship/git-gambit-logic-and-proofs/move.csv`...
[32;1m[Board] [0mWhite player is playing h3 to g5.
[32;1m[Board] [0m
[32;1m[Board] [0m    a b c d e f g h 
[32;1m[Board] [0m  -------------------
[32;1m[Board] [0m8 ||[30;1mr[0m| |[30;1mb[0m| |[7;1m [0m|[30;1mr[0m|[30;1mK[0m| || 8
[32;1m[Board] [0m  -------------------
[32;1m[Board] [0m7 ||[30;1mp[0m|[30;1mp[0m|[30;1mp[0m|[7;1m [0m|[30;1mQ[0m|[30;1mp[0m|[30;1mp[0m|[30;1mp[0m|| 7
[32;1m[Board] [0m  -------------------
[32;1m[Board] [0m6 ||[7;1m [0m| |[30;1mk[0m| |[30;1mp[0m|[30;1mk[0m|[7;1m [0m| || 6
[32;1m[Board] [0m  -------------------
[32;1m[Board] [0m5 || |[7;1m [0m| |[30;1mp[0m| |[7;1m [0m|[0;1mk[0m|[7;1m [0m|| 5
[32;1m[Board] [0m  -------------------
[32;1m[Board] [0m4 ||[7;1m [0m| |[7;1m [0m| |[7;1m [0m|[0;1mp[0m|[7;1m [0m| || 4
[32;1m[Board] [0m  -------------------
[32;1m[Board] [0m3 ||[0;1mk[0m|[0;1mp[0m|[0;1mp[0m|[0;1mp[0m| |[7;1m [0m| |[7;1m [0m|| 3
[32;1m[Board] [0m  -------------------
[32;1m[Board] [0m2 ||[0;1mp[0m| |[7;1m [0m|[0;1mb[0m|[0;1mp[0m| |[0;1mp[0m|[0;1mp[0m|| 2
[32;1m[Board] [0m  -------------------
[32;1m[Board] [0m1 || |[7;1m [0m|[0;1mr[0m|[7;1m [0m|[0;1mK[0m|[0;1mb[0m| |[0;1mr[0m|| 1
[32;1m[Board] [0m  -------------------
[32;1m[Board] [0m    a b c d e f g h
[32;1m[Board] [0m
[32;1m[Referee] [0mThis is the turn of the Black player...
Error : can't load the file openings.txt
[DEBUG] Input history filename: championship/git-gambit-logic-and-proofs/history.csv
[DEBUG] Output move file: championship/git-gambit-logic-and-proofs/move.csv
[Parser][ply=] 19
how i see the board before writing next move: Turn: Black
Enpassant: xx	Castling: WK xxx
   ---- ---- ---- ---- ---- ---- ---- ----
8 | r  |    | b  |    |    | r  | k  |    |
   ---- ---- ---- ---- ---- ---- ---- ----
7 | p  | p  | p  |    | q  | p  | p  | p  |
   ---- ---- ---- ---- ---- ---- ---- ----
6 |    |    | n  |    | p  | n  |    |    |
   ---- ---- ---- ---- ---- ---- ---- ----
5 |    |    |    | p  |    |    | N  |    |
   ---- ---- ---- ---- ---- ---- ---- ----
4 |    |    |    |    |    | P  |    |    |
   ---- ---- ---- ---- ---- ---- ---- ----
3 | N  | P  | P  | P  |    |    |    |    |
   ---- ---- ---- ---- ---- ---- ---- ----
2 | P  |    |    | B  | P  |    | P  | P  |
   ---- ---- ---- ---- ---- ---- ---- ----
1 |    |    | R  |    | K  | B  |    | R  |
   ---- ---- ---- ---- ---- ---- ---- ----
    a    b    c    d    e    f    g    h
starting search...
depth: 1 score: 1076 time: 0 nodes: 114 hashfull: 0
depth: 2 score: 1092 time: 1 nodes: 1511 hashfull: 0
depth: 3 score: 1112 time: 3 nodes: 4624 hashfull: 0
depth: 4 score: 1100 time: 9 nodes: 11880 hashfull: 0
depth: 5 score: 1104 time: 19 nodes: 26931 hashfull: 0
depth: 6 score: 1077 time: 103 nodes: 112720 hashfull: 2
depth: 7 score: 1096 time: 138 nodes: 228575 hashfull: 4
depth: 8 score: 1073 time: 429 nodes: 579551 hashfull: 11
depth: 9 score: 1099 time: 1350 nodes: 1787900 hashfull: 50
depth: 10 score: 1103 time: 2967 nodes: 4347920 hashfull: 97
[DEBUG] [Parser] Wrote to ouput file championship/git-gambit-logic-and-proofs/move.csv move : e7a3
[32;1m[Game] [0mPlayer's error code: 0
[32;1m[Game] [0mChecking move validity...
[32;1m[Board] [0mInitializing board...
[32;1m[Board] [0mLoading history file `championship/git-gambit-logic-and-proofs/history.csv`...
[32;1m[Board] [0mLoaded 19 move(s).
[32;1m[Board] [0mLoading move file `championship/git-gambit-logic-and-proofs/move.csv`...
[32;1m[Board] [0mBlack player is playing e7 to a3.
[32;1m[Board] [0m[5;1mBlack Queen is taking White Knight.[0m
[32;1m[Board] [0m
[32;1m[Board] [0m    a b c d e f g h 
[32;1m[Board] [0m  -------------------
[32;1m[Board] [0m8 ||[30;1mr[0m| |[30;1mb[0m| |[7;1m [0m|[30;1mr[0m|[30;1mK[0m| || 8
[32;1m[Board] [0m  -------------------
[32;1m[Board] [0m7 ||[30;1mp[0m|[30;1mp[0m|[30;1mp[0m|[7;1m [0m| |[30;1mp[0m|[30;1mp[0m|[30;1mp[0m|| 7
[32;1m[Board] [0m  -------------------
[32;1m[Board] [0m6 ||[7;1m [0m| |[30;1mk[0m| |[30;1mp[0m|[30;1mk[0m|[7;1m [0m| || 6
[32;1m[Board] [0m  -------------------
[32;1m[Board] [0m5 || |[7;1m [0m| |[30;1mp[0m| |[7;1m [0m|[0;1mk[0m|[7;1m [0m|| 5
[32;1m[Board] [0m  -------------------
[32;1m[Board] [0m4 ||[7;1m [0m| |[7;1m [0m| |[7;1m [0m|[0;1mp[0m|[7;1m [0m| || 4
[32;1m[Board] [0m  -------------------
[32;1m[Board] [0m3 ||[30;1mQ[0m|[0;1mp[0m|[0;1mp[0m|[0;1mp[0m| |[7;1m [0m| |[7;1m [0m|| 3
[32;1m[Board] [0m  -------------------
[32;1m[Board] [0m2 ||[0;1mp[0m| |[7;1m [0m|[0;1mb[0m|[0;1mp[0m| |[0;1mp[0m|[0;1mp[0m|| 2
[32;1m[Board] [0m  -------------------
[32;1m[Board] [0m1 || |[7;1m [0m|[0;1mr[0m|[7;1m [0m|[0;1mK[0m|[0;1mb[0m| |[0;1mr[0m|| 1
[32;1m[Board] [0m  -------------------
[32;1m[Board] [0m    a b c d e f g h
[32;1m[Board] [0m
[32;1m[Referee] [0mThis is the turn of the White player...

    a   b   c   d   e   f   g   h 
8 | r |   | b |   |   | r | k |    | 8
7 | p | p | p |   |   | p | p | p  | 7
6 |   |   | n |   | p | n |   |    | 6
5 |   |   |   | p |   |   | N |    | 5
4 |   |   |   |   |   | P |   |    | 4
3 | q | P | P | P |   |   |   |    | 3
2 | P |   |   | B | P |   | P | P  | 2
1 |   |   | R |   | K | B |   | R  | 1
    a   b   c   d   e   f   g   h 

Checking sequence: ,f2f4,b8c6,b2b3,g8f6,b1a3,e7e6,g1h3,f8c5,d2d3,c5b4,d1d2,b4d2,c1d2,e8g8,c2c3,d7d5,a1c1,d8e7,h3g5,e7a3
Potential openings: 
history does not match an opening
^ This is the 1 occurrence of this board layout.
v This is the 1 occurrence of this board layout.

    a   b   c   d   e   f   g   h 
8 | r |   | b |   |   | r | k |    | 8
7 | p | p | p |   |   | p | p | N  | 7
6 |   |   | n |   | p | n |   |    | 6
5 |   |   |   | p |   |   |   |    | 5
4 |   |   |   |   |   | P |   |    | 4
3 | q | P | P | P |   |   |   |    | 3
2 | P |   |   | B | P |   | P | P  | 2
1 |   |   | R |   | K | B |   | R  | 1
    a   b   c   d   e   f   g   h 

[32;1m[Game] [0mPlayer's error code: 0
[32;1m[Game] [0mChecking move validity...
[32;1m[Board] [0mInitializing board...
[32;1m[Board] [0mLoading history file `championship/git-gambit-logic-and-proofs/history.csv`...
[32;1m[Board] [0mLoaded 20 move(s).
[32;1m[Board] [0mLoading move file `championship/git-gambit-logic-and-proofs/move.csv`...
[32;1m[Board] [0mWhite player is playing g5 to h7.
[32;1m[Board] [0m[5;1mWhite Knight is taking Black Pawn.[0m
[32;1m[Board] [0m
[32;1m[Board] [0m    a b c d e f g h 
[32;1m[Board] [0m  -------------------
[32;1m[Board] [0m8 ||[30;1mr[0m| |[30;1mb[0m| |[7;1m [0m|[30;1mr[0m|[30;1mK[0m| || 8
[32;1m[Board] [0m  -------------------
[32;1m[Board] [0m7 ||[30;1mp[0m|[30;1mp[0m|[30;1mp[0m|[7;1m [0m| |[30;1mp[0m|[30;1mp[0m|[0;1mk[0m|| 7
[32;1m[Board] [0m  -------------------
[32;1m[Board] [0m6 ||[7;1m [0m| |[30;1mk[0m| |[30;1mp[0m|[30;1mk[0m|[7;1m [0m| || 6
[32;1m[Board] [0m  -------------------
[32;1m[Board] [0m5 || |[7;1m [0m| |[30;1mp[0m| |[7;1m [0m| |[7;1m [0m|| 5
[32;1m[Board] [0m  -------------------
[32;1m[Board] [0m4 ||[7;1m [0m| |[7;1m [0m| |[7;1m [0m|[0;1mp[0m|[7;1m [0m| || 4
[32;1m[Board] [0m  -------------------
[32;1m[Board] [0m3 ||[30;1mQ[0m|[0;1mp[0m|[0;1mp[0m|[0;1mp[0m| |[7;1m [0m| |[7;1m [0m|| 3
[32;1m[Board] [0m  -------------------
[32;1m[Board] [0m2 ||[0;1mp[0m| |[7;1m [0m|[0;1mb[0m|[0;1mp[0m| |[0;1mp[0m|[0;1mp[0m|| 2
[32;1m[Board] [0m  -------------------
[32;1m[Board] [0m1 || |[7;1m [0m|[0;1mr[0m|[7;1m [0m|[0;1mK[0m|[0;1mb[0m| |[0;1mr[0m|| 1
[32;1m[Board] [0m  -------------------
[32;1m[Board] [0m    a b c d e f g h
[32;1m[Board] [0m
[32;1m[Referee] [0mThis is the turn of the Black player...
Error : can't load the file openings.txt
[DEBUG] Input history filename: championship/git-gambit-logic-and-proofs/history.csv
[DEBUG] Output move file: championship/git-gambit-logic-and-proofs/move.csv
[Parser][ply=] 21
how i see the board before writing next move: Turn: Black
Enpassant: xx	Castling: WK xxx
   ---- ---- ---- ---- ---- ---- ---- ----
8 | r  |    | b  |    |    | r  | k  |    |
   ---- ---- ---- ---- ---- ---- ---- ----
7 | p  | p  | p  |    |    | p  | p  | N  |
   ---- ---- ---- ---- ---- ---- ---- ----
6 |    |    | n  |    | p  | n  |    |    |
   ---- ---- ---- ---- ---- ---- ---- ----
5 |    |    |    | p  |    |    |    |    |
   ---- ---- ---- ---- ---- ---- ---- ----
4 |    |    |    |    |    | P  |    |    |
   ---- ---- ---- ---- ---- ---- ---- ----
3 | q  | P  | P  | P  |    |    |    |    |
   ---- ---- ---- ---- ---- ---- ---- ----
2 | P  |    |    | B  | P  |    | P  | P  |
   ---- ---- ---- ---- ---- ---- ---- ----
1 |    |    | R  |    | K  | B  |    | R  |
   ---- ---- ---- ---- ---- ---- ---- ----
    a    b    c    d    e    f    g    h
starting search...
depth: 1 score: 1315 time: 0 nodes: 84 hashfull: 0
depth: 2 score: 1331 time: 0 nodes: 488 hashfull: 0
depth: 3 score: 1354 time: 2 nodes: 2205 hashfull: 0
depth: 4 score: 1340 time: 6 nodes: 7161 hashfull: 0
depth: 5 score: 1343 time: 20 nodes: 23044 hashfull: 0
depth: 6 score: 1347 time: 57 nodes: 73777 hashfull: 2
depth: 7 score: 1334 time: 145 nodes: 196065 hashfull: 4
depth: 8 score: 1330 time: 204 nodes: 380467 hashfull: 10
depth: 9 score: 1327 time: 948 nodes: 1270144 hashfull: 44
depth: 10 score: 1339 time: 2675 nodes: 3396653 hashfull: 89
[DEBUG] [Parser] Wrote to ouput file championship/git-gambit-logic-and-proofs/move.csv move : g8h7
[32;1m[Game] [0mPlayer's error code: 0
[32;1m[Game] [0mChecking move validity...
[32;1m[Board] [0mInitializing board...
[32;1m[Board] [0mLoading history file `championship/git-gambit-logic-and-proofs/history.csv`...
[32;1m[Board] [0mLoaded 21 move(s).
[32;1m[Board] [0mLoading move file `championship/git-gambit-logic-and-proofs/move.csv`...
[32;1m[Board] [0mBlack player is playing g8 to h7.
[32;1m[Board] [0m[5;1mBlack King is taking White Knight.[0m
[32;1m[Board] [0m
[32;1m[Board] [0m    a b c d e f g h 
[32;1m[Board] [0m  -------------------
[32;1m[Board] [0m8 ||[30;1mr[0m| |[30;1mb[0m| |[7;1m [0m|[30;1mr[0m|[7;1m [0m| || 8
[32;1m[Board] [0m  -------------------
[32;1m[Board] [0m7 ||[30;1mp[0m|[30;1mp[0m|[30;1mp[0m|[7;1m [0m| |[30;1mp[0m|[30;1mp[0m|[30;1mK[0m|| 7
[32;1m[Board] [0m  -------------------
[32;1m[Board] [0m6 ||[7;1m [0m| |[30;1mk[0m| |[30;1mp[0m|[30;1mk[0m|[7;1m [0m| || 6
[32;1m[Board] [0m  -------------------
[32;1m[Board] [0m5 || |[7;1m [0m| |[30;1mp[0m| |[7;1m [0m| |[7;1m [0m|| 5
[32;1m[Board] [0m  -------------------
[32;1m[Board] [0m4 ||[7;1m [0m| |[7;1m [0m| |[7;1m [0m|[0;1mp[0m|[7;1m [0m| || 4
[32;1m[Board] [0m  -------------------
[32;1m[Board] [0m3 ||[30;1mQ[0m|[0;1mp[0m|[0;1mp[0m|[0;1mp[0m| |[7;1m [0m| |[7;1m [0m|| 3
[32;1m[Board] [0m  -------------------
[32;1m[Board] [0m2 ||[0;1mp[0m| |[7;1m [0m|[0;1mb[0m|[0;1mp[0m| |[0;1mp[0m|[0;1mp[0m|| 2
[32;1m[Board] [0m  -------------------
[32;1m[Board] [0m1 || |[7;1m [0m|[0;1mr[0m|[7;1m [0m|[0;1mK[0m|[0;1mb[0m| |[0;1mr[0m|| 1
[32;1m[Board] [0m  -------------------
[32;1m[Board] [0m    a b c d e f g h
[32;1m[Board] [0m
[32;1m[Referee] [0mThis is the turn of the White player...

    a   b   c   d   e   f   g   h 
8 | r |   | b |   |   | r |   |    | 8
7 | p | p | p |   |   | p | p | k  | 7
6 |   |   | n |   | p | n |   |    | 6
5 |   |   |   | p |   |   |   |    | 5
4 |   |   |   |   |   | P |   |    | 4
3 | q | P | P | P |   |   |   |    | 3
2 | P |   |   | B | P |   | P | P  | 2
1 |   |   | R |   | K | B |   | R  | 1
    a   b   c   d   e   f   g   h 

Checking sequence: ,f2f4,b8c6,b2b3,g8f6,b1a3,e7e6,g1h3,f8c5,d2d3,c5b4,d1d2,b4d2,c1d2,e8g8,c2c3,d7d5,a1c1,d8e7,h3g5,e7a3,g5h7,g8h7
Potential openings: 
history does not match an opening
^ This is the 1 occurrence of this board layout.
v This is the 1 occurrence of this board layout.

    a   b   c   d   e   f   g   h 
8 | r |   | b |   |   | r |   |    | 8
7 | p | p | p |   |   | p | p | k  | 7
6 |   |   | n |   | p | n |   |    | 6
5 |   |   |   | p |   |   |   |    | 5
4 |   |   |   |   |   | P |   |    | 4
3 | q | P | P | P |   |   |   |    | 3
2 | P |   |   | B | P |   | P | P  | 2
1 |   |   | R |   | K | B | R |    | 1
    a   b   c   d   e   f   g   h 

[32;1m[Game] [0mPlayer's error code: 0
[32;1m[Game] [0mChecking move validity...
[32;1m[Board] [0mInitializing board...
[32;1m[Board] [0mLoading history file `championship/git-gambit-logic-and-proofs/history.csv`...
[32;1m[Board] [0mLoaded 22 move(s).
[32;1m[Board] [0mLoading move file `championship/git-gambit-logic-and-proofs/move.csv`...
[32;1m[Board] [0mWhite player is playing h1 to g1.
[32;1m[Board] [0m
[32;1m[Board] [0m    a b c d e f g h 
[32;1m[Board] [0m  -------------------
[32;1m[Board] [0m8 ||[30;1mr[0m| |[30;1mb[0m| |[7;1m [0m|[30;1mr[0m|[7;1m [0m| || 8
[32;1m[Board] [0m  -------------------
[32;1m[Board] [0m7 ||[30;1mp[0m|[30;1mp[0m|[30;1mp[0m|[7;1m [0m| |[30;1mp[0m|[30;1mp[0m|[30;1mK[0m|| 7
[32;1m[Board] [0m  -------------------
[32;1m[Board] [0m6 ||[7;1m [0m| |[30;1mk[0m| |[30;1mp[0m|[30;1mk[0m|[7;1m [0m| || 6
[32;1m[Board] [0m  -------------------
[32;1m[Board] [0m5 || |[7;1m [0m| |[30;1mp[0m| |[7;1m [0m| |[7;1m [0m|| 5
[32;1m[Board] [0m  -------------------
[32;1m[Board] [0m4 ||[7;1m [0m| |[7;1m [0m| |[7;1m [0m|[0;1mp[0m|[7;1m [0m| || 4
[32;1m[Board] [0m  -------------------
[32;1m[Board] [0m3 ||[30;1mQ[0m|[0;1mp[0m|[0;1mp[0m|[0;1mp[0m| |[7;1m [0m| |[7;1m [0m|| 3
[32;1m[Board] [0m  -------------------
[32;1m[Board] [0m2 ||[0;1mp[0m| |[7;1m [0m|[0;1mb[0m|[0;1mp[0m| |[0;1mp[0m|[0;1mp[0m|| 2
[32;1m[Board] [0m  -------------------
[32;1m[Board] [0m1 || |[7;1m [0m|[0;1mr[0m|[7;1m [0m|[0;1mK[0m|[0;1mb[0m|[0;1mr[0m|[7;1m [0m|| 1
[32;1m[Board] [0m  -------------------
[32;1m[Board] [0m    a b c d e f g h
[32;1m[Board] [0m
[32;1m[Referee] [0mThis is the turn of the Black player...
Error : can't load the file openings.txt
[DEBUG] Input history filename: championship/git-gambit-logic-and-proofs/history.csv
[DEBUG] Output move file: championship/git-gambit-logic-and-proofs/move.csv
[Parser][ply=] 23
how i see the board before writing next move: Turn: Black
Enpassant: xx	Castling: xxxx
   ---- ---- ---- ---- ---- ---- ---- ----
8 | r  |    | b  |    |    | r  |    |    |
   ---- ---- ---- ---- ---- ---- ---- ----
7 | p  | p  | p  |    |    | p  | p  | k  |
   ---- ---- ---- ---- ---- ---- ---- ----
6 |    |    | n  |    | p  | n  |    |    |
   ---- ---- ---- ---- ---- ---- ---- ----
5 |    |    |    | p  |    |    |    |    |
   ---- ---- ---- ---- ---- ---- ---- ----
4 |    |    |    |    |    | P  |    |    |
   ---- ---- ---- ---- ---- ---- ---- ----
3 | q  | P  | P  | P  |    |    |    |    |
   ---- ---- ---- ---- ---- ---- ---- ----
2 | P  |    |    | B  | P  |    | P  | P  |
   ---- ---- ---- ---- ---- ---- ---- ----
1 |    |    | R  |    | K  | B  | R  |    |
   ---- ---- ---- ---- ---- ---- ---- ----
    a    b    c    d    e    f    g    h
starting search...
depth: 1 score: 1376 time: 0 nodes: 88 hashfull: 0
depth: 2 score: 1374 time: 0 nodes: 410 hashfull: 0
depth: 3 score: 1397 time: 2 nodes: 2121 hashfull: 0
depth: 4 score: 1382 time: 9 nodes: 7592 hashfull: 0
depth: 5 score: 1367 time: 57 nodes: 42108 hashfull: 0
depth: 6 score: 1374 time: 100 nodes: 103698 hashfull: 3
depth: 7 score: 1394 time: 314 nodes: 287373 hashfull: 7
depth: 8 score: 1385 time: 758 nodes: 738537 hashfull: 18
depth: 9 score: 1408 time: 2624 nodes: 2414650 hashfull: 90
[DEBUG] [Parser] Wrote to ouput file championship/git-gambit-logic-and-proofs/move.csv move : a3a2
[32;1m[Game] [0mPlayer's error code: 0
[32;1m[Game] [0mChecking move validity...
[32;1m[Board] [0mInitializing board...
[32;1m[Board] [0mLoading history file `championship/git-gambit-logic-and-proofs/history.csv`...
[32;1m[Board] [0mLoaded 23 move(s).
[32;1m[Board] [0mLoading move file `championship/git-gambit-logic-and-proofs/move.csv`...
[32;1m[Board] [0mBlack player is playing a3 to a2.
[32;1m[Board] [0m[5;1mBlack Queen is taking White Pawn.[0m
[32;1m[Board] [0m
[32;1m[Board] [0m    a b c d e f g h 
[32;1m[Board] [0m  -------------------
[32;1m[Board] [0m8 ||[30;1mr[0m| |[30;1mb[0m| |[7;1m [0m|[30;1mr[0m|[7;1m [0m| || 8
[32;1m[Board] [0m  -------------------
[32;1m[Board] [0m7 ||[30;1mp[0m|[30;1mp[0m|[30;1mp[0m|[7;1m [0m| |[30;1mp[0m|[30;1mp[0m|[30;1mK[0m|| 7
[32;1m[Board] [0m  -------------------
[32;1m[Board] [0m6 ||[7;1m [0m| |[30;1mk[0m| |[30;1mp[0m|[30;1mk[0m|[7;1m [0m| || 6
[32;1m[Board] [0m  -------------------
[32;1m[Board] [0m5 || |[7;1m [0m| |[30;1mp[0m| |[7;1m [0m| |[7;1m [0m|| 5
[32;1m[Board] [0m  -------------------
[32;1m[Board] [0m4 ||[7;1m [0m| |[7;1m [0m| |[7;1m [0m|[0;1mp[0m|[7;1m [0m| || 4
[32;1m[Board] [0m  -------------------
[32;1m[Board] [0m3 || |[0;1mp[0m|[0;1mp[0m|[0;1mp[0m| |[7;1m [0m| |[7;1m [0m|| 3
[32;1m[Board] [0m  -------------------
[32;1m[Board] [0m2 ||[30;1mQ[0m| |[7;1m [0m|[0;1mb[0m|[0;1mp[0m| |[0;1mp[0m|[0;1mp[0m|| 2
[32;1m[Board] [0m  -------------------
[32;1m[Board] [0m1 || |[7;1m [0m|[0;1mr[0m|[7;1m [0m|[0;1mK[0m|[0;1mb[0m|[0;1mr[0m|[7;1m [0m|| 1
[32;1m[Board] [0m  -------------------
[32;1m[Board] [0m    a b c d e f g h
[32;1m[Board] [0m
[32;1m[Referee] [0mThis is the turn of the White player...

    a   b   c   d   e   f   g   h 
8 | r |   | b |   |   | r |   |    | 8
7 | p | p | p |   |   | p | p | k  | 7
6 |   |   | n |   | p | n |   |    | 6
5 |   |   |   | p |   |   |   |    | 5
4 |   |   |   |   |   | P |   |    | 4
3 |   | P | P | P |   |   |   |    | 3
2 | q |   |   | B | P |   | P | P  | 2
1 |   |   | R |   | K | B | R |    | 1
    a   b   c   d   e   f   g   h 

Checking sequence: ,f2f4,b8c6,b2b3,g8f6,b1a3,e7e6,g1h3,f8c5,d2d3,c5b4,d1d2,b4d2,c1d2,e8g8,c2c3,d7d5,a1c1,d8e7,h3g5,e7a3,g5h7,g8h7,h1g1,a3a2
Potential openings: 
history does not match an opening
^ This is the 1 occurrence of this board layout.
v This is the 1 occurrence of this board layout.

    a   b   c   d   e   f   g   h 
8 | r |   | b |   |   | r |   |    | 8
7 | p | p | p |   |   | p | p | k  | 7
6 |   |   | n |   | p | n |   |    | 6
5 |   |   |   | p |   |   |   |    | 5
4 |   |   |   | P |   | P |   |    | 4
3 |   | P | P |   |   |   |   |    | 3
2 | q |   |   | B | P |   | P | P  | 2
1 |   |   | R |   | K | B | R |    | 1
    a   b   c   d   e   f   g   h 

[32;1m[Game] [0mPlayer's error code: 0
[32;1m[Game] [0mChecking move validity...
[32;1m[Board] [0mInitializing board...
[32;1m[Board] [0mLoading history file `championship/git-gambit-logic-and-proofs/history.csv`...
[32;1m[Board] [0mLoaded 24 move(s).
[32;1m[Board] [0mLoading move file `championship/git-gambit-logic-and-proofs/move.csv`...
[32;1m[Board] [0mWhite player is playing d3 to d4.
[32;1m[Board] [0m
[32;1m[Board] [0m    a b c d e f g h 
[32;1m[Board] [0m  -------------------
[32;1m[Board] [0m8 ||[30;1mr[0m| |[30;1mb[0m| |[7;1m [0m|[30;1mr[0m|[7;1m [0m| || 8
[32;1m[Board] [0m  -------------------
[32;1m[Board] [0m7 ||[30;1mp[0m|[30;1mp[0m|[30;1mp[0m|[7;1m [0m| |[30;1mp[0m|[30;1mp[0m|[30;1mK[0m|| 7
[32;1m[Board] [0m  -------------------
[32;1m[Board] [0m6 ||[7;1m [0m| |[30;1mk[0m| |[30;1mp[0m|[30;1mk[0m|[7;1m [0m| || 6
[32;1m[Board] [0m  -------------------
[32;1m[Board] [0m5 || |[7;1m [0m| |[30;1mp[0m| |[7;1m [0m| |[7;1m [0m|| 5
[32;1m[Board] [0m  -------------------
[32;1m[Board] [0m4 ||[7;1m [0m| |[7;1m [0m|[0;1mp[0m|[7;1m [0m|[0;1mp[0m|[7;1m [0m| || 4
[32;1m[Board] [0m  -------------------
[32;1m[Board] [0m3 || |[0;1mp[0m|[0;1mp[0m|[7;1m [0m| |[7;1m [0m| |[7;1m [0m|| 3
[32;1m[Board] [0m  -------------------
[32;1m[Board] [0m2 ||[30;1mQ[0m| |[7;1m [0m|[0;1mb[0m|[0;1mp[0m| |[0;1mp[0m|[0;1mp[0m|| 2
[32;1m[Board] [0m  -------------------
[32;1m[Board] [0m1 || |[7;1m [0m|[0;1mr[0m|[7;1m [0m|[0;1mK[0m|[0;1mb[0m|[0;1mr[0m|[7;1m [0m|| 1
[32;1m[Board] [0m  -------------------
[32;1m[Board] [0m    a b c d e f g h
[32;1m[Board] [0m
[32;1m[Referee] [0mThis is the turn of the Black player...
Error : can't load the file openings.txt
[DEBUG] Input history filename: championship/git-gambit-logic-and-proofs/history.csv
[DEBUG] Output move file: championship/git-gambit-logic-and-proofs/move.csv
[Parser][ply=] 25
how i see the board before writing next move: Turn: Black
Enpassant: xx	Castling: xxxx
   ---- ---- ---- ---- ---- ---- ---- ----
8 | r  |    | b  |    |    | r  |    |    |
   ---- ---- ---- ---- ---- ---- ---- ----
7 | p  | p  | p  |    |    | p  | p  | k  |
   ---- ---- ---- ---- ---- ---- ---- ----
6 |    |    | n  |    | p  | n  |    |    |
   ---- ---- ---- ---- ---- ---- ---- ----
5 |    |    |    | p  |    |    |    |    |
   ---- ---- ---- ---- ---- ---- ---- ----
4 |    |    |    | P  |    | P  |    |    |
   ---- ---- ---- ---- ---- ---- ---- ----
3 |    | P  | P  |    |    |    |    |    |
   ---- ---- ---- ---- ---- ---- ---- ----
2 | q  |    |    | B  | P  |    | P  | P  |
   ---- ---- ---- ---- ---- ---- ---- ----
1 |    |    | R  |    | K  | B  | R  |    |
   ---- ---- ---- ---- ---- ---- ---- ----
    a    b    c    d    e    f    g    h
starting search...
depth: 1 score: 1448 time: 0 nodes: 99 hashfull: 0
depth: 2 score: 1434 time: 0 nodes: 356 hashfull: 0
depth: 3 score: 1470 time: 3 nodes: 2869 hashfull: 0
depth: 4 score: 1474 time: 9 nodes: 9491 hashfull: 0
depth: 5 score: 1506 time: 31 nodes: 32240 hashfull: 0
depth: 6 score: 1497 time: 64 nodes: 82179 hashfull: 3
depth: 7 score: 1526 time: 231 nodes: 243559 hashfull: 6
depth: 8 score: 1518 time: 380 nodes: 520069 hashfull: 13
depth: 9 score: 1518 time: 1525 nodes: 1708151 hashfull: 67
depth: 10 score: 1521 time: 4111 nodes: 4577317 hashfull: 119
[DEBUG] [Parser] Wrote to ouput file championship/git-gambit-logic-and-proofs/move.csv move : f6e4
[32;1m[Game] [0mPlayer's error code: 0
[32;1m[Game] [0mChecking move validity...
[32;1m[Board] [0mInitializing board...
[32;1m[Board] [0mLoading history file `championship/git-gambit-logic-and-proofs/history.csv`...
[32;1m[Board] [0mLoaded 25 move(s).
[32;1m[Board] [0mLoading move file `championship/git-gambit-logic-and-proofs/move.csv`...
[32;1m[Board] [0mBlack player is playing f6 to e4.
[32;1m[Board] [0m
[32;1m[Board] [0m    a b c d e f g h 
[32;1m[Board] [0m  -------------------
[32;1m[Board] [0m8 ||[30;1mr[0m| |[30;1mb[0m| |[7;1m [0m|[30;1mr[0m|[7;1m [0m| || 8
[32;1m[Board] [0m  -------------------
[32;1m[Board] [0m7 ||[30;1mp[0m|[30;1mp[0m|[30;1mp[0m|[7;1m [0m| |[30;1mp[0m|[30;1mp[0m|[30;1mK[0m|| 7
[32;1m[Board] [0m  -------------------
[32;1m[Board] [0m6 ||[7;1m [0m| |[30;1mk[0m| |[30;1mp[0m| |[7;1m [0m| || 6
[32;1m[Board] [0m  -------------------
[32;1m[Board] [0m5 || |[7;1m [0m| |[30;1mp[0m| |[7;1m [0m| |[7;1m [0m|| 5
[32;1m[Board] [0m  -------------------
[32;1m[Board] [0m4 ||[7;1m [0m| |[7;1m [0m|[0;1mp[0m|[30;1mk[0m|[0;1mp[0m|[7;1m [0m| || 4
[32;1m[Board] [0m  -------------------
[32;1m[Board] [0m3 || |[0;1mp[0m|[0;1mp[0m|[7;1m [0m| |[7;1m [0m| |[7;1m [0m|| 3
[32;1m[Board] [0m  -------------------
[32;1m[Board] [0m2 ||[30;1mQ[0m| |[7;1m [0m|[0;1mb[0m|[0;1mp[0m| |[0;1mp[0m|[0;1mp[0m|| 2
[32;1m[Board] [0m  -------------------
[32;1m[Board] [0m1 || |[7;1m [0m|[0;1mr[0m|[7;1m [0m|[0;1mK[0m|[0;1mb[0m|[0;1mr[0m|[7;1m [0m|| 1
[32;1m[Board] [0m  -------------------
[32;1m[Board] [0m    a b c d e f g h
[32;1m[Board] [0m
[32;1m[Referee] [0mThis is the turn of the White player...

    a   b   c   d   e   f   g   h 
8 | r |   | b |   |   | r |   |    | 8
7 | p | p | p |   |   | p | p | k  | 7
6 |   |   | n |   | p |   |   |    | 6
5 |   |   |   | p |   |   |   |    | 5
4 |   |   |   | P | n | P |   |    | 4
3 |   | P | P |   |   |   |   |    | 3
2 | q |   |   | B | P |   | P | P  | 2
1 |   |   | R |   | K | B | R |    | 1
    a   b   c   d   e   f   g   h 

Checking sequence: ,f2f4,b8c6,b2b3,g8f6,b1a3,e7e6,g1h3,f8c5,d2d3,c5b4,d1d2,b4d2,c1d2,e8g8,c2c3,d7d5,a1c1,d8e7,h3g5,e7a3,g5h7,g8h7,h1g1,a3a2,d3d4,f6e4
Potential openings: 
history does not match an opening
^ This is the 1 occurrence of this board layout.
v This is the 1 occurrence of this board layout.

    a   b   c   d   e   f   g   h 
8 | r |   | b |   |   | r |   |    | 8
7 | p | p | p |   |   | p | p | k  | 7
6 |   |   | n |   | p |   |   |    | 6
5 |   |   |   | p |   |   |   |    | 5
4 |   |   |   | P | n | P |   |    | 4
3 |   | P | P |   |   |   |   |    | 3
2 | q |   |   | B | P |   | P | P  | 2
1 | R |   |   |   | K | B | R |    | 1
    a   b   c   d   e   f   g   h 

[32;1m[Game] [0mPlayer's error code: 0
[32;1m[Game] [0mChecking move validity...
[32;1m[Board] [0mInitializing board...
[32;1m[Board] [0mLoading history file `championship/git-gambit-logic-and-proofs/history.csv`...
[32;1m[Board] [0mLoaded 26 move(s).
[32;1m[Board] [0mLoading move file `championship/git-gambit-logic-and-proofs/move.csv`...
[32;1m[Board] [0mWhite player is playing c1 to a1.
[32;1m[Board] [0m
[32;1m[Board] [0m    a b c d e f g h 
[32;1m[Board] [0m  -------------------
[32;1m[Board] [0m8 ||[30;1mr[0m| |[30;1mb[0m| |[7;1m [0m|[30;1mr[0m|[7;1m [0m| || 8
[32;1m[Board] [0m  -------------------
[32;1m[Board] [0m7 ||[30;1mp[0m|[30;1mp[0m|[30;1mp[0m|[7;1m [0m| |[30;1mp[0m|[30;1mp[0m|[30;1mK[0m|| 7
[32;1m[Board] [0m  -------------------
[32;1m[Board] [0m6 ||[7;1m [0m| |[30;1mk[0m| |[30;1mp[0m| |[7;1m [0m| || 6
[32;1m[Board] [0m  -------------------
[32;1m[Board] [0m5 || |[7;1m [0m| |[30;1mp[0m| |[7;1m [0m| |[7;1m [0m|| 5
[32;1m[Board] [0m  -------------------
[32;1m[Board] [0m4 ||[7;1m [0m| |[7;1m [0m|[0;1mp[0m|[30;1mk[0m|[0;1mp[0m|[7;1m [0m| || 4
[32;1m[Board] [0m  -------------------
[32;1m[Board] [0m3 || |[0;1mp[0m|[0;1mp[0m|[7;1m [0m| |[7;1m [0m| |[7;1m [0m|| 3
[32;1m[Board] [0m  -------------------
[32;1m[Board] [0m2 ||[30;1mQ[0m| |[7;1m [0m|[0;1mb[0m|[0;1mp[0m| |[0;1mp[0m|[0;1mp[0m|| 2
[32;1m[Board] [0m  -------------------
[32;1m[Board] [0m1 ||[0;1mr[0m|[7;1m [0m| |[7;1m [0m|[0;1mK[0m|[0;1mb[0m|[0;1mr[0m|[7;1m [0m|| 1
[32;1m[Board] [0m  -------------------
[32;1m[Board] [0m    a b c d e f g h
[32;1m[Board] [0m
[32;1m[Referee] [0mThis is the turn of the Black player...
Error : can't load the file openings.txt
[DEBUG] Input history filename: championship/git-gambit-logic-and-proofs/history.csv
[DEBUG] Output move file: championship/git-gambit-logic-and-proofs/move.csv
[Parser][ply=] 27
how i see the board before writing next move: Turn: Black
Enpassant: xx	Castling: xxxx
   ---- ---- ---- ---- ---- ---- ---- ----
8 | r  |    | b  |    |    | r  |    |    |
   ---- ---- ---- ---- ---- ---- ---- ----
7 | p  | p  | p  |    |    | p  | p  | k  |
   ---- ---- ---- ---- ---- ---- ---- ----
6 |    |    | n  |    | p  |    |    |    |
   ---- ---- ---- ---- ---- ---- ---- ----
5 |    |    |    | p  |    |    |    |    |
   ---- ---- ---- ---- ---- ---- ---- ----
4 |    |    |    | P  | n  | P  |    |    |
   ---- ---- ---- ---- ---- ---- ---- ----
3 |    | P  | P  |    |    |    |    |    |
   ---- ---- ---- ---- ---- ---- ---- ----
2 | q  |    |    | B  | P  |    | P  | P  |
   ---- ---- ---- ---- ---- ---- ---- ----
1 | R  |    |    |    | K  | B  | R  |    |
   ---- ---- ---- ---- ---- ---- ---- ----
    a    b    c    d    e    f    g    h
starting search...
depth: 1 score: 1851 time: 0 nodes: 88 hashfull: 0
depth: 2 score: 2179 time: 0 nodes: 262 hashfull: 0
depth: 3 score: 99999 time: 0 nodes: 454 hashfull: 0
[DEBUG] [Parser] Wrote to ouput file championship/git-gambit-logic-and-proofs/move.csv move : a2d2
[32;1m[Game] [0mPlayer's error code: 0
[32;1m[Game] [0mChecking move validity...
[32;1m[Board] [0mInitializing board...
[32;1m[Board] [0mLoading history file `championship/git-gambit-logic-and-proofs/history.csv`...
[32;1m[Board] [0mLoaded 27 move(s).
[32;1m[Board] [0mLoading move file `championship/git-gambit-logic-and-proofs/move.csv`...
[32;1m[Board] [0mBlack player is playing a2 to d2.
[32;1m[Board] [0m[5;1mBlack Queen is taking White Bishop.[0m
[32;1m[Board] [0m
[32;1m[Board] [0m    a b c d e f g h 
[32;1m[Board] [0m  -------------------
[32;1m[Board] [0m8 ||[30;1mr[0m| |[30;1mb[0m| |[7;1m [0m|[30;1mr[0m|[7;1m [0m| || 8
[32;1m[Board] [0m  -------------------
[32;1m[Board] [0m7 ||[30;1mp[0m|[30;1mp[0m|[30;1mp[0m|[7;1m [0m| |[30;1mp[0m|[30;1mp[0m|[30;1mK[0m|| 7
[32;1m[Board] [0m  -------------------
[32;1m[Board] [0m6 ||[7;1m [0m| |[30;1mk[0m| |[30;1mp[0m| |[7;1m [0m| || 6
[32;1m[Board] [0m  -------------------
[32;1m[Board] [0m5 || |[7;1m [0m| |[30;1mp[0m| |[7;1m [0m| |[7;1m [0m|| 5
[32;1m[Board] [0m  -------------------
[32;1m[Board] [0m4 ||[7;1m [0m| |[7;1m [0m|[0;1mp[0m|[30;1mk[0m|[0;1mp[0m|[7;1m [0m| || 4
[32;1m[Board] [0m  -------------------
[32;1m[Board] [0m3 || |[0;1mp[0m|[0;1mp[0m|[7;1m [0m| |[7;1m [0m| |[7;1m [0m|| 3
[32;1m[Board] [0m  -------------------
[32;1m[Board] [0m2 ||[7;1m [0m| |[7;1m [0m|[30;1mQ[0m|[0;1mp[0m| |[0;1mp[0m|[0;1mp[0m|| 2
[32;1m[Board] [0m  -------------------
[32;1m[Board] [0m1 ||[0;1mr[0m|[7;1m [0m| |[7;1m [0m|[0;1mK[0m|[0;1mb[0m|[0;1mr[0m|[7;1m [0m|| 1
[32;1m[Board] [0m  -------------------
[32;1m[Board] [0m    a b c d e f g h
[32;1m[Board] [0m
[32;1m[Referee] [0mThis is the turn of the White player...
[32;1m[Board] [0m[33;1m[WARNING][0m [5;1mWhite King in checkmate![0m
[32;1m[Board] [0m[33;1m[WARNING][0m The Black player wins!
