[32;1m[Board] [0mInitializing board...
[32;1m[Board] [0m
[32;1m[Board] [0m    a b c d e f g h 
[32;1m[Board] [0m  -------------------
[32;1m[Board] [0m8 ||[30;1mr[0m|[30;1mk[0m|[30;1mb[0m|[30;1mQ[0m|[30;1mK[0m|[30;1mb[0m|[30;1mk[0m|[30;1mr[0m|| 8
[32;1m[Board] [0m  -------------------
[32;1m[Board] [0m7 ||[30;1mp[0m|[30;1mp[0m|[30;1mp[0m|[30;1mp[0m|[30;1mp[0m|[30;1mp[0m|[30;1mp[0m|[30;1mp[0m|| 7
[32;1m[Board] [0m  -------------------
[32;1m[Board] [0m6 ||[7;1m [0m| |[7;1m [0m| |[7;1m [0m| |[7;1m [0m| || 6
[32;1m[Board] [0m  -------------------
[32;1m[Board] [0m5 || |[7;1m [0m| |[7;1m [0m| |[7;1m [0m| |[7;1m [0m|| 5
[32;1m[Board] [0m  -------------------
[32;1m[Board] [0m4 ||[7;1m [0m| |[7;1m [0m| |[7;1m [0m| |[7;1m [0m| || 4
[32;1m[Board] [0m  -------------------
[32;1m[Board] [0m3 || |[7;1m [0m| |[7;1m [0m| |[7;1m [0m| |[7;1m [0m|| 3
[32;1m[Board] [0m  -------------------
[32;1m[Board] [0m2 ||[0;1mp[0m|[0;1mp[0m|[0;1mp[0m|[0;1mp[0m|[0;1mp[0m|[0;1mp[0m|[0;1mp[0m|[0;1mp[0m|| 2
[32;1m[Board] [0m  -------------------
[32;1m[Board] [0m1 ||[0;1mr[0m|[0;1mk[0m|[0;1mb[0m|[0;1mQ[0m|[0;1mK[0m|[0;1mb[0m|[0;1mk[0m|[0;1mr[0m|| 1
[32;1m[Board] [0m  -------------------
[32;1m[Board] [0m    a b c d e f g h
[32;1m[Board] [0m
[32;1m[Referee] [0mThis is the turn of the White player...
   â”Œâ”€â”€â”€â”¬â”€â”€â”€â”¬â”€â”€â”€â”¬â”€â”€â”€â”¬â”€â”€â”€â”¬â”€â”€â”€â”¬â”€â”€â”€â”¬â”€â”€â”€â”
 8 â”‚ â™– â”‚ â™˜ â”‚ â™— â”‚ â™• â”‚ â™” â”‚ â™— â”‚ â™˜ â”‚ â™– â”‚
   â”œâ”€â”€â”€â”¼â”€â”€â”€â”¼â”€â”€â”€â”¼â”€â”€â”€â”¼â”€â”€â”€â”¼â”€â”€â”€â”¼â”€â”€â”€â”¼â”€â”€â”€â”¤
 7 â”‚ â™™ â”‚ â™™ â”‚ â™™ â”‚ â™™ â”‚ â™™ â”‚ â™™ â”‚ â™™ â”‚ â™™ â”‚
   â”œâ”€â”€â”€â”¼â”€â”€â”€â”¼â”€â”€â”€â”¼â”€â”€â”€â”¼â”€â”€â”€â”¼â”€â”€â”€â”¼â”€â”€â”€â”¼â”€â”€â”€â”¤
 6 â”‚   â”‚   â”‚   â”‚   â”‚   â”‚   â”‚   â”‚   â”‚
   â”œâ”€â”€â”€â”¼â”€â”€â”€â”¼â”€â”€â”€â”¼â”€â”€â”€â”¼â”€â”€â”€â”¼â”€â”€â”€â”¼â”€â”€â”€â”¼â”€â”€â”€â”¤
 5 â”‚   â”‚   â”‚   â”‚   â”‚   â”‚   â”‚   â”‚   â”‚
   â”œâ”€â”€â”€â”¼â”€â”€â”€â”¼â”€â”€â”€â”¼â”€â”€â”€â”¼â”€â”€â”€â”¼â”€â”€â”€â”¼â”€â”€â”€â”¼â”€â”€â”€â”¤
 4 â”‚   â”‚   â”‚   â”‚   â”‚   â”‚   â”‚   â”‚   â”‚
   â”œâ”€â”€â”€â”¼â”€â”€â”€â”¼â”€â”€â”€â”¼â”€â”€â”€â”¼â”€â”€â”€â”¼â”€â”€â”€â”¼â”€â”€â”€â”¼â”€â”€â”€â”¤
 3 â”‚   â”‚   â”‚   â”‚   â”‚   â”‚   â”‚   â”‚   â”‚
   â”œâ”€â”€â”€â”¼â”€â”€â”€â”¼â”€â”€â”€â”¼â”€â”€â”€â”¼â”€â”€â”€â”¼â”€â”€â”€â”¼â”€â”€â”€â”¼â”€â”€â”€â”¤
 2 â”‚ â™Ÿ â”‚ â™Ÿ â”‚ â™Ÿ â”‚ â™Ÿ â”‚ â™Ÿ â”‚ â™Ÿ â”‚ â™Ÿ â”‚ â™Ÿ â”‚
   â”œâ”€â”€â”€â”¼â”€â”€â”€â”¼â”€â”€â”€â”¼â”€â”€â”€â”¼â”€â”€â”€â”¼â”€â”€â”€â”¼â”€â”€â”€â”¼â”€â”€â”€â”¤
 1 â”‚ â™œ â”‚ â™ â”‚ â™ â”‚ â™› â”‚ â™š â”‚ â™ â”‚ â™ â”‚ â™œ â”‚
   â””â”€â”€â”€â”´â”€â”€â”€â”´â”€â”€â”€â”´â”€â”€â”€â”´â”€â”€â”€â”´â”€â”€â”€â”´â”€â”€â”€â”´â”€â”€â”€â”˜
     a   b   c   d   e   f   g   h
Opening Book execution time: 4.191e-06 seconds.
From opening book
d2d4
[32;1m[Game] [0mPlayer's error code: 0
[32;1m[Game] [0mChecking move validity...
[32;1m[Board] [0mInitializing board...
[32;1m[Board] [0mLoading history file `championship/kean-chess-engine-beatingthehorse/history.csv`...
[32;1m[Board] [0mLoaded 0 move(s).
[32;1m[Board] [0mLoading move file `championship/kean-chess-engine-beatingthehorse/move.csv`...
[32;1m[Board] [0mWhite player is playing d2 to d4.
[32;1m[Board] [0m
[32;1m[Board] [0m    a b c d e f g h 
[32;1m[Board] [0m  -------------------
[32;1m[Board] [0m8 ||[30;1mr[0m|[30;1mk[0m|[30;1mb[0m|[30;1mQ[0m|[30;1mK[0m|[30;1mb[0m|[30;1mk[0m|[30;1mr[0m|| 8
[32;1m[Board] [0m  -------------------
[32;1m[Board] [0m7 ||[30;1mp[0m|[30;1mp[0m|[30;1mp[0m|[30;1mp[0m|[30;1mp[0m|[30;1mp[0m|[30;1mp[0m|[30;1mp[0m|| 7
[32;1m[Board] [0m  -------------------
[32;1m[Board] [0m6 ||[7;1m [0m| |[7;1m [0m| |[7;1m [0m| |[7;1m [0m| || 6
[32;1m[Board] [0m  -------------------
[32;1m[Board] [0m5 || |[7;1m [0m| |[7;1m [0m| |[7;1m [0m| |[7;1m [0m|| 5
[32;1m[Board] [0m  -------------------
[32;1m[Board] [0m4 ||[7;1m [0m| |[7;1m [0m|[0;1mp[0m|[7;1m [0m| |[7;1m [0m| || 4
[32;1m[Board] [0m  -------------------
[32;1m[Board] [0m3 || |[7;1m [0m| |[7;1m [0m| |[7;1m [0m| |[7;1m [0m|| 3
[32;1m[Board] [0m  -------------------
[32;1m[Board] [0m2 ||[0;1mp[0m|[0;1mp[0m|[0;1mp[0m| |[0;1mp[0m|[0;1mp[0m|[0;1mp[0m|[0;1mp[0m|| 2
[32;1m[Board] [0m  -------------------
[32;1m[Board] [0m1 ||[0;1mr[0m|[0;1mk[0m|[0;1mb[0m|[0;1mQ[0m|[0;1mK[0m|[0;1mb[0m|[0;1mk[0m|[0;1mr[0m|| 1
[32;1m[Board] [0m  -------------------
[32;1m[Board] [0m    a b c d e f g h
[32;1m[Board] [0m
[32;1m[Referee] [0mThis is the turn of the Black player...
[32;1m[Game] [0mPlayer's error code: 0
[32;1m[Game] [0mChecking move validity...
[32;1m[Board] [0mInitializing board...
[32;1m[Board] [0mLoading history file `championship/kean-chess-engine-beatingthehorse/history.csv`...
[32;1m[Board] [0mLoaded 1 move(s).
[32;1m[Board] [0mLoading move file `championship/kean-chess-engine-beatingthehorse/move.csv`...
[32;1m[Board] [0mBlack player is playing a7 to a6.
[32;1m[Board] [0m
[32;1m[Board] [0m    a b c d e f g h 
[32;1m[Board] [0m  -------------------
[32;1m[Board] [0m8 ||[30;1mr[0m|[30;1mk[0m|[30;1mb[0m|[30;1mQ[0m|[30;1mK[0m|[30;1mb[0m|[30;1mk[0m|[30;1mr[0m|| 8
[32;1m[Board] [0m  -------------------
[32;1m[Board] [0m7 || |[30;1mp[0m|[30;1mp[0m|[30;1mp[0m|[30;1mp[0m|[30;1mp[0m|[30;1mp[0m|[30;1mp[0m|| 7
[32;1m[Board] [0m  -------------------
[32;1m[Board] [0m6 ||[30;1mp[0m| |[7;1m [0m| |[7;1m [0m| |[7;1m [0m| || 6
[32;1m[Board] [0m  -------------------
[32;1m[Board] [0m5 || |[7;1m [0m| |[7;1m [0m| |[7;1m [0m| |[7;1m [0m|| 5
[32;1m[Board] [0m  -------------------
[32;1m[Board] [0m4 ||[7;1m [0m| |[7;1m [0m|[0;1mp[0m|[7;1m [0m| |[7;1m [0m| || 4
[32;1m[Board] [0m  -------------------
[32;1m[Board] [0m3 || |[7;1m [0m| |[7;1m [0m| |[7;1m [0m| |[7;1m [0m|| 3
[32;1m[Board] [0m  -------------------
[32;1m[Board] [0m2 ||[0;1mp[0m|[0;1mp[0m|[0;1mp[0m| |[0;1mp[0m|[0;1mp[0m|[0;1mp[0m|[0;1mp[0m|| 2
[32;1m[Board] [0m  -------------------
[32;1m[Board] [0m1 ||[0;1mr[0m|[0;1mk[0m|[0;1mb[0m|[0;1mQ[0m|[0;1mK[0m|[0;1mb[0m|[0;1mk[0m|[0;1mr[0m|| 1
[32;1m[Board] [0m  -------------------
[32;1m[Board] [0m    a b c d e f g h
[32;1m[Board] [0m
[32;1m[Referee] [0mThis is the turn of the White player...
   â”Œâ”€â”€â”€â”¬â”€â”€â”€â”¬â”€â”€â”€â”¬â”€â”€â”€â”¬â”€â”€â”€â”¬â”€â”€â”€â”¬â”€â”€â”€â”¬â”€â”€â”€â”
 8 â”‚ â™– â”‚ â™˜ â”‚ â™— â”‚ â™• â”‚ â™” â”‚ â™— â”‚ â™˜ â”‚ â™– â”‚
   â”œâ”€â”€â”€â”¼â”€â”€â”€â”¼â”€â”€â”€â”¼â”€â”€â”€â”¼â”€â”€â”€â”¼â”€â”€â”€â”¼â”€â”€â”€â”¼â”€â”€â”€â”¤
 7 â”‚   â”‚ â™™ â”‚ â™™ â”‚ â™™ â”‚ â™™ â”‚ â™™ â”‚ â™™ â”‚ â™™ â”‚
   â”œâ”€â”€â”€â”¼â”€â”€â”€â”¼â”€â”€â”€â”¼â”€â”€â”€â”¼â”€â”€â”€â”¼â”€â”€â”€â”¼â”€â”€â”€â”¼â”€â”€â”€â”¤
 6 â”‚ â™™ â”‚   â”‚   â”‚   â”‚   â”‚   â”‚   â”‚   â”‚
   â”œâ”€â”€â”€â”¼â”€â”€â”€â”¼â”€â”€â”€â”¼â”€â”€â”€â”¼â”€â”€â”€â”¼â”€â”€â”€â”¼â”€â”€â”€â”¼â”€â”€â”€â”¤
 5 â”‚   â”‚   â”‚   â”‚   â”‚   â”‚   â”‚   â”‚   â”‚
   â”œâ”€â”€â”€â”¼â”€â”€â”€â”¼â”€â”€â”€â”¼â”€â”€â”€â”¼â”€â”€â”€â”¼â”€â”€â”€â”¼â”€â”€â”€â”¼â”€â”€â”€â”¤
 4 â”‚   â”‚   â”‚   â”‚ â™Ÿ â”‚   â”‚   â”‚   â”‚   â”‚
   â”œâ”€â”€â”€â”¼â”€â”€â”€â”¼â”€â”€â”€â”¼â”€â”€â”€â”¼â”€â”€â”€â”¼â”€â”€â”€â”¼â”€â”€â”€â”¼â”€â”€â”€â”¤
 3 â”‚   â”‚   â”‚   â”‚   â”‚   â”‚   â”‚   â”‚   â”‚
   â”œâ”€â”€â”€â”¼â”€â”€â”€â”¼â”€â”€â”€â”¼â”€â”€â”€â”¼â”€â”€â”€â”¼â”€â”€â”€â”¼â”€â”€â”€â”¼â”€â”€â”€â”¤
 2 â”‚ â™Ÿ â”‚ â™Ÿ â”‚ â™Ÿ â”‚   â”‚ â™Ÿ â”‚ â™Ÿ â”‚ â™Ÿ â”‚ â™Ÿ â”‚
   â”œâ”€â”€â”€â”¼â”€â”€â”€â”¼â”€â”€â”€â”¼â”€â”€â”€â”¼â”€â”€â”€â”¼â”€â”€â”€â”¼â”€â”€â”€â”¼â”€â”€â”€â”¤
 1 â”‚ â™œ â”‚ â™ â”‚ â™ â”‚ â™› â”‚ â™š â”‚ â™ â”‚ â™ â”‚ â™œ â”‚
   â””â”€â”€â”€â”´â”€â”€â”€â”´â”€â”€â”€â”´â”€â”€â”€â”´â”€â”€â”€â”´â”€â”€â”€â”´â”€â”€â”€â”´â”€â”€â”€â”˜
     a   b   c   d   e   f   g   h
Opening Book execution time: 0.000729562 seconds.
From opening book
c2c3
[32;1m[Game] [0mPlayer's error code: 0
[32;1m[Game] [0mChecking move validity...
[32;1m[Board] [0mInitializing board...
[32;1m[Board] [0mLoading history file `championship/kean-chess-engine-beatingthehorse/history.csv`...
[32;1m[Board] [0mLoaded 2 move(s).
[32;1m[Board] [0mLoading move file `championship/kean-chess-engine-beatingthehorse/move.csv`...
[32;1m[Board] [0mWhite player is playing c2 to c3.
[32;1m[Board] [0m
[32;1m[Board] [0m    a b c d e f g h 
[32;1m[Board] [0m  -------------------
[32;1m[Board] [0m8 ||[30;1mr[0m|[30;1mk[0m|[30;1mb[0m|[30;1mQ[0m|[30;1mK[0m|[30;1mb[0m|[30;1mk[0m|[30;1mr[0m|| 8
[32;1m[Board] [0m  -------------------
[32;1m[Board] [0m7 || |[30;1mp[0m|[30;1mp[0m|[30;1mp[0m|[30;1mp[0m|[30;1mp[0m|[30;1mp[0m|[30;1mp[0m|| 7
[32;1m[Board] [0m  -------------------
[32;1m[Board] [0m6 ||[30;1mp[0m| |[7;1m [0m| |[7;1m [0m| |[7;1m [0m| || 6
[32;1m[Board] [0m  -------------------
[32;1m[Board] [0m5 || |[7;1m [0m| |[7;1m [0m| |[7;1m [0m| |[7;1m [0m|| 5
[32;1m[Board] [0m  -------------------
[32;1m[Board] [0m4 ||[7;1m [0m| |[7;1m [0m|[0;1mp[0m|[7;1m [0m| |[7;1m [0m| || 4
[32;1m[Board] [0m  -------------------
[32;1m[Board] [0m3 || |[7;1m [0m|[0;1mp[0m|[7;1m [0m| |[7;1m [0m| |[7;1m [0m|| 3
[32;1m[Board] [0m  -------------------
[32;1m[Board] [0m2 ||[0;1mp[0m|[0;1mp[0m|[7;1m [0m| |[0;1mp[0m|[0;1mp[0m|[0;1mp[0m|[0;1mp[0m|| 2
[32;1m[Board] [0m  -------------------
[32;1m[Board] [0m1 ||[0;1mr[0m|[0;1mk[0m|[0;1mb[0m|[0;1mQ[0m|[0;1mK[0m|[0;1mb[0m|[0;1mk[0m|[0;1mr[0m|| 1
[32;1m[Board] [0m  -------------------
[32;1m[Board] [0m    a b c d e f g h
[32;1m[Board] [0m
[32;1m[Referee] [0mThis is the turn of the Black player...
[32;1m[Game] [0mPlayer's error code: 0
[32;1m[Game] [0mChecking move validity...
[32;1m[Board] [0mInitializing board...
[32;1m[Board] [0mLoading history file `championship/kean-chess-engine-beatingthehorse/history.csv`...
[32;1m[Board] [0mLoaded 3 move(s).
[32;1m[Board] [0mLoading move file `championship/kean-chess-engine-beatingthehorse/move.csv`...
[32;1m[Board] [0mBlack player is playing a6 to a5.
[32;1m[Board] [0m
[32;1m[Board] [0m    a b c d e f g h 
[32;1m[Board] [0m  -------------------
[32;1m[Board] [0m8 ||[30;1mr[0m|[30;1mk[0m|[30;1mb[0m|[30;1mQ[0m|[30;1mK[0m|[30;1mb[0m|[30;1mk[0m|[30;1mr[0m|| 8
[32;1m[Board] [0m  -------------------
[32;1m[Board] [0m7 || |[30;1mp[0m|[30;1mp[0m|[30;1mp[0m|[30;1mp[0m|[30;1mp[0m|[30;1mp[0m|[30;1mp[0m|| 7
[32;1m[Board] [0m  -------------------
[32;1m[Board] [0m6 ||[7;1m [0m| |[7;1m [0m| |[7;1m [0m| |[7;1m [0m| || 6
[32;1m[Board] [0m  -------------------
[32;1m[Board] [0m5 ||[30;1mp[0m|[7;1m [0m| |[7;1m [0m| |[7;1m [0m| |[7;1m [0m|| 5
[32;1m[Board] [0m  -------------------
[32;1m[Board] [0m4 ||[7;1m [0m| |[7;1m [0m|[0;1mp[0m|[7;1m [0m| |[7;1m [0m| || 4
[32;1m[Board] [0m  -------------------
[32;1m[Board] [0m3 || |[7;1m [0m|[0;1mp[0m|[7;1m [0m| |[7;1m [0m| |[7;1m [0m|| 3
[32;1m[Board] [0m  -------------------
[32;1m[Board] [0m2 ||[0;1mp[0m|[0;1mp[0m|[7;1m [0m| |[0;1mp[0m|[0;1mp[0m|[0;1mp[0m|[0;1mp[0m|| 2
[32;1m[Board] [0m  -------------------
[32;1m[Board] [0m1 ||[0;1mr[0m|[0;1mk[0m|[0;1mb[0m|[0;1mQ[0m|[0;1mK[0m|[0;1mb[0m|[0;1mk[0m|[0;1mr[0m|| 1
[32;1m[Board] [0m  -------------------
[32;1m[Board] [0m    a b c d e f g h
[32;1m[Board] [0m
[32;1m[Referee] [0mThis is the turn of the White player...
   â”Œâ”€â”€â”€â”¬â”€â”€â”€â”¬â”€â”€â”€â”¬â”€â”€â”€â”¬â”€â”€â”€â”¬â”€â”€â”€â”¬â”€â”€â”€â”¬â”€â”€â”€â”
 8 â”‚ â™– â”‚ â™˜ â”‚ â™— â”‚ â™• â”‚ â™” â”‚ â™— â”‚ â™˜ â”‚ â™– â”‚
   â”œâ”€â”€â”€â”¼â”€â”€â”€â”¼â”€â”€â”€â”¼â”€â”€â”€â”¼â”€â”€â”€â”¼â”€â”€â”€â”¼â”€â”€â”€â”¼â”€â”€â”€â”¤
 7 â”‚   â”‚ â™™ â”‚ â™™ â”‚ â™™ â”‚ â™™ â”‚ â™™ â”‚ â™™ â”‚ â™™ â”‚
   â”œâ”€â”€â”€â”¼â”€â”€â”€â”¼â”€â”€â”€â”¼â”€â”€â”€â”¼â”€â”€â”€â”¼â”€â”€â”€â”¼â”€â”€â”€â”¼â”€â”€â”€â”¤
 6 â”‚   â”‚   â”‚   â”‚   â”‚   â”‚   â”‚   â”‚   â”‚
   â”œâ”€â”€â”€â”¼â”€â”€â”€â”¼â”€â”€â”€â”¼â”€â”€â”€â”¼â”€â”€â”€â”¼â”€â”€â”€â”¼â”€â”€â”€â”¼â”€â”€â”€â”¤
 5 â”‚ â™™ â”‚   â”‚   â”‚   â”‚   â”‚   â”‚   â”‚   â”‚
   â”œâ”€â”€â”€â”¼â”€â”€â”€â”¼â”€â”€â”€â”¼â”€â”€â”€â”¼â”€â”€â”€â”¼â”€â”€â”€â”¼â”€â”€â”€â”¼â”€â”€â”€â”¤
 4 â”‚   â”‚   â”‚   â”‚ â™Ÿ â”‚   â”‚   â”‚   â”‚   â”‚
   â”œâ”€â”€â”€â”¼â”€â”€â”€â”¼â”€â”€â”€â”¼â”€â”€â”€â”¼â”€â”€â”€â”¼â”€â”€â”€â”¼â”€â”€â”€â”¼â”€â”€â”€â”¤
 3 â”‚   â”‚   â”‚ â™Ÿ â”‚   â”‚   â”‚   â”‚   â”‚   â”‚
   â”œâ”€â”€â”€â”¼â”€â”€â”€â”¼â”€â”€â”€â”¼â”€â”€â”€â”¼â”€â”€â”€â”¼â”€â”€â”€â”¼â”€â”€â”€â”¼â”€â”€â”€â”¤
 2 â”‚ â™Ÿ â”‚ â™Ÿ â”‚   â”‚   â”‚ â™Ÿ â”‚ â™Ÿ â”‚ â™Ÿ â”‚ â™Ÿ â”‚
   â”œâ”€â”€â”€â”¼â”€â”€â”€â”¼â”€â”€â”€â”¼â”€â”€â”€â”¼â”€â”€â”€â”¼â”€â”€â”€â”¼â”€â”€â”€â”¼â”€â”€â”€â”¤
 1 â”‚ â™œ â”‚ â™ â”‚ â™ â”‚ â™› â”‚ â™š â”‚ â™ â”‚ â™ â”‚ â™œ â”‚
   â””â”€â”€â”€â”´â”€â”€â”€â”´â”€â”€â”€â”´â”€â”€â”€â”´â”€â”€â”€â”´â”€â”€â”€â”´â”€â”€â”€â”´â”€â”€â”€â”˜
     a   b   c   d   e   f   g   h
Opening Book execution time: 0.0270358 seconds.
No Book Moves Found
Aspiration Window Exceeded, Expaning...
Aspiration Window Exceeded, Expaning...
Aspiration Window Exceeded, Expaning...
Depth: 1 Best move found: e2e3 Evaluation: 800 Nodes searched: 41 (Alpha Beta 5, Quiescence 36)
Depth: 2 Best move found: b1d2 Evaluation: 183 Nodes searched: 163 (Alpha Beta 32, Quiescence 131)
Depth: 3 Best move found: b1a3 Evaluation: 711 Nodes searched: 133 (Alpha Beta 51, Quiescence 82)
Depth: 4 Best move found: b1d2 Evaluation: 206 Nodes searched: 3041 (Alpha Beta 1467, Quiescence 1574)
[32;1m[Game] [0mPlayer's error code: 11
[32;1m[Game] [0m[31;1m[ERROR][0m The program `/home/julien/Pro/git/teaching/x/2024/kean-chess-engine/build/KEAN_chess_engine' has crashed :(
[32;1m[Game] [0mWhite player has lost on illegal move.
