[32;1m[Board] [0mInitializing board...
[32;1m[Board] [0m
[32;1m[Board] [0m    a b c d e f g h 
[32;1m[Board] [0m  -------------------
[32;1m[Board] [0m8 ||[30;1mr[0m|[30;1mk[0m|[30;1mb[0m|[30;1mQ[0m|[30;1mK[0m|[30;1mb[0m|[30;1mk[0m|[30;1mr[0m|| 8
[32;1m[Board] [0m  -------------------
[32;1m[Board] [0m7 ||[30;1mp[0m|[30;1mp[0m|[30;1mp[0m|[30;1mp[0m|[30;1mp[0m|[30;1mp[0m|[30;1mp[0m|[30;1mp[0m|| 7
[32;1m[Board] [0m  -------------------
[32;1m[Board] [0m6 ||[7;1m [0m| |[7;1m [0m| |[7;1m [0m| |[7;1m [0m| || 6
[32;1m[Board] [0m  -------------------
[32;1m[Board] [0m5 || |[7;1m [0m| |[7;1m [0m| |[7;1m [0m| |[7;1m [0m|| 5
[32;1m[Board] [0m  -------------------
[32;1m[Board] [0m4 ||[7;1m [0m| |[7;1m [0m| |[7;1m [0m| |[7;1m [0m| || 4
[32;1m[Board] [0m  -------------------
[32;1m[Board] [0m3 || |[7;1m [0m| |[7;1m [0m| |[7;1m [0m| |[7;1m [0m|| 3
[32;1m[Board] [0m  -------------------
[32;1m[Board] [0m2 ||[0;1mp[0m|[0;1mp[0m|[0;1mp[0m|[0;1mp[0m|[0;1mp[0m|[0;1mp[0m|[0;1mp[0m|[0;1mp[0m|| 2
[32;1m[Board] [0m  -------------------
[32;1m[Board] [0m1 ||[0;1mr[0m|[0;1mk[0m|[0;1mb[0m|[0;1mQ[0m|[0;1mK[0m|[0;1mb[0m|[0;1mk[0m|[0;1mr[0m|| 1
[32;1m[Board] [0m  -------------------
[32;1m[Board] [0m    a b c d e f g h
[32;1m[Board] [0m
[32;1m[Referee] [0mThis is the turn of the 'White' player...
[DEBUG] Input history filename: championship/logic-and-proofs-beatingthehorse/history.csv
[DEBUG] Output move file: championship/logic-and-proofs-beatingthehorse/move.csv
   ---- ---- ---- ---- ---- ---- ---- ----
8 | bR | bN | bB | bQ | bK | bB | bN | bR |
   ---- ---- ---- ---- ---- ---- ---- ----
7 | bP | bP | bP | bP | bP | bP | bP | bP |
   ---- ---- ---- ---- ---- ---- ---- ----
6 |    |    |    |    |    |    |    |    |
   ---- ---- ---- ---- ---- ---- ---- ----
5 |    |    |    |    |    |    |    |    |
   ---- ---- ---- ---- ---- ---- ---- ----
4 |    |    |    |    |    |    |    |    |
   ---- ---- ---- ---- ---- ---- ---- ----
3 |    |    |    |    |    |    |    |    |
   ---- ---- ---- ---- ---- ---- ---- ----
2 | wP | wP | wP | wP | wP | wP | wP | wP |
   ---- ---- ---- ---- ---- ---- ---- ----
1 | wR | wN | wB | wQ | wK | wB | wN | wR |
   ---- ---- ---- ---- ---- ---- ---- ----
    a    b    c    d    e    f    g    h
TURN FOR 1
[DEBUG] Wrote to ouput file championship/logic-and-proofs-beatingthehorse/move.csv move : d2d4
[32;1m[Game] [0mPlayer's error code: 0
[32;1m[Game] [0mChecking move validity...
[32;1m[Board] [0mInitializing board...
[32;1m[Board] [0mLoading history file `championship/logic-and-proofs-beatingthehorse/history.csv`...
[32;1m[Board] [0mLoaded 0 move(s).
[32;1m[Board] [0mLoading move file `championship/logic-and-proofs-beatingthehorse/move.csv`...
[32;1m[Board] [0m'White' player is playing d2 to d4.
[32;1m[Board] [0m
[32;1m[Board] [0m    a b c d e f g h 
[32;1m[Board] [0m  -------------------
[32;1m[Board] [0m8 ||[30;1mr[0m|[30;1mk[0m|[30;1mb[0m|[30;1mQ[0m|[30;1mK[0m|[30;1mb[0m|[30;1mk[0m|[30;1mr[0m|| 8
[32;1m[Board] [0m  -------------------
[32;1m[Board] [0m7 ||[30;1mp[0m|[30;1mp[0m|[30;1mp[0m|[30;1mp[0m|[30;1mp[0m|[30;1mp[0m|[30;1mp[0m|[30;1mp[0m|| 7
[32;1m[Board] [0m  -------------------
[32;1m[Board] [0m6 ||[7;1m [0m| |[7;1m [0m| |[7;1m [0m| |[7;1m [0m| || 6
[32;1m[Board] [0m  -------------------
[32;1m[Board] [0m5 || |[7;1m [0m| |[7;1m [0m| |[7;1m [0m| |[7;1m [0m|| 5
[32;1m[Board] [0m  -------------------
[32;1m[Board] [0m4 ||[7;1m [0m| |[7;1m [0m|[0;1mp[0m|[7;1m [0m| |[7;1m [0m| || 4
[32;1m[Board] [0m  -------------------
[32;1m[Board] [0m3 || |[7;1m [0m| |[7;1m [0m| |[7;1m [0m| |[7;1m [0m|| 3
[32;1m[Board] [0m  -------------------
[32;1m[Board] [0m2 ||[0;1mp[0m|[0;1mp[0m|[0;1mp[0m| |[0;1mp[0m|[0;1mp[0m|[0;1mp[0m|[0;1mp[0m|| 2
[32;1m[Board] [0m  -------------------
[32;1m[Board] [0m1 ||[0;1mr[0m|[0;1mk[0m|[0;1mb[0m|[0;1mQ[0m|[0;1mK[0m|[0;1mb[0m|[0;1mk[0m|[0;1mr[0m|| 1
[32;1m[Board] [0m  -------------------
[32;1m[Board] [0m    a b c d e f g h
[32;1m[Board] [0m
[32;1m[Referee] [0mThis is the turn of the 'Black' player...
[32;1m[Game] [0mPlayer's error code: 0
[32;1m[Game] [0mChecking move validity...
[32;1m[Board] [0mInitializing board...
[32;1m[Board] [0mLoading history file `championship/logic-and-proofs-beatingthehorse/history.csv`...
[32;1m[Board] [0mLoaded 1 move(s).
[32;1m[Board] [0mLoading move file `championship/logic-and-proofs-beatingthehorse/move.csv`...
[32;1m[Board] [0m'Black' player is playing e7 to e5.
[32;1m[Board] [0m
[32;1m[Board] [0m    a b c d e f g h 
[32;1m[Board] [0m  -------------------
[32;1m[Board] [0m8 ||[30;1mr[0m|[30;1mk[0m|[30;1mb[0m|[30;1mQ[0m|[30;1mK[0m|[30;1mb[0m|[30;1mk[0m|[30;1mr[0m|| 8
[32;1m[Board] [0m  -------------------
[32;1m[Board] [0m7 ||[30;1mp[0m|[30;1mp[0m|[30;1mp[0m|[30;1mp[0m| |[30;1mp[0m|[30;1mp[0m|[30;1mp[0m|| 7
[32;1m[Board] [0m  -------------------
[32;1m[Board] [0m6 ||[7;1m [0m| |[7;1m [0m| |[7;1m [0m| |[7;1m [0m| || 6
[32;1m[Board] [0m  -------------------
[32;1m[Board] [0m5 || |[7;1m [0m| |[7;1m [0m|[30;1mp[0m|[7;1m [0m| |[7;1m [0m|| 5
[32;1m[Board] [0m  -------------------
[32;1m[Board] [0m4 ||[7;1m [0m| |[7;1m [0m|[0;1mp[0m|[7;1m [0m| |[7;1m [0m| || 4
[32;1m[Board] [0m  -------------------
[32;1m[Board] [0m3 || |[7;1m [0m| |[7;1m [0m| |[7;1m [0m| |[7;1m [0m|| 3
[32;1m[Board] [0m  -------------------
[32;1m[Board] [0m2 ||[0;1mp[0m|[0;1mp[0m|[0;1mp[0m| |[0;1mp[0m|[0;1mp[0m|[0;1mp[0m|[0;1mp[0m|| 2
[32;1m[Board] [0m  -------------------
[32;1m[Board] [0m1 ||[0;1mr[0m|[0;1mk[0m|[0;1mb[0m|[0;1mQ[0m|[0;1mK[0m|[0;1mb[0m|[0;1mk[0m|[0;1mr[0m|| 1
[32;1m[Board] [0m  -------------------
[32;1m[Board] [0m    a b c d e f g h
[32;1m[Board] [0m
[32;1m[Referee] [0mThis is the turn of the 'White' player...
[DEBUG] Input history filename: championship/logic-and-proofs-beatingthehorse/history.csv
[DEBUG] Output move file: championship/logic-and-proofs-beatingthehorse/move.csv
d2d4
4
1 3
[DEBUG] 1 3->3 3
   ---- ---- ---- ---- ---- ---- ---- ----
8 | bR | bN | bB | bQ | bK | bB | bN | bR |
   ---- ---- ---- ---- ---- ---- ---- ----
7 | bP | bP | bP | bP | bP | bP | bP | bP |
   ---- ---- ---- ---- ---- ---- ---- ----
6 |    |    |    |    |    |    |    |    |
   ---- ---- ---- ---- ---- ---- ---- ----
5 |    |    |    |    |    |    |    |    |
   ---- ---- ---- ---- ---- ---- ---- ----
4 |    |    |    | wP |    |    |    |    |
   ---- ---- ---- ---- ---- ---- ---- ----
3 |    |    |    |    |    |    |    |    |
   ---- ---- ---- ---- ---- ---- ---- ----
2 | wP | wP | wP |    | wP | wP | wP | wP |
   ---- ---- ---- ---- ---- ---- ---- ----
1 | wR | wN | wB | wQ | wK | wB | wN | wR |
   ---- ---- ---- ---- ---- ---- ---- ----
    a    b    c    d    e    f    g    h
e7e5
4
6 4
[DEBUG] 6 4->4 4
   ---- ---- ---- ---- ---- ---- ---- ----
8 | bR | bN | bB | bQ | bK | bB | bN | bR |
   ---- ---- ---- ---- ---- ---- ---- ----
7 | bP | bP | bP | bP |    | bP | bP | bP |
   ---- ---- ---- ---- ---- ---- ---- ----
6 |    |    |    |    |    |    |    |    |
   ---- ---- ---- ---- ---- ---- ---- ----
5 |    |    |    |    | bP |    |    |    |
   ---- ---- ---- ---- ---- ---- ---- ----
4 |    |    |    | wP |    |    |    |    |
   ---- ---- ---- ---- ---- ---- ---- ----
3 |    |    |    |    |    |    |    |    |
   ---- ---- ---- ---- ---- ---- ---- ----
2 | wP | wP | wP |    | wP | wP | wP | wP |
   ---- ---- ---- ---- ---- ---- ---- ----
1 | wR | wN | wB | wQ | wK | wB | wN | wR |
   ---- ---- ---- ---- ---- ---- ---- ----
    a    b    c    d    e    f    g    h
   ---- ---- ---- ---- ---- ---- ---- ----
8 | bR | bN | bB | bQ | bK | bB | bN | bR |
   ---- ---- ---- ---- ---- ---- ---- ----
7 | bP | bP | bP | bP |    | bP | bP | bP |
   ---- ---- ---- ---- ---- ---- ---- ----
6 |    |    |    |    |    |    |    |    |
   ---- ---- ---- ---- ---- ---- ---- ----
5 |    |    |    |    | bP |    |    |    |
   ---- ---- ---- ---- ---- ---- ---- ----
4 |    |    |    | wP |    |    |    |    |
   ---- ---- ---- ---- ---- ---- ---- ----
3 |    |    |    |    |    |    |    |    |
   ---- ---- ---- ---- ---- ---- ---- ----
2 | wP | wP | wP |    | wP | wP | wP | wP |
   ---- ---- ---- ---- ---- ---- ---- ----
1 | wR | wN | wB | wQ | wK | wB | wN | wR |
   ---- ---- ---- ---- ---- ---- ---- ----
    a    b    c    d    e    f    g    h
TURN FOR 1
[DEBUG] Wrote to ouput file championship/logic-and-proofs-beatingthehorse/move.csv move : b1c3
[32;1m[Game] [0mPlayer's error code: 0
[32;1m[Game] [0mChecking move validity...
[32;1m[Board] [0mInitializing board...
[32;1m[Board] [0mLoading history file `championship/logic-and-proofs-beatingthehorse/history.csv`...
[32;1m[Board] [0mLoaded 2 move(s).
[32;1m[Board] [0mLoading move file `championship/logic-and-proofs-beatingthehorse/move.csv`...
[32;1m[Board] [0m'White' player is playing b1 to c3.
[32;1m[Board] [0m
[32;1m[Board] [0m    a b c d e f g h 
[32;1m[Board] [0m  -------------------
[32;1m[Board] [0m8 ||[30;1mr[0m|[30;1mk[0m|[30;1mb[0m|[30;1mQ[0m|[30;1mK[0m|[30;1mb[0m|[30;1mk[0m|[30;1mr[0m|| 8
[32;1m[Board] [0m  -------------------
[32;1m[Board] [0m7 ||[30;1mp[0m|[30;1mp[0m|[30;1mp[0m|[30;1mp[0m| |[30;1mp[0m|[30;1mp[0m|[30;1mp[0m|| 7
[32;1m[Board] [0m  -------------------
[32;1m[Board] [0m6 ||[7;1m [0m| |[7;1m [0m| |[7;1m [0m| |[7;1m [0m| || 6
[32;1m[Board] [0m  -------------------
[32;1m[Board] [0m5 || |[7;1m [0m| |[7;1m [0m|[30;1mp[0m|[7;1m [0m| |[7;1m [0m|| 5
[32;1m[Board] [0m  -------------------
[32;1m[Board] [0m4 ||[7;1m [0m| |[7;1m [0m|[0;1mp[0m|[7;1m [0m| |[7;1m [0m| || 4
[32;1m[Board] [0m  -------------------
[32;1m[Board] [0m3 || |[7;1m [0m|[0;1mk[0m|[7;1m [0m| |[7;1m [0m| |[7;1m [0m|| 3
[32;1m[Board] [0m  -------------------
[32;1m[Board] [0m2 ||[0;1mp[0m|[0;1mp[0m|[0;1mp[0m| |[0;1mp[0m|[0;1mp[0m|[0;1mp[0m|[0;1mp[0m|| 2
[32;1m[Board] [0m  -------------------
[32;1m[Board] [0m1 ||[0;1mr[0m|[7;1m [0m|[0;1mb[0m|[0;1mQ[0m|[0;1mK[0m|[0;1mb[0m|[0;1mk[0m|[0;1mr[0m|| 1
[32;1m[Board] [0m  -------------------
[32;1m[Board] [0m    a b c d e f g h
[32;1m[Board] [0m
[32;1m[Referee] [0mThis is the turn of the 'Black' player...
[32;1m[Game] [0mPlayer's error code: 0
[32;1m[Game] [0mChecking move validity...
[32;1m[Board] [0mInitializing board...
[32;1m[Board] [0mLoading history file `championship/logic-and-proofs-beatingthehorse/history.csv`...
[32;1m[Board] [0mLoaded 3 move(s).
[32;1m[Board] [0mLoading move file `championship/logic-and-proofs-beatingthehorse/move.csv`...
[32;1m[Board] [0m'Black' player is playing f8 to c5.
[32;1m[Board] [0m
[32;1m[Board] [0m    a b c d e f g h 
[32;1m[Board] [0m  -------------------
[32;1m[Board] [0m8 ||[30;1mr[0m|[30;1mk[0m|[30;1mb[0m|[30;1mQ[0m|[30;1mK[0m| |[30;1mk[0m|[30;1mr[0m|| 8
[32;1m[Board] [0m  -------------------
[32;1m[Board] [0m7 ||[30;1mp[0m|[30;1mp[0m|[30;1mp[0m|[30;1mp[0m| |[30;1mp[0m|[30;1mp[0m|[30;1mp[0m|| 7
[32;1m[Board] [0m  -------------------
[32;1m[Board] [0m6 ||[7;1m [0m| |[7;1m [0m| |[7;1m [0m| |[7;1m [0m| || 6
[32;1m[Board] [0m  -------------------
[32;1m[Board] [0m5 || |[7;1m [0m|[30;1mb[0m|[7;1m [0m|[30;1mp[0m|[7;1m [0m| |[7;1m [0m|| 5
[32;1m[Board] [0m  -------------------
[32;1m[Board] [0m4 ||[7;1m [0m| |[7;1m [0m|[0;1mp[0m|[7;1m [0m| |[7;1m [0m| || 4
[32;1m[Board] [0m  -------------------
[32;1m[Board] [0m3 || |[7;1m [0m|[0;1mk[0m|[7;1m [0m| |[7;1m [0m| |[7;1m [0m|| 3
[32;1m[Board] [0m  -------------------
[32;1m[Board] [0m2 ||[0;1mp[0m|[0;1mp[0m|[0;1mp[0m| |[0;1mp[0m|[0;1mp[0m|[0;1mp[0m|[0;1mp[0m|| 2
[32;1m[Board] [0m  -------------------
[32;1m[Board] [0m1 ||[0;1mr[0m|[7;1m [0m|[0;1mb[0m|[0;1mQ[0m|[0;1mK[0m|[0;1mb[0m|[0;1mk[0m|[0;1mr[0m|| 1
[32;1m[Board] [0m  -------------------
[32;1m[Board] [0m    a b c d e f g h
[32;1m[Board] [0m
[32;1m[Referee] [0mThis is the turn of the 'White' player...
[DEBUG] Input history filename: championship/logic-and-proofs-beatingthehorse/history.csv
[DEBUG] Output move file: championship/logic-and-proofs-beatingthehorse/move.csv
d2d4
4
1 3
[DEBUG] 1 3->3 3
   ---- ---- ---- ---- ---- ---- ---- ----
8 | bR | bN | bB | bQ | bK | bB | bN | bR |
   ---- ---- ---- ---- ---- ---- ---- ----
7 | bP | bP | bP | bP | bP | bP | bP | bP |
   ---- ---- ---- ---- ---- ---- ---- ----
6 |    |    |    |    |    |    |    |    |
   ---- ---- ---- ---- ---- ---- ---- ----
5 |    |    |    |    |    |    |    |    |
   ---- ---- ---- ---- ---- ---- ---- ----
4 |    |    |    | wP |    |    |    |    |
   ---- ---- ---- ---- ---- ---- ---- ----
3 |    |    |    |    |    |    |    |    |
   ---- ---- ---- ---- ---- ---- ---- ----
2 | wP | wP | wP |    | wP | wP | wP | wP |
   ---- ---- ---- ---- ---- ---- ---- ----
1 | wR | wN | wB | wQ | wK | wB | wN | wR |
   ---- ---- ---- ---- ---- ---- ---- ----
    a    b    c    d    e    f    g    h
e7e5
4
6 4
[DEBUG] 6 4->4 4
   ---- ---- ---- ---- ---- ---- ---- ----
8 | bR | bN | bB | bQ | bK | bB | bN | bR |
   ---- ---- ---- ---- ---- ---- ---- ----
7 | bP | bP | bP | bP |    | bP | bP | bP |
   ---- ---- ---- ---- ---- ---- ---- ----
6 |    |    |    |    |    |    |    |    |
   ---- ---- ---- ---- ---- ---- ---- ----
5 |    |    |    |    | bP |    |    |    |
   ---- ---- ---- ---- ---- ---- ---- ----
4 |    |    |    | wP |    |    |    |    |
   ---- ---- ---- ---- ---- ---- ---- ----
3 |    |    |    |    |    |    |    |    |
   ---- ---- ---- ---- ---- ---- ---- ----
2 | wP | wP | wP |    | wP | wP | wP | wP |
   ---- ---- ---- ---- ---- ---- ---- ----
1 | wR | wN | wB | wQ | wK | wB | wN | wR |
   ---- ---- ---- ---- ---- ---- ---- ----
    a    b    c    d    e    f    g    h
b1c3
4
0 1
[DEBUG] 0 1->2 2
   ---- ---- ---- ---- ---- ---- ---- ----
8 | bR | bN | bB | bQ | bK | bB | bN | bR |
   ---- ---- ---- ---- ---- ---- ---- ----
7 | bP | bP | bP | bP |    | bP | bP | bP |
   ---- ---- ---- ---- ---- ---- ---- ----
6 |    |    |    |    |    |    |    |    |
   ---- ---- ---- ---- ---- ---- ---- ----
5 |    |    |    |    | bP |    |    |    |
   ---- ---- ---- ---- ---- ---- ---- ----
4 |    |    |    | wP |    |    |    |    |
   ---- ---- ---- ---- ---- ---- ---- ----
3 |    |    | wN |    |    |    |    |    |
   ---- ---- ---- ---- ---- ---- ---- ----
2 | wP | wP | wP |    | wP | wP | wP | wP |
   ---- ---- ---- ---- ---- ---- ---- ----
1 | wR |    | wB | wQ | wK | wB | wN | wR |
   ---- ---- ---- ---- ---- ---- ---- ----
    a    b    c    d    e    f    g    h
f8c5
4
7 5
[DEBUG] 7 5->4 2
   ---- ---- ---- ---- ---- ---- ---- ----
8 | bR | bN | bB | bQ | bK |    | bN | bR |
   ---- ---- ---- ---- ---- ---- ---- ----
7 | bP | bP | bP | bP |    | bP | bP | bP |
   ---- ---- ---- ---- ---- ---- ---- ----
6 |    |    |    |    |    |    |    |    |
   ---- ---- ---- ---- ---- ---- ---- ----
5 |    |    | bB |    | bP |    |    |    |
   ---- ---- ---- ---- ---- ---- ---- ----
4 |    |    |    | wP |    |    |    |    |
   ---- ---- ---- ---- ---- ---- ---- ----
3 |    |    | wN |    |    |    |    |    |
   ---- ---- ---- ---- ---- ---- ---- ----
2 | wP | wP | wP |    | wP | wP | wP | wP |
   ---- ---- ---- ---- ---- ---- ---- ----
1 | wR |    | wB | wQ | wK | wB | wN | wR |
   ---- ---- ---- ---- ---- ---- ---- ----
    a    b    c    d    e    f    g    h
   ---- ---- ---- ---- ---- ---- ---- ----
8 | bR | bN | bB | bQ | bK |    | bN | bR |
   ---- ---- ---- ---- ---- ---- ---- ----
7 | bP | bP | bP | bP |    | bP | bP | bP |
   ---- ---- ---- ---- ---- ---- ---- ----
6 |    |    |    |    |    |    |    |    |
   ---- ---- ---- ---- ---- ---- ---- ----
5 |    |    | bB |    | bP |    |    |    |
   ---- ---- ---- ---- ---- ---- ---- ----
4 |    |    |    | wP |    |    |    |    |
   ---- ---- ---- ---- ---- ---- ---- ----
3 |    |    | wN |    |    |    |    |    |
   ---- ---- ---- ---- ---- ---- ---- ----
2 | wP | wP | wP |    | wP | wP | wP | wP |
   ---- ---- ---- ---- ---- ---- ---- ----
1 | wR |    | wB | wQ | wK | wB | wN | wR |
   ---- ---- ---- ---- ---- ---- ---- ----
    a    b    c    d    e    f    g    h
TURN FOR 1
[DEBUG] Wrote to ouput file championship/logic-and-proofs-beatingthehorse/move.csv move : g1h3
[32;1m[Game] [0mPlayer's error code: 0
[32;1m[Game] [0mChecking move validity...
[32;1m[Board] [0mInitializing board...
[32;1m[Board] [0mLoading history file `championship/logic-and-proofs-beatingthehorse/history.csv`...
[32;1m[Board] [0mLoaded 4 move(s).
[32;1m[Board] [0mLoading move file `championship/logic-and-proofs-beatingthehorse/move.csv`...
[32;1m[Board] [0m'White' player is playing g1 to h3.
[32;1m[Board] [0m
[32;1m[Board] [0m    a b c d e f g h 
[32;1m[Board] [0m  -------------------
[32;1m[Board] [0m8 ||[30;1mr[0m|[30;1mk[0m|[30;1mb[0m|[30;1mQ[0m|[30;1mK[0m| |[30;1mk[0m|[30;1mr[0m|| 8
[32;1m[Board] [0m  -------------------
[32;1m[Board] [0m7 ||[30;1mp[0m|[30;1mp[0m|[30;1mp[0m|[30;1mp[0m| |[30;1mp[0m|[30;1mp[0m|[30;1mp[0m|| 7
[32;1m[Board] [0m  -------------------
[32;1m[Board] [0m6 ||[7;1m [0m| |[7;1m [0m| |[7;1m [0m| |[7;1m [0m| || 6
[32;1m[Board] [0m  -------------------
[32;1m[Board] [0m5 || |[7;1m [0m|[30;1mb[0m|[7;1m [0m|[30;1mp[0m|[7;1m [0m| |[7;1m [0m|| 5
[32;1m[Board] [0m  -------------------
[32;1m[Board] [0m4 ||[7;1m [0m| |[7;1m [0m|[0;1mp[0m|[7;1m [0m| |[7;1m [0m| || 4
[32;1m[Board] [0m  -------------------
[32;1m[Board] [0m3 || |[7;1m [0m|[0;1mk[0m|[7;1m [0m| |[7;1m [0m| |[0;1mk[0m|| 3
[32;1m[Board] [0m  -------------------
[32;1m[Board] [0m2 ||[0;1mp[0m|[0;1mp[0m|[0;1mp[0m| |[0;1mp[0m|[0;1mp[0m|[0;1mp[0m|[0;1mp[0m|| 2
[32;1m[Board] [0m  -------------------
[32;1m[Board] [0m1 ||[0;1mr[0m|[7;1m [0m|[0;1mb[0m|[0;1mQ[0m|[0;1mK[0m|[0;1mb[0m| |[0;1mr[0m|| 1
[32;1m[Board] [0m  -------------------
[32;1m[Board] [0m    a b c d e f g h
[32;1m[Board] [0m
[32;1m[Referee] [0mThis is the turn of the 'Black' player...
[32;1m[Game] [0mPlayer's error code: 0
[32;1m[Game] [0mChecking move validity...
[32;1m[Board] [0mInitializing board...
[32;1m[Board] [0mLoading history file `championship/logic-and-proofs-beatingthehorse/history.csv`...
[32;1m[Board] [0mLoaded 5 move(s).
[32;1m[Board] [0mLoading move file `championship/logic-and-proofs-beatingthehorse/move.csv`...
[32;1m[Board] [0m'Black' player is playing c8 to f6.
[32;1m[Board] [0m[31;1m[ERROR][0m 'Black' Bishop (c8) cannot reach its destination (f6) :(
[32;1m[Referee] [0mInvalid move (code: -7) :(
[32;1m[Game] [0m'Black' player has lost on illegal move.
