[32;1m[Board] [0mInitializing board...
[32;1m[Board] [0m
[32;1m[Board] [0m    a b c d e f g h 
[32;1m[Board] [0m  -------------------
[32;1m[Board] [0m8 ||[30;1mr[0m|[30;1mk[0m|[30;1mb[0m|[30;1mQ[0m|[30;1mK[0m|[30;1mb[0m|[30;1mk[0m|[30;1mr[0m|| 8
[32;1m[Board] [0m  -------------------
[32;1m[Board] [0m7 ||[30;1mp[0m|[30;1mp[0m|[30;1mp[0m|[30;1mp[0m|[30;1mp[0m|[30;1mp[0m|[30;1mp[0m|[30;1mp[0m|| 7
[32;1m[Board] [0m  -------------------
[32;1m[Board] [0m6 ||[7;1m [0m| |[7;1m [0m| |[7;1m [0m| |[7;1m [0m| || 6
[32;1m[Board] [0m  -------------------
[32;1m[Board] [0m5 || |[7;1m [0m| |[7;1m [0m| |[7;1m [0m| |[7;1m [0m|| 5
[32;1m[Board] [0m  -------------------
[32;1m[Board] [0m4 ||[7;1m [0m| |[7;1m [0m| |[7;1m [0m| |[7;1m [0m| || 4
[32;1m[Board] [0m  -------------------
[32;1m[Board] [0m3 || |[7;1m [0m| |[7;1m [0m| |[7;1m [0m| |[7;1m [0m|| 3
[32;1m[Board] [0m  -------------------
[32;1m[Board] [0m2 ||[0;1mp[0m|[0;1mp[0m|[0;1mp[0m|[0;1mp[0m|[0;1mp[0m|[0;1mp[0m|[0;1mp[0m|[0;1mp[0m|| 2
[32;1m[Board] [0m  -------------------
[32;1m[Board] [0m1 ||[0;1mr[0m|[0;1mk[0m|[0;1mb[0m|[0;1mQ[0m|[0;1mK[0m|[0;1mb[0m|[0;1mk[0m|[0;1mr[0m|| 1
[32;1m[Board] [0m  -------------------
[32;1m[Board] [0m    a b c d e f g h
[32;1m[Board] [0m
[32;1m[Referee] [0mThis is the turn of the White player...
Error: The file championship/knightmare-lizzie-iii/history.csv is empty or contains no valid moves!
Error: Move history is empty.
chose from opening: d2d4
[32;1m[Game] [0mPlayer's error code: 0
[32;1m[Game] [0mChecking move validity...
[32;1m[Board] [0mInitializing board...
[32;1m[Board] [0mLoading history file `championship/knightmare-lizzie-iii/history.csv`...
[32;1m[Board] [0mLoaded 0 move(s).
[32;1m[Board] [0mLoading move file `championship/knightmare-lizzie-iii/move.csv`...
[32;1m[Board] [0mWhite player is playing d2 to d4.
[32;1m[Board] [0m
[32;1m[Board] [0m    a b c d e f g h 
[32;1m[Board] [0m  -------------------
[32;1m[Board] [0m8 ||[30;1mr[0m|[30;1mk[0m|[30;1mb[0m|[30;1mQ[0m|[30;1mK[0m|[30;1mb[0m|[30;1mk[0m|[30;1mr[0m|| 8
[32;1m[Board] [0m  -------------------
[32;1m[Board] [0m7 ||[30;1mp[0m|[30;1mp[0m|[30;1mp[0m|[30;1mp[0m|[30;1mp[0m|[30;1mp[0m|[30;1mp[0m|[30;1mp[0m|| 7
[32;1m[Board] [0m  -------------------
[32;1m[Board] [0m6 ||[7;1m [0m| |[7;1m [0m| |[7;1m [0m| |[7;1m [0m| || 6
[32;1m[Board] [0m  -------------------
[32;1m[Board] [0m5 || |[7;1m [0m| |[7;1m [0m| |[7;1m [0m| |[7;1m [0m|| 5
[32;1m[Board] [0m  -------------------
[32;1m[Board] [0m4 ||[7;1m [0m| |[7;1m [0m|[0;1mp[0m|[7;1m [0m| |[7;1m [0m| || 4
[32;1m[Board] [0m  -------------------
[32;1m[Board] [0m3 || |[7;1m [0m| |[7;1m [0m| |[7;1m [0m| |[7;1m [0m|| 3
[32;1m[Board] [0m  -------------------
[32;1m[Board] [0m2 ||[0;1mp[0m|[0;1mp[0m|[0;1mp[0m| |[0;1mp[0m|[0;1mp[0m|[0;1mp[0m|[0;1mp[0m|| 2
[32;1m[Board] [0m  -------------------
[32;1m[Board] [0m1 ||[0;1mr[0m|[0;1mk[0m|[0;1mb[0m|[0;1mQ[0m|[0;1mK[0m|[0;1mb[0m|[0;1mk[0m|[0;1mr[0m|| 1
[32;1m[Board] [0m  -------------------
[32;1m[Board] [0m    a b c d e f g h
[32;1m[Board] [0m
[32;1m[Referee] [0mThis is the turn of the Black player...
Input file: championship/knightmare-lizzie-iii/history.csv
Output file: championship/knightmare-lizzie-iii/move.csv
We are playing as Black
8 | [1;31mR[0m [1;31mN[0m [1;31mB[0m [1;31mQ[0m [1;31mK[0m [1;31mB[0m [1;31mN[0m [1;31mR[0m 
7 | [1;31mP[0m [1;31mP[0m [1;31mP[0m [1;31mP[0m [1;31mP[0m [1;31mP[0m [1;31mP[0m [1;31mP[0m 
6 | [1;30m_[0m [1;30m_[0m [1;30m_[0m [1;30m_[0m [1;30m_[0m [1;30m_[0m [1;30m_[0m [1;30m_[0m 
5 | [1;30m_[0m [1;30m_[0m [1;30m_[0m [1;30m_[0m [1;30m_[0m [1;30m_[0m [1;30m_[0m [1;30m_[0m 
4 | [1;30m_[0m [1;30m_[0m [1;30m_[0m [1;32mP[0m [1;30m_[0m [1;30m_[0m [1;30m_[0m [1;30m_[0m 
3 | [1;30m_[0m [1;30m_[0m [1;30m_[0m [1;30m_[0m [1;30m_[0m [1;30m_[0m [1;30m_[0m [1;30m_[0m 
2 | [1;32mP[0m [1;32mP[0m [1;32mP[0m [1;30m_[0m [1;32mP[0m [1;32mP[0m [1;32mP[0m [1;32mP[0m 
1 | [1;32mR[0m [1;32mN[0m [1;32mB[0m [1;32mQ[0m [1;32mK[0m [1;32mB[0m [1;32mN[0m [1;32mR[0m 
-------------------
  | A B C D E F G H 

It is black's turn to play.
Best move: b8c6
Evaluation: -80
Node count: 36345

Total time: 1025.03 ms
[32;1m[Game] [0mPlayer's error code: 0
[32;1m[Game] [0mChecking move validity...
[32;1m[Board] [0mInitializing board...
[32;1m[Board] [0mLoading history file `championship/knightmare-lizzie-iii/history.csv`...
[32;1m[Board] [0mLoaded 1 move(s).
[32;1m[Board] [0mLoading move file `championship/knightmare-lizzie-iii/move.csv`...
[32;1m[Board] [0mBlack player is playing b8 to c6.
[32;1m[Board] [0m
[32;1m[Board] [0m    a b c d e f g h 
[32;1m[Board] [0m  -------------------
[32;1m[Board] [0m8 ||[30;1mr[0m| |[30;1mb[0m|[30;1mQ[0m|[30;1mK[0m|[30;1mb[0m|[30;1mk[0m|[30;1mr[0m|| 8
[32;1m[Board] [0m  -------------------
[32;1m[Board] [0m7 ||[30;1mp[0m|[30;1mp[0m|[30;1mp[0m|[30;1mp[0m|[30;1mp[0m|[30;1mp[0m|[30;1mp[0m|[30;1mp[0m|| 7
[32;1m[Board] [0m  -------------------
[32;1m[Board] [0m6 ||[7;1m [0m| |[30;1mk[0m| |[7;1m [0m| |[7;1m [0m| || 6
[32;1m[Board] [0m  -------------------
[32;1m[Board] [0m5 || |[7;1m [0m| |[7;1m [0m| |[7;1m [0m| |[7;1m [0m|| 5
[32;1m[Board] [0m  -------------------
[32;1m[Board] [0m4 ||[7;1m [0m| |[7;1m [0m|[0;1mp[0m|[7;1m [0m| |[7;1m [0m| || 4
[32;1m[Board] [0m  -------------------
[32;1m[Board] [0m3 || |[7;1m [0m| |[7;1m [0m| |[7;1m [0m| |[7;1m [0m|| 3
[32;1m[Board] [0m  -------------------
[32;1m[Board] [0m2 ||[0;1mp[0m|[0;1mp[0m|[0;1mp[0m| |[0;1mp[0m|[0;1mp[0m|[0;1mp[0m|[0;1mp[0m|| 2
[32;1m[Board] [0m  -------------------
[32;1m[Board] [0m1 ||[0;1mr[0m|[0;1mk[0m|[0;1mb[0m|[0;1mQ[0m|[0;1mK[0m|[0;1mb[0m|[0;1mk[0m|[0;1mr[0m|| 1
[32;1m[Board] [0m  -------------------
[32;1m[Board] [0m    a b c d e f g h
[32;1m[Board] [0m
[32;1m[Referee] [0mThis is the turn of the White player...
Checking opening: Alekhine Defense
Opening moves: e2e4 g8f6 
Checking opening: Caro-Kann Defense
Opening moves: e2e4 c7c6 
Checking opening: Catalan Opening
Opening moves: d2d4 g8f6 c2c4 e7e6 g2g3 
Checking opening: Colle System
Opening moves: d2d4 d7d5 g1f3 g8f6 e2e3 
Checking opening: French Defense
Opening moves: e2e4 e7e6 
Checking opening: Grünfeld Defense
Opening moves: d2d4 g8f6 c2c4 g7g6 b1c3 d7d5 
Checking opening: Italian Game
Opening moves: e2e4 e7e5 g1f3 b8c6 f1c4 
Checking opening: King's Gambit
Opening moves: e2e4 e7e5 f2f4 
Checking opening: King's Indian Defense
Opening moves: d2d4 g8f6 c2c4 g7g6 
Checking opening: London System
Opening moves: d2d4 d7d5 g1f3 g8f6 c1f4 
Checking opening: Nimzo-Indian Defense
Opening moves: d2d4 g8f6 c2c4 e7e6 b1c3 f8b4 
Checking opening: Petrov Defense
Opening moves: e2e4 e7e5 g1f3 g8f6 
Checking opening: Pirc Defense
Opening moves: e2e4 d7d6 
Checking opening: Queen's Gambit
Opening moves: d2d4 d7d5 c2c4 
Checking opening: Queen's Indian Defense
Opening moves: d2d4 g8f6 c2c4 e7e6 g2g3 b7b6 
Checking opening: Ruy Lopez
Opening moves: e2e4 e7e5 g1f3 b8c6 
Checking opening: Scotch Game
Opening moves: e2e4 e7e5 g1f3 b8c6 d2d4 
Checking opening: Sicilian Defense
Opening moves: e2e4 c7c5 
Checking opening: Slav Defense
Opening moves: d2d4 d7d5 c2c4 c7c6 
Checking opening: Vienna Game
Opening moves: e2e4 e7e5 b1c3 
No match found.
No opening detected.
28
analysing a2a4
dynamic depth: 3
analysing d4d5
dynamic depth: 3
analysing h2h4
dynamic depth: 3
analysing h2h3
dynamic depth: 3
analysing g2g4
dynamic depth: 3
analysing g2g3
dynamic depth: 3
analysing f2f4
dynamic depth: 3
analysing f2f3
dynamic depth: 3
analysing e2e4
dynamic depth: 3
[DEBUG] Timeout
best score -121 using d4d5
Playing optimally: d4d5
[32;1m[Game] [0mPlayer's error code: 0
[32;1m[Game] [0mChecking move validity...
[32;1m[Board] [0mInitializing board...
[32;1m[Board] [0mLoading history file `championship/knightmare-lizzie-iii/history.csv`...
[32;1m[Board] [0mLoaded 2 move(s).
[32;1m[Board] [0mLoading move file `championship/knightmare-lizzie-iii/move.csv`...
[32;1m[Board] [0mWhite player is playing d4 to d5.
[32;1m[Board] [0m
[32;1m[Board] [0m    a b c d e f g h 
[32;1m[Board] [0m  -------------------
[32;1m[Board] [0m8 ||[30;1mr[0m| |[30;1mb[0m|[30;1mQ[0m|[30;1mK[0m|[30;1mb[0m|[30;1mk[0m|[30;1mr[0m|| 8
[32;1m[Board] [0m  -------------------
[32;1m[Board] [0m7 ||[30;1mp[0m|[30;1mp[0m|[30;1mp[0m|[30;1mp[0m|[30;1mp[0m|[30;1mp[0m|[30;1mp[0m|[30;1mp[0m|| 7
[32;1m[Board] [0m  -------------------
[32;1m[Board] [0m6 ||[7;1m [0m| |[30;1mk[0m| |[7;1m [0m| |[7;1m [0m| || 6
[32;1m[Board] [0m  -------------------
[32;1m[Board] [0m5 || |[7;1m [0m| |[0;1mp[0m| |[7;1m [0m| |[7;1m [0m|| 5
[32;1m[Board] [0m  -------------------
[32;1m[Board] [0m4 ||[7;1m [0m| |[7;1m [0m| |[7;1m [0m| |[7;1m [0m| || 4
[32;1m[Board] [0m  -------------------
[32;1m[Board] [0m3 || |[7;1m [0m| |[7;1m [0m| |[7;1m [0m| |[7;1m [0m|| 3
[32;1m[Board] [0m  -------------------
[32;1m[Board] [0m2 ||[0;1mp[0m|[0;1mp[0m|[0;1mp[0m| |[0;1mp[0m|[0;1mp[0m|[0;1mp[0m|[0;1mp[0m|| 2
[32;1m[Board] [0m  -------------------
[32;1m[Board] [0m1 ||[0;1mr[0m|[0;1mk[0m|[0;1mb[0m|[0;1mQ[0m|[0;1mK[0m|[0;1mb[0m|[0;1mk[0m|[0;1mr[0m|| 1
[32;1m[Board] [0m  -------------------
[32;1m[Board] [0m    a b c d e f g h
[32;1m[Board] [0m
[32;1m[Referee] [0mThis is the turn of the Black player...
Input file: championship/knightmare-lizzie-iii/history.csv
Output file: championship/knightmare-lizzie-iii/move.csv
We are playing as Black
8 | [1;31mR[0m [1;30m_[0m [1;31mB[0m [1;31mQ[0m [1;31mK[0m [1;31mB[0m [1;31mN[0m [1;31mR[0m 
7 | [1;31mP[0m [1;31mP[0m [1;31mP[0m [1;31mP[0m [1;31mP[0m [1;31mP[0m [1;31mP[0m [1;31mP[0m 
6 | [1;30m_[0m [1;30m_[0m [1;31mN[0m [1;30m_[0m [1;30m_[0m [1;30m_[0m [1;30m_[0m [1;30m_[0m 
5 | [1;30m_[0m [1;30m_[0m [1;30m_[0m [1;32mP[0m [1;30m_[0m [1;30m_[0m [1;30m_[0m [1;30m_[0m 
4 | [1;30m_[0m [1;30m_[0m [1;30m_[0m [1;30m_[0m [1;30m_[0m [1;30m_[0m [1;30m_[0m [1;30m_[0m 
3 | [1;30m_[0m [1;30m_[0m [1;30m_[0m [1;30m_[0m [1;30m_[0m [1;30m_[0m [1;30m_[0m [1;30m_[0m 
2 | [1;32mP[0m [1;32mP[0m [1;32mP[0m [1;30m_[0m [1;32mP[0m [1;32mP[0m [1;32mP[0m [1;32mP[0m 
1 | [1;32mR[0m [1;32mN[0m [1;32mB[0m [1;32mQ[0m [1;32mK[0m [1;32mB[0m [1;32mN[0m [1;32mR[0m 
-------------------
  | A B C D E F G H 

It is black's turn to play.
Best move: c6b8
Evaluation: -25
Node count: 34812

Total time: 933.586 ms
[32;1m[Game] [0mPlayer's error code: 0
[32;1m[Game] [0mChecking move validity...
[32;1m[Board] [0mInitializing board...
[32;1m[Board] [0mLoading history file `championship/knightmare-lizzie-iii/history.csv`...
[32;1m[Board] [0mLoaded 3 move(s).
[32;1m[Board] [0mLoading move file `championship/knightmare-lizzie-iii/move.csv`...
[32;1m[Board] [0mBlack player is playing c6 to b8.
[32;1m[Board] [0m
[32;1m[Board] [0m    a b c d e f g h 
[32;1m[Board] [0m  -------------------
[32;1m[Board] [0m8 ||[30;1mr[0m|[30;1mk[0m|[30;1mb[0m|[30;1mQ[0m|[30;1mK[0m|[30;1mb[0m|[30;1mk[0m|[30;1mr[0m|| 8
[32;1m[Board] [0m  -------------------
[32;1m[Board] [0m7 ||[30;1mp[0m|[30;1mp[0m|[30;1mp[0m|[30;1mp[0m|[30;1mp[0m|[30;1mp[0m|[30;1mp[0m|[30;1mp[0m|| 7
[32;1m[Board] [0m  -------------------
[32;1m[Board] [0m6 ||[7;1m [0m| |[7;1m [0m| |[7;1m [0m| |[7;1m [0m| || 6
[32;1m[Board] [0m  -------------------
[32;1m[Board] [0m5 || |[7;1m [0m| |[0;1mp[0m| |[7;1m [0m| |[7;1m [0m|| 5
[32;1m[Board] [0m  -------------------
[32;1m[Board] [0m4 ||[7;1m [0m| |[7;1m [0m| |[7;1m [0m| |[7;1m [0m| || 4
[32;1m[Board] [0m  -------------------
[32;1m[Board] [0m3 || |[7;1m [0m| |[7;1m [0m| |[7;1m [0m| |[7;1m [0m|| 3
[32;1m[Board] [0m  -------------------
[32;1m[Board] [0m2 ||[0;1mp[0m|[0;1mp[0m|[0;1mp[0m| |[0;1mp[0m|[0;1mp[0m|[0;1mp[0m|[0;1mp[0m|| 2
[32;1m[Board] [0m  -------------------
[32;1m[Board] [0m1 ||[0;1mr[0m|[0;1mk[0m|[0;1mb[0m|[0;1mQ[0m|[0;1mK[0m|[0;1mb[0m|[0;1mk[0m|[0;1mr[0m|| 1
[32;1m[Board] [0m  -------------------
[32;1m[Board] [0m    a b c d e f g h
[32;1m[Board] [0m
[32;1m[Referee] [0mThis is the turn of the White player...
Checking opening: Alekhine Defense
Opening moves: e2e4 g8f6 
Checking opening: Caro-Kann Defense
Opening moves: e2e4 c7c6 
Checking opening: Catalan Opening
Opening moves: d2d4 g8f6 c2c4 e7e6 g2g3 
Checking opening: Colle System
Opening moves: d2d4 d7d5 g1f3 g8f6 e2e3 
Checking opening: French Defense
Opening moves: e2e4 e7e6 
Checking opening: Grünfeld Defense
Opening moves: d2d4 g8f6 c2c4 g7g6 b1c3 d7d5 
Checking opening: Italian Game
Opening moves: e2e4 e7e5 g1f3 b8c6 f1c4 
Checking opening: King's Gambit
Opening moves: e2e4 e7e5 f2f4 
Checking opening: King's Indian Defense
Opening moves: d2d4 g8f6 c2c4 g7g6 
Checking opening: London System
Opening moves: d2d4 d7d5 g1f3 g8f6 c1f4 
Checking opening: Nimzo-Indian Defense
Opening moves: d2d4 g8f6 c2c4 e7e6 b1c3 f8b4 
Checking opening: Petrov Defense
Opening moves: e2e4 e7e5 g1f3 g8f6 
Checking opening: Pirc Defense
Opening moves: e2e4 d7d6 
Checking opening: Queen's Gambit
Opening moves: d2d4 d7d5 c2c4 
Checking opening: Queen's Indian Defense
Opening moves: d2d4 g8f6 c2c4 e7e6 g2g3 b7b6 
Checking opening: Ruy Lopez
Opening moves: e2e4 e7e5 g1f3 b8c6 
Checking opening: Scotch Game
Opening moves: e2e4 e7e5 g1f3 b8c6 d2d4 
Checking opening: Sicilian Defense
Opening moves: e2e4 c7c5 
Checking opening: Slav Defense
Opening moves: d2d4 d7d5 c2c4 c7c6 
Checking opening: Vienna Game
Opening moves: e2e4 e7e5 b1c3 
No match found.
No opening detected.
29
analysing a2a3
dynamic depth: 3
analysing d5d6
dynamic depth: 3
analysing h2h4
dynamic depth: 3
analysing h2h3
dynamic depth: 3
analysing g2g4
dynamic depth: 3
analysing g2g3
dynamic depth: 3
analysing f2f4
dynamic depth: 3
analysing f2f3
dynamic depth: 3
analysing e2e4
dynamic depth: 3
analysing e2e3
dynamic depth: 3
analysing c2c4
dynamic depth: 3
analysing c2c3
dynamic depth: 3
analysing b2b4
dynamic depth: 3
analysing b2b3
dynamic depth: 3
analysing a2a4
dynamic depth: 3
analysing b1d2
dynamic depth: 3
analysing g1f3
dynamic depth: 3
analysing g1h3
dynamic depth: 3
analysing e1d2
dynamic depth: 3
[DEBUG] Timeout
best score -57 using g1f3
Playing optimally: g1f3
[32;1m[Game] [0mPlayer's error code: 0
[32;1m[Game] [0mChecking move validity...
[32;1m[Board] [0mInitializing board...
[32;1m[Board] [0mLoading history file `championship/knightmare-lizzie-iii/history.csv`...
[32;1m[Board] [0mLoaded 4 move(s).
[32;1m[Board] [0mLoading move file `championship/knightmare-lizzie-iii/move.csv`...
[32;1m[Board] [0mWhite player is playing g1 to f3.
[32;1m[Board] [0m
[32;1m[Board] [0m    a b c d e f g h 
[32;1m[Board] [0m  -------------------
[32;1m[Board] [0m8 ||[30;1mr[0m|[30;1mk[0m|[30;1mb[0m|[30;1mQ[0m|[30;1mK[0m|[30;1mb[0m|[30;1mk[0m|[30;1mr[0m|| 8
[32;1m[Board] [0m  -------------------
[32;1m[Board] [0m7 ||[30;1mp[0m|[30;1mp[0m|[30;1mp[0m|[30;1mp[0m|[30;1mp[0m|[30;1mp[0m|[30;1mp[0m|[30;1mp[0m|| 7
[32;1m[Board] [0m  -------------------
[32;1m[Board] [0m6 ||[7;1m [0m| |[7;1m [0m| |[7;1m [0m| |[7;1m [0m| || 6
[32;1m[Board] [0m  -------------------
[32;1m[Board] [0m5 || |[7;1m [0m| |[0;1mp[0m| |[7;1m [0m| |[7;1m [0m|| 5
[32;1m[Board] [0m  -------------------
[32;1m[Board] [0m4 ||[7;1m [0m| |[7;1m [0m| |[7;1m [0m| |[7;1m [0m| || 4
[32;1m[Board] [0m  -------------------
[32;1m[Board] [0m3 || |[7;1m [0m| |[7;1m [0m| |[0;1mk[0m| |[7;1m [0m|| 3
[32;1m[Board] [0m  -------------------
[32;1m[Board] [0m2 ||[0;1mp[0m|[0;1mp[0m|[0;1mp[0m| |[0;1mp[0m|[0;1mp[0m|[0;1mp[0m|[0;1mp[0m|| 2
[32;1m[Board] [0m  -------------------
[32;1m[Board] [0m1 ||[0;1mr[0m|[0;1mk[0m|[0;1mb[0m|[0;1mQ[0m|[0;1mK[0m|[0;1mb[0m| |[0;1mr[0m|| 1
[32;1m[Board] [0m  -------------------
[32;1m[Board] [0m    a b c d e f g h
[32;1m[Board] [0m
[32;1m[Referee] [0mThis is the turn of the Black player...
Input file: championship/knightmare-lizzie-iii/history.csv
Output file: championship/knightmare-lizzie-iii/move.csv
We are playing as Black
8 | [1;31mR[0m [1;31mN[0m [1;31mB[0m [1;31mQ[0m [1;31mK[0m [1;31mB[0m [1;31mN[0m [1;31mR[0m 
7 | [1;31mP[0m [1;31mP[0m [1;31mP[0m [1;31mP[0m [1;31mP[0m [1;31mP[0m [1;31mP[0m [1;31mP[0m 
6 | [1;30m_[0m [1;30m_[0m [1;30m_[0m [1;30m_[0m [1;30m_[0m [1;30m_[0m [1;30m_[0m [1;30m_[0m 
5 | [1;30m_[0m [1;30m_[0m [1;30m_[0m [1;32mP[0m [1;30m_[0m [1;30m_[0m [1;30m_[0m [1;30m_[0m 
4 | [1;30m_[0m [1;30m_[0m [1;30m_[0m [1;30m_[0m [1;30m_[0m [1;30m_[0m [1;30m_[0m [1;30m_[0m 
3 | [1;30m_[0m [1;30m_[0m [1;30m_[0m [1;30m_[0m [1;30m_[0m [1;32mN[0m [1;30m_[0m [1;30m_[0m 
2 | [1;32mP[0m [1;32mP[0m [1;32mP[0m [1;30m_[0m [1;32mP[0m [1;32mP[0m [1;32mP[0m [1;32mP[0m 
1 | [1;32mR[0m [1;32mN[0m [1;32mB[0m [1;32mQ[0m [1;32mK[0m [1;32mB[0m [1;30m_[0m [1;32mR[0m 
-------------------
  | A B C D E F G H 

It is black's turn to play.
Best move: e7e6
Evaluation: -20
Node count: 28086

Total time: 782.158 ms
[32;1m[Game] [0mPlayer's error code: 0
[32;1m[Game] [0mChecking move validity...
[32;1m[Board] [0mInitializing board...
[32;1m[Board] [0mLoading history file `championship/knightmare-lizzie-iii/history.csv`...
[32;1m[Board] [0mLoaded 5 move(s).
[32;1m[Board] [0mLoading move file `championship/knightmare-lizzie-iii/move.csv`...
[32;1m[Board] [0mBlack player is playing e7 to e6.
[32;1m[Board] [0m
[32;1m[Board] [0m    a b c d e f g h 
[32;1m[Board] [0m  -------------------
[32;1m[Board] [0m8 ||[30;1mr[0m|[30;1mk[0m|[30;1mb[0m|[30;1mQ[0m|[30;1mK[0m|[30;1mb[0m|[30;1mk[0m|[30;1mr[0m|| 8
[32;1m[Board] [0m  -------------------
[32;1m[Board] [0m7 ||[30;1mp[0m|[30;1mp[0m|[30;1mp[0m|[30;1mp[0m| |[30;1mp[0m|[30;1mp[0m|[30;1mp[0m|| 7
[32;1m[Board] [0m  -------------------
[32;1m[Board] [0m6 ||[7;1m [0m| |[7;1m [0m| |[30;1mp[0m| |[7;1m [0m| || 6
[32;1m[Board] [0m  -------------------
[32;1m[Board] [0m5 || |[7;1m [0m| |[0;1mp[0m| |[7;1m [0m| |[7;1m [0m|| 5
[32;1m[Board] [0m  -------------------
[32;1m[Board] [0m4 ||[7;1m [0m| |[7;1m [0m| |[7;1m [0m| |[7;1m [0m| || 4
[32;1m[Board] [0m  -------------------
[32;1m[Board] [0m3 || |[7;1m [0m| |[7;1m [0m| |[0;1mk[0m| |[7;1m [0m|| 3
[32;1m[Board] [0m  -------------------
[32;1m[Board] [0m2 ||[0;1mp[0m|[0;1mp[0m|[0;1mp[0m| |[0;1mp[0m|[0;1mp[0m|[0;1mp[0m|[0;1mp[0m|| 2
[32;1m[Board] [0m  -------------------
[32;1m[Board] [0m1 ||[0;1mr[0m|[0;1mk[0m|[0;1mb[0m|[0;1mQ[0m|[0;1mK[0m|[0;1mb[0m| |[0;1mr[0m|| 1
[32;1m[Board] [0m  -------------------
[32;1m[Board] [0m    a b c d e f g h
[32;1m[Board] [0m
[32;1m[Referee] [0mThis is the turn of the White player...
Checking opening: Alekhine Defense
Opening moves: e2e4 g8f6 
Checking opening: Caro-Kann Defense
Opening moves: e2e4 c7c6 
Checking opening: Catalan Opening
Opening moves: d2d4 g8f6 c2c4 e7e6 g2g3 
Checking opening: Colle System
Opening moves: d2d4 d7d5 g1f3 g8f6 e2e3 
Checking opening: French Defense
Opening moves: e2e4 e7e6 
Checking opening: Grünfeld Defense
Opening moves: d2d4 g8f6 c2c4 g7g6 b1c3 d7d5 
Checking opening: Italian Game
Opening moves: e2e4 e7e5 g1f3 b8c6 f1c4 
Checking opening: King's Gambit
Opening moves: e2e4 e7e5 f2f4 
Checking opening: King's Indian Defense
Opening moves: d2d4 g8f6 c2c4 g7g6 
Checking opening: London System
Opening moves: d2d4 d7d5 g1f3 g8f6 c1f4 
Checking opening: Nimzo-Indian Defense
Opening moves: d2d4 g8f6 c2c4 e7e6 b1c3 f8b4 
Checking opening: Petrov Defense
Opening moves: e2e4 e7e5 g1f3 g8f6 
Checking opening: Pirc Defense
Opening moves: e2e4 d7d6 
Checking opening: Queen's Gambit
Opening moves: d2d4 d7d5 c2c4 
Checking opening: Queen's Indian Defense
Opening moves: d2d4 g8f6 c2c4 e7e6 g2g3 b7b6 
Checking opening: Ruy Lopez
Opening moves: e2e4 e7e5 g1f3 b8c6 
Checking opening: Scotch Game
Opening moves: e2e4 e7e5 g1f3 b8c6 d2d4 
Checking opening: Sicilian Defense
Opening moves: e2e4 c7c5 
Checking opening: Slav Defense
Opening moves: d2d4 d7d5 c2c4 c7c6 
Checking opening: Vienna Game
Opening moves: e2e4 e7e5 b1c3 
No match found.
No opening detected.
Playing randomly: c1h6
[32;1m[Game] [0mPlayer's error code: 0
[32;1m[Game] [0mChecking move validity...
[32;1m[Board] [0mInitializing board...
[32;1m[Board] [0mLoading history file `championship/knightmare-lizzie-iii/history.csv`...
[32;1m[Board] [0mLoaded 6 move(s).
[32;1m[Board] [0mLoading move file `championship/knightmare-lizzie-iii/move.csv`...
[32;1m[Board] [0mWhite player is playing c1 to h6.
[32;1m[Board] [0m
[32;1m[Board] [0m    a b c d e f g h 
[32;1m[Board] [0m  -------------------
[32;1m[Board] [0m8 ||[30;1mr[0m|[30;1mk[0m|[30;1mb[0m|[30;1mQ[0m|[30;1mK[0m|[30;1mb[0m|[30;1mk[0m|[30;1mr[0m|| 8
[32;1m[Board] [0m  -------------------
[32;1m[Board] [0m7 ||[30;1mp[0m|[30;1mp[0m|[30;1mp[0m|[30;1mp[0m| |[30;1mp[0m|[30;1mp[0m|[30;1mp[0m|| 7
[32;1m[Board] [0m  -------------------
[32;1m[Board] [0m6 ||[7;1m [0m| |[7;1m [0m| |[30;1mp[0m| |[7;1m [0m|[0;1mb[0m|| 6
[32;1m[Board] [0m  -------------------
[32;1m[Board] [0m5 || |[7;1m [0m| |[0;1mp[0m| |[7;1m [0m| |[7;1m [0m|| 5
[32;1m[Board] [0m  -------------------
[32;1m[Board] [0m4 ||[7;1m [0m| |[7;1m [0m| |[7;1m [0m| |[7;1m [0m| || 4
[32;1m[Board] [0m  -------------------
[32;1m[Board] [0m3 || |[7;1m [0m| |[7;1m [0m| |[0;1mk[0m| |[7;1m [0m|| 3
[32;1m[Board] [0m  -------------------
[32;1m[Board] [0m2 ||[0;1mp[0m|[0;1mp[0m|[0;1mp[0m| |[0;1mp[0m|[0;1mp[0m|[0;1mp[0m|[0;1mp[0m|| 2
[32;1m[Board] [0m  -------------------
[32;1m[Board] [0m1 ||[0;1mr[0m|[0;1mk[0m| |[0;1mQ[0m|[0;1mK[0m|[0;1mb[0m| |[0;1mr[0m|| 1
[32;1m[Board] [0m  -------------------
[32;1m[Board] [0m    a b c d e f g h
[32;1m[Board] [0m
[32;1m[Referee] [0mThis is the turn of the Black player...
Input file: championship/knightmare-lizzie-iii/history.csv
Output file: championship/knightmare-lizzie-iii/move.csv
We are playing as Black
8 | [1;31mR[0m [1;31mN[0m [1;31mB[0m [1;31mQ[0m [1;31mK[0m [1;31mB[0m [1;31mN[0m [1;31mR[0m 
7 | [1;31mP[0m [1;31mP[0m [1;31mP[0m [1;31mP[0m [1;30m_[0m [1;31mP[0m [1;31mP[0m [1;31mP[0m 
6 | [1;30m_[0m [1;30m_[0m [1;30m_[0m [1;30m_[0m [1;31mP[0m [1;30m_[0m [1;30m_[0m [1;32mB[0m 
5 | [1;30m_[0m [1;30m_[0m [1;30m_[0m [1;32mP[0m [1;30m_[0m [1;30m_[0m [1;30m_[0m [1;30m_[0m 
4 | [1;30m_[0m [1;30m_[0m [1;30m_[0m [1;30m_[0m [1;30m_[0m [1;30m_[0m [1;30m_[0m [1;30m_[0m 
3 | [1;30m_[0m [1;30m_[0m [1;30m_[0m [1;30m_[0m [1;30m_[0m [1;32mN[0m [1;30m_[0m [1;30m_[0m 
2 | [1;32mP[0m [1;32mP[0m [1;32mP[0m [1;30m_[0m [1;32mP[0m [1;32mP[0m [1;32mP[0m [1;32mP[0m 
1 | [1;32mR[0m [1;32mN[0m [1;30m_[0m [1;32mQ[0m [1;32mK[0m [1;32mB[0m [1;30m_[0m [1;32mR[0m 
-------------------
  | A B C D E F G H 

It is black's turn to play.
Best move: g8h6
Evaluation: -350
Node count: 36919

Total time: 943.894 ms
[32;1m[Game] [0mPlayer's error code: 0
[32;1m[Game] [0mChecking move validity...
[32;1m[Board] [0mInitializing board...
[32;1m[Board] [0mLoading history file `championship/knightmare-lizzie-iii/history.csv`...
[32;1m[Board] [0mLoaded 7 move(s).
[32;1m[Board] [0mLoading move file `championship/knightmare-lizzie-iii/move.csv`...
[32;1m[Board] [0mBlack player is playing g8 to h6.
[32;1m[Board] [0m[5;1mBlack Knight is taking White Bishop.[0m
[32;1m[Board] [0m
[32;1m[Board] [0m    a b c d e f g h 
[32;1m[Board] [0m  -------------------
[32;1m[Board] [0m8 ||[30;1mr[0m|[30;1mk[0m|[30;1mb[0m|[30;1mQ[0m|[30;1mK[0m|[30;1mb[0m|[7;1m [0m|[30;1mr[0m|| 8
[32;1m[Board] [0m  -------------------
[32;1m[Board] [0m7 ||[30;1mp[0m|[30;1mp[0m|[30;1mp[0m|[30;1mp[0m| |[30;1mp[0m|[30;1mp[0m|[30;1mp[0m|| 7
[32;1m[Board] [0m  -------------------
[32;1m[Board] [0m6 ||[7;1m [0m| |[7;1m [0m| |[30;1mp[0m| |[7;1m [0m|[30;1mk[0m|| 6
[32;1m[Board] [0m  -------------------
[32;1m[Board] [0m5 || |[7;1m [0m| |[0;1mp[0m| |[7;1m [0m| |[7;1m [0m|| 5
[32;1m[Board] [0m  -------------------
[32;1m[Board] [0m4 ||[7;1m [0m| |[7;1m [0m| |[7;1m [0m| |[7;1m [0m| || 4
[32;1m[Board] [0m  -------------------
[32;1m[Board] [0m3 || |[7;1m [0m| |[7;1m [0m| |[0;1mk[0m| |[7;1m [0m|| 3
[32;1m[Board] [0m  -------------------
[32;1m[Board] [0m2 ||[0;1mp[0m|[0;1mp[0m|[0;1mp[0m| |[0;1mp[0m|[0;1mp[0m|[0;1mp[0m|[0;1mp[0m|| 2
[32;1m[Board] [0m  -------------------
[32;1m[Board] [0m1 ||[0;1mr[0m|[0;1mk[0m| |[0;1mQ[0m|[0;1mK[0m|[0;1mb[0m| |[0;1mr[0m|| 1
[32;1m[Board] [0m  -------------------
[32;1m[Board] [0m    a b c d e f g h
[32;1m[Board] [0m
[32;1m[Referee] [0mThis is the turn of the White player...
Playing randomly: e2e4
[32;1m[Game] [0mPlayer's error code: 0
[32;1m[Game] [0mChecking move validity...
[32;1m[Board] [0mInitializing board...
[32;1m[Board] [0mLoading history file `championship/knightmare-lizzie-iii/history.csv`...
[32;1m[Board] [0mLoaded 8 move(s).
[32;1m[Board] [0mLoading move file `championship/knightmare-lizzie-iii/move.csv`...
[32;1m[Board] [0mWhite player is playing e2 to e4.
[32;1m[Board] [0m
[32;1m[Board] [0m    a b c d e f g h 
[32;1m[Board] [0m  -------------------
[32;1m[Board] [0m8 ||[30;1mr[0m|[30;1mk[0m|[30;1mb[0m|[30;1mQ[0m|[30;1mK[0m|[30;1mb[0m|[7;1m [0m|[30;1mr[0m|| 8
[32;1m[Board] [0m  -------------------
[32;1m[Board] [0m7 ||[30;1mp[0m|[30;1mp[0m|[30;1mp[0m|[30;1mp[0m| |[30;1mp[0m|[30;1mp[0m|[30;1mp[0m|| 7
[32;1m[Board] [0m  -------------------
[32;1m[Board] [0m6 ||[7;1m [0m| |[7;1m [0m| |[30;1mp[0m| |[7;1m [0m|[30;1mk[0m|| 6
[32;1m[Board] [0m  -------------------
[32;1m[Board] [0m5 || |[7;1m [0m| |[0;1mp[0m| |[7;1m [0m| |[7;1m [0m|| 5
[32;1m[Board] [0m  -------------------
[32;1m[Board] [0m4 ||[7;1m [0m| |[7;1m [0m| |[0;1mp[0m| |[7;1m [0m| || 4
[32;1m[Board] [0m  -------------------
[32;1m[Board] [0m3 || |[7;1m [0m| |[7;1m [0m| |[0;1mk[0m| |[7;1m [0m|| 3
[32;1m[Board] [0m  -------------------
[32;1m[Board] [0m2 ||[0;1mp[0m|[0;1mp[0m|[0;1mp[0m| |[7;1m [0m|[0;1mp[0m|[0;1mp[0m|[0;1mp[0m|| 2
[32;1m[Board] [0m  -------------------
[32;1m[Board] [0m1 ||[0;1mr[0m|[0;1mk[0m| |[0;1mQ[0m|[0;1mK[0m|[0;1mb[0m| |[0;1mr[0m|| 1
[32;1m[Board] [0m  -------------------
[32;1m[Board] [0m    a b c d e f g h
[32;1m[Board] [0m
[32;1m[Referee] [0mThis is the turn of the Black player...
Input file: championship/knightmare-lizzie-iii/history.csv
Output file: championship/knightmare-lizzie-iii/move.csv
We are playing as Black
8 | [1;31mR[0m [1;31mN[0m [1;31mB[0m [1;31mQ[0m [1;31mK[0m [1;31mB[0m [1;30m_[0m [1;31mR[0m 
7 | [1;31mP[0m [1;31mP[0m [1;31mP[0m [1;31mP[0m [1;30m_[0m [1;31mP[0m [1;31mP[0m [1;31mP[0m 
6 | [1;30m_[0m [1;30m_[0m [1;30m_[0m [1;30m_[0m [1;31mP[0m [1;30m_[0m [1;30m_[0m [1;31mN[0m 
5 | [1;30m_[0m [1;30m_[0m [1;30m_[0m [1;32mP[0m [1;30m_[0m [1;30m_[0m [1;30m_[0m [1;30m_[0m 
4 | [1;30m_[0m [1;30m_[0m [1;30m_[0m [1;30m_[0m [1;32mP[0m [1;30m_[0m [1;30m_[0m [1;30m_[0m 
3 | [1;30m_[0m [1;30m_[0m [1;30m_[0m [1;30m_[0m [1;30m_[0m [1;32mN[0m [1;30m_[0m [1;30m_[0m 
2 | [1;32mP[0m [1;32mP[0m [1;32mP[0m [1;30m_[0m [1;30m_[0m [1;32mP[0m [1;32mP[0m [1;32mP[0m 
1 | [1;32mR[0m [1;32mN[0m [1;30m_[0m [1;32mQ[0m [1;32mK[0m [1;32mB[0m [1;30m_[0m [1;32mR[0m 
-------------------
  | A B C D E F G H 

It is black's turn to play.
Best move: d8f6
Evaluation: -420
Node count: 38780

Total time: 1048.44 ms
[32;1m[Game] [0mPlayer's error code: 0
[32;1m[Game] [0mChecking move validity...
[32;1m[Board] [0mInitializing board...
[32;1m[Board] [0mLoading history file `championship/knightmare-lizzie-iii/history.csv`...
[32;1m[Board] [0mLoaded 9 move(s).
[32;1m[Board] [0mLoading move file `championship/knightmare-lizzie-iii/move.csv`...
[32;1m[Board] [0mBlack player is playing d8 to f6.
[32;1m[Board] [0m
[32;1m[Board] [0m    a b c d e f g h 
[32;1m[Board] [0m  -------------------
[32;1m[Board] [0m8 ||[30;1mr[0m|[30;1mk[0m|[30;1mb[0m| |[30;1mK[0m|[30;1mb[0m|[7;1m [0m|[30;1mr[0m|| 8
[32;1m[Board] [0m  -------------------
[32;1m[Board] [0m7 ||[30;1mp[0m|[30;1mp[0m|[30;1mp[0m|[30;1mp[0m| |[30;1mp[0m|[30;1mp[0m|[30;1mp[0m|| 7
[32;1m[Board] [0m  -------------------
[32;1m[Board] [0m6 ||[7;1m [0m| |[7;1m [0m| |[30;1mp[0m|[30;1mQ[0m|[7;1m [0m|[30;1mk[0m|| 6
[32;1m[Board] [0m  -------------------
[32;1m[Board] [0m5 || |[7;1m [0m| |[0;1mp[0m| |[7;1m [0m| |[7;1m [0m|| 5
[32;1m[Board] [0m  -------------------
[32;1m[Board] [0m4 ||[7;1m [0m| |[7;1m [0m| |[0;1mp[0m| |[7;1m [0m| || 4
[32;1m[Board] [0m  -------------------
[32;1m[Board] [0m3 || |[7;1m [0m| |[7;1m [0m| |[0;1mk[0m| |[7;1m [0m|| 3
[32;1m[Board] [0m  -------------------
[32;1m[Board] [0m2 ||[0;1mp[0m|[0;1mp[0m|[0;1mp[0m| |[7;1m [0m|[0;1mp[0m|[0;1mp[0m|[0;1mp[0m|| 2
[32;1m[Board] [0m  -------------------
[32;1m[Board] [0m1 ||[0;1mr[0m|[0;1mk[0m| |[0;1mQ[0m|[0;1mK[0m|[0;1mb[0m| |[0;1mr[0m|| 1
[32;1m[Board] [0m  -------------------
[32;1m[Board] [0m    a b c d e f g h
[32;1m[Board] [0m
[32;1m[Referee] [0mThis is the turn of the White player...
Playing randomly: b1d2
[32;1m[Game] [0mPlayer's error code: 0
[32;1m[Game] [0mChecking move validity...
[32;1m[Board] [0mInitializing board...
[32;1m[Board] [0mLoading history file `championship/knightmare-lizzie-iii/history.csv`...
[32;1m[Board] [0mLoaded 10 move(s).
[32;1m[Board] [0mLoading move file `championship/knightmare-lizzie-iii/move.csv`...
[32;1m[Board] [0mWhite player is playing b1 to d2.
[32;1m[Board] [0m
[32;1m[Board] [0m    a b c d e f g h 
[32;1m[Board] [0m  -------------------
[32;1m[Board] [0m8 ||[30;1mr[0m|[30;1mk[0m|[30;1mb[0m| |[30;1mK[0m|[30;1mb[0m|[7;1m [0m|[30;1mr[0m|| 8
[32;1m[Board] [0m  -------------------
[32;1m[Board] [0m7 ||[30;1mp[0m|[30;1mp[0m|[30;1mp[0m|[30;1mp[0m| |[30;1mp[0m|[30;1mp[0m|[30;1mp[0m|| 7
[32;1m[Board] [0m  -------------------
[32;1m[Board] [0m6 ||[7;1m [0m| |[7;1m [0m| |[30;1mp[0m|[30;1mQ[0m|[7;1m [0m|[30;1mk[0m|| 6
[32;1m[Board] [0m  -------------------
[32;1m[Board] [0m5 || |[7;1m [0m| |[0;1mp[0m| |[7;1m [0m| |[7;1m [0m|| 5
[32;1m[Board] [0m  -------------------
[32;1m[Board] [0m4 ||[7;1m [0m| |[7;1m [0m| |[0;1mp[0m| |[7;1m [0m| || 4
[32;1m[Board] [0m  -------------------
[32;1m[Board] [0m3 || |[7;1m [0m| |[7;1m [0m| |[0;1mk[0m| |[7;1m [0m|| 3
[32;1m[Board] [0m  -------------------
[32;1m[Board] [0m2 ||[0;1mp[0m|[0;1mp[0m|[0;1mp[0m|[0;1mk[0m|[7;1m [0m|[0;1mp[0m|[0;1mp[0m|[0;1mp[0m|| 2
[32;1m[Board] [0m  -------------------
[32;1m[Board] [0m1 ||[0;1mr[0m|[7;1m [0m| |[0;1mQ[0m|[0;1mK[0m|[0;1mb[0m| |[0;1mr[0m|| 1
[32;1m[Board] [0m  -------------------
[32;1m[Board] [0m    a b c d e f g h
[32;1m[Board] [0m
[32;1m[Referee] [0mThis is the turn of the Black player...
Input file: championship/knightmare-lizzie-iii/history.csv
Output file: championship/knightmare-lizzie-iii/move.csv
We are playing as Black
8 | [1;31mR[0m [1;31mN[0m [1;31mB[0m [1;30m_[0m [1;31mK[0m [1;31mB[0m [1;30m_[0m [1;31mR[0m 
7 | [1;31mP[0m [1;31mP[0m [1;31mP[0m [1;31mP[0m [1;30m_[0m [1;31mP[0m [1;31mP[0m [1;31mP[0m 
6 | [1;30m_[0m [1;30m_[0m [1;30m_[0m [1;30m_[0m [1;31mP[0m [1;31mQ[0m [1;30m_[0m [1;31mN[0m 
5 | [1;30m_[0m [1;30m_[0m [1;30m_[0m [1;32mP[0m [1;30m_[0m [1;30m_[0m [1;30m_[0m [1;30m_[0m 
4 | [1;30m_[0m [1;30m_[0m [1;30m_[0m [1;30m_[0m [1;32mP[0m [1;30m_[0m [1;30m_[0m [1;30m_[0m 
3 | [1;30m_[0m [1;30m_[0m [1;30m_[0m [1;30m_[0m [1;30m_[0m [1;32mN[0m [1;30m_[0m [1;30m_[0m 
2 | [1;32mP[0m [1;32mP[0m [1;32mP[0m [1;32mN[0m [1;30m_[0m [1;32mP[0m [1;32mP[0m [1;32mP[0m 
1 | [1;32mR[0m [1;30m_[0m [1;30m_[0m [1;32mQ[0m [1;32mK[0m [1;32mB[0m [1;30m_[0m [1;32mR[0m 
-------------------
  | A B C D E F G H 

It is black's turn to play.
Best move: f6b2
Evaluation: -530
Node count: 63406

Total time: 1457.6 ms
[32;1m[Game] [0mPlayer's error code: 0
[32;1m[Game] [0mChecking move validity...
[32;1m[Board] [0mInitializing board...
[32;1m[Board] [0mLoading history file `championship/knightmare-lizzie-iii/history.csv`...
[32;1m[Board] [0mLoaded 11 move(s).
[32;1m[Board] [0mLoading move file `championship/knightmare-lizzie-iii/move.csv`...
[32;1m[Board] [0mBlack player is playing f6 to b2.
[32;1m[Board] [0m[5;1mBlack Queen is taking White Pawn.[0m
[32;1m[Board] [0m
[32;1m[Board] [0m    a b c d e f g h 
[32;1m[Board] [0m  -------------------
[32;1m[Board] [0m8 ||[30;1mr[0m|[30;1mk[0m|[30;1mb[0m| |[30;1mK[0m|[30;1mb[0m|[7;1m [0m|[30;1mr[0m|| 8
[32;1m[Board] [0m  -------------------
[32;1m[Board] [0m7 ||[30;1mp[0m|[30;1mp[0m|[30;1mp[0m|[30;1mp[0m| |[30;1mp[0m|[30;1mp[0m|[30;1mp[0m|| 7
[32;1m[Board] [0m  -------------------
[32;1m[Board] [0m6 ||[7;1m [0m| |[7;1m [0m| |[30;1mp[0m| |[7;1m [0m|[30;1mk[0m|| 6
[32;1m[Board] [0m  -------------------
[32;1m[Board] [0m5 || |[7;1m [0m| |[0;1mp[0m| |[7;1m [0m| |[7;1m [0m|| 5
[32;1m[Board] [0m  -------------------
[32;1m[Board] [0m4 ||[7;1m [0m| |[7;1m [0m| |[0;1mp[0m| |[7;1m [0m| || 4
[32;1m[Board] [0m  -------------------
[32;1m[Board] [0m3 || |[7;1m [0m| |[7;1m [0m| |[0;1mk[0m| |[7;1m [0m|| 3
[32;1m[Board] [0m  -------------------
[32;1m[Board] [0m2 ||[0;1mp[0m|[30;1mQ[0m|[0;1mp[0m|[0;1mk[0m|[7;1m [0m|[0;1mp[0m|[0;1mp[0m|[0;1mp[0m|| 2
[32;1m[Board] [0m  -------------------
[32;1m[Board] [0m1 ||[0;1mr[0m|[7;1m [0m| |[0;1mQ[0m|[0;1mK[0m|[0;1mb[0m| |[0;1mr[0m|| 1
[32;1m[Board] [0m  -------------------
[32;1m[Board] [0m    a b c d e f g h
[32;1m[Board] [0m
[32;1m[Referee] [0mThis is the turn of the White player...
Playing randomly: d5e6
[32;1m[Game] [0mPlayer's error code: 0
[32;1m[Game] [0mChecking move validity...
[32;1m[Board] [0mInitializing board...
[32;1m[Board] [0mLoading history file `championship/knightmare-lizzie-iii/history.csv`...
[32;1m[Board] [0mLoaded 12 move(s).
[32;1m[Board] [0mLoading move file `championship/knightmare-lizzie-iii/move.csv`...
[32;1m[Board] [0mWhite player is playing d5 to e6.
[32;1m[Board] [0m[5;1mWhite Pawn is taking Black Pawn.[0m
[32;1m[Board] [0m
[32;1m[Board] [0m    a b c d e f g h 
[32;1m[Board] [0m  -------------------
[32;1m[Board] [0m8 ||[30;1mr[0m|[30;1mk[0m|[30;1mb[0m| |[30;1mK[0m|[30;1mb[0m|[7;1m [0m|[30;1mr[0m|| 8
[32;1m[Board] [0m  -------------------
[32;1m[Board] [0m7 ||[30;1mp[0m|[30;1mp[0m|[30;1mp[0m|[30;1mp[0m| |[30;1mp[0m|[30;1mp[0m|[30;1mp[0m|| 7
[32;1m[Board] [0m  -------------------
[32;1m[Board] [0m6 ||[7;1m [0m| |[7;1m [0m| |[0;1mp[0m| |[7;1m [0m|[30;1mk[0m|| 6
[32;1m[Board] [0m  -------------------
[32;1m[Board] [0m5 || |[7;1m [0m| |[7;1m [0m| |[7;1m [0m| |[7;1m [0m|| 5
[32;1m[Board] [0m  -------------------
[32;1m[Board] [0m4 ||[7;1m [0m| |[7;1m [0m| |[0;1mp[0m| |[7;1m [0m| || 4
[32;1m[Board] [0m  -------------------
[32;1m[Board] [0m3 || |[7;1m [0m| |[7;1m [0m| |[0;1mk[0m| |[7;1m [0m|| 3
[32;1m[Board] [0m  -------------------
[32;1m[Board] [0m2 ||[0;1mp[0m|[30;1mQ[0m|[0;1mp[0m|[0;1mk[0m|[7;1m [0m|[0;1mp[0m|[0;1mp[0m|[0;1mp[0m|| 2
[32;1m[Board] [0m  -------------------
[32;1m[Board] [0m1 ||[0;1mr[0m|[7;1m [0m| |[0;1mQ[0m|[0;1mK[0m|[0;1mb[0m| |[0;1mr[0m|| 1
[32;1m[Board] [0m  -------------------
[32;1m[Board] [0m    a b c d e f g h
[32;1m[Board] [0m
[32;1m[Referee] [0mThis is the turn of the Black player...
Input file: championship/knightmare-lizzie-iii/history.csv
Output file: championship/knightmare-lizzie-iii/move.csv
We are playing as Black
8 | [1;31mR[0m [1;31mN[0m [1;31mB[0m [1;30m_[0m [1;31mK[0m [1;31mB[0m [1;30m_[0m [1;31mR[0m 
7 | [1;31mP[0m [1;31mP[0m [1;31mP[0m [1;31mP[0m [1;30m_[0m [1;31mP[0m [1;31mP[0m [1;31mP[0m 
6 | [1;30m_[0m [1;30m_[0m [1;30m_[0m [1;30m_[0m [1;32mP[0m [1;30m_[0m [1;30m_[0m [1;31mN[0m 
5 | [1;30m_[0m [1;30m_[0m [1;30m_[0m [1;30m_[0m [1;30m_[0m [1;30m_[0m [1;30m_[0m [1;30m_[0m 
4 | [1;30m_[0m [1;30m_[0m [1;30m_[0m [1;30m_[0m [1;32mP[0m [1;30m_[0m [1;30m_[0m [1;30m_[0m 
3 | [1;30m_[0m [1;30m_[0m [1;30m_[0m [1;30m_[0m [1;30m_[0m [1;32mN[0m [1;30m_[0m [1;30m_[0m 
2 | [1;32mP[0m [1;31mQ[0m [1;32mP[0m [1;32mN[0m [1;30m_[0m [1;32mP[0m [1;32mP[0m [1;32mP[0m 
1 | [1;32mR[0m [1;30m_[0m [1;30m_[0m [1;32mQ[0m [1;32mK[0m [1;32mB[0m [1;30m_[0m [1;32mR[0m 
-------------------
  | A B C D E F G H 

It is black's turn to play.
Best move: f7e6
Evaluation: -630
Node count: 43060

Total time: 1224.6 ms
[32;1m[Game] [0mPlayer's error code: 0
[32;1m[Game] [0mChecking move validity...
[32;1m[Board] [0mInitializing board...
[32;1m[Board] [0mLoading history file `championship/knightmare-lizzie-iii/history.csv`...
[32;1m[Board] [0mLoaded 13 move(s).
[32;1m[Board] [0mLoading move file `championship/knightmare-lizzie-iii/move.csv`...
[32;1m[Board] [0mBlack player is playing f7 to e6.
[32;1m[Board] [0m[5;1mBlack Pawn is taking White Pawn.[0m
[32;1m[Board] [0m
[32;1m[Board] [0m    a b c d e f g h 
[32;1m[Board] [0m  -------------------
[32;1m[Board] [0m8 ||[30;1mr[0m|[30;1mk[0m|[30;1mb[0m| |[30;1mK[0m|[30;1mb[0m|[7;1m [0m|[30;1mr[0m|| 8
[32;1m[Board] [0m  -------------------
[32;1m[Board] [0m7 ||[30;1mp[0m|[30;1mp[0m|[30;1mp[0m|[30;1mp[0m| |[7;1m [0m|[30;1mp[0m|[30;1mp[0m|| 7
[32;1m[Board] [0m  -------------------
[32;1m[Board] [0m6 ||[7;1m [0m| |[7;1m [0m| |[30;1mp[0m| |[7;1m [0m|[30;1mk[0m|| 6
[32;1m[Board] [0m  -------------------
[32;1m[Board] [0m5 || |[7;1m [0m| |[7;1m [0m| |[7;1m [0m| |[7;1m [0m|| 5
[32;1m[Board] [0m  -------------------
[32;1m[Board] [0m4 ||[7;1m [0m| |[7;1m [0m| |[0;1mp[0m| |[7;1m [0m| || 4
[32;1m[Board] [0m  -------------------
[32;1m[Board] [0m3 || |[7;1m [0m| |[7;1m [0m| |[0;1mk[0m| |[7;1m [0m|| 3
[32;1m[Board] [0m  -------------------
[32;1m[Board] [0m2 ||[0;1mp[0m|[30;1mQ[0m|[0;1mp[0m|[0;1mk[0m|[7;1m [0m|[0;1mp[0m|[0;1mp[0m|[0;1mp[0m|| 2
[32;1m[Board] [0m  -------------------
[32;1m[Board] [0m1 ||[0;1mr[0m|[7;1m [0m| |[0;1mQ[0m|[0;1mK[0m|[0;1mb[0m| |[0;1mr[0m|| 1
[32;1m[Board] [0m  -------------------
[32;1m[Board] [0m    a b c d e f g h
[32;1m[Board] [0m
[32;1m[Referee] [0mThis is the turn of the White player...
Playing randomly: d2b1
[32;1m[Game] [0mPlayer's error code: 0
[32;1m[Game] [0mChecking move validity...
[32;1m[Board] [0mInitializing board...
[32;1m[Board] [0mLoading history file `championship/knightmare-lizzie-iii/history.csv`...
[32;1m[Board] [0mLoaded 14 move(s).
[32;1m[Board] [0mLoading move file `championship/knightmare-lizzie-iii/move.csv`...
[32;1m[Board] [0mWhite player is playing d2 to b1.
[32;1m[Board] [0m
[32;1m[Board] [0m    a b c d e f g h 
[32;1m[Board] [0m  -------------------
[32;1m[Board] [0m8 ||[30;1mr[0m|[30;1mk[0m|[30;1mb[0m| |[30;1mK[0m|[30;1mb[0m|[7;1m [0m|[30;1mr[0m|| 8
[32;1m[Board] [0m  -------------------
[32;1m[Board] [0m7 ||[30;1mp[0m|[30;1mp[0m|[30;1mp[0m|[30;1mp[0m| |[7;1m [0m|[30;1mp[0m|[30;1mp[0m|| 7
[32;1m[Board] [0m  -------------------
[32;1m[Board] [0m6 ||[7;1m [0m| |[7;1m [0m| |[30;1mp[0m| |[7;1m [0m|[30;1mk[0m|| 6
[32;1m[Board] [0m  -------------------
[32;1m[Board] [0m5 || |[7;1m [0m| |[7;1m [0m| |[7;1m [0m| |[7;1m [0m|| 5
[32;1m[Board] [0m  -------------------
[32;1m[Board] [0m4 ||[7;1m [0m| |[7;1m [0m| |[0;1mp[0m| |[7;1m [0m| || 4
[32;1m[Board] [0m  -------------------
[32;1m[Board] [0m3 || |[7;1m [0m| |[7;1m [0m| |[0;1mk[0m| |[7;1m [0m|| 3
[32;1m[Board] [0m  -------------------
[32;1m[Board] [0m2 ||[0;1mp[0m|[30;1mQ[0m|[0;1mp[0m| |[7;1m [0m|[0;1mp[0m|[0;1mp[0m|[0;1mp[0m|| 2
[32;1m[Board] [0m  -------------------
[32;1m[Board] [0m1 ||[0;1mr[0m|[0;1mk[0m| |[0;1mQ[0m|[0;1mK[0m|[0;1mb[0m| |[0;1mr[0m|| 1
[32;1m[Board] [0m  -------------------
[32;1m[Board] [0m    a b c d e f g h
[32;1m[Board] [0m
[32;1m[Referee] [0mThis is the turn of the Black player...
Input file: championship/knightmare-lizzie-iii/history.csv
Output file: championship/knightmare-lizzie-iii/move.csv
We are playing as Black
8 | [1;31mR[0m [1;31mN[0m [1;31mB[0m [1;30m_[0m [1;31mK[0m [1;31mB[0m [1;30m_[0m [1;31mR[0m 
7 | [1;31mP[0m [1;31mP[0m [1;31mP[0m [1;31mP[0m [1;30m_[0m [1;30m_[0m [1;31mP[0m [1;31mP[0m 
6 | [1;30m_[0m [1;30m_[0m [1;30m_[0m [1;30m_[0m [1;31mP[0m [1;30m_[0m [1;30m_[0m [1;31mN[0m 
5 | [1;30m_[0m [1;30m_[0m [1;30m_[0m [1;30m_[0m [1;30m_[0m [1;30m_[0m [1;30m_[0m [1;30m_[0m 
4 | [1;30m_[0m [1;30m_[0m [1;30m_[0m [1;30m_[0m [1;32mP[0m [1;30m_[0m [1;30m_[0m [1;30m_[0m 
3 | [1;30m_[0m [1;30m_[0m [1;30m_[0m [1;30m_[0m [1;30m_[0m [1;32mN[0m [1;30m_[0m [1;30m_[0m 
2 | [1;32mP[0m [1;31mQ[0m [1;32mP[0m [1;30m_[0m [1;30m_[0m [1;32mP[0m [1;32mP[0m [1;32mP[0m 
1 | [1;32mR[0m [1;32mN[0m [1;30m_[0m [1;32mQ[0m [1;32mK[0m [1;32mB[0m [1;30m_[0m [1;32mR[0m 
-------------------
  | A B C D E F G H 

It is black's turn to play.
Best move: b2a1
Evaluation: -1115
Node count: 61642

Total time: 1328.14 ms
[32;1m[Game] [0mPlayer's error code: 0
[32;1m[Game] [0mChecking move validity...
[32;1m[Board] [0mInitializing board...
[32;1m[Board] [0mLoading history file `championship/knightmare-lizzie-iii/history.csv`...
[32;1m[Board] [0mLoaded 15 move(s).
[32;1m[Board] [0mLoading move file `championship/knightmare-lizzie-iii/move.csv`...
[32;1m[Board] [0mBlack player is playing b2 to a1.
[32;1m[Board] [0m[5;1mBlack Queen is taking White Rook.[0m
[32;1m[Board] [0m
[32;1m[Board] [0m    a b c d e f g h 
[32;1m[Board] [0m  -------------------
[32;1m[Board] [0m8 ||[30;1mr[0m|[30;1mk[0m|[30;1mb[0m| |[30;1mK[0m|[30;1mb[0m|[7;1m [0m|[30;1mr[0m|| 8
[32;1m[Board] [0m  -------------------
[32;1m[Board] [0m7 ||[30;1mp[0m|[30;1mp[0m|[30;1mp[0m|[30;1mp[0m| |[7;1m [0m|[30;1mp[0m|[30;1mp[0m|| 7
[32;1m[Board] [0m  -------------------
[32;1m[Board] [0m6 ||[7;1m [0m| |[7;1m [0m| |[30;1mp[0m| |[7;1m [0m|[30;1mk[0m|| 6
[32;1m[Board] [0m  -------------------
[32;1m[Board] [0m5 || |[7;1m [0m| |[7;1m [0m| |[7;1m [0m| |[7;1m [0m|| 5
[32;1m[Board] [0m  -------------------
[32;1m[Board] [0m4 ||[7;1m [0m| |[7;1m [0m| |[0;1mp[0m| |[7;1m [0m| || 4
[32;1m[Board] [0m  -------------------
[32;1m[Board] [0m3 || |[7;1m [0m| |[7;1m [0m| |[0;1mk[0m| |[7;1m [0m|| 3
[32;1m[Board] [0m  -------------------
[32;1m[Board] [0m2 ||[0;1mp[0m| |[0;1mp[0m| |[7;1m [0m|[0;1mp[0m|[0;1mp[0m|[0;1mp[0m|| 2
[32;1m[Board] [0m  -------------------
[32;1m[Board] [0m1 ||[30;1mQ[0m|[0;1mk[0m| |[0;1mQ[0m|[0;1mK[0m|[0;1mb[0m| |[0;1mr[0m|| 1
[32;1m[Board] [0m  -------------------
[32;1m[Board] [0m    a b c d e f g h
[32;1m[Board] [0m
[32;1m[Referee] [0mThis is the turn of the White player...
Playing randomly: f3e5
[32;1m[Game] [0mPlayer's error code: 0
[32;1m[Game] [0mChecking move validity...
[32;1m[Board] [0mInitializing board...
[32;1m[Board] [0mLoading history file `championship/knightmare-lizzie-iii/history.csv`...
[32;1m[Board] [0mLoaded 16 move(s).
[32;1m[Board] [0mLoading move file `championship/knightmare-lizzie-iii/move.csv`...
[32;1m[Board] [0mWhite player is playing f3 to e5.
[32;1m[Board] [0m
[32;1m[Board] [0m    a b c d e f g h 
[32;1m[Board] [0m  -------------------
[32;1m[Board] [0m8 ||[30;1mr[0m|[30;1mk[0m|[30;1mb[0m| |[30;1mK[0m|[30;1mb[0m|[7;1m [0m|[30;1mr[0m|| 8
[32;1m[Board] [0m  -------------------
[32;1m[Board] [0m7 ||[30;1mp[0m|[30;1mp[0m|[30;1mp[0m|[30;1mp[0m| |[7;1m [0m|[30;1mp[0m|[30;1mp[0m|| 7
[32;1m[Board] [0m  -------------------
[32;1m[Board] [0m6 ||[7;1m [0m| |[7;1m [0m| |[30;1mp[0m| |[7;1m [0m|[30;1mk[0m|| 6
[32;1m[Board] [0m  -------------------
[32;1m[Board] [0m5 || |[7;1m [0m| |[7;1m [0m|[0;1mk[0m|[7;1m [0m| |[7;1m [0m|| 5
[32;1m[Board] [0m  -------------------
[32;1m[Board] [0m4 ||[7;1m [0m| |[7;1m [0m| |[0;1mp[0m| |[7;1m [0m| || 4
[32;1m[Board] [0m  -------------------
[32;1m[Board] [0m3 || |[7;1m [0m| |[7;1m [0m| |[7;1m [0m| |[7;1m [0m|| 3
[32;1m[Board] [0m  -------------------
[32;1m[Board] [0m2 ||[0;1mp[0m| |[0;1mp[0m| |[7;1m [0m|[0;1mp[0m|[0;1mp[0m|[0;1mp[0m|| 2
[32;1m[Board] [0m  -------------------
[32;1m[Board] [0m1 ||[30;1mQ[0m|[0;1mk[0m| |[0;1mQ[0m|[0;1mK[0m|[0;1mb[0m| |[0;1mr[0m|| 1
[32;1m[Board] [0m  -------------------
[32;1m[Board] [0m    a b c d e f g h
[32;1m[Board] [0m
[32;1m[Referee] [0mThis is the turn of the Black player...
Input file: championship/knightmare-lizzie-iii/history.csv
Output file: championship/knightmare-lizzie-iii/move.csv
We are playing as Black
8 | [1;31mR[0m [1;31mN[0m [1;31mB[0m [1;30m_[0m [1;31mK[0m [1;31mB[0m [1;30m_[0m [1;31mR[0m 
7 | [1;31mP[0m [1;31mP[0m [1;31mP[0m [1;31mP[0m [1;30m_[0m [1;30m_[0m [1;31mP[0m [1;31mP[0m 
6 | [1;30m_[0m [1;30m_[0m [1;30m_[0m [1;30m_[0m [1;31mP[0m [1;30m_[0m [1;30m_[0m [1;31mN[0m 
5 | [1;30m_[0m [1;30m_[0m [1;30m_[0m [1;30m_[0m [1;32mN[0m [1;30m_[0m [1;30m_[0m [1;30m_[0m 
4 | [1;30m_[0m [1;30m_[0m [1;30m_[0m [1;30m_[0m [1;32mP[0m [1;30m_[0m [1;30m_[0m [1;30m_[0m 
3 | [1;30m_[0m [1;30m_[0m [1;30m_[0m [1;30m_[0m [1;30m_[0m [1;30m_[0m [1;30m_[0m [1;30m_[0m 
2 | [1;32mP[0m [1;30m_[0m [1;32mP[0m [1;30m_[0m [1;30m_[0m [1;32mP[0m [1;32mP[0m [1;32mP[0m 
1 | [1;31mQ[0m [1;32mN[0m [1;30m_[0m [1;32mQ[0m [1;32mK[0m [1;32mB[0m [1;30m_[0m [1;32mR[0m 
-------------------
  | A B C D E F G H 

It is black's turn to play.
Best move: a1e5
Evaluation: -1295
Node count: 29459

Total time: 670.67 ms
[32;1m[Game] [0mPlayer's error code: 0
[32;1m[Game] [0mChecking move validity...
[32;1m[Board] [0mInitializing board...
[32;1m[Board] [0mLoading history file `championship/knightmare-lizzie-iii/history.csv`...
[32;1m[Board] [0mLoaded 17 move(s).
[32;1m[Board] [0mLoading move file `championship/knightmare-lizzie-iii/move.csv`...
[32;1m[Board] [0mBlack player is playing a1 to e5.
[32;1m[Board] [0m[5;1mBlack Queen is taking White Knight.[0m
[32;1m[Board] [0m
[32;1m[Board] [0m    a b c d e f g h 
[32;1m[Board] [0m  -------------------
[32;1m[Board] [0m8 ||[30;1mr[0m|[30;1mk[0m|[30;1mb[0m| |[30;1mK[0m|[30;1mb[0m|[7;1m [0m|[30;1mr[0m|| 8
[32;1m[Board] [0m  -------------------
[32;1m[Board] [0m7 ||[30;1mp[0m|[30;1mp[0m|[30;1mp[0m|[30;1mp[0m| |[7;1m [0m|[30;1mp[0m|[30;1mp[0m|| 7
[32;1m[Board] [0m  -------------------
[32;1m[Board] [0m6 ||[7;1m [0m| |[7;1m [0m| |[30;1mp[0m| |[7;1m [0m|[30;1mk[0m|| 6
[32;1m[Board] [0m  -------------------
[32;1m[Board] [0m5 || |[7;1m [0m| |[7;1m [0m|[30;1mQ[0m|[7;1m [0m| |[7;1m [0m|| 5
[32;1m[Board] [0m  -------------------
[32;1m[Board] [0m4 ||[7;1m [0m| |[7;1m [0m| |[0;1mp[0m| |[7;1m [0m| || 4
[32;1m[Board] [0m  -------------------
[32;1m[Board] [0m3 || |[7;1m [0m| |[7;1m [0m| |[7;1m [0m| |[7;1m [0m|| 3
[32;1m[Board] [0m  -------------------
[32;1m[Board] [0m2 ||[0;1mp[0m| |[0;1mp[0m| |[7;1m [0m|[0;1mp[0m|[0;1mp[0m|[0;1mp[0m|| 2
[32;1m[Board] [0m  -------------------
[32;1m[Board] [0m1 || |[0;1mk[0m| |[0;1mQ[0m|[0;1mK[0m|[0;1mb[0m| |[0;1mr[0m|| 1
[32;1m[Board] [0m  -------------------
[32;1m[Board] [0m    a b c d e f g h
[32;1m[Board] [0m
[32;1m[Referee] [0mThis is the turn of the White player...
Playing randomly: d1e2
[32;1m[Game] [0mPlayer's error code: 0
[32;1m[Game] [0mChecking move validity...
[32;1m[Board] [0mInitializing board...
[32;1m[Board] [0mLoading history file `championship/knightmare-lizzie-iii/history.csv`...
[32;1m[Board] [0mLoaded 18 move(s).
[32;1m[Board] [0mLoading move file `championship/knightmare-lizzie-iii/move.csv`...
[32;1m[Board] [0mWhite player is playing d1 to e2.
[32;1m[Board] [0m
[32;1m[Board] [0m    a b c d e f g h 
[32;1m[Board] [0m  -------------------
[32;1m[Board] [0m8 ||[30;1mr[0m|[30;1mk[0m|[30;1mb[0m| |[30;1mK[0m|[30;1mb[0m|[7;1m [0m|[30;1mr[0m|| 8
[32;1m[Board] [0m  -------------------
[32;1m[Board] [0m7 ||[30;1mp[0m|[30;1mp[0m|[30;1mp[0m|[30;1mp[0m| |[7;1m [0m|[30;1mp[0m|[30;1mp[0m|| 7
[32;1m[Board] [0m  -------------------
[32;1m[Board] [0m6 ||[7;1m [0m| |[7;1m [0m| |[30;1mp[0m| |[7;1m [0m|[30;1mk[0m|| 6
[32;1m[Board] [0m  -------------------
[32;1m[Board] [0m5 || |[7;1m [0m| |[7;1m [0m|[30;1mQ[0m|[7;1m [0m| |[7;1m [0m|| 5
[32;1m[Board] [0m  -------------------
[32;1m[Board] [0m4 ||[7;1m [0m| |[7;1m [0m| |[0;1mp[0m| |[7;1m [0m| || 4
[32;1m[Board] [0m  -------------------
[32;1m[Board] [0m3 || |[7;1m [0m| |[7;1m [0m| |[7;1m [0m| |[7;1m [0m|| 3
[32;1m[Board] [0m  -------------------
[32;1m[Board] [0m2 ||[0;1mp[0m| |[0;1mp[0m| |[0;1mQ[0m|[0;1mp[0m|[0;1mp[0m|[0;1mp[0m|| 2
[32;1m[Board] [0m  -------------------
[32;1m[Board] [0m1 || |[0;1mk[0m| |[7;1m [0m|[0;1mK[0m|[0;1mb[0m| |[0;1mr[0m|| 1
[32;1m[Board] [0m  -------------------
[32;1m[Board] [0m    a b c d e f g h
[32;1m[Board] [0m
[32;1m[Referee] [0mThis is the turn of the Black player...
Input file: championship/knightmare-lizzie-iii/history.csv
Output file: championship/knightmare-lizzie-iii/move.csv
We are playing as Black
8 | [1;31mR[0m [1;31mN[0m [1;31mB[0m [1;30m_[0m [1;31mK[0m [1;31mB[0m [1;30m_[0m [1;31mR[0m 
7 | [1;31mP[0m [1;31mP[0m [1;31mP[0m [1;31mP[0m [1;30m_[0m [1;30m_[0m [1;31mP[0m [1;31mP[0m 
6 | [1;30m_[0m [1;30m_[0m [1;30m_[0m [1;30m_[0m [1;31mP[0m [1;30m_[0m [1;30m_[0m [1;31mN[0m 
5 | [1;30m_[0m [1;30m_[0m [1;30m_[0m [1;30m_[0m [1;31mQ[0m [1;30m_[0m [1;30m_[0m [1;30m_[0m 
4 | [1;30m_[0m [1;30m_[0m [1;30m_[0m [1;30m_[0m [1;32mP[0m [1;30m_[0m [1;30m_[0m [1;30m_[0m 
3 | [1;30m_[0m [1;30m_[0m [1;30m_[0m [1;30m_[0m [1;30m_[0m [1;30m_[0m [1;30m_[0m [1;30m_[0m 
2 | [1;32mP[0m [1;30m_[0m [1;32mP[0m [1;30m_[0m [1;32mQ[0m [1;32mP[0m [1;32mP[0m [1;32mP[0m 
1 | [1;30m_[0m [1;32mN[0m [1;30m_[0m [1;30m_[0m [1;32mK[0m [1;32mB[0m [1;30m_[0m [1;32mR[0m 
-------------------
  | A B C D E F G H 

It is black's turn to play.
Best move: e5a1
Evaluation: -1455
Node count: 86535

Total time: 1672.62 ms
[32;1m[Game] [0mPlayer's error code: 0
[32;1m[Game] [0mChecking move validity...
[32;1m[Board] [0mInitializing board...
[32;1m[Board] [0mLoading history file `championship/knightmare-lizzie-iii/history.csv`...
[32;1m[Board] [0mLoaded 19 move(s).
[32;1m[Board] [0mLoading move file `championship/knightmare-lizzie-iii/move.csv`...
[32;1m[Board] [0mBlack player is playing e5 to a1.
[32;1m[Board] [0m
[32;1m[Board] [0m    a b c d e f g h 
[32;1m[Board] [0m  -------------------
[32;1m[Board] [0m8 ||[30;1mr[0m|[30;1mk[0m|[30;1mb[0m| |[30;1mK[0m|[30;1mb[0m|[7;1m [0m|[30;1mr[0m|| 8
[32;1m[Board] [0m  -------------------
[32;1m[Board] [0m7 ||[30;1mp[0m|[30;1mp[0m|[30;1mp[0m|[30;1mp[0m| |[7;1m [0m|[30;1mp[0m|[30;1mp[0m|| 7
[32;1m[Board] [0m  -------------------
[32;1m[Board] [0m6 ||[7;1m [0m| |[7;1m [0m| |[30;1mp[0m| |[7;1m [0m|[30;1mk[0m|| 6
[32;1m[Board] [0m  -------------------
[32;1m[Board] [0m5 || |[7;1m [0m| |[7;1m [0m| |[7;1m [0m| |[7;1m [0m|| 5
[32;1m[Board] [0m  -------------------
[32;1m[Board] [0m4 ||[7;1m [0m| |[7;1m [0m| |[0;1mp[0m| |[7;1m [0m| || 4
[32;1m[Board] [0m  -------------------
[32;1m[Board] [0m3 || |[7;1m [0m| |[7;1m [0m| |[7;1m [0m| |[7;1m [0m|| 3
[32;1m[Board] [0m  -------------------
[32;1m[Board] [0m2 ||[0;1mp[0m| |[0;1mp[0m| |[0;1mQ[0m|[0;1mp[0m|[0;1mp[0m|[0;1mp[0m|| 2
[32;1m[Board] [0m  -------------------
[32;1m[Board] [0m1 ||[30;1mQ[0m|[0;1mk[0m| |[7;1m [0m|[0;1mK[0m|[0;1mb[0m| |[0;1mr[0m|| 1
[32;1m[Board] [0m  -------------------
[32;1m[Board] [0m    a b c d e f g h
[32;1m[Board] [0m
[32;1m[Referee] [0mThis is the turn of the White player...
24
analysing e2e3
dynamic depth: 3
analysing e4e5
dynamic depth: 3
analysing h2h4
dynamic depth: 3
analysing h2h3
dynamic depth: 3
analysing g2g4
dynamic depth: 3
analysing g2g3
dynamic depth: 3
analysing f2f4
dynamic depth: 3
analysing f2f3
dynamic depth: 3
analysing e2a6
dynamic depth: 3
analysing e2d2
dynamic depth: 3
analysing e2b5
dynamic depth: 3
[DEBUG] Timeout
best score -77 using e2e3
Playing optimally: e2e3
[32;1m[Game] [0mPlayer's error code: 0
[32;1m[Game] [0mChecking move validity...
[32;1m[Board] [0mInitializing board...
[32;1m[Board] [0mLoading history file `championship/knightmare-lizzie-iii/history.csv`...
[32;1m[Board] [0mLoaded 20 move(s).
[32;1m[Board] [0mLoading move file `championship/knightmare-lizzie-iii/move.csv`...
[32;1m[Board] [0mWhite player is playing e2 to e3.
[32;1m[Board] [0m
[32;1m[Board] [0m    a b c d e f g h 
[32;1m[Board] [0m  -------------------
[32;1m[Board] [0m8 ||[30;1mr[0m|[30;1mk[0m|[30;1mb[0m| |[30;1mK[0m|[30;1mb[0m|[7;1m [0m|[30;1mr[0m|| 8
[32;1m[Board] [0m  -------------------
[32;1m[Board] [0m7 ||[30;1mp[0m|[30;1mp[0m|[30;1mp[0m|[30;1mp[0m| |[7;1m [0m|[30;1mp[0m|[30;1mp[0m|| 7
[32;1m[Board] [0m  -------------------
[32;1m[Board] [0m6 ||[7;1m [0m| |[7;1m [0m| |[30;1mp[0m| |[7;1m [0m|[30;1mk[0m|| 6
[32;1m[Board] [0m  -------------------
[32;1m[Board] [0m5 || |[7;1m [0m| |[7;1m [0m| |[7;1m [0m| |[7;1m [0m|| 5
[32;1m[Board] [0m  -------------------
[32;1m[Board] [0m4 ||[7;1m [0m| |[7;1m [0m| |[0;1mp[0m| |[7;1m [0m| || 4
[32;1m[Board] [0m  -------------------
[32;1m[Board] [0m3 || |[7;1m [0m| |[7;1m [0m|[0;1mQ[0m|[7;1m [0m| |[7;1m [0m|| 3
[32;1m[Board] [0m  -------------------
[32;1m[Board] [0m2 ||[0;1mp[0m| |[0;1mp[0m| |[7;1m [0m|[0;1mp[0m|[0;1mp[0m|[0;1mp[0m|| 2
[32;1m[Board] [0m  -------------------
[32;1m[Board] [0m1 ||[30;1mQ[0m|[0;1mk[0m| |[7;1m [0m|[0;1mK[0m|[0;1mb[0m| |[0;1mr[0m|| 1
[32;1m[Board] [0m  -------------------
[32;1m[Board] [0m    a b c d e f g h
[32;1m[Board] [0m
[32;1m[Referee] [0mThis is the turn of the Black player...
Input file: championship/knightmare-lizzie-iii/history.csv
Output file: championship/knightmare-lizzie-iii/move.csv
We are playing as Black
8 | [1;31mR[0m [1;31mN[0m [1;31mB[0m [1;30m_[0m [1;31mK[0m [1;31mB[0m [1;30m_[0m [1;31mR[0m 
7 | [1;31mP[0m [1;31mP[0m [1;31mP[0m [1;31mP[0m [1;30m_[0m [1;30m_[0m [1;31mP[0m [1;31mP[0m 
6 | [1;30m_[0m [1;30m_[0m [1;30m_[0m [1;30m_[0m [1;31mP[0m [1;30m_[0m [1;30m_[0m [1;31mN[0m 
5 | [1;30m_[0m [1;30m_[0m [1;30m_[0m [1;30m_[0m [1;30m_[0m [1;30m_[0m [1;30m_[0m [1;30m_[0m 
4 | [1;30m_[0m [1;30m_[0m [1;30m_[0m [1;30m_[0m [1;32mP[0m [1;30m_[0m [1;30m_[0m [1;30m_[0m 
3 | [1;30m_[0m [1;30m_[0m [1;30m_[0m [1;30m_[0m [1;32mQ[0m [1;30m_[0m [1;30m_[0m [1;30m_[0m 
2 | [1;32mP[0m [1;30m_[0m [1;32mP[0m [1;30m_[0m [1;30m_[0m [1;32mP[0m [1;32mP[0m [1;32mP[0m 
1 | [1;31mQ[0m [1;32mN[0m [1;30m_[0m [1;30m_[0m [1;32mK[0m [1;32mB[0m [1;30m_[0m [1;32mR[0m 
-------------------
  | A B C D E F G H 

It is black's turn to play.
Best move: a1b1
Evaluation: -1800
Node count: 64530

Total time: 1244.78 ms
[32;1m[Game] [0mPlayer's error code: 0
[32;1m[Game] [0mChecking move validity...
[32;1m[Board] [0mInitializing board...
[32;1m[Board] [0mLoading history file `championship/knightmare-lizzie-iii/history.csv`...
[32;1m[Board] [0mLoaded 21 move(s).
[32;1m[Board] [0mLoading move file `championship/knightmare-lizzie-iii/move.csv`...
[32;1m[Board] [0mBlack player is playing a1 to b1.
[32;1m[Board] [0m[5;1mBlack Queen is taking White Knight.[0m
[32;1m[Board] [0m
[32;1m[Board] [0m    a b c d e f g h 
[32;1m[Board] [0m  -------------------
[32;1m[Board] [0m8 ||[30;1mr[0m|[30;1mk[0m|[30;1mb[0m| |[30;1mK[0m|[30;1mb[0m|[7;1m [0m|[30;1mr[0m|| 8
[32;1m[Board] [0m  -------------------
[32;1m[Board] [0m7 ||[30;1mp[0m|[30;1mp[0m|[30;1mp[0m|[30;1mp[0m| |[7;1m [0m|[30;1mp[0m|[30;1mp[0m|| 7
[32;1m[Board] [0m  -------------------
[32;1m[Board] [0m6 ||[7;1m [0m| |[7;1m [0m| |[30;1mp[0m| |[7;1m [0m|[30;1mk[0m|| 6
[32;1m[Board] [0m  -------------------
[32;1m[Board] [0m5 || |[7;1m [0m| |[7;1m [0m| |[7;1m [0m| |[7;1m [0m|| 5
[32;1m[Board] [0m  -------------------
[32;1m[Board] [0m4 ||[7;1m [0m| |[7;1m [0m| |[0;1mp[0m| |[7;1m [0m| || 4
[32;1m[Board] [0m  -------------------
[32;1m[Board] [0m3 || |[7;1m [0m| |[7;1m [0m|[0;1mQ[0m|[7;1m [0m| |[7;1m [0m|| 3
[32;1m[Board] [0m  -------------------
[32;1m[Board] [0m2 ||[0;1mp[0m| |[0;1mp[0m| |[7;1m [0m|[0;1mp[0m|[0;1mp[0m|[0;1mp[0m|| 2
[32;1m[Board] [0m  -------------------
[32;1m[Board] [0m1 || |[30;1mQ[0m| |[7;1m [0m|[0;1mK[0m|[0;1mb[0m| |[0;1mr[0m|| 1
[32;1m[Board] [0m  -------------------
[32;1m[Board] [0m    a b c d e f g h
[32;1m[Board] [0m
[32;1m[Referee] [0mThis is the turn of the White player...
[32;1m[Board] [0m[33;1m[WARNING][0m [5;1mWhite King in check![0m
[32;1m[Board] [0m[33;1m[WARNING][0m    Threatened by Black Queen (b1)
3
analysing e1d2
dynamic depth: 3
analysing e1e2
dynamic depth: 3
analysing e3c1
dynamic depth: 3
best score -65 using e1e2
Playing optimally: e1e2
[32;1m[Game] [0mPlayer's error code: 0
[32;1m[Game] [0mChecking move validity...
[32;1m[Board] [0mInitializing board...
[32;1m[Board] [0mLoading history file `championship/knightmare-lizzie-iii/history.csv`...
[32;1m[Board] [0mLoaded 22 move(s).
[32;1m[Board] [0mLoading move file `championship/knightmare-lizzie-iii/move.csv`...
[32;1m[Board] [0mWhite player is playing e1 to e2.
[32;1m[Board] [0m
[32;1m[Board] [0m    a b c d e f g h 
[32;1m[Board] [0m  -------------------
[32;1m[Board] [0m8 ||[30;1mr[0m|[30;1mk[0m|[30;1mb[0m| |[30;1mK[0m|[30;1mb[0m|[7;1m [0m|[30;1mr[0m|| 8
[32;1m[Board] [0m  -------------------
[32;1m[Board] [0m7 ||[30;1mp[0m|[30;1mp[0m|[30;1mp[0m|[30;1mp[0m| |[7;1m [0m|[30;1mp[0m|[30;1mp[0m|| 7
[32;1m[Board] [0m  -------------------
[32;1m[Board] [0m6 ||[7;1m [0m| |[7;1m [0m| |[30;1mp[0m| |[7;1m [0m|[30;1mk[0m|| 6
[32;1m[Board] [0m  -------------------
[32;1m[Board] [0m5 || |[7;1m [0m| |[7;1m [0m| |[7;1m [0m| |[7;1m [0m|| 5
[32;1m[Board] [0m  -------------------
[32;1m[Board] [0m4 ||[7;1m [0m| |[7;1m [0m| |[0;1mp[0m| |[7;1m [0m| || 4
[32;1m[Board] [0m  -------------------
[32;1m[Board] [0m3 || |[7;1m [0m| |[7;1m [0m|[0;1mQ[0m|[7;1m [0m| |[7;1m [0m|| 3
[32;1m[Board] [0m  -------------------
[32;1m[Board] [0m2 ||[0;1mp[0m| |[0;1mp[0m| |[0;1mK[0m|[0;1mp[0m|[0;1mp[0m|[0;1mp[0m|| 2
[32;1m[Board] [0m  -------------------
[32;1m[Board] [0m1 || |[30;1mQ[0m| |[7;1m [0m| |[0;1mb[0m| |[0;1mr[0m|| 1
[32;1m[Board] [0m  -------------------
[32;1m[Board] [0m    a b c d e f g h
[32;1m[Board] [0m
[32;1m[Referee] [0mThis is the turn of the Black player...
Input file: championship/knightmare-lizzie-iii/history.csv
Output file: championship/knightmare-lizzie-iii/move.csv
We are playing as Black
8 | [1;31mR[0m [1;31mN[0m [1;31mB[0m [1;30m_[0m [1;31mK[0m [1;31mB[0m [1;30m_[0m [1;31mR[0m 
7 | [1;31mP[0m [1;31mP[0m [1;31mP[0m [1;31mP[0m [1;30m_[0m [1;30m_[0m [1;31mP[0m [1;31mP[0m 
6 | [1;30m_[0m [1;30m_[0m [1;30m_[0m [1;30m_[0m [1;31mP[0m [1;30m_[0m [1;30m_[0m [1;31mN[0m 
5 | [1;30m_[0m [1;30m_[0m [1;30m_[0m [1;30m_[0m [1;30m_[0m [1;30m_[0m [1;30m_[0m [1;30m_[0m 
4 | [1;30m_[0m [1;30m_[0m [1;30m_[0m [1;30m_[0m [1;32mP[0m [1;30m_[0m [1;30m_[0m [1;30m_[0m 
3 | [1;30m_[0m [1;30m_[0m [1;30m_[0m [1;30m_[0m [1;32mQ[0m [1;30m_[0m [1;30m_[0m [1;30m_[0m 
2 | [1;32mP[0m [1;30m_[0m [1;32mP[0m [1;30m_[0m [1;32mK[0m [1;32mP[0m [1;32mP[0m [1;32mP[0m 
1 | [1;30m_[0m [1;31mQ[0m [1;30m_[0m [1;30m_[0m [1;30m_[0m [1;32mB[0m [1;30m_[0m [1;32mR[0m 
-------------------
  | A B C D E F G H 

It is black's turn to play.
Best move: b1c2
Evaluation: -1870
Node count: 84351

Total time: 1482.94 ms
[32;1m[Game] [0mPlayer's error code: 0
[32;1m[Game] [0mChecking move validity...
[32;1m[Board] [0mInitializing board...
[32;1m[Board] [0mLoading history file `championship/knightmare-lizzie-iii/history.csv`...
[32;1m[Board] [0mLoaded 23 move(s).
[32;1m[Board] [0mLoading move file `championship/knightmare-lizzie-iii/move.csv`...
[32;1m[Board] [0mBlack player is playing b1 to c2.
[32;1m[Board] [0m[5;1mBlack Queen is taking White Pawn.[0m
[32;1m[Board] [0m
[32;1m[Board] [0m    a b c d e f g h 
[32;1m[Board] [0m  -------------------
[32;1m[Board] [0m8 ||[30;1mr[0m|[30;1mk[0m|[30;1mb[0m| |[30;1mK[0m|[30;1mb[0m|[7;1m [0m|[30;1mr[0m|| 8
[32;1m[Board] [0m  -------------------
[32;1m[Board] [0m7 ||[30;1mp[0m|[30;1mp[0m|[30;1mp[0m|[30;1mp[0m| |[7;1m [0m|[30;1mp[0m|[30;1mp[0m|| 7
[32;1m[Board] [0m  -------------------
[32;1m[Board] [0m6 ||[7;1m [0m| |[7;1m [0m| |[30;1mp[0m| |[7;1m [0m|[30;1mk[0m|| 6
[32;1m[Board] [0m  -------------------
[32;1m[Board] [0m5 || |[7;1m [0m| |[7;1m [0m| |[7;1m [0m| |[7;1m [0m|| 5
[32;1m[Board] [0m  -------------------
[32;1m[Board] [0m4 ||[7;1m [0m| |[7;1m [0m| |[0;1mp[0m| |[7;1m [0m| || 4
[32;1m[Board] [0m  -------------------
[32;1m[Board] [0m3 || |[7;1m [0m| |[7;1m [0m|[0;1mQ[0m|[7;1m [0m| |[7;1m [0m|| 3
[32;1m[Board] [0m  -------------------
[32;1m[Board] [0m2 ||[0;1mp[0m| |[30;1mQ[0m| |[0;1mK[0m|[0;1mp[0m|[0;1mp[0m|[0;1mp[0m|| 2
[32;1m[Board] [0m  -------------------
[32;1m[Board] [0m1 || |[7;1m [0m| |[7;1m [0m| |[0;1mb[0m| |[0;1mr[0m|| 1
[32;1m[Board] [0m  -------------------
[32;1m[Board] [0m    a b c d e f g h
[32;1m[Board] [0m
[32;1m[Referee] [0mThis is the turn of the White player...
[32;1m[Board] [0m[33;1m[WARNING][0m [5;1mWhite King in check![0m
[32;1m[Board] [0m[33;1m[WARNING][0m    Threatened by Black Queen (c2)
3
analysing e2f3
dynamic depth: 3
analysing e2e1
dynamic depth: 3
analysing e3d2
dynamic depth: 3
best score -81 using e2f3
Playing optimally: e2f3
[32;1m[Game] [0mPlayer's error code: 0
[32;1m[Game] [0mChecking move validity...
[32;1m[Board] [0mInitializing board...
[32;1m[Board] [0mLoading history file `championship/knightmare-lizzie-iii/history.csv`...
[32;1m[Board] [0mLoaded 24 move(s).
[32;1m[Board] [0mLoading move file `championship/knightmare-lizzie-iii/move.csv`...
[32;1m[Board] [0mWhite player is playing e2 to f3.
[32;1m[Board] [0m
[32;1m[Board] [0m    a b c d e f g h 
[32;1m[Board] [0m  -------------------
[32;1m[Board] [0m8 ||[30;1mr[0m|[30;1mk[0m|[30;1mb[0m| |[30;1mK[0m|[30;1mb[0m|[7;1m [0m|[30;1mr[0m|| 8
[32;1m[Board] [0m  -------------------
[32;1m[Board] [0m7 ||[30;1mp[0m|[30;1mp[0m|[30;1mp[0m|[30;1mp[0m| |[7;1m [0m|[30;1mp[0m|[30;1mp[0m|| 7
[32;1m[Board] [0m  -------------------
[32;1m[Board] [0m6 ||[7;1m [0m| |[7;1m [0m| |[30;1mp[0m| |[7;1m [0m|[30;1mk[0m|| 6
[32;1m[Board] [0m  -------------------
[32;1m[Board] [0m5 || |[7;1m [0m| |[7;1m [0m| |[7;1m [0m| |[7;1m [0m|| 5
[32;1m[Board] [0m  -------------------
[32;1m[Board] [0m4 ||[7;1m [0m| |[7;1m [0m| |[0;1mp[0m| |[7;1m [0m| || 4
[32;1m[Board] [0m  -------------------
[32;1m[Board] [0m3 || |[7;1m [0m| |[7;1m [0m|[0;1mQ[0m|[0;1mK[0m| |[7;1m [0m|| 3
[32;1m[Board] [0m  -------------------
[32;1m[Board] [0m2 ||[0;1mp[0m| |[30;1mQ[0m| |[7;1m [0m|[0;1mp[0m|[0;1mp[0m|[0;1mp[0m|| 2
[32;1m[Board] [0m  -------------------
[32;1m[Board] [0m1 || |[7;1m [0m| |[7;1m [0m| |[0;1mb[0m| |[0;1mr[0m|| 1
[32;1m[Board] [0m  -------------------
[32;1m[Board] [0m    a b c d e f g h
[32;1m[Board] [0m
[32;1m[Referee] [0mThis is the turn of the Black player...
Input file: championship/knightmare-lizzie-iii/history.csv
Output file: championship/knightmare-lizzie-iii/move.csv
We are playing as Black
8 | [1;31mR[0m [1;31mN[0m [1;31mB[0m [1;30m_[0m [1;31mK[0m [1;31mB[0m [1;30m_[0m [1;31mR[0m 
7 | [1;31mP[0m [1;31mP[0m [1;31mP[0m [1;31mP[0m [1;30m_[0m [1;30m_[0m [1;31mP[0m [1;31mP[0m 
6 | [1;30m_[0m [1;30m_[0m [1;30m_[0m [1;30m_[0m [1;31mP[0m [1;30m_[0m [1;30m_[0m [1;31mN[0m 
5 | [1;30m_[0m [1;30m_[0m [1;30m_[0m [1;30m_[0m [1;30m_[0m [1;30m_[0m [1;30m_[0m [1;30m_[0m 
4 | [1;30m_[0m [1;30m_[0m [1;30m_[0m [1;30m_[0m [1;32mP[0m [1;30m_[0m [1;30m_[0m [1;30m_[0m 
3 | [1;30m_[0m [1;30m_[0m [1;30m_[0m [1;30m_[0m [1;32mQ[0m [1;32mK[0m [1;30m_[0m [1;30m_[0m 
2 | [1;32mP[0m [1;30m_[0m [1;31mQ[0m [1;30m_[0m [1;30m_[0m [1;32mP[0m [1;32mP[0m [1;32mP[0m 
1 | [1;30m_[0m [1;30m_[0m [1;30m_[0m [1;30m_[0m [1;30m_[0m [1;32mB[0m [1;30m_[0m [1;32mR[0m 
-------------------
  | A B C D E F G H 

It is black's turn to play.
Best move: c2d1
Evaluation: -1885
Node count: 124157

Total time: 2394.96 ms
[32;1m[Game] [0mPlayer's error code: 0
[32;1m[Game] [0mChecking move validity...
[32;1m[Board] [0mInitializing board...
[32;1m[Board] [0mLoading history file `championship/knightmare-lizzie-iii/history.csv`...
[32;1m[Board] [0mLoaded 25 move(s).
[32;1m[Board] [0mLoading move file `championship/knightmare-lizzie-iii/move.csv`...
[32;1m[Board] [0mBlack player is playing c2 to d1.
[32;1m[Board] [0m
[32;1m[Board] [0m    a b c d e f g h 
[32;1m[Board] [0m  -------------------
[32;1m[Board] [0m8 ||[30;1mr[0m|[30;1mk[0m|[30;1mb[0m| |[30;1mK[0m|[30;1mb[0m|[7;1m [0m|[30;1mr[0m|| 8
[32;1m[Board] [0m  -------------------
[32;1m[Board] [0m7 ||[30;1mp[0m|[30;1mp[0m|[30;1mp[0m|[30;1mp[0m| |[7;1m [0m|[30;1mp[0m|[30;1mp[0m|| 7
[32;1m[Board] [0m  -------------------
[32;1m[Board] [0m6 ||[7;1m [0m| |[7;1m [0m| |[30;1mp[0m| |[7;1m [0m|[30;1mk[0m|| 6
[32;1m[Board] [0m  -------------------
[32;1m[Board] [0m5 || |[7;1m [0m| |[7;1m [0m| |[7;1m [0m| |[7;1m [0m|| 5
[32;1m[Board] [0m  -------------------
[32;1m[Board] [0m4 ||[7;1m [0m| |[7;1m [0m| |[0;1mp[0m| |[7;1m [0m| || 4
[32;1m[Board] [0m  -------------------
[32;1m[Board] [0m3 || |[7;1m [0m| |[7;1m [0m|[0;1mQ[0m|[0;1mK[0m| |[7;1m [0m|| 3
[32;1m[Board] [0m  -------------------
[32;1m[Board] [0m2 ||[0;1mp[0m| |[7;1m [0m| |[7;1m [0m|[0;1mp[0m|[0;1mp[0m|[0;1mp[0m|| 2
[32;1m[Board] [0m  -------------------
[32;1m[Board] [0m1 || |[7;1m [0m| |[30;1mQ[0m| |[0;1mb[0m| |[0;1mr[0m|| 1
[32;1m[Board] [0m  -------------------
[32;1m[Board] [0m    a b c d e f g h
[32;1m[Board] [0m
[32;1m[Referee] [0mThis is the turn of the White player...
[32;1m[Board] [0m[33;1m[WARNING][0m [5;1mWhite King in check![0m
[32;1m[Board] [0m[33;1m[WARNING][0m    Threatened by Black Queen (d1)
4
analysing f1e2
dynamic depth: 3
analysing e3e2
dynamic depth: 3
analysing f3f4
dynamic depth: 3
analysing f3g3
dynamic depth: 3
best score -76 using f3g3
Playing optimally: f3g3
[32;1m[Game] [0mPlayer's error code: 0
[32;1m[Game] [0mChecking move validity...
[32;1m[Board] [0mInitializing board...
[32;1m[Board] [0mLoading history file `championship/knightmare-lizzie-iii/history.csv`...
[32;1m[Board] [0mLoaded 26 move(s).
[32;1m[Board] [0mLoading move file `championship/knightmare-lizzie-iii/move.csv`...
[32;1m[Board] [0mWhite player is playing f3 to g3.
[32;1m[Board] [0m
[32;1m[Board] [0m    a b c d e f g h 
[32;1m[Board] [0m  -------------------
[32;1m[Board] [0m8 ||[30;1mr[0m|[30;1mk[0m|[30;1mb[0m| |[30;1mK[0m|[30;1mb[0m|[7;1m [0m|[30;1mr[0m|| 8
[32;1m[Board] [0m  -------------------
[32;1m[Board] [0m7 ||[30;1mp[0m|[30;1mp[0m|[30;1mp[0m|[30;1mp[0m| |[7;1m [0m|[30;1mp[0m|[30;1mp[0m|| 7
[32;1m[Board] [0m  -------------------
[32;1m[Board] [0m6 ||[7;1m [0m| |[7;1m [0m| |[30;1mp[0m| |[7;1m [0m|[30;1mk[0m|| 6
[32;1m[Board] [0m  -------------------
[32;1m[Board] [0m5 || |[7;1m [0m| |[7;1m [0m| |[7;1m [0m| |[7;1m [0m|| 5
[32;1m[Board] [0m  -------------------
[32;1m[Board] [0m4 ||[7;1m [0m| |[7;1m [0m| |[0;1mp[0m| |[7;1m [0m| || 4
[32;1m[Board] [0m  -------------------
[32;1m[Board] [0m3 || |[7;1m [0m| |[7;1m [0m|[0;1mQ[0m|[7;1m [0m|[0;1mK[0m|[7;1m [0m|| 3
[32;1m[Board] [0m  -------------------
[32;1m[Board] [0m2 ||[0;1mp[0m| |[7;1m [0m| |[7;1m [0m|[0;1mp[0m|[0;1mp[0m|[0;1mp[0m|| 2
[32;1m[Board] [0m  -------------------
[32;1m[Board] [0m1 || |[7;1m [0m| |[30;1mQ[0m| |[0;1mb[0m| |[0;1mr[0m|| 1
[32;1m[Board] [0m  -------------------
[32;1m[Board] [0m    a b c d e f g h
[32;1m[Board] [0m
[32;1m[Referee] [0mThis is the turn of the Black player...
Input file: championship/knightmare-lizzie-iii/history.csv
Output file: championship/knightmare-lizzie-iii/move.csv
We are playing as Black
8 | [1;31mR[0m [1;31mN[0m [1;31mB[0m [1;30m_[0m [1;31mK[0m [1;31mB[0m [1;30m_[0m [1;31mR[0m 
7 | [1;31mP[0m [1;31mP[0m [1;31mP[0m [1;31mP[0m [1;30m_[0m [1;30m_[0m [1;31mP[0m [1;31mP[0m 
6 | [1;30m_[0m [1;30m_[0m [1;30m_[0m [1;30m_[0m [1;31mP[0m [1;30m_[0m [1;30m_[0m [1;31mN[0m 
5 | [1;30m_[0m [1;30m_[0m [1;30m_[0m [1;30m_[0m [1;30m_[0m [1;30m_[0m [1;30m_[0m [1;30m_[0m 
4 | [1;30m_[0m [1;30m_[0m [1;30m_[0m [1;30m_[0m [1;32mP[0m [1;30m_[0m [1;30m_[0m [1;30m_[0m 
3 | [1;30m_[0m [1;30m_[0m [1;30m_[0m [1;30m_[0m [1;32mQ[0m [1;30m_[0m [1;32mK[0m [1;30m_[0m 
2 | [1;32mP[0m [1;30m_[0m [1;30m_[0m [1;30m_[0m [1;30m_[0m [1;32mP[0m [1;32mP[0m [1;32mP[0m 
1 | [1;30m_[0m [1;30m_[0m [1;30m_[0m [1;31mQ[0m [1;30m_[0m [1;32mB[0m [1;30m_[0m [1;32mR[0m 
-------------------
  | A B C D E F G H 

It is black's turn to play.
Best move: d1g4
Evaluation: -100000
Node count: 62463

Total time: 1077.67 ms
[32;1m[Game] [0mPlayer's error code: 0
[32;1m[Game] [0mChecking move validity...
[32;1m[Board] [0mInitializing board...
[32;1m[Board] [0mLoading history file `championship/knightmare-lizzie-iii/history.csv`...
[32;1m[Board] [0mLoaded 27 move(s).
[32;1m[Board] [0mLoading move file `championship/knightmare-lizzie-iii/move.csv`...
[32;1m[Board] [0mBlack player is playing d1 to g4.
[32;1m[Board] [0m
[32;1m[Board] [0m    a b c d e f g h 
[32;1m[Board] [0m  -------------------
[32;1m[Board] [0m8 ||[30;1mr[0m|[30;1mk[0m|[30;1mb[0m| |[30;1mK[0m|[30;1mb[0m|[7;1m [0m|[30;1mr[0m|| 8
[32;1m[Board] [0m  -------------------
[32;1m[Board] [0m7 ||[30;1mp[0m|[30;1mp[0m|[30;1mp[0m|[30;1mp[0m| |[7;1m [0m|[30;1mp[0m|[30;1mp[0m|| 7
[32;1m[Board] [0m  -------------------
[32;1m[Board] [0m6 ||[7;1m [0m| |[7;1m [0m| |[30;1mp[0m| |[7;1m [0m|[30;1mk[0m|| 6
[32;1m[Board] [0m  -------------------
[32;1m[Board] [0m5 || |[7;1m [0m| |[7;1m [0m| |[7;1m [0m| |[7;1m [0m|| 5
[32;1m[Board] [0m  -------------------
[32;1m[Board] [0m4 ||[7;1m [0m| |[7;1m [0m| |[0;1mp[0m| |[30;1mQ[0m| || 4
[32;1m[Board] [0m  -------------------
[32;1m[Board] [0m3 || |[7;1m [0m| |[7;1m [0m|[0;1mQ[0m|[7;1m [0m|[0;1mK[0m|[7;1m [0m|| 3
[32;1m[Board] [0m  -------------------
[32;1m[Board] [0m2 ||[0;1mp[0m| |[7;1m [0m| |[7;1m [0m|[0;1mp[0m|[0;1mp[0m|[0;1mp[0m|| 2
[32;1m[Board] [0m  -------------------
[32;1m[Board] [0m1 || |[7;1m [0m| |[7;1m [0m| |[0;1mb[0m| |[0;1mr[0m|| 1
[32;1m[Board] [0m  -------------------
[32;1m[Board] [0m    a b c d e f g h
[32;1m[Board] [0m
[32;1m[Referee] [0mThis is the turn of the White player...
[32;1m[Board] [0m[33;1m[WARNING][0m [5;1mWhite King in checkmate![0m
[32;1m[Board] [0m[33;1m[WARNING][0m The Black player wins!
