[32;1m[Board] [0mInitializing board...
[32;1m[Board] [0m
[32;1m[Board] [0m    a b c d e f g h 
[32;1m[Board] [0m  -------------------
[32;1m[Board] [0m8 ||[30;1mr[0m|[30;1mk[0m|[30;1mb[0m|[30;1mQ[0m|[30;1mK[0m|[30;1mb[0m|[30;1mk[0m|[30;1mr[0m|| 8
[32;1m[Board] [0m  -------------------
[32;1m[Board] [0m7 ||[30;1mp[0m|[30;1mp[0m|[30;1mp[0m|[30;1mp[0m|[30;1mp[0m|[30;1mp[0m|[30;1mp[0m|[30;1mp[0m|| 7
[32;1m[Board] [0m  -------------------
[32;1m[Board] [0m6 ||[7;1m [0m| |[7;1m [0m| |[7;1m [0m| |[7;1m [0m| || 6
[32;1m[Board] [0m  -------------------
[32;1m[Board] [0m5 || |[7;1m [0m| |[7;1m [0m| |[7;1m [0m| |[7;1m [0m|| 5
[32;1m[Board] [0m  -------------------
[32;1m[Board] [0m4 ||[7;1m [0m| |[7;1m [0m| |[7;1m [0m| |[7;1m [0m| || 4
[32;1m[Board] [0m  -------------------
[32;1m[Board] [0m3 || |[7;1m [0m| |[7;1m [0m| |[7;1m [0m| |[7;1m [0m|| 3
[32;1m[Board] [0m  -------------------
[32;1m[Board] [0m2 ||[0;1mp[0m|[0;1mp[0m|[0;1mp[0m|[0;1mp[0m|[0;1mp[0m|[0;1mp[0m|[0;1mp[0m|[0;1mp[0m|| 2
[32;1m[Board] [0m  -------------------
[32;1m[Board] [0m1 ||[0;1mr[0m|[0;1mk[0m|[0;1mb[0m|[0;1mQ[0m|[0;1mK[0m|[0;1mb[0m|[0;1mk[0m|[0;1mr[0m|| 1
[32;1m[Board] [0m  -------------------
[32;1m[Board] [0m    a b c d e f g h
[32;1m[Board] [0m
[32;1m[Referee] [0mThis is the turn of the White player...
reading moves... done.
finding moves... done.
finding best one...
done.

original board:
â™™: 8 â™–: 2 â™˜: 2 
â™—: 2 â™•: 1 â™”: 1 

â™Ÿ: 8 â™œ: 2 â™: 2 
â™: 2 â™›: 1 â™š: 1 

|â™–|â™˜|â™—|â™•|â™”|â™—|â™˜|â™–|
|â™™|â™™|â™™|â™™|â™™|â™™|â™™|â™™|
| | | | | | | | |
| | | | | | | | |
| | | | | | | | |
| | | | | | | | |
|â™Ÿ|â™Ÿ|â™Ÿ|â™Ÿ|â™Ÿ|â™Ÿ|â™Ÿ|â™Ÿ|
|â™œ|â™|â™|â™›|â™š|â™|â™|â™œ|

new board:
â™™: 8 â™–: 2 â™˜: 2 
â™—: 2 â™•: 1 â™”: 1 

â™Ÿ: 8 â™œ: 2 â™: 2 
â™: 2 â™›: 1 â™š: 1 

|â™–|â™˜|â™—|â™•|â™”|â™—|â™˜|â™–|
|â™™|â™™|â™™|â™™|â™™|â™™|â™™|â™™|
| | | | | | | | |
| | | | | | | | |
| | | | |â™Ÿ| | | |
| | | | | | | | |
|â™Ÿ|â™Ÿ|â™Ÿ|â™Ÿ| |â™Ÿ|â™Ÿ|â™Ÿ|
|â™œ|â™|â™|â™›|â™š|â™|â™|â™œ|

creating move string... done, played e2e4
creating output file... done.

[32;1m[Game] [0mPlayer's error code: 0
[32;1m[Game] [0mChecking move validity...
[32;1m[Board] [0mInitializing board...
[32;1m[Board] [0mLoading history file `championship/chess-bot-check-innit-mate/history.csv`...
[32;1m[Board] [0mLoaded 0 move(s).
[32;1m[Board] [0mLoading move file `championship/chess-bot-check-innit-mate/move.csv`...
[32;1m[Board] [0mWhite player is playing e2 to e4.
[32;1m[Board] [0m
[32;1m[Board] [0m    a b c d e f g h 
[32;1m[Board] [0m  -------------------
[32;1m[Board] [0m8 ||[30;1mr[0m|[30;1mk[0m|[30;1mb[0m|[30;1mQ[0m|[30;1mK[0m|[30;1mb[0m|[30;1mk[0m|[30;1mr[0m|| 8
[32;1m[Board] [0m  -------------------
[32;1m[Board] [0m7 ||[30;1mp[0m|[30;1mp[0m|[30;1mp[0m|[30;1mp[0m|[30;1mp[0m|[30;1mp[0m|[30;1mp[0m|[30;1mp[0m|| 7
[32;1m[Board] [0m  -------------------
[32;1m[Board] [0m6 ||[7;1m [0m| |[7;1m [0m| |[7;1m [0m| |[7;1m [0m| || 6
[32;1m[Board] [0m  -------------------
[32;1m[Board] [0m5 || |[7;1m [0m| |[7;1m [0m| |[7;1m [0m| |[7;1m [0m|| 5
[32;1m[Board] [0m  -------------------
[32;1m[Board] [0m4 ||[7;1m [0m| |[7;1m [0m| |[0;1mp[0m| |[7;1m [0m| || 4
[32;1m[Board] [0m  -------------------
[32;1m[Board] [0m3 || |[7;1m [0m| |[7;1m [0m| |[7;1m [0m| |[7;1m [0m|| 3
[32;1m[Board] [0m  -------------------
[32;1m[Board] [0m2 ||[0;1mp[0m|[0;1mp[0m|[0;1mp[0m|[0;1mp[0m|[7;1m [0m|[0;1mp[0m|[0;1mp[0m|[0;1mp[0m|| 2
[32;1m[Board] [0m  -------------------
[32;1m[Board] [0m1 ||[0;1mr[0m|[0;1mk[0m|[0;1mb[0m|[0;1mQ[0m|[0;1mK[0m|[0;1mb[0m|[0;1mk[0m|[0;1mr[0m|| 1
[32;1m[Board] [0m  -------------------
[32;1m[Board] [0m    a b c d e f g h
[32;1m[Board] [0m
[32;1m[Referee] [0mThis is the turn of the Black player...
* A B C D E F G H 
8 0 0 0 0 0 0 0 0 
7 0 0 0 0 0 0 0 0 
6 - - - - - - - - 
5 - - - - - - - - 
4 - - - - 1 - - - 
3 - - - - - - - - 
2 1 1 1 1 - 1 1 1 
1 1 1 1 1 1 1 1 1 
--------
0
0
0
0
0
0
0
0
0
0
0
0
0
0
0
0
0
0
0
0
====Our possible moves====
No pawns/takes 0
g8f6 0, g8h6 0, b8c6 0, h7h6 0, g7g5 0, g7g6 0, f7f6 0, e7e5 0, e7e6 0, d7d6 0, c7c5 0, c7c6 0, b7b6 0, a7a5 0, h7h5 -2, f7f5 -2, d7d5 -2, b7b5 -2, a7a6 -2, b8a6 -6, [32;1m[Game] [0mPlayer's error code: 0
[32;1m[Game] [0mChecking move validity...
[32;1m[Board] [0mInitializing board...
[32;1m[Board] [0mLoading history file `championship/chess-bot-check-innit-mate/history.csv`...
[32;1m[Board] [0mLoaded 1 move(s).
[32;1m[Board] [0mLoading move file `championship/chess-bot-check-innit-mate/move.csv`...
[32;1m[Board] [0mBlack player is playing g8 to f6.
[32;1m[Board] [0m
[32;1m[Board] [0m    a b c d e f g h 
[32;1m[Board] [0m  -------------------
[32;1m[Board] [0m8 ||[30;1mr[0m|[30;1mk[0m|[30;1mb[0m|[30;1mQ[0m|[30;1mK[0m|[30;1mb[0m|[7;1m [0m|[30;1mr[0m|| 8
[32;1m[Board] [0m  -------------------
[32;1m[Board] [0m7 ||[30;1mp[0m|[30;1mp[0m|[30;1mp[0m|[30;1mp[0m|[30;1mp[0m|[30;1mp[0m|[30;1mp[0m|[30;1mp[0m|| 7
[32;1m[Board] [0m  -------------------
[32;1m[Board] [0m6 ||[7;1m [0m| |[7;1m [0m| |[7;1m [0m|[30;1mk[0m|[7;1m [0m| || 6
[32;1m[Board] [0m  -------------------
[32;1m[Board] [0m5 || |[7;1m [0m| |[7;1m [0m| |[7;1m [0m| |[7;1m [0m|| 5
[32;1m[Board] [0m  -------------------
[32;1m[Board] [0m4 ||[7;1m [0m| |[7;1m [0m| |[0;1mp[0m| |[7;1m [0m| || 4
[32;1m[Board] [0m  -------------------
[32;1m[Board] [0m3 || |[7;1m [0m| |[7;1m [0m| |[7;1m [0m| |[7;1m [0m|| 3
[32;1m[Board] [0m  -------------------
[32;1m[Board] [0m2 ||[0;1mp[0m|[0;1mp[0m|[0;1mp[0m|[0;1mp[0m|[7;1m [0m|[0;1mp[0m|[0;1mp[0m|[0;1mp[0m|| 2
[32;1m[Board] [0m  -------------------
[32;1m[Board] [0m1 ||[0;1mr[0m|[0;1mk[0m|[0;1mb[0m|[0;1mQ[0m|[0;1mK[0m|[0;1mb[0m|[0;1mk[0m|[0;1mr[0m|| 1
[32;1m[Board] [0m  -------------------
[32;1m[Board] [0m    a b c d e f g h
[32;1m[Board] [0m
[32;1m[Referee] [0mThis is the turn of the White player...
reading moves... done.
finding moves... done.
finding best one...
done.

original board:
â™™: 8 â™–: 2 â™˜: 2 
â™—: 2 â™•: 1 â™”: 1 

â™Ÿ: 8 â™œ: 2 â™: 2 
â™: 2 â™›: 1 â™š: 1 

|â™–|â™˜|â™—|â™•|â™”|â™—| |â™–|
|â™™|â™™|â™™|â™™|â™™|â™™|â™™|â™™|
| | | | | |â™˜| | |
| | | | | | | | |
| | | | |â™Ÿ| | | |
| | | | | | | | |
|â™Ÿ|â™Ÿ|â™Ÿ|â™Ÿ| |â™Ÿ|â™Ÿ|â™Ÿ|
|â™œ|â™|â™|â™›|â™š|â™|â™|â™œ|

new board:
â™™: 8 â™–: 2 â™˜: 2 
â™—: 2 â™•: 1 â™”: 1 

â™Ÿ: 8 â™œ: 2 â™: 2 
â™: 2 â™›: 1 â™š: 1 

|â™–|â™˜|â™—|â™•|â™”|â™—| |â™–|
|â™™|â™™|â™™|â™™|â™™|â™™|â™™|â™™|
| | | | | |â™˜| | |
| | | | | | | | |
| | | | |â™Ÿ| | | |
| | | |â™| | | | |
|â™Ÿ|â™Ÿ|â™Ÿ|â™Ÿ| |â™Ÿ|â™Ÿ|â™Ÿ|
|â™œ|â™|â™|â™›|â™š| |â™|â™œ|

creating move string... done, played f1d3
creating output file... done.

[32;1m[Game] [0mPlayer's error code: 0
[32;1m[Game] [0mChecking move validity...
[32;1m[Board] [0mInitializing board...
[32;1m[Board] [0mLoading history file `championship/chess-bot-check-innit-mate/history.csv`...
[32;1m[Board] [0mLoaded 2 move(s).
[32;1m[Board] [0mLoading move file `championship/chess-bot-check-innit-mate/move.csv`...
[32;1m[Board] [0mWhite player is playing f1 to d3.
[32;1m[Board] [0m
[32;1m[Board] [0m    a b c d e f g h 
[32;1m[Board] [0m  -------------------
[32;1m[Board] [0m8 ||[30;1mr[0m|[30;1mk[0m|[30;1mb[0m|[30;1mQ[0m|[30;1mK[0m|[30;1mb[0m|[7;1m [0m|[30;1mr[0m|| 8
[32;1m[Board] [0m  -------------------
[32;1m[Board] [0m7 ||[30;1mp[0m|[30;1mp[0m|[30;1mp[0m|[30;1mp[0m|[30;1mp[0m|[30;1mp[0m|[30;1mp[0m|[30;1mp[0m|| 7
[32;1m[Board] [0m  -------------------
[32;1m[Board] [0m6 ||[7;1m [0m| |[7;1m [0m| |[7;1m [0m|[30;1mk[0m|[7;1m [0m| || 6
[32;1m[Board] [0m  -------------------
[32;1m[Board] [0m5 || |[7;1m [0m| |[7;1m [0m| |[7;1m [0m| |[7;1m [0m|| 5
[32;1m[Board] [0m  -------------------
[32;1m[Board] [0m4 ||[7;1m [0m| |[7;1m [0m| |[0;1mp[0m| |[7;1m [0m| || 4
[32;1m[Board] [0m  -------------------
[32;1m[Board] [0m3 || |[7;1m [0m| |[0;1mb[0m| |[7;1m [0m| |[7;1m [0m|| 3
[32;1m[Board] [0m  -------------------
[32;1m[Board] [0m2 ||[0;1mp[0m|[0;1mp[0m|[0;1mp[0m|[0;1mp[0m|[7;1m [0m|[0;1mp[0m|[0;1mp[0m|[0;1mp[0m|| 2
[32;1m[Board] [0m  -------------------
[32;1m[Board] [0m1 ||[0;1mr[0m|[0;1mk[0m|[0;1mb[0m|[0;1mQ[0m|[0;1mK[0m|[7;1m [0m|[0;1mk[0m|[0;1mr[0m|| 1
[32;1m[Board] [0m  -------------------
[32;1m[Board] [0m    a b c d e f g h
[32;1m[Board] [0m
[32;1m[Referee] [0mThis is the turn of the Black player...
* A B C D E F G H 
8 0 0 0 0 0 0 - 0 
7 0 0 0 0 0 0 0 0 
6 - - - - - 0 - - 
5 - - - - - - - - 
4 - - - - 1 - - - 
3 - - - 1 - - - - 
2 1 1 1 1 - 1 1 1 
1 1 1 1 1 1 - 1 1 
--------
0
0
0
0
0
0
0
0
0
0
0
0
0
0
0
0
0
0
0
0
0
0
====Our possible moves====
No pawns/takes 2
h8g8 0, b8c6 0, h7h6 0, g7g5 0, g7g6 0, e7e5 0, e7e6 0, d7d6 0, c7c5 0, c7c6 0, b7b6 0, a7a5 0, f6g8 0, h7h5 -2, d7d5 -2, b7b5 -2, a7a6 -2, f6e4 -3, b8a6 -6, f6d5 -6, f6h5 -6, f6g4 -6, [32;1m[Game] [0mPlayer's error code: 0
[32;1m[Game] [0mChecking move validity...
[32;1m[Board] [0mInitializing board...
[32;1m[Board] [0mLoading history file `championship/chess-bot-check-innit-mate/history.csv`...
[32;1m[Board] [0mLoaded 3 move(s).
[32;1m[Board] [0mLoading move file `championship/chess-bot-check-innit-mate/move.csv`...
[32;1m[Board] [0mBlack player is playing h8 to g8.
[32;1m[Board] [0m
[32;1m[Board] [0m    a b c d e f g h 
[32;1m[Board] [0m  -------------------
[32;1m[Board] [0m8 ||[30;1mr[0m|[30;1mk[0m|[30;1mb[0m|[30;1mQ[0m|[30;1mK[0m|[30;1mb[0m|[30;1mr[0m| || 8
[32;1m[Board] [0m  -------------------
[32;1m[Board] [0m7 ||[30;1mp[0m|[30;1mp[0m|[30;1mp[0m|[30;1mp[0m|[30;1mp[0m|[30;1mp[0m|[30;1mp[0m|[30;1mp[0m|| 7
[32;1m[Board] [0m  -------------------
[32;1m[Board] [0m6 ||[7;1m [0m| |[7;1m [0m| |[7;1m [0m|[30;1mk[0m|[7;1m [0m| || 6
[32;1m[Board] [0m  -------------------
[32;1m[Board] [0m5 || |[7;1m [0m| |[7;1m [0m| |[7;1m [0m| |[7;1m [0m|| 5
[32;1m[Board] [0m  -------------------
[32;1m[Board] [0m4 ||[7;1m [0m| |[7;1m [0m| |[0;1mp[0m| |[7;1m [0m| || 4
[32;1m[Board] [0m  -------------------
[32;1m[Board] [0m3 || |[7;1m [0m| |[0;1mb[0m| |[7;1m [0m| |[7;1m [0m|| 3
[32;1m[Board] [0m  -------------------
[32;1m[Board] [0m2 ||[0;1mp[0m|[0;1mp[0m|[0;1mp[0m|[0;1mp[0m|[7;1m [0m|[0;1mp[0m|[0;1mp[0m|[0;1mp[0m|| 2
[32;1m[Board] [0m  -------------------
[32;1m[Board] [0m1 ||[0;1mr[0m|[0;1mk[0m|[0;1mb[0m|[0;1mQ[0m|[0;1mK[0m|[7;1m [0m|[0;1mk[0m|[0;1mr[0m|| 1
[32;1m[Board] [0m  -------------------
[32;1m[Board] [0m    a b c d e f g h
[32;1m[Board] [0m
[32;1m[Referee] [0mThis is the turn of the White player...
reading moves... done.
finding moves... done.
finding best one...
done.

original board:
â™™: 8 â™–: 2 â™˜: 2 
â™—: 2 â™•: 1 â™”: 1 

â™Ÿ: 8 â™œ: 2 â™: 2 
â™: 2 â™›: 1 â™š: 1 

|â™–|â™˜|â™—|â™•|â™”|â™—|â™–| |
|â™™|â™™|â™™|â™™|â™™|â™™|â™™|â™™|
| | | | | |â™˜| | |
| | | | | | | | |
| | | | |â™Ÿ| | | |
| | | |â™| | | | |
|â™Ÿ|â™Ÿ|â™Ÿ|â™Ÿ| |â™Ÿ|â™Ÿ|â™Ÿ|
|â™œ|â™|â™|â™›|â™š| |â™|â™œ|

new board:
â™™: 8 â™–: 2 â™˜: 2 
â™—: 2 â™•: 1 â™”: 1 

â™Ÿ: 8 â™œ: 2 â™: 2 
â™: 2 â™›: 1 â™š: 1 

|â™–|â™˜|â™—|â™•|â™”|â™—|â™–| |
|â™™|â™™|â™™|â™™|â™™|â™™|â™™|â™™|
| | | | | |â™˜| | |
| | | | | | | | |
| | | | |â™Ÿ| | | |
| | | |â™| |â™| | |
|â™Ÿ|â™Ÿ|â™Ÿ|â™Ÿ| |â™Ÿ|â™Ÿ|â™Ÿ|
|â™œ|â™|â™|â™›|â™š| | |â™œ|

creating move string... done, played g1f3
creating output file... done.

[32;1m[Game] [0mPlayer's error code: 0
[32;1m[Game] [0mChecking move validity...
[32;1m[Board] [0mInitializing board...
[32;1m[Board] [0mLoading history file `championship/chess-bot-check-innit-mate/history.csv`...
[32;1m[Board] [0mLoaded 4 move(s).
[32;1m[Board] [0mLoading move file `championship/chess-bot-check-innit-mate/move.csv`...
[32;1m[Board] [0mWhite player is playing g1 to f3.
[32;1m[Board] [0m
[32;1m[Board] [0m    a b c d e f g h 
[32;1m[Board] [0m  -------------------
[32;1m[Board] [0m8 ||[30;1mr[0m|[30;1mk[0m|[30;1mb[0m|[30;1mQ[0m|[30;1mK[0m|[30;1mb[0m|[30;1mr[0m| || 8
[32;1m[Board] [0m  -------------------
[32;1m[Board] [0m7 ||[30;1mp[0m|[30;1mp[0m|[30;1mp[0m|[30;1mp[0m|[30;1mp[0m|[30;1mp[0m|[30;1mp[0m|[30;1mp[0m|| 7
[32;1m[Board] [0m  -------------------
[32;1m[Board] [0m6 ||[7;1m [0m| |[7;1m [0m| |[7;1m [0m|[30;1mk[0m|[7;1m [0m| || 6
[32;1m[Board] [0m  -------------------
[32;1m[Board] [0m5 || |[7;1m [0m| |[7;1m [0m| |[7;1m [0m| |[7;1m [0m|| 5
[32;1m[Board] [0m  -------------------
[32;1m[Board] [0m4 ||[7;1m [0m| |[7;1m [0m| |[0;1mp[0m| |[7;1m [0m| || 4
[32;1m[Board] [0m  -------------------
[32;1m[Board] [0m3 || |[7;1m [0m| |[0;1mb[0m| |[0;1mk[0m| |[7;1m [0m|| 3
[32;1m[Board] [0m  -------------------
[32;1m[Board] [0m2 ||[0;1mp[0m|[0;1mp[0m|[0;1mp[0m|[0;1mp[0m|[7;1m [0m|[0;1mp[0m|[0;1mp[0m|[0;1mp[0m|| 2
[32;1m[Board] [0m  -------------------
[32;1m[Board] [0m1 ||[0;1mr[0m|[0;1mk[0m|[0;1mb[0m|[0;1mQ[0m|[0;1mK[0m|[7;1m [0m| |[0;1mr[0m|| 1
[32;1m[Board] [0m  -------------------
[32;1m[Board] [0m    a b c d e f g h
[32;1m[Board] [0m
[32;1m[Referee] [0mThis is the turn of the Black player...
* A B C D E F G H 
8 0 0 0 0 0 0 0 - 
7 0 0 0 0 0 0 0 0 
6 - - - - - 0 - - 
5 - - - - - - - - 
4 - - - - 1 - - - 
3 - - - 1 - 1 - - 
2 1 1 1 1 - 1 1 1 
1 1 1 1 1 1 - - 1 
--------
0
0
0
0
0
0
0
0
0
0
0
0
0
0
0
0
0
0
0
0
0
====Our possible moves====
No pawns/takes 4
g8h8 0, b8c6 0, h7h5 0, h7h6 0, g7g6 0, e7e6 0, d7d6 0, c7c5 0, c7c6 0, b7b6 0, a7a5 0, f6h5 0, f6g4 0, g7g5 -2, e7e5 -2, d7d5 -2, b7b5 -2, a7a6 -2, f6e4 -3, b8a6 -6, f6d5 -6, [32;1m[Game] [0mPlayer's error code: 0
[32;1m[Game] [0mChecking move validity...
[32;1m[Board] [0mInitializing board...
[32;1m[Board] [0mLoading history file `championship/chess-bot-check-innit-mate/history.csv`...
[32;1m[Board] [0mLoaded 5 move(s).
[32;1m[Board] [0mLoading move file `championship/chess-bot-check-innit-mate/move.csv`...
[32;1m[Board] [0mBlack player is playing b8 to c6.
[32;1m[Board] [0m
[32;1m[Board] [0m    a b c d e f g h 
[32;1m[Board] [0m  -------------------
[32;1m[Board] [0m8 ||[30;1mr[0m| |[30;1mb[0m|[30;1mQ[0m|[30;1mK[0m|[30;1mb[0m|[30;1mr[0m| || 8
[32;1m[Board] [0m  -------------------
[32;1m[Board] [0m7 ||[30;1mp[0m|[30;1mp[0m|[30;1mp[0m|[30;1mp[0m|[30;1mp[0m|[30;1mp[0m|[30;1mp[0m|[30;1mp[0m|| 7
[32;1m[Board] [0m  -------------------
[32;1m[Board] [0m6 ||[7;1m [0m| |[30;1mk[0m| |[7;1m [0m|[30;1mk[0m|[7;1m [0m| || 6
[32;1m[Board] [0m  -------------------
[32;1m[Board] [0m5 || |[7;1m [0m| |[7;1m [0m| |[7;1m [0m| |[7;1m [0m|| 5
[32;1m[Board] [0m  -------------------
[32;1m[Board] [0m4 ||[7;1m [0m| |[7;1m [0m| |[0;1mp[0m| |[7;1m [0m| || 4
[32;1m[Board] [0m  -------------------
[32;1m[Board] [0m3 || |[7;1m [0m| |[0;1mb[0m| |[0;1mk[0m| |[7;1m [0m|| 3
[32;1m[Board] [0m  -------------------
[32;1m[Board] [0m2 ||[0;1mp[0m|[0;1mp[0m|[0;1mp[0m|[0;1mp[0m|[7;1m [0m|[0;1mp[0m|[0;1mp[0m|[0;1mp[0m|| 2
[32;1m[Board] [0m  -------------------
[32;1m[Board] [0m1 ||[0;1mr[0m|[0;1mk[0m|[0;1mb[0m|[0;1mQ[0m|[0;1mK[0m|[7;1m [0m| |[0;1mr[0m|| 1
[32;1m[Board] [0m  -------------------
[32;1m[Board] [0m    a b c d e f g h
[32;1m[Board] [0m
[32;1m[Referee] [0mThis is the turn of the White player...
reading moves... done.
finding moves... done.
finding best one...
done.

original board:
â™™: 8 â™–: 2 â™˜: 2 
â™—: 2 â™•: 1 â™”: 1 

â™Ÿ: 8 â™œ: 2 â™: 2 
â™: 2 â™›: 1 â™š: 1 

|â™–| |â™—|â™•|â™”|â™—|â™–| |
|â™™|â™™|â™™|â™™|â™™|â™™|â™™|â™™|
| | |â™˜| | |â™˜| | |
| | | | | | | | |
| | | | |â™Ÿ| | | |
| | | |â™| |â™| | |
|â™Ÿ|â™Ÿ|â™Ÿ|â™Ÿ| |â™Ÿ|â™Ÿ|â™Ÿ|
|â™œ|â™|â™|â™›|â™š| | |â™œ|

new board:
â™™: 8 â™–: 2 â™˜: 2 
â™—: 2 â™•: 1 â™”: 1 

â™Ÿ: 8 â™œ: 2 â™: 2 
â™: 2 â™›: 1 â™š: 1 

|â™–| |â™—|â™•|â™”|â™—|â™–| |
|â™™|â™™|â™™|â™™|â™™|â™™|â™™|â™™|
| | |â™˜| | |â™˜| | |
| | | | |â™Ÿ| | | |
| | | | | | | | |
| | | |â™| |â™| | |
|â™Ÿ|â™Ÿ|â™Ÿ|â™Ÿ| |â™Ÿ|â™Ÿ|â™Ÿ|
|â™œ|â™|â™|â™›|â™š| | |â™œ|

creating move string... done, played e4e5
creating output file... done.

[32;1m[Game] [0mPlayer's error code: 0
[32;1m[Game] [0mChecking move validity...
[32;1m[Board] [0mInitializing board...
[32;1m[Board] [0mLoading history file `championship/chess-bot-check-innit-mate/history.csv`...
[32;1m[Board] [0mLoaded 6 move(s).
[32;1m[Board] [0mLoading move file `championship/chess-bot-check-innit-mate/move.csv`...
[32;1m[Board] [0mWhite player is playing e4 to e5.
[32;1m[Board] [0m
[32;1m[Board] [0m    a b c d e f g h 
[32;1m[Board] [0m  -------------------
[32;1m[Board] [0m8 ||[30;1mr[0m| |[30;1mb[0m|[30;1mQ[0m|[30;1mK[0m|[30;1mb[0m|[30;1mr[0m| || 8
[32;1m[Board] [0m  -------------------
[32;1m[Board] [0m7 ||[30;1mp[0m|[30;1mp[0m|[30;1mp[0m|[30;1mp[0m|[30;1mp[0m|[30;1mp[0m|[30;1mp[0m|[30;1mp[0m|| 7
[32;1m[Board] [0m  -------------------
[32;1m[Board] [0m6 ||[7;1m [0m| |[30;1mk[0m| |[7;1m [0m|[30;1mk[0m|[7;1m [0m| || 6
[32;1m[Board] [0m  -------------------
[32;1m[Board] [0m5 || |[7;1m [0m| |[7;1m [0m|[0;1mp[0m|[7;1m [0m| |[7;1m [0m|| 5
[32;1m[Board] [0m  -------------------
[32;1m[Board] [0m4 ||[7;1m [0m| |[7;1m [0m| |[7;1m [0m| |[7;1m [0m| || 4
[32;1m[Board] [0m  -------------------
[32;1m[Board] [0m3 || |[7;1m [0m| |[0;1mb[0m| |[0;1mk[0m| |[7;1m [0m|| 3
[32;1m[Board] [0m  -------------------
[32;1m[Board] [0m2 ||[0;1mp[0m|[0;1mp[0m|[0;1mp[0m|[0;1mp[0m|[7;1m [0m|[0;1mp[0m|[0;1mp[0m|[0;1mp[0m|| 2
[32;1m[Board] [0m  -------------------
[32;1m[Board] [0m1 ||[0;1mr[0m|[0;1mk[0m|[0;1mb[0m|[0;1mQ[0m|[0;1mK[0m|[7;1m [0m| |[0;1mr[0m|| 1
[32;1m[Board] [0m  -------------------
[32;1m[Board] [0m    a b c d e f g h
[32;1m[Board] [0m
[32;1m[Referee] [0mThis is the turn of the Black player...
* A B C D E F G H 
8 0 - 0 0 0 0 0 - 
7 0 0 0 0 0 0 0 0 
6 - - 0 - - 0 - - 
5 - - - - 1 - - - 
4 - - - - - - - - 
3 - - - 1 - 1 - - 
2 1 1 1 1 - 1 1 1 
1 1 1 1 1 1 - - 1 
--------
0
0
0
0
0
0
0
0
0
0
0
0
0
0
0
0
0
0
0
0
0
0
====Our possible moves====
No pawns/takes 0
f6d5 -2, f6h5 -2, f6g4 -2, c6e5 -3, g8h8 -6, a8b8 -6, h7h5 -6, h7h6 -6, g7g5 -6, g7g6 -6, e7e6 -6, d7d5 -6, d7d6 -6, b7b5 -6, b7b6 -6, a7a5 -6, a7a6 -6, f6e4 -6, c6a5 -6, c6b4 -6, c6d4 -6, c6b8 -6, [32;1m[Game] [0mPlayer's error code: 0
[32;1m[Game] [0mChecking move validity...
[32;1m[Board] [0mInitializing board...
[32;1m[Board] [0mLoading history file `championship/chess-bot-check-innit-mate/history.csv`...
[32;1m[Board] [0mLoaded 7 move(s).
[32;1m[Board] [0mLoading move file `championship/chess-bot-check-innit-mate/move.csv`...
[32;1m[Board] [0mBlack player is playing f6 to d5.
[32;1m[Board] [0m
[32;1m[Board] [0m    a b c d e f g h 
[32;1m[Board] [0m  -------------------
[32;1m[Board] [0m8 ||[30;1mr[0m| |[30;1mb[0m|[30;1mQ[0m|[30;1mK[0m|[30;1mb[0m|[30;1mr[0m| || 8
[32;1m[Board] [0m  -------------------
[32;1m[Board] [0m7 ||[30;1mp[0m|[30;1mp[0m|[30;1mp[0m|[30;1mp[0m|[30;1mp[0m|[30;1mp[0m|[30;1mp[0m|[30;1mp[0m|| 7
[32;1m[Board] [0m  -------------------
[32;1m[Board] [0m6 ||[7;1m [0m| |[30;1mk[0m| |[7;1m [0m| |[7;1m [0m| || 6
[32;1m[Board] [0m  -------------------
[32;1m[Board] [0m5 || |[7;1m [0m| |[30;1mk[0m|[0;1mp[0m|[7;1m [0m| |[7;1m [0m|| 5
[32;1m[Board] [0m  -------------------
[32;1m[Board] [0m4 ||[7;1m [0m| |[7;1m [0m| |[7;1m [0m| |[7;1m [0m| || 4
[32;1m[Board] [0m  -------------------
[32;1m[Board] [0m3 || |[7;1m [0m| |[0;1mb[0m| |[0;1mk[0m| |[7;1m [0m|| 3
[32;1m[Board] [0m  -------------------
[32;1m[Board] [0m2 ||[0;1mp[0m|[0;1mp[0m|[0;1mp[0m|[0;1mp[0m|[7;1m [0m|[0;1mp[0m|[0;1mp[0m|[0;1mp[0m|| 2
[32;1m[Board] [0m  -------------------
[32;1m[Board] [0m1 ||[0;1mr[0m|[0;1mk[0m|[0;1mb[0m|[0;1mQ[0m|[0;1mK[0m|[7;1m [0m| |[0;1mr[0m|| 1
[32;1m[Board] [0m  -------------------
[32;1m[Board] [0m    a b c d e f g h
[32;1m[Board] [0m
[32;1m[Referee] [0mThis is the turn of the White player...
reading moves... done.
finding moves... done.
finding best one...
done.

original board:
â™™: 8 â™–: 2 â™˜: 2 
â™—: 2 â™•: 1 â™”: 1 

â™Ÿ: 8 â™œ: 2 â™: 2 
â™: 2 â™›: 1 â™š: 1 

|â™–| |â™—|â™•|â™”|â™—|â™–| |
|â™™|â™™|â™™|â™™|â™™|â™™|â™™|â™™|
| | |â™˜| | | | | |
| | | |â™˜|â™Ÿ| | | |
| | | | | | | | |
| | | |â™| |â™| | |
|â™Ÿ|â™Ÿ|â™Ÿ|â™Ÿ| |â™Ÿ|â™Ÿ|â™Ÿ|
|â™œ|â™|â™|â™›|â™š| | |â™œ|

new board:
â™™: 8 â™–: 2 â™˜: 2 
â™—: 2 â™•: 1 â™”: 1 

â™Ÿ: 8 â™œ: 2 â™: 2 
â™: 2 â™›: 1 â™š: 1 

|â™–| |â™—|â™•|â™”|â™—|â™–| |
|â™™|â™™|â™™|â™™|â™™|â™™|â™™|â™™|
| | |â™˜| | | | | |
| | | |â™˜|â™Ÿ| | | |
| | | | | | | | |
| | | |â™| |â™| | |
|â™Ÿ|â™Ÿ|â™Ÿ|â™Ÿ| |â™Ÿ|â™Ÿ|â™Ÿ|
|â™œ|â™|â™|â™›| |â™œ|â™š| |

creating move string... done, played e1g1
creating output file... done.

[32;1m[Game] [0mPlayer's error code: 0
[32;1m[Game] [0mChecking move validity...
[32;1m[Board] [0mInitializing board...
[32;1m[Board] [0mLoading history file `championship/chess-bot-check-innit-mate/history.csv`...
[32;1m[Board] [0mLoaded 8 move(s).
[32;1m[Board] [0mLoading move file `championship/chess-bot-check-innit-mate/move.csv`...
[32;1m[Board] [0mWhite player is playing e1 to g1.
[32;1m[Board] [0mWhite player is castling kingside...
[32;1m[Board] [0m
[32;1m[Board] [0m    a b c d e f g h 
[32;1m[Board] [0m  -------------------
[32;1m[Board] [0m8 ||[30;1mr[0m| |[30;1mb[0m|[30;1mQ[0m|[30;1mK[0m|[30;1mb[0m|[30;1mr[0m| || 8
[32;1m[Board] [0m  -------------------
[32;1m[Board] [0m7 ||[30;1mp[0m|[30;1mp[0m|[30;1mp[0m|[30;1mp[0m|[30;1mp[0m|[30;1mp[0m|[30;1mp[0m|[30;1mp[0m|| 7
[32;1m[Board] [0m  -------------------
[32;1m[Board] [0m6 ||[7;1m [0m| |[30;1mk[0m| |[7;1m [0m| |[7;1m [0m| || 6
[32;1m[Board] [0m  -------------------
[32;1m[Board] [0m5 || |[7;1m [0m| |[30;1mk[0m|[0;1mp[0m|[7;1m [0m| |[7;1m [0m|| 5
[32;1m[Board] [0m  -------------------
[32;1m[Board] [0m4 ||[7;1m [0m| |[7;1m [0m| |[7;1m [0m| |[7;1m [0m| || 4
[32;1m[Board] [0m  -------------------
[32;1m[Board] [0m3 || |[7;1m [0m| |[0;1mb[0m| |[0;1mk[0m| |[7;1m [0m|| 3
[32;1m[Board] [0m  -------------------
[32;1m[Board] [0m2 ||[0;1mp[0m|[0;1mp[0m|[0;1mp[0m|[0;1mp[0m|[7;1m [0m|[0;1mp[0m|[0;1mp[0m|[0;1mp[0m|| 2
[32;1m[Board] [0m  -------------------
[32;1m[Board] [0m1 ||[0;1mr[0m|[0;1mk[0m|[0;1mb[0m|[0;1mQ[0m| |[0;1mr[0m|[0;1mK[0m|[7;1m [0m|| 1
[32;1m[Board] [0m  -------------------
[32;1m[Board] [0m    a b c d e f g h
[32;1m[Board] [0m
[32;1m[Referee] [0mThis is the turn of the Black player...
* A B C D E F G H 
8 0 - 0 0 0 0 0 - 
7 0 0 0 0 0 0 0 0 
6 - - 0 - - - - - 
5 - - - 0 1 - - - 
4 - - - - - - - - 
3 - - - 1 - 1 - - 
2 1 1 1 1 - 1 1 1 
1 1 1 1 1 - - 1 1 
--------
0
0
0
0
0
0
0
0
0
0
0
0
0
0
0
0
0
0
0
0
0
0
0
0
0
====Our possible moves====
No pawns/takes 2
h7h5 0, h7h6 0, g8h8 -2, a8b8 -2, g7g5 -2, g7g6 -2, f7f5 -2, f7f6 -2, e7e6 -2, d7d6 -2, b7b5 -2, b7b6 -2, a7a5 -2, a7a6 -2, c6a5 -2, c6b4 -2, c6b8 -2, d5b4 -2, d5f4 -2, d5b6 -2, c6e5 -3, c6d4 -6, d5f6 -6, d5c3 -6, d5e3 -6, [32;1m[Game] [0mPlayer's error code: 0
[32;1m[Game] [0mChecking move validity...
[32;1m[Board] [0mInitializing board...
[32;1m[Board] [0mLoading history file `championship/chess-bot-check-innit-mate/history.csv`...
[32;1m[Board] [0mLoaded 9 move(s).
[32;1m[Board] [0mLoading move file `championship/chess-bot-check-innit-mate/move.csv`...
[32;1m[Board] [0mBlack player is playing h7 to h5.
[32;1m[Board] [0m
[32;1m[Board] [0m    a b c d e f g h 
[32;1m[Board] [0m  -------------------
[32;1m[Board] [0m8 ||[30;1mr[0m| |[30;1mb[0m|[30;1mQ[0m|[30;1mK[0m|[30;1mb[0m|[30;1mr[0m| || 8
[32;1m[Board] [0m  -------------------
[32;1m[Board] [0m7 ||[30;1mp[0m|[30;1mp[0m|[30;1mp[0m|[30;1mp[0m|[30;1mp[0m|[30;1mp[0m|[30;1mp[0m|[7;1m [0m|| 7
[32;1m[Board] [0m  -------------------
[32;1m[Board] [0m6 ||[7;1m [0m| |[30;1mk[0m| |[7;1m [0m| |[7;1m [0m| || 6
[32;1m[Board] [0m  -------------------
[32;1m[Board] [0m5 || |[7;1m [0m| |[30;1mk[0m|[0;1mp[0m|[7;1m [0m| |[30;1mp[0m|| 5
[32;1m[Board] [0m  -------------------
[32;1m[Board] [0m4 ||[7;1m [0m| |[7;1m [0m| |[7;1m [0m| |[7;1m [0m| || 4
[32;1m[Board] [0m  -------------------
[32;1m[Board] [0m3 || |[7;1m [0m| |[0;1mb[0m| |[0;1mk[0m| |[7;1m [0m|| 3
[32;1m[Board] [0m  -------------------
[32;1m[Board] [0m2 ||[0;1mp[0m|[0;1mp[0m|[0;1mp[0m|[0;1mp[0m|[7;1m [0m|[0;1mp[0m|[0;1mp[0m|[0;1mp[0m|| 2
[32;1m[Board] [0m  -------------------
[32;1m[Board] [0m1 ||[0;1mr[0m|[0;1mk[0m|[0;1mb[0m|[0;1mQ[0m| |[0;1mr[0m|[0;1mK[0m|[7;1m [0m|| 1
[32;1m[Board] [0m  -------------------
[32;1m[Board] [0m    a b c d e f g h
[32;1m[Board] [0m
[32;1m[Referee] [0mThis is the turn of the White player...
reading moves... done.
finding moves... done.
finding best one...
done.

original board:
â™™: 8 â™–: 2 â™˜: 2 
â™—: 2 â™•: 1 â™”: 1 

â™Ÿ: 8 â™œ: 2 â™: 2 
â™: 2 â™›: 1 â™š: 1 

|â™–| |â™—|â™•|â™”|â™—|â™–| |
|â™™|â™™|â™™|â™™|â™™|â™™|â™™| |
| | |â™˜| | | | | |
| | | |â™˜|â™Ÿ| | |â™™|
| | | | | | | | |
| | | |â™| |â™| | |
|â™Ÿ|â™Ÿ|â™Ÿ|â™Ÿ| |â™Ÿ|â™Ÿ|â™Ÿ|
|â™œ|â™|â™|â™›| |â™œ|â™š| |

new board:
â™™: 8 â™–: 2 â™˜: 2 
â™—: 2 â™•: 1 â™”: 1 

â™Ÿ: 8 â™œ: 2 â™: 2 
â™: 2 â™›: 1 â™š: 1 

|â™–| |â™—|â™•|â™”|â™—|â™–| |
|â™™|â™™|â™™|â™™|â™™|â™™|â™™|â™|
| | |â™˜| | | | | |
| | | |â™˜|â™Ÿ| | |â™™|
| | | | | | | | |
| | | | | |â™| | |
|â™Ÿ|â™Ÿ|â™Ÿ|â™Ÿ| |â™Ÿ|â™Ÿ|â™Ÿ|
|â™œ|â™|â™|â™›| |â™œ|â™š| |

creating move string... done, played d3h7
creating output file... done.

[32;1m[Game] [0mPlayer's error code: 0
[32;1m[Game] [0mChecking move validity...
[32;1m[Board] [0mInitializing board...
[32;1m[Board] [0mLoading history file `championship/chess-bot-check-innit-mate/history.csv`...
[32;1m[Board] [0mLoaded 10 move(s).
[32;1m[Board] [0mLoading move file `championship/chess-bot-check-innit-mate/move.csv`...
[32;1m[Board] [0mWhite player is playing d3 to h7.
[32;1m[Board] [0m
[32;1m[Board] [0m    a b c d e f g h 
[32;1m[Board] [0m  -------------------
[32;1m[Board] [0m8 ||[30;1mr[0m| |[30;1mb[0m|[30;1mQ[0m|[30;1mK[0m|[30;1mb[0m|[30;1mr[0m| || 8
[32;1m[Board] [0m  -------------------
[32;1m[Board] [0m7 ||[30;1mp[0m|[30;1mp[0m|[30;1mp[0m|[30;1mp[0m|[30;1mp[0m|[30;1mp[0m|[30;1mp[0m|[0;1mb[0m|| 7
[32;1m[Board] [0m  -------------------
[32;1m[Board] [0m6 ||[7;1m [0m| |[30;1mk[0m| |[7;1m [0m| |[7;1m [0m| || 6
[32;1m[Board] [0m  -------------------
[32;1m[Board] [0m5 || |[7;1m [0m| |[30;1mk[0m|[0;1mp[0m|[7;1m [0m| |[30;1mp[0m|| 5
[32;1m[Board] [0m  -------------------
[32;1m[Board] [0m4 ||[7;1m [0m| |[7;1m [0m| |[7;1m [0m| |[7;1m [0m| || 4
[32;1m[Board] [0m  -------------------
[32;1m[Board] [0m3 || |[7;1m [0m| |[7;1m [0m| |[0;1mk[0m| |[7;1m [0m|| 3
[32;1m[Board] [0m  -------------------
[32;1m[Board] [0m2 ||[0;1mp[0m|[0;1mp[0m|[0;1mp[0m|[0;1mp[0m|[7;1m [0m|[0;1mp[0m|[0;1mp[0m|[0;1mp[0m|| 2
[32;1m[Board] [0m  -------------------
[32;1m[Board] [0m1 ||[0;1mr[0m|[0;1mk[0m|[0;1mb[0m|[0;1mQ[0m| |[0;1mr[0m|[0;1mK[0m|[7;1m [0m|| 1
[32;1m[Board] [0m  -------------------
[32;1m[Board] [0m    a b c d e f g h
[32;1m[Board] [0m
[32;1m[Referee] [0mThis is the turn of the Black player...
* A B C D E F G H 
8 0 - 0 0 0 0 0 - 
7 0 0 0 0 0 0 0 1 
6 - - 0 - - - - - 
5 - - - 0 1 - - 0 
4 - - - - - - - - 
3 - - - - - 1 - - 
2 1 1 1 1 - 1 1 1 
1 1 1 1 1 - - 1 1 
--------
0
0
0
0
0
0
0
0
0
0
0
0
0
0
0
0
0
0
0
0
0
0
0
0
====Our possible moves====
No pawns/takes 1
g8h8 0, c6e5 -7, a8b8 -10, g7g5 -10, g7g6 -10, f7f5 -10, f7f6 -10, e7e6 -10, d7d6 -10, b7b5 -10, b7b6 -10, a7a5 -10, a7a6 -10, c6a5 -10, c6b4 -10, c6d4 -10, c6b8 -10, h5h4 -10, d5b4 -10, d5f4 -10, d5b6 -10, d5f6 -10, d5c3 -10, d5e3 -10, [32;1m[Game] [0mPlayer's error code: 0
[32;1m[Game] [0mChecking move validity...
[32;1m[Board] [0mInitializing board...
[32;1m[Board] [0mLoading history file `championship/chess-bot-check-innit-mate/history.csv`...
[32;1m[Board] [0mLoaded 11 move(s).
[32;1m[Board] [0mLoading move file `championship/chess-bot-check-innit-mate/move.csv`...
[32;1m[Board] [0mBlack player is playing g8 to h8.
[32;1m[Board] [0m
[32;1m[Board] [0m    a b c d e f g h 
[32;1m[Board] [0m  -------------------
[32;1m[Board] [0m8 ||[30;1mr[0m| |[30;1mb[0m|[30;1mQ[0m|[30;1mK[0m|[30;1mb[0m|[7;1m [0m|[30;1mr[0m|| 8
[32;1m[Board] [0m  -------------------
[32;1m[Board] [0m7 ||[30;1mp[0m|[30;1mp[0m|[30;1mp[0m|[30;1mp[0m|[30;1mp[0m|[30;1mp[0m|[30;1mp[0m|[0;1mb[0m|| 7
[32;1m[Board] [0m  -------------------
[32;1m[Board] [0m6 ||[7;1m [0m| |[30;1mk[0m| |[7;1m [0m| |[7;1m [0m| || 6
[32;1m[Board] [0m  -------------------
[32;1m[Board] [0m5 || |[7;1m [0m| |[30;1mk[0m|[0;1mp[0m|[7;1m [0m| |[30;1mp[0m|| 5
[32;1m[Board] [0m  -------------------
[32;1m[Board] [0m4 ||[7;1m [0m| |[7;1m [0m| |[7;1m [0m| |[7;1m [0m| || 4
[32;1m[Board] [0m  -------------------
[32;1m[Board] [0m3 || |[7;1m [0m| |[7;1m [0m| |[0;1mk[0m| |[7;1m [0m|| 3
[32;1m[Board] [0m  -------------------
[32;1m[Board] [0m2 ||[0;1mp[0m|[0;1mp[0m|[0;1mp[0m|[0;1mp[0m|[7;1m [0m|[0;1mp[0m|[0;1mp[0m|[0;1mp[0m|| 2
[32;1m[Board] [0m  -------------------
[32;1m[Board] [0m1 ||[0;1mr[0m|[0;1mk[0m|[0;1mb[0m|[0;1mQ[0m| |[0;1mr[0m|[0;1mK[0m|[7;1m [0m|| 1
[32;1m[Board] [0m  -------------------
[32;1m[Board] [0m    a b c d e f g h
[32;1m[Board] [0m
[32;1m[Referee] [0mThis is the turn of the White player...
reading moves... done.
finding moves... done.
finding best one...
done.

original board:
â™™: 8 â™–: 2 â™˜: 2 
â™—: 2 â™•: 1 â™”: 1 

â™Ÿ: 8 â™œ: 2 â™: 2 
â™: 2 â™›: 1 â™š: 1 

|â™–| |â™—|â™•|â™”|â™—| |â™–|
|â™™|â™™|â™™|â™™|â™™|â™™|â™™|â™|
| | |â™˜| | | | | |
| | | |â™˜|â™Ÿ| | |â™™|
| | | | | | | | |
| | | | | |â™| | |
|â™Ÿ|â™Ÿ|â™Ÿ|â™Ÿ| |â™Ÿ|â™Ÿ|â™Ÿ|
|â™œ|â™|â™|â™›| |â™œ|â™š| |

new board:
â™™: 8 â™–: 2 â™˜: 2 
â™—: 2 â™•: 1 â™”: 1 

â™Ÿ: 8 â™œ: 2 â™: 2 
â™: 2 â™›: 1 â™š: 1 

|â™–| |â™—|â™•|â™”|â™—| |â™–|
|â™™|â™™|â™™|â™™|â™™|â™™|â™™| |
| | |â™˜| | | | | |
| | | |â™˜|â™Ÿ| | |â™™|
| | | | |â™| | | |
| | | | | |â™| | |
|â™Ÿ|â™Ÿ|â™Ÿ|â™Ÿ| |â™Ÿ|â™Ÿ|â™Ÿ|
|â™œ|â™|â™|â™›| |â™œ|â™š| |

creating move string... done, played h7e4
creating output file... done.

[32;1m[Game] [0mPlayer's error code: 0
[32;1m[Game] [0mChecking move validity...
[32;1m[Board] [0mInitializing board...
[32;1m[Board] [0mLoading history file `championship/chess-bot-check-innit-mate/history.csv`...
[32;1m[Board] [0mLoaded 12 move(s).
[32;1m[Board] [0mLoading move file `championship/chess-bot-check-innit-mate/move.csv`...
[32;1m[Board] [0mWhite player is playing h7 to e4.
[32;1m[Board] [0m
[32;1m[Board] [0m    a b c d e f g h 
[32;1m[Board] [0m  -------------------
[32;1m[Board] [0m8 ||[30;1mr[0m| |[30;1mb[0m|[30;1mQ[0m|[30;1mK[0m|[30;1mb[0m|[7;1m [0m|[30;1mr[0m|| 8
[32;1m[Board] [0m  -------------------
[32;1m[Board] [0m7 ||[30;1mp[0m|[30;1mp[0m|[30;1mp[0m|[30;1mp[0m|[30;1mp[0m|[30;1mp[0m|[30;1mp[0m|[7;1m [0m|| 7
[32;1m[Board] [0m  -------------------
[32;1m[Board] [0m6 ||[7;1m [0m| |[30;1mk[0m| |[7;1m [0m| |[7;1m [0m| || 6
[32;1m[Board] [0m  -------------------
[32;1m[Board] [0m5 || |[7;1m [0m| |[30;1mk[0m|[0;1mp[0m|[7;1m [0m| |[30;1mp[0m|| 5
[32;1m[Board] [0m  -------------------
[32;1m[Board] [0m4 ||[7;1m [0m| |[7;1m [0m| |[0;1mb[0m| |[7;1m [0m| || 4
[32;1m[Board] [0m  -------------------
[32;1m[Board] [0m3 || |[7;1m [0m| |[7;1m [0m| |[0;1mk[0m| |[7;1m [0m|| 3
[32;1m[Board] [0m  -------------------
[32;1m[Board] [0m2 ||[0;1mp[0m|[0;1mp[0m|[0;1mp[0m|[0;1mp[0m|[7;1m [0m|[0;1mp[0m|[0;1mp[0m|[0;1mp[0m|| 2
[32;1m[Board] [0m  -------------------
[32;1m[Board] [0m1 ||[0;1mr[0m|[0;1mk[0m|[0;1mb[0m|[0;1mQ[0m| |[0;1mr[0m|[0;1mK[0m|[7;1m [0m|| 1
[32;1m[Board] [0m  -------------------
[32;1m[Board] [0m    a b c d e f g h
[32;1m[Board] [0m
[32;1m[Referee] [0mThis is the turn of the Black player...
* A B C D E F G H 
8 0 - 0 0 0 0 - 0 
7 0 0 0 0 0 0 0 - 
6 - - 0 - - - - - 
5 - - - 0 1 - - 0 
4 - - - - 1 - - - 
3 - - - - - 1 - - 
2 1 1 1 1 - 1 1 1 
1 1 1 1 1 - - 1 1 
--------
0
0
0
0
0
0
0
0
0
0
0
0
0
0
0
0
0
0
0
0
0
0
0
0
0
0
====Our possible moves====
No pawns/takes 3
c6e5 -3, h8g8 -6, h8h6 -6, a8b8 -6, g7g5 -6, g7g6 -6, f7f5 -6, f7f6 -6, e7e6 -6, d7d6 -6, b7b5 -6, b7b6 -6, a7a5 -6, a7a6 -6, c6a5 -6, c6b4 -6, c6d4 -6, c6b8 -6, h5h4 -6, d5b4 -6, d5f4 -6, d5b6 -6, d5f6 -6, d5c3 -6, d5e3 -6, h8h7 -10, [32;1m[Game] [0mPlayer's error code: 0
[32;1m[Game] [0mChecking move validity...
[32;1m[Board] [0mInitializing board...
[32;1m[Board] [0mLoading history file `championship/chess-bot-check-innit-mate/history.csv`...
[32;1m[Board] [0mLoaded 13 move(s).
[32;1m[Board] [0mLoading move file `championship/chess-bot-check-innit-mate/move.csv`...
[32;1m[Board] [0mBlack player is playing c6 to e5.
[32;1m[Board] [0m[5;1mBlack Knight is taking White Pawn.[0m
[32;1m[Board] [0m
[32;1m[Board] [0m    a b c d e f g h 
[32;1m[Board] [0m  -------------------
[32;1m[Board] [0m8 ||[30;1mr[0m| |[30;1mb[0m|[30;1mQ[0m|[30;1mK[0m|[30;1mb[0m|[7;1m [0m|[30;1mr[0m|| 8
[32;1m[Board] [0m  -------------------
[32;1m[Board] [0m7 ||[30;1mp[0m|[30;1mp[0m|[30;1mp[0m|[30;1mp[0m|[30;1mp[0m|[30;1mp[0m|[30;1mp[0m|[7;1m [0m|| 7
[32;1m[Board] [0m  -------------------
[32;1m[Board] [0m6 ||[7;1m [0m| |[7;1m [0m| |[7;1m [0m| |[7;1m [0m| || 6
[32;1m[Board] [0m  -------------------
[32;1m[Board] [0m5 || |[7;1m [0m| |[30;1mk[0m|[30;1mk[0m|[7;1m [0m| |[30;1mp[0m|| 5
[32;1m[Board] [0m  -------------------
[32;1m[Board] [0m4 ||[7;1m [0m| |[7;1m [0m| |[0;1mb[0m| |[7;1m [0m| || 4
[32;1m[Board] [0m  -------------------
[32;1m[Board] [0m3 || |[7;1m [0m| |[7;1m [0m| |[0;1mk[0m| |[7;1m [0m|| 3
[32;1m[Board] [0m  -------------------
[32;1m[Board] [0m2 ||[0;1mp[0m|[0;1mp[0m|[0;1mp[0m|[0;1mp[0m|[7;1m [0m|[0;1mp[0m|[0;1mp[0m|[0;1mp[0m|| 2
[32;1m[Board] [0m  -------------------
[32;1m[Board] [0m1 ||[0;1mr[0m|[0;1mk[0m|[0;1mb[0m|[0;1mQ[0m| |[0;1mr[0m|[0;1mK[0m|[7;1m [0m|| 1
[32;1m[Board] [0m  -------------------
[32;1m[Board] [0m    a b c d e f g h
[32;1m[Board] [0m
[32;1m[Referee] [0mThis is the turn of the White player...
reading moves... done.
finding moves... done.
finding best one...
done.

original board:
â™™: 8 â™–: 2 â™˜: 2 
â™—: 2 â™•: 1 â™”: 1 

â™Ÿ: 7 â™œ: 2 â™: 2 
â™: 2 â™›: 1 â™š: 1 

|â™–| |â™—|â™•|â™”|â™—| |â™–|
|â™™|â™™|â™™|â™™|â™™|â™™|â™™| |
| | | | | | | | |
| | | |â™˜|â™˜| | |â™™|
| | | | |â™| | | |
| | | | | |â™| | |
|â™Ÿ|â™Ÿ|â™Ÿ|â™Ÿ| |â™Ÿ|â™Ÿ|â™Ÿ|
|â™œ|â™|â™|â™›| |â™œ|â™š| |

new board:
â™™: 8 â™–: 2 â™˜: 1 
â™—: 2 â™•: 1 â™”: 1 

â™Ÿ: 7 â™œ: 2 â™: 2 
â™: 2 â™›: 1 â™š: 1 

|â™–| |â™—|â™•|â™”|â™—| |â™–|
|â™™|â™™|â™™|â™™|â™™|â™™|â™™| |
| | | | | | | | |
| | | |â™˜|â™| | |â™™|
| | | | |â™| | | |
| | | | | | | | |
|â™Ÿ|â™Ÿ|â™Ÿ|â™Ÿ| |â™Ÿ|â™Ÿ|â™Ÿ|
|â™œ|â™|â™|â™›| |â™œ|â™š| |

creating move string... done, played f3e5
creating output file... done.

[32;1m[Game] [0mPlayer's error code: 0
[32;1m[Game] [0mChecking move validity...
[32;1m[Board] [0mInitializing board...
[32;1m[Board] [0mLoading history file `championship/chess-bot-check-innit-mate/history.csv`...
[32;1m[Board] [0mLoaded 14 move(s).
[32;1m[Board] [0mLoading move file `championship/chess-bot-check-innit-mate/move.csv`...
[32;1m[Board] [0mWhite player is playing f3 to e5.
[32;1m[Board] [0m[5;1mWhite Knight is taking Black Knight.[0m
[32;1m[Board] [0m
[32;1m[Board] [0m    a b c d e f g h 
[32;1m[Board] [0m  -------------------
[32;1m[Board] [0m8 ||[30;1mr[0m| |[30;1mb[0m|[30;1mQ[0m|[30;1mK[0m|[30;1mb[0m|[7;1m [0m|[30;1mr[0m|| 8
[32;1m[Board] [0m  -------------------
[32;1m[Board] [0m7 ||[30;1mp[0m|[30;1mp[0m|[30;1mp[0m|[30;1mp[0m|[30;1mp[0m|[30;1mp[0m|[30;1mp[0m|[7;1m [0m|| 7
[32;1m[Board] [0m  -------------------
[32;1m[Board] [0m6 ||[7;1m [0m| |[7;1m [0m| |[7;1m [0m| |[7;1m [0m| || 6
[32;1m[Board] [0m  -------------------
[32;1m[Board] [0m5 || |[7;1m [0m| |[30;1mk[0m|[0;1mk[0m|[7;1m [0m| |[30;1mp[0m|| 5
[32;1m[Board] [0m  -------------------
[32;1m[Board] [0m4 ||[7;1m [0m| |[7;1m [0m| |[0;1mb[0m| |[7;1m [0m| || 4
[32;1m[Board] [0m  -------------------
[32;1m[Board] [0m3 || |[7;1m [0m| |[7;1m [0m| |[7;1m [0m| |[7;1m [0m|| 3
[32;1m[Board] [0m  -------------------
[32;1m[Board] [0m2 ||[0;1mp[0m|[0;1mp[0m|[0;1mp[0m|[0;1mp[0m|[7;1m [0m|[0;1mp[0m|[0;1mp[0m|[0;1mp[0m|| 2
[32;1m[Board] [0m  -------------------
[32;1m[Board] [0m1 ||[0;1mr[0m|[0;1mk[0m|[0;1mb[0m|[0;1mQ[0m| |[0;1mr[0m|[0;1mK[0m|[7;1m [0m|| 1
[32;1m[Board] [0m  -------------------
[32;1m[Board] [0m    a b c d e f g h
[32;1m[Board] [0m
[32;1m[Referee] [0mThis is the turn of the Black player...
* A B C D E F G H 
8 0 - 0 0 0 0 - 0 
7 0 0 0 0 0 0 0 - 
6 - - - - - - - - 
5 - - - 0 1 - - 0 
4 - - - - 1 - - - 
3 - - - - - - - - 
2 1 1 1 1 - 1 1 1 
1 1 1 1 1 - - 1 1 
--------
0
0
0
0
0
0
0
0
0
0
0
0
0
0
0
0
0
0
0
0
0
0
0
====Our possible moves====
No pawns/takes 0
d5b4 -2, d5f4 -2, d5b6 -2, d5f6 -2, h8g8 -6, h8h6 -6, a8b8 -6, g7g5 -6, g7g6 -6, f7f5 -6, f7f6 -6, e7e6 -6, d7d6 -6, c7c5 -6, c7c6 -6, b7b5 -6, b7b6 -6, a7a5 -6, a7a6 -6, h5h4 -6, d5c3 -6, d5e3 -6, h8h7 -10, [32;1m[Game] [0mPlayer's error code: 0
[32;1m[Game] [0mChecking move validity...
[32;1m[Board] [0mInitializing board...
[32;1m[Board] [0mLoading history file `championship/chess-bot-check-innit-mate/history.csv`...
[32;1m[Board] [0mLoaded 15 move(s).
[32;1m[Board] [0mLoading move file `championship/chess-bot-check-innit-mate/move.csv`...
[32;1m[Board] [0mBlack player is playing d5 to b4.
[32;1m[Board] [0m
[32;1m[Board] [0m    a b c d e f g h 
[32;1m[Board] [0m  -------------------
[32;1m[Board] [0m8 ||[30;1mr[0m| |[30;1mb[0m|[30;1mQ[0m|[30;1mK[0m|[30;1mb[0m|[7;1m [0m|[30;1mr[0m|| 8
[32;1m[Board] [0m  -------------------
[32;1m[Board] [0m7 ||[30;1mp[0m|[30;1mp[0m|[30;1mp[0m|[30;1mp[0m|[30;1mp[0m|[30;1mp[0m|[30;1mp[0m|[7;1m [0m|| 7
[32;1m[Board] [0m  -------------------
[32;1m[Board] [0m6 ||[7;1m [0m| |[7;1m [0m| |[7;1m [0m| |[7;1m [0m| || 6
[32;1m[Board] [0m  -------------------
[32;1m[Board] [0m5 || |[7;1m [0m| |[7;1m [0m|[0;1mk[0m|[7;1m [0m| |[30;1mp[0m|| 5
[32;1m[Board] [0m  -------------------
[32;1m[Board] [0m4 ||[7;1m [0m|[30;1mk[0m|[7;1m [0m| |[0;1mb[0m| |[7;1m [0m| || 4
[32;1m[Board] [0m  -------------------
[32;1m[Board] [0m3 || |[7;1m [0m| |[7;1m [0m| |[7;1m [0m| |[7;1m [0m|| 3
[32;1m[Board] [0m  -------------------
[32;1m[Board] [0m2 ||[0;1mp[0m|[0;1mp[0m|[0;1mp[0m|[0;1mp[0m|[7;1m [0m|[0;1mp[0m|[0;1mp[0m|[0;1mp[0m|| 2
[32;1m[Board] [0m  -------------------
[32;1m[Board] [0m1 ||[0;1mr[0m|[0;1mk[0m|[0;1mb[0m|[0;1mQ[0m| |[0;1mr[0m|[0;1mK[0m|[7;1m [0m|| 1
[32;1m[Board] [0m  -------------------
[32;1m[Board] [0m    a b c d e f g h
[32;1m[Board] [0m
[32;1m[Referee] [0mThis is the turn of the White player...
reading moves... done.
finding moves... done.
finding best one...
done.

original board:
â™™: 8 â™–: 2 â™˜: 1 
â™—: 2 â™•: 1 â™”: 1 

â™Ÿ: 7 â™œ: 2 â™: 2 
â™: 2 â™›: 1 â™š: 1 

|â™–| |â™—|â™•|â™”|â™—| |â™–|
|â™™|â™™|â™™|â™™|â™™|â™™|â™™| |
| | | | | | | | |
| | | | |â™| | |â™™|
| |â™˜| | |â™| | | |
| | | | | | | | |
|â™Ÿ|â™Ÿ|â™Ÿ|â™Ÿ| |â™Ÿ|â™Ÿ|â™Ÿ|
|â™œ|â™|â™|â™›| |â™œ|â™š| |

new board:
â™™: 8 â™–: 2 â™˜: 1 
â™—: 2 â™•: 1 â™”: 1 

â™Ÿ: 7 â™œ: 2 â™: 2 
â™: 2 â™›: 1 â™š: 1 

|â™–| |â™—|â™•|â™”|â™—| |â™–|
|â™™|â™™|â™™|â™™|â™™|â™™|â™™| |
| | | | | | | | |
| | | | |â™| | |â™™|
| |â™˜| | |â™| | | |
| | |â™Ÿ| | | | | |
|â™Ÿ|â™Ÿ| |â™Ÿ| |â™Ÿ|â™Ÿ|â™Ÿ|
|â™œ|â™|â™|â™›| |â™œ|â™š| |

creating move string... done, played c2c3
creating output file... done.

[32;1m[Game] [0mPlayer's error code: 0
[32;1m[Game] [0mChecking move validity...
[32;1m[Board] [0mInitializing board...
[32;1m[Board] [0mLoading history file `championship/chess-bot-check-innit-mate/history.csv`...
[32;1m[Board] [0mLoaded 16 move(s).
[32;1m[Board] [0mLoading move file `championship/chess-bot-check-innit-mate/move.csv`...
[32;1m[Board] [0mWhite player is playing c2 to c3.
[32;1m[Board] [0m
[32;1m[Board] [0m    a b c d e f g h 
[32;1m[Board] [0m  -------------------
[32;1m[Board] [0m8 ||[30;1mr[0m| |[30;1mb[0m|[30;1mQ[0m|[30;1mK[0m|[30;1mb[0m|[7;1m [0m|[30;1mr[0m|| 8
[32;1m[Board] [0m  -------------------
[32;1m[Board] [0m7 ||[30;1mp[0m|[30;1mp[0m|[30;1mp[0m|[30;1mp[0m|[30;1mp[0m|[30;1mp[0m|[30;1mp[0m|[7;1m [0m|| 7
[32;1m[Board] [0m  -------------------
[32;1m[Board] [0m6 ||[7;1m [0m| |[7;1m [0m| |[7;1m [0m| |[7;1m [0m| || 6
[32;1m[Board] [0m  -------------------
[32;1m[Board] [0m5 || |[7;1m [0m| |[7;1m [0m|[0;1mk[0m|[7;1m [0m| |[30;1mp[0m|| 5
[32;1m[Board] [0m  -------------------
[32;1m[Board] [0m4 ||[7;1m [0m|[30;1mk[0m|[7;1m [0m| |[0;1mb[0m| |[7;1m [0m| || 4
[32;1m[Board] [0m  -------------------
[32;1m[Board] [0m3 || |[7;1m [0m|[0;1mp[0m|[7;1m [0m| |[7;1m [0m| |[7;1m [0m|| 3
[32;1m[Board] [0m  -------------------
[32;1m[Board] [0m2 ||[0;1mp[0m|[0;1mp[0m|[7;1m [0m|[0;1mp[0m|[7;1m [0m|[0;1mp[0m|[0;1mp[0m|[0;1mp[0m|| 2
[32;1m[Board] [0m  -------------------
[32;1m[Board] [0m1 ||[0;1mr[0m|[0;1mk[0m|[0;1mb[0m|[0;1mQ[0m| |[0;1mr[0m|[0;1mK[0m|[7;1m [0m|| 1
[32;1m[Board] [0m  -------------------
[32;1m[Board] [0m    a b c d e f g h
[32;1m[Board] [0m
[32;1m[Referee] [0mThis is the turn of the Black player...
* A B C D E F G H 
8 0 - 0 0 0 0 - 0 
7 0 0 0 0 0 0 0 - 
6 - - - - - - - - 
5 - - - - 1 - - 0 
4 - 0 - - 1 - - - 
3 - - 1 - - - - - 
2 1 1 - 1 - 1 1 1 
1 1 1 1 1 - - 1 1 
--------
0
0
0
0
0
0
0
0
0
0
0
0
0
0
0
0
0
0
0
0
0
0
0
0
====Our possible moves====
No pawns/takes 0
b4a6 -2, b4a2 -3, h8g8 -6, h8h6 -6, a8b8 -6, g7g5 -6, g7g6 -6, f7f5 -6, f7f6 -6, e7e6 -6, d7d5 -6, d7d6 -6, c7c5 -6, c7c6 -6, a7a5 -6, a7a6 -6, h5h4 -6, b4d3 -6, b4d5 -6, b4c2 -6, b4c6 -6, h8h7 -10, b7b5 -10, b7b6 -10, [32;1m[Game] [0mPlayer's error code: 0
[32;1m[Game] [0mChecking move validity...
[32;1m[Board] [0mInitializing board...
[32;1m[Board] [0mLoading history file `championship/chess-bot-check-innit-mate/history.csv`...
[32;1m[Board] [0mLoaded 17 move(s).
[32;1m[Board] [0mLoading move file `championship/chess-bot-check-innit-mate/move.csv`...
[32;1m[Board] [0mBlack player is playing b4 to a6.
[32;1m[Board] [0m
[32;1m[Board] [0m    a b c d e f g h 
[32;1m[Board] [0m  -------------------
[32;1m[Board] [0m8 ||[30;1mr[0m| |[30;1mb[0m|[30;1mQ[0m|[30;1mK[0m|[30;1mb[0m|[7;1m [0m|[30;1mr[0m|| 8
[32;1m[Board] [0m  -------------------
[32;1m[Board] [0m7 ||[30;1mp[0m|[30;1mp[0m|[30;1mp[0m|[30;1mp[0m|[30;1mp[0m|[30;1mp[0m|[30;1mp[0m|[7;1m [0m|| 7
[32;1m[Board] [0m  -------------------
[32;1m[Board] [0m6 ||[30;1mk[0m| |[7;1m [0m| |[7;1m [0m| |[7;1m [0m| || 6
[32;1m[Board] [0m  -------------------
[32;1m[Board] [0m5 || |[7;1m [0m| |[7;1m [0m|[0;1mk[0m|[7;1m [0m| |[30;1mp[0m|| 5
[32;1m[Board] [0m  -------------------
[32;1m[Board] [0m4 ||[7;1m [0m| |[7;1m [0m| |[0;1mb[0m| |[7;1m [0m| || 4
[32;1m[Board] [0m  -------------------
[32;1m[Board] [0m3 || |[7;1m [0m|[0;1mp[0m|[7;1m [0m| |[7;1m [0m| |[7;1m [0m|| 3
[32;1m[Board] [0m  -------------------
[32;1m[Board] [0m2 ||[0;1mp[0m|[0;1mp[0m|[7;1m [0m|[0;1mp[0m|[7;1m [0m|[0;1mp[0m|[0;1mp[0m|[0;1mp[0m|| 2
[32;1m[Board] [0m  -------------------
[32;1m[Board] [0m1 ||[0;1mr[0m|[0;1mk[0m|[0;1mb[0m|[0;1mQ[0m| |[0;1mr[0m|[0;1mK[0m|[7;1m [0m|| 1
[32;1m[Board] [0m  -------------------
[32;1m[Board] [0m    a b c d e f g h
[32;1m[Board] [0m
[32;1m[Referee] [0mThis is the turn of the White player...
reading moves... done.
finding moves... done.
finding best one...
done.

original board:
â™™: 8 â™–: 2 â™˜: 1 
â™—: 2 â™•: 1 â™”: 1 

â™Ÿ: 7 â™œ: 2 â™: 2 
â™: 2 â™›: 1 â™š: 1 

|â™–| |â™—|â™•|â™”|â™—| |â™–|
|â™™|â™™|â™™|â™™|â™™|â™™|â™™| |
|â™˜| | | | | | | |
| | | | |â™| | |â™™|
| | | | |â™| | | |
| | |â™Ÿ| | | | | |
|â™Ÿ|â™Ÿ| |â™Ÿ| |â™Ÿ|â™Ÿ|â™Ÿ|
|â™œ|â™|â™|â™›| |â™œ|â™š| |

new board:
â™™: 8 â™–: 2 â™˜: 1 
â™—: 2 â™•: 1 â™”: 1 

â™Ÿ: 7 â™œ: 2 â™: 2 
â™: 2 â™›: 1 â™š: 1 

|â™–| |â™—|â™•|â™”|â™—| |â™–|
|â™™|â™™|â™™|â™™|â™™|â™™|â™™| |
|â™˜| | | | | | | |
| | | | |â™| | |â™™|
| | | | |â™| | | |
| | |â™Ÿ| | |â™›| | |
|â™Ÿ|â™Ÿ| |â™Ÿ| |â™Ÿ|â™Ÿ|â™Ÿ|
|â™œ|â™|â™| | |â™œ|â™š| |

creating move string... done, played d1f3
creating output file... done.

[32;1m[Game] [0mPlayer's error code: 0
[32;1m[Game] [0mChecking move validity...
[32;1m[Board] [0mInitializing board...
[32;1m[Board] [0mLoading history file `championship/chess-bot-check-innit-mate/history.csv`...
[32;1m[Board] [0mLoaded 18 move(s).
[32;1m[Board] [0mLoading move file `championship/chess-bot-check-innit-mate/move.csv`...
[32;1m[Board] [0mWhite player is playing d1 to f3.
[32;1m[Board] [0m
[32;1m[Board] [0m    a b c d e f g h 
[32;1m[Board] [0m  -------------------
[32;1m[Board] [0m8 ||[30;1mr[0m| |[30;1mb[0m|[30;1mQ[0m|[30;1mK[0m|[30;1mb[0m|[7;1m [0m|[30;1mr[0m|| 8
[32;1m[Board] [0m  -------------------
[32;1m[Board] [0m7 ||[30;1mp[0m|[30;1mp[0m|[30;1mp[0m|[30;1mp[0m|[30;1mp[0m|[30;1mp[0m|[30;1mp[0m|[7;1m [0m|| 7
[32;1m[Board] [0m  -------------------
[32;1m[Board] [0m6 ||[30;1mk[0m| |[7;1m [0m| |[7;1m [0m| |[7;1m [0m| || 6
[32;1m[Board] [0m  -------------------
[32;1m[Board] [0m5 || |[7;1m [0m| |[7;1m [0m|[0;1mk[0m|[7;1m [0m| |[30;1mp[0m|| 5
[32;1m[Board] [0m  -------------------
[32;1m[Board] [0m4 ||[7;1m [0m| |[7;1m [0m| |[0;1mb[0m| |[7;1m [0m| || 4
[32;1m[Board] [0m  -------------------
[32;1m[Board] [0m3 || |[7;1m [0m|[0;1mp[0m|[7;1m [0m| |[0;1mQ[0m| |[7;1m [0m|| 3
[32;1m[Board] [0m  -------------------
[32;1m[Board] [0m2 ||[0;1mp[0m|[0;1mp[0m|[7;1m [0m|[0;1mp[0m|[7;1m [0m|[0;1mp[0m|[0;1mp[0m|[0;1mp[0m|| 2
[32;1m[Board] [0m  -------------------
[32;1m[Board] [0m1 ||[0;1mr[0m|[0;1mk[0m|[0;1mb[0m|[7;1m [0m| |[0;1mr[0m|[0;1mK[0m|[7;1m [0m|| 1
[32;1m[Board] [0m  -------------------
[32;1m[Board] [0m    a b c d e f g h
[32;1m[Board] [0m
[32;1m[Referee] [0mThis is the turn of the Black player...
* A B C D E F G H 
8 0 - 0 0 0 0 - 0 
7 0 0 0 0 0 0 0 - 
6 0 - - - - - - - 
5 - - - - 1 - - 0 
4 - - - - 1 - - - 
3 - - 1 - - 1 - - 
2 1 1 - 1 - 1 1 1 
1 1 1 1 - - - 1 1 
--------
0
0
0
0
0
0
0
0
0
0
0
0
0
0
0
0
0
0
0
====Our possible moves====
No pawns/takes 2
h8g8 -2, h8h6 -2, a8b8 -2, g7g5 -2, g7g6 -2, f7f5 -2, f7f6 -2, e7e6 -2, d7d5 -2, d7d6 -2, c7c5 -2, c7c6 -2, a6c5 -2, a6b8 -2, h5h4 -2, a6b4 -6, h8h7 -10, b7b5 -10, b7b6 -10, [32;1m[Game] [0mPlayer's error code: 0
[32;1m[Game] [0mChecking move validity...
[32;1m[Board] [0mInitializing board...
[32;1m[Board] [0mLoading history file `championship/chess-bot-check-innit-mate/history.csv`...
[32;1m[Board] [0mLoaded 19 move(s).
[32;1m[Board] [0mLoading move file `championship/chess-bot-check-innit-mate/move.csv`...
[32;1m[Board] [0mBlack player is playing h8 to g8.
[32;1m[Board] [0m
[32;1m[Board] [0m    a b c d e f g h 
[32;1m[Board] [0m  -------------------
[32;1m[Board] [0m8 ||[30;1mr[0m| |[30;1mb[0m|[30;1mQ[0m|[30;1mK[0m|[30;1mb[0m|[30;1mr[0m| || 8
[32;1m[Board] [0m  -------------------
[32;1m[Board] [0m7 ||[30;1mp[0m|[30;1mp[0m|[30;1mp[0m|[30;1mp[0m|[30;1mp[0m|[30;1mp[0m|[30;1mp[0m|[7;1m [0m|| 7
[32;1m[Board] [0m  -------------------
[32;1m[Board] [0m6 ||[30;1mk[0m| |[7;1m [0m| |[7;1m [0m| |[7;1m [0m| || 6
[32;1m[Board] [0m  -------------------
[32;1m[Board] [0m5 || |[7;1m [0m| |[7;1m [0m|[0;1mk[0m|[7;1m [0m| |[30;1mp[0m|| 5
[32;1m[Board] [0m  -------------------
[32;1m[Board] [0m4 ||[7;1m [0m| |[7;1m [0m| |[0;1mb[0m| |[7;1m [0m| || 4
[32;1m[Board] [0m  -------------------
[32;1m[Board] [0m3 || |[7;1m [0m|[0;1mp[0m|[7;1m [0m| |[0;1mQ[0m| |[7;1m [0m|| 3
[32;1m[Board] [0m  -------------------
[32;1m[Board] [0m2 ||[0;1mp[0m|[0;1mp[0m|[7;1m [0m|[0;1mp[0m|[7;1m [0m|[0;1mp[0m|[0;1mp[0m|[0;1mp[0m|| 2
[32;1m[Board] [0m  -------------------
[32;1m[Board] [0m1 ||[0;1mr[0m|[0;1mk[0m|[0;1mb[0m|[7;1m [0m| |[0;1mr[0m|[0;1mK[0m|[7;1m [0m|| 1
[32;1m[Board] [0m  -------------------
[32;1m[Board] [0m    a b c d e f g h
[32;1m[Board] [0m
[32;1m[Referee] [0mThis is the turn of the White player...
reading moves... done.
finding moves... done.
finding best one...
done.

original board:
â™™: 8 â™–: 2 â™˜: 1 
â™—: 2 â™•: 1 â™”: 1 

â™Ÿ: 7 â™œ: 2 â™: 2 
â™: 2 â™›: 1 â™š: 1 

|â™–| |â™—|â™•|â™”|â™—|â™–| |
|â™™|â™™|â™™|â™™|â™™|â™™|â™™| |
|â™˜| | | | | | | |
| | | | |â™| | |â™™|
| | | | |â™| | | |
| | |â™Ÿ| | |â™›| | |
|â™Ÿ|â™Ÿ| |â™Ÿ| |â™Ÿ|â™Ÿ|â™Ÿ|
|â™œ|â™|â™| | |â™œ|â™š| |

new board:
â™™: 8 â™–: 2 â™˜: 1 
â™—: 2 â™•: 1 â™”: 1 

â™Ÿ: 7 â™œ: 2 â™: 2 
â™: 2 â™›: 1 â™š: 1 

|â™–| |â™—|â™•|â™”|â™—|â™–| |
|â™™|â™™|â™™|â™™|â™™|â™™|â™™|â™|
|â™˜| | | | | | | |
| | | | |â™| | |â™™|
| | | | | | | | |
| | |â™Ÿ| | |â™›| | |
|â™Ÿ|â™Ÿ| |â™Ÿ| |â™Ÿ|â™Ÿ|â™Ÿ|
|â™œ|â™|â™| | |â™œ|â™š| |

creating move string... done, played e4h7
creating output file... done.

[32;1m[Game] [0mPlayer's error code: 0
[32;1m[Game] [0mChecking move validity...
[32;1m[Board] [0mInitializing board...
[32;1m[Board] [0mLoading history file `championship/chess-bot-check-innit-mate/history.csv`...
[32;1m[Board] [0mLoaded 20 move(s).
[32;1m[Board] [0mLoading move file `championship/chess-bot-check-innit-mate/move.csv`...
[32;1m[Board] [0mWhite player is playing e4 to h7.
[32;1m[Board] [0m
[32;1m[Board] [0m    a b c d e f g h 
[32;1m[Board] [0m  -------------------
[32;1m[Board] [0m8 ||[30;1mr[0m| |[30;1mb[0m|[30;1mQ[0m|[30;1mK[0m|[30;1mb[0m|[30;1mr[0m| || 8
[32;1m[Board] [0m  -------------------
[32;1m[Board] [0m7 ||[30;1mp[0m|[30;1mp[0m|[30;1mp[0m|[30;1mp[0m|[30;1mp[0m|[30;1mp[0m|[30;1mp[0m|[0;1mb[0m|| 7
[32;1m[Board] [0m  -------------------
[32;1m[Board] [0m6 ||[30;1mk[0m| |[7;1m [0m| |[7;1m [0m| |[7;1m [0m| || 6
[32;1m[Board] [0m  -------------------
[32;1m[Board] [0m5 || |[7;1m [0m| |[7;1m [0m|[0;1mk[0m|[7;1m [0m| |[30;1mp[0m|| 5
[32;1m[Board] [0m  -------------------
[32;1m[Board] [0m4 ||[7;1m [0m| |[7;1m [0m| |[7;1m [0m| |[7;1m [0m| || 4
[32;1m[Board] [0m  -------------------
[32;1m[Board] [0m3 || |[7;1m [0m|[0;1mp[0m|[7;1m [0m| |[0;1mQ[0m| |[7;1m [0m|| 3
[32;1m[Board] [0m  -------------------
[32;1m[Board] [0m2 ||[0;1mp[0m|[0;1mp[0m|[7;1m [0m|[0;1mp[0m|[7;1m [0m|[0;1mp[0m|[0;1mp[0m|[0;1mp[0m|| 2
[32;1m[Board] [0m  -------------------
[32;1m[Board] [0m1 ||[0;1mr[0m|[0;1mk[0m|[0;1mb[0m|[7;1m [0m| |[0;1mr[0m|[0;1mK[0m|[7;1m [0m|| 1
[32;1m[Board] [0m  -------------------
[32;1m[Board] [0m    a b c d e f g h
[32;1m[Board] [0m
[32;1m[Referee] [0mThis is the turn of the Black player...
* A B C D E F G H 
8 0 - 0 0 0 0 0 - 
7 0 0 0 0 0 0 0 1 
6 0 - - - - - - - 
5 - - - - 1 - - 0 
4 - - - - - - - - 
3 - - 1 - - 1 - - 
2 1 1 - 1 - 1 1 1 
1 1 1 1 - - - 1 1 
--------
0
0
0
0
0
0
0
0
0
0
0
0
0
0
0
0
0
====Our possible moves====
No pawns/takes 4
g8h8 -2, a8b8 -10, g7g5 -10, g7g6 -10, f7f5 -10, f7f6 -10, e7e6 -10, d7d5 -10, d7d6 -10, c7c5 -10, c7c6 -10, b7b5 -10, b7b6 -10, a6c5 -10, a6b4 -10, a6b8 -10, h5h4 -10, [32;1m[Game] [0mPlayer's error code: 0
[32;1m[Game] [0mChecking move validity...
[32;1m[Board] [0mInitializing board...
[32;1m[Board] [0mLoading history file `championship/chess-bot-check-innit-mate/history.csv`...
[32;1m[Board] [0mLoaded 21 move(s).
[32;1m[Board] [0mLoading move file `championship/chess-bot-check-innit-mate/move.csv`...
[32;1m[Board] [0mBlack player is playing a8 to b8.
[32;1m[Board] [0m
[32;1m[Board] [0m    a b c d e f g h 
[32;1m[Board] [0m  -------------------
[32;1m[Board] [0m8 ||[7;1m [0m|[30;1mr[0m|[30;1mb[0m|[30;1mQ[0m|[30;1mK[0m|[30;1mb[0m|[30;1mr[0m| || 8
[32;1m[Board] [0m  -------------------
[32;1m[Board] [0m7 ||[30;1mp[0m|[30;1mp[0m|[30;1mp[0m|[30;1mp[0m|[30;1mp[0m|[30;1mp[0m|[30;1mp[0m|[0;1mb[0m|| 7
[32;1m[Board] [0m  -------------------
[32;1m[Board] [0m6 ||[30;1mk[0m| |[7;1m [0m| |[7;1m [0m| |[7;1m [0m| || 6
[32;1m[Board] [0m  -------------------
[32;1m[Board] [0m5 || |[7;1m [0m| |[7;1m [0m|[0;1mk[0m|[7;1m [0m| |[30;1mp[0m|| 5
[32;1m[Board] [0m  -------------------
[32;1m[Board] [0m4 ||[7;1m [0m| |[7;1m [0m| |[7;1m [0m| |[7;1m [0m| || 4
[32;1m[Board] [0m  -------------------
[32;1m[Board] [0m3 || |[7;1m [0m|[0;1mp[0m|[7;1m [0m| |[0;1mQ[0m| |[7;1m [0m|| 3
[32;1m[Board] [0m  -------------------
[32;1m[Board] [0m2 ||[0;1mp[0m|[0;1mp[0m|[7;1m [0m|[0;1mp[0m|[7;1m [0m|[0;1mp[0m|[0;1mp[0m|[0;1mp[0m|| 2
[32;1m[Board] [0m  -------------------
[32;1m[Board] [0m1 ||[0;1mr[0m|[0;1mk[0m|[0;1mb[0m|[7;1m [0m| |[0;1mr[0m|[0;1mK[0m|[7;1m [0m|| 1
[32;1m[Board] [0m  -------------------
[32;1m[Board] [0m    a b c d e f g h
[32;1m[Board] [0m
[32;1m[Referee] [0mThis is the turn of the White player...
reading moves... done.
finding moves... done.
finding best one...
done.

original board:
â™™: 8 â™–: 2 â™˜: 1 
â™—: 2 â™•: 1 â™”: 1 

â™Ÿ: 7 â™œ: 2 â™: 2 
â™: 2 â™›: 1 â™š: 1 

| |â™–|â™—|â™•|â™”|â™—|â™–| |
|â™™|â™™|â™™|â™™|â™™|â™™|â™™|â™|
|â™˜| | | | | | | |
| | | | |â™| | |â™™|
| | | | | | | | |
| | |â™Ÿ| | |â™›| | |
|â™Ÿ|â™Ÿ| |â™Ÿ| |â™Ÿ|â™Ÿ|â™Ÿ|
|â™œ|â™|â™| | |â™œ|â™š| |

new board:
â™™: 8 â™–: 2 â™˜: 1 
â™—: 2 â™•: 1 â™”: 1 

â™Ÿ: 7 â™œ: 2 â™: 2 
â™: 2 â™›: 1 â™š: 1 

| |â™–|â™—|â™•|â™”|â™—|â™–| |
|â™™|â™™|â™™|â™™|â™™|â™™|â™™|â™|
|â™˜| | | | | | | |
| | | | |â™| | |â™™|
| | |â™Ÿ| | | | | |
| | | | | |â™›| | |
|â™Ÿ|â™Ÿ| |â™Ÿ| |â™Ÿ|â™Ÿ|â™Ÿ|
|â™œ|â™|â™| | |â™œ|â™š| |

creating move string... done, played c3c4
creating output file... done.

[32;1m[Game] [0mPlayer's error code: 0
[32;1m[Game] [0mChecking move validity...
[32;1m[Board] [0mInitializing board...
[32;1m[Board] [0mLoading history file `championship/chess-bot-check-innit-mate/history.csv`...
[32;1m[Board] [0mLoaded 22 move(s).
[32;1m[Board] [0mLoading move file `championship/chess-bot-check-innit-mate/move.csv`...
[32;1m[Board] [0mWhite player is playing c3 to c4.
[32;1m[Board] [0m
[32;1m[Board] [0m    a b c d e f g h 
[32;1m[Board] [0m  -------------------
[32;1m[Board] [0m8 ||[7;1m [0m|[30;1mr[0m|[30;1mb[0m|[30;1mQ[0m|[30;1mK[0m|[30;1mb[0m|[30;1mr[0m| || 8
[32;1m[Board] [0m  -------------------
[32;1m[Board] [0m7 ||[30;1mp[0m|[30;1mp[0m|[30;1mp[0m|[30;1mp[0m|[30;1mp[0m|[30;1mp[0m|[30;1mp[0m|[0;1mb[0m|| 7
[32;1m[Board] [0m  -------------------
[32;1m[Board] [0m6 ||[30;1mk[0m| |[7;1m [0m| |[7;1m [0m| |[7;1m [0m| || 6
[32;1m[Board] [0m  -------------------
[32;1m[Board] [0m5 || |[7;1m [0m| |[7;1m [0m|[0;1mk[0m|[7;1m [0m| |[30;1mp[0m|| 5
[32;1m[Board] [0m  -------------------
[32;1m[Board] [0m4 ||[7;1m [0m| |[0;1mp[0m| |[7;1m [0m| |[7;1m [0m| || 4
[32;1m[Board] [0m  -------------------
[32;1m[Board] [0m3 || |[7;1m [0m| |[7;1m [0m| |[0;1mQ[0m| |[7;1m [0m|| 3
[32;1m[Board] [0m  -------------------
[32;1m[Board] [0m2 ||[0;1mp[0m|[0;1mp[0m|[7;1m [0m|[0;1mp[0m|[7;1m [0m|[0;1mp[0m|[0;1mp[0m|[0;1mp[0m|| 2
[32;1m[Board] [0m  -------------------
[32;1m[Board] [0m1 ||[0;1mr[0m|[0;1mk[0m|[0;1mb[0m|[7;1m [0m| |[0;1mr[0m|[0;1mK[0m|[7;1m [0m|| 1
[32;1m[Board] [0m  -------------------
[32;1m[Board] [0m    a b c d e f g h
[32;1m[Board] [0m
[32;1m[Referee] [0mThis is the turn of the Black player...
* A B C D E F G H 
8 - 0 0 0 0 0 0 - 
7 0 0 0 0 0 0 0 1 
6 0 - - - - - - - 
5 - - - - 1 - - 0 
4 - - 1 - - - - - 
3 - - - - - 1 - - 
2 1 1 - 1 - 1 1 1 
1 1 1 1 - - - 1 1 
--------
0
0
0
0
0
0
0
0
0
0
0
0
0
0
0
0
====Our possible moves====
No pawns/takes 0
g8h8 -2, b8a8 -10, g7g5 -10, g7g6 -10, f7f5 -10, f7f6 -10, e7e6 -10, d7d5 -10, d7d6 -10, c7c5 -10, c7c6 -10, b7b5 -10, b7b6 -10, a6c5 -10, a6b4 -10, h5h4 -10, [32;1m[Game] [0mPlayer's error code: 0
[32;1m[Game] [0mChecking move validity...
[32;1m[Board] [0mInitializing board...
[32;1m[Board] [0mLoading history file `championship/chess-bot-check-innit-mate/history.csv`...
[32;1m[Board] [0mLoaded 23 move(s).
[32;1m[Board] [0mLoading move file `championship/chess-bot-check-innit-mate/move.csv`...
[32;1m[Board] [0mBlack player is playing g8 to h8.
[32;1m[Board] [0m
[32;1m[Board] [0m    a b c d e f g h 
[32;1m[Board] [0m  -------------------
[32;1m[Board] [0m8 ||[7;1m [0m|[30;1mr[0m|[30;1mb[0m|[30;1mQ[0m|[30;1mK[0m|[30;1mb[0m|[7;1m [0m|[30;1mr[0m|| 8
[32;1m[Board] [0m  -------------------
[32;1m[Board] [0m7 ||[30;1mp[0m|[30;1mp[0m|[30;1mp[0m|[30;1mp[0m|[30;1mp[0m|[30;1mp[0m|[30;1mp[0m|[0;1mb[0m|| 7
[32;1m[Board] [0m  -------------------
[32;1m[Board] [0m6 ||[30;1mk[0m| |[7;1m [0m| |[7;1m [0m| |[7;1m [0m| || 6
[32;1m[Board] [0m  -------------------
[32;1m[Board] [0m5 || |[7;1m [0m| |[7;1m [0m|[0;1mk[0m|[7;1m [0m| |[30;1mp[0m|| 5
[32;1m[Board] [0m  -------------------
[32;1m[Board] [0m4 ||[7;1m [0m| |[0;1mp[0m| |[7;1m [0m| |[7;1m [0m| || 4
[32;1m[Board] [0m  -------------------
[32;1m[Board] [0m3 || |[7;1m [0m| |[7;1m [0m| |[0;1mQ[0m| |[7;1m [0m|| 3
[32;1m[Board] [0m  -------------------
[32;1m[Board] [0m2 ||[0;1mp[0m|[0;1mp[0m|[7;1m [0m|[0;1mp[0m|[7;1m [0m|[0;1mp[0m|[0;1mp[0m|[0;1mp[0m|| 2
[32;1m[Board] [0m  -------------------
[32;1m[Board] [0m1 ||[0;1mr[0m|[0;1mk[0m|[0;1mb[0m|[7;1m [0m| |[0;1mr[0m|[0;1mK[0m|[7;1m [0m|| 1
[32;1m[Board] [0m  -------------------
[32;1m[Board] [0m    a b c d e f g h
[32;1m[Board] [0m
[32;1m[Referee] [0mThis is the turn of the White player...
reading moves... done.
finding moves... done.
finding best one...
done.

original board:
â™™: 8 â™–: 2 â™˜: 1 
â™—: 2 â™•: 1 â™”: 1 

â™Ÿ: 7 â™œ: 2 â™: 2 
â™: 2 â™›: 1 â™š: 1 

| |â™–|â™—|â™•|â™”|â™—| |â™–|
|â™™|â™™|â™™|â™™|â™™|â™™|â™™|â™|
|â™˜| | | | | | | |
| | | | |â™| | |â™™|
| | |â™Ÿ| | | | | |
| | | | | |â™›| | |
|â™Ÿ|â™Ÿ| |â™Ÿ| |â™Ÿ|â™Ÿ|â™Ÿ|
|â™œ|â™|â™| | |â™œ|â™š| |

new board:
â™™: 8 â™–: 2 â™˜: 1 
â™—: 2 â™•: 1 â™”: 1 

â™Ÿ: 7 â™œ: 2 â™: 2 
â™: 2 â™›: 1 â™š: 1 

| |â™–|â™—|â™•|â™”|â™—| |â™–|
|â™™|â™™|â™™|â™™|â™™|â™™|â™™|â™|
|â™˜| | | | | | | |
| | |â™Ÿ| |â™| | |â™™|
| | | | | | | | |
| | | | | |â™›| | |
|â™Ÿ|â™Ÿ| |â™Ÿ| |â™Ÿ|â™Ÿ|â™Ÿ|
|â™œ|â™|â™| | |â™œ|â™š| |

creating move string... done, played c4c5
creating output file... done.

[32;1m[Game] [0mPlayer's error code: 0
[32;1m[Game] [0mChecking move validity...
[32;1m[Board] [0mInitializing board...
[32;1m[Board] [0mLoading history file `championship/chess-bot-check-innit-mate/history.csv`...
[32;1m[Board] [0mLoaded 24 move(s).
[32;1m[Board] [0mLoading move file `championship/chess-bot-check-innit-mate/move.csv`...
[32;1m[Board] [0mWhite player is playing c4 to c5.
[32;1m[Board] [0m
[32;1m[Board] [0m    a b c d e f g h 
[32;1m[Board] [0m  -------------------
[32;1m[Board] [0m8 ||[7;1m [0m|[30;1mr[0m|[30;1mb[0m|[30;1mQ[0m|[30;1mK[0m|[30;1mb[0m|[7;1m [0m|[30;1mr[0m|| 8
[32;1m[Board] [0m  -------------------
[32;1m[Board] [0m7 ||[30;1mp[0m|[30;1mp[0m|[30;1mp[0m|[30;1mp[0m|[30;1mp[0m|[30;1mp[0m|[30;1mp[0m|[0;1mb[0m|| 7
[32;1m[Board] [0m  -------------------
[32;1m[Board] [0m6 ||[30;1mk[0m| |[7;1m [0m| |[7;1m [0m| |[7;1m [0m| || 6
[32;1m[Board] [0m  -------------------
[32;1m[Board] [0m5 || |[7;1m [0m|[0;1mp[0m|[7;1m [0m|[0;1mk[0m|[7;1m [0m| |[30;1mp[0m|| 5
[32;1m[Board] [0m  -------------------
[32;1m[Board] [0m4 ||[7;1m [0m| |[7;1m [0m| |[7;1m [0m| |[7;1m [0m| || 4
[32;1m[Board] [0m  -------------------
[32;1m[Board] [0m3 || |[7;1m [0m| |[7;1m [0m| |[0;1mQ[0m| |[7;1m [0m|| 3
[32;1m[Board] [0m  -------------------
[32;1m[Board] [0m2 ||[0;1mp[0m|[0;1mp[0m|[7;1m [0m|[0;1mp[0m|[7;1m [0m|[0;1mp[0m|[0;1mp[0m|[0;1mp[0m|| 2
[32;1m[Board] [0m  -------------------
[32;1m[Board] [0m1 ||[0;1mr[0m|[0;1mk[0m|[0;1mb[0m|[7;1m [0m| |[0;1mr[0m|[0;1mK[0m|[7;1m [0m|| 1
[32;1m[Board] [0m  -------------------
[32;1m[Board] [0m    a b c d e f g h
[32;1m[Board] [0m
[32;1m[Referee] [0mThis is the turn of the Black player...
* A B C D E F G H 
8 - 0 0 0 0 0 - 0 
7 0 0 0 0 0 0 0 1 
6 0 - - - - - - - 
5 - - 1 - 1 - - 0 
4 - - - - - - - - 
3 - - - - - 1 - - 
2 1 1 - 1 - 1 1 1 
1 1 1 1 - - - 1 1 
--------
0
0
0
0
0
0
0
0
0
0
0
0
0
0
0
0
====Our possible moves====
No pawns/takes 0
h8h7 7, a6c5 1, b8a8 -2, g7g5 -2, g7g6 -2, f7f5 -2, f7f6 -2, e7e6 -2, d7d5 -2, d7d6 -2, c7c6 -2, b7b5 -2, b7b6 -2, a6b4 -2, h5h4 -2, h8g8 -10, [32;1m[Game] [0mPlayer's error code: 0
[32;1m[Game] [0mChecking move validity...
[32;1m[Board] [0mInitializing board...
[32;1m[Board] [0mLoading history file `championship/chess-bot-check-innit-mate/history.csv`...
[32;1m[Board] [0mLoaded 25 move(s).
[32;1m[Board] [0mLoading move file `championship/chess-bot-check-innit-mate/move.csv`...
[32;1m[Board] [0mBlack player is playing h8 to h7.
[32;1m[Board] [0m[5;1mBlack Rook is taking White Bishop.[0m
[32;1m[Board] [0m
[32;1m[Board] [0m    a b c d e f g h 
[32;1m[Board] [0m  -------------------
[32;1m[Board] [0m8 ||[7;1m [0m|[30;1mr[0m|[30;1mb[0m|[30;1mQ[0m|[30;1mK[0m|[30;1mb[0m|[7;1m [0m| || 8
[32;1m[Board] [0m  -------------------
[32;1m[Board] [0m7 ||[30;1mp[0m|[30;1mp[0m|[30;1mp[0m|[30;1mp[0m|[30;1mp[0m|[30;1mp[0m|[30;1mp[0m|[30;1mr[0m|| 7
[32;1m[Board] [0m  -------------------
[32;1m[Board] [0m6 ||[30;1mk[0m| |[7;1m [0m| |[7;1m [0m| |[7;1m [0m| || 6
[32;1m[Board] [0m  -------------------
[32;1m[Board] [0m5 || |[7;1m [0m|[0;1mp[0m|[7;1m [0m|[0;1mk[0m|[7;1m [0m| |[30;1mp[0m|| 5
[32;1m[Board] [0m  -------------------
[32;1m[Board] [0m4 ||[7;1m [0m| |[7;1m [0m| |[7;1m [0m| |[7;1m [0m| || 4
[32;1m[Board] [0m  -------------------
[32;1m[Board] [0m3 || |[7;1m [0m| |[7;1m [0m| |[0;1mQ[0m| |[7;1m [0m|| 3
[32;1m[Board] [0m  -------------------
[32;1m[Board] [0m2 ||[0;1mp[0m|[0;1mp[0m|[7;1m [0m|[0;1mp[0m|[7;1m [0m|[0;1mp[0m|[0;1mp[0m|[0;1mp[0m|| 2
[32;1m[Board] [0m  -------------------
[32;1m[Board] [0m1 ||[0;1mr[0m|[0;1mk[0m|[0;1mb[0m|[7;1m [0m| |[0;1mr[0m|[0;1mK[0m|[7;1m [0m|| 1
[32;1m[Board] [0m  -------------------
[32;1m[Board] [0m    a b c d e f g h
[32;1m[Board] [0m
[32;1m[Referee] [0mThis is the turn of the White player...
reading moves... done.
finding moves... done.
finding best one...
done.

original board:
â™™: 8 â™–: 2 â™˜: 1 
â™—: 2 â™•: 1 â™”: 1 

â™Ÿ: 7 â™œ: 2 â™: 2 
â™: 1 â™›: 1 â™š: 1 

| |â™–|â™—|â™•|â™”|â™—| | |
|â™™|â™™|â™™|â™™|â™™|â™™|â™™|â™–|
|â™˜| | | | | | | |
| | |â™Ÿ| |â™| | |â™™|
| | | | | | | | |
| | | | | |â™›| | |
|â™Ÿ|â™Ÿ| |â™Ÿ| |â™Ÿ|â™Ÿ|â™Ÿ|
|â™œ|â™|â™| | |â™œ|â™š| |

new board:
â™™: 7 â™–: 2 â™˜: 1 
â™—: 2 â™•: 1 â™”: 1 

â™Ÿ: 7 â™œ: 2 â™: 2 
â™: 1 â™›: 1 â™š: 1 

| |â™–|â™—|â™•|â™”|â™—| | |
|â™™|â™™|â™™|â™™|â™™|â™›|â™™|â™–|
|â™˜| | | | | | | |
| | |â™Ÿ| |â™| | |â™™|
| | | | | | | | |
| | | | | | | | |
|â™Ÿ|â™Ÿ| |â™Ÿ| |â™Ÿ|â™Ÿ|â™Ÿ|
|â™œ|â™|â™| | |â™œ|â™š| |

creating move string... done, played f3f7
creating output file... done.

[32;1m[Game] [0mPlayer's error code: 0
[32;1m[Game] [0mChecking move validity...
[32;1m[Board] [0mInitializing board...
[32;1m[Board] [0mLoading history file `championship/chess-bot-check-innit-mate/history.csv`...
[32;1m[Board] [0mLoaded 26 move(s).
[32;1m[Board] [0mLoading move file `championship/chess-bot-check-innit-mate/move.csv`...
[32;1m[Board] [0mWhite player is playing f3 to f7.
[32;1m[Board] [0m[5;1mWhite Queen is taking Black Pawn.[0m
[32;1m[Board] [0m
[32;1m[Board] [0m    a b c d e f g h 
[32;1m[Board] [0m  -------------------
[32;1m[Board] [0m8 ||[7;1m [0m|[30;1mr[0m|[30;1mb[0m|[30;1mQ[0m|[30;1mK[0m|[30;1mb[0m|[7;1m [0m| || 8
[32;1m[Board] [0m  -------------------
[32;1m[Board] [0m7 ||[30;1mp[0m|[30;1mp[0m|[30;1mp[0m|[30;1mp[0m|[30;1mp[0m|[0;1mQ[0m|[30;1mp[0m|[30;1mr[0m|| 7
[32;1m[Board] [0m  -------------------
[32;1m[Board] [0m6 ||[30;1mk[0m| |[7;1m [0m| |[7;1m [0m| |[7;1m [0m| || 6
[32;1m[Board] [0m  -------------------
[32;1m[Board] [0m5 || |[7;1m [0m|[0;1mp[0m|[7;1m [0m|[0;1mk[0m|[7;1m [0m| |[30;1mp[0m|| 5
[32;1m[Board] [0m  -------------------
[32;1m[Board] [0m4 ||[7;1m [0m| |[7;1m [0m| |[7;1m [0m| |[7;1m [0m| || 4
[32;1m[Board] [0m  -------------------
[32;1m[Board] [0m3 || |[7;1m [0m| |[7;1m [0m| |[7;1m [0m| |[7;1m [0m|| 3
[32;1m[Board] [0m  -------------------
[32;1m[Board] [0m2 ||[0;1mp[0m|[0;1mp[0m|[7;1m [0m|[0;1mp[0m|[7;1m [0m|[0;1mp[0m|[0;1mp[0m|[0;1mp[0m|| 2
[32;1m[Board] [0m  -------------------
[32;1m[Board] [0m1 ||[0;1mr[0m|[0;1mk[0m|[0;1mb[0m|[7;1m [0m| |[0;1mr[0m|[0;1mK[0m|[7;1m [0m|| 1
[32;1m[Board] [0m  -------------------
[32;1m[Board] [0m    a b c d e f g h
[32;1m[Board] [0m
[32;1m[Referee] [0mThis is the turn of the Black player...
[32;1m[Board] [0m[33;1m[WARNING][0m [5;1mBlack King in checkmate![0m
[32;1m[Board] [0m[33;1m[WARNING][0m The White player wins!
