[32;1m[Board] [0mInitializing board...
[32;1m[Board] [0m
[32;1m[Board] [0m    a b c d e f g h 
[32;1m[Board] [0m  -------------------
[32;1m[Board] [0m8 ||[30;1mr[0m|[30;1mk[0m|[30;1mb[0m|[30;1mQ[0m|[30;1mK[0m|[30;1mb[0m|[30;1mk[0m|[30;1mr[0m|| 8
[32;1m[Board] [0m  -------------------
[32;1m[Board] [0m7 ||[30;1mp[0m|[30;1mp[0m|[30;1mp[0m|[30;1mp[0m|[30;1mp[0m|[30;1mp[0m|[30;1mp[0m|[30;1mp[0m|| 7
[32;1m[Board] [0m  -------------------
[32;1m[Board] [0m6 ||[7;1m [0m| |[7;1m [0m| |[7;1m [0m| |[7;1m [0m| || 6
[32;1m[Board] [0m  -------------------
[32;1m[Board] [0m5 || |[7;1m [0m| |[7;1m [0m| |[7;1m [0m| |[7;1m [0m|| 5
[32;1m[Board] [0m  -------------------
[32;1m[Board] [0m4 ||[7;1m [0m| |[7;1m [0m| |[7;1m [0m| |[7;1m [0m| || 4
[32;1m[Board] [0m  -------------------
[32;1m[Board] [0m3 || |[7;1m [0m| |[7;1m [0m| |[7;1m [0m| |[7;1m [0m|| 3
[32;1m[Board] [0m  -------------------
[32;1m[Board] [0m2 ||[0;1mp[0m|[0;1mp[0m|[0;1mp[0m|[0;1mp[0m|[0;1mp[0m|[0;1mp[0m|[0;1mp[0m|[0;1mp[0m|| 2
[32;1m[Board] [0m  -------------------
[32;1m[Board] [0m1 ||[0;1mr[0m|[0;1mk[0m|[0;1mb[0m|[0;1mQ[0m|[0;1mK[0m|[0;1mb[0m|[0;1mk[0m|[0;1mr[0m|| 1
[32;1m[Board] [0m  -------------------
[32;1m[Board] [0m    a b c d e f g h
[32;1m[Board] [0m
[32;1m[Referee] [0mThis is the turn of the White player...
Chess Board after applying moves from: championship/ashwathama-kean-chess-engine/history.csv
Successfully read 0 moves from the file.
     a   b   c   d   e   f   g   h  
   +---+---+---+---+---+---+---+---+
 8 | r | n | b | q | k | b | n | r | 8
   +---+---+---+---+---+---+---+---+
 7 | p | p | p | p | p | p | p | p | 7
   +---+---+---+---+---+---+---+---+
 6 | . | . | . | . | . | . | . | . | 6
   +---+---+---+---+---+---+---+---+
 5 | . | . | . | . | . | . | . | . | 5
   +---+---+---+---+---+---+---+---+
 4 | . | . | . | . | . | . | . | . | 4
   +---+---+---+---+---+---+---+---+
 3 | . | . | . | . | . | . | . | . | 3
   +---+---+---+---+---+---+---+---+
 2 | P | P | P | P | P | P | P | P | 2
   +---+---+---+---+---+---+---+---+
 1 | R | N | B | Q | K | B | N | R | 1
   +---+---+---+---+---+---+---+---+
     a   b   c   d   e   f   g   h  
Running alpha-beta search...
Best move: b1c3
Testing Random Move Generator:
Random move: d1h1
File reset and move written: b1c3
Next move written to: championship/ashwathama-kean-chess-engine/move.csv
[32;1m[Game] [0mPlayer's error code: 0
[32;1m[Game] [0mChecking move validity...
[32;1m[Board] [0mInitializing board...
[32;1m[Board] [0mLoading history file `championship/ashwathama-kean-chess-engine/history.csv`...
[32;1m[Board] [0mLoaded 0 move(s).
[32;1m[Board] [0mLoading move file `championship/ashwathama-kean-chess-engine/move.csv`...
[32;1m[Board] [0mWhite player is playing b1 to c3.
[32;1m[Board] [0m
[32;1m[Board] [0m    a b c d e f g h 
[32;1m[Board] [0m  -------------------
[32;1m[Board] [0m8 ||[30;1mr[0m|[30;1mk[0m|[30;1mb[0m|[30;1mQ[0m|[30;1mK[0m|[30;1mb[0m|[30;1mk[0m|[30;1mr[0m|| 8
[32;1m[Board] [0m  -------------------
[32;1m[Board] [0m7 ||[30;1mp[0m|[30;1mp[0m|[30;1mp[0m|[30;1mp[0m|[30;1mp[0m|[30;1mp[0m|[30;1mp[0m|[30;1mp[0m|| 7
[32;1m[Board] [0m  -------------------
[32;1m[Board] [0m6 ||[7;1m [0m| |[7;1m [0m| |[7;1m [0m| |[7;1m [0m| || 6
[32;1m[Board] [0m  -------------------
[32;1m[Board] [0m5 || |[7;1m [0m| |[7;1m [0m| |[7;1m [0m| |[7;1m [0m|| 5
[32;1m[Board] [0m  -------------------
[32;1m[Board] [0m4 ||[7;1m [0m| |[7;1m [0m| |[7;1m [0m| |[7;1m [0m| || 4
[32;1m[Board] [0m  -------------------
[32;1m[Board] [0m3 || |[7;1m [0m|[0;1mk[0m|[7;1m [0m| |[7;1m [0m| |[7;1m [0m|| 3
[32;1m[Board] [0m  -------------------
[32;1m[Board] [0m2 ||[0;1mp[0m|[0;1mp[0m|[0;1mp[0m|[0;1mp[0m|[0;1mp[0m|[0;1mp[0m|[0;1mp[0m|[0;1mp[0m|| 2
[32;1m[Board] [0m  -------------------
[32;1m[Board] [0m1 ||[0;1mr[0m|[7;1m [0m|[0;1mb[0m|[0;1mQ[0m|[0;1mK[0m|[0;1mb[0m|[0;1mk[0m|[0;1mr[0m|| 1
[32;1m[Board] [0m  -------------------
[32;1m[Board] [0m    a b c d e f g h
[32;1m[Board] [0m
[32;1m[Referee] [0mThis is the turn of the Black player...
   â”Œâ”€â”€â”€â”¬â”€â”€â”€â”¬â”€â”€â”€â”¬â”€â”€â”€â”¬â”€â”€â”€â”¬â”€â”€â”€â”¬â”€â”€â”€â”¬â”€â”€â”€â”
 8 â”‚ â™– â”‚ â™˜ â”‚ â™— â”‚ â™• â”‚ â™” â”‚ â™— â”‚ â™˜ â”‚ â™– â”‚
   â”œâ”€â”€â”€â”¼â”€â”€â”€â”¼â”€â”€â”€â”¼â”€â”€â”€â”¼â”€â”€â”€â”¼â”€â”€â”€â”¼â”€â”€â”€â”¼â”€â”€â”€â”¤
 7 â”‚ â™™ â”‚ â™™ â”‚ â™™ â”‚ â™™ â”‚ â™™ â”‚ â™™ â”‚ â™™ â”‚ â™™ â”‚
   â”œâ”€â”€â”€â”¼â”€â”€â”€â”¼â”€â”€â”€â”¼â”€â”€â”€â”¼â”€â”€â”€â”¼â”€â”€â”€â”¼â”€â”€â”€â”¼â”€â”€â”€â”¤
 6 â”‚   â”‚   â”‚   â”‚   â”‚   â”‚   â”‚   â”‚   â”‚
   â”œâ”€â”€â”€â”¼â”€â”€â”€â”¼â”€â”€â”€â”¼â”€â”€â”€â”¼â”€â”€â”€â”¼â”€â”€â”€â”¼â”€â”€â”€â”¼â”€â”€â”€â”¤
 5 â”‚   â”‚   â”‚   â”‚   â”‚   â”‚   â”‚   â”‚   â”‚
   â”œâ”€â”€â”€â”¼â”€â”€â”€â”¼â”€â”€â”€â”¼â”€â”€â”€â”¼â”€â”€â”€â”¼â”€â”€â”€â”¼â”€â”€â”€â”¼â”€â”€â”€â”¤
 4 â”‚   â”‚   â”‚   â”‚   â”‚   â”‚   â”‚   â”‚   â”‚
   â”œâ”€â”€â”€â”¼â”€â”€â”€â”¼â”€â”€â”€â”¼â”€â”€â”€â”¼â”€â”€â”€â”¼â”€â”€â”€â”¼â”€â”€â”€â”¼â”€â”€â”€â”¤
 3 â”‚   â”‚   â”‚ â™ â”‚   â”‚   â”‚   â”‚   â”‚   â”‚
   â”œâ”€â”€â”€â”¼â”€â”€â”€â”¼â”€â”€â”€â”¼â”€â”€â”€â”¼â”€â”€â”€â”¼â”€â”€â”€â”¼â”€â”€â”€â”¼â”€â”€â”€â”¤
 2 â”‚ â™Ÿ â”‚ â™Ÿ â”‚ â™Ÿ â”‚ â™Ÿ â”‚ â™Ÿ â”‚ â™Ÿ â”‚ â™Ÿ â”‚ â™Ÿ â”‚
   â”œâ”€â”€â”€â”¼â”€â”€â”€â”¼â”€â”€â”€â”¼â”€â”€â”€â”¼â”€â”€â”€â”¼â”€â”€â”€â”¼â”€â”€â”€â”¼â”€â”€â”€â”¤
 1 â”‚ â™œ â”‚   â”‚ â™ â”‚ â™› â”‚ â™š â”‚ â™ â”‚ â™ â”‚ â™œ â”‚
   â””â”€â”€â”€â”´â”€â”€â”€â”´â”€â”€â”€â”´â”€â”€â”€â”´â”€â”€â”€â”´â”€â”€â”€â”´â”€â”€â”€â”´â”€â”€â”€â”˜
     a   b   c   d   e   f   g   h
Opening Book execution time: 6.6489e-05 seconds.
From opening book
d7d5
[32;1m[Game] [0mPlayer's error code: 0
[32;1m[Game] [0mChecking move validity...
[32;1m[Board] [0mInitializing board...
[32;1m[Board] [0mLoading history file `championship/ashwathama-kean-chess-engine/history.csv`...
[32;1m[Board] [0mLoaded 1 move(s).
[32;1m[Board] [0mLoading move file `championship/ashwathama-kean-chess-engine/move.csv`...
[32;1m[Board] [0mBlack player is playing d7 to d5.
[32;1m[Board] [0m
[32;1m[Board] [0m    a b c d e f g h 
[32;1m[Board] [0m  -------------------
[32;1m[Board] [0m8 ||[30;1mr[0m|[30;1mk[0m|[30;1mb[0m|[30;1mQ[0m|[30;1mK[0m|[30;1mb[0m|[30;1mk[0m|[30;1mr[0m|| 8
[32;1m[Board] [0m  -------------------
[32;1m[Board] [0m7 ||[30;1mp[0m|[30;1mp[0m|[30;1mp[0m|[7;1m [0m|[30;1mp[0m|[30;1mp[0m|[30;1mp[0m|[30;1mp[0m|| 7
[32;1m[Board] [0m  -------------------
[32;1m[Board] [0m6 ||[7;1m [0m| |[7;1m [0m| |[7;1m [0m| |[7;1m [0m| || 6
[32;1m[Board] [0m  -------------------
[32;1m[Board] [0m5 || |[7;1m [0m| |[30;1mp[0m| |[7;1m [0m| |[7;1m [0m|| 5
[32;1m[Board] [0m  -------------------
[32;1m[Board] [0m4 ||[7;1m [0m| |[7;1m [0m| |[7;1m [0m| |[7;1m [0m| || 4
[32;1m[Board] [0m  -------------------
[32;1m[Board] [0m3 || |[7;1m [0m|[0;1mk[0m|[7;1m [0m| |[7;1m [0m| |[7;1m [0m|| 3
[32;1m[Board] [0m  -------------------
[32;1m[Board] [0m2 ||[0;1mp[0m|[0;1mp[0m|[0;1mp[0m|[0;1mp[0m|[0;1mp[0m|[0;1mp[0m|[0;1mp[0m|[0;1mp[0m|| 2
[32;1m[Board] [0m  -------------------
[32;1m[Board] [0m1 ||[0;1mr[0m|[7;1m [0m|[0;1mb[0m|[0;1mQ[0m|[0;1mK[0m|[0;1mb[0m|[0;1mk[0m|[0;1mr[0m|| 1
[32;1m[Board] [0m  -------------------
[32;1m[Board] [0m    a b c d e f g h
[32;1m[Board] [0m
[32;1m[Referee] [0mThis is the turn of the White player...
Chess Board after applying moves from: championship/ashwathama-kean-chess-engine/history.csv
Successfully read 2 moves from the file.
     a   b   c   d   e   f   g   h  
   +---+---+---+---+---+---+---+---+
 8 | r | n | b | q | k | b | n | r | 8
   +---+---+---+---+---+---+---+---+
 7 | p | p | p | . | p | p | p | p | 7
   +---+---+---+---+---+---+---+---+
 6 | . | . | . | . | . | . | . | . | 6
   +---+---+---+---+---+---+---+---+
 5 | . | . | . | p | . | . | . | . | 5
   +---+---+---+---+---+---+---+---+
 4 | . | . | . | . | . | . | . | . | 4
   +---+---+---+---+---+---+---+---+
 3 | . | . | N | . | . | . | . | . | 3
   +---+---+---+---+---+---+---+---+
 2 | P | P | P | P | P | P | P | P | 2
   +---+---+---+---+---+---+---+---+
 1 | R | . | B | Q | K | B | N | R | 1
   +---+---+---+---+---+---+---+---+
     a   b   c   d   e   f   g   h  
Running alpha-beta search...
Best move: g1f3
Testing Random Move Generator:
Random move: f2f3
File reset and move written: g1f3
Next move written to: championship/ashwathama-kean-chess-engine/move.csv
[32;1m[Game] [0mPlayer's error code: 0
[32;1m[Game] [0mChecking move validity...
[32;1m[Board] [0mInitializing board...
[32;1m[Board] [0mLoading history file `championship/ashwathama-kean-chess-engine/history.csv`...
[32;1m[Board] [0mLoaded 2 move(s).
[32;1m[Board] [0mLoading move file `championship/ashwathama-kean-chess-engine/move.csv`...
[32;1m[Board] [0mWhite player is playing g1 to f3.
[32;1m[Board] [0m
[32;1m[Board] [0m    a b c d e f g h 
[32;1m[Board] [0m  -------------------
[32;1m[Board] [0m8 ||[30;1mr[0m|[30;1mk[0m|[30;1mb[0m|[30;1mQ[0m|[30;1mK[0m|[30;1mb[0m|[30;1mk[0m|[30;1mr[0m|| 8
[32;1m[Board] [0m  -------------------
[32;1m[Board] [0m7 ||[30;1mp[0m|[30;1mp[0m|[30;1mp[0m|[7;1m [0m|[30;1mp[0m|[30;1mp[0m|[30;1mp[0m|[30;1mp[0m|| 7
[32;1m[Board] [0m  -------------------
[32;1m[Board] [0m6 ||[7;1m [0m| |[7;1m [0m| |[7;1m [0m| |[7;1m [0m| || 6
[32;1m[Board] [0m  -------------------
[32;1m[Board] [0m5 || |[7;1m [0m| |[30;1mp[0m| |[7;1m [0m| |[7;1m [0m|| 5
[32;1m[Board] [0m  -------------------
[32;1m[Board] [0m4 ||[7;1m [0m| |[7;1m [0m| |[7;1m [0m| |[7;1m [0m| || 4
[32;1m[Board] [0m  -------------------
[32;1m[Board] [0m3 || |[7;1m [0m|[0;1mk[0m|[7;1m [0m| |[0;1mk[0m| |[7;1m [0m|| 3
[32;1m[Board] [0m  -------------------
[32;1m[Board] [0m2 ||[0;1mp[0m|[0;1mp[0m|[0;1mp[0m|[0;1mp[0m|[0;1mp[0m|[0;1mp[0m|[0;1mp[0m|[0;1mp[0m|| 2
[32;1m[Board] [0m  -------------------
[32;1m[Board] [0m1 ||[0;1mr[0m|[7;1m [0m|[0;1mb[0m|[0;1mQ[0m|[0;1mK[0m|[0;1mb[0m| |[0;1mr[0m|| 1
[32;1m[Board] [0m  -------------------
[32;1m[Board] [0m    a b c d e f g h
[32;1m[Board] [0m
[32;1m[Referee] [0mThis is the turn of the Black player...
   â”Œâ”€â”€â”€â”¬â”€â”€â”€â”¬â”€â”€â”€â”¬â”€â”€â”€â”¬â”€â”€â”€â”¬â”€â”€â”€â”¬â”€â”€â”€â”¬â”€â”€â”€â”
 8 â”‚ â™– â”‚ â™˜ â”‚ â™— â”‚ â™• â”‚ â™” â”‚ â™— â”‚ â™˜ â”‚ â™– â”‚
   â”œâ”€â”€â”€â”¼â”€â”€â”€â”¼â”€â”€â”€â”¼â”€â”€â”€â”¼â”€â”€â”€â”¼â”€â”€â”€â”¼â”€â”€â”€â”¼â”€â”€â”€â”¤
 7 â”‚ â™™ â”‚ â™™ â”‚ â™™ â”‚   â”‚ â™™ â”‚ â™™ â”‚ â™™ â”‚ â™™ â”‚
   â”œâ”€â”€â”€â”¼â”€â”€â”€â”¼â”€â”€â”€â”¼â”€â”€â”€â”¼â”€â”€â”€â”¼â”€â”€â”€â”¼â”€â”€â”€â”¼â”€â”€â”€â”¤
 6 â”‚   â”‚   â”‚   â”‚   â”‚   â”‚   â”‚   â”‚   â”‚
   â”œâ”€â”€â”€â”¼â”€â”€â”€â”¼â”€â”€â”€â”¼â”€â”€â”€â”¼â”€â”€â”€â”¼â”€â”€â”€â”¼â”€â”€â”€â”¼â”€â”€â”€â”¤
 5 â”‚   â”‚   â”‚   â”‚ â™™ â”‚   â”‚   â”‚   â”‚   â”‚
   â”œâ”€â”€â”€â”¼â”€â”€â”€â”¼â”€â”€â”€â”¼â”€â”€â”€â”¼â”€â”€â”€â”¼â”€â”€â”€â”¼â”€â”€â”€â”¼â”€â”€â”€â”¤
 4 â”‚   â”‚   â”‚   â”‚   â”‚   â”‚   â”‚   â”‚   â”‚
   â”œâ”€â”€â”€â”¼â”€â”€â”€â”¼â”€â”€â”€â”¼â”€â”€â”€â”¼â”€â”€â”€â”¼â”€â”€â”€â”¼â”€â”€â”€â”¼â”€â”€â”€â”¤
 3 â”‚   â”‚   â”‚ â™ â”‚   â”‚   â”‚ â™ â”‚   â”‚   â”‚
   â”œâ”€â”€â”€â”¼â”€â”€â”€â”¼â”€â”€â”€â”¼â”€â”€â”€â”¼â”€â”€â”€â”¼â”€â”€â”€â”¼â”€â”€â”€â”¼â”€â”€â”€â”¤
 2 â”‚ â™Ÿ â”‚ â™Ÿ â”‚ â™Ÿ â”‚ â™Ÿ â”‚ â™Ÿ â”‚ â™Ÿ â”‚ â™Ÿ â”‚ â™Ÿ â”‚
   â”œâ”€â”€â”€â”¼â”€â”€â”€â”¼â”€â”€â”€â”¼â”€â”€â”€â”¼â”€â”€â”€â”¼â”€â”€â”€â”¼â”€â”€â”€â”¼â”€â”€â”€â”¤
 1 â”‚ â™œ â”‚   â”‚ â™ â”‚ â™› â”‚ â™š â”‚ â™ â”‚   â”‚ â™œ â”‚
   â””â”€â”€â”€â”´â”€â”€â”€â”´â”€â”€â”€â”´â”€â”€â”€â”´â”€â”€â”€â”´â”€â”€â”€â”´â”€â”€â”€â”´â”€â”€â”€â”˜
     a   b   c   d   e   f   g   h
Opening Book execution time: 0.00235749 seconds.
From opening book
c7c6
[32;1m[Game] [0mPlayer's error code: 0
[32;1m[Game] [0mChecking move validity...
[32;1m[Board] [0mInitializing board...
[32;1m[Board] [0mLoading history file `championship/ashwathama-kean-chess-engine/history.csv`...
[32;1m[Board] [0mLoaded 3 move(s).
[32;1m[Board] [0mLoading move file `championship/ashwathama-kean-chess-engine/move.csv`...
[32;1m[Board] [0mBlack player is playing c7 to c6.
[32;1m[Board] [0m
[32;1m[Board] [0m    a b c d e f g h 
[32;1m[Board] [0m  -------------------
[32;1m[Board] [0m8 ||[30;1mr[0m|[30;1mk[0m|[30;1mb[0m|[30;1mQ[0m|[30;1mK[0m|[30;1mb[0m|[30;1mk[0m|[30;1mr[0m|| 8
[32;1m[Board] [0m  -------------------
[32;1m[Board] [0m7 ||[30;1mp[0m|[30;1mp[0m| |[7;1m [0m|[30;1mp[0m|[30;1mp[0m|[30;1mp[0m|[30;1mp[0m|| 7
[32;1m[Board] [0m  -------------------
[32;1m[Board] [0m6 ||[7;1m [0m| |[30;1mp[0m| |[7;1m [0m| |[7;1m [0m| || 6
[32;1m[Board] [0m  -------------------
[32;1m[Board] [0m5 || |[7;1m [0m| |[30;1mp[0m| |[7;1m [0m| |[7;1m [0m|| 5
[32;1m[Board] [0m  -------------------
[32;1m[Board] [0m4 ||[7;1m [0m| |[7;1m [0m| |[7;1m [0m| |[7;1m [0m| || 4
[32;1m[Board] [0m  -------------------
[32;1m[Board] [0m3 || |[7;1m [0m|[0;1mk[0m|[7;1m [0m| |[0;1mk[0m| |[7;1m [0m|| 3
[32;1m[Board] [0m  -------------------
[32;1m[Board] [0m2 ||[0;1mp[0m|[0;1mp[0m|[0;1mp[0m|[0;1mp[0m|[0;1mp[0m|[0;1mp[0m|[0;1mp[0m|[0;1mp[0m|| 2
[32;1m[Board] [0m  -------------------
[32;1m[Board] [0m1 ||[0;1mr[0m|[7;1m [0m|[0;1mb[0m|[0;1mQ[0m|[0;1mK[0m|[0;1mb[0m| |[0;1mr[0m|| 1
[32;1m[Board] [0m  -------------------
[32;1m[Board] [0m    a b c d e f g h
[32;1m[Board] [0m
[32;1m[Referee] [0mThis is the turn of the White player...
Chess Board after applying moves from: championship/ashwathama-kean-chess-engine/history.csv
Successfully read 4 moves from the file.
     a   b   c   d   e   f   g   h  
   +---+---+---+---+---+---+---+---+
 8 | r | n | b | q | k | b | n | r | 8
   +---+---+---+---+---+---+---+---+
 7 | p | p | . | . | p | p | p | p | 7
   +---+---+---+---+---+---+---+---+
 6 | . | . | p | . | . | . | . | . | 6
   +---+---+---+---+---+---+---+---+
 5 | . | . | . | p | . | . | . | . | 5
   +---+---+---+---+---+---+---+---+
 4 | . | . | . | . | . | . | . | . | 4
   +---+---+---+---+---+---+---+---+
 3 | . | . | N | . | . | N | . | . | 3
   +---+---+---+---+---+---+---+---+
 2 | P | P | P | P | P | P | P | P | 2
   +---+---+---+---+---+---+---+---+
 1 | R | . | B | Q | K | B | . | R | 1
   +---+---+---+---+---+---+---+---+
     a   b   c   d   e   f   g   h  
Running alpha-beta search...
Best move: e2e3
Testing Random Move Generator:
Random move: f3e5
File reset and move written: e2e3
Next move written to: championship/ashwathama-kean-chess-engine/move.csv
[32;1m[Game] [0mPlayer's error code: 0
[32;1m[Game] [0mChecking move validity...
[32;1m[Board] [0mInitializing board...
[32;1m[Board] [0mLoading history file `championship/ashwathama-kean-chess-engine/history.csv`...
[32;1m[Board] [0mLoaded 4 move(s).
[32;1m[Board] [0mLoading move file `championship/ashwathama-kean-chess-engine/move.csv`...
[32;1m[Board] [0mWhite player is playing e2 to e3.
[32;1m[Board] [0m
[32;1m[Board] [0m    a b c d e f g h 
[32;1m[Board] [0m  -------------------
[32;1m[Board] [0m8 ||[30;1mr[0m|[30;1mk[0m|[30;1mb[0m|[30;1mQ[0m|[30;1mK[0m|[30;1mb[0m|[30;1mk[0m|[30;1mr[0m|| 8
[32;1m[Board] [0m  -------------------
[32;1m[Board] [0m7 ||[30;1mp[0m|[30;1mp[0m| |[7;1m [0m|[30;1mp[0m|[30;1mp[0m|[30;1mp[0m|[30;1mp[0m|| 7
[32;1m[Board] [0m  -------------------
[32;1m[Board] [0m6 ||[7;1m [0m| |[30;1mp[0m| |[7;1m [0m| |[7;1m [0m| || 6
[32;1m[Board] [0m  -------------------
[32;1m[Board] [0m5 || |[7;1m [0m| |[30;1mp[0m| |[7;1m [0m| |[7;1m [0m|| 5
[32;1m[Board] [0m  -------------------
[32;1m[Board] [0m4 ||[7;1m [0m| |[7;1m [0m| |[7;1m [0m| |[7;1m [0m| || 4
[32;1m[Board] [0m  -------------------
[32;1m[Board] [0m3 || |[7;1m [0m|[0;1mk[0m|[7;1m [0m|[0;1mp[0m|[0;1mk[0m| |[7;1m [0m|| 3
[32;1m[Board] [0m  -------------------
[32;1m[Board] [0m2 ||[0;1mp[0m|[0;1mp[0m|[0;1mp[0m|[0;1mp[0m|[7;1m [0m|[0;1mp[0m|[0;1mp[0m|[0;1mp[0m|| 2
[32;1m[Board] [0m  -------------------
[32;1m[Board] [0m1 ||[0;1mr[0m|[7;1m [0m|[0;1mb[0m|[0;1mQ[0m|[0;1mK[0m|[0;1mb[0m| |[0;1mr[0m|| 1
[32;1m[Board] [0m  -------------------
[32;1m[Board] [0m    a b c d e f g h
[32;1m[Board] [0m
[32;1m[Referee] [0mThis is the turn of the Black player...
   â”Œâ”€â”€â”€â”¬â”€â”€â”€â”¬â”€â”€â”€â”¬â”€â”€â”€â”¬â”€â”€â”€â”¬â”€â”€â”€â”¬â”€â”€â”€â”¬â”€â”€â”€â”
 8 â”‚ â™– â”‚ â™˜ â”‚ â™— â”‚ â™• â”‚ â™” â”‚ â™— â”‚ â™˜ â”‚ â™– â”‚
   â”œâ”€â”€â”€â”¼â”€â”€â”€â”¼â”€â”€â”€â”¼â”€â”€â”€â”¼â”€â”€â”€â”¼â”€â”€â”€â”¼â”€â”€â”€â”¼â”€â”€â”€â”¤
 7 â”‚ â™™ â”‚ â™™ â”‚   â”‚   â”‚ â™™ â”‚ â™™ â”‚ â™™ â”‚ â™™ â”‚
   â”œâ”€â”€â”€â”¼â”€â”€â”€â”¼â”€â”€â”€â”¼â”€â”€â”€â”¼â”€â”€â”€â”¼â”€â”€â”€â”¼â”€â”€â”€â”¼â”€â”€â”€â”¤
 6 â”‚   â”‚   â”‚ â™™ â”‚   â”‚   â”‚   â”‚   â”‚   â”‚
   â”œâ”€â”€â”€â”¼â”€â”€â”€â”¼â”€â”€â”€â”¼â”€â”€â”€â”¼â”€â”€â”€â”¼â”€â”€â”€â”¼â”€â”€â”€â”¼â”€â”€â”€â”¤
 5 â”‚   â”‚   â”‚   â”‚ â™™ â”‚   â”‚   â”‚   â”‚   â”‚
   â”œâ”€â”€â”€â”¼â”€â”€â”€â”¼â”€â”€â”€â”¼â”€â”€â”€â”¼â”€â”€â”€â”¼â”€â”€â”€â”¼â”€â”€â”€â”¼â”€â”€â”€â”¤
 4 â”‚   â”‚   â”‚   â”‚   â”‚   â”‚   â”‚   â”‚   â”‚
   â”œâ”€â”€â”€â”¼â”€â”€â”€â”¼â”€â”€â”€â”¼â”€â”€â”€â”¼â”€â”€â”€â”¼â”€â”€â”€â”¼â”€â”€â”€â”¼â”€â”€â”€â”¤
 3 â”‚   â”‚   â”‚ â™ â”‚   â”‚ â™Ÿ â”‚ â™ â”‚   â”‚   â”‚
   â”œâ”€â”€â”€â”¼â”€â”€â”€â”¼â”€â”€â”€â”¼â”€â”€â”€â”¼â”€â”€â”€â”¼â”€â”€â”€â”¼â”€â”€â”€â”¼â”€â”€â”€â”¤
 2 â”‚ â™Ÿ â”‚ â™Ÿ â”‚ â™Ÿ â”‚ â™Ÿ â”‚   â”‚ â™Ÿ â”‚ â™Ÿ â”‚ â™Ÿ â”‚
   â”œâ”€â”€â”€â”¼â”€â”€â”€â”¼â”€â”€â”€â”¼â”€â”€â”€â”¼â”€â”€â”€â”¼â”€â”€â”€â”¼â”€â”€â”€â”¼â”€â”€â”€â”¤
 1 â”‚ â™œ â”‚   â”‚ â™ â”‚ â™› â”‚ â™š â”‚ â™ â”‚   â”‚ â™œ â”‚
   â””â”€â”€â”€â”´â”€â”€â”€â”´â”€â”€â”€â”´â”€â”€â”€â”´â”€â”€â”€â”´â”€â”€â”€â”´â”€â”€â”€â”´â”€â”€â”€â”˜
     a   b   c   d   e   f   g   h
Opening Book execution time: 0.0242031 seconds.
No Book Moves Found
Depth: 1 Best move found: e8d7 Evaluation: -193 Nodes searched: 91 (Alpha Beta 3, Quiescence 88)
Aspiration Window Exceeded, Expanding...
Aspiration Window Exceeded, Expanding...
Depth: 2 Best move found: d8d6 Evaluation: 1099 Nodes searched: 328 (Alpha Beta 38, Quiescence 290)
Depth: 3 Best move found: c8g4 Evaluation: -112 Nodes searched: 1611 (Alpha Beta 218, Quiescence 1393)
Depth: 4 Best move found: d8d6 Evaluation: 947 Nodes searched: 3226 (Alpha Beta 415, Quiescence 2811)
Time Elapsed: 9933ms
[32;1m[Game] [0mPlayer's error code: 0
[32;1m[Game] [0mChecking move validity...
[32;1m[Board] [0mInitializing board...
[32;1m[Board] [0mLoading history file `championship/ashwathama-kean-chess-engine/history.csv`...
[32;1m[Board] [0mLoaded 5 move(s).
[32;1m[Board] [0mLoading move file `championship/ashwathama-kean-chess-engine/move.csv`...
[32;1m[Board] [0mBlack player is playing d8 to d6.
[32;1m[Board] [0m
[32;1m[Board] [0m    a b c d e f g h 
[32;1m[Board] [0m  -------------------
[32;1m[Board] [0m8 ||[30;1mr[0m|[30;1mk[0m|[30;1mb[0m| |[30;1mK[0m|[30;1mb[0m|[30;1mk[0m|[30;1mr[0m|| 8
[32;1m[Board] [0m  -------------------
[32;1m[Board] [0m7 ||[30;1mp[0m|[30;1mp[0m| |[7;1m [0m|[30;1mp[0m|[30;1mp[0m|[30;1mp[0m|[30;1mp[0m|| 7
[32;1m[Board] [0m  -------------------
[32;1m[Board] [0m6 ||[7;1m [0m| |[30;1mp[0m|[30;1mQ[0m|[7;1m [0m| |[7;1m [0m| || 6
[32;1m[Board] [0m  -------------------
[32;1m[Board] [0m5 || |[7;1m [0m| |[30;1mp[0m| |[7;1m [0m| |[7;1m [0m|| 5
[32;1m[Board] [0m  -------------------
[32;1m[Board] [0m4 ||[7;1m [0m| |[7;1m [0m| |[7;1m [0m| |[7;1m [0m| || 4
[32;1m[Board] [0m  -------------------
[32;1m[Board] [0m3 || |[7;1m [0m|[0;1mk[0m|[7;1m [0m|[0;1mp[0m|[0;1mk[0m| |[7;1m [0m|| 3
[32;1m[Board] [0m  -------------------
[32;1m[Board] [0m2 ||[0;1mp[0m|[0;1mp[0m|[0;1mp[0m|[0;1mp[0m|[7;1m [0m|[0;1mp[0m|[0;1mp[0m|[0;1mp[0m|| 2
[32;1m[Board] [0m  -------------------
[32;1m[Board] [0m1 ||[0;1mr[0m|[7;1m [0m|[0;1mb[0m|[0;1mQ[0m|[0;1mK[0m|[0;1mb[0m| |[0;1mr[0m|| 1
[32;1m[Board] [0m  -------------------
[32;1m[Board] [0m    a b c d e f g h
[32;1m[Board] [0m
[32;1m[Referee] [0mThis is the turn of the White player...
Chess Board after applying moves from: championship/ashwathama-kean-chess-engine/history.csv
Successfully read 6 moves from the file.
     a   b   c   d   e   f   g   h  
   +---+---+---+---+---+---+---+---+
 8 | r | n | b | . | k | b | n | r | 8
   +---+---+---+---+---+---+---+---+
 7 | p | p | . | . | p | p | p | p | 7
   +---+---+---+---+---+---+---+---+
 6 | . | . | p | q | . | . | . | . | 6
   +---+---+---+---+---+---+---+---+
 5 | . | . | . | p | . | . | . | . | 5
   +---+---+---+---+---+---+---+---+
 4 | . | . | . | . | . | . | . | . | 4
   +---+---+---+---+---+---+---+---+
 3 | . | . | N | . | P | N | . | . | 3
   +---+---+---+---+---+---+---+---+
 2 | P | P | P | P | . | P | P | P | 2
   +---+---+---+---+---+---+---+---+
 1 | R | . | B | Q | K | B | . | R | 1
   +---+---+---+---+---+---+---+---+
     a   b   c   d   e   f   g   h  
Running alpha-beta search...
Best move: f1d3
Testing Random Move Generator:
Random move: b2b3
File reset and move written: f1d3
Next move written to: championship/ashwathama-kean-chess-engine/move.csv
[32;1m[Game] [0mPlayer's error code: 0
[32;1m[Game] [0mChecking move validity...
[32;1m[Board] [0mInitializing board...
[32;1m[Board] [0mLoading history file `championship/ashwathama-kean-chess-engine/history.csv`...
[32;1m[Board] [0mLoaded 6 move(s).
[32;1m[Board] [0mLoading move file `championship/ashwathama-kean-chess-engine/move.csv`...
[32;1m[Board] [0mWhite player is playing f1 to d3.
[32;1m[Board] [0m
[32;1m[Board] [0m    a b c d e f g h 
[32;1m[Board] [0m  -------------------
[32;1m[Board] [0m8 ||[30;1mr[0m|[30;1mk[0m|[30;1mb[0m| |[30;1mK[0m|[30;1mb[0m|[30;1mk[0m|[30;1mr[0m|| 8
[32;1m[Board] [0m  -------------------
[32;1m[Board] [0m7 ||[30;1mp[0m|[30;1mp[0m| |[7;1m [0m|[30;1mp[0m|[30;1mp[0m|[30;1mp[0m|[30;1mp[0m|| 7
[32;1m[Board] [0m  -------------------
[32;1m[Board] [0m6 ||[7;1m [0m| |[30;1mp[0m|[30;1mQ[0m|[7;1m [0m| |[7;1m [0m| || 6
[32;1m[Board] [0m  -------------------
[32;1m[Board] [0m5 || |[7;1m [0m| |[30;1mp[0m| |[7;1m [0m| |[7;1m [0m|| 5
[32;1m[Board] [0m  -------------------
[32;1m[Board] [0m4 ||[7;1m [0m| |[7;1m [0m| |[7;1m [0m| |[7;1m [0m| || 4
[32;1m[Board] [0m  -------------------
[32;1m[Board] [0m3 || |[7;1m [0m|[0;1mk[0m|[0;1mb[0m|[0;1mp[0m|[0;1mk[0m| |[7;1m [0m|| 3
[32;1m[Board] [0m  -------------------
[32;1m[Board] [0m2 ||[0;1mp[0m|[0;1mp[0m|[0;1mp[0m|[0;1mp[0m|[7;1m [0m|[0;1mp[0m|[0;1mp[0m|[0;1mp[0m|| 2
[32;1m[Board] [0m  -------------------
[32;1m[Board] [0m1 ||[0;1mr[0m|[7;1m [0m|[0;1mb[0m|[0;1mQ[0m|[0;1mK[0m|[7;1m [0m| |[0;1mr[0m|| 1
[32;1m[Board] [0m  -------------------
[32;1m[Board] [0m    a b c d e f g h
[32;1m[Board] [0m
[32;1m[Referee] [0mThis is the turn of the Black player...
   â”Œâ”€â”€â”€â”¬â”€â”€â”€â”¬â”€â”€â”€â”¬â”€â”€â”€â”¬â”€â”€â”€â”¬â”€â”€â”€â”¬â”€â”€â”€â”¬â”€â”€â”€â”
 8 â”‚ â™– â”‚ â™˜ â”‚ â™— â”‚   â”‚ â™” â”‚ â™— â”‚ â™˜ â”‚ â™– â”‚
   â”œâ”€â”€â”€â”¼â”€â”€â”€â”¼â”€â”€â”€â”¼â”€â”€â”€â”¼â”€â”€â”€â”¼â”€â”€â”€â”¼â”€â”€â”€â”¼â”€â”€â”€â”¤
 7 â”‚ â™™ â”‚ â™™ â”‚   â”‚   â”‚ â™™ â”‚ â™™ â”‚ â™™ â”‚ â™™ â”‚
   â”œâ”€â”€â”€â”¼â”€â”€â”€â”¼â”€â”€â”€â”¼â”€â”€â”€â”¼â”€â”€â”€â”¼â”€â”€â”€â”¼â”€â”€â”€â”¼â”€â”€â”€â”¤
 6 â”‚   â”‚   â”‚ â™™ â”‚ â™• â”‚   â”‚   â”‚   â”‚   â”‚
   â”œâ”€â”€â”€â”¼â”€â”€â”€â”¼â”€â”€â”€â”¼â”€â”€â”€â”¼â”€â”€â”€â”¼â”€â”€â”€â”¼â”€â”€â”€â”¼â”€â”€â”€â”¤
 5 â”‚   â”‚   â”‚   â”‚ â™™ â”‚   â”‚   â”‚   â”‚   â”‚
   â”œâ”€â”€â”€â”¼â”€â”€â”€â”¼â”€â”€â”€â”¼â”€â”€â”€â”¼â”€â”€â”€â”¼â”€â”€â”€â”¼â”€â”€â”€â”¼â”€â”€â”€â”¤
 4 â”‚   â”‚   â”‚   â”‚   â”‚   â”‚   â”‚   â”‚   â”‚
   â”œâ”€â”€â”€â”¼â”€â”€â”€â”¼â”€â”€â”€â”¼â”€â”€â”€â”¼â”€â”€â”€â”¼â”€â”€â”€â”¼â”€â”€â”€â”¼â”€â”€â”€â”¤
 3 â”‚   â”‚   â”‚ â™ â”‚ â™ â”‚ â™Ÿ â”‚ â™ â”‚   â”‚   â”‚
   â”œâ”€â”€â”€â”¼â”€â”€â”€â”¼â”€â”€â”€â”¼â”€â”€â”€â”¼â”€â”€â”€â”¼â”€â”€â”€â”¼â”€â”€â”€â”¼â”€â”€â”€â”¤
 2 â”‚ â™Ÿ â”‚ â™Ÿ â”‚ â™Ÿ â”‚ â™Ÿ â”‚   â”‚ â™Ÿ â”‚ â™Ÿ â”‚ â™Ÿ â”‚
   â”œâ”€â”€â”€â”¼â”€â”€â”€â”¼â”€â”€â”€â”¼â”€â”€â”€â”¼â”€â”€â”€â”¼â”€â”€â”€â”¼â”€â”€â”€â”¼â”€â”€â”€â”¤
 1 â”‚ â™œ â”‚   â”‚ â™ â”‚ â™› â”‚ â™š â”‚   â”‚   â”‚ â™œ â”‚
   â””â”€â”€â”€â”´â”€â”€â”€â”´â”€â”€â”€â”´â”€â”€â”€â”´â”€â”€â”€â”´â”€â”€â”€â”´â”€â”€â”€â”´â”€â”€â”€â”˜
     a   b   c   d   e   f   g   h
Opening Book execution time: 0.0250737 seconds.
No Book Moves Found
Depth: 1 Best move found: e8d8 Evaluation: -302 Nodes searched: 164 (Alpha Beta 4, Quiescence 160)
Aspiration Window Exceeded, Expanding...
Depth: 2 Best move found: b8a6 Evaluation: 1131 Nodes searched: 539 (Alpha Beta 47, Quiescence 492)
Depth: 3 Best move found: d6f6 Evaluation: 7 Nodes searched: 2565 (Alpha Beta 392, Quiescence 2173)
Depth: 4 Best move found: b8a6 Evaluation: 916 Nodes searched: 3754 (Alpha Beta 411, Quiescence 3343)
Time Elapsed: 9923ms
[32;1m[Game] [0mPlayer's error code: 0
[32;1m[Game] [0mChecking move validity...
[32;1m[Board] [0mInitializing board...
[32;1m[Board] [0mLoading history file `championship/ashwathama-kean-chess-engine/history.csv`...
[32;1m[Board] [0mLoaded 7 move(s).
[32;1m[Board] [0mLoading move file `championship/ashwathama-kean-chess-engine/move.csv`...
[32;1m[Board] [0mBlack player is playing b8 to a6.
[32;1m[Board] [0m
[32;1m[Board] [0m    a b c d e f g h 
[32;1m[Board] [0m  -------------------
[32;1m[Board] [0m8 ||[30;1mr[0m| |[30;1mb[0m| |[30;1mK[0m|[30;1mb[0m|[30;1mk[0m|[30;1mr[0m|| 8
[32;1m[Board] [0m  -------------------
[32;1m[Board] [0m7 ||[30;1mp[0m|[30;1mp[0m| |[7;1m [0m|[30;1mp[0m|[30;1mp[0m|[30;1mp[0m|[30;1mp[0m|| 7
[32;1m[Board] [0m  -------------------
[32;1m[Board] [0m6 ||[30;1mk[0m| |[30;1mp[0m|[30;1mQ[0m|[7;1m [0m| |[7;1m [0m| || 6
[32;1m[Board] [0m  -------------------
[32;1m[Board] [0m5 || |[7;1m [0m| |[30;1mp[0m| |[7;1m [0m| |[7;1m [0m|| 5
[32;1m[Board] [0m  -------------------
[32;1m[Board] [0m4 ||[7;1m [0m| |[7;1m [0m| |[7;1m [0m| |[7;1m [0m| || 4
[32;1m[Board] [0m  -------------------
[32;1m[Board] [0m3 || |[7;1m [0m|[0;1mk[0m|[0;1mb[0m|[0;1mp[0m|[0;1mk[0m| |[7;1m [0m|| 3
[32;1m[Board] [0m  -------------------
[32;1m[Board] [0m2 ||[0;1mp[0m|[0;1mp[0m|[0;1mp[0m|[0;1mp[0m|[7;1m [0m|[0;1mp[0m|[0;1mp[0m|[0;1mp[0m|| 2
[32;1m[Board] [0m  -------------------
[32;1m[Board] [0m1 ||[0;1mr[0m|[7;1m [0m|[0;1mb[0m|[0;1mQ[0m|[0;1mK[0m|[7;1m [0m| |[0;1mr[0m|| 1
[32;1m[Board] [0m  -------------------
[32;1m[Board] [0m    a b c d e f g h
[32;1m[Board] [0m
[32;1m[Referee] [0mThis is the turn of the White player...
Chess Board after applying moves from: championship/ashwathama-kean-chess-engine/history.csv
Successfully read 8 moves from the file.
     a   b   c   d   e   f   g   h  
   +---+---+---+---+---+---+---+---+
 8 | r | . | b | . | k | b | n | r | 8
   +---+---+---+---+---+---+---+---+
 7 | p | p | . | . | p | p | p | p | 7
   +---+---+---+---+---+---+---+---+
 6 | n | . | p | q | . | . | . | . | 6
   +---+---+---+---+---+---+---+---+
 5 | . | . | . | p | . | . | . | . | 5
   +---+---+---+---+---+---+---+---+
 4 | . | . | . | . | . | . | . | . | 4
   +---+---+---+---+---+---+---+---+
 3 | . | . | N | B | P | N | . | . | 3
   +---+---+---+---+---+---+---+---+
 2 | P | P | P | P | . | P | P | P | 2
   +---+---+---+---+---+---+---+---+
 1 | R | . | B | Q | K | . | . | R | 1
   +---+---+---+---+---+---+---+---+
     a   b   c   d   e   f   g   h  
Running alpha-beta search...
Best move: e3e4
Testing Random Move Generator:
Random move: g2g4
File reset and move written: e3e4
Next move written to: championship/ashwathama-kean-chess-engine/move.csv
[32;1m[Game] [0mPlayer's error code: 0
[32;1m[Game] [0mChecking move validity...
[32;1m[Board] [0mInitializing board...
[32;1m[Board] [0mLoading history file `championship/ashwathama-kean-chess-engine/history.csv`...
[32;1m[Board] [0mLoaded 8 move(s).
[32;1m[Board] [0mLoading move file `championship/ashwathama-kean-chess-engine/move.csv`...
[32;1m[Board] [0mWhite player is playing e3 to e4.
[32;1m[Board] [0m
[32;1m[Board] [0m    a b c d e f g h 
[32;1m[Board] [0m  -------------------
[32;1m[Board] [0m8 ||[30;1mr[0m| |[30;1mb[0m| |[30;1mK[0m|[30;1mb[0m|[30;1mk[0m|[30;1mr[0m|| 8
[32;1m[Board] [0m  -------------------
[32;1m[Board] [0m7 ||[30;1mp[0m|[30;1mp[0m| |[7;1m [0m|[30;1mp[0m|[30;1mp[0m|[30;1mp[0m|[30;1mp[0m|| 7
[32;1m[Board] [0m  -------------------
[32;1m[Board] [0m6 ||[30;1mk[0m| |[30;1mp[0m|[30;1mQ[0m|[7;1m [0m| |[7;1m [0m| || 6
[32;1m[Board] [0m  -------------------
[32;1m[Board] [0m5 || |[7;1m [0m| |[30;1mp[0m| |[7;1m [0m| |[7;1m [0m|| 5
[32;1m[Board] [0m  -------------------
[32;1m[Board] [0m4 ||[7;1m [0m| |[7;1m [0m| |[0;1mp[0m| |[7;1m [0m| || 4
[32;1m[Board] [0m  -------------------
[32;1m[Board] [0m3 || |[7;1m [0m|[0;1mk[0m|[0;1mb[0m| |[0;1mk[0m| |[7;1m [0m|| 3
[32;1m[Board] [0m  -------------------
[32;1m[Board] [0m2 ||[0;1mp[0m|[0;1mp[0m|[0;1mp[0m|[0;1mp[0m|[7;1m [0m|[0;1mp[0m|[0;1mp[0m|[0;1mp[0m|| 2
[32;1m[Board] [0m  -------------------
[32;1m[Board] [0m1 ||[0;1mr[0m|[7;1m [0m|[0;1mb[0m|[0;1mQ[0m|[0;1mK[0m|[7;1m [0m| |[0;1mr[0m|| 1
[32;1m[Board] [0m  -------------------
[32;1m[Board] [0m    a b c d e f g h
[32;1m[Board] [0m
[32;1m[Referee] [0mThis is the turn of the Black player...
   â”Œâ”€â”€â”€â”¬â”€â”€â”€â”¬â”€â”€â”€â”¬â”€â”€â”€â”¬â”€â”€â”€â”¬â”€â”€â”€â”¬â”€â”€â”€â”¬â”€â”€â”€â”
 8 â”‚ â™– â”‚   â”‚ â™— â”‚   â”‚ â™” â”‚ â™— â”‚ â™˜ â”‚ â™– â”‚
   â”œâ”€â”€â”€â”¼â”€â”€â”€â”¼â”€â”€â”€â”¼â”€â”€â”€â”¼â”€â”€â”€â”¼â”€â”€â”€â”¼â”€â”€â”€â”¼â”€â”€â”€â”¤
 7 â”‚ â™™ â”‚ â™™ â”‚   â”‚   â”‚ â™™ â”‚ â™™ â”‚ â™™ â”‚ â™™ â”‚
   â”œâ”€â”€â”€â”¼â”€â”€â”€â”¼â”€â”€â”€â”¼â”€â”€â”€â”¼â”€â”€â”€â”¼â”€â”€â”€â”¼â”€â”€â”€â”¼â”€â”€â”€â”¤
 6 â”‚ â™˜ â”‚   â”‚ â™™ â”‚ â™• â”‚   â”‚   â”‚   â”‚   â”‚
   â”œâ”€â”€â”€â”¼â”€â”€â”€â”¼â”€â”€â”€â”¼â”€â”€â”€â”¼â”€â”€â”€â”¼â”€â”€â”€â”¼â”€â”€â”€â”¼â”€â”€â”€â”¤
 5 â”‚   â”‚   â”‚   â”‚ â™™ â”‚   â”‚   â”‚   â”‚   â”‚
   â”œâ”€â”€â”€â”¼â”€â”€â”€â”¼â”€â”€â”€â”¼â”€â”€â”€â”¼â”€â”€â”€â”¼â”€â”€â”€â”¼â”€â”€â”€â”¼â”€â”€â”€â”¤
 4 â”‚   â”‚   â”‚   â”‚   â”‚ â™Ÿ â”‚   â”‚   â”‚   â”‚
   â”œâ”€â”€â”€â”¼â”€â”€â”€â”¼â”€â”€â”€â”¼â”€â”€â”€â”¼â”€â”€â”€â”¼â”€â”€â”€â”¼â”€â”€â”€â”¼â”€â”€â”€â”¤
 3 â”‚   â”‚   â”‚ â™ â”‚ â™ â”‚   â”‚ â™ â”‚   â”‚   â”‚
   â”œâ”€â”€â”€â”¼â”€â”€â”€â”¼â”€â”€â”€â”¼â”€â”€â”€â”¼â”€â”€â”€â”¼â”€â”€â”€â”¼â”€â”€â”€â”¼â”€â”€â”€â”¤
 2 â”‚ â™Ÿ â”‚ â™Ÿ â”‚ â™Ÿ â”‚ â™Ÿ â”‚   â”‚ â™Ÿ â”‚ â™Ÿ â”‚ â™Ÿ â”‚
   â”œâ”€â”€â”€â”¼â”€â”€â”€â”¼â”€â”€â”€â”¼â”€â”€â”€â”¼â”€â”€â”€â”¼â”€â”€â”€â”¼â”€â”€â”€â”¼â”€â”€â”€â”¤
 1 â”‚ â™œ â”‚   â”‚ â™ â”‚ â™› â”‚ â™š â”‚   â”‚   â”‚ â™œ â”‚
   â””â”€â”€â”€â”´â”€â”€â”€â”´â”€â”€â”€â”´â”€â”€â”€â”´â”€â”€â”€â”´â”€â”€â”€â”´â”€â”€â”€â”´â”€â”€â”€â”˜
     a   b   c   d   e   f   g   h
Opening Book execution time: 0.0358803 seconds.
No Book Moves Found
Depth: 1 Best move found: e8d8 Evaluation: -197 Nodes searched: 130 (Alpha Beta 3, Quiescence 127)
Aspiration Window Exceeded, Expanding...
Aspiration Window Exceeded, Expanding...
Depth: 2 Best move found: d5e4 Evaluation: 1359 Nodes searched: 188 (Alpha Beta 47, Quiescence 141)
Depth: 3 Best move found: d6f4 Evaluation: 86 Nodes searched: 2555 (Alpha Beta 223, Quiescence 2332)
Depth: 4 Best move found: d5e4 Evaluation: 974 Nodes searched: 3176 (Alpha Beta 288, Quiescence 2888)
Time Elapsed: 9928ms
[32;1m[Game] [0mPlayer's error code: 0
[32;1m[Game] [0mChecking move validity...
[32;1m[Board] [0mInitializing board...
[32;1m[Board] [0mLoading history file `championship/ashwathama-kean-chess-engine/history.csv`...
[32;1m[Board] [0mLoaded 9 move(s).
[32;1m[Board] [0mLoading move file `championship/ashwathama-kean-chess-engine/move.csv`...
[32;1m[Board] [0mBlack player is playing d5 to e4.
[32;1m[Board] [0m[5;1mBlack Pawn is taking White Pawn.[0m
[32;1m[Board] [0m
[32;1m[Board] [0m    a b c d e f g h 
[32;1m[Board] [0m  -------------------
[32;1m[Board] [0m8 ||[30;1mr[0m| |[30;1mb[0m| |[30;1mK[0m|[30;1mb[0m|[30;1mk[0m|[30;1mr[0m|| 8
[32;1m[Board] [0m  -------------------
[32;1m[Board] [0m7 ||[30;1mp[0m|[30;1mp[0m| |[7;1m [0m|[30;1mp[0m|[30;1mp[0m|[30;1mp[0m|[30;1mp[0m|| 7
[32;1m[Board] [0m  -------------------
[32;1m[Board] [0m6 ||[30;1mk[0m| |[30;1mp[0m|[30;1mQ[0m|[7;1m [0m| |[7;1m [0m| || 6
[32;1m[Board] [0m  -------------------
[32;1m[Board] [0m5 || |[7;1m [0m| |[7;1m [0m| |[7;1m [0m| |[7;1m [0m|| 5
[32;1m[Board] [0m  -------------------
[32;1m[Board] [0m4 ||[7;1m [0m| |[7;1m [0m| |[30;1mp[0m| |[7;1m [0m| || 4
[32;1m[Board] [0m  -------------------
[32;1m[Board] [0m3 || |[7;1m [0m|[0;1mk[0m|[0;1mb[0m| |[0;1mk[0m| |[7;1m [0m|| 3
[32;1m[Board] [0m  -------------------
[32;1m[Board] [0m2 ||[0;1mp[0m|[0;1mp[0m|[0;1mp[0m|[0;1mp[0m|[7;1m [0m|[0;1mp[0m|[0;1mp[0m|[0;1mp[0m|| 2
[32;1m[Board] [0m  -------------------
[32;1m[Board] [0m1 ||[0;1mr[0m|[7;1m [0m|[0;1mb[0m|[0;1mQ[0m|[0;1mK[0m|[7;1m [0m| |[0;1mr[0m|| 1
[32;1m[Board] [0m  -------------------
[32;1m[Board] [0m    a b c d e f g h
[32;1m[Board] [0m
[32;1m[Referee] [0mThis is the turn of the White player...
Chess Board after applying moves from: championship/ashwathama-kean-chess-engine/history.csv
Successfully read 10 moves from the file.
     a   b   c   d   e   f   g   h  
   +---+---+---+---+---+---+---+---+
 8 | r | . | b | . | k | b | n | r | 8
   +---+---+---+---+---+---+---+---+
 7 | p | p | . | . | p | p | p | p | 7
   +---+---+---+---+---+---+---+---+
 6 | n | . | p | q | . | . | . | . | 6
   +---+---+---+---+---+---+---+---+
 5 | . | . | . | . | . | . | . | . | 5
   +---+---+---+---+---+---+---+---+
 4 | . | . | . | . | p | . | . | . | 4
   +---+---+---+---+---+---+---+---+
 3 | . | . | N | B | . | N | . | . | 3
   +---+---+---+---+---+---+---+---+
 2 | P | P | P | P | . | P | P | P | 2
   +---+---+---+---+---+---+---+---+
 1 | R | . | B | Q | K | . | . | R | 1
   +---+---+---+---+---+---+---+---+
     a   b   c   d   e   f   g   h  
Running alpha-beta search...
Best move: c3e4
Testing Random Move Generator:
Random move: c3e2
File reset and move written: c3e4
Next move written to: championship/ashwathama-kean-chess-engine/move.csv
[32;1m[Game] [0mPlayer's error code: 0
[32;1m[Game] [0mChecking move validity...
[32;1m[Board] [0mInitializing board...
[32;1m[Board] [0mLoading history file `championship/ashwathama-kean-chess-engine/history.csv`...
[32;1m[Board] [0mLoaded 10 move(s).
[32;1m[Board] [0mLoading move file `championship/ashwathama-kean-chess-engine/move.csv`...
[32;1m[Board] [0mWhite player is playing c3 to e4.
[32;1m[Board] [0m[5;1mWhite Knight is taking Black Pawn.[0m
[32;1m[Board] [0m
[32;1m[Board] [0m    a b c d e f g h 
[32;1m[Board] [0m  -------------------
[32;1m[Board] [0m8 ||[30;1mr[0m| |[30;1mb[0m| |[30;1mK[0m|[30;1mb[0m|[30;1mk[0m|[30;1mr[0m|| 8
[32;1m[Board] [0m  -------------------
[32;1m[Board] [0m7 ||[30;1mp[0m|[30;1mp[0m| |[7;1m [0m|[30;1mp[0m|[30;1mp[0m|[30;1mp[0m|[30;1mp[0m|| 7
[32;1m[Board] [0m  -------------------
[32;1m[Board] [0m6 ||[30;1mk[0m| |[30;1mp[0m|[30;1mQ[0m|[7;1m [0m| |[7;1m [0m| || 6
[32;1m[Board] [0m  -------------------
[32;1m[Board] [0m5 || |[7;1m [0m| |[7;1m [0m| |[7;1m [0m| |[7;1m [0m|| 5
[32;1m[Board] [0m  -------------------
[32;1m[Board] [0m4 ||[7;1m [0m| |[7;1m [0m| |[0;1mk[0m| |[7;1m [0m| || 4
[32;1m[Board] [0m  -------------------
[32;1m[Board] [0m3 || |[7;1m [0m| |[0;1mb[0m| |[0;1mk[0m| |[7;1m [0m|| 3
[32;1m[Board] [0m  -------------------
[32;1m[Board] [0m2 ||[0;1mp[0m|[0;1mp[0m|[0;1mp[0m|[0;1mp[0m|[7;1m [0m|[0;1mp[0m|[0;1mp[0m|[0;1mp[0m|| 2
[32;1m[Board] [0m  -------------------
[32;1m[Board] [0m1 ||[0;1mr[0m|[7;1m [0m|[0;1mb[0m|[0;1mQ[0m|[0;1mK[0m|[7;1m [0m| |[0;1mr[0m|| 1
[32;1m[Board] [0m  -------------------
[32;1m[Board] [0m    a b c d e f g h
[32;1m[Board] [0m
[32;1m[Referee] [0mThis is the turn of the Black player...
   â”Œâ”€â”€â”€â”¬â”€â”€â”€â”¬â”€â”€â”€â”¬â”€â”€â”€â”¬â”€â”€â”€â”¬â”€â”€â”€â”¬â”€â”€â”€â”¬â”€â”€â”€â”
 8 â”‚ â™– â”‚   â”‚ â™— â”‚   â”‚ â™” â”‚ â™— â”‚ â™˜ â”‚ â™– â”‚
   â”œâ”€â”€â”€â”¼â”€â”€â”€â”¼â”€â”€â”€â”¼â”€â”€â”€â”¼â”€â”€â”€â”¼â”€â”€â”€â”¼â”€â”€â”€â”¼â”€â”€â”€â”¤
 7 â”‚ â™™ â”‚ â™™ â”‚   â”‚   â”‚ â™™ â”‚ â™™ â”‚ â™™ â”‚ â™™ â”‚
   â”œâ”€â”€â”€â”¼â”€â”€â”€â”¼â”€â”€â”€â”¼â”€â”€â”€â”¼â”€â”€â”€â”¼â”€â”€â”€â”¼â”€â”€â”€â”¼â”€â”€â”€â”¤
 6 â”‚ â™˜ â”‚   â”‚ â™™ â”‚ â™• â”‚   â”‚   â”‚   â”‚   â”‚
   â”œâ”€â”€â”€â”¼â”€â”€â”€â”¼â”€â”€â”€â”¼â”€â”€â”€â”¼â”€â”€â”€â”¼â”€â”€â”€â”¼â”€â”€â”€â”¼â”€â”€â”€â”¤
 5 â”‚   â”‚   â”‚   â”‚   â”‚   â”‚   â”‚   â”‚   â”‚
   â”œâ”€â”€â”€â”¼â”€â”€â”€â”¼â”€â”€â”€â”¼â”€â”€â”€â”¼â”€â”€â”€â”¼â”€â”€â”€â”¼â”€â”€â”€â”¼â”€â”€â”€â”¤
 4 â”‚   â”‚   â”‚   â”‚   â”‚ â™ â”‚   â”‚   â”‚   â”‚
   â”œâ”€â”€â”€â”¼â”€â”€â”€â”¼â”€â”€â”€â”¼â”€â”€â”€â”¼â”€â”€â”€â”¼â”€â”€â”€â”¼â”€â”€â”€â”¼â”€â”€â”€â”¤
 3 â”‚   â”‚   â”‚   â”‚ â™ â”‚   â”‚ â™ â”‚   â”‚   â”‚
   â”œâ”€â”€â”€â”¼â”€â”€â”€â”¼â”€â”€â”€â”¼â”€â”€â”€â”¼â”€â”€â”€â”¼â”€â”€â”€â”¼â”€â”€â”€â”¼â”€â”€â”€â”¤
 2 â”‚ â™Ÿ â”‚ â™Ÿ â”‚ â™Ÿ â”‚ â™Ÿ â”‚   â”‚ â™Ÿ â”‚ â™Ÿ â”‚ â™Ÿ â”‚
   â”œâ”€â”€â”€â”¼â”€â”€â”€â”¼â”€â”€â”€â”¼â”€â”€â”€â”¼â”€â”€â”€â”¼â”€â”€â”€â”¼â”€â”€â”€â”¼â”€â”€â”€â”¤
 1 â”‚ â™œ â”‚   â”‚ â™ â”‚ â™› â”‚ â™š â”‚   â”‚   â”‚ â™œ â”‚
   â””â”€â”€â”€â”´â”€â”€â”€â”´â”€â”€â”€â”´â”€â”€â”€â”´â”€â”€â”€â”´â”€â”€â”€â”´â”€â”€â”€â”´â”€â”€â”€â”˜
     a   b   c   d   e   f   g   h
Opening Book execution time: 0.0263524 seconds.
No Book Moves Found
Aspiration Window Exceeded, Expanding...
Aspiration Window Exceeded, Expanding...
Depth: 1 Best move found: d6d3 Evaluation: 206 Nodes searched: 48 (Alpha Beta 4, Quiescence 44)
Aspiration Window Exceeded, Expanding...
Depth: 2 Best move found: d6e6 Evaluation: 974 Nodes searched: 218 (Alpha Beta 49, Quiescence 169)
Depth: 3 Best move found: d6g6 Evaluation: 117 Nodes searched: 1279 (Alpha Beta 288, Quiescence 991)
Depth: 4 Best move found: d6e6 Evaluation: 926 Nodes searched: 4126 (Alpha Beta 451, Quiescence 3675)
Time Elapsed: 9957ms
[32;1m[Game] [0mPlayer's error code: 0
[32;1m[Game] [0mChecking move validity...
[32;1m[Board] [0mInitializing board...
[32;1m[Board] [0mLoading history file `championship/ashwathama-kean-chess-engine/history.csv`...
[32;1m[Board] [0mLoaded 11 move(s).
[32;1m[Board] [0mLoading move file `championship/ashwathama-kean-chess-engine/move.csv`...
[32;1m[Board] [0mBlack player is playing d6 to e6.
[32;1m[Board] [0m
[32;1m[Board] [0m    a b c d e f g h 
[32;1m[Board] [0m  -------------------
[32;1m[Board] [0m8 ||[30;1mr[0m| |[30;1mb[0m| |[30;1mK[0m|[30;1mb[0m|[30;1mk[0m|[30;1mr[0m|| 8
[32;1m[Board] [0m  -------------------
[32;1m[Board] [0m7 ||[30;1mp[0m|[30;1mp[0m| |[7;1m [0m|[30;1mp[0m|[30;1mp[0m|[30;1mp[0m|[30;1mp[0m|| 7
[32;1m[Board] [0m  -------------------
[32;1m[Board] [0m6 ||[30;1mk[0m| |[30;1mp[0m| |[30;1mQ[0m| |[7;1m [0m| || 6
[32;1m[Board] [0m  -------------------
[32;1m[Board] [0m5 || |[7;1m [0m| |[7;1m [0m| |[7;1m [0m| |[7;1m [0m|| 5
[32;1m[Board] [0m  -------------------
[32;1m[Board] [0m4 ||[7;1m [0m| |[7;1m [0m| |[0;1mk[0m| |[7;1m [0m| || 4
[32;1m[Board] [0m  -------------------
[32;1m[Board] [0m3 || |[7;1m [0m| |[0;1mb[0m| |[0;1mk[0m| |[7;1m [0m|| 3
[32;1m[Board] [0m  -------------------
[32;1m[Board] [0m2 ||[0;1mp[0m|[0;1mp[0m|[0;1mp[0m|[0;1mp[0m|[7;1m [0m|[0;1mp[0m|[0;1mp[0m|[0;1mp[0m|| 2
[32;1m[Board] [0m  -------------------
[32;1m[Board] [0m1 ||[0;1mr[0m|[7;1m [0m|[0;1mb[0m|[0;1mQ[0m|[0;1mK[0m|[7;1m [0m| |[0;1mr[0m|| 1
[32;1m[Board] [0m  -------------------
[32;1m[Board] [0m    a b c d e f g h
[32;1m[Board] [0m
[32;1m[Referee] [0mThis is the turn of the White player...
Chess Board after applying moves from: championship/ashwathama-kean-chess-engine/history.csv
Successfully read 12 moves from the file.
     a   b   c   d   e   f   g   h  
   +---+---+---+---+---+---+---+---+
 8 | r | . | b | . | k | b | n | r | 8
   +---+---+---+---+---+---+---+---+
 7 | p | p | . | . | p | p | p | p | 7
   +---+---+---+---+---+---+---+---+
 6 | n | . | p | . | q | . | . | . | 6
   +---+---+---+---+---+---+---+---+
 5 | . | . | . | . | . | . | . | . | 5
   +---+---+---+---+---+---+---+---+
 4 | . | . | . | . | N | . | . | . | 4
   +---+---+---+---+---+---+---+---+
 3 | . | . | . | B | . | N | . | . | 3
   +---+---+---+---+---+---+---+---+
 2 | P | P | P | P | . | P | P | P | 2
   +---+---+---+---+---+---+---+---+
 1 | R | . | B | Q | K | . | . | R | 1
   +---+---+---+---+---+---+---+---+
     a   b   c   d   e   f   g   h  
Running alpha-beta search...
Best move: f3d4
Testing Random Move Generator:
Random move: d3a6
File reset and move written: f3d4
Next move written to: championship/ashwathama-kean-chess-engine/move.csv
[32;1m[Game] [0mPlayer's error code: 0
[32;1m[Game] [0mChecking move validity...
[32;1m[Board] [0mInitializing board...
[32;1m[Board] [0mLoading history file `championship/ashwathama-kean-chess-engine/history.csv`...
[32;1m[Board] [0mLoaded 12 move(s).
[32;1m[Board] [0mLoading move file `championship/ashwathama-kean-chess-engine/move.csv`...
[32;1m[Board] [0mWhite player is playing f3 to d4.
[32;1m[Board] [0m
[32;1m[Board] [0m    a b c d e f g h 
[32;1m[Board] [0m  -------------------
[32;1m[Board] [0m8 ||[30;1mr[0m| |[30;1mb[0m| |[30;1mK[0m|[30;1mb[0m|[30;1mk[0m|[30;1mr[0m|| 8
[32;1m[Board] [0m  -------------------
[32;1m[Board] [0m7 ||[30;1mp[0m|[30;1mp[0m| |[7;1m [0m|[30;1mp[0m|[30;1mp[0m|[30;1mp[0m|[30;1mp[0m|| 7
[32;1m[Board] [0m  -------------------
[32;1m[Board] [0m6 ||[30;1mk[0m| |[30;1mp[0m| |[30;1mQ[0m| |[7;1m [0m| || 6
[32;1m[Board] [0m  -------------------
[32;1m[Board] [0m5 || |[7;1m [0m| |[7;1m [0m| |[7;1m [0m| |[7;1m [0m|| 5
[32;1m[Board] [0m  -------------------
[32;1m[Board] [0m4 ||[7;1m [0m| |[7;1m [0m|[0;1mk[0m|[0;1mk[0m| |[7;1m [0m| || 4
[32;1m[Board] [0m  -------------------
[32;1m[Board] [0m3 || |[7;1m [0m| |[0;1mb[0m| |[7;1m [0m| |[7;1m [0m|| 3
[32;1m[Board] [0m  -------------------
[32;1m[Board] [0m2 ||[0;1mp[0m|[0;1mp[0m|[0;1mp[0m|[0;1mp[0m|[7;1m [0m|[0;1mp[0m|[0;1mp[0m|[0;1mp[0m|| 2
[32;1m[Board] [0m  -------------------
[32;1m[Board] [0m1 ||[0;1mr[0m|[7;1m [0m|[0;1mb[0m|[0;1mQ[0m|[0;1mK[0m|[7;1m [0m| |[0;1mr[0m|| 1
[32;1m[Board] [0m  -------------------
[32;1m[Board] [0m    a b c d e f g h
[32;1m[Board] [0m
[32;1m[Referee] [0mThis is the turn of the Black player...
   â”Œâ”€â”€â”€â”¬â”€â”€â”€â”¬â”€â”€â”€â”¬â”€â”€â”€â”¬â”€â”€â”€â”¬â”€â”€â”€â”¬â”€â”€â”€â”¬â”€â”€â”€â”
 8 â”‚ â™– â”‚   â”‚ â™— â”‚   â”‚ â™” â”‚ â™— â”‚ â™˜ â”‚ â™– â”‚
   â”œâ”€â”€â”€â”¼â”€â”€â”€â”¼â”€â”€â”€â”¼â”€â”€â”€â”¼â”€â”€â”€â”¼â”€â”€â”€â”¼â”€â”€â”€â”¼â”€â”€â”€â”¤
 7 â”‚ â™™ â”‚ â™™ â”‚   â”‚   â”‚ â™™ â”‚ â™™ â”‚ â™™ â”‚ â™™ â”‚
   â”œâ”€â”€â”€â”¼â”€â”€â”€â”¼â”€â”€â”€â”¼â”€â”€â”€â”¼â”€â”€â”€â”¼â”€â”€â”€â”¼â”€â”€â”€â”¼â”€â”€â”€â”¤
 6 â”‚ â™˜ â”‚   â”‚ â™™ â”‚   â”‚ â™• â”‚   â”‚   â”‚   â”‚
   â”œâ”€â”€â”€â”¼â”€â”€â”€â”¼â”€â”€â”€â”¼â”€â”€â”€â”¼â”€â”€â”€â”¼â”€â”€â”€â”¼â”€â”€â”€â”¼â”€â”€â”€â”¤
 5 â”‚   â”‚   â”‚   â”‚   â”‚   â”‚   â”‚   â”‚   â”‚
   â”œâ”€â”€â”€â”¼â”€â”€â”€â”¼â”€â”€â”€â”¼â”€â”€â”€â”¼â”€â”€â”€â”¼â”€â”€â”€â”¼â”€â”€â”€â”¼â”€â”€â”€â”¤
 4 â”‚   â”‚   â”‚   â”‚ â™ â”‚ â™ â”‚   â”‚   â”‚   â”‚
   â”œâ”€â”€â”€â”¼â”€â”€â”€â”¼â”€â”€â”€â”¼â”€â”€â”€â”¼â”€â”€â”€â”¼â”€â”€â”€â”¼â”€â”€â”€â”¼â”€â”€â”€â”¤
 3 â”‚   â”‚   â”‚   â”‚ â™ â”‚   â”‚   â”‚   â”‚   â”‚
   â”œâ”€â”€â”€â”¼â”€â”€â”€â”¼â”€â”€â”€â”¼â”€â”€â”€â”¼â”€â”€â”€â”¼â”€â”€â”€â”¼â”€â”€â”€â”¼â”€â”€â”€â”¤
 2 â”‚ â™Ÿ â”‚ â™Ÿ â”‚ â™Ÿ â”‚ â™Ÿ â”‚   â”‚ â™Ÿ â”‚ â™Ÿ â”‚ â™Ÿ â”‚
   â”œâ”€â”€â”€â”¼â”€â”€â”€â”¼â”€â”€â”€â”¼â”€â”€â”€â”¼â”€â”€â”€â”¼â”€â”€â”€â”¼â”€â”€â”€â”¼â”€â”€â”€â”¤
 1 â”‚ â™œ â”‚   â”‚ â™ â”‚ â™› â”‚ â™š â”‚   â”‚   â”‚ â™œ â”‚
   â””â”€â”€â”€â”´â”€â”€â”€â”´â”€â”€â”€â”´â”€â”€â”€â”´â”€â”€â”€â”´â”€â”€â”€â”´â”€â”€â”€â”´â”€â”€â”€â”˜
     a   b   c   d   e   f   g   h
Opening Book execution time: 0.0452751 seconds.
No Book Moves Found
Aspiration Window Exceeded, Expanding...
Aspiration Window Exceeded, Expanding...
Depth: 1 Best move found: e6e4 Evaluation: 425 Nodes searched: 38 (Alpha Beta 4, Quiescence 34)
Aspiration Window Exceeded, Expanding...
Depth: 2 Best move found: e6e5 Evaluation: 1225 Nodes searched: 256 (Alpha Beta 40, Quiescence 216)
Depth: 3 Best move found: e6e5 Evaluation: 24 Nodes searched: 1202 (Alpha Beta 145, Quiescence 1057)
Depth: 4 Best move found: e6e5 Evaluation: 870 Nodes searched: 4307 (Alpha Beta 623, Quiescence 3684)
Time Elapsed: 9902ms
[32;1m[Game] [0mPlayer's error code: 0
[32;1m[Game] [0mChecking move validity...
[32;1m[Board] [0mInitializing board...
[32;1m[Board] [0mLoading history file `championship/ashwathama-kean-chess-engine/history.csv`...
[32;1m[Board] [0mLoaded 13 move(s).
[32;1m[Board] [0mLoading move file `championship/ashwathama-kean-chess-engine/move.csv`...
[32;1m[Board] [0mBlack player is playing e6 to e5.
[32;1m[Board] [0m
[32;1m[Board] [0m    a b c d e f g h 
[32;1m[Board] [0m  -------------------
[32;1m[Board] [0m8 ||[30;1mr[0m| |[30;1mb[0m| |[30;1mK[0m|[30;1mb[0m|[30;1mk[0m|[30;1mr[0m|| 8
[32;1m[Board] [0m  -------------------
[32;1m[Board] [0m7 ||[30;1mp[0m|[30;1mp[0m| |[7;1m [0m|[30;1mp[0m|[30;1mp[0m|[30;1mp[0m|[30;1mp[0m|| 7
[32;1m[Board] [0m  -------------------
[32;1m[Board] [0m6 ||[30;1mk[0m| |[30;1mp[0m| |[7;1m [0m| |[7;1m [0m| || 6
[32;1m[Board] [0m  -------------------
[32;1m[Board] [0m5 || |[7;1m [0m| |[7;1m [0m|[30;1mQ[0m|[7;1m [0m| |[7;1m [0m|| 5
[32;1m[Board] [0m  -------------------
[32;1m[Board] [0m4 ||[7;1m [0m| |[7;1m [0m|[0;1mk[0m|[0;1mk[0m| |[7;1m [0m| || 4
[32;1m[Board] [0m  -------------------
[32;1m[Board] [0m3 || |[7;1m [0m| |[0;1mb[0m| |[7;1m [0m| |[7;1m [0m|| 3
[32;1m[Board] [0m  -------------------
[32;1m[Board] [0m2 ||[0;1mp[0m|[0;1mp[0m|[0;1mp[0m|[0;1mp[0m|[7;1m [0m|[0;1mp[0m|[0;1mp[0m|[0;1mp[0m|| 2
[32;1m[Board] [0m  -------------------
[32;1m[Board] [0m1 ||[0;1mr[0m|[7;1m [0m|[0;1mb[0m|[0;1mQ[0m|[0;1mK[0m|[7;1m [0m| |[0;1mr[0m|| 1
[32;1m[Board] [0m  -------------------
[32;1m[Board] [0m    a b c d e f g h
[32;1m[Board] [0m
[32;1m[Referee] [0mThis is the turn of the White player...
Chess Board after applying moves from: championship/ashwathama-kean-chess-engine/history.csv
Successfully read 14 moves from the file.
     a   b   c   d   e   f   g   h  
   +---+---+---+---+---+---+---+---+
 8 | r | . | b | . | k | b | n | r | 8
   +---+---+---+---+---+---+---+---+
 7 | p | p | . | . | p | p | p | p | 7
   +---+---+---+---+---+---+---+---+
 6 | n | . | p | . | . | . | . | . | 6
   +---+---+---+---+---+---+---+---+
 5 | . | . | . | . | q | . | . | . | 5
   +---+---+---+---+---+---+---+---+
 4 | . | . | . | N | N | . | . | . | 4
   +---+---+---+---+---+---+---+---+
 3 | . | . | . | B | . | . | . | . | 3
   +---+---+---+---+---+---+---+---+
 2 | P | P | P | P | . | P | P | P | 2
   +---+---+---+---+---+---+---+---+
 1 | R | . | B | Q | K | . | . | R | 1
   +---+---+---+---+---+---+---+---+
     a   b   c   d   e   f   g   h  
Running alpha-beta search...
Best move: d4f3
Testing Random Move Generator:
Random move: h2h3
File reset and move written: d4f3
Next move written to: championship/ashwathama-kean-chess-engine/move.csv
[32;1m[Game] [0mPlayer's error code: 0
[32;1m[Game] [0mChecking move validity...
[32;1m[Board] [0mInitializing board...
[32;1m[Board] [0mLoading history file `championship/ashwathama-kean-chess-engine/history.csv`...
[32;1m[Board] [0mLoaded 14 move(s).
[32;1m[Board] [0mLoading move file `championship/ashwathama-kean-chess-engine/move.csv`...
[32;1m[Board] [0mWhite player is playing d4 to f3.
[32;1m[Board] [0m
[32;1m[Board] [0m    a b c d e f g h 
[32;1m[Board] [0m  -------------------
[32;1m[Board] [0m8 ||[30;1mr[0m| |[30;1mb[0m| |[30;1mK[0m|[30;1mb[0m|[30;1mk[0m|[30;1mr[0m|| 8
[32;1m[Board] [0m  -------------------
[32;1m[Board] [0m7 ||[30;1mp[0m|[30;1mp[0m| |[7;1m [0m|[30;1mp[0m|[30;1mp[0m|[30;1mp[0m|[30;1mp[0m|| 7
[32;1m[Board] [0m  -------------------
[32;1m[Board] [0m6 ||[30;1mk[0m| |[30;1mp[0m| |[7;1m [0m| |[7;1m [0m| || 6
[32;1m[Board] [0m  -------------------
[32;1m[Board] [0m5 || |[7;1m [0m| |[7;1m [0m|[30;1mQ[0m|[7;1m [0m| |[7;1m [0m|| 5
[32;1m[Board] [0m  -------------------
[32;1m[Board] [0m4 ||[7;1m [0m| |[7;1m [0m| |[0;1mk[0m| |[7;1m [0m| || 4
[32;1m[Board] [0m  -------------------
[32;1m[Board] [0m3 || |[7;1m [0m| |[0;1mb[0m| |[0;1mk[0m| |[7;1m [0m|| 3
[32;1m[Board] [0m  -------------------
[32;1m[Board] [0m2 ||[0;1mp[0m|[0;1mp[0m|[0;1mp[0m|[0;1mp[0m|[7;1m [0m|[0;1mp[0m|[0;1mp[0m|[0;1mp[0m|| 2
[32;1m[Board] [0m  -------------------
[32;1m[Board] [0m1 ||[0;1mr[0m|[7;1m [0m|[0;1mb[0m|[0;1mQ[0m|[0;1mK[0m|[7;1m [0m| |[0;1mr[0m|| 1
[32;1m[Board] [0m  -------------------
[32;1m[Board] [0m    a b c d e f g h
[32;1m[Board] [0m
[32;1m[Referee] [0mThis is the turn of the Black player...
   â”Œâ”€â”€â”€â”¬â”€â”€â”€â”¬â”€â”€â”€â”¬â”€â”€â”€â”¬â”€â”€â”€â”¬â”€â”€â”€â”¬â”€â”€â”€â”¬â”€â”€â”€â”
 8 â”‚ â™– â”‚   â”‚ â™— â”‚   â”‚ â™” â”‚ â™— â”‚ â™˜ â”‚ â™– â”‚
   â”œâ”€â”€â”€â”¼â”€â”€â”€â”¼â”€â”€â”€â”¼â”€â”€â”€â”¼â”€â”€â”€â”¼â”€â”€â”€â”¼â”€â”€â”€â”¼â”€â”€â”€â”¤
 7 â”‚ â™™ â”‚ â™™ â”‚   â”‚   â”‚ â™™ â”‚ â™™ â”‚ â™™ â”‚ â™™ â”‚
   â”œâ”€â”€â”€â”¼â”€â”€â”€â”¼â”€â”€â”€â”¼â”€â”€â”€â”¼â”€â”€â”€â”¼â”€â”€â”€â”¼â”€â”€â”€â”¼â”€â”€â”€â”¤
 6 â”‚ â™˜ â”‚   â”‚ â™™ â”‚   â”‚   â”‚   â”‚   â”‚   â”‚
   â”œâ”€â”€â”€â”¼â”€â”€â”€â”¼â”€â”€â”€â”¼â”€â”€â”€â”¼â”€â”€â”€â”¼â”€â”€â”€â”¼â”€â”€â”€â”¼â”€â”€â”€â”¤
 5 â”‚   â”‚   â”‚   â”‚   â”‚ â™• â”‚   â”‚   â”‚   â”‚
   â”œâ”€â”€â”€â”¼â”€â”€â”€â”¼â”€â”€â”€â”¼â”€â”€â”€â”¼â”€â”€â”€â”¼â”€â”€â”€â”¼â”€â”€â”€â”¼â”€â”€â”€â”¤
 4 â”‚   â”‚   â”‚   â”‚   â”‚ â™ â”‚   â”‚   â”‚   â”‚
   â”œâ”€â”€â”€â”¼â”€â”€â”€â”¼â”€â”€â”€â”¼â”€â”€â”€â”¼â”€â”€â”€â”¼â”€â”€â”€â”¼â”€â”€â”€â”¼â”€â”€â”€â”¤
 3 â”‚   â”‚   â”‚   â”‚ â™ â”‚   â”‚ â™ â”‚   â”‚   â”‚
   â”œâ”€â”€â”€â”¼â”€â”€â”€â”¼â”€â”€â”€â”¼â”€â”€â”€â”¼â”€â”€â”€â”¼â”€â”€â”€â”¼â”€â”€â”€â”¼â”€â”€â”€â”¤
 2 â”‚ â™Ÿ â”‚ â™Ÿ â”‚ â™Ÿ â”‚ â™Ÿ â”‚   â”‚ â™Ÿ â”‚ â™Ÿ â”‚ â™Ÿ â”‚
   â”œâ”€â”€â”€â”¼â”€â”€â”€â”¼â”€â”€â”€â”¼â”€â”€â”€â”¼â”€â”€â”€â”¼â”€â”€â”€â”¼â”€â”€â”€â”¼â”€â”€â”€â”¤
 1 â”‚ â™œ â”‚   â”‚ â™ â”‚ â™› â”‚ â™š â”‚   â”‚   â”‚ â™œ â”‚
   â””â”€â”€â”€â”´â”€â”€â”€â”´â”€â”€â”€â”´â”€â”€â”€â”´â”€â”€â”€â”´â”€â”€â”€â”´â”€â”€â”€â”´â”€â”€â”€â”˜
     a   b   c   d   e   f   g   h
Opening Book execution time: 0.0470362 seconds.
No Book Moves Found
Aspiration Window Exceeded, Expanding...
Aspiration Window Exceeded, Expanding...
Depth: 1 Best move found: e5e4 Evaluation: 437 Nodes searched: 48 (Alpha Beta 4, Quiescence 44)
Aspiration Window Exceeded, Expanding...
Depth: 2 Best move found: e5e6 Evaluation: 974 Nodes searched: 359 (Alpha Beta 52, Quiescence 307)
Depth: 3 Best move found: e5f5 Evaluation: 114 Nodes searched: 1435 (Alpha Beta 219, Quiescence 1216)
Depth: 4 Best move found: e5e6 Evaluation: 926 Nodes searched: 4191 (Alpha Beta 477, Quiescence 3714)
Time Elapsed: 9929ms
[32;1m[Game] [0mPlayer's error code: 0
[32;1m[Game] [0mChecking move validity...
[32;1m[Board] [0mInitializing board...
[32;1m[Board] [0mLoading history file `championship/ashwathama-kean-chess-engine/history.csv`...
[32;1m[Board] [0mLoaded 15 move(s).
[32;1m[Board] [0mLoading move file `championship/ashwathama-kean-chess-engine/move.csv`...
[32;1m[Board] [0mBlack player is playing e5 to e6.
[32;1m[Board] [0m
[32;1m[Board] [0m    a b c d e f g h 
[32;1m[Board] [0m  -------------------
[32;1m[Board] [0m8 ||[30;1mr[0m| |[30;1mb[0m| |[30;1mK[0m|[30;1mb[0m|[30;1mk[0m|[30;1mr[0m|| 8
[32;1m[Board] [0m  -------------------
[32;1m[Board] [0m7 ||[30;1mp[0m|[30;1mp[0m| |[7;1m [0m|[30;1mp[0m|[30;1mp[0m|[30;1mp[0m|[30;1mp[0m|| 7
[32;1m[Board] [0m  -------------------
[32;1m[Board] [0m6 ||[30;1mk[0m| |[30;1mp[0m| |[30;1mQ[0m| |[7;1m [0m| || 6
[32;1m[Board] [0m  -------------------
[32;1m[Board] [0m5 || |[7;1m [0m| |[7;1m [0m| |[7;1m [0m| |[7;1m [0m|| 5
[32;1m[Board] [0m  -------------------
[32;1m[Board] [0m4 ||[7;1m [0m| |[7;1m [0m| |[0;1mk[0m| |[7;1m [0m| || 4
[32;1m[Board] [0m  -------------------
[32;1m[Board] [0m3 || |[7;1m [0m| |[0;1mb[0m| |[0;1mk[0m| |[7;1m [0m|| 3
[32;1m[Board] [0m  -------------------
[32;1m[Board] [0m2 ||[0;1mp[0m|[0;1mp[0m|[0;1mp[0m|[0;1mp[0m|[7;1m [0m|[0;1mp[0m|[0;1mp[0m|[0;1mp[0m|| 2
[32;1m[Board] [0m  -------------------
[32;1m[Board] [0m1 ||[0;1mr[0m|[7;1m [0m|[0;1mb[0m|[0;1mQ[0m|[0;1mK[0m|[7;1m [0m| |[0;1mr[0m|| 1
[32;1m[Board] [0m  -------------------
[32;1m[Board] [0m    a b c d e f g h
[32;1m[Board] [0m
[32;1m[Referee] [0mThis is the turn of the White player...
[32;1m[Board] [0m[33;1m[WARNING][0m Current board equals previous board (move #12)
Chess Board after applying moves from: championship/ashwathama-kean-chess-engine/history.csv
Successfully read 16 moves from the file.
     a   b   c   d   e   f   g   h  
   +---+---+---+---+---+---+---+---+
 8 | r | . | b | . | k | b | n | r | 8
   +---+---+---+---+---+---+---+---+
 7 | p | p | . | . | p | p | p | p | 7
   +---+---+---+---+---+---+---+---+
 6 | n | . | p | . | q | . | . | . | 6
   +---+---+---+---+---+---+---+---+
 5 | . | . | . | . | . | . | . | . | 5
   +---+---+---+---+---+---+---+---+
 4 | . | . | . | . | N | . | . | . | 4
   +---+---+---+---+---+---+---+---+
 3 | . | . | . | B | . | N | . | . | 3
   +---+---+---+---+---+---+---+---+
 2 | P | P | P | P | . | P | P | P | 2
   +---+---+---+---+---+---+---+---+
 1 | R | . | B | Q | K | . | . | R | 1
   +---+---+---+---+---+---+---+---+
     a   b   c   d   e   f   g   h  
Running alpha-beta search...
Best move: f3d4
Testing Random Move Generator:
Random move: h2h4
File reset and move written: f3d4
Next move written to: championship/ashwathama-kean-chess-engine/move.csv
[32;1m[Game] [0mPlayer's error code: 0
[32;1m[Game] [0mChecking move validity...
[32;1m[Board] [0mInitializing board...
[32;1m[Board] [0mLoading history file `championship/ashwathama-kean-chess-engine/history.csv`...
[32;1m[Board] [0mLoaded 16 move(s).
[32;1m[Board] [0mLoading move file `championship/ashwathama-kean-chess-engine/move.csv`...
[32;1m[Board] [0mWhite player is playing f3 to d4.
[32;1m[Board] [0m
[32;1m[Board] [0m    a b c d e f g h 
[32;1m[Board] [0m  -------------------
[32;1m[Board] [0m8 ||[30;1mr[0m| |[30;1mb[0m| |[30;1mK[0m|[30;1mb[0m|[30;1mk[0m|[30;1mr[0m|| 8
[32;1m[Board] [0m  -------------------
[32;1m[Board] [0m7 ||[30;1mp[0m|[30;1mp[0m| |[7;1m [0m|[30;1mp[0m|[30;1mp[0m|[30;1mp[0m|[30;1mp[0m|| 7
[32;1m[Board] [0m  -------------------
[32;1m[Board] [0m6 ||[30;1mk[0m| |[30;1mp[0m| |[30;1mQ[0m| |[7;1m [0m| || 6
[32;1m[Board] [0m  -------------------
[32;1m[Board] [0m5 || |[7;1m [0m| |[7;1m [0m| |[7;1m [0m| |[7;1m [0m|| 5
[32;1m[Board] [0m  -------------------
[32;1m[Board] [0m4 ||[7;1m [0m| |[7;1m [0m|[0;1mk[0m|[0;1mk[0m| |[7;1m [0m| || 4
[32;1m[Board] [0m  -------------------
[32;1m[Board] [0m3 || |[7;1m [0m| |[0;1mb[0m| |[7;1m [0m| |[7;1m [0m|| 3
[32;1m[Board] [0m  -------------------
[32;1m[Board] [0m2 ||[0;1mp[0m|[0;1mp[0m|[0;1mp[0m|[0;1mp[0m|[7;1m [0m|[0;1mp[0m|[0;1mp[0m|[0;1mp[0m|| 2
[32;1m[Board] [0m  -------------------
[32;1m[Board] [0m1 ||[0;1mr[0m|[7;1m [0m|[0;1mb[0m|[0;1mQ[0m|[0;1mK[0m|[7;1m [0m| |[0;1mr[0m|| 1
[32;1m[Board] [0m  -------------------
[32;1m[Board] [0m    a b c d e f g h
[32;1m[Board] [0m
[32;1m[Referee] [0mThis is the turn of the Black player...
[32;1m[Board] [0m[33;1m[WARNING][0m Current board equals previous board (move #13)
   â”Œâ”€â”€â”€â”¬â”€â”€â”€â”¬â”€â”€â”€â”¬â”€â”€â”€â”¬â”€â”€â”€â”¬â”€â”€â”€â”¬â”€â”€â”€â”¬â”€â”€â”€â”
 8 â”‚ â™– â”‚   â”‚ â™— â”‚   â”‚ â™” â”‚ â™— â”‚ â™˜ â”‚ â™– â”‚
   â”œâ”€â”€â”€â”¼â”€â”€â”€â”¼â”€â”€â”€â”¼â”€â”€â”€â”¼â”€â”€â”€â”¼â”€â”€â”€â”¼â”€â”€â”€â”¼â”€â”€â”€â”¤
 7 â”‚ â™™ â”‚ â™™ â”‚   â”‚   â”‚ â™™ â”‚ â™™ â”‚ â™™ â”‚ â™™ â”‚
   â”œâ”€â”€â”€â”¼â”€â”€â”€â”¼â”€â”€â”€â”¼â”€â”€â”€â”¼â”€â”€â”€â”¼â”€â”€â”€â”¼â”€â”€â”€â”¼â”€â”€â”€â”¤
 6 â”‚ â™˜ â”‚   â”‚ â™™ â”‚   â”‚ â™• â”‚   â”‚   â”‚   â”‚
   â”œâ”€â”€â”€â”¼â”€â”€â”€â”¼â”€â”€â”€â”¼â”€â”€â”€â”¼â”€â”€â”€â”¼â”€â”€â”€â”¼â”€â”€â”€â”¼â”€â”€â”€â”¤
 5 â”‚   â”‚   â”‚   â”‚   â”‚   â”‚   â”‚   â”‚   â”‚
   â”œâ”€â”€â”€â”¼â”€â”€â”€â”¼â”€â”€â”€â”¼â”€â”€â”€â”¼â”€â”€â”€â”¼â”€â”€â”€â”¼â”€â”€â”€â”¼â”€â”€â”€â”¤
 4 â”‚   â”‚   â”‚   â”‚ â™ â”‚ â™ â”‚   â”‚   â”‚   â”‚
   â”œâ”€â”€â”€â”¼â”€â”€â”€â”¼â”€â”€â”€â”¼â”€â”€â”€â”¼â”€â”€â”€â”¼â”€â”€â”€â”¼â”€â”€â”€â”¼â”€â”€â”€â”¤
 3 â”‚   â”‚   â”‚   â”‚ â™ â”‚   â”‚   â”‚   â”‚   â”‚
   â”œâ”€â”€â”€â”¼â”€â”€â”€â”¼â”€â”€â”€â”¼â”€â”€â”€â”¼â”€â”€â”€â”¼â”€â”€â”€â”¼â”€â”€â”€â”¼â”€â”€â”€â”¤
 2 â”‚ â™Ÿ â”‚ â™Ÿ â”‚ â™Ÿ â”‚ â™Ÿ â”‚   â”‚ â™Ÿ â”‚ â™Ÿ â”‚ â™Ÿ â”‚
   â”œâ”€â”€â”€â”¼â”€â”€â”€â”¼â”€â”€â”€â”¼â”€â”€â”€â”¼â”€â”€â”€â”¼â”€â”€â”€â”¼â”€â”€â”€â”¼â”€â”€â”€â”¤
 1 â”‚ â™œ â”‚   â”‚ â™ â”‚ â™› â”‚ â™š â”‚   â”‚   â”‚ â™œ â”‚
   â””â”€â”€â”€â”´â”€â”€â”€â”´â”€â”€â”€â”´â”€â”€â”€â”´â”€â”€â”€â”´â”€â”€â”€â”´â”€â”€â”€â”´â”€â”€â”€â”˜
     a   b   c   d   e   f   g   h
Opening Book execution time: 0.0452317 seconds.
No Book Moves Found
Aspiration Window Exceeded, Expanding...
Aspiration Window Exceeded, Expanding...
Depth: 1 Best move found: e6e4 Evaluation: 425 Nodes searched: 38 (Alpha Beta 4, Quiescence 34)
Aspiration Window Exceeded, Expanding...
Depth: 2 Best move found: e6e5 Evaluation: 1225 Nodes searched: 256 (Alpha Beta 40, Quiescence 216)
Depth: 3 Best move found: e6e5 Evaluation: 24 Nodes searched: 1202 (Alpha Beta 145, Quiescence 1057)
Depth: 4 Best move found: e6e5 Evaluation: 870 Nodes searched: 4307 (Alpha Beta 623, Quiescence 3684)
Time Elapsed: 9913ms
[32;1m[Game] [0mPlayer's error code: 0
[32;1m[Game] [0mChecking move validity...
[32;1m[Board] [0mInitializing board...
[32;1m[Board] [0mLoading history file `championship/ashwathama-kean-chess-engine/history.csv`...
[32;1m[Board] [0mLoaded 17 move(s).
[32;1m[Board] [0mLoading move file `championship/ashwathama-kean-chess-engine/move.csv`...
[32;1m[Board] [0mBlack player is playing e6 to e5.
[32;1m[Board] [0m
[32;1m[Board] [0m    a b c d e f g h 
[32;1m[Board] [0m  -------------------
[32;1m[Board] [0m8 ||[30;1mr[0m| |[30;1mb[0m| |[30;1mK[0m|[30;1mb[0m|[30;1mk[0m|[30;1mr[0m|| 8
[32;1m[Board] [0m  -------------------
[32;1m[Board] [0m7 ||[30;1mp[0m|[30;1mp[0m| |[7;1m [0m|[30;1mp[0m|[30;1mp[0m|[30;1mp[0m|[30;1mp[0m|| 7
[32;1m[Board] [0m  -------------------
[32;1m[Board] [0m6 ||[30;1mk[0m| |[30;1mp[0m| |[7;1m [0m| |[7;1m [0m| || 6
[32;1m[Board] [0m  -------------------
[32;1m[Board] [0m5 || |[7;1m [0m| |[7;1m [0m|[30;1mQ[0m|[7;1m [0m| |[7;1m [0m|| 5
[32;1m[Board] [0m  -------------------
[32;1m[Board] [0m4 ||[7;1m [0m| |[7;1m [0m|[0;1mk[0m|[0;1mk[0m| |[7;1m [0m| || 4
[32;1m[Board] [0m  -------------------
[32;1m[Board] [0m3 || |[7;1m [0m| |[0;1mb[0m| |[7;1m [0m| |[7;1m [0m|| 3
[32;1m[Board] [0m  -------------------
[32;1m[Board] [0m2 ||[0;1mp[0m|[0;1mp[0m|[0;1mp[0m|[0;1mp[0m|[7;1m [0m|[0;1mp[0m|[0;1mp[0m|[0;1mp[0m|| 2
[32;1m[Board] [0m  -------------------
[32;1m[Board] [0m1 ||[0;1mr[0m|[7;1m [0m|[0;1mb[0m|[0;1mQ[0m|[0;1mK[0m|[7;1m [0m| |[0;1mr[0m|| 1
[32;1m[Board] [0m  -------------------
[32;1m[Board] [0m    a b c d e f g h
[32;1m[Board] [0m
[32;1m[Referee] [0mThis is the turn of the White player...
[32;1m[Board] [0m[33;1m[WARNING][0m Current board equals previous board (move #14)
Chess Board after applying moves from: championship/ashwathama-kean-chess-engine/history.csv
Successfully read 18 moves from the file.
     a   b   c   d   e   f   g   h  
   +---+---+---+---+---+---+---+---+
 8 | r | . | b | . | k | b | n | r | 8
   +---+---+---+---+---+---+---+---+
 7 | p | p | . | . | p | p | p | p | 7
   +---+---+---+---+---+---+---+---+
 6 | n | . | p | . | . | . | . | . | 6
   +---+---+---+---+---+---+---+---+
 5 | . | . | . | . | q | . | . | . | 5
   +---+---+---+---+---+---+---+---+
 4 | . | . | . | N | N | . | . | . | 4
   +---+---+---+---+---+---+---+---+
 3 | . | . | . | B | . | . | . | . | 3
   +---+---+---+---+---+---+---+---+
 2 | P | P | P | P | . | P | P | P | 2
   +---+---+---+---+---+---+---+---+
 1 | R | . | B | Q | K | . | . | R | 1
   +---+---+---+---+---+---+---+---+
     a   b   c   d   e   f   g   h  
Running alpha-beta search...
Best move: d4f3
Testing Random Move Generator:
Random move: e1f1
File reset and move written: d4f3
Next move written to: championship/ashwathama-kean-chess-engine/move.csv
[32;1m[Game] [0mPlayer's error code: 0
[32;1m[Game] [0mChecking move validity...
[32;1m[Board] [0mInitializing board...
[32;1m[Board] [0mLoading history file `championship/ashwathama-kean-chess-engine/history.csv`...
[32;1m[Board] [0mLoaded 18 move(s).
[32;1m[Board] [0mLoading move file `championship/ashwathama-kean-chess-engine/move.csv`...
[32;1m[Board] [0mWhite player is playing d4 to f3.
[32;1m[Board] [0m
[32;1m[Board] [0m    a b c d e f g h 
[32;1m[Board] [0m  -------------------
[32;1m[Board] [0m8 ||[30;1mr[0m| |[30;1mb[0m| |[30;1mK[0m|[30;1mb[0m|[30;1mk[0m|[30;1mr[0m|| 8
[32;1m[Board] [0m  -------------------
[32;1m[Board] [0m7 ||[30;1mp[0m|[30;1mp[0m| |[7;1m [0m|[30;1mp[0m|[30;1mp[0m|[30;1mp[0m|[30;1mp[0m|| 7
[32;1m[Board] [0m  -------------------
[32;1m[Board] [0m6 ||[30;1mk[0m| |[30;1mp[0m| |[7;1m [0m| |[7;1m [0m| || 6
[32;1m[Board] [0m  -------------------
[32;1m[Board] [0m5 || |[7;1m [0m| |[7;1m [0m|[30;1mQ[0m|[7;1m [0m| |[7;1m [0m|| 5
[32;1m[Board] [0m  -------------------
[32;1m[Board] [0m4 ||[7;1m [0m| |[7;1m [0m| |[0;1mk[0m| |[7;1m [0m| || 4
[32;1m[Board] [0m  -------------------
[32;1m[Board] [0m3 || |[7;1m [0m| |[0;1mb[0m| |[0;1mk[0m| |[7;1m [0m|| 3
[32;1m[Board] [0m  -------------------
[32;1m[Board] [0m2 ||[0;1mp[0m|[0;1mp[0m|[0;1mp[0m|[0;1mp[0m|[7;1m [0m|[0;1mp[0m|[0;1mp[0m|[0;1mp[0m|| 2
[32;1m[Board] [0m  -------------------
[32;1m[Board] [0m1 ||[0;1mr[0m|[7;1m [0m|[0;1mb[0m|[0;1mQ[0m|[0;1mK[0m|[7;1m [0m| |[0;1mr[0m|| 1
[32;1m[Board] [0m  -------------------
[32;1m[Board] [0m    a b c d e f g h
[32;1m[Board] [0m
[32;1m[Referee] [0mThis is the turn of the Black player...
[32;1m[Board] [0m[33;1m[WARNING][0m Current board equals previous board (move #15)
   â”Œâ”€â”€â”€â”¬â”€â”€â”€â”¬â”€â”€â”€â”¬â”€â”€â”€â”¬â”€â”€â”€â”¬â”€â”€â”€â”¬â”€â”€â”€â”¬â”€â”€â”€â”
 8 â”‚ â™– â”‚   â”‚ â™— â”‚   â”‚ â™” â”‚ â™— â”‚ â™˜ â”‚ â™– â”‚
   â”œâ”€â”€â”€â”¼â”€â”€â”€â”¼â”€â”€â”€â”¼â”€â”€â”€â”¼â”€â”€â”€â”¼â”€â”€â”€â”¼â”€â”€â”€â”¼â”€â”€â”€â”¤
 7 â”‚ â™™ â”‚ â™™ â”‚   â”‚   â”‚ â™™ â”‚ â™™ â”‚ â™™ â”‚ â™™ â”‚
   â”œâ”€â”€â”€â”¼â”€â”€â”€â”¼â”€â”€â”€â”¼â”€â”€â”€â”¼â”€â”€â”€â”¼â”€â”€â”€â”¼â”€â”€â”€â”¼â”€â”€â”€â”¤
 6 â”‚ â™˜ â”‚   â”‚ â™™ â”‚   â”‚   â”‚   â”‚   â”‚   â”‚
   â”œâ”€â”€â”€â”¼â”€â”€â”€â”¼â”€â”€â”€â”¼â”€â”€â”€â”¼â”€â”€â”€â”¼â”€â”€â”€â”¼â”€â”€â”€â”¼â”€â”€â”€â”¤
 5 â”‚   â”‚   â”‚   â”‚   â”‚ â™• â”‚   â”‚   â”‚   â”‚
   â”œâ”€â”€â”€â”¼â”€â”€â”€â”¼â”€â”€â”€â”¼â”€â”€â”€â”¼â”€â”€â”€â”¼â”€â”€â”€â”¼â”€â”€â”€â”¼â”€â”€â”€â”¤
 4 â”‚   â”‚   â”‚   â”‚   â”‚ â™ â”‚   â”‚   â”‚   â”‚
   â”œâ”€â”€â”€â”¼â”€â”€â”€â”¼â”€â”€â”€â”¼â”€â”€â”€â”¼â”€â”€â”€â”¼â”€â”€â”€â”¼â”€â”€â”€â”¼â”€â”€â”€â”¤
 3 â”‚   â”‚   â”‚   â”‚ â™ â”‚   â”‚ â™ â”‚   â”‚   â”‚
   â”œâ”€â”€â”€â”¼â”€â”€â”€â”¼â”€â”€â”€â”¼â”€â”€â”€â”¼â”€â”€â”€â”¼â”€â”€â”€â”¼â”€â”€â”€â”¼â”€â”€â”€â”¤
 2 â”‚ â™Ÿ â”‚ â™Ÿ â”‚ â™Ÿ â”‚ â™Ÿ â”‚   â”‚ â™Ÿ â”‚ â™Ÿ â”‚ â™Ÿ â”‚
   â”œâ”€â”€â”€â”¼â”€â”€â”€â”¼â”€â”€â”€â”¼â”€â”€â”€â”¼â”€â”€â”€â”¼â”€â”€â”€â”¼â”€â”€â”€â”¼â”€â”€â”€â”¤
 1 â”‚ â™œ â”‚   â”‚ â™ â”‚ â™› â”‚ â™š â”‚   â”‚   â”‚ â™œ â”‚
   â””â”€â”€â”€â”´â”€â”€â”€â”´â”€â”€â”€â”´â”€â”€â”€â”´â”€â”€â”€â”´â”€â”€â”€â”´â”€â”€â”€â”´â”€â”€â”€â”˜
     a   b   c   d   e   f   g   h
Opening Book execution time: 0.027773 seconds.
No Book Moves Found
Aspiration Window Exceeded, Expanding...
Aspiration Window Exceeded, Expanding...
Depth: 1 Best move found: e5e4 Evaluation: 437 Nodes searched: 47 (Alpha Beta 4, Quiescence 43)
Aspiration Window Exceeded, Expanding...
Depth: 2 Best move found: e5e6 Evaluation: 974 Nodes searched: 359 (Alpha Beta 52, Quiescence 307)
Depth: 3 Best move found: e5f5 Evaluation: 114 Nodes searched: 1435 (Alpha Beta 219, Quiescence 1216)
Depth: 4 Best move found: e5e6 Evaluation: 926 Nodes searched: 4191 (Alpha Beta 477, Quiescence 3714)
Time Elapsed: 9945ms
[32;1m[Game] [0mPlayer's error code: 0
[32;1m[Game] [0mChecking move validity...
[32;1m[Board] [0mInitializing board...
[32;1m[Board] [0mLoading history file `championship/ashwathama-kean-chess-engine/history.csv`...
[32;1m[Board] [0mLoaded 19 move(s).
[32;1m[Board] [0mLoading move file `championship/ashwathama-kean-chess-engine/move.csv`...
[32;1m[Board] [0mBlack player is playing e5 to e6.
[32;1m[Board] [0m
[32;1m[Board] [0m    a b c d e f g h 
[32;1m[Board] [0m  -------------------
[32;1m[Board] [0m8 ||[30;1mr[0m| |[30;1mb[0m| |[30;1mK[0m|[30;1mb[0m|[30;1mk[0m|[30;1mr[0m|| 8
[32;1m[Board] [0m  -------------------
[32;1m[Board] [0m7 ||[30;1mp[0m|[30;1mp[0m| |[7;1m [0m|[30;1mp[0m|[30;1mp[0m|[30;1mp[0m|[30;1mp[0m|| 7
[32;1m[Board] [0m  -------------------
[32;1m[Board] [0m6 ||[30;1mk[0m| |[30;1mp[0m| |[30;1mQ[0m| |[7;1m [0m| || 6
[32;1m[Board] [0m  -------------------
[32;1m[Board] [0m5 || |[7;1m [0m| |[7;1m [0m| |[7;1m [0m| |[7;1m [0m|| 5
[32;1m[Board] [0m  -------------------
[32;1m[Board] [0m4 ||[7;1m [0m| |[7;1m [0m| |[0;1mk[0m| |[7;1m [0m| || 4
[32;1m[Board] [0m  -------------------
[32;1m[Board] [0m3 || |[7;1m [0m| |[0;1mb[0m| |[0;1mk[0m| |[7;1m [0m|| 3
[32;1m[Board] [0m  -------------------
[32;1m[Board] [0m2 ||[0;1mp[0m|[0;1mp[0m|[0;1mp[0m|[0;1mp[0m|[7;1m [0m|[0;1mp[0m|[0;1mp[0m|[0;1mp[0m|| 2
[32;1m[Board] [0m  -------------------
[32;1m[Board] [0m1 ||[0;1mr[0m|[7;1m [0m|[0;1mb[0m|[0;1mQ[0m|[0;1mK[0m|[7;1m [0m| |[0;1mr[0m|| 1
[32;1m[Board] [0m  -------------------
[32;1m[Board] [0m    a b c d e f g h
[32;1m[Board] [0m
[32;1m[Referee] [0mThis is the turn of the White player...
[32;1m[Board] [0m[33;1m[WARNING][0m Current board equals previous board (move #12)
[32;1m[Board] [0m[33;1m[WARNING][0m Current board equals previous board (move #16)
[32;1m[Board] [0m[33;1m[WARNING][0m [5;1mThe current board occurred at least 3 times already :([0m
[32;1m[Board] [0m[33;1m[WARNING][0m Draw! Game over.
