[32;1m[Board] [0mInitializing board...
[32;1m[Board] [0m
[32;1m[Board] [0m    a b c d e f g h 
[32;1m[Board] [0m  -------------------
[32;1m[Board] [0m8 ||[30;1mr[0m|[30;1mk[0m|[30;1mb[0m|[30;1mQ[0m|[30;1mK[0m|[30;1mb[0m|[30;1mk[0m|[30;1mr[0m|| 8
[32;1m[Board] [0m  -------------------
[32;1m[Board] [0m7 ||[30;1mp[0m|[30;1mp[0m|[30;1mp[0m|[30;1mp[0m|[30;1mp[0m|[30;1mp[0m|[30;1mp[0m|[30;1mp[0m|| 7
[32;1m[Board] [0m  -------------------
[32;1m[Board] [0m6 ||[7;1m [0m| |[7;1m [0m| |[7;1m [0m| |[7;1m [0m| || 6
[32;1m[Board] [0m  -------------------
[32;1m[Board] [0m5 || |[7;1m [0m| |[7;1m [0m| |[7;1m [0m| |[7;1m [0m|| 5
[32;1m[Board] [0m  -------------------
[32;1m[Board] [0m4 ||[7;1m [0m| |[7;1m [0m| |[7;1m [0m| |[7;1m [0m| || 4
[32;1m[Board] [0m  -------------------
[32;1m[Board] [0m3 || |[7;1m [0m| |[7;1m [0m| |[7;1m [0m| |[7;1m [0m|| 3
[32;1m[Board] [0m  -------------------
[32;1m[Board] [0m2 ||[0;1mp[0m|[0;1mp[0m|[0;1mp[0m|[0;1mp[0m|[0;1mp[0m|[0;1mp[0m|[0;1mp[0m|[0;1mp[0m|| 2
[32;1m[Board] [0m  -------------------
[32;1m[Board] [0m1 ||[0;1mr[0m|[0;1mk[0m|[0;1mb[0m|[0;1mQ[0m|[0;1mK[0m|[0;1mb[0m|[0;1mk[0m|[0;1mr[0m|| 1
[32;1m[Board] [0m  -------------------
[32;1m[Board] [0m    a b c d e f g h
[32;1m[Board] [0m
[32;1m[Referee] [0mThis is the turn of the White player...
 +-----------------+
8| R N B Q K B N R |
7| P P P P P P P P |
6| . . . . . . . . |
5| . . . . . . . . |
4| . . . . . . . . |
3| . . . . . . . . |
2| p p p p p p p p |
1| r n b q k b n r |
 +-----------------+
   a b c d e f g h
 +-----------------+
8| R N B Q K B N R |
7| P P P P P P P P |
6| . . . . . . . . |
5| . . . . . . . . |
4| . . . . p . . . |
3| . . . . . . . . |
2| p p p p . p p p |
1| r n b q k b n r |
 +-----------------+
   a b c d e f g h
[32;1m[Game] [0mPlayer's error code: 0
[32;1m[Game] [0mChecking move validity...
[32;1m[Board] [0mInitializing board...
[32;1m[Board] [0mLoading history file `championship/pawnstar-blunder-ai/history.csv`...
[32;1m[Board] [0mLoaded 0 move(s).
[32;1m[Board] [0mLoading move file `championship/pawnstar-blunder-ai/move.csv`...
[32;1m[Board] [0mWhite player is playing e2 to e4.
[32;1m[Board] [0m
[32;1m[Board] [0m    a b c d e f g h 
[32;1m[Board] [0m  -------------------
[32;1m[Board] [0m8 ||[30;1mr[0m|[30;1mk[0m|[30;1mb[0m|[30;1mQ[0m|[30;1mK[0m|[30;1mb[0m|[30;1mk[0m|[30;1mr[0m|| 8
[32;1m[Board] [0m  -------------------
[32;1m[Board] [0m7 ||[30;1mp[0m|[30;1mp[0m|[30;1mp[0m|[30;1mp[0m|[30;1mp[0m|[30;1mp[0m|[30;1mp[0m|[30;1mp[0m|| 7
[32;1m[Board] [0m  -------------------
[32;1m[Board] [0m6 ||[7;1m [0m| |[7;1m [0m| |[7;1m [0m| |[7;1m [0m| || 6
[32;1m[Board] [0m  -------------------
[32;1m[Board] [0m5 || |[7;1m [0m| |[7;1m [0m| |[7;1m [0m| |[7;1m [0m|| 5
[32;1m[Board] [0m  -------------------
[32;1m[Board] [0m4 ||[7;1m [0m| |[7;1m [0m| |[0;1mp[0m| |[7;1m [0m| || 4
[32;1m[Board] [0m  -------------------
[32;1m[Board] [0m3 || |[7;1m [0m| |[7;1m [0m| |[7;1m [0m| |[7;1m [0m|| 3
[32;1m[Board] [0m  -------------------
[32;1m[Board] [0m2 ||[0;1mp[0m|[0;1mp[0m|[0;1mp[0m|[0;1mp[0m|[7;1m [0m|[0;1mp[0m|[0;1mp[0m|[0;1mp[0m|| 2
[32;1m[Board] [0m  -------------------
[32;1m[Board] [0m1 ||[0;1mr[0m|[0;1mk[0m|[0;1mb[0m|[0;1mQ[0m|[0;1mK[0m|[0;1mb[0m|[0;1mk[0m|[0;1mr[0m|| 1
[32;1m[Board] [0m  -------------------
[32;1m[Board] [0m    a b c d e f g h
[32;1m[Board] [0m
[32;1m[Referee] [0mThis is the turn of the Black player...
0.9 0.9 0.9 0.9 0.9 0.9 0.9 0.9 0.9 0.9 0.9 0.9 0.9 0.9 0.9 0.9 0.9 0.9 0.9 0.9 [==================] Is it a draw? No[32;1m[Game] [0mPlayer's error code: 0
[32;1m[Game] [0mChecking move validity...
[32;1m[Board] [0mInitializing board...
[32;1m[Board] [0mLoading history file `championship/pawnstar-blunder-ai/history.csv`...
[32;1m[Board] [0mLoaded 1 move(s).
[32;1m[Board] [0mLoading move file `championship/pawnstar-blunder-ai/move.csv`...
[32;1m[Board] [0mBlack player is playing a7 to a6.
[32;1m[Board] [0m
[32;1m[Board] [0m    a b c d e f g h 
[32;1m[Board] [0m  -------------------
[32;1m[Board] [0m8 ||[30;1mr[0m|[30;1mk[0m|[30;1mb[0m|[30;1mQ[0m|[30;1mK[0m|[30;1mb[0m|[30;1mk[0m|[30;1mr[0m|| 8
[32;1m[Board] [0m  -------------------
[32;1m[Board] [0m7 || |[30;1mp[0m|[30;1mp[0m|[30;1mp[0m|[30;1mp[0m|[30;1mp[0m|[30;1mp[0m|[30;1mp[0m|| 7
[32;1m[Board] [0m  -------------------
[32;1m[Board] [0m6 ||[30;1mp[0m| |[7;1m [0m| |[7;1m [0m| |[7;1m [0m| || 6
[32;1m[Board] [0m  -------------------
[32;1m[Board] [0m5 || |[7;1m [0m| |[7;1m [0m| |[7;1m [0m| |[7;1m [0m|| 5
[32;1m[Board] [0m  -------------------
[32;1m[Board] [0m4 ||[7;1m [0m| |[7;1m [0m| |[0;1mp[0m| |[7;1m [0m| || 4
[32;1m[Board] [0m  -------------------
[32;1m[Board] [0m3 || |[7;1m [0m| |[7;1m [0m| |[7;1m [0m| |[7;1m [0m|| 3
[32;1m[Board] [0m  -------------------
[32;1m[Board] [0m2 ||[0;1mp[0m|[0;1mp[0m|[0;1mp[0m|[0;1mp[0m|[7;1m [0m|[0;1mp[0m|[0;1mp[0m|[0;1mp[0m|| 2
[32;1m[Board] [0m  -------------------
[32;1m[Board] [0m1 ||[0;1mr[0m|[0;1mk[0m|[0;1mb[0m|[0;1mQ[0m|[0;1mK[0m|[0;1mb[0m|[0;1mk[0m|[0;1mr[0m|| 1
[32;1m[Board] [0m  -------------------
[32;1m[Board] [0m    a b c d e f g h
[32;1m[Board] [0m
[32;1m[Referee] [0mThis is the turn of the White player...
 +-----------------+
8| R N B Q K B N R |
7| . P P P P P P P |
6| P . . . . . . . |
5| . . . . . . . . |
4| . . . . p . . . |
3| . . . . . . . . |
2| p p p p . p p p |
1| r n b q k b n r |
 +-----------------+
   a b c d e f g h
 +-----------------+
8| R N B Q K B N R |
7| . P P P P P P P |
6| P . . . . . . . |
5| . . . . . . . . |
4| . . . p p . . . |
3| . . . . . . . . |
2| p p p . . p p p |
1| r n b q k b n r |
 +-----------------+
   a b c d e f g h
[32;1m[Game] [0mPlayer's error code: 0
[32;1m[Game] [0mChecking move validity...
[32;1m[Board] [0mInitializing board...
[32;1m[Board] [0mLoading history file `championship/pawnstar-blunder-ai/history.csv`...
[32;1m[Board] [0mLoaded 2 move(s).
[32;1m[Board] [0mLoading move file `championship/pawnstar-blunder-ai/move.csv`...
[32;1m[Board] [0mWhite player is playing d2 to d4.
[32;1m[Board] [0m
[32;1m[Board] [0m    a b c d e f g h 
[32;1m[Board] [0m  -------------------
[32;1m[Board] [0m8 ||[30;1mr[0m|[30;1mk[0m|[30;1mb[0m|[30;1mQ[0m|[30;1mK[0m|[30;1mb[0m|[30;1mk[0m|[30;1mr[0m|| 8
[32;1m[Board] [0m  -------------------
[32;1m[Board] [0m7 || |[30;1mp[0m|[30;1mp[0m|[30;1mp[0m|[30;1mp[0m|[30;1mp[0m|[30;1mp[0m|[30;1mp[0m|| 7
[32;1m[Board] [0m  -------------------
[32;1m[Board] [0m6 ||[30;1mp[0m| |[7;1m [0m| |[7;1m [0m| |[7;1m [0m| || 6
[32;1m[Board] [0m  -------------------
[32;1m[Board] [0m5 || |[7;1m [0m| |[7;1m [0m| |[7;1m [0m| |[7;1m [0m|| 5
[32;1m[Board] [0m  -------------------
[32;1m[Board] [0m4 ||[7;1m [0m| |[7;1m [0m|[0;1mp[0m|[0;1mp[0m| |[7;1m [0m| || 4
[32;1m[Board] [0m  -------------------
[32;1m[Board] [0m3 || |[7;1m [0m| |[7;1m [0m| |[7;1m [0m| |[7;1m [0m|| 3
[32;1m[Board] [0m  -------------------
[32;1m[Board] [0m2 ||[0;1mp[0m|[0;1mp[0m|[0;1mp[0m| |[7;1m [0m|[0;1mp[0m|[0;1mp[0m|[0;1mp[0m|| 2
[32;1m[Board] [0m  -------------------
[32;1m[Board] [0m1 ||[0;1mr[0m|[0;1mk[0m|[0;1mb[0m|[0;1mQ[0m|[0;1mK[0m|[0;1mb[0m|[0;1mk[0m|[0;1mr[0m|| 1
[32;1m[Board] [0m  -------------------
[32;1m[Board] [0m    a b c d e f g h
[32;1m[Board] [0m
[32;1m[Referee] [0mThis is the turn of the Black player...

---------------------------------
|   |   |   |   |   |   |   |   |
| [31mr[0m | [31mn[0m | [31mb[0m | [31mq[0m | [31mk[0m | [31mb[0m | [31mn[0m | [31mr[0m |
|   |   |   |   |   |   |   |   |
---------------------------------
|   |   |   |   |   |   |   |   |
|   | [31mp[0m | [31mp[0m | [31mp[0m | [31mp[0m | [31mp[0m | [31mp[0m | [31mp[0m |
|   |   |   |   |   |   |   |   |
---------------------------------
|   |   |   |   |   |   |   |   |
|   |   |   |   |   |   |   |   |
|   |   |   |   |   |   |   |   |
---------------------------------
|   |   |   |   |   |   |   |   |
|   |   |   |   |   |   |   |   |
|   |   |   |   |   |   |   |   |
---------------------------------
|   |   |   |   |   |   |   |   |
| [31mp[0m | p[0m |   | p[0m | p[0m |   |   |   |
|   |   |   |   |   |   |   |   |
---------------------------------
|   |   |   |   |   |   |   |   |
| n[0m |   |   |   |   |   |   |   |
|   |   |   |   |   |   |   |   |
---------------------------------
|   |   |   |   |   |   |   |   |
| p[0m |   | p[0m |   |   | p[0m | p[0m | p[0m |
|   |   |   |   |   |   |   |   |
---------------------------------
|   |   |   |   |   |   |   |   |
| r[0m |   | b[0m | q[0m | k[0m | b[0m | n[0m | r[0m |
|   |   |   |   |   |   |   |   |

we are handling an en passant, the evil pawn's coord: a4

---------------------------------
|   |   |   |   |   |   |   |   |
| [31mr[0m | [31mn[0m | [31mb[0m | [31mq[0m | [31mk[0m | [31mb[0m | [31mn[0m | [31mr[0m |
|   |   |   |   |   |   |   |   |
---------------------------------
|   |   |   |   |   |   |   |   |
|   | [31mp[0m | [31mp[0m | [31mp[0m | [31mp[0m | [31mp[0m | [31mp[0m | [31mp[0m |
|   |   |   |   |   |   |   |   |
---------------------------------
|   |   |   |   |   |   |   |   |
|   |   |   |   |   |   |   |   |
|   |   |   |   |   |   |   |   |
---------------------------------
|   |   |   |   |   |   |   |   |
|   |   |   |   |   |   |   |   |
|   |   |   |   |   |   |   |   |
---------------------------------
|   |   |   |   |   |   |   |   |
| [31mp[0m | p[0m |   | p[0m | p[0m |   |   |   |
|   |   |   |   |   |   |   |   |
---------------------------------
|   |   |   |   |   |   |   |   |
| p[0m |   |   |   |   |   |   |   |
|   |   |   |   |   |   |   |   |
---------------------------------
|   |   |   |   |   |   |   |   |
|   |   | p[0m |   |   | p[0m | p[0m | p[0m |
|   |   |   |   |   |   |   |   |
---------------------------------
|   |   |   |   |   |   |   |   |
| r[0m | n[0m | b[0m | q[0m | k[0m | b[0m | n[0m | r[0m |
|   |   |   |   |   |   |   |   |

we are handling an en passant, the evil pawn's coord: a4
0.9 0.9 0.9 0.9 0.9 0.9 0.9 0.9 0.9 0.9 0.9 0.9 0.9 0.9 0.9 0.9 0.9 0.9 0.9 [==================] Is it a draw? No[32;1m[Game] [0mPlayer's error code: 0
[32;1m[Game] [0mChecking move validity...
[32;1m[Board] [0mInitializing board...
[32;1m[Board] [0mLoading history file `championship/pawnstar-blunder-ai/history.csv`...
[32;1m[Board] [0mLoaded 3 move(s).
[32;1m[Board] [0mLoading move file `championship/pawnstar-blunder-ai/move.csv`...
[32;1m[Board] [0mBlack player is playing a6 to a5.
[32;1m[Board] [0m
[32;1m[Board] [0m    a b c d e f g h 
[32;1m[Board] [0m  -------------------
[32;1m[Board] [0m8 ||[30;1mr[0m|[30;1mk[0m|[30;1mb[0m|[30;1mQ[0m|[30;1mK[0m|[30;1mb[0m|[30;1mk[0m|[30;1mr[0m|| 8
[32;1m[Board] [0m  -------------------
[32;1m[Board] [0m7 || |[30;1mp[0m|[30;1mp[0m|[30;1mp[0m|[30;1mp[0m|[30;1mp[0m|[30;1mp[0m|[30;1mp[0m|| 7
[32;1m[Board] [0m  -------------------
[32;1m[Board] [0m6 ||[7;1m [0m| |[7;1m [0m| |[7;1m [0m| |[7;1m [0m| || 6
[32;1m[Board] [0m  -------------------
[32;1m[Board] [0m5 ||[30;1mp[0m|[7;1m [0m| |[7;1m [0m| |[7;1m [0m| |[7;1m [0m|| 5
[32;1m[Board] [0m  -------------------
[32;1m[Board] [0m4 ||[7;1m [0m| |[7;1m [0m|[0;1mp[0m|[0;1mp[0m| |[7;1m [0m| || 4
[32;1m[Board] [0m  -------------------
[32;1m[Board] [0m3 || |[7;1m [0m| |[7;1m [0m| |[7;1m [0m| |[7;1m [0m|| 3
[32;1m[Board] [0m  -------------------
[32;1m[Board] [0m2 ||[0;1mp[0m|[0;1mp[0m|[0;1mp[0m| |[7;1m [0m|[0;1mp[0m|[0;1mp[0m|[0;1mp[0m|| 2
[32;1m[Board] [0m  -------------------
[32;1m[Board] [0m1 ||[0;1mr[0m|[0;1mk[0m|[0;1mb[0m|[0;1mQ[0m|[0;1mK[0m|[0;1mb[0m|[0;1mk[0m|[0;1mr[0m|| 1
[32;1m[Board] [0m  -------------------
[32;1m[Board] [0m    a b c d e f g h
[32;1m[Board] [0m
[32;1m[Referee] [0mThis is the turn of the White player...
 +-----------------+
8| R N B Q K B N R |
7| . P P P P P P P |
6| . . . . . . . . |
5| P . . . . . . . |
4| . . . p p . . . |
3| . . . . . . . . |
2| p p p . . p p p |
1| r n b q k b n r |
 +-----------------+
   a b c d e f g h
 +-----------------+
8| R N B Q K B N R |
7| . P P P P P P P |
6| . . . . . . . . |
5| P . . . . . . . |
4| . . . p p . . . |
3| . . n . . . . . |
2| p p p . . p p p |
1| r . b q k b n r |
 +-----------------+
   a b c d e f g h
[32;1m[Game] [0mPlayer's error code: 0
[32;1m[Game] [0mChecking move validity...
[32;1m[Board] [0mInitializing board...
[32;1m[Board] [0mLoading history file `championship/pawnstar-blunder-ai/history.csv`...
[32;1m[Board] [0mLoaded 4 move(s).
[32;1m[Board] [0mLoading move file `championship/pawnstar-blunder-ai/move.csv`...
[32;1m[Board] [0mWhite player is playing b1 to c3.
[32;1m[Board] [0m
[32;1m[Board] [0m    a b c d e f g h 
[32;1m[Board] [0m  -------------------
[32;1m[Board] [0m8 ||[30;1mr[0m|[30;1mk[0m|[30;1mb[0m|[30;1mQ[0m|[30;1mK[0m|[30;1mb[0m|[30;1mk[0m|[30;1mr[0m|| 8
[32;1m[Board] [0m  -------------------
[32;1m[Board] [0m7 || |[30;1mp[0m|[30;1mp[0m|[30;1mp[0m|[30;1mp[0m|[30;1mp[0m|[30;1mp[0m|[30;1mp[0m|| 7
[32;1m[Board] [0m  -------------------
[32;1m[Board] [0m6 ||[7;1m [0m| |[7;1m [0m| |[7;1m [0m| |[7;1m [0m| || 6
[32;1m[Board] [0m  -------------------
[32;1m[Board] [0m5 ||[30;1mp[0m|[7;1m [0m| |[7;1m [0m| |[7;1m [0m| |[7;1m [0m|| 5
[32;1m[Board] [0m  -------------------
[32;1m[Board] [0m4 ||[7;1m [0m| |[7;1m [0m|[0;1mp[0m|[0;1mp[0m| |[7;1m [0m| || 4
[32;1m[Board] [0m  -------------------
[32;1m[Board] [0m3 || |[7;1m [0m|[0;1mk[0m|[7;1m [0m| |[7;1m [0m| |[7;1m [0m|| 3
[32;1m[Board] [0m  -------------------
[32;1m[Board] [0m2 ||[0;1mp[0m|[0;1mp[0m|[0;1mp[0m| |[7;1m [0m|[0;1mp[0m|[0;1mp[0m|[0;1mp[0m|| 2
[32;1m[Board] [0m  -------------------
[32;1m[Board] [0m1 ||[0;1mr[0m|[7;1m [0m|[0;1mb[0m|[0;1mQ[0m|[0;1mK[0m|[0;1mb[0m|[0;1mk[0m|[0;1mr[0m|| 1
[32;1m[Board] [0m  -------------------
[32;1m[Board] [0m    a b c d e f g h
[32;1m[Board] [0m
[32;1m[Referee] [0mThis is the turn of the Black player...

---------------------------------
|   |   |   |   |   |   |   |   |
| [31mr[0m | [31mn[0m | [31mb[0m | [31mq[0m | [31mk[0m | [31mb[0m | [31mn[0m | [31mr[0m |
|   |   |   |   |   |   |   |   |
---------------------------------
|   |   |   |   |   |   |   |   |
|   |   | [31mp[0m | [31mp[0m | [31mp[0m | [31mp[0m | [31mp[0m | [31mp[0m |
|   |   |   |   |   |   |   |   |
---------------------------------
|   |   |   |   |   |   |   |   |
|   | [31mp[0m |   |   |   |   |   |   |
|   |   |   |   |   |   |   |   |
---------------------------------
|   |   |   |   |   |   |   |   |
|   |   |   |   |   |   |   |   |
|   |   |   |   |   |   |   |   |
---------------------------------
|   |   |   |   |   |   |   |   |
| [31mp[0m | p[0m |   | p[0m | p[0m |   |   |   |
|   |   |   |   |   |   |   |   |
---------------------------------
|   |   |   |   |   |   |   |   |
| p[0m |   | n[0m |   |   |   |   |   |
|   |   |   |   |   |   |   |   |
---------------------------------
|   |   |   |   |   |   |   |   |
|   |   | p[0m |   |   | p[0m | p[0m | p[0m |
|   |   |   |   |   |   |   |   |
---------------------------------
|   |   |   |   |   |   |   |   |
| r[0m |   | b[0m | q[0m | k[0m | b[0m | n[0m | r[0m |
|   |   |   |   |   |   |   |   |

we are handling an en passant, the evil pawn's coord: a4
0.9 0.9 0.9 0.9 0.9 0.9 0.9 0.9 0.9 0.9 0.9 0.9 0.9 0.9 0.9 
---------------------------------
|   |   |   |   |   |   |   |   |
|   | [31mn[0m | [31mb[0m | [31mq[0m | [31mk[0m | [31mb[0m | [31mn[0m | [31mr[0m |
|   |   |   |   |   |   |   |   |
---------------------------------
|   |   |   |   |   |   |   |   |
| [31mr[0m | [31mp[0m | [31mp[0m | [31mp[0m | [31mp[0m | [31mp[0m | [31mp[0m | [31mp[0m |
|   |   |   |   |   |   |   |   |
---------------------------------
|   |   |   |   |   |   |   |   |
|   |   |   |   |   |   |   |   |
|   |   |   |   |   |   |   |   |
---------------------------------
|   |   |   |   |   |   |   |   |
|   |   |   |   |   |   |   |   |
|   |   |   |   |   |   |   |   |
---------------------------------
|   |   |   |   |   |   |   |   |
| [31mp[0m | p[0m |   | p[0m | p[0m |   |   |   |
|   |   |   |   |   |   |   |   |
---------------------------------
|   |   |   |   |   |   |   |   |
| p[0m |   | n[0m |   |   |   |   |   |
|   |   |   |   |   |   |   |   |
---------------------------------
|   |   |   |   |   |   |   |   |
|   |   | p[0m |   |   | p[0m | p[0m | p[0m |
|   |   |   |   |   |   |   |   |
---------------------------------
|   |   |   |   |   |   |   |   |
| r[0m |   | b[0m | q[0m | k[0m | b[0m | n[0m | r[0m |
|   |   |   |   |   |   |   |   |

we are handling an en passant, the evil pawn's coord: a4
4.9 4.9 0.9 0.9 0.9 0.9 [==================] Is it a draw? No[32;1m[Game] [0mPlayer's error code: 0
[32;1m[Game] [0mChecking move validity...
[32;1m[Board] [0mInitializing board...
[32;1m[Board] [0mLoading history file `championship/pawnstar-blunder-ai/history.csv`...
[32;1m[Board] [0mLoaded 5 move(s).
[32;1m[Board] [0mLoading move file `championship/pawnstar-blunder-ai/move.csv`...
[32;1m[Board] [0mBlack player is playing a5 to a4.
[32;1m[Board] [0m
[32;1m[Board] [0m    a b c d e f g h 
[32;1m[Board] [0m  -------------------
[32;1m[Board] [0m8 ||[30;1mr[0m|[30;1mk[0m|[30;1mb[0m|[30;1mQ[0m|[30;1mK[0m|[30;1mb[0m|[30;1mk[0m|[30;1mr[0m|| 8
[32;1m[Board] [0m  -------------------
[32;1m[Board] [0m7 || |[30;1mp[0m|[30;1mp[0m|[30;1mp[0m|[30;1mp[0m|[30;1mp[0m|[30;1mp[0m|[30;1mp[0m|| 7
[32;1m[Board] [0m  -------------------
[32;1m[Board] [0m6 ||[7;1m [0m| |[7;1m [0m| |[7;1m [0m| |[7;1m [0m| || 6
[32;1m[Board] [0m  -------------------
[32;1m[Board] [0m5 || |[7;1m [0m| |[7;1m [0m| |[7;1m [0m| |[7;1m [0m|| 5
[32;1m[Board] [0m  -------------------
[32;1m[Board] [0m4 ||[30;1mp[0m| |[7;1m [0m|[0;1mp[0m|[0;1mp[0m| |[7;1m [0m| || 4
[32;1m[Board] [0m  -------------------
[32;1m[Board] [0m3 || |[7;1m [0m|[0;1mk[0m|[7;1m [0m| |[7;1m [0m| |[7;1m [0m|| 3
[32;1m[Board] [0m  -------------------
[32;1m[Board] [0m2 ||[0;1mp[0m|[0;1mp[0m|[0;1mp[0m| |[7;1m [0m|[0;1mp[0m|[0;1mp[0m|[0;1mp[0m|| 2
[32;1m[Board] [0m  -------------------
[32;1m[Board] [0m1 ||[0;1mr[0m|[7;1m [0m|[0;1mb[0m|[0;1mQ[0m|[0;1mK[0m|[0;1mb[0m|[0;1mk[0m|[0;1mr[0m|| 1
[32;1m[Board] [0m  -------------------
[32;1m[Board] [0m    a b c d e f g h
[32;1m[Board] [0m
[32;1m[Referee] [0mThis is the turn of the White player...
 +-----------------+
8| R N B Q K B N R |
7| . P P P P P P P |
6| . . . . . . . . |
5| . . . . . . . . |
4| P . . p p . . . |
3| . . n . . . . . |
2| p p p . . p p p |
1| r . b q k b n r |
 +-----------------+
   a b c d e f g h
 +-----------------+
8| R N B Q K B N R |
7| . P P P P P P P |
6| . . . . . . . . |
5| . b . . . . . . |
4| P . . p p . . . |
3| . . n . . . . . |
2| p p p . . p p p |
1| r . b q k . n r |
 +-----------------+
   a b c d e f g h
[32;1m[Game] [0mPlayer's error code: 0
[32;1m[Game] [0mChecking move validity...
[32;1m[Board] [0mInitializing board...
[32;1m[Board] [0mLoading history file `championship/pawnstar-blunder-ai/history.csv`...
[32;1m[Board] [0mLoaded 6 move(s).
[32;1m[Board] [0mLoading move file `championship/pawnstar-blunder-ai/move.csv`...
[32;1m[Board] [0mWhite player is playing f1 to b5.
[32;1m[Board] [0m
[32;1m[Board] [0m    a b c d e f g h 
[32;1m[Board] [0m  -------------------
[32;1m[Board] [0m8 ||[30;1mr[0m|[30;1mk[0m|[30;1mb[0m|[30;1mQ[0m|[30;1mK[0m|[30;1mb[0m|[30;1mk[0m|[30;1mr[0m|| 8
[32;1m[Board] [0m  -------------------
[32;1m[Board] [0m7 || |[30;1mp[0m|[30;1mp[0m|[30;1mp[0m|[30;1mp[0m|[30;1mp[0m|[30;1mp[0m|[30;1mp[0m|| 7
[32;1m[Board] [0m  -------------------
[32;1m[Board] [0m6 ||[7;1m [0m| |[7;1m [0m| |[7;1m [0m| |[7;1m [0m| || 6
[32;1m[Board] [0m  -------------------
[32;1m[Board] [0m5 || |[0;1mb[0m| |[7;1m [0m| |[7;1m [0m| |[7;1m [0m|| 5
[32;1m[Board] [0m  -------------------
[32;1m[Board] [0m4 ||[30;1mp[0m| |[7;1m [0m|[0;1mp[0m|[0;1mp[0m| |[7;1m [0m| || 4
[32;1m[Board] [0m  -------------------
[32;1m[Board] [0m3 || |[7;1m [0m|[0;1mk[0m|[7;1m [0m| |[7;1m [0m| |[7;1m [0m|| 3
[32;1m[Board] [0m  -------------------
[32;1m[Board] [0m2 ||[0;1mp[0m|[0;1mp[0m|[0;1mp[0m| |[7;1m [0m|[0;1mp[0m|[0;1mp[0m|[0;1mp[0m|| 2
[32;1m[Board] [0m  -------------------
[32;1m[Board] [0m1 ||[0;1mr[0m|[7;1m [0m|[0;1mb[0m|[0;1mQ[0m|[0;1mK[0m|[7;1m [0m|[0;1mk[0m|[0;1mr[0m|| 1
[32;1m[Board] [0m  -------------------
[32;1m[Board] [0m    a b c d e f g h
[32;1m[Board] [0m
[32;1m[Referee] [0mThis is the turn of the Black player...
1.8 1.8 1.8 1.8 1.8 1.8 1.8 1.8 1.8 1.8 1.8 1.8 1.8 1.8 
---------------------------------
|   |   |   |   |   |   |   |   |
|   | [31mn[0m | [31mb[0m | [31mq[0m | [31mk[0m | [31mb[0m | [31mn[0m | [31mr[0m |
|   |   |   |   |   |   |   |   |
---------------------------------
|   |   |   |   |   |   |   |   |
|   | [31mp[0m | [31mp[0m | [31mp[0m | [31mp[0m | [31mp[0m | [31mp[0m | [31mp[0m |
|   |   |   |   |   |   |   |   |
---------------------------------
|   |   |   |   |   |   |   |   |
| [31mr[0m |   |   |   |   |   |   |   |
|   |   |   |   |   |   |   |   |
---------------------------------
|   |   |   |   |   |   |   |   |
|   | b[0m |   |   |   |   |   |   |
|   |   |   |   |   |   |   |   |
---------------------------------
|   |   |   |   |   |   |   |   |
| [31mp[0m | p[0m |   | p[0m | p[0m |   |   |   |
|   |   |   |   |   |   |   |   |
---------------------------------
|   |   |   |   |   |   |   |   |
| p[0m |   | n[0m |   |   |   |   |   |
|   |   |   |   |   |   |   |   |
---------------------------------
|   |   |   |   |   |   |   |   |
|   |   | p[0m |   |   | p[0m | p[0m | p[0m |
|   |   |   |   |   |   |   |   |
---------------------------------
|   |   |   |   |   |   |   |   |
| r[0m |   | b[0m | q[0m | k[0m |   | n[0m | r[0m |
|   |   |   |   |   |   |   |   |

we are handling an en passant, the evil pawn's coord: a4
4.9 4.9 4.9 1.8 1.8 1.8 1.8 [==================] Is it a draw? No[32;1m[Game] [0mPlayer's error code: 0
[32;1m[Game] [0mChecking move validity...
[32;1m[Board] [0mInitializing board...
[32;1m[Board] [0mLoading history file `championship/pawnstar-blunder-ai/history.csv`...
[32;1m[Board] [0mLoaded 7 move(s).
[32;1m[Board] [0mLoading move file `championship/pawnstar-blunder-ai/move.csv`...
[32;1m[Board] [0mBlack player is playing a4 to a3.
[32;1m[Board] [0m
[32;1m[Board] [0m    a b c d e f g h 
[32;1m[Board] [0m  -------------------
[32;1m[Board] [0m8 ||[30;1mr[0m|[30;1mk[0m|[30;1mb[0m|[30;1mQ[0m|[30;1mK[0m|[30;1mb[0m|[30;1mk[0m|[30;1mr[0m|| 8
[32;1m[Board] [0m  -------------------
[32;1m[Board] [0m7 || |[30;1mp[0m|[30;1mp[0m|[30;1mp[0m|[30;1mp[0m|[30;1mp[0m|[30;1mp[0m|[30;1mp[0m|| 7
[32;1m[Board] [0m  -------------------
[32;1m[Board] [0m6 ||[7;1m [0m| |[7;1m [0m| |[7;1m [0m| |[7;1m [0m| || 6
[32;1m[Board] [0m  -------------------
[32;1m[Board] [0m5 || |[0;1mb[0m| |[7;1m [0m| |[7;1m [0m| |[7;1m [0m|| 5
[32;1m[Board] [0m  -------------------
[32;1m[Board] [0m4 ||[7;1m [0m| |[7;1m [0m|[0;1mp[0m|[0;1mp[0m| |[7;1m [0m| || 4
[32;1m[Board] [0m  -------------------
[32;1m[Board] [0m3 ||[30;1mp[0m|[7;1m [0m|[0;1mk[0m|[7;1m [0m| |[7;1m [0m| |[7;1m [0m|| 3
[32;1m[Board] [0m  -------------------
[32;1m[Board] [0m2 ||[0;1mp[0m|[0;1mp[0m|[0;1mp[0m| |[7;1m [0m|[0;1mp[0m|[0;1mp[0m|[0;1mp[0m|| 2
[32;1m[Board] [0m  -------------------
[32;1m[Board] [0m1 ||[0;1mr[0m|[7;1m [0m|[0;1mb[0m|[0;1mQ[0m|[0;1mK[0m|[7;1m [0m|[0;1mk[0m|[0;1mr[0m|| 1
[32;1m[Board] [0m  -------------------
[32;1m[Board] [0m    a b c d e f g h
[32;1m[Board] [0m
[32;1m[Referee] [0mThis is the turn of the White player...
 +-----------------+
8| R N B Q K B N R |
7| . P P P P P P P |
6| . . . . . . . . |
5| . b . . . . . . |
4| . . . p p . . . |
3| P . n . . . . . |
2| p p p . . p p p |
1| r . b q k . n r |
 +-----------------+
   a b c d e f g h
 +-----------------+
8| R N B Q K B N R |
7| . P P P P P P P |
6| . . . . . . . . |
5| . b . . . . . . |
4| . . . p p . . . |
3| p . n . . . . . |
2| p . p . . p p p |
1| r . b q k . n r |
 +-----------------+
   a b c d e f g h
[32;1m[Game] [0mPlayer's error code: 0
[32;1m[Game] [0mChecking move validity...
[32;1m[Board] [0mInitializing board...
[32;1m[Board] [0mLoading history file `championship/pawnstar-blunder-ai/history.csv`...
[32;1m[Board] [0mLoaded 8 move(s).
[32;1m[Board] [0mLoading move file `championship/pawnstar-blunder-ai/move.csv`...
[32;1m[Board] [0mWhite player is playing b2 to a3.
[32;1m[Board] [0m[5;1mWhite Pawn is taking Black Pawn.[0m
[32;1m[Board] [0m
[32;1m[Board] [0m    a b c d e f g h 
[32;1m[Board] [0m  -------------------
[32;1m[Board] [0m8 ||[30;1mr[0m|[30;1mk[0m|[30;1mb[0m|[30;1mQ[0m|[30;1mK[0m|[30;1mb[0m|[30;1mk[0m|[30;1mr[0m|| 8
[32;1m[Board] [0m  -------------------
[32;1m[Board] [0m7 || |[30;1mp[0m|[30;1mp[0m|[30;1mp[0m|[30;1mp[0m|[30;1mp[0m|[30;1mp[0m|[30;1mp[0m|| 7
[32;1m[Board] [0m  -------------------
[32;1m[Board] [0m6 ||[7;1m [0m| |[7;1m [0m| |[7;1m [0m| |[7;1m [0m| || 6
[32;1m[Board] [0m  -------------------
[32;1m[Board] [0m5 || |[0;1mb[0m| |[7;1m [0m| |[7;1m [0m| |[7;1m [0m|| 5
[32;1m[Board] [0m  -------------------
[32;1m[Board] [0m4 ||[7;1m [0m| |[7;1m [0m|[0;1mp[0m|[0;1mp[0m| |[7;1m [0m| || 4
[32;1m[Board] [0m  -------------------
[32;1m[Board] [0m3 ||[0;1mp[0m|[7;1m [0m|[0;1mk[0m|[7;1m [0m| |[7;1m [0m| |[7;1m [0m|| 3
[32;1m[Board] [0m  -------------------
[32;1m[Board] [0m2 ||[0;1mp[0m| |[0;1mp[0m| |[7;1m [0m|[0;1mp[0m|[0;1mp[0m|[0;1mp[0m|| 2
[32;1m[Board] [0m  -------------------
[32;1m[Board] [0m1 ||[0;1mr[0m|[7;1m [0m|[0;1mb[0m|[0;1mQ[0m|[0;1mK[0m|[7;1m [0m|[0;1mk[0m|[0;1mr[0m|| 1
[32;1m[Board] [0m  -------------------
[32;1m[Board] [0m    a b c d e f g h
[32;1m[Board] [0m
[32;1m[Referee] [0mThis is the turn of the Black player...
1.8 1.8 1.8 1.8 1.8 1.8 1.8 1.8 1.8 1.8 1.8 1.8 1.8 1.8 1.8 1.8 1.8 5.8 1.8 1.8 1.8 1.8 [==================] Is it a draw? No[32;1m[Game] [0mPlayer's error code: 0
[32;1m[Game] [0mChecking move validity...
[32;1m[Board] [0mInitializing board...
[32;1m[Board] [0mLoading history file `championship/pawnstar-blunder-ai/history.csv`...
[32;1m[Board] [0mLoaded 9 move(s).
[32;1m[Board] [0mLoading move file `championship/pawnstar-blunder-ai/move.csv`...
[32;1m[Board] [0mBlack player is playing b7 to b6.
[32;1m[Board] [0m
[32;1m[Board] [0m    a b c d e f g h 
[32;1m[Board] [0m  -------------------
[32;1m[Board] [0m8 ||[30;1mr[0m|[30;1mk[0m|[30;1mb[0m|[30;1mQ[0m|[30;1mK[0m|[30;1mb[0m|[30;1mk[0m|[30;1mr[0m|| 8
[32;1m[Board] [0m  -------------------
[32;1m[Board] [0m7 || |[7;1m [0m|[30;1mp[0m|[30;1mp[0m|[30;1mp[0m|[30;1mp[0m|[30;1mp[0m|[30;1mp[0m|| 7
[32;1m[Board] [0m  -------------------
[32;1m[Board] [0m6 ||[7;1m [0m|[30;1mp[0m|[7;1m [0m| |[7;1m [0m| |[7;1m [0m| || 6
[32;1m[Board] [0m  -------------------
[32;1m[Board] [0m5 || |[0;1mb[0m| |[7;1m [0m| |[7;1m [0m| |[7;1m [0m|| 5
[32;1m[Board] [0m  -------------------
[32;1m[Board] [0m4 ||[7;1m [0m| |[7;1m [0m|[0;1mp[0m|[0;1mp[0m| |[7;1m [0m| || 4
[32;1m[Board] [0m  -------------------
[32;1m[Board] [0m3 ||[0;1mp[0m|[7;1m [0m|[0;1mk[0m|[7;1m [0m| |[7;1m [0m| |[7;1m [0m|| 3
[32;1m[Board] [0m  -------------------
[32;1m[Board] [0m2 ||[0;1mp[0m| |[0;1mp[0m| |[7;1m [0m|[0;1mp[0m|[0;1mp[0m|[0;1mp[0m|| 2
[32;1m[Board] [0m  -------------------
[32;1m[Board] [0m1 ||[0;1mr[0m|[7;1m [0m|[0;1mb[0m|[0;1mQ[0m|[0;1mK[0m|[7;1m [0m|[0;1mk[0m|[0;1mr[0m|| 1
[32;1m[Board] [0m  -------------------
[32;1m[Board] [0m    a b c d e f g h
[32;1m[Board] [0m
[32;1m[Referee] [0mThis is the turn of the White player...
 +-----------------+
8| R N B Q K B N R |
7| . . P P P P P P |
6| . P . . . . . . |
5| . b . . . . . . |
4| . . . p p . . . |
3| p . n . . . . . |
2| p . p . . p p p |
1| r . b q k . n r |
 +-----------------+
   a b c d e f g h
 +-----------------+
8| R N B Q K B N R |
7| . . P P P P P P |
6| . P . . . . . . |
5| . b . . . . . . |
4| . . . p p . . . |
3| p . n . . q . . |
2| p . p . . p p p |
1| r . b . k . n r |
 +-----------------+
   a b c d e f g h
[32;1m[Game] [0mPlayer's error code: 0
[32;1m[Game] [0mChecking move validity...
[32;1m[Board] [0mInitializing board...
[32;1m[Board] [0mLoading history file `championship/pawnstar-blunder-ai/history.csv`...
[32;1m[Board] [0mLoaded 10 move(s).
[32;1m[Board] [0mLoading move file `championship/pawnstar-blunder-ai/move.csv`...
[32;1m[Board] [0mWhite player is playing d1 to f3.
[32;1m[Board] [0m
[32;1m[Board] [0m    a b c d e f g h 
[32;1m[Board] [0m  -------------------
[32;1m[Board] [0m8 ||[30;1mr[0m|[30;1mk[0m|[30;1mb[0m|[30;1mQ[0m|[30;1mK[0m|[30;1mb[0m|[30;1mk[0m|[30;1mr[0m|| 8
[32;1m[Board] [0m  -------------------
[32;1m[Board] [0m7 || |[7;1m [0m|[30;1mp[0m|[30;1mp[0m|[30;1mp[0m|[30;1mp[0m|[30;1mp[0m|[30;1mp[0m|| 7
[32;1m[Board] [0m  -------------------
[32;1m[Board] [0m6 ||[7;1m [0m|[30;1mp[0m|[7;1m [0m| |[7;1m [0m| |[7;1m [0m| || 6
[32;1m[Board] [0m  -------------------
[32;1m[Board] [0m5 || |[0;1mb[0m| |[7;1m [0m| |[7;1m [0m| |[7;1m [0m|| 5
[32;1m[Board] [0m  -------------------
[32;1m[Board] [0m4 ||[7;1m [0m| |[7;1m [0m|[0;1mp[0m|[0;1mp[0m| |[7;1m [0m| || 4
[32;1m[Board] [0m  -------------------
[32;1m[Board] [0m3 ||[0;1mp[0m|[7;1m [0m|[0;1mk[0m|[7;1m [0m| |[0;1mQ[0m| |[7;1m [0m|| 3
[32;1m[Board] [0m  -------------------
[32;1m[Board] [0m2 ||[0;1mp[0m| |[0;1mp[0m| |[7;1m [0m|[0;1mp[0m|[0;1mp[0m|[0;1mp[0m|| 2
[32;1m[Board] [0m  -------------------
[32;1m[Board] [0m1 ||[0;1mr[0m|[7;1m [0m|[0;1mb[0m|[7;1m [0m|[0;1mK[0m|[7;1m [0m|[0;1mk[0m|[0;1mr[0m|| 1
[32;1m[Board] [0m  -------------------
[32;1m[Board] [0m    a b c d e f g h
[32;1m[Board] [0m
[32;1m[Referee] [0mThis is the turn of the Black player...
2.7 2.7 2.7 2.7 2.7 2.7 2.7 2.7 2.7 2.7 2.7 2.7 inf inf inf inf 5.8 2.7 2.7 2.7 2.7 2.7 2.7 [==================] Is it a draw? No[32;1m[Game] [0mPlayer's error code: 0
[32;1m[Game] [0mChecking move validity...
[32;1m[Board] [0mInitializing board...
[32;1m[Board] [0mLoading history file `championship/pawnstar-blunder-ai/history.csv`...
[32;1m[Board] [0mLoaded 11 move(s).
[32;1m[Board] [0mLoading move file `championship/pawnstar-blunder-ai/move.csv`...
[32;1m[Board] [0mBlack player is playing c7 to c6.
[32;1m[Board] [0m
[32;1m[Board] [0m    a b c d e f g h 
[32;1m[Board] [0m  -------------------
[32;1m[Board] [0m8 ||[30;1mr[0m|[30;1mk[0m|[30;1mb[0m|[30;1mQ[0m|[30;1mK[0m|[30;1mb[0m|[30;1mk[0m|[30;1mr[0m|| 8
[32;1m[Board] [0m  -------------------
[32;1m[Board] [0m7 || |[7;1m [0m| |[30;1mp[0m|[30;1mp[0m|[30;1mp[0m|[30;1mp[0m|[30;1mp[0m|| 7
[32;1m[Board] [0m  -------------------
[32;1m[Board] [0m6 ||[7;1m [0m|[30;1mp[0m|[30;1mp[0m| |[7;1m [0m| |[7;1m [0m| || 6
[32;1m[Board] [0m  -------------------
[32;1m[Board] [0m5 || |[0;1mb[0m| |[7;1m [0m| |[7;1m [0m| |[7;1m [0m|| 5
[32;1m[Board] [0m  -------------------
[32;1m[Board] [0m4 ||[7;1m [0m| |[7;1m [0m|[0;1mp[0m|[0;1mp[0m| |[7;1m [0m| || 4
[32;1m[Board] [0m  -------------------
[32;1m[Board] [0m3 ||[0;1mp[0m|[7;1m [0m|[0;1mk[0m|[7;1m [0m| |[0;1mQ[0m| |[7;1m [0m|| 3
[32;1m[Board] [0m  -------------------
[32;1m[Board] [0m2 ||[0;1mp[0m| |[0;1mp[0m| |[7;1m [0m|[0;1mp[0m|[0;1mp[0m|[0;1mp[0m|| 2
[32;1m[Board] [0m  -------------------
[32;1m[Board] [0m1 ||[0;1mr[0m|[7;1m [0m|[0;1mb[0m|[7;1m [0m|[0;1mK[0m|[7;1m [0m|[0;1mk[0m|[0;1mr[0m|| 1
[32;1m[Board] [0m  -------------------
[32;1m[Board] [0m    a b c d e f g h
[32;1m[Board] [0m
[32;1m[Referee] [0mThis is the turn of the White player...
 +-----------------+
8| R N B Q K B N R |
7| . . . P P P P P |
6| . P P . . . . . |
5| . b . . . . . . |
4| . . . p p . . . |
3| p . n . . q . . |
2| p . p . . p p p |
1| r . b . k . n r |
 +-----------------+
   a b c d e f g h
 +-----------------+
8| R N B Q K B N R |
7| . . . P P P P P |
6| . P P . . . . . |
5| . . . . . . . . |
4| . . . p p . . . |
3| p . n b . q . . |
2| p . p . . p p p |
1| r . b . k . n r |
 +-----------------+
   a b c d e f g h
[32;1m[Game] [0mPlayer's error code: 0
[32;1m[Game] [0mChecking move validity...
[32;1m[Board] [0mInitializing board...
[32;1m[Board] [0mLoading history file `championship/pawnstar-blunder-ai/history.csv`...
[32;1m[Board] [0mLoaded 12 move(s).
[32;1m[Board] [0mLoading move file `championship/pawnstar-blunder-ai/move.csv`...
[32;1m[Board] [0mWhite player is playing b5 to d3.
[32;1m[Board] [0m
[32;1m[Board] [0m    a b c d e f g h 
[32;1m[Board] [0m  -------------------
[32;1m[Board] [0m8 ||[30;1mr[0m|[30;1mk[0m|[30;1mb[0m|[30;1mQ[0m|[30;1mK[0m|[30;1mb[0m|[30;1mk[0m|[30;1mr[0m|| 8
[32;1m[Board] [0m  -------------------
[32;1m[Board] [0m7 || |[7;1m [0m| |[30;1mp[0m|[30;1mp[0m|[30;1mp[0m|[30;1mp[0m|[30;1mp[0m|| 7
[32;1m[Board] [0m  -------------------
[32;1m[Board] [0m6 ||[7;1m [0m|[30;1mp[0m|[30;1mp[0m| |[7;1m [0m| |[7;1m [0m| || 6
[32;1m[Board] [0m  -------------------
[32;1m[Board] [0m5 || |[7;1m [0m| |[7;1m [0m| |[7;1m [0m| |[7;1m [0m|| 5
[32;1m[Board] [0m  -------------------
[32;1m[Board] [0m4 ||[7;1m [0m| |[7;1m [0m|[0;1mp[0m|[0;1mp[0m| |[7;1m [0m| || 4
[32;1m[Board] [0m  -------------------
[32;1m[Board] [0m3 ||[0;1mp[0m|[7;1m [0m|[0;1mk[0m|[0;1mb[0m| |[0;1mQ[0m| |[7;1m [0m|| 3
[32;1m[Board] [0m  -------------------
[32;1m[Board] [0m2 ||[0;1mp[0m| |[0;1mp[0m| |[7;1m [0m|[0;1mp[0m|[0;1mp[0m|[0;1mp[0m|| 2
[32;1m[Board] [0m  -------------------
[32;1m[Board] [0m1 ||[0;1mr[0m|[7;1m [0m|[0;1mb[0m|[7;1m [0m|[0;1mK[0m|[7;1m [0m|[0;1mk[0m|[0;1mr[0m|| 1
[32;1m[Board] [0m  -------------------
[32;1m[Board] [0m    a b c d e f g h
[32;1m[Board] [0m
[32;1m[Referee] [0mThis is the turn of the Black player...
4.1 4.1 4.1 4.1 4.1 4.1 4.1 4.1 4.1 4.1 4.1 4.1 10 10 10 10 5.8 4.1 4.1 4.1 3.2 4.1 4.1 [==================] Is it a draw? No[32;1m[Game] [0mPlayer's error code: 0
[32;1m[Game] [0mChecking move validity...
[32;1m[Board] [0mInitializing board...
[32;1m[Board] [0mLoading history file `championship/pawnstar-blunder-ai/history.csv`...
[32;1m[Board] [0mLoaded 13 move(s).
[32;1m[Board] [0mLoading move file `championship/pawnstar-blunder-ai/move.csv`...
[32;1m[Board] [0mBlack player is playing d8 to c7.
[32;1m[Board] [0m
[32;1m[Board] [0m    a b c d e f g h 
[32;1m[Board] [0m  -------------------
[32;1m[Board] [0m8 ||[30;1mr[0m|[30;1mk[0m|[30;1mb[0m| |[30;1mK[0m|[30;1mb[0m|[30;1mk[0m|[30;1mr[0m|| 8
[32;1m[Board] [0m  -------------------
[32;1m[Board] [0m7 || |[7;1m [0m|[30;1mQ[0m|[30;1mp[0m|[30;1mp[0m|[30;1mp[0m|[30;1mp[0m|[30;1mp[0m|| 7
[32;1m[Board] [0m  -------------------
[32;1m[Board] [0m6 ||[7;1m [0m|[30;1mp[0m|[30;1mp[0m| |[7;1m [0m| |[7;1m [0m| || 6
[32;1m[Board] [0m  -------------------
[32;1m[Board] [0m5 || |[7;1m [0m| |[7;1m [0m| |[7;1m [0m| |[7;1m [0m|| 5
[32;1m[Board] [0m  -------------------
[32;1m[Board] [0m4 ||[7;1m [0m| |[7;1m [0m|[0;1mp[0m|[0;1mp[0m| |[7;1m [0m| || 4
[32;1m[Board] [0m  -------------------
[32;1m[Board] [0m3 ||[0;1mp[0m|[7;1m [0m|[0;1mk[0m|[0;1mb[0m| |[0;1mQ[0m| |[7;1m [0m|| 3
[32;1m[Board] [0m  -------------------
[32;1m[Board] [0m2 ||[0;1mp[0m| |[0;1mp[0m| |[7;1m [0m|[0;1mp[0m|[0;1mp[0m|[0;1mp[0m|| 2
[32;1m[Board] [0m  -------------------
[32;1m[Board] [0m1 ||[0;1mr[0m|[7;1m [0m|[0;1mb[0m|[7;1m [0m|[0;1mK[0m|[7;1m [0m|[0;1mk[0m|[0;1mr[0m|| 1
[32;1m[Board] [0m  -------------------
[32;1m[Board] [0m    a b c d e f g h
[32;1m[Board] [0m
[32;1m[Referee] [0mThis is the turn of the White player...
 +-----------------+
8| R N B . K B N R |
7| . . Q P P P P P |
6| . P P . . . . . |
5| . . . . . . . . |
4| . . . p p . . . |
3| p . n b . q . . |
2| p . p . . p p p |
1| r . b . k . n r |
 +-----------------+
   a b c d e f g h
 +-----------------+
8| R N B . K B N R |
7| . . Q P P P P P |
6| . P P . . . . . |
5| . . . . . . . . |
4| . . . p p . . . |
3| p . n b . q . . |
2| p . p . n p p p |
1| r . b . k . . r |
 +-----------------+
   a b c d e f g h
[32;1m[Game] [0mPlayer's error code: 0
[32;1m[Game] [0mChecking move validity...
[32;1m[Board] [0mInitializing board...
[32;1m[Board] [0mLoading history file `championship/pawnstar-blunder-ai/history.csv`...
[32;1m[Board] [0mLoaded 14 move(s).
[32;1m[Board] [0mLoading move file `championship/pawnstar-blunder-ai/move.csv`...
[32;1m[Board] [0mWhite player is playing g1 to e2.
[32;1m[Board] [0m
[32;1m[Board] [0m    a b c d e f g h 
[32;1m[Board] [0m  -------------------
[32;1m[Board] [0m8 ||[30;1mr[0m|[30;1mk[0m|[30;1mb[0m| |[30;1mK[0m|[30;1mb[0m|[30;1mk[0m|[30;1mr[0m|| 8
[32;1m[Board] [0m  -------------------
[32;1m[Board] [0m7 || |[7;1m [0m|[30;1mQ[0m|[30;1mp[0m|[30;1mp[0m|[30;1mp[0m|[30;1mp[0m|[30;1mp[0m|| 7
[32;1m[Board] [0m  -------------------
[32;1m[Board] [0m6 ||[7;1m [0m|[30;1mp[0m|[30;1mp[0m| |[7;1m [0m| |[7;1m [0m| || 6
[32;1m[Board] [0m  -------------------
[32;1m[Board] [0m5 || |[7;1m [0m| |[7;1m [0m| |[7;1m [0m| |[7;1m [0m|| 5
[32;1m[Board] [0m  -------------------
[32;1m[Board] [0m4 ||[7;1m [0m| |[7;1m [0m|[0;1mp[0m|[0;1mp[0m| |[7;1m [0m| || 4
[32;1m[Board] [0m  -------------------
[32;1m[Board] [0m3 ||[0;1mp[0m|[7;1m [0m|[0;1mk[0m|[0;1mb[0m| |[0;1mQ[0m| |[7;1m [0m|| 3
[32;1m[Board] [0m  -------------------
[32;1m[Board] [0m2 ||[0;1mp[0m| |[0;1mp[0m| |[0;1mk[0m|[0;1mp[0m|[0;1mp[0m|[0;1mp[0m|| 2
[32;1m[Board] [0m  -------------------
[32;1m[Board] [0m1 ||[0;1mr[0m|[7;1m [0m|[0;1mb[0m|[7;1m [0m|[0;1mK[0m|[7;1m [0m| |[0;1mr[0m|| 1
[32;1m[Board] [0m  -------------------
[32;1m[Board] [0m    a b c d e f g h
[32;1m[Board] [0m
[32;1m[Referee] [0mThis is the turn of the Black player...
4.1 4.1 3.2 10.9 13.2 13.2 10 4.1 4.1 4.1 4.1 4.1 4.1 4.1 4.1 4.1 4.1 4.1 4.1 4.1 4.1 4.1 4.1 4.1 5.8 4.1 4.1 4.1 5.1 4.1 4.1 [==================] Is it a draw? No[32;1m[Game] [0mPlayer's error code: 0
[32;1m[Game] [0mChecking move validity...
[32;1m[Board] [0mInitializing board...
[32;1m[Board] [0mLoading history file `championship/pawnstar-blunder-ai/history.csv`...
[32;1m[Board] [0mLoaded 15 move(s).
[32;1m[Board] [0mLoading move file `championship/pawnstar-blunder-ai/move.csv`...
[32;1m[Board] [0mBlack player is playing c7 to d6.
[32;1m[Board] [0m
[32;1m[Board] [0m    a b c d e f g h 
[32;1m[Board] [0m  -------------------
[32;1m[Board] [0m8 ||[30;1mr[0m|[30;1mk[0m|[30;1mb[0m| |[30;1mK[0m|[30;1mb[0m|[30;1mk[0m|[30;1mr[0m|| 8
[32;1m[Board] [0m  -------------------
[32;1m[Board] [0m7 || |[7;1m [0m| |[30;1mp[0m|[30;1mp[0m|[30;1mp[0m|[30;1mp[0m|[30;1mp[0m|| 7
[32;1m[Board] [0m  -------------------
[32;1m[Board] [0m6 ||[7;1m [0m|[30;1mp[0m|[30;1mp[0m|[30;1mQ[0m|[7;1m [0m| |[7;1m [0m| || 6
[32;1m[Board] [0m  -------------------
[32;1m[Board] [0m5 || |[7;1m [0m| |[7;1m [0m| |[7;1m [0m| |[7;1m [0m|| 5
[32;1m[Board] [0m  -------------------
[32;1m[Board] [0m4 ||[7;1m [0m| |[7;1m [0m|[0;1mp[0m|[0;1mp[0m| |[7;1m [0m| || 4
[32;1m[Board] [0m  -------------------
[32;1m[Board] [0m3 ||[0;1mp[0m|[7;1m [0m|[0;1mk[0m|[0;1mb[0m| |[0;1mQ[0m| |[7;1m [0m|| 3
[32;1m[Board] [0m  -------------------
[32;1m[Board] [0m2 ||[0;1mp[0m| |[0;1mp[0m| |[0;1mk[0m|[0;1mp[0m|[0;1mp[0m|[0;1mp[0m|| 2
[32;1m[Board] [0m  -------------------
[32;1m[Board] [0m1 ||[0;1mr[0m|[7;1m [0m|[0;1mb[0m|[7;1m [0m|[0;1mK[0m|[7;1m [0m| |[0;1mr[0m|| 1
[32;1m[Board] [0m  -------------------
[32;1m[Board] [0m    a b c d e f g h
[32;1m[Board] [0m
[32;1m[Referee] [0mThis is the turn of the White player...
 +-----------------+
8| R N B . K B N R |
7| . . . P P P P P |
6| . P P Q . . . . |
5| . . . . . . . . |
4| . . . p p . . . |
3| p . n b . q . . |
2| p . p . n p p p |
1| r . b . k . . r |
 +-----------------+
   a b c d e f g h
 +-----------------+
8| R N B . K B N R |
7| . . . P P P P P |
6| . P P Q . . . . |
5| . . . . . . . . |
4| . . . p p b . . |
3| p . n b . q . . |
2| p . p . n p p p |
1| r . . . k . . r |
 +-----------------+
   a b c d e f g h
[32;1m[Game] [0mPlayer's error code: 0
[32;1m[Game] [0mChecking move validity...
[32;1m[Board] [0mInitializing board...
[32;1m[Board] [0mLoading history file `championship/pawnstar-blunder-ai/history.csv`...
[32;1m[Board] [0mLoaded 16 move(s).
[32;1m[Board] [0mLoading move file `championship/pawnstar-blunder-ai/move.csv`...
[32;1m[Board] [0mWhite player is playing c1 to f4.
[32;1m[Board] [0m
[32;1m[Board] [0m    a b c d e f g h 
[32;1m[Board] [0m  -------------------
[32;1m[Board] [0m8 ||[30;1mr[0m|[30;1mk[0m|[30;1mb[0m| |[30;1mK[0m|[30;1mb[0m|[30;1mk[0m|[30;1mr[0m|| 8
[32;1m[Board] [0m  -------------------
[32;1m[Board] [0m7 || |[7;1m [0m| |[30;1mp[0m|[30;1mp[0m|[30;1mp[0m|[30;1mp[0m|[30;1mp[0m|| 7
[32;1m[Board] [0m  -------------------
[32;1m[Board] [0m6 ||[7;1m [0m|[30;1mp[0m|[30;1mp[0m|[30;1mQ[0m|[7;1m [0m| |[7;1m [0m| || 6
[32;1m[Board] [0m  -------------------
[32;1m[Board] [0m5 || |[7;1m [0m| |[7;1m [0m| |[7;1m [0m| |[7;1m [0m|| 5
[32;1m[Board] [0m  -------------------
[32;1m[Board] [0m4 ||[7;1m [0m| |[7;1m [0m|[0;1mp[0m|[0;1mp[0m|[0;1mb[0m|[7;1m [0m| || 4
[32;1m[Board] [0m  -------------------
[32;1m[Board] [0m3 ||[0;1mp[0m|[7;1m [0m|[0;1mk[0m|[0;1mb[0m| |[0;1mQ[0m| |[7;1m [0m|| 3
[32;1m[Board] [0m  -------------------
[32;1m[Board] [0m2 ||[0;1mp[0m| |[0;1mp[0m| |[0;1mk[0m|[0;1mp[0m|[0;1mp[0m|[0;1mp[0m|| 2
[32;1m[Board] [0m  -------------------
[32;1m[Board] [0m1 ||[0;1mr[0m|[7;1m [0m| |[7;1m [0m|[0;1mK[0m|[7;1m [0m| |[0;1mr[0m|| 1
[32;1m[Board] [0m  -------------------
[32;1m[Board] [0m    a b c d e f g h
[32;1m[Board] [0m
[32;1m[Referee] [0mThis is the turn of the Black player...
7.6 7.6 12.3 13.2 3.2 12.3 12.3 9 4.1 3.2 3.2 7.6 12.3 9 7.6 7.6 7.6 7.6 7.6 7.6 7.6 7.6 9.1 9.1 9.1 9.1 9 7.6 7.6 7.6 9.1 7.6 7.6 [==================] Is it a draw? No[32;1m[Game] [0mPlayer's error code: 0
[32;1m[Game] [0mChecking move validity...
[32;1m[Board] [0mInitializing board...
[32;1m[Board] [0mLoading history file `championship/pawnstar-blunder-ai/history.csv`...
[32;1m[Board] [0mLoaded 17 move(s).
[32;1m[Board] [0mLoading move file `championship/pawnstar-blunder-ai/move.csv`...
[32;1m[Board] [0mBlack player is playing d6 to a3.
[32;1m[Board] [0m[5;1mBlack Queen is taking White Pawn.[0m
[32;1m[Board] [0m
[32;1m[Board] [0m    a b c d e f g h 
[32;1m[Board] [0m  -------------------
[32;1m[Board] [0m8 ||[30;1mr[0m|[30;1mk[0m|[30;1mb[0m| |[30;1mK[0m|[30;1mb[0m|[30;1mk[0m|[30;1mr[0m|| 8
[32;1m[Board] [0m  -------------------
[32;1m[Board] [0m7 || |[7;1m [0m| |[30;1mp[0m|[30;1mp[0m|[30;1mp[0m|[30;1mp[0m|[30;1mp[0m|| 7
[32;1m[Board] [0m  -------------------
[32;1m[Board] [0m6 ||[7;1m [0m|[30;1mp[0m|[30;1mp[0m| |[7;1m [0m| |[7;1m [0m| || 6
[32;1m[Board] [0m  -------------------
[32;1m[Board] [0m5 || |[7;1m [0m| |[7;1m [0m| |[7;1m [0m| |[7;1m [0m|| 5
[32;1m[Board] [0m  -------------------
[32;1m[Board] [0m4 ||[7;1m [0m| |[7;1m [0m|[0;1mp[0m|[0;1mp[0m|[0;1mb[0m|[7;1m [0m| || 4
[32;1m[Board] [0m  -------------------
[32;1m[Board] [0m3 ||[30;1mQ[0m|[7;1m [0m|[0;1mk[0m|[0;1mb[0m| |[0;1mQ[0m| |[7;1m [0m|| 3
[32;1m[Board] [0m  -------------------
[32;1m[Board] [0m2 ||[0;1mp[0m| |[0;1mp[0m| |[0;1mk[0m|[0;1mp[0m|[0;1mp[0m|[0;1mp[0m|| 2
[32;1m[Board] [0m  -------------------
[32;1m[Board] [0m1 ||[0;1mr[0m|[7;1m [0m| |[7;1m [0m|[0;1mK[0m|[7;1m [0m| |[0;1mr[0m|| 1
[32;1m[Board] [0m  -------------------
[32;1m[Board] [0m    a b c d e f g h
[32;1m[Board] [0m
[32;1m[Referee] [0mThis is the turn of the White player...
 +-----------------+
8| R N B . K B N R |
7| . . . P P P P P |
6| . P P . . . . . |
5| . . . . . . . . |
4| . . . p p b . . |
3| Q . n b . q . . |
2| p . p . n p p p |
1| r . . . k . . r |
 +-----------------+
   a b c d e f g h
 +-----------------+
8| R N B . K B N R |
7| . . . P P P P P |
6| . P P . . . . . |
5| . . . . . . . . |
4| . . . p p b . . |
3| Q . n b . q . . |
2| p . p . n p p p |
1| . r . . k . . r |
 +-----------------+
   a b c d e f g h
[32;1m[Game] [0mPlayer's error code: 0
[32;1m[Game] [0mChecking move validity...
[32;1m[Board] [0mInitializing board...
[32;1m[Board] [0mLoading history file `championship/pawnstar-blunder-ai/history.csv`...
[32;1m[Board] [0mLoaded 18 move(s).
[32;1m[Board] [0mLoading move file `championship/pawnstar-blunder-ai/move.csv`...
[32;1m[Board] [0mWhite player is playing a1 to b1.
[32;1m[Board] [0m
[32;1m[Board] [0m    a b c d e f g h 
[32;1m[Board] [0m  -------------------
[32;1m[Board] [0m8 ||[30;1mr[0m|[30;1mk[0m|[30;1mb[0m| |[30;1mK[0m|[30;1mb[0m|[30;1mk[0m|[30;1mr[0m|| 8
[32;1m[Board] [0m  -------------------
[32;1m[Board] [0m7 || |[7;1m [0m| |[30;1mp[0m|[30;1mp[0m|[30;1mp[0m|[30;1mp[0m|[30;1mp[0m|| 7
[32;1m[Board] [0m  -------------------
[32;1m[Board] [0m6 ||[7;1m [0m|[30;1mp[0m|[30;1mp[0m| |[7;1m [0m| |[7;1m [0m| || 6
[32;1m[Board] [0m  -------------------
[32;1m[Board] [0m5 || |[7;1m [0m| |[7;1m [0m| |[7;1m [0m| |[7;1m [0m|| 5
[32;1m[Board] [0m  -------------------
[32;1m[Board] [0m4 ||[7;1m [0m| |[7;1m [0m|[0;1mp[0m|[0;1mp[0m|[0;1mb[0m|[7;1m [0m| || 4
[32;1m[Board] [0m  -------------------
[32;1m[Board] [0m3 ||[30;1mQ[0m|[7;1m [0m|[0;1mk[0m|[0;1mb[0m| |[0;1mQ[0m| |[7;1m [0m|| 3
[32;1m[Board] [0m  -------------------
[32;1m[Board] [0m2 ||[0;1mp[0m| |[0;1mp[0m| |[0;1mk[0m|[0;1mp[0m|[0;1mp[0m|[0;1mp[0m|| 2
[32;1m[Board] [0m  -------------------
[32;1m[Board] [0m1 || |[0;1mr[0m| |[7;1m [0m|[0;1mK[0m|[7;1m [0m| |[0;1mr[0m|| 1
[32;1m[Board] [0m  -------------------
[32;1m[Board] [0m    a b c d e f g h
[32;1m[Board] [0m
[32;1m[Referee] [0mThis is the turn of the Black player...
12.3 12.3 12.3 11.4 8.2 12.3 9.1 9.9 12.3 3.2 9 3.2 3.2 3.2 3.2 3.2 3.2 3.2 3.2 3.2 3.2 3.2 3.2 3.2 8.1 8.1 8.1 8.1 3.2 3.2 3.2 4.1 3.2 3.2 [==================] Is it a draw? No[32;1m[Game] [0mPlayer's error code: 0
[32;1m[Game] [0mChecking move validity...
[32;1m[Board] [0mInitializing board...
[32;1m[Board] [0mLoading history file `championship/pawnstar-blunder-ai/history.csv`...
[32;1m[Board] [0mLoaded 19 move(s).
[32;1m[Board] [0mLoading move file `championship/pawnstar-blunder-ai/move.csv`...
[32;1m[Board] [0mBlack player is playing a3 to a5.
[32;1m[Board] [0m
[32;1m[Board] [0m    a b c d e f g h 
[32;1m[Board] [0m  -------------------
[32;1m[Board] [0m8 ||[30;1mr[0m|[30;1mk[0m|[30;1mb[0m| |[30;1mK[0m|[30;1mb[0m|[30;1mk[0m|[30;1mr[0m|| 8
[32;1m[Board] [0m  -------------------
[32;1m[Board] [0m7 || |[7;1m [0m| |[30;1mp[0m|[30;1mp[0m|[30;1mp[0m|[30;1mp[0m|[30;1mp[0m|| 7
[32;1m[Board] [0m  -------------------
[32;1m[Board] [0m6 ||[7;1m [0m|[30;1mp[0m|[30;1mp[0m| |[7;1m [0m| |[7;1m [0m| || 6
[32;1m[Board] [0m  -------------------
[32;1m[Board] [0m5 ||[30;1mQ[0m|[7;1m [0m| |[7;1m [0m| |[7;1m [0m| |[7;1m [0m|| 5
[32;1m[Board] [0m  -------------------
[32;1m[Board] [0m4 ||[7;1m [0m| |[7;1m [0m|[0;1mp[0m|[0;1mp[0m|[0;1mb[0m|[7;1m [0m| || 4
[32;1m[Board] [0m  -------------------
[32;1m[Board] [0m3 || |[7;1m [0m|[0;1mk[0m|[0;1mb[0m| |[0;1mQ[0m| |[7;1m [0m|| 3
[32;1m[Board] [0m  -------------------
[32;1m[Board] [0m2 ||[0;1mp[0m| |[0;1mp[0m| |[0;1mk[0m|[0;1mp[0m|[0;1mp[0m|[0;1mp[0m|| 2
[32;1m[Board] [0m  -------------------
[32;1m[Board] [0m1 || |[0;1mr[0m| |[7;1m [0m|[0;1mK[0m|[7;1m [0m| |[0;1mr[0m|| 1
[32;1m[Board] [0m  -------------------
[32;1m[Board] [0m    a b c d e f g h
[32;1m[Board] [0m
[32;1m[Referee] [0mThis is the turn of the White player...
 +-----------------+
8| R N B . K B N R |
7| . . . P P P P P |
6| . P P . . . . . |
5| Q . . . . . . . |
4| . . . p p b . . |
3| . . n b . q . . |
2| p . p . n p p p |
1| . r . . k . . r |
 +-----------------+
   a b c d e f g h
 +-----------------+
8| R N B . K B N R |
7| . . b P P P P P |
6| . P P . . . . . |
5| Q . . . . . . . |
4| . . . p p . . . |
3| . . n b . q . . |
2| p . p . n p p p |
1| . r . . k . . r |
 +-----------------+
   a b c d e f g h
[32;1m[Game] [0mPlayer's error code: 0
[32;1m[Game] [0mChecking move validity...
[32;1m[Board] [0mInitializing board...
[32;1m[Board] [0mLoading history file `championship/pawnstar-blunder-ai/history.csv`...
[32;1m[Board] [0mLoaded 20 move(s).
[32;1m[Board] [0mLoading move file `championship/pawnstar-blunder-ai/move.csv`...
[32;1m[Board] [0mWhite player is playing f4 to c7.
[32;1m[Board] [0m
[32;1m[Board] [0m    a b c d e f g h 
[32;1m[Board] [0m  -------------------
[32;1m[Board] [0m8 ||[30;1mr[0m|[30;1mk[0m|[30;1mb[0m| |[30;1mK[0m|[30;1mb[0m|[30;1mk[0m|[30;1mr[0m|| 8
[32;1m[Board] [0m  -------------------
[32;1m[Board] [0m7 || |[7;1m [0m|[0;1mb[0m|[30;1mp[0m|[30;1mp[0m|[30;1mp[0m|[30;1mp[0m|[30;1mp[0m|| 7
[32;1m[Board] [0m  -------------------
[32;1m[Board] [0m6 ||[7;1m [0m|[30;1mp[0m|[30;1mp[0m| |[7;1m [0m| |[7;1m [0m| || 6
[32;1m[Board] [0m  -------------------
[32;1m[Board] [0m5 ||[30;1mQ[0m|[7;1m [0m| |[7;1m [0m| |[7;1m [0m| |[7;1m [0m|| 5
[32;1m[Board] [0m  -------------------
[32;1m[Board] [0m4 ||[7;1m [0m| |[7;1m [0m|[0;1mp[0m|[0;1mp[0m| |[7;1m [0m| || 4
[32;1m[Board] [0m  -------------------
[32;1m[Board] [0m3 || |[7;1m [0m|[0;1mk[0m|[0;1mb[0m| |[0;1mQ[0m| |[7;1m [0m|| 3
[32;1m[Board] [0m  -------------------
[32;1m[Board] [0m2 ||[0;1mp[0m| |[0;1mp[0m| |[0;1mk[0m|[0;1mp[0m|[0;1mp[0m|[0;1mp[0m|| 2
[32;1m[Board] [0m  -------------------
[32;1m[Board] [0m1 || |[0;1mr[0m| |[7;1m [0m|[0;1mK[0m|[7;1m [0m| |[0;1mr[0m|| 1
[32;1m[Board] [0m  -------------------
[32;1m[Board] [0m    a b c d e f g h
[32;1m[Board] [0m
[32;1m[Referee] [0mThis is the turn of the Black player...
12.3 9.1 9.1 11.4 11.4 12.3 12.3 4.1 12.3 12.3 3.2 9.1 9 3.2 6.7 6.7 6.7 6.7 6.7 6.7 6.7 6.7 6.7 6.7 6.7 6.7 5.8 5.8 6.7 6.7 6.7 inf 6.7 6.7 [==================] Is it a draw? No[32;1m[Game] [0mPlayer's error code: 0
[32;1m[Game] [0mChecking move validity...
[32;1m[Board] [0mInitializing board...
[32;1m[Board] [0mLoading history file `championship/pawnstar-blunder-ai/history.csv`...
[32;1m[Board] [0mLoaded 21 move(s).
[32;1m[Board] [0mLoading move file `championship/pawnstar-blunder-ai/move.csv`...
[32;1m[Board] [0mBlack player is playing a5 to a3.
[32;1m[Board] [0m
[32;1m[Board] [0m    a b c d e f g h 
[32;1m[Board] [0m  -------------------
[32;1m[Board] [0m8 ||[30;1mr[0m|[30;1mk[0m|[30;1mb[0m| |[30;1mK[0m|[30;1mb[0m|[30;1mk[0m|[30;1mr[0m|| 8
[32;1m[Board] [0m  -------------------
[32;1m[Board] [0m7 || |[7;1m [0m|[0;1mb[0m|[30;1mp[0m|[30;1mp[0m|[30;1mp[0m|[30;1mp[0m|[30;1mp[0m|| 7
[32;1m[Board] [0m  -------------------
[32;1m[Board] [0m6 ||[7;1m [0m|[30;1mp[0m|[30;1mp[0m| |[7;1m [0m| |[7;1m [0m| || 6
[32;1m[Board] [0m  -------------------
[32;1m[Board] [0m5 || |[7;1m [0m| |[7;1m [0m| |[7;1m [0m| |[7;1m [0m|| 5
[32;1m[Board] [0m  -------------------
[32;1m[Board] [0m4 ||[7;1m [0m| |[7;1m [0m|[0;1mp[0m|[0;1mp[0m| |[7;1m [0m| || 4
[32;1m[Board] [0m  -------------------
[32;1m[Board] [0m3 ||[30;1mQ[0m|[7;1m [0m|[0;1mk[0m|[0;1mb[0m| |[0;1mQ[0m| |[7;1m [0m|| 3
[32;1m[Board] [0m  -------------------
[32;1m[Board] [0m2 ||[0;1mp[0m| |[0;1mp[0m| |[0;1mk[0m|[0;1mp[0m|[0;1mp[0m|[0;1mp[0m|| 2
[32;1m[Board] [0m  -------------------
[32;1m[Board] [0m1 || |[0;1mr[0m| |[7;1m [0m|[0;1mK[0m|[7;1m [0m| |[0;1mr[0m|| 1
[32;1m[Board] [0m  -------------------
[32;1m[Board] [0m    a b c d e f g h
[32;1m[Board] [0m
[32;1m[Referee] [0mThis is the turn of the White player...
 +-----------------+
8| R N B . K B N R |
7| . . b P P P P P |
6| . P P . . . . . |
5| . . . . . . . . |
4| . . . p p . . . |
3| Q . n b . q . . |
2| p . p . n p p p |
1| . r . . k . . r |
 +-----------------+
   a b c d e f g h
 +-----------------+
8| R N B . K B N R |
7| . . b P P P P P |
6| . r P . . . . . |
5| . . . . . . . . |
4| . . . p p . . . |
3| Q . n b . q . . |
2| p . p . n p p p |
1| . . . . k . . r |
 +-----------------+
   a b c d e f g h
[32;1m[Game] [0mPlayer's error code: 0
[32;1m[Game] [0mChecking move validity...
[32;1m[Board] [0mInitializing board...
[32;1m[Board] [0mLoading history file `championship/pawnstar-blunder-ai/history.csv`...
[32;1m[Board] [0mLoaded 22 move(s).
[32;1m[Board] [0mLoading move file `championship/pawnstar-blunder-ai/move.csv`...
[32;1m[Board] [0mWhite player is playing b1 to b6.
[32;1m[Board] [0m[5;1mWhite Rook is taking Black Pawn.[0m
[32;1m[Board] [0m
[32;1m[Board] [0m    a b c d e f g h 
[32;1m[Board] [0m  -------------------
[32;1m[Board] [0m8 ||[30;1mr[0m|[30;1mk[0m|[30;1mb[0m| |[30;1mK[0m|[30;1mb[0m|[30;1mk[0m|[30;1mr[0m|| 8
[32;1m[Board] [0m  -------------------
[32;1m[Board] [0m7 || |[7;1m [0m|[0;1mb[0m|[30;1mp[0m|[30;1mp[0m|[30;1mp[0m|[30;1mp[0m|[30;1mp[0m|| 7
[32;1m[Board] [0m  -------------------
[32;1m[Board] [0m6 ||[7;1m [0m|[0;1mr[0m|[30;1mp[0m| |[7;1m [0m| |[7;1m [0m| || 6
[32;1m[Board] [0m  -------------------
[32;1m[Board] [0m5 || |[7;1m [0m| |[7;1m [0m| |[7;1m [0m| |[7;1m [0m|| 5
[32;1m[Board] [0m  -------------------
[32;1m[Board] [0m4 ||[7;1m [0m| |[7;1m [0m|[0;1mp[0m|[0;1mp[0m| |[7;1m [0m| || 4
[32;1m[Board] [0m  -------------------
[32;1m[Board] [0m3 ||[30;1mQ[0m|[7;1m [0m|[0;1mk[0m|[0;1mb[0m| |[0;1mQ[0m| |[7;1m [0m|| 3
[32;1m[Board] [0m  -------------------
[32;1m[Board] [0m2 ||[0;1mp[0m| |[0;1mp[0m| |[0;1mk[0m|[0;1mp[0m|[0;1mp[0m|[0;1mp[0m|| 2
[32;1m[Board] [0m  -------------------
[32;1m[Board] [0m1 || |[7;1m [0m| |[7;1m [0m|[0;1mK[0m|[7;1m [0m| |[0;1mr[0m|| 1
[32;1m[Board] [0m  -------------------
[32;1m[Board] [0m    a b c d e f g h
[32;1m[Board] [0m
[32;1m[Referee] [0mThis is the turn of the Black player...
13.2 13.2 13.2 13.2 9.9 13.2 10 10.8 13.2 5.7 10 4.1 4.1 4.1 4.1 4.1 4.1 4.1 4.1 4.1 4.1 4.1 4.1 9 9 9 9 4.1 4.1 4.1 inf 4.1 4.1 [==================] Is it a draw? No[32;1m[Game] [0mPlayer's error code: 0
[32;1m[Game] [0mChecking move validity...
[32;1m[Board] [0mInitializing board...
[32;1m[Board] [0mLoading history file `championship/pawnstar-blunder-ai/history.csv`...
[32;1m[Board] [0mLoaded 23 move(s).
[32;1m[Board] [0mLoading move file `championship/pawnstar-blunder-ai/move.csv`...
[32;1m[Board] [0mBlack player is playing a3 to a7.
[32;1m[Board] [0m
[32;1m[Board] [0m    a b c d e f g h 
[32;1m[Board] [0m  -------------------
[32;1m[Board] [0m8 ||[30;1mr[0m|[30;1mk[0m|[30;1mb[0m| |[30;1mK[0m|[30;1mb[0m|[30;1mk[0m|[30;1mr[0m|| 8
[32;1m[Board] [0m  -------------------
[32;1m[Board] [0m7 ||[30;1mQ[0m|[7;1m [0m|[0;1mb[0m|[30;1mp[0m|[30;1mp[0m|[30;1mp[0m|[30;1mp[0m|[30;1mp[0m|| 7
[32;1m[Board] [0m  -------------------
[32;1m[Board] [0m6 ||[7;1m [0m|[0;1mr[0m|[30;1mp[0m| |[7;1m [0m| |[7;1m [0m| || 6
[32;1m[Board] [0m  -------------------
[32;1m[Board] [0m5 || |[7;1m [0m| |[7;1m [0m| |[7;1m [0m| |[7;1m [0m|| 5
[32;1m[Board] [0m  -------------------
[32;1m[Board] [0m4 ||[7;1m [0m| |[7;1m [0m|[0;1mp[0m|[0;1mp[0m| |[7;1m [0m| || 4
[32;1m[Board] [0m  -------------------
[32;1m[Board] [0m3 || |[7;1m [0m|[0;1mk[0m|[0;1mb[0m| |[0;1mQ[0m| |[7;1m [0m|| 3
[32;1m[Board] [0m  -------------------
[32;1m[Board] [0m2 ||[0;1mp[0m| |[0;1mp[0m| |[0;1mk[0m|[0;1mp[0m|[0;1mp[0m|[0;1mp[0m|| 2
[32;1m[Board] [0m  -------------------
[32;1m[Board] [0m1 || |[7;1m [0m| |[7;1m [0m|[0;1mK[0m|[7;1m [0m| |[0;1mr[0m|| 1
[32;1m[Board] [0m  -------------------
[32;1m[Board] [0m    a b c d e f g h
[32;1m[Board] [0m
[32;1m[Referee] [0mThis is the turn of the White player...
 +-----------------+
8| R N B . K B N R |
7| Q . b P P P P P |
6| . r P . . . . . |
5| . . . . . . . . |
4| . . . p p . . . |
3| . . n b . q . . |
2| p . p . n p p p |
1| . . . . k . . r |
 +-----------------+
   a b c d e f g h
 +-----------------+
8| R N B . K B N R |
7| Q . b P P P P P |
6| . r P . . . . . |
5| . . . . . . . . |
4| . . . p p q . . |
3| . . n b . . . . |
2| p . p . n p p p |
1| . . . . k . . r |
 +-----------------+
   a b c d e f g h
[32;1m[Game] [0mPlayer's error code: 0
[32;1m[Game] [0mChecking move validity...
[32;1m[Board] [0mInitializing board...
[32;1m[Board] [0mLoading history file `championship/pawnstar-blunder-ai/history.csv`...
[32;1m[Board] [0mLoaded 24 move(s).
[32;1m[Board] [0mLoading move file `championship/pawnstar-blunder-ai/move.csv`...
[32;1m[Board] [0mWhite player is playing f3 to f4.
[32;1m[Board] [0m
[32;1m[Board] [0m    a b c d e f g h 
[32;1m[Board] [0m  -------------------
[32;1m[Board] [0m8 ||[30;1mr[0m|[30;1mk[0m|[30;1mb[0m| |[30;1mK[0m|[30;1mb[0m|[30;1mk[0m|[30;1mr[0m|| 8
[32;1m[Board] [0m  -------------------
[32;1m[Board] [0m7 ||[30;1mQ[0m|[7;1m [0m|[0;1mb[0m|[30;1mp[0m|[30;1mp[0m|[30;1mp[0m|[30;1mp[0m|[30;1mp[0m|| 7
[32;1m[Board] [0m  -------------------
[32;1m[Board] [0m6 ||[7;1m [0m|[0;1mr[0m|[30;1mp[0m| |[7;1m [0m| |[7;1m [0m| || 6
[32;1m[Board] [0m  -------------------
[32;1m[Board] [0m5 || |[7;1m [0m| |[7;1m [0m| |[7;1m [0m| |[7;1m [0m|| 5
[32;1m[Board] [0m  -------------------
[32;1m[Board] [0m4 ||[7;1m [0m| |[7;1m [0m|[0;1mp[0m|[0;1mp[0m|[0;1mQ[0m|[7;1m [0m| || 4
[32;1m[Board] [0m  -------------------
[32;1m[Board] [0m3 || |[7;1m [0m|[0;1mk[0m|[0;1mb[0m| |[7;1m [0m| |[7;1m [0m|| 3
[32;1m[Board] [0m  -------------------
[32;1m[Board] [0m2 ||[0;1mp[0m| |[0;1mp[0m| |[0;1mk[0m|[0;1mp[0m|[0;1mp[0m|[0;1mp[0m|| 2
[32;1m[Board] [0m  -------------------
[32;1m[Board] [0m1 || |[7;1m [0m| |[7;1m [0m|[0;1mK[0m|[7;1m [0m| |[0;1mr[0m|| 1
[32;1m[Board] [0m  -------------------
[32;1m[Board] [0m    a b c d e f g h
[32;1m[Board] [0m
[32;1m[Referee] [0mThis is the turn of the Black player...

---------------------------------
|   |   |   |   |   |   |   |   |
| [31mr[0m | [31mn[0m | [31mb[0m |   | [31mk[0m | [31mb[0m | [31mn[0m | [31mr[0m |
|   |   |   |   |   |   |   |   |
---------------------------------
|   |   |   |   |   |   |   |   |
| [31mq[0m |   | b[0m | [31mp[0m | [31mp[0m | [31mp[0m | [31mp[0m | [31mp[0m |
|   |   |   |   |   |   |   |   |
---------------------------------
|   |   |   |   |   |   |   |   |
|   | r[0m |   |   |   |   |   |   |
|   |   |   |   |   |   |   |   |
---------------------------------
|   |   |   |   |   |   |   |   |
|   |   |   |   |   |   |   |   |
|   |   |   |   |   |   |   |   |
---------------------------------
|   |   |   |   |   |   |   |   |
|   |   | p[0m | [31mp[0m | p[0m | q[0m |   |   |
|   |   |   |   |   |   |   |   |
---------------------------------
|   |   |   |   |   |   |   |   |
|   |   |   | b[0m |   |   |   |   |
|   |   |   |   |   |   |   |   |
---------------------------------
|   |   |   |   |   |   |   |   |
| p[0m |   |   |   | n[0m | p[0m | p[0m | p[0m |
|   |   |   |   |   |   |   |   |
---------------------------------
|   |   |   |   |   |   |   |   |
|   | n[0m |   |   | k[0m |   |   | r[0m |
|   |   |   |   |   |   |   |   |

we are handling an en passant, the evil pawn's coord: d4

---------------------------------
|   |   |   |   |   |   |   |   |
| [31mr[0m | [31mn[0m | [31mb[0m |   | [31mk[0m | [31mb[0m | [31mn[0m | [31mr[0m |
|   |   |   |   |   |   |   |   |
---------------------------------
|   |   |   |   |   |   |   |   |
| [31mq[0m |   | b[0m | [31mp[0m | [31mp[0m | [31mp[0m | [31mp[0m | [31mp[0m |
|   |   |   |   |   |   |   |   |
---------------------------------
|   |   |   |   |   |   |   |   |
|   | r[0m |   |   |   |   |   |   |
|   |   |   |   |   |   |   |   |
---------------------------------
|   |   |   |   |   |   |   |   |
|   | n[0m |   |   |   |   |   |   |
|   |   |   |   |   |   |   |   |
---------------------------------
|   |   |   |   |   |   |   |   |
|   |   | p[0m | [31mp[0m | p[0m | q[0m |   |   |
|   |   |   |   |   |   |   |   |
---------------------------------
|   |   |   |   |   |   |   |   |
|   |   |   | b[0m |   |   |   |   |
|   |   |   |   |   |   |   |   |
---------------------------------
|   |   |   |   |   |   |   |   |
| p[0m |   |   |   | n[0m | p[0m | p[0m | p[0m |
|   |   |   |   |   |   |   |   |
---------------------------------
|   |   |   |   |   |   |   |   |
|   |   |   |   | k[0m |   |   | r[0m |
|   |   |   |   |   |   |   |   |

we are handling an en passant, the evil pawn's coord: d4

---------------------------------
|   |   |   |   |   |   |   |   |
| [31mr[0m | [31mn[0m | [31mb[0m |   | [31mk[0m | [31mb[0m | [31mn[0m | [31mr[0m |
|   |   |   |   |   |   |   |   |
---------------------------------
|   |   |   |   |   |   |   |   |
| [31mq[0m |   | b[0m | [31mp[0m | [31mp[0m | [31mp[0m | [31mp[0m | [31mp[0m |
|   |   |   |   |   |   |   |   |
---------------------------------
|   |   |   |   |   |   |   |   |
|   | r[0m |   |   |   |   |   |   |
|   |   |   |   |   |   |   |   |
---------------------------------
|   |   |   |   |   |   |   |   |
|   |   |   |   |   |   |   |   |
|   |   |   |   |   |   |   |   |
---------------------------------
|   |   |   |   |   |   |   |   |
| n[0m |   | p[0m | [31mp[0m | p[0m | q[0m |   |   |
|   |   |   |   |   |   |   |   |
---------------------------------
|   |   |   |   |   |   |   |   |
|   |   |   | b[0m |   |   |   |   |
|   |   |   |   |   |   |   |   |
---------------------------------
|   |   |   |   |   |   |   |   |
| p[0m |   |   |   | n[0m | p[0m | p[0m | p[0m |
|   |   |   |   |   |   |   |   |
---------------------------------
|   |   |   |   |   |   |   |   |
|   |   |   |   | k[0m |   |   | r[0m |
|   |   |   |   |   |   |   |   |

we are handling an en passant, the evil pawn's coord: d4

---------------------------------
|   |   |   |   |   |   |   |   |
| [31mr[0m | [31mn[0m | [31mb[0m |   | [31mk[0m | [31mb[0m | [31mn[0m | [31mr[0m |
|   |   |   |   |   |   |   |   |
---------------------------------
|   |   |   |   |   |   |   |   |
| [31mq[0m |   | b[0m | [31mp[0m | [31mp[0m | [31mp[0m | [31mp[0m | [31mp[0m |
|   |   |   |   |   |   |   |   |
---------------------------------
|   |   |   |   |   |   |   |   |
|   | r[0m |   |   |   |   |   |   |
|   |   |   |   |   |   |   |   |
---------------------------------
|   |   |   |   |   |   |   |   |
|   |   |   |   |   |   |   |   |
|   |   |   |   |   |   |   |   |
---------------------------------
|   |   |   |   |   |   |   |   |
|   |   | p[0m | [31mp[0m | p[0m | q[0m |   |   |
|   |   |   |   |   |   |   |   |
---------------------------------
|   |   |   |   |   |   |   |   |
|   |   |   | b[0m |   |   |   |   |
|   |   |   |   |   |   |   |   |
---------------------------------
|   |   |   |   |   |   |   |   |
| p[0m |   |   |   | n[0m | p[0m | p[0m | p[0m |
|   |   |   |   |   |   |   |   |
---------------------------------
|   |   |   |   |   |   |   |   |
|   |   |   | n[0m | k[0m |   |   | r[0m |
|   |   |   |   |   |   |   |   |

we are handling an en passant, the evil pawn's coord: d4

---------------------------------
|   |   |   |   |   |   |   |   |
| [31mr[0m | [31mn[0m | [31mb[0m |   | [31mk[0m | [31mb[0m | [31mn[0m | [31mr[0m |
|   |   |   |   |   |   |   |   |
---------------------------------
|   |   |   |   |   |   |   |   |
| [31mq[0m |   | b[0m | [31mp[0m | [31mp[0m | [31mp[0m | [31mp[0m | [31mp[0m |
|   |   |   |   |   |   |   |   |
---------------------------------
|   |   |   |   |   |   |   |   |
|   | r[0m |   |   |   |   |   |   |
|   |   |   |   |   |   |   |   |
---------------------------------
|   |   |   |   |   |   |   |   |
|   |   |   | n[0m |   |   |   |   |
|   |   |   |   |   |   |   |   |
---------------------------------
|   |   |   |   |   |   |   |   |
|   |   | p[0m | [31mp[0m | p[0m | q[0m |   |   |
|   |   |   |   |   |   |   |   |
---------------------------------
|   |   |   |   |   |   |   |   |
|   |   |   | b[0m |   |   |   |   |
|   |   |   |   |   |   |   |   |
---------------------------------
|   |   |   |   |   |   |   |   |
| p[0m |   |   |   | n[0m | p[0m | p[0m | p[0m |
|   |   |   |   |   |   |   |   |
---------------------------------
|   |   |   |   |   |   |   |   |
|   |   |   |   | k[0m |   |   | r[0m |
|   |   |   |   |   |   |   |   |

we are handling an en passant, the evil pawn's coord: d4
5 8.3 8.3 9.1 8.3 4.1 13.2 4.1 9.1 5 5 5 5 5 5 5 5 5 5 5 5 5 inf 5 5 [==================] Is it a draw? No[32;1m[Game] [0mPlayer's error code: 0
[32;1m[Game] [0mChecking move validity...
[32;1m[Board] [0mInitializing board...
[32;1m[Board] [0mLoading history file `championship/pawnstar-blunder-ai/history.csv`...
[32;1m[Board] [0mLoaded 25 move(s).
[32;1m[Board] [0mLoading move file `championship/pawnstar-blunder-ai/move.csv`...
[32;1m[Board] [0mBlack player is playing a7 to a5.
[32;1m[Board] [0m
[32;1m[Board] [0m    a b c d e f g h 
[32;1m[Board] [0m  -------------------
[32;1m[Board] [0m8 ||[30;1mr[0m|[30;1mk[0m|[30;1mb[0m| |[30;1mK[0m|[30;1mb[0m|[30;1mk[0m|[30;1mr[0m|| 8
[32;1m[Board] [0m  -------------------
[32;1m[Board] [0m7 || |[7;1m [0m|[0;1mb[0m|[30;1mp[0m|[30;1mp[0m|[30;1mp[0m|[30;1mp[0m|[30;1mp[0m|| 7
[32;1m[Board] [0m  -------------------
[32;1m[Board] [0m6 ||[7;1m [0m|[0;1mr[0m|[30;1mp[0m| |[7;1m [0m| |[7;1m [0m| || 6
[32;1m[Board] [0m  -------------------
[32;1m[Board] [0m5 ||[30;1mQ[0m|[7;1m [0m| |[7;1m [0m| |[7;1m [0m| |[7;1m [0m|| 5
[32;1m[Board] [0m  -------------------
[32;1m[Board] [0m4 ||[7;1m [0m| |[7;1m [0m|[0;1mp[0m|[0;1mp[0m|[0;1mQ[0m|[7;1m [0m| || 4
[32;1m[Board] [0m  -------------------
[32;1m[Board] [0m3 || |[7;1m [0m|[0;1mk[0m|[0;1mb[0m| |[7;1m [0m| |[7;1m [0m|| 3
[32;1m[Board] [0m  -------------------
[32;1m[Board] [0m2 ||[0;1mp[0m| |[0;1mp[0m| |[0;1mk[0m|[0;1mp[0m|[0;1mp[0m|[0;1mp[0m|| 2
[32;1m[Board] [0m  -------------------
[32;1m[Board] [0m1 || |[7;1m [0m| |[7;1m [0m|[0;1mK[0m|[7;1m [0m| |[0;1mr[0m|| 1
[32;1m[Board] [0m  -------------------
[32;1m[Board] [0m    a b c d e f g h
[32;1m[Board] [0m
[32;1m[Referee] [0mThis is the turn of the White player...
 +-----------------+
8| R N B . K B N R |
7| . . b P P P P P |
6| . r P . . . . . |
5| Q . . . . . . . |
4| . . . p p q . . |
3| . . n b . . . . |
2| p . p . n p p p |
1| . . . . k . . r |
 +-----------------+
   a b c d e f g h
 +-----------------+
8| R r B . K B N R |
7| . . b P P P P P |
6| . . P . . . . . |
5| Q . . . . . . . |
4| . . . p p q . . |
3| . . n b . . . . |
2| p . p . n p p p |
1| . . . . k . . r |
 +-----------------+
   a b c d e f g h
[32;1m[Game] [0mPlayer's error code: 0
[32;1m[Game] [0mChecking move validity...
[32;1m[Board] [0mInitializing board...
[32;1m[Board] [0mLoading history file `championship/pawnstar-blunder-ai/history.csv`...
[32;1m[Board] [0mLoaded 26 move(s).
[32;1m[Board] [0mLoading move file `championship/pawnstar-blunder-ai/move.csv`...
[32;1m[Board] [0mWhite player is playing b6 to b8.
[32;1m[Board] [0m[5;1mWhite Rook is taking Black Knight.[0m
[32;1m[Board] [0m
[32;1m[Board] [0m    a b c d e f g h 
[32;1m[Board] [0m  -------------------
[32;1m[Board] [0m8 ||[30;1mr[0m|[0;1mr[0m|[30;1mb[0m| |[30;1mK[0m|[30;1mb[0m|[30;1mk[0m|[30;1mr[0m|| 8
[32;1m[Board] [0m  -------------------
[32;1m[Board] [0m7 || |[7;1m [0m|[0;1mb[0m|[30;1mp[0m|[30;1mp[0m|[30;1mp[0m|[30;1mp[0m|[30;1mp[0m|| 7
[32;1m[Board] [0m  -------------------
[32;1m[Board] [0m6 ||[7;1m [0m| |[30;1mp[0m| |[7;1m [0m| |[7;1m [0m| || 6
[32;1m[Board] [0m  -------------------
[32;1m[Board] [0m5 ||[30;1mQ[0m|[7;1m [0m| |[7;1m [0m| |[7;1m [0m| |[7;1m [0m|| 5
[32;1m[Board] [0m  -------------------
[32;1m[Board] [0m4 ||[7;1m [0m| |[7;1m [0m|[0;1mp[0m|[0;1mp[0m|[0;1mQ[0m|[7;1m [0m| || 4
[32;1m[Board] [0m  -------------------
[32;1m[Board] [0m3 || |[7;1m [0m|[0;1mk[0m|[0;1mb[0m| |[7;1m [0m| |[7;1m [0m|| 3
[32;1m[Board] [0m  -------------------
[32;1m[Board] [0m2 ||[0;1mp[0m| |[0;1mp[0m| |[0;1mk[0m|[0;1mp[0m|[0;1mp[0m|[0;1mp[0m|| 2
[32;1m[Board] [0m  -------------------
[32;1m[Board] [0m1 || |[7;1m [0m| |[7;1m [0m|[0;1mK[0m|[7;1m [0m| |[0;1mr[0m|| 1
[32;1m[Board] [0m  -------------------
[32;1m[Board] [0m    a b c d e f g h
[32;1m[Board] [0m
[32;1m[Referee] [0mThis is the turn of the Black player...
inf 10 18.1 13.2 18.1 13.2 13.2 13.2 13.2 13.2 4.1 13.2 8.3 12.3 13.2 5 13.2 13.2 13.2 13.2 13.2 13.2 13.2 13.2 13.2 13.2 13.2 13.2 inf inf 13.2 13.2 inf 13.2 13.2 [==================] Is it a draw? No[32;1m[Game] [0mPlayer's error code: 0
[32;1m[Game] [0mChecking move validity...
[32;1m[Board] [0mInitializing board...
[32;1m[Board] [0mLoading history file `championship/pawnstar-blunder-ai/history.csv`...
[32;1m[Board] [0mLoaded 27 move(s).
[32;1m[Board] [0mLoading move file `championship/pawnstar-blunder-ai/move.csv`...
[32;1m[Board] [0mBlack player is playing a5 to h5.
[32;1m[Board] [0m
[32;1m[Board] [0m    a b c d e f g h 
[32;1m[Board] [0m  -------------------
[32;1m[Board] [0m8 ||[30;1mr[0m|[0;1mr[0m|[30;1mb[0m| |[30;1mK[0m|[30;1mb[0m|[30;1mk[0m|[30;1mr[0m|| 8
[32;1m[Board] [0m  -------------------
[32;1m[Board] [0m7 || |[7;1m [0m|[0;1mb[0m|[30;1mp[0m|[30;1mp[0m|[30;1mp[0m|[30;1mp[0m|[30;1mp[0m|| 7
[32;1m[Board] [0m  -------------------
[32;1m[Board] [0m6 ||[7;1m [0m| |[30;1mp[0m| |[7;1m [0m| |[7;1m [0m| || 6
[32;1m[Board] [0m  -------------------
[32;1m[Board] [0m5 || |[7;1m [0m| |[7;1m [0m| |[7;1m [0m| |[30;1mQ[0m|| 5
[32;1m[Board] [0m  -------------------
[32;1m[Board] [0m4 ||[7;1m [0m| |[7;1m [0m|[0;1mp[0m|[0;1mp[0m|[0;1mQ[0m|[7;1m [0m| || 4
[32;1m[Board] [0m  -------------------
[32;1m[Board] [0m3 || |[7;1m [0m|[0;1mk[0m|[0;1mb[0m| |[7;1m [0m| |[7;1m [0m|| 3
[32;1m[Board] [0m  -------------------
[32;1m[Board] [0m2 ||[0;1mp[0m| |[0;1mp[0m| |[0;1mk[0m|[0;1mp[0m|[0;1mp[0m|[0;1mp[0m|| 2
[32;1m[Board] [0m  -------------------
[32;1m[Board] [0m1 || |[7;1m [0m| |[7;1m [0m|[0;1mK[0m|[7;1m [0m| |[0;1mr[0m|| 1
[32;1m[Board] [0m  -------------------
[32;1m[Board] [0m    a b c d e f g h
[32;1m[Board] [0m
[32;1m[Referee] [0mThis is the turn of the White player...
 +-----------------+
8| R r B . K B N R |
7| . . b P P P P P |
6| . . P . . . . . |
5| . . . . . . . Q |
4| . . . p p q . . |
3| . . n b . . . . |
2| p . p . n p p p |
1| . . . . k . . r |
 +-----------------+
   a b c d e f g h
 +-----------------+
8| r . B . K B N R |
7| . . b P P P P P |
6| . . P . . . . . |
5| . . . . . . . Q |
4| . . . p p q . . |
3| . . n b . . . . |
2| p . p . n p p p |
1| . . . . k . . r |
 +-----------------+
   a b c d e f g h
[32;1m[Game] [0mPlayer's error code: 0
[32;1m[Game] [0mChecking move validity...
[32;1m[Board] [0mInitializing board...
[32;1m[Board] [0mLoading history file `championship/pawnstar-blunder-ai/history.csv`...
[32;1m[Board] [0mLoaded 28 move(s).
[32;1m[Board] [0mLoading move file `championship/pawnstar-blunder-ai/move.csv`...
[32;1m[Board] [0mWhite player is playing b8 to a8.
[32;1m[Board] [0m[5;1mWhite Rook is taking Black Rook.[0m
[32;1m[Board] [0m
[32;1m[Board] [0m    a b c d e f g h 
[32;1m[Board] [0m  -------------------
[32;1m[Board] [0m8 ||[0;1mr[0m| |[30;1mb[0m| |[30;1mK[0m|[30;1mb[0m|[30;1mk[0m|[30;1mr[0m|| 8
[32;1m[Board] [0m  -------------------
[32;1m[Board] [0m7 || |[7;1m [0m|[0;1mb[0m|[30;1mp[0m|[30;1mp[0m|[30;1mp[0m|[30;1mp[0m|[30;1mp[0m|| 7
[32;1m[Board] [0m  -------------------
[32;1m[Board] [0m6 ||[7;1m [0m| |[30;1mp[0m| |[7;1m [0m| |[7;1m [0m| || 6
[32;1m[Board] [0m  -------------------
[32;1m[Board] [0m5 || |[7;1m [0m| |[7;1m [0m| |[7;1m [0m| |[30;1mQ[0m|| 5
[32;1m[Board] [0m  -------------------
[32;1m[Board] [0m4 ||[7;1m [0m| |[7;1m [0m|[0;1mp[0m|[0;1mp[0m|[0;1mQ[0m|[7;1m [0m| || 4
[32;1m[Board] [0m  -------------------
[32;1m[Board] [0m3 || |[7;1m [0m|[0;1mk[0m|[0;1mb[0m| |[7;1m [0m| |[7;1m [0m|| 3
[32;1m[Board] [0m  -------------------
[32;1m[Board] [0m2 ||[0;1mp[0m| |[0;1mp[0m| |[0;1mk[0m|[0;1mp[0m|[0;1mp[0m|[0;1mp[0m|| 2
[32;1m[Board] [0m  -------------------
[32;1m[Board] [0m1 || |[7;1m [0m| |[7;1m [0m|[0;1mK[0m|[7;1m [0m| |[0;1mr[0m|| 1
[32;1m[Board] [0m  -------------------
[32;1m[Board] [0m    a b c d e f g h
[32;1m[Board] [0m
[32;1m[Referee] [0mThis is the turn of the Black player...
inf inf 18.2 inf inf inf inf inf inf inf inf inf inf inf inf 
---------------------------------
|   |   |   |   |   |   |   |   |
| r[0m |   | [31mb[0m |   | [31mk[0m | [31mb[0m | [31mn[0m | [31mr[0m |
|   |   |   |   |   |   |   |   |
---------------------------------
|   |   |   |   |   |   |   |   |
|   |   | b[0m | [31mp[0m | [31mp[0m | [31mp[0m | [31mp[0m | [31mp[0m |
|   |   |   |   |   |   |   |   |
---------------------------------
|   |   |   |   |   |   |   |   |
|   |   |   |   |   |   |   |   |
|   |   |   |   |   |   |   |   |
---------------------------------
|   |   |   |   |   |   |   |   |
|   |   |   |   |   |   |   | [31mq[0m |
|   |   |   |   |   |   |   |   |
---------------------------------
|   |   |   |   |   |   |   |   |
|   |   | p[0m | [31mp[0m | p[0m | q[0m |   |   |
|   |   |   |   |   |   |   |   |
---------------------------------
|   |   |   |   |   |   |   |   |
|   |   |   | b[0m |   |   |   |   |
|   |   |   |   |   |   |   |   |
---------------------------------
|   |   |   |   |   |   |   |   |
| p[0m |   |   |   | n[0m | p[0m | p[0m | p[0m |
|   |   |   |   |   |   |   |   |
---------------------------------
|   |   |   |   |   |   |   |   |
|   | n[0m |   |   | k[0m |   |   | r[0m |
|   |   |   |   |   |   |   |   |

we are handling an en passant, the evil pawn's coord: d4

---------------------------------
|   |   |   |   |   |   |   |   |
| r[0m |   | [31mb[0m |   | [31mk[0m | [31mb[0m | [31mn[0m | [31mr[0m |
|   |   |   |   |   |   |   |   |
---------------------------------
|   |   |   |   |   |   |   |   |
|   |   | b[0m | [31mp[0m | [31mp[0m | [31mp[0m | [31mp[0m | [31mp[0m |
|   |   |   |   |   |   |   |   |
---------------------------------
|   |   |   |   |   |   |   |   |
|   |   |   |   |   |   |   |   |
|   |   |   |   |   |   |   |   |
---------------------------------
|   |   |   |   |   |   |   |   |
|   | n[0m |   |   |   |   |   | [31mq[0m |
|   |   |   |   |   |   |   |   |
---------------------------------
|   |   |   |   |   |   |   |   |
|   |   | p[0m | [31mp[0m | p[0m | q[0m |   |   |
|   |   |   |   |   |   |   |   |
---------------------------------
|   |   |   |   |   |   |   |   |
|   |   |   | b[0m |   |   |   |   |
|   |   |   |   |   |   |   |   |
---------------------------------
|   |   |   |   |   |   |   |   |
| p[0m |   |   |   | n[0m | p[0m | p[0m | p[0m |
|   |   |   |   |   |   |   |   |
---------------------------------
|   |   |   |   |   |   |   |   |
|   |   |   |   | k[0m |   |   | r[0m |
|   |   |   |   |   |   |   |   |

we are handling an en passant, the evil pawn's coord: d4

---------------------------------
|   |   |   |   |   |   |   |   |
| r[0m |   | [31mb[0m |   | [31mk[0m | [31mb[0m | [31mn[0m | [31mr[0m |
|   |   |   |   |   |   |   |   |
---------------------------------
|   |   |   |   |   |   |   |   |
|   |   | b[0m | [31mp[0m | [31mp[0m | [31mp[0m | [31mp[0m | [31mp[0m |
|   |   |   |   |   |   |   |   |
---------------------------------
|   |   |   |   |   |   |   |   |
|   |   |   |   |   |   |   |   |
|   |   |   |   |   |   |   |   |
---------------------------------
|   |   |   |   |   |   |   |   |
|   |   |   |   |   |   |   | [31mq[0m |
|   |   |   |   |   |   |   |   |
---------------------------------
|   |   |   |   |   |   |   |   |
| n[0m |   | p[0m | [31mp[0m | p[0m | q[0m |   |   |
|   |   |   |   |   |   |   |   |
---------------------------------
|   |   |   |   |   |   |   |   |
|   |   |   | b[0m |   |   |   |   |
|   |   |   |   |   |   |   |   |
---------------------------------
|   |   |   |   |   |   |   |   |
| p[0m |   |   |   | n[0m | p[0m | p[0m | p[0m |
|   |   |   |   |   |   |   |   |
---------------------------------
|   |   |   |   |   |   |   |   |
|   |   |   |   | k[0m |   |   | r[0m |
|   |   |   |   |   |   |   |   |

we are handling an en passant, the evil pawn's coord: d4

---------------------------------
|   |   |   |   |   |   |   |   |
| r[0m |   | [31mb[0m |   | [31mk[0m | [31mb[0m | [31mn[0m | [31mr[0m |
|   |   |   |   |   |   |   |   |
---------------------------------
|   |   |   |   |   |   |   |   |
|   |   | b[0m | [31mp[0m | [31mp[0m | [31mp[0m | [31mp[0m | [31mp[0m |
|   |   |   |   |   |   |   |   |
---------------------------------
|   |   |   |   |   |   |   |   |
|   |   |   |   |   |   |   |   |
|   |   |   |   |   |   |   |   |
---------------------------------
|   |   |   |   |   |   |   |   |
|   |   |   |   |   |   |   | [31mq[0m |
|   |   |   |   |   |   |   |   |
---------------------------------
|   |   |   |   |   |   |   |   |
|   |   | p[0m | [31mp[0m | p[0m | q[0m |   |   |
|   |   |   |   |   |   |   |   |
---------------------------------
|   |   |   |   |   |   |   |   |
|   |   |   | b[0m |   |   |   |   |
|   |   |   |   |   |   |   |   |
---------------------------------
|   |   |   |   |   |   |   |   |
| p[0m |   |   |   | n[0m | p[0m | p[0m | p[0m |
|   |   |   |   |   |   |   |   |
---------------------------------
|   |   |   |   |   |   |   |   |
|   |   |   | n[0m | k[0m |   |   | r[0m |
|   |   |   |   |   |   |   |   |

we are handling an en passant, the evil pawn's coord: d4

---------------------------------
|   |   |   |   |   |   |   |   |
| r[0m |   | [31mb[0m |   | [31mk[0m | [31mb[0m | [31mn[0m | [31mr[0m |
|   |   |   |   |   |   |   |   |
---------------------------------
|   |   |   |   |   |   |   |   |
|   |   | b[0m | [31mp[0m | [31mp[0m | [31mp[0m | [31mp[0m | [31mp[0m |
|   |   |   |   |   |   |   |   |
---------------------------------
|   |   |   |   |   |   |   |   |
|   |   |   |   |   |   |   |   |
|   |   |   |   |   |   |   |   |
---------------------------------
|   |   |   |   |   |   |   |   |
|   |   |   | n[0m |   |   |   | [31mq[0m |
|   |   |   |   |   |   |   |   |
---------------------------------
|   |   |   |   |   |   |   |   |
|   |   | p[0m | [31mp[0m | p[0m | q[0m |   |   |
|   |   |   |   |   |   |   |   |
---------------------------------
|   |   |   |   |   |   |   |   |
|   |   |   | b[0m |   |   |   |   |
|   |   |   |   |   |   |   |   |
---------------------------------
|   |   |   |   |   |   |   |   |
| p[0m |   |   |   | n[0m | p[0m | p[0m | p[0m |
|   |   |   |   |   |   |   |   |
---------------------------------
|   |   |   |   |   |   |   |   |
|   |   |   |   | k[0m |   |   | r[0m |
|   |   |   |   |   |   |   |   |

we are handling an en passant, the evil pawn's coord: d4
14.9 14.9 14.9 14.9 14.9 14.9 14.9 14.9 14.9 14.9 14.9 14.9 inf 14.9 14.9 [==================] Is it a draw? No[32;1m[Game] [0mPlayer's error code: 0
[32;1m[Game] [0mChecking move validity...
[32;1m[Board] [0mInitializing board...
[32;1m[Board] [0mLoading history file `championship/pawnstar-blunder-ai/history.csv`...
[32;1m[Board] [0mLoaded 29 move(s).
[32;1m[Board] [0mLoading move file `championship/pawnstar-blunder-ai/move.csv`...
[32;1m[Board] [0mBlack player is playing c6 to c5.
[32;1m[Board] [0m
[32;1m[Board] [0m    a b c d e f g h 
[32;1m[Board] [0m  -------------------
[32;1m[Board] [0m8 ||[0;1mr[0m| |[30;1mb[0m| |[30;1mK[0m|[30;1mb[0m|[30;1mk[0m|[30;1mr[0m|| 8
[32;1m[Board] [0m  -------------------
[32;1m[Board] [0m7 || |[7;1m [0m|[0;1mb[0m|[30;1mp[0m|[30;1mp[0m|[30;1mp[0m|[30;1mp[0m|[30;1mp[0m|| 7
[32;1m[Board] [0m  -------------------
[32;1m[Board] [0m6 ||[7;1m [0m| |[7;1m [0m| |[7;1m [0m| |[7;1m [0m| || 6
[32;1m[Board] [0m  -------------------
[32;1m[Board] [0m5 || |[7;1m [0m|[30;1mp[0m|[7;1m [0m| |[7;1m [0m| |[30;1mQ[0m|| 5
[32;1m[Board] [0m  -------------------
[32;1m[Board] [0m4 ||[7;1m [0m| |[7;1m [0m|[0;1mp[0m|[0;1mp[0m|[0;1mQ[0m|[7;1m [0m| || 4
[32;1m[Board] [0m  -------------------
[32;1m[Board] [0m3 || |[7;1m [0m|[0;1mk[0m|[0;1mb[0m| |[7;1m [0m| |[7;1m [0m|| 3
[32;1m[Board] [0m  -------------------
[32;1m[Board] [0m2 ||[0;1mp[0m| |[0;1mp[0m| |[0;1mk[0m|[0;1mp[0m|[0;1mp[0m|[0;1mp[0m|| 2
[32;1m[Board] [0m  -------------------
[32;1m[Board] [0m1 || |[7;1m [0m| |[7;1m [0m|[0;1mK[0m|[7;1m [0m| |[0;1mr[0m|| 1
[32;1m[Board] [0m  -------------------
[32;1m[Board] [0m    a b c d e f g h
[32;1m[Board] [0m
[32;1m[Referee] [0mThis is the turn of the White player...
 +-----------------+
8| r . B . K B N R |
7| . . b P P P P P |
6| . . . . . . . . |
5| . . P . . . . Q |
4| . . . p p q . . |
3| . . n b . . . . |
2| p . p . n p p p |
1| . . . . k . . r |
 +-----------------+
   a b c d e f g h
 +-----------------+
8| . . r . K B N R |
7| . . b P P P P P |
6| . . . . . . . . |
5| . . P . . . . Q |
4| . . . p p q . . |
3| . . n b . . . . |
2| p . p . n p p p |
1| . . . . k . . r |
 +-----------------+
   a b c d e f g h
[32;1m[Game] [0mPlayer's error code: 0
[32;1m[Game] [0mChecking move validity...
[32;1m[Board] [0mInitializing board...
[32;1m[Board] [0mLoading history file `championship/pawnstar-blunder-ai/history.csv`...
[32;1m[Board] [0mLoaded 30 move(s).
[32;1m[Board] [0mLoading move file `championship/pawnstar-blunder-ai/move.csv`...
[32;1m[Board] [0mWhite player is playing a8 to c8.
[32;1m[Board] [0m[5;1mWhite Rook is taking Black Bishop.[0m
[32;1m[Board] [0m
[32;1m[Board] [0m    a b c d e f g h 
[32;1m[Board] [0m  -------------------
[32;1m[Board] [0m8 ||[7;1m [0m| |[0;1mr[0m| |[30;1mK[0m|[30;1mb[0m|[30;1mk[0m|[30;1mr[0m|| 8
[32;1m[Board] [0m  -------------------
[32;1m[Board] [0m7 || |[7;1m [0m|[0;1mb[0m|[30;1mp[0m|[30;1mp[0m|[30;1mp[0m|[30;1mp[0m|[30;1mp[0m|| 7
[32;1m[Board] [0m  -------------------
[32;1m[Board] [0m6 ||[7;1m [0m| |[7;1m [0m| |[7;1m [0m| |[7;1m [0m| || 6
[32;1m[Board] [0m  -------------------
[32;1m[Board] [0m5 || |[7;1m [0m|[30;1mp[0m|[7;1m [0m| |[7;1m [0m| |[30;1mQ[0m|| 5
[32;1m[Board] [0m  -------------------
[32;1m[Board] [0m4 ||[7;1m [0m| |[7;1m [0m|[0;1mp[0m|[0;1mp[0m|[0;1mQ[0m|[7;1m [0m| || 4
[32;1m[Board] [0m  -------------------
[32;1m[Board] [0m3 || |[7;1m [0m|[0;1mk[0m|[0;1mb[0m| |[7;1m [0m| |[7;1m [0m|| 3
[32;1m[Board] [0m  -------------------
[32;1m[Board] [0m2 ||[0;1mp[0m| |[0;1mp[0m| |[0;1mk[0m|[0;1mp[0m|[0;1mp[0m|[0;1mp[0m|| 2
[32;1m[Board] [0m  -------------------
[32;1m[Board] [0m1 || |[7;1m [0m| |[7;1m [0m|[0;1mK[0m|[7;1m [0m| |[0;1mr[0m|| 1
[32;1m[Board] [0m  -------------------
[32;1m[Board] [0m    a b c d e f g h
[32;1m[Board] [0m
[32;1m[Referee] [0mThis is the turn of the Black player...
[32;1m[Board] [0m[33;1m[WARNING][0m [5;1mBlack King in checkmate![0m
[32;1m[Board] [0m[33;1m[WARNING][0m The White player wins!
