[32;1m[Board] [0mInitializing board...
[32;1m[Board] [0m
[32;1m[Board] [0m    a b c d e f g h 
[32;1m[Board] [0m  -------------------
[32;1m[Board] [0m8 ||[30;1mr[0m|[30;1mk[0m|[30;1mb[0m|[30;1mQ[0m|[30;1mK[0m|[30;1mb[0m|[30;1mk[0m|[30;1mr[0m|| 8
[32;1m[Board] [0m  -------------------
[32;1m[Board] [0m7 ||[30;1mp[0m|[30;1mp[0m|[30;1mp[0m|[30;1mp[0m|[30;1mp[0m|[30;1mp[0m|[30;1mp[0m|[30;1mp[0m|| 7
[32;1m[Board] [0m  -------------------
[32;1m[Board] [0m6 ||[7;1m [0m| |[7;1m [0m| |[7;1m [0m| |[7;1m [0m| || 6
[32;1m[Board] [0m  -------------------
[32;1m[Board] [0m5 || |[7;1m [0m| |[7;1m [0m| |[7;1m [0m| |[7;1m [0m|| 5
[32;1m[Board] [0m  -------------------
[32;1m[Board] [0m4 ||[7;1m [0m| |[7;1m [0m| |[7;1m [0m| |[7;1m [0m| || 4
[32;1m[Board] [0m  -------------------
[32;1m[Board] [0m3 || |[7;1m [0m| |[7;1m [0m| |[7;1m [0m| |[7;1m [0m|| 3
[32;1m[Board] [0m  -------------------
[32;1m[Board] [0m2 ||[0;1mp[0m|[0;1mp[0m|[0;1mp[0m|[0;1mp[0m|[0;1mp[0m|[0;1mp[0m|[0;1mp[0m|[0;1mp[0m|| 2
[32;1m[Board] [0m  -------------------
[32;1m[Board] [0m1 ||[0;1mr[0m|[0;1mk[0m|[0;1mb[0m|[0;1mQ[0m|[0;1mK[0m|[0;1mb[0m|[0;1mk[0m|[0;1mr[0m|| 1
[32;1m[Board] [0m  -------------------
[32;1m[Board] [0m    a b c d e f g h
[32;1m[Board] [0m
[32;1m[Referee] [0mThis is the turn of the White player...
Initial board:
--------------------
8| r h b q k b h r |
7| p p p p p p p p |
6| . . . . . . . . |
5| . . . . . . . . |
4| . . . . . . . . |
3| . . . . . . . . |
2| P P P P P P P P |
1| R H B Q K B H R |
--------------------
   a b c d e f g h
After reading:
--------------------
8| r h b q k b h r |
7| p p p p p p p p |
6| . . . . . . . . |
5| . . . . . . . . |
4| . . . . . . . . |
3| . . . . . . . . |
2| P P P P P P P P |
1| R H B Q K B H R |
--------------------
   a b c d e f g h
--------------------
8| r h b q k b h r |
7| p p p p p p p p |
6| . . . . . . . . |
5| . . . . . . . . |
4| . P . . . . . . |
3| . . . . . . . . |
2| P . P P P P P P |
1| R H B Q K B H R |
--------------------
   a b c d e f g h
[32;1m[Game] [0mPlayer's error code: 0
[32;1m[Game] [0mChecking move validity...
[32;1m[Board] [0mInitializing board...
[32;1m[Board] [0mLoading history file `championship/chess_and_the_city-chess-bot/history.csv`...
[32;1m[Board] [0mLoaded 0 move(s).
[32;1m[Board] [0mLoading move file `championship/chess_and_the_city-chess-bot/move.csv`...
[32;1m[Board] [0mWhite player is playing b2 to b4.
[32;1m[Board] [0m
[32;1m[Board] [0m    a b c d e f g h 
[32;1m[Board] [0m  -------------------
[32;1m[Board] [0m8 ||[30;1mr[0m|[30;1mk[0m|[30;1mb[0m|[30;1mQ[0m|[30;1mK[0m|[30;1mb[0m|[30;1mk[0m|[30;1mr[0m|| 8
[32;1m[Board] [0m  -------------------
[32;1m[Board] [0m7 ||[30;1mp[0m|[30;1mp[0m|[30;1mp[0m|[30;1mp[0m|[30;1mp[0m|[30;1mp[0m|[30;1mp[0m|[30;1mp[0m|| 7
[32;1m[Board] [0m  -------------------
[32;1m[Board] [0m6 ||[7;1m [0m| |[7;1m [0m| |[7;1m [0m| |[7;1m [0m| || 6
[32;1m[Board] [0m  -------------------
[32;1m[Board] [0m5 || |[7;1m [0m| |[7;1m [0m| |[7;1m [0m| |[7;1m [0m|| 5
[32;1m[Board] [0m  -------------------
[32;1m[Board] [0m4 ||[7;1m [0m|[0;1mp[0m|[7;1m [0m| |[7;1m [0m| |[7;1m [0m| || 4
[32;1m[Board] [0m  -------------------
[32;1m[Board] [0m3 || |[7;1m [0m| |[7;1m [0m| |[7;1m [0m| |[7;1m [0m|| 3
[32;1m[Board] [0m  -------------------
[32;1m[Board] [0m2 ||[0;1mp[0m| |[0;1mp[0m|[0;1mp[0m|[0;1mp[0m|[0;1mp[0m|[0;1mp[0m|[0;1mp[0m|| 2
[32;1m[Board] [0m  -------------------
[32;1m[Board] [0m1 ||[0;1mr[0m|[0;1mk[0m|[0;1mb[0m|[0;1mQ[0m|[0;1mK[0m|[0;1mb[0m|[0;1mk[0m|[0;1mr[0m|| 1
[32;1m[Board] [0m  -------------------
[32;1m[Board] [0m    a b c d e f g h
[32;1m[Board] [0m
[32;1m[Referee] [0mThis is the turn of the Black player...
reading moves... done.
finding moves... done.
finding best one...
done.

original board:
â™™: 8  â™–: 2  â™˜: 2  
â™—: 2  â™•: 1  â™”: 1  

â™Ÿ: 8  â™œ: 2  â™: 2  
â™: 2  â™›: 1  â™š: 1  

|â™–|â™˜|â™—|â™•|â™”|â™—|â™˜|â™–|
|â™™|â™™|â™™|â™™|â™™|â™™|â™™|â™™|
| | | | | | | | |
| | | | | | | | |
| |â™Ÿ| | | | | | |
| | | | | | | | |
|â™Ÿ| |â™Ÿ|â™Ÿ|â™Ÿ|â™Ÿ|â™Ÿ|â™Ÿ|
|â™œ|â™|â™|â™›|â™š|â™|â™|â™œ|

new board:
â™™: 8  â™–: 2  â™˜: 2  
â™—: 2  â™•: 1  â™”: 1  

â™Ÿ: 8  â™œ: 2  â™: 2  
â™: 2  â™›: 1  â™š: 1  

|â™–| |â™—|â™•|â™”|â™—|â™˜|â™–|
|â™™|â™™|â™™|â™™|â™™|â™™|â™™|â™™|
| | |â™˜| | | | | |
| | | | | | | | |
| |â™Ÿ| | | | | | |
| | | | | | | | |
|â™Ÿ| |â™Ÿ|â™Ÿ|â™Ÿ|â™Ÿ|â™Ÿ|â™Ÿ|
|â™œ|â™|â™|â™›|â™š|â™|â™|â™œ|

creating move string... done, played b8c6
creating output file... done.

[32;1m[Game] [0mPlayer's error code: 0
[32;1m[Game] [0mChecking move validity...
[32;1m[Board] [0mInitializing board...
[32;1m[Board] [0mLoading history file `championship/chess_and_the_city-chess-bot/history.csv`...
[32;1m[Board] [0mLoaded 1 move(s).
[32;1m[Board] [0mLoading move file `championship/chess_and_the_city-chess-bot/move.csv`...
[32;1m[Board] [0mBlack player is playing b8 to c6.
[32;1m[Board] [0m
[32;1m[Board] [0m    a b c d e f g h 
[32;1m[Board] [0m  -------------------
[32;1m[Board] [0m8 ||[30;1mr[0m| |[30;1mb[0m|[30;1mQ[0m|[30;1mK[0m|[30;1mb[0m|[30;1mk[0m|[30;1mr[0m|| 8
[32;1m[Board] [0m  -------------------
[32;1m[Board] [0m7 ||[30;1mp[0m|[30;1mp[0m|[30;1mp[0m|[30;1mp[0m|[30;1mp[0m|[30;1mp[0m|[30;1mp[0m|[30;1mp[0m|| 7
[32;1m[Board] [0m  -------------------
[32;1m[Board] [0m6 ||[7;1m [0m| |[30;1mk[0m| |[7;1m [0m| |[7;1m [0m| || 6
[32;1m[Board] [0m  -------------------
[32;1m[Board] [0m5 || |[7;1m [0m| |[7;1m [0m| |[7;1m [0m| |[7;1m [0m|| 5
[32;1m[Board] [0m  -------------------
[32;1m[Board] [0m4 ||[7;1m [0m|[0;1mp[0m|[7;1m [0m| |[7;1m [0m| |[7;1m [0m| || 4
[32;1m[Board] [0m  -------------------
[32;1m[Board] [0m3 || |[7;1m [0m| |[7;1m [0m| |[7;1m [0m| |[7;1m [0m|| 3
[32;1m[Board] [0m  -------------------
[32;1m[Board] [0m2 ||[0;1mp[0m| |[0;1mp[0m|[0;1mp[0m|[0;1mp[0m|[0;1mp[0m|[0;1mp[0m|[0;1mp[0m|| 2
[32;1m[Board] [0m  -------------------
[32;1m[Board] [0m1 ||[0;1mr[0m|[0;1mk[0m|[0;1mb[0m|[0;1mQ[0m|[0;1mK[0m|[0;1mb[0m|[0;1mk[0m|[0;1mr[0m|| 1
[32;1m[Board] [0m  -------------------
[32;1m[Board] [0m    a b c d e f g h
[32;1m[Board] [0m
[32;1m[Referee] [0mThis is the turn of the White player...
Initial board:
--------------------
8| r h b q k b h r |
7| p p p p p p p p |
6| . . . . . . . . |
5| . . . . . . . . |
4| . . . . . . . . |
3| . . . . . . . . |
2| P P P P P P P P |
1| R H B Q K B H R |
--------------------
   a b c d e f g h
After reading:
--------------------
8| r . b q k b h r |
7| p p p p p p p p |
6| . . h . . . . . |
5| . . . . . . . . |
4| . P . . . . . . |
3| . . . . . . . . |
2| P . P P P P P P |
1| R H B Q K B H R |
--------------------
   a b c d e f g h
--------------------
8| r . b q k b h r |
7| p p p p p p p p |
6| . . h . . . . . |
5| . . . . . . . . |
4| . P . . . . . . |
3| . . . . . P . . |
2| P . P P P . P P |
1| R H B Q K B H R |
--------------------
   a b c d e f g h
[32;1m[Game] [0mPlayer's error code: 0
[32;1m[Game] [0mChecking move validity...
[32;1m[Board] [0mInitializing board...
[32;1m[Board] [0mLoading history file `championship/chess_and_the_city-chess-bot/history.csv`...
[32;1m[Board] [0mLoaded 2 move(s).
[32;1m[Board] [0mLoading move file `championship/chess_and_the_city-chess-bot/move.csv`...
[32;1m[Board] [0mWhite player is playing f2 to f3.
[32;1m[Board] [0m
[32;1m[Board] [0m    a b c d e f g h 
[32;1m[Board] [0m  -------------------
[32;1m[Board] [0m8 ||[30;1mr[0m| |[30;1mb[0m|[30;1mQ[0m|[30;1mK[0m|[30;1mb[0m|[30;1mk[0m|[30;1mr[0m|| 8
[32;1m[Board] [0m  -------------------
[32;1m[Board] [0m7 ||[30;1mp[0m|[30;1mp[0m|[30;1mp[0m|[30;1mp[0m|[30;1mp[0m|[30;1mp[0m|[30;1mp[0m|[30;1mp[0m|| 7
[32;1m[Board] [0m  -------------------
[32;1m[Board] [0m6 ||[7;1m [0m| |[30;1mk[0m| |[7;1m [0m| |[7;1m [0m| || 6
[32;1m[Board] [0m  -------------------
[32;1m[Board] [0m5 || |[7;1m [0m| |[7;1m [0m| |[7;1m [0m| |[7;1m [0m|| 5
[32;1m[Board] [0m  -------------------
[32;1m[Board] [0m4 ||[7;1m [0m|[0;1mp[0m|[7;1m [0m| |[7;1m [0m| |[7;1m [0m| || 4
[32;1m[Board] [0m  -------------------
[32;1m[Board] [0m3 || |[7;1m [0m| |[7;1m [0m| |[0;1mp[0m| |[7;1m [0m|| 3
[32;1m[Board] [0m  -------------------
[32;1m[Board] [0m2 ||[0;1mp[0m| |[0;1mp[0m|[0;1mp[0m|[0;1mp[0m| |[0;1mp[0m|[0;1mp[0m|| 2
[32;1m[Board] [0m  -------------------
[32;1m[Board] [0m1 ||[0;1mr[0m|[0;1mk[0m|[0;1mb[0m|[0;1mQ[0m|[0;1mK[0m|[0;1mb[0m|[0;1mk[0m|[0;1mr[0m|| 1
[32;1m[Board] [0m  -------------------
[32;1m[Board] [0m    a b c d e f g h
[32;1m[Board] [0m
[32;1m[Referee] [0mThis is the turn of the Black player...
reading moves... done.
finding moves... done.
finding best one...
done.

original board:
â™™: 8  â™–: 2  â™˜: 2  
â™—: 2  â™•: 1  â™”: 1  

â™Ÿ: 8  â™œ: 2  â™: 2  
â™: 2  â™›: 1  â™š: 1  

|â™–| |â™—|â™•|â™”|â™—|â™˜|â™–|
|â™™|â™™|â™™|â™™|â™™|â™™|â™™|â™™|
| | |â™˜| | | | | |
| | | | | | | | |
| |â™Ÿ| | | | | | |
| | | | | |â™Ÿ| | |
|â™Ÿ| |â™Ÿ|â™Ÿ|â™Ÿ| |â™Ÿ|â™Ÿ|
|â™œ|â™|â™|â™›|â™š|â™|â™|â™œ|

new board:
â™™: 8  â™–: 2  â™˜: 2  
â™—: 2  â™•: 1  â™”: 1  

â™Ÿ: 7  â™œ: 2  â™: 2  
â™: 2  â™›: 1  â™š: 1  

|â™–| |â™—|â™•|â™”|â™—|â™˜|â™–|
|â™™|â™™|â™™|â™™|â™™|â™™|â™™|â™™|
| | | | | | | | |
| | | | | | | | |
| |â™˜| | | | | | |
| | | | | |â™Ÿ| | |
|â™Ÿ| |â™Ÿ|â™Ÿ|â™Ÿ| |â™Ÿ|â™Ÿ|
|â™œ|â™|â™|â™›|â™š|â™|â™|â™œ|

creating move string... done, played c6b4
creating output file... done.

[32;1m[Game] [0mPlayer's error code: 0
[32;1m[Game] [0mChecking move validity...
[32;1m[Board] [0mInitializing board...
[32;1m[Board] [0mLoading history file `championship/chess_and_the_city-chess-bot/history.csv`...
[32;1m[Board] [0mLoaded 3 move(s).
[32;1m[Board] [0mLoading move file `championship/chess_and_the_city-chess-bot/move.csv`...
[32;1m[Board] [0mBlack player is playing c6 to b4.
[32;1m[Board] [0m[5;1mBlack Knight is taking White Pawn.[0m
[32;1m[Board] [0m
[32;1m[Board] [0m    a b c d e f g h 
[32;1m[Board] [0m  -------------------
[32;1m[Board] [0m8 ||[30;1mr[0m| |[30;1mb[0m|[30;1mQ[0m|[30;1mK[0m|[30;1mb[0m|[30;1mk[0m|[30;1mr[0m|| 8
[32;1m[Board] [0m  -------------------
[32;1m[Board] [0m7 ||[30;1mp[0m|[30;1mp[0m|[30;1mp[0m|[30;1mp[0m|[30;1mp[0m|[30;1mp[0m|[30;1mp[0m|[30;1mp[0m|| 7
[32;1m[Board] [0m  -------------------
[32;1m[Board] [0m6 ||[7;1m [0m| |[7;1m [0m| |[7;1m [0m| |[7;1m [0m| || 6
[32;1m[Board] [0m  -------------------
[32;1m[Board] [0m5 || |[7;1m [0m| |[7;1m [0m| |[7;1m [0m| |[7;1m [0m|| 5
[32;1m[Board] [0m  -------------------
[32;1m[Board] [0m4 ||[7;1m [0m|[30;1mk[0m|[7;1m [0m| |[7;1m [0m| |[7;1m [0m| || 4
[32;1m[Board] [0m  -------------------
[32;1m[Board] [0m3 || |[7;1m [0m| |[7;1m [0m| |[0;1mp[0m| |[7;1m [0m|| 3
[32;1m[Board] [0m  -------------------
[32;1m[Board] [0m2 ||[0;1mp[0m| |[0;1mp[0m|[0;1mp[0m|[0;1mp[0m| |[0;1mp[0m|[0;1mp[0m|| 2
[32;1m[Board] [0m  -------------------
[32;1m[Board] [0m1 ||[0;1mr[0m|[0;1mk[0m|[0;1mb[0m|[0;1mQ[0m|[0;1mK[0m|[0;1mb[0m|[0;1mk[0m|[0;1mr[0m|| 1
[32;1m[Board] [0m  -------------------
[32;1m[Board] [0m    a b c d e f g h
[32;1m[Board] [0m
[32;1m[Referee] [0mThis is the turn of the White player...
Initial board:
--------------------
8| r h b q k b h r |
7| p p p p p p p p |
6| . . . . . . . . |
5| . . . . . . . . |
4| . . . . . . . . |
3| . . . . . . . . |
2| P P P P P P P P |
1| R H B Q K B H R |
--------------------
   a b c d e f g h
After reading:
--------------------
8| r . b q k b h r |
7| p p p p p p p p |
6| . . . . . . . . |
5| . . . . . . . . |
4| . h . . . . . . |
3| . . . . . P . . |
2| P . P P P . P P |
1| R H B Q K B H R |
--------------------
   a b c d e f g h
--------------------
8| r . b q k b h r |
7| p p p p p p p p |
6| . . . . . . . . |
5| . . . . . . . . |
4| . h . . . . . . |
3| . . . P . P . . |
2| P . P . P . P P |
1| R H B Q K B H R |
--------------------
   a b c d e f g h
[32;1m[Game] [0mPlayer's error code: 0
[32;1m[Game] [0mChecking move validity...
[32;1m[Board] [0mInitializing board...
[32;1m[Board] [0mLoading history file `championship/chess_and_the_city-chess-bot/history.csv`...
[32;1m[Board] [0mLoaded 4 move(s).
[32;1m[Board] [0mLoading move file `championship/chess_and_the_city-chess-bot/move.csv`...
[32;1m[Board] [0mWhite player is playing d2 to d3.
[32;1m[Board] [0m
[32;1m[Board] [0m    a b c d e f g h 
[32;1m[Board] [0m  -------------------
[32;1m[Board] [0m8 ||[30;1mr[0m| |[30;1mb[0m|[30;1mQ[0m|[30;1mK[0m|[30;1mb[0m|[30;1mk[0m|[30;1mr[0m|| 8
[32;1m[Board] [0m  -------------------
[32;1m[Board] [0m7 ||[30;1mp[0m|[30;1mp[0m|[30;1mp[0m|[30;1mp[0m|[30;1mp[0m|[30;1mp[0m|[30;1mp[0m|[30;1mp[0m|| 7
[32;1m[Board] [0m  -------------------
[32;1m[Board] [0m6 ||[7;1m [0m| |[7;1m [0m| |[7;1m [0m| |[7;1m [0m| || 6
[32;1m[Board] [0m  -------------------
[32;1m[Board] [0m5 || |[7;1m [0m| |[7;1m [0m| |[7;1m [0m| |[7;1m [0m|| 5
[32;1m[Board] [0m  -------------------
[32;1m[Board] [0m4 ||[7;1m [0m|[30;1mk[0m|[7;1m [0m| |[7;1m [0m| |[7;1m [0m| || 4
[32;1m[Board] [0m  -------------------
[32;1m[Board] [0m3 || |[7;1m [0m| |[0;1mp[0m| |[0;1mp[0m| |[7;1m [0m|| 3
[32;1m[Board] [0m  -------------------
[32;1m[Board] [0m2 ||[0;1mp[0m| |[0;1mp[0m| |[0;1mp[0m| |[0;1mp[0m|[0;1mp[0m|| 2
[32;1m[Board] [0m  -------------------
[32;1m[Board] [0m1 ||[0;1mr[0m|[0;1mk[0m|[0;1mb[0m|[0;1mQ[0m|[0;1mK[0m|[0;1mb[0m|[0;1mk[0m|[0;1mr[0m|| 1
[32;1m[Board] [0m  -------------------
[32;1m[Board] [0m    a b c d e f g h
[32;1m[Board] [0m
[32;1m[Referee] [0mThis is the turn of the Black player...
reading moves... done.
finding moves... done.
finding best one...
done.

original board:
â™™: 8  â™–: 2  â™˜: 2  
â™—: 2  â™•: 1  â™”: 1  

â™Ÿ: 7  â™œ: 2  â™: 2  
â™: 2  â™›: 1  â™š: 1  

|â™–| |â™—|â™•|â™”|â™—|â™˜|â™–|
|â™™|â™™|â™™|â™™|â™™|â™™|â™™|â™™|
| | | | | | | | |
| | | | | | | | |
| |â™˜| | | | | | |
| | | |â™Ÿ| |â™Ÿ| | |
|â™Ÿ| |â™Ÿ| |â™Ÿ| |â™Ÿ|â™Ÿ|
|â™œ|â™|â™|â™›|â™š|â™|â™|â™œ|

new board:
â™™: 8  â™–: 2  â™˜: 2  
â™—: 2  â™•: 1  â™”: 1  

â™Ÿ: 7  â™œ: 2  â™: 2  
â™: 2  â™›: 1  â™š: 1  

|â™–| |â™—|â™•|â™”|â™—|â™˜|â™–|
|â™™|â™™|â™™|â™™| |â™™|â™™|â™™|
| | | | | | | | |
| | | | |â™™| | | |
| |â™˜| | | | | | |
| | | |â™Ÿ| |â™Ÿ| | |
|â™Ÿ| |â™Ÿ| |â™Ÿ| |â™Ÿ|â™Ÿ|
|â™œ|â™|â™|â™›|â™š|â™|â™|â™œ|

creating move string... done, played e7e5
creating output file... done.

[32;1m[Game] [0mPlayer's error code: 0
[32;1m[Game] [0mChecking move validity...
[32;1m[Board] [0mInitializing board...
[32;1m[Board] [0mLoading history file `championship/chess_and_the_city-chess-bot/history.csv`...
[32;1m[Board] [0mLoaded 5 move(s).
[32;1m[Board] [0mLoading move file `championship/chess_and_the_city-chess-bot/move.csv`...
[32;1m[Board] [0mBlack player is playing e7 to e5.
[32;1m[Board] [0m
[32;1m[Board] [0m    a b c d e f g h 
[32;1m[Board] [0m  -------------------
[32;1m[Board] [0m8 ||[30;1mr[0m| |[30;1mb[0m|[30;1mQ[0m|[30;1mK[0m|[30;1mb[0m|[30;1mk[0m|[30;1mr[0m|| 8
[32;1m[Board] [0m  -------------------
[32;1m[Board] [0m7 ||[30;1mp[0m|[30;1mp[0m|[30;1mp[0m|[30;1mp[0m| |[30;1mp[0m|[30;1mp[0m|[30;1mp[0m|| 7
[32;1m[Board] [0m  -------------------
[32;1m[Board] [0m6 ||[7;1m [0m| |[7;1m [0m| |[7;1m [0m| |[7;1m [0m| || 6
[32;1m[Board] [0m  -------------------
[32;1m[Board] [0m5 || |[7;1m [0m| |[7;1m [0m|[30;1mp[0m|[7;1m [0m| |[7;1m [0m|| 5
[32;1m[Board] [0m  -------------------
[32;1m[Board] [0m4 ||[7;1m [0m|[30;1mk[0m|[7;1m [0m| |[7;1m [0m| |[7;1m [0m| || 4
[32;1m[Board] [0m  -------------------
[32;1m[Board] [0m3 || |[7;1m [0m| |[0;1mp[0m| |[0;1mp[0m| |[7;1m [0m|| 3
[32;1m[Board] [0m  -------------------
[32;1m[Board] [0m2 ||[0;1mp[0m| |[0;1mp[0m| |[0;1mp[0m| |[0;1mp[0m|[0;1mp[0m|| 2
[32;1m[Board] [0m  -------------------
[32;1m[Board] [0m1 ||[0;1mr[0m|[0;1mk[0m|[0;1mb[0m|[0;1mQ[0m|[0;1mK[0m|[0;1mb[0m|[0;1mk[0m|[0;1mr[0m|| 1
[32;1m[Board] [0m  -------------------
[32;1m[Board] [0m    a b c d e f g h
[32;1m[Board] [0m
[32;1m[Referee] [0mThis is the turn of the White player...
Initial board:
--------------------
8| r h b q k b h r |
7| p p p p p p p p |
6| . . . . . . . . |
5| . . . . . . . . |
4| . . . . . . . . |
3| . . . . . . . . |
2| P P P P P P P P |
1| R H B Q K B H R |
--------------------
   a b c d e f g h
After reading:
--------------------
8| r . b q k b h r |
7| p p p p . p p p |
6| . . . . . . . . |
5| . . . . p . . . |
4| . h . . . . . . |
3| . . . P . P . . |
2| P . P . P . P P |
1| R H B Q K B H R |
--------------------
   a b c d e f g h
--------------------
8| r . b q k b h r |
7| p p p p . p p p |
6| . . . . . . . . |
5| . . . . p . . . |
4| . h . . . . . . |
3| . . . P . P . . |
2| P . P Q P . P P |
1| R H B . K B H R |
--------------------
   a b c d e f g h
[32;1m[Game] [0mPlayer's error code: 0
[32;1m[Game] [0mChecking move validity...
[32;1m[Board] [0mInitializing board...
[32;1m[Board] [0mLoading history file `championship/chess_and_the_city-chess-bot/history.csv`...
[32;1m[Board] [0mLoaded 6 move(s).
[32;1m[Board] [0mLoading move file `championship/chess_and_the_city-chess-bot/move.csv`...
[32;1m[Board] [0mWhite player is playing d1 to d2.
[32;1m[Board] [0m
[32;1m[Board] [0m    a b c d e f g h 
[32;1m[Board] [0m  -------------------
[32;1m[Board] [0m8 ||[30;1mr[0m| |[30;1mb[0m|[30;1mQ[0m|[30;1mK[0m|[30;1mb[0m|[30;1mk[0m|[30;1mr[0m|| 8
[32;1m[Board] [0m  -------------------
[32;1m[Board] [0m7 ||[30;1mp[0m|[30;1mp[0m|[30;1mp[0m|[30;1mp[0m| |[30;1mp[0m|[30;1mp[0m|[30;1mp[0m|| 7
[32;1m[Board] [0m  -------------------
[32;1m[Board] [0m6 ||[7;1m [0m| |[7;1m [0m| |[7;1m [0m| |[7;1m [0m| || 6
[32;1m[Board] [0m  -------------------
[32;1m[Board] [0m5 || |[7;1m [0m| |[7;1m [0m|[30;1mp[0m|[7;1m [0m| |[7;1m [0m|| 5
[32;1m[Board] [0m  -------------------
[32;1m[Board] [0m4 ||[7;1m [0m|[30;1mk[0m|[7;1m [0m| |[7;1m [0m| |[7;1m [0m| || 4
[32;1m[Board] [0m  -------------------
[32;1m[Board] [0m3 || |[7;1m [0m| |[0;1mp[0m| |[0;1mp[0m| |[7;1m [0m|| 3
[32;1m[Board] [0m  -------------------
[32;1m[Board] [0m2 ||[0;1mp[0m| |[0;1mp[0m|[0;1mQ[0m|[0;1mp[0m| |[0;1mp[0m|[0;1mp[0m|| 2
[32;1m[Board] [0m  -------------------
[32;1m[Board] [0m1 ||[0;1mr[0m|[0;1mk[0m|[0;1mb[0m|[7;1m [0m|[0;1mK[0m|[0;1mb[0m|[0;1mk[0m|[0;1mr[0m|| 1
[32;1m[Board] [0m  -------------------
[32;1m[Board] [0m    a b c d e f g h
[32;1m[Board] [0m
[32;1m[Referee] [0mThis is the turn of the Black player...
reading moves... done.
finding moves... done.
finding best one...
done.

original board:
â™™: 8  â™–: 2  â™˜: 2  
â™—: 2  â™•: 1  â™”: 1  

â™Ÿ: 7  â™œ: 2  â™: 2  
â™: 2  â™›: 1  â™š: 1  

|â™–| |â™—|â™•|â™”|â™—|â™˜|â™–|
|â™™|â™™|â™™|â™™| |â™™|â™™|â™™|
| | | | | | | | |
| | | | |â™™| | | |
| |â™˜| | | | | | |
| | | |â™Ÿ| |â™Ÿ| | |
|â™Ÿ| |â™Ÿ|â™›|â™Ÿ| |â™Ÿ|â™Ÿ|
|â™œ|â™|â™| |â™š|â™|â™|â™œ|

new board:
â™™: 8  â™–: 2  â™˜: 2  
â™—: 2  â™•: 1  â™”: 1  

â™Ÿ: 7  â™œ: 2  â™: 2  
â™: 2  â™›: 1  â™š: 1  

|â™–| |â™—| |â™”|â™—|â™˜|â™–|
|â™™|â™™|â™™|â™™| |â™™|â™™|â™™|
| | | | | | | | |
| | | | |â™™| | | |
| |â™˜| | | | | |â™•|
| | | |â™Ÿ| |â™Ÿ| | |
|â™Ÿ| |â™Ÿ|â™›|â™Ÿ| |â™Ÿ|â™Ÿ|
|â™œ|â™|â™| |â™š|â™|â™|â™œ|

creating move string... done, played d8h4
creating output file... done.

[32;1m[Game] [0mPlayer's error code: 0
[32;1m[Game] [0mChecking move validity...
[32;1m[Board] [0mInitializing board...
[32;1m[Board] [0mLoading history file `championship/chess_and_the_city-chess-bot/history.csv`...
[32;1m[Board] [0mLoaded 7 move(s).
[32;1m[Board] [0mLoading move file `championship/chess_and_the_city-chess-bot/move.csv`...
[32;1m[Board] [0mBlack player is playing d8 to h4.
[32;1m[Board] [0m
[32;1m[Board] [0m    a b c d e f g h 
[32;1m[Board] [0m  -------------------
[32;1m[Board] [0m8 ||[30;1mr[0m| |[30;1mb[0m| |[30;1mK[0m|[30;1mb[0m|[30;1mk[0m|[30;1mr[0m|| 8
[32;1m[Board] [0m  -------------------
[32;1m[Board] [0m7 ||[30;1mp[0m|[30;1mp[0m|[30;1mp[0m|[30;1mp[0m| |[30;1mp[0m|[30;1mp[0m|[30;1mp[0m|| 7
[32;1m[Board] [0m  -------------------
[32;1m[Board] [0m6 ||[7;1m [0m| |[7;1m [0m| |[7;1m [0m| |[7;1m [0m| || 6
[32;1m[Board] [0m  -------------------
[32;1m[Board] [0m5 || |[7;1m [0m| |[7;1m [0m|[30;1mp[0m|[7;1m [0m| |[7;1m [0m|| 5
[32;1m[Board] [0m  -------------------
[32;1m[Board] [0m4 ||[7;1m [0m|[30;1mk[0m|[7;1m [0m| |[7;1m [0m| |[7;1m [0m|[30;1mQ[0m|| 4
[32;1m[Board] [0m  -------------------
[32;1m[Board] [0m3 || |[7;1m [0m| |[0;1mp[0m| |[0;1mp[0m| |[7;1m [0m|| 3
[32;1m[Board] [0m  -------------------
[32;1m[Board] [0m2 ||[0;1mp[0m| |[0;1mp[0m|[0;1mQ[0m|[0;1mp[0m| |[0;1mp[0m|[0;1mp[0m|| 2
[32;1m[Board] [0m  -------------------
[32;1m[Board] [0m1 ||[0;1mr[0m|[0;1mk[0m|[0;1mb[0m|[7;1m [0m|[0;1mK[0m|[0;1mb[0m|[0;1mk[0m|[0;1mr[0m|| 1
[32;1m[Board] [0m  -------------------
[32;1m[Board] [0m    a b c d e f g h
[32;1m[Board] [0m
[32;1m[Referee] [0mThis is the turn of the White player...
[32;1m[Board] [0m[33;1m[WARNING][0m [5;1mWhite King in check![0m
[32;1m[Board] [0m[33;1m[WARNING][0m    Threatened by Black Queen (h4)
Initial board:
--------------------
8| r h b q k b h r |
7| p p p p p p p p |
6| . . . . . . . . |
5| . . . . . . . . |
4| . . . . . . . . |
3| . . . . . . . . |
2| P P P P P P P P |
1| R H B Q K B H R |
--------------------
   a b c d e f g h
After reading:
--------------------
8| r . b . k b h r |
7| p p p p . p p p |
6| . . . . . . . . |
5| . . . . p . . . |
4| . h . . . . . q |
3| . . . P . P . . |
2| P . P Q P . P P |
1| R H B . K B H R |
--------------------
   a b c d e f g h
--------------------
8| r . b . k b h r |
7| p p p p . p p p |
6| . . . . . . . . |
5| . . . . p . . . |
4| . Q . . . . . q |
3| . . . P . P . . |
2| P . P . P . P P |
1| R H B . K B H R |
--------------------
   a b c d e f g h
[32;1m[Game] [0mPlayer's error code: 0
[32;1m[Game] [0mChecking move validity...
[32;1m[Board] [0mInitializing board...
[32;1m[Board] [0mLoading history file `championship/chess_and_the_city-chess-bot/history.csv`...
[32;1m[Board] [0mLoaded 8 move(s).
[32;1m[Board] [0mLoading move file `championship/chess_and_the_city-chess-bot/move.csv`...
[32;1m[Board] [0mWhite player is playing d2 to b4.
[32;1m[Board] [0m[31;1m[ERROR][0m Proposed move from (d2) to (b4) puts the King in check :(
[32;1m[Board] [0m[31;1m[ERROR][0m White Queen (d2) cannot reach its destination (b4) :(
[32;1m[Referee] [0mInvalid move (code: -7) :(
[32;1m[Game] [0mWhite player has lost on illegal move.
