[32;1m[Board] [0mInitializing board...
[32;1m[Board] [0m
[32;1m[Board] [0m    a b c d e f g h 
[32;1m[Board] [0m  -------------------
[32;1m[Board] [0m8 ||[30;1mr[0m|[30;1mk[0m|[30;1mb[0m|[30;1mQ[0m|[30;1mK[0m|[30;1mb[0m|[30;1mk[0m|[30;1mr[0m|| 8
[32;1m[Board] [0m  -------------------
[32;1m[Board] [0m7 ||[30;1mp[0m|[30;1mp[0m|[30;1mp[0m|[30;1mp[0m|[30;1mp[0m|[30;1mp[0m|[30;1mp[0m|[30;1mp[0m|| 7
[32;1m[Board] [0m  -------------------
[32;1m[Board] [0m6 ||[7;1m [0m| |[7;1m [0m| |[7;1m [0m| |[7;1m [0m| || 6
[32;1m[Board] [0m  -------------------
[32;1m[Board] [0m5 || |[7;1m [0m| |[7;1m [0m| |[7;1m [0m| |[7;1m [0m|| 5
[32;1m[Board] [0m  -------------------
[32;1m[Board] [0m4 ||[7;1m [0m| |[7;1m [0m| |[7;1m [0m| |[7;1m [0m| || 4
[32;1m[Board] [0m  -------------------
[32;1m[Board] [0m3 || |[7;1m [0m| |[7;1m [0m| |[7;1m [0m| |[7;1m [0m|| 3
[32;1m[Board] [0m  -------------------
[32;1m[Board] [0m2 ||[0;1mp[0m|[0;1mp[0m|[0;1mp[0m|[0;1mp[0m|[0;1mp[0m|[0;1mp[0m|[0;1mp[0m|[0;1mp[0m|| 2
[32;1m[Board] [0m  -------------------
[32;1m[Board] [0m1 ||[0;1mr[0m|[0;1mk[0m|[0;1mb[0m|[0;1mQ[0m|[0;1mK[0m|[0;1mb[0m|[0;1mk[0m|[0;1mr[0m|| 1
[32;1m[Board] [0m  -------------------
[32;1m[Board] [0m    a b c d e f g h
[32;1m[Board] [0m
[32;1m[Referee] [0mThis is the turn of the White player...
5    a    b    c    d    e    f    g    h
  +----+----+----+----+----+----+----+----+
8 | oR | oN | oB | oQ | oK | oB | oN | oR | 8
  +----+----+----+----+----+----+----+----+
7 | oP | oP | oP | oP | oP | oP | oP | oP | 7
  +----+----+----+----+----+----+----+----+
6 |    |    |    |    |    |    |    |    | 6
  +----+----+----+----+----+----+----+----+
5 |    |    |    |    |    |    |    |    | 5
  +----+----+----+----+----+----+----+----+
4 |    |    |    |    |    |    |    |    | 4
  +----+----+----+----+----+----+----+----+
3 |    |    |    |    |    |    |    |    | 3
  +----+----+----+----+----+----+----+----+
2 | mP | mP | mP | mP | mP | mP | mP | mP | 2
  +----+----+----+----+----+----+----+----+
1 | mR | mN | mB | mQ | mK | mB | mN | mR | 1
  +----+----+----+----+----+----+----+----+
    a    b    c    d    e    f    g   h

minimax eval: e2e4 140
Move written to championship/chess-ai-logic-and-proofs/move.csv successfully!
[32;1m[Game] [0mPlayer's error code: 0
[32;1m[Game] [0mChecking move validity...
[32;1m[Board] [0mInitializing board...
[32;1m[Board] [0mLoading history file `championship/chess-ai-logic-and-proofs/history.csv`...
[32;1m[Board] [0mLoaded 0 move(s).
[32;1m[Board] [0mLoading move file `championship/chess-ai-logic-and-proofs/move.csv`...
[32;1m[Board] [0mWhite player is playing e2 to e4.
[32;1m[Board] [0m
[32;1m[Board] [0m    a b c d e f g h 
[32;1m[Board] [0m  -------------------
[32;1m[Board] [0m8 ||[30;1mr[0m|[30;1mk[0m|[30;1mb[0m|[30;1mQ[0m|[30;1mK[0m|[30;1mb[0m|[30;1mk[0m|[30;1mr[0m|| 8
[32;1m[Board] [0m  -------------------
[32;1m[Board] [0m7 ||[30;1mp[0m|[30;1mp[0m|[30;1mp[0m|[30;1mp[0m|[30;1mp[0m|[30;1mp[0m|[30;1mp[0m|[30;1mp[0m|| 7
[32;1m[Board] [0m  -------------------
[32;1m[Board] [0m6 ||[7;1m [0m| |[7;1m [0m| |[7;1m [0m| |[7;1m [0m| || 6
[32;1m[Board] [0m  -------------------
[32;1m[Board] [0m5 || |[7;1m [0m| |[7;1m [0m| |[7;1m [0m| |[7;1m [0m|| 5
[32;1m[Board] [0m  -------------------
[32;1m[Board] [0m4 ||[7;1m [0m| |[7;1m [0m| |[0;1mp[0m| |[7;1m [0m| || 4
[32;1m[Board] [0m  -------------------
[32;1m[Board] [0m3 || |[7;1m [0m| |[7;1m [0m| |[7;1m [0m| |[7;1m [0m|| 3
[32;1m[Board] [0m  -------------------
[32;1m[Board] [0m2 ||[0;1mp[0m|[0;1mp[0m|[0;1mp[0m|[0;1mp[0m|[7;1m [0m|[0;1mp[0m|[0;1mp[0m|[0;1mp[0m|| 2
[32;1m[Board] [0m  -------------------
[32;1m[Board] [0m1 ||[0;1mr[0m|[0;1mk[0m|[0;1mb[0m|[0;1mQ[0m|[0;1mK[0m|[0;1mb[0m|[0;1mk[0m|[0;1mr[0m|| 1
[32;1m[Board] [0m  -------------------
[32;1m[Board] [0m    a b c d e f g h
[32;1m[Board] [0m
[32;1m[Referee] [0mThis is the turn of the Black player...
Error : can't load the file openings.txt
[DEBUG] Input history filename: championship/chess-ai-logic-and-proofs/history.csv
[DEBUG] Output move file: championship/chess-ai-logic-and-proofs/move.csv
[Parser][ply=] 1
how i see the board before writing next move: Turn: Black
Enpassant: e3	Castling: WK WQ BK BQ 
   ---- ---- ---- ---- ---- ---- ---- ----
8 | r  | n  | b  | q  | k  | b  | n  | r  |
   ---- ---- ---- ---- ---- ---- ---- ----
7 | p  | p  | p  | p  | p  | p  | p  | p  |
   ---- ---- ---- ---- ---- ---- ---- ----
6 |    |    |    |    |    |    |    |    |
   ---- ---- ---- ---- ---- ---- ---- ----
5 |    |    |    |    |    |    |    |    |
   ---- ---- ---- ---- ---- ---- ---- ----
4 |    |    |    |    | P  |    |    |    |
   ---- ---- ---- ---- ---- ---- ---- ----
3 |    |    |    |    |    |    |    |    |
   ---- ---- ---- ---- ---- ---- ---- ----
2 | P  | P  | P  | P  |    | P  | P  | P  |
   ---- ---- ---- ---- ---- ---- ---- ----
1 | R  | N  | B  | Q  | K  | B  | N  | R  |
   ---- ---- ---- ---- ---- ---- ---- ----
    a    b    c    d    e    f    g    h
starting search...
depth: 1 score: -83 time: 0 nodes: 40 hashfull: 0
depth: 2 score: -119 time: 0 nodes: 687 hashfull: 0
depth: 3 score: -85 time: 0 nodes: 1571 hashfull: 0
depth: 4 score: -92 time: 2 nodes: 4605 hashfull: 0
depth: 5 score: -112 time: 35 nodes: 51698 hashfull: 2
depth: 6 score: -114 time: 29 nodes: 91675 hashfull: 3
depth: 7 score: -114 time: 45 nodes: 153152 hashfull: 5
depth: 8 score: -92 time: 197 nodes: 420382 hashfull: 14
depth: 9 score: -78 time: 3385 nodes: 4857217 hashfull: 122
depth: 10 score: -63 time: 1499 nodes: 6893034 hashfull: 167
depth: 11 score: -65 time: 4028 nodes: 12229062 hashfull: 268
[DEBUG] [Parser] Wrote to ouput file championship/chess-ai-logic-and-proofs/move.csv move : e7e5
[32;1m[Game] [0mPlayer's error code: 0
[32;1m[Game] [0mChecking move validity...
[32;1m[Board] [0mInitializing board...
[32;1m[Board] [0mLoading history file `championship/chess-ai-logic-and-proofs/history.csv`...
[32;1m[Board] [0mLoaded 1 move(s).
[32;1m[Board] [0mLoading move file `championship/chess-ai-logic-and-proofs/move.csv`...
[32;1m[Board] [0mBlack player is playing e7 to e5.
[32;1m[Board] [0m
[32;1m[Board] [0m    a b c d e f g h 
[32;1m[Board] [0m  -------------------
[32;1m[Board] [0m8 ||[30;1mr[0m|[30;1mk[0m|[30;1mb[0m|[30;1mQ[0m|[30;1mK[0m|[30;1mb[0m|[30;1mk[0m|[30;1mr[0m|| 8
[32;1m[Board] [0m  -------------------
[32;1m[Board] [0m7 ||[30;1mp[0m|[30;1mp[0m|[30;1mp[0m|[30;1mp[0m| |[30;1mp[0m|[30;1mp[0m|[30;1mp[0m|| 7
[32;1m[Board] [0m  -------------------
[32;1m[Board] [0m6 ||[7;1m [0m| |[7;1m [0m| |[7;1m [0m| |[7;1m [0m| || 6
[32;1m[Board] [0m  -------------------
[32;1m[Board] [0m5 || |[7;1m [0m| |[7;1m [0m|[30;1mp[0m|[7;1m [0m| |[7;1m [0m|| 5
[32;1m[Board] [0m  -------------------
[32;1m[Board] [0m4 ||[7;1m [0m| |[7;1m [0m| |[0;1mp[0m| |[7;1m [0m| || 4
[32;1m[Board] [0m  -------------------
[32;1m[Board] [0m3 || |[7;1m [0m| |[7;1m [0m| |[7;1m [0m| |[7;1m [0m|| 3
[32;1m[Board] [0m  -------------------
[32;1m[Board] [0m2 ||[0;1mp[0m|[0;1mp[0m|[0;1mp[0m|[0;1mp[0m|[7;1m [0m|[0;1mp[0m|[0;1mp[0m|[0;1mp[0m|| 2
[32;1m[Board] [0m  -------------------
[32;1m[Board] [0m1 ||[0;1mr[0m|[0;1mk[0m|[0;1mb[0m|[0;1mQ[0m|[0;1mK[0m|[0;1mb[0m|[0;1mk[0m|[0;1mr[0m|| 1
[32;1m[Board] [0m  -------------------
[32;1m[Board] [0m    a b c d e f g h
[32;1m[Board] [0m
[32;1m[Referee] [0mThis is the turn of the White player...
5    a    b    c    d    e    f    g    h
  +----+----+----+----+----+----+----+----+
8 | oR | oN | oB | oQ | oK | oB | oN | oR | 8
  +----+----+----+----+----+----+----+----+
7 | oP | oP | oP | oP |    | oP | oP | oP | 7
  +----+----+----+----+----+----+----+----+
6 |    |    |    |    |    |    |    |    | 6
  +----+----+----+----+----+----+----+----+
5 |    |    |    |    | oP |    |    |    | 5
  +----+----+----+----+----+----+----+----+
4 |    |    |    |    | mP |    |    |    | 4
  +----+----+----+----+----+----+----+----+
3 |    |    |    |    |    |    |    |    | 3
  +----+----+----+----+----+----+----+----+
2 | mP | mP | mP | mP |    | mP | mP | mP | 2
  +----+----+----+----+----+----+----+----+
1 | mR | mN | mB | mQ | mK | mB | mN | mR | 1
  +----+----+----+----+----+----+----+----+
    a    b    c    d    e    f    g   h

minimax eval: f1b5 225
Move written to championship/chess-ai-logic-and-proofs/move.csv successfully!
[32;1m[Game] [0mPlayer's error code: 0
[32;1m[Game] [0mChecking move validity...
[32;1m[Board] [0mInitializing board...
[32;1m[Board] [0mLoading history file `championship/chess-ai-logic-and-proofs/history.csv`...
[32;1m[Board] [0mLoaded 2 move(s).
[32;1m[Board] [0mLoading move file `championship/chess-ai-logic-and-proofs/move.csv`...
[32;1m[Board] [0mWhite player is playing f1 to b5.
[32;1m[Board] [0m
[32;1m[Board] [0m    a b c d e f g h 
[32;1m[Board] [0m  -------------------
[32;1m[Board] [0m8 ||[30;1mr[0m|[30;1mk[0m|[30;1mb[0m|[30;1mQ[0m|[30;1mK[0m|[30;1mb[0m|[30;1mk[0m|[30;1mr[0m|| 8
[32;1m[Board] [0m  -------------------
[32;1m[Board] [0m7 ||[30;1mp[0m|[30;1mp[0m|[30;1mp[0m|[30;1mp[0m| |[30;1mp[0m|[30;1mp[0m|[30;1mp[0m|| 7
[32;1m[Board] [0m  -------------------
[32;1m[Board] [0m6 ||[7;1m [0m| |[7;1m [0m| |[7;1m [0m| |[7;1m [0m| || 6
[32;1m[Board] [0m  -------------------
[32;1m[Board] [0m5 || |[0;1mb[0m| |[7;1m [0m|[30;1mp[0m|[7;1m [0m| |[7;1m [0m|| 5
[32;1m[Board] [0m  -------------------
[32;1m[Board] [0m4 ||[7;1m [0m| |[7;1m [0m| |[0;1mp[0m| |[7;1m [0m| || 4
[32;1m[Board] [0m  -------------------
[32;1m[Board] [0m3 || |[7;1m [0m| |[7;1m [0m| |[7;1m [0m| |[7;1m [0m|| 3
[32;1m[Board] [0m  -------------------
[32;1m[Board] [0m2 ||[0;1mp[0m|[0;1mp[0m|[0;1mp[0m|[0;1mp[0m|[7;1m [0m|[0;1mp[0m|[0;1mp[0m|[0;1mp[0m|| 2
[32;1m[Board] [0m  -------------------
[32;1m[Board] [0m1 ||[0;1mr[0m|[0;1mk[0m|[0;1mb[0m|[0;1mQ[0m|[0;1mK[0m|[7;1m [0m|[0;1mk[0m|[0;1mr[0m|| 1
[32;1m[Board] [0m  -------------------
[32;1m[Board] [0m    a b c d e f g h
[32;1m[Board] [0m
[32;1m[Referee] [0mThis is the turn of the Black player...
Error : can't load the file openings.txt
[DEBUG] Input history filename: championship/chess-ai-logic-and-proofs/history.csv
[DEBUG] Output move file: championship/chess-ai-logic-and-proofs/move.csv
[Parser][ply=] 3
how i see the board before writing next move: Turn: Black
Enpassant: xx	Castling: WK WQ BK BQ 
   ---- ---- ---- ---- ---- ---- ---- ----
8 | r  | n  | b  | q  | k  | b  | n  | r  |
   ---- ---- ---- ---- ---- ---- ---- ----
7 | p  | p  | p  | p  |    | p  | p  | p  |
   ---- ---- ---- ---- ---- ---- ---- ----
6 |    |    |    |    |    |    |    |    |
   ---- ---- ---- ---- ---- ---- ---- ----
5 |    | B  |    |    | p  |    |    |    |
   ---- ---- ---- ---- ---- ---- ---- ----
4 |    |    |    |    | P  |    |    |    |
   ---- ---- ---- ---- ---- ---- ---- ----
3 |    |    |    |    |    |    |    |    |
   ---- ---- ---- ---- ---- ---- ---- ----
2 | P  | P  | P  | P  |    | P  | P  | P  |
   ---- ---- ---- ---- ---- ---- ---- ----
1 | R  | N  | B  | Q  | K  |    | N  | R  |
   ---- ---- ---- ---- ---- ---- ---- ----
    a    b    c    d    e    f    g    h
starting search...
depth: 1 score: -65 time: 0 nodes: 165 hashfull: 0
depth: 2 score: -101 time: 1 nodes: 1401 hashfull: 0
depth: 3 score: -68 time: 2 nodes: 3791 hashfull: 0
depth: 4 score: -68 time: 8 nodes: 13913 hashfull: 0
depth: 5 score: -48 time: 21 nodes: 40745 hashfull: 0
depth: 6 score: -48 time: 35 nodes: 89694 hashfull: 2
depth: 7 score: -30 time: 107 nodes: 232183 hashfull: 5
depth: 8 score: -30 time: 263 nodes: 575198 hashfull: 12
depth: 9 score: -26 time: 921 nodes: 1836724 hashfull: 43
depth: 10 score: -26 time: 2557 nodes: 5299714 hashfull: 119
[DEBUG] [Parser] Wrote to ouput file championship/chess-ai-logic-and-proofs/move.csv move : g8f6
[32;1m[Game] [0mPlayer's error code: 0
[32;1m[Game] [0mChecking move validity...
[32;1m[Board] [0mInitializing board...
[32;1m[Board] [0mLoading history file `championship/chess-ai-logic-and-proofs/history.csv`...
[32;1m[Board] [0mLoaded 3 move(s).
[32;1m[Board] [0mLoading move file `championship/chess-ai-logic-and-proofs/move.csv`...
[32;1m[Board] [0mBlack player is playing g8 to f6.
[32;1m[Board] [0m
[32;1m[Board] [0m    a b c d e f g h 
[32;1m[Board] [0m  -------------------
[32;1m[Board] [0m8 ||[30;1mr[0m|[30;1mk[0m|[30;1mb[0m|[30;1mQ[0m|[30;1mK[0m|[30;1mb[0m|[7;1m [0m|[30;1mr[0m|| 8
[32;1m[Board] [0m  -------------------
[32;1m[Board] [0m7 ||[30;1mp[0m|[30;1mp[0m|[30;1mp[0m|[30;1mp[0m| |[30;1mp[0m|[30;1mp[0m|[30;1mp[0m|| 7
[32;1m[Board] [0m  -------------------
[32;1m[Board] [0m6 ||[7;1m [0m| |[7;1m [0m| |[7;1m [0m|[30;1mk[0m|[7;1m [0m| || 6
[32;1m[Board] [0m  -------------------
[32;1m[Board] [0m5 || |[0;1mb[0m| |[7;1m [0m|[30;1mp[0m|[7;1m [0m| |[7;1m [0m|| 5
[32;1m[Board] [0m  -------------------
[32;1m[Board] [0m4 ||[7;1m [0m| |[7;1m [0m| |[0;1mp[0m| |[7;1m [0m| || 4
[32;1m[Board] [0m  -------------------
[32;1m[Board] [0m3 || |[7;1m [0m| |[7;1m [0m| |[7;1m [0m| |[7;1m [0m|| 3
[32;1m[Board] [0m  -------------------
[32;1m[Board] [0m2 ||[0;1mp[0m|[0;1mp[0m|[0;1mp[0m|[0;1mp[0m|[7;1m [0m|[0;1mp[0m|[0;1mp[0m|[0;1mp[0m|| 2
[32;1m[Board] [0m  -------------------
[32;1m[Board] [0m1 ||[0;1mr[0m|[0;1mk[0m|[0;1mb[0m|[0;1mQ[0m|[0;1mK[0m|[7;1m [0m|[0;1mk[0m|[0;1mr[0m|| 1
[32;1m[Board] [0m  -------------------
[32;1m[Board] [0m    a b c d e f g h
[32;1m[Board] [0m
[32;1m[Referee] [0mThis is the turn of the White player...
5    a    b    c    d    e    f    g    h
  +----+----+----+----+----+----+----+----+
8 | oR | oN | oB | oQ | oK | oB |    | oR | 8
  +----+----+----+----+----+----+----+----+
7 | oP | oP | oP | oP |    | oP | oP | oP | 7
  +----+----+----+----+----+----+----+----+
6 |    |    |    |    |    | oN |    |    | 6
  +----+----+----+----+----+----+----+----+
5 |    | mB |    |    | oP |    |    |    | 5
  +----+----+----+----+----+----+----+----+
4 |    |    |    |    | mP |    |    |    | 4
  +----+----+----+----+----+----+----+----+
3 |    |    |    |    |    |    |    |    | 3
  +----+----+----+----+----+----+----+----+
2 | mP | mP | mP | mP |    | mP | mP | mP | 2
  +----+----+----+----+----+----+----+----+
1 | mR | mN | mB | mQ | mK |    | mN | mR | 1
  +----+----+----+----+----+----+----+----+
    a    b    c    d    e    f    g   h

writing best move due to time limit 
Move written to championship/chess-ai-logic-and-proofs/move.csv successfully!
[32;1m[Game] [0mPlayer's error code: 0
[32;1m[Game] [0mChecking move validity...
[32;1m[Board] [0mInitializing board...
[32;1m[Board] [0mLoading history file `championship/chess-ai-logic-and-proofs/history.csv`...
[32;1m[Board] [0mLoaded 4 move(s).
[32;1m[Board] [0mLoading move file `championship/chess-ai-logic-and-proofs/move.csv`...
[32;1m[Board] [0mWhite player is playing b5 to d7.
[32;1m[Board] [0m[5;1mWhite Bishop is taking Black Pawn.[0m
[32;1m[Board] [0m
[32;1m[Board] [0m    a b c d e f g h 
[32;1m[Board] [0m  -------------------
[32;1m[Board] [0m8 ||[30;1mr[0m|[30;1mk[0m|[30;1mb[0m|[30;1mQ[0m|[30;1mK[0m|[30;1mb[0m|[7;1m [0m|[30;1mr[0m|| 8
[32;1m[Board] [0m  -------------------
[32;1m[Board] [0m7 ||[30;1mp[0m|[30;1mp[0m|[30;1mp[0m|[0;1mb[0m| |[30;1mp[0m|[30;1mp[0m|[30;1mp[0m|| 7
[32;1m[Board] [0m  -------------------
[32;1m[Board] [0m6 ||[7;1m [0m| |[7;1m [0m| |[7;1m [0m|[30;1mk[0m|[7;1m [0m| || 6
[32;1m[Board] [0m  -------------------
[32;1m[Board] [0m5 || |[7;1m [0m| |[7;1m [0m|[30;1mp[0m|[7;1m [0m| |[7;1m [0m|| 5
[32;1m[Board] [0m  -------------------
[32;1m[Board] [0m4 ||[7;1m [0m| |[7;1m [0m| |[0;1mp[0m| |[7;1m [0m| || 4
[32;1m[Board] [0m  -------------------
[32;1m[Board] [0m3 || |[7;1m [0m| |[7;1m [0m| |[7;1m [0m| |[7;1m [0m|| 3
[32;1m[Board] [0m  -------------------
[32;1m[Board] [0m2 ||[0;1mp[0m|[0;1mp[0m|[0;1mp[0m|[0;1mp[0m|[7;1m [0m|[0;1mp[0m|[0;1mp[0m|[0;1mp[0m|| 2
[32;1m[Board] [0m  -------------------
[32;1m[Board] [0m1 ||[0;1mr[0m|[0;1mk[0m|[0;1mb[0m|[0;1mQ[0m|[0;1mK[0m|[7;1m [0m|[0;1mk[0m|[0;1mr[0m|| 1
[32;1m[Board] [0m  -------------------
[32;1m[Board] [0m    a b c d e f g h
[32;1m[Board] [0m
[32;1m[Referee] [0mThis is the turn of the Black player...
[32;1m[Board] [0m[33;1m[WARNING][0m [5;1mBlack King in check![0m
[32;1m[Board] [0m[33;1m[WARNING][0m    Threatened by White Bishop (d7)
Error : can't load the file openings.txt
[DEBUG] Input history filename: championship/chess-ai-logic-and-proofs/history.csv
[DEBUG] Output move file: championship/chess-ai-logic-and-proofs/move.csv
[Parser][ply=] 5
how i see the board before writing next move: Turn: Black
Enpassant: xx	Castling: WK WQ BK BQ 
   ---- ---- ---- ---- ---- ---- ---- ----
8 | r  | n  | b  | q  | k  | b  |    | r  |
   ---- ---- ---- ---- ---- ---- ---- ----
7 | p  | p  | p  | B  |    | p  | p  | p  |
   ---- ---- ---- ---- ---- ---- ---- ----
6 |    |    |    |    |    | n  |    |    |
   ---- ---- ---- ---- ---- ---- ---- ----
5 |    |    |    |    | p  |    |    |    |
   ---- ---- ---- ---- ---- ---- ---- ----
4 |    |    |    |    | P  |    |    |    |
   ---- ---- ---- ---- ---- ---- ---- ----
3 |    |    |    |    |    |    |    |    |
   ---- ---- ---- ---- ---- ---- ---- ----
2 | P  | P  | P  | P  |    | P  | P  | P  |
   ---- ---- ---- ---- ---- ---- ---- ----
1 | R  | N  | B  | Q  | K  |    | N  | R  |
   ---- ---- ---- ---- ---- ---- ---- ----
    a    b    c    d    e    f    g    h
starting search...
depth: 1 score: 258 time: 0 nodes: 36 hashfull: 0
depth: 2 score: 224 time: 0 nodes: 720 hashfull: 0
depth: 3 score: 258 time: 0 nodes: 1563 hashfull: 0
depth: 4 score: 274 time: 1 nodes: 3848 hashfull: 0
depth: 5 score: 274 time: 6 nodes: 11751 hashfull: 0
depth: 6 score: 274 time: 14 nodes: 30309 hashfull: 0
depth: 7 score: 290 time: 64 nodes: 112927 hashfull: 2
depth: 8 score: 290 time: 125 nodes: 284646 hashfull: 6
depth: 9 score: 300 time: 774 nodes: 1317166 hashfull: 32
depth: 10 score: 300 time: 1302 nodes: 3052701 hashfull: 67
depth: 11 score: 299 time: 4916 nodes: 9589530 hashfull: 198
[DEBUG] [Parser] Wrote to ouput file championship/chess-ai-logic-and-proofs/move.csv move : d8d7
[32;1m[Game] [0mPlayer's error code: 0
[32;1m[Game] [0mChecking move validity...
[32;1m[Board] [0mInitializing board...
[32;1m[Board] [0mLoading history file `championship/chess-ai-logic-and-proofs/history.csv`...
[32;1m[Board] [0mLoaded 5 move(s).
[32;1m[Board] [0mLoading move file `championship/chess-ai-logic-and-proofs/move.csv`...
[32;1m[Board] [0mBlack player is playing d8 to d7.
[32;1m[Board] [0m[5;1mBlack Queen is taking White Bishop.[0m
[32;1m[Board] [0m
[32;1m[Board] [0m    a b c d e f g h 
[32;1m[Board] [0m  -------------------
[32;1m[Board] [0m8 ||[30;1mr[0m|[30;1mk[0m|[30;1mb[0m| |[30;1mK[0m|[30;1mb[0m|[7;1m [0m|[30;1mr[0m|| 8
[32;1m[Board] [0m  -------------------
[32;1m[Board] [0m7 ||[30;1mp[0m|[30;1mp[0m|[30;1mp[0m|[30;1mQ[0m| |[30;1mp[0m|[30;1mp[0m|[30;1mp[0m|| 7
[32;1m[Board] [0m  -------------------
[32;1m[Board] [0m6 ||[7;1m [0m| |[7;1m [0m| |[7;1m [0m|[30;1mk[0m|[7;1m [0m| || 6
[32;1m[Board] [0m  -------------------
[32;1m[Board] [0m5 || |[7;1m [0m| |[7;1m [0m|[30;1mp[0m|[7;1m [0m| |[7;1m [0m|| 5
[32;1m[Board] [0m  -------------------
[32;1m[Board] [0m4 ||[7;1m [0m| |[7;1m [0m| |[0;1mp[0m| |[7;1m [0m| || 4
[32;1m[Board] [0m  -------------------
[32;1m[Board] [0m3 || |[7;1m [0m| |[7;1m [0m| |[7;1m [0m| |[7;1m [0m|| 3
[32;1m[Board] [0m  -------------------
[32;1m[Board] [0m2 ||[0;1mp[0m|[0;1mp[0m|[0;1mp[0m|[0;1mp[0m|[7;1m [0m|[0;1mp[0m|[0;1mp[0m|[0;1mp[0m|| 2
[32;1m[Board] [0m  -------------------
[32;1m[Board] [0m1 ||[0;1mr[0m|[0;1mk[0m|[0;1mb[0m|[0;1mQ[0m|[0;1mK[0m|[7;1m [0m|[0;1mk[0m|[0;1mr[0m|| 1
[32;1m[Board] [0m  -------------------
[32;1m[Board] [0m    a b c d e f g h
[32;1m[Board] [0m
[32;1m[Referee] [0mThis is the turn of the White player...
5    a    b    c    d    e    f    g    h
  +----+----+----+----+----+----+----+----+
8 | oR | oN | oB |    | oK | oB |    | oR | 8
  +----+----+----+----+----+----+----+----+
7 | oP | oP | oP | oQ |    | oP | oP | oP | 7
  +----+----+----+----+----+----+----+----+
6 |    |    |    |    |    | oN |    |    | 6
  +----+----+----+----+----+----+----+----+
5 |    |    |    |    | oP |    |    |    | 5
  +----+----+----+----+----+----+----+----+
4 |    |    |    |    | mP |    |    |    | 4
  +----+----+----+----+----+----+----+----+
3 |    |    |    |    |    |    |    |    | 3
  +----+----+----+----+----+----+----+----+
2 | mP | mP | mP | mP |    | mP | mP | mP | 2
  +----+----+----+----+----+----+----+----+
1 | mR | mN | mB | mQ | mK |    | mN | mR | 1
  +----+----+----+----+----+----+----+----+
    a    b    c    d    e    f    g   h

minimax eval: b1c3 -215
Move written to championship/chess-ai-logic-and-proofs/move.csv successfully!
[32;1m[Game] [0mPlayer's error code: 0
[32;1m[Game] [0mChecking move validity...
[32;1m[Board] [0mInitializing board...
[32;1m[Board] [0mLoading history file `championship/chess-ai-logic-and-proofs/history.csv`...
[32;1m[Board] [0mLoaded 6 move(s).
[32;1m[Board] [0mLoading move file `championship/chess-ai-logic-and-proofs/move.csv`...
[32;1m[Board] [0mWhite player is playing b1 to c3.
[32;1m[Board] [0m
[32;1m[Board] [0m    a b c d e f g h 
[32;1m[Board] [0m  -------------------
[32;1m[Board] [0m8 ||[30;1mr[0m|[30;1mk[0m|[30;1mb[0m| |[30;1mK[0m|[30;1mb[0m|[7;1m [0m|[30;1mr[0m|| 8
[32;1m[Board] [0m  -------------------
[32;1m[Board] [0m7 ||[30;1mp[0m|[30;1mp[0m|[30;1mp[0m|[30;1mQ[0m| |[30;1mp[0m|[30;1mp[0m|[30;1mp[0m|| 7
[32;1m[Board] [0m  -------------------
[32;1m[Board] [0m6 ||[7;1m [0m| |[7;1m [0m| |[7;1m [0m|[30;1mk[0m|[7;1m [0m| || 6
[32;1m[Board] [0m  -------------------
[32;1m[Board] [0m5 || |[7;1m [0m| |[7;1m [0m|[30;1mp[0m|[7;1m [0m| |[7;1m [0m|| 5
[32;1m[Board] [0m  -------------------
[32;1m[Board] [0m4 ||[7;1m [0m| |[7;1m [0m| |[0;1mp[0m| |[7;1m [0m| || 4
[32;1m[Board] [0m  -------------------
[32;1m[Board] [0m3 || |[7;1m [0m|[0;1mk[0m|[7;1m [0m| |[7;1m [0m| |[7;1m [0m|| 3
[32;1m[Board] [0m  -------------------
[32;1m[Board] [0m2 ||[0;1mp[0m|[0;1mp[0m|[0;1mp[0m|[0;1mp[0m|[7;1m [0m|[0;1mp[0m|[0;1mp[0m|[0;1mp[0m|| 2
[32;1m[Board] [0m  -------------------
[32;1m[Board] [0m1 ||[0;1mr[0m|[7;1m [0m|[0;1mb[0m|[0;1mQ[0m|[0;1mK[0m|[7;1m [0m|[0;1mk[0m|[0;1mr[0m|| 1
[32;1m[Board] [0m  -------------------
[32;1m[Board] [0m    a b c d e f g h
[32;1m[Board] [0m
[32;1m[Referee] [0mThis is the turn of the Black player...
Error : can't load the file openings.txt
[DEBUG] Input history filename: championship/chess-ai-logic-and-proofs/history.csv
[DEBUG] Output move file: championship/chess-ai-logic-and-proofs/move.csv
[Parser][ply=] 7
how i see the board before writing next move: Turn: Black
Enpassant: xx	Castling: WK WQ BK BQ 
   ---- ---- ---- ---- ---- ---- ---- ----
8 | r  | n  | b  |    | k  | b  |    | r  |
   ---- ---- ---- ---- ---- ---- ---- ----
7 | p  | p  | p  | q  |    | p  | p  | p  |
   ---- ---- ---- ---- ---- ---- ---- ----
6 |    |    |    |    |    | n  |    |    |
   ---- ---- ---- ---- ---- ---- ---- ----
5 |    |    |    |    | p  |    |    |    |
   ---- ---- ---- ---- ---- ---- ---- ----
4 |    |    |    |    | P  |    |    |    |
   ---- ---- ---- ---- ---- ---- ---- ----
3 |    |    | N  |    |    |    |    |    |
   ---- ---- ---- ---- ---- ---- ---- ----
2 | P  | P  | P  | P  |    | P  | P  | P  |
   ---- ---- ---- ---- ---- ---- ---- ----
1 | R  |    | B  | Q  | K  |    | N  | R  |
   ---- ---- ---- ---- ---- ---- ---- ----
    a    b    c    d    e    f    g    h
starting search...
depth: 1 score: 283 time: 0 nodes: 93 hashfull: 0
depth: 2 score: 274 time: 1 nodes: 1212 hashfull: 0
depth: 3 score: 274 time: 2 nodes: 3863 hashfull: 0
depth: 4 score: 274 time: 4 nodes: 9394 hashfull: 0
depth: 5 score: 298 time: 16 nodes: 29188 hashfull: 0
depth: 6 score: 298 time: 65 nodes: 117122 hashfull: 2
depth: 7 score: 307 time: 191 nodes: 359043 hashfull: 7
depth: 8 score: 307 time: 379 nodes: 856674 hashfull: 18
depth: 9 score: 302 time: 1819 nodes: 3343724 hashfull: 81
[DEBUG] [Parser] Wrote to ouput file championship/chess-ai-logic-and-proofs/move.csv move : f8d6
[32;1m[Game] [0mPlayer's error code: 0
[32;1m[Game] [0mChecking move validity...
[32;1m[Board] [0mInitializing board...
[32;1m[Board] [0mLoading history file `championship/chess-ai-logic-and-proofs/history.csv`...
[32;1m[Board] [0mLoaded 7 move(s).
[32;1m[Board] [0mLoading move file `championship/chess-ai-logic-and-proofs/move.csv`...
[32;1m[Board] [0mBlack player is playing f8 to d6.
[32;1m[Board] [0m
[32;1m[Board] [0m    a b c d e f g h 
[32;1m[Board] [0m  -------------------
[32;1m[Board] [0m8 ||[30;1mr[0m|[30;1mk[0m|[30;1mb[0m| |[30;1mK[0m| |[7;1m [0m|[30;1mr[0m|| 8
[32;1m[Board] [0m  -------------------
[32;1m[Board] [0m7 ||[30;1mp[0m|[30;1mp[0m|[30;1mp[0m|[30;1mQ[0m| |[30;1mp[0m|[30;1mp[0m|[30;1mp[0m|| 7
[32;1m[Board] [0m  -------------------
[32;1m[Board] [0m6 ||[7;1m [0m| |[7;1m [0m|[30;1mb[0m|[7;1m [0m|[30;1mk[0m|[7;1m [0m| || 6
[32;1m[Board] [0m  -------------------
[32;1m[Board] [0m5 || |[7;1m [0m| |[7;1m [0m|[30;1mp[0m|[7;1m [0m| |[7;1m [0m|| 5
[32;1m[Board] [0m  -------------------
[32;1m[Board] [0m4 ||[7;1m [0m| |[7;1m [0m| |[0;1mp[0m| |[7;1m [0m| || 4
[32;1m[Board] [0m  -------------------
[32;1m[Board] [0m3 || |[7;1m [0m|[0;1mk[0m|[7;1m [0m| |[7;1m [0m| |[7;1m [0m|| 3
[32;1m[Board] [0m  -------------------
[32;1m[Board] [0m2 ||[0;1mp[0m|[0;1mp[0m|[0;1mp[0m|[0;1mp[0m|[7;1m [0m|[0;1mp[0m|[0;1mp[0m|[0;1mp[0m|| 2
[32;1m[Board] [0m  -------------------
[32;1m[Board] [0m1 ||[0;1mr[0m|[7;1m [0m|[0;1mb[0m|[0;1mQ[0m|[0;1mK[0m|[7;1m [0m|[0;1mk[0m|[0;1mr[0m|| 1
[32;1m[Board] [0m  -------------------
[32;1m[Board] [0m    a b c d e f g h
[32;1m[Board] [0m
[32;1m[Referee] [0mThis is the turn of the White player...
5    a    b    c    d    e    f    g    h
  +----+----+----+----+----+----+----+----+
8 | oR | oN | oB |    | oK |    |    | oR | 8
  +----+----+----+----+----+----+----+----+
7 | oP | oP | oP | oQ |    | oP | oP | oP | 7
  +----+----+----+----+----+----+----+----+
6 |    |    |    | oB |    | oN |    |    | 6
  +----+----+----+----+----+----+----+----+
5 |    |    |    |    | oP |    |    |    | 5
  +----+----+----+----+----+----+----+----+
4 |    |    |    |    | mP |    |    |    | 4
  +----+----+----+----+----+----+----+----+
3 |    |    | mN |    |    |    |    |    | 3
  +----+----+----+----+----+----+----+----+
2 | mP | mP | mP | mP |    | mP | mP | mP | 2
  +----+----+----+----+----+----+----+----+
1 | mR |    | mB | mQ | mK |    | mN | mR | 1
  +----+----+----+----+----+----+----+----+
    a    b    c    d    e    f    g   h

writing best move due to time limit 
Move written to championship/chess-ai-logic-and-proofs/move.csv successfully!
[32;1m[Game] [0mPlayer's error code: 0
[32;1m[Game] [0mChecking move validity...
[32;1m[Board] [0mInitializing board...
[32;1m[Board] [0mLoading history file `championship/chess-ai-logic-and-proofs/history.csv`...
[32;1m[Board] [0mLoaded 8 move(s).
[32;1m[Board] [0mLoading move file `championship/chess-ai-logic-and-proofs/move.csv`...
[32;1m[Board] [0mWhite player is playing g1 to f3.
[32;1m[Board] [0m
[32;1m[Board] [0m    a b c d e f g h 
[32;1m[Board] [0m  -------------------
[32;1m[Board] [0m8 ||[30;1mr[0m|[30;1mk[0m|[30;1mb[0m| |[30;1mK[0m| |[7;1m [0m|[30;1mr[0m|| 8
[32;1m[Board] [0m  -------------------
[32;1m[Board] [0m7 ||[30;1mp[0m|[30;1mp[0m|[30;1mp[0m|[30;1mQ[0m| |[30;1mp[0m|[30;1mp[0m|[30;1mp[0m|| 7
[32;1m[Board] [0m  -------------------
[32;1m[Board] [0m6 ||[7;1m [0m| |[7;1m [0m|[30;1mb[0m|[7;1m [0m|[30;1mk[0m|[7;1m [0m| || 6
[32;1m[Board] [0m  -------------------
[32;1m[Board] [0m5 || |[7;1m [0m| |[7;1m [0m|[30;1mp[0m|[7;1m [0m| |[7;1m [0m|| 5
[32;1m[Board] [0m  -------------------
[32;1m[Board] [0m4 ||[7;1m [0m| |[7;1m [0m| |[0;1mp[0m| |[7;1m [0m| || 4
[32;1m[Board] [0m  -------------------
[32;1m[Board] [0m3 || |[7;1m [0m|[0;1mk[0m|[7;1m [0m| |[0;1mk[0m| |[7;1m [0m|| 3
[32;1m[Board] [0m  -------------------
[32;1m[Board] [0m2 ||[0;1mp[0m|[0;1mp[0m|[0;1mp[0m|[0;1mp[0m|[7;1m [0m|[0;1mp[0m|[0;1mp[0m|[0;1mp[0m|| 2
[32;1m[Board] [0m  -------------------
[32;1m[Board] [0m1 ||[0;1mr[0m|[7;1m [0m|[0;1mb[0m|[0;1mQ[0m|[0;1mK[0m|[7;1m [0m| |[0;1mr[0m|| 1
[32;1m[Board] [0m  -------------------
[32;1m[Board] [0m    a b c d e f g h
[32;1m[Board] [0m
[32;1m[Referee] [0mThis is the turn of the Black player...
Error : can't load the file openings.txt
[DEBUG] Input history filename: championship/chess-ai-logic-and-proofs/history.csv
[DEBUG] Output move file: championship/chess-ai-logic-and-proofs/move.csv
[Parser][ply=] 9
how i see the board before writing next move: Turn: Black
Enpassant: xx	Castling: WK WQ BK BQ 
   ---- ---- ---- ---- ---- ---- ---- ----
8 | r  | n  | b  |    | k  |    |    | r  |
   ---- ---- ---- ---- ---- ---- ---- ----
7 | p  | p  | p  | q  |    | p  | p  | p  |
   ---- ---- ---- ---- ---- ---- ---- ----
6 |    |    |    | b  |    | n  |    |    |
   ---- ---- ---- ---- ---- ---- ---- ----
5 |    |    |    |    | p  |    |    |    |
   ---- ---- ---- ---- ---- ---- ---- ----
4 |    |    |    |    | P  |    |    |    |
   ---- ---- ---- ---- ---- ---- ---- ----
3 |    |    | N  |    |    | N  |    |    |
   ---- ---- ---- ---- ---- ---- ---- ----
2 | P  | P  | P  | P  |    | P  | P  | P  |
   ---- ---- ---- ---- ---- ---- ---- ----
1 | R  |    | B  | Q  | K  |    |    | R  |
   ---- ---- ---- ---- ---- ---- ---- ----
    a    b    c    d    e    f    g    h
starting search...
depth: 1 score: 274 time: 0 nodes: 164 hashfull: 0
depth: 2 score: 274 time: 0 nodes: 341 hashfull: 0
depth: 3 score: 298 time: 4 nodes: 5359 hashfull: 0
depth: 4 score: 298 time: 4 nodes: 10789 hashfull: 0
depth: 5 score: 307 time: 13 nodes: 27419 hashfull: 0
depth: 6 score: 307 time: 47 nodes: 92852 hashfull: 2
depth: 7 score: 302 time: 167 nodes: 306924 hashfull: 6
depth: 8 score: 288 time: 373 nodes: 788025 hashfull: 15
depth: 9 score: 290 time: 1369 nodes: 2693471 hashfull: 67
depth: 10 score: 288 time: 3377 nodes: 7203157 hashfull: 138
[DEBUG] [Parser] Wrote to ouput file championship/chess-ai-logic-and-proofs/move.csv move : b8c6
[32;1m[Game] [0mPlayer's error code: 0
[32;1m[Game] [0mChecking move validity...
[32;1m[Board] [0mInitializing board...
[32;1m[Board] [0mLoading history file `championship/chess-ai-logic-and-proofs/history.csv`...
[32;1m[Board] [0mLoaded 9 move(s).
[32;1m[Board] [0mLoading move file `championship/chess-ai-logic-and-proofs/move.csv`...
[32;1m[Board] [0mBlack player is playing b8 to c6.
[32;1m[Board] [0m
[32;1m[Board] [0m    a b c d e f g h 
[32;1m[Board] [0m  -------------------
[32;1m[Board] [0m8 ||[30;1mr[0m| |[30;1mb[0m| |[30;1mK[0m| |[7;1m [0m|[30;1mr[0m|| 8
[32;1m[Board] [0m  -------------------
[32;1m[Board] [0m7 ||[30;1mp[0m|[30;1mp[0m|[30;1mp[0m|[30;1mQ[0m| |[30;1mp[0m|[30;1mp[0m|[30;1mp[0m|| 7
[32;1m[Board] [0m  -------------------
[32;1m[Board] [0m6 ||[7;1m [0m| |[30;1mk[0m|[30;1mb[0m|[7;1m [0m|[30;1mk[0m|[7;1m [0m| || 6
[32;1m[Board] [0m  -------------------
[32;1m[Board] [0m5 || |[7;1m [0m| |[7;1m [0m|[30;1mp[0m|[7;1m [0m| |[7;1m [0m|| 5
[32;1m[Board] [0m  -------------------
[32;1m[Board] [0m4 ||[7;1m [0m| |[7;1m [0m| |[0;1mp[0m| |[7;1m [0m| || 4
[32;1m[Board] [0m  -------------------
[32;1m[Board] [0m3 || |[7;1m [0m|[0;1mk[0m|[7;1m [0m| |[0;1mk[0m| |[7;1m [0m|| 3
[32;1m[Board] [0m  -------------------
[32;1m[Board] [0m2 ||[0;1mp[0m|[0;1mp[0m|[0;1mp[0m|[0;1mp[0m|[7;1m [0m|[0;1mp[0m|[0;1mp[0m|[0;1mp[0m|| 2
[32;1m[Board] [0m  -------------------
[32;1m[Board] [0m1 ||[0;1mr[0m|[7;1m [0m|[0;1mb[0m|[0;1mQ[0m|[0;1mK[0m|[7;1m [0m| |[0;1mr[0m|| 1
[32;1m[Board] [0m  -------------------
[32;1m[Board] [0m    a b c d e f g h
[32;1m[Board] [0m
[32;1m[Referee] [0mThis is the turn of the White player...
5    a    b    c    d    e    f    g    h
  +----+----+----+----+----+----+----+----+
8 | oR |    | oB |    | oK |    |    | oR | 8
  +----+----+----+----+----+----+----+----+
7 | oP | oP | oP | oQ |    | oP | oP | oP | 7
  +----+----+----+----+----+----+----+----+
6 |    |    | oN | oB |    | oN |    |    | 6
  +----+----+----+----+----+----+----+----+
5 |    |    |    |    | oP |    |    |    | 5
  +----+----+----+----+----+----+----+----+
4 |    |    |    |    | mP |    |    |    | 4
  +----+----+----+----+----+----+----+----+
3 |    |    | mN |    |    | mN |    |    | 3
  +----+----+----+----+----+----+----+----+
2 | mP | mP | mP | mP |    | mP | mP | mP | 2
  +----+----+----+----+----+----+----+----+
1 | mR |    | mB | mQ | mK |    |    | mR | 1
  +----+----+----+----+----+----+----+----+
    a    b    c    d    e    f    g   h

minimax eval: d2d3 -50
Move written to championship/chess-ai-logic-and-proofs/move.csv successfully!
[32;1m[Game] [0mPlayer's error code: 0
[32;1m[Game] [0mChecking move validity...
[32;1m[Board] [0mInitializing board...
[32;1m[Board] [0mLoading history file `championship/chess-ai-logic-and-proofs/history.csv`...
[32;1m[Board] [0mLoaded 10 move(s).
[32;1m[Board] [0mLoading move file `championship/chess-ai-logic-and-proofs/move.csv`...
[32;1m[Board] [0mWhite player is playing d2 to d3.
[32;1m[Board] [0m
[32;1m[Board] [0m    a b c d e f g h 
[32;1m[Board] [0m  -------------------
[32;1m[Board] [0m8 ||[30;1mr[0m| |[30;1mb[0m| |[30;1mK[0m| |[7;1m [0m|[30;1mr[0m|| 8
[32;1m[Board] [0m  -------------------
[32;1m[Board] [0m7 ||[30;1mp[0m|[30;1mp[0m|[30;1mp[0m|[30;1mQ[0m| |[30;1mp[0m|[30;1mp[0m|[30;1mp[0m|| 7
[32;1m[Board] [0m  -------------------
[32;1m[Board] [0m6 ||[7;1m [0m| |[30;1mk[0m|[30;1mb[0m|[7;1m [0m|[30;1mk[0m|[7;1m [0m| || 6
[32;1m[Board] [0m  -------------------
[32;1m[Board] [0m5 || |[7;1m [0m| |[7;1m [0m|[30;1mp[0m|[7;1m [0m| |[7;1m [0m|| 5
[32;1m[Board] [0m  -------------------
[32;1m[Board] [0m4 ||[7;1m [0m| |[7;1m [0m| |[0;1mp[0m| |[7;1m [0m| || 4
[32;1m[Board] [0m  -------------------
[32;1m[Board] [0m3 || |[7;1m [0m|[0;1mk[0m|[0;1mp[0m| |[0;1mk[0m| |[7;1m [0m|| 3
[32;1m[Board] [0m  -------------------
[32;1m[Board] [0m2 ||[0;1mp[0m|[0;1mp[0m|[0;1mp[0m| |[7;1m [0m|[0;1mp[0m|[0;1mp[0m|[0;1mp[0m|| 2
[32;1m[Board] [0m  -------------------
[32;1m[Board] [0m1 ||[0;1mr[0m|[7;1m [0m|[0;1mb[0m|[0;1mQ[0m|[0;1mK[0m|[7;1m [0m| |[0;1mr[0m|| 1
[32;1m[Board] [0m  -------------------
[32;1m[Board] [0m    a b c d e f g h
[32;1m[Board] [0m
[32;1m[Referee] [0mThis is the turn of the Black player...
Error : can't load the file openings.txt
[DEBUG] Input history filename: championship/chess-ai-logic-and-proofs/history.csv
[DEBUG] Output move file: championship/chess-ai-logic-and-proofs/move.csv
[Parser][ply=] 11
how i see the board before writing next move: Turn: Black
Enpassant: xx	Castling: WK WQ BK BQ 
   ---- ---- ---- ---- ---- ---- ---- ----
8 | r  |    | b  |    | k  |    |    | r  |
   ---- ---- ---- ---- ---- ---- ---- ----
7 | p  | p  | p  | q  |    | p  | p  | p  |
   ---- ---- ---- ---- ---- ---- ---- ----
6 |    |    | n  | b  |    | n  |    |    |
   ---- ---- ---- ---- ---- ---- ---- ----
5 |    |    |    |    | p  |    |    |    |
   ---- ---- ---- ---- ---- ---- ---- ----
4 |    |    |    |    | P  |    |    |    |
   ---- ---- ---- ---- ---- ---- ---- ----
3 |    |    | N  | P  |    | N  |    |    |
   ---- ---- ---- ---- ---- ---- ---- ----
2 | P  | P  | P  |    |    | P  | P  | P  |
   ---- ---- ---- ---- ---- ---- ---- ----
1 | R  |    | B  | Q  | K  |    |    | R  |
   ---- ---- ---- ---- ---- ---- ---- ----
    a    b    c    d    e    f    g    h
starting search...
depth: 1 score: 298 time: 0 nodes: 211 hashfull: 0
depth: 2 score: 298 time: 0 nodes: 410 hashfull: 0
depth: 3 score: 313 time: 1 nodes: 2667 hashfull: 0
depth: 4 score: 290 time: 10 nodes: 15335 hashfull: 0
depth: 5 score: 287 time: 12 nodes: 31311 hashfull: 0
depth: 6 score: 288 time: 64 nodes: 118617 hashfull: 2
depth: 7 score: 290 time: 232 nodes: 412889 hashfull: 8
depth: 8 score: 288 time: 386 nodes: 918496 hashfull: 17
depth: 9 score: 292 time: 1921 nodes: 3586959 hashfull: 82
depth: 10 score: 281 time: 6240 nodes: 11797950 hashfull: 201
[DEBUG] [Parser] Wrote to ouput file championship/chess-ai-logic-and-proofs/move.csv move : e8g8
[32;1m[Game] [0mPlayer's error code: 0
[32;1m[Game] [0mChecking move validity...
[32;1m[Board] [0mInitializing board...
[32;1m[Board] [0mLoading history file `championship/chess-ai-logic-and-proofs/history.csv`...
[32;1m[Board] [0mLoaded 11 move(s).
[32;1m[Board] [0mLoading move file `championship/chess-ai-logic-and-proofs/move.csv`...
[32;1m[Board] [0mBlack player is playing e8 to g8.
[32;1m[Board] [0mBlack player is castling kingside...
[32;1m[Board] [0m
[32;1m[Board] [0m    a b c d e f g h 
[32;1m[Board] [0m  -------------------
[32;1m[Board] [0m8 ||[30;1mr[0m| |[30;1mb[0m| |[7;1m [0m|[30;1mr[0m|[30;1mK[0m| || 8
[32;1m[Board] [0m  -------------------
[32;1m[Board] [0m7 ||[30;1mp[0m|[30;1mp[0m|[30;1mp[0m|[30;1mQ[0m| |[30;1mp[0m|[30;1mp[0m|[30;1mp[0m|| 7
[32;1m[Board] [0m  -------------------
[32;1m[Board] [0m6 ||[7;1m [0m| |[30;1mk[0m|[30;1mb[0m|[7;1m [0m|[30;1mk[0m|[7;1m [0m| || 6
[32;1m[Board] [0m  -------------------
[32;1m[Board] [0m5 || |[7;1m [0m| |[7;1m [0m|[30;1mp[0m|[7;1m [0m| |[7;1m [0m|| 5
[32;1m[Board] [0m  -------------------
[32;1m[Board] [0m4 ||[7;1m [0m| |[7;1m [0m| |[0;1mp[0m| |[7;1m [0m| || 4
[32;1m[Board] [0m  -------------------
[32;1m[Board] [0m3 || |[7;1m [0m|[0;1mk[0m|[0;1mp[0m| |[0;1mk[0m| |[7;1m [0m|| 3
[32;1m[Board] [0m  -------------------
[32;1m[Board] [0m2 ||[0;1mp[0m|[0;1mp[0m|[0;1mp[0m| |[7;1m [0m|[0;1mp[0m|[0;1mp[0m|[0;1mp[0m|| 2
[32;1m[Board] [0m  -------------------
[32;1m[Board] [0m1 ||[0;1mr[0m|[7;1m [0m|[0;1mb[0m|[0;1mQ[0m|[0;1mK[0m|[7;1m [0m| |[0;1mr[0m|| 1
[32;1m[Board] [0m  -------------------
[32;1m[Board] [0m    a b c d e f g h
[32;1m[Board] [0m
[32;1m[Referee] [0mThis is the turn of the White player...
5Error: Could not open file  for writing.
Error: piece asked at position was not found
[32;1m[Game] [0mPlayer's error code: 256
[32;1m[Game] [0mChecking move validity...
[32;1m[Board] [0mInitializing board...
[32;1m[Board] [0mLoading history file `championship/chess-ai-logic-and-proofs/history.csv`...
[32;1m[Board] [0mLoaded 12 move(s).
[32;1m[Board] [0mLoading move file `championship/chess-ai-logic-and-proofs/move.csv`...
[32;1m[Board] [0mWhite player is playing e8 to g8.
[32;1m[Board] [0m[31;1m[ERROR][0m Move source (e8) contains no piece :(
[32;1m[Referee] [0mInvalid move (code: -3) :(
[32;1m[Game] [0mWhite player has lost on illegal move.
