[32;1m[Board] [0mInitializing board...
[32;1m[Board] [0m
[32;1m[Board] [0m    a b c d e f g h 
[32;1m[Board] [0m  -------------------
[32;1m[Board] [0m8 ||[30;1mr[0m|[30;1mk[0m|[30;1mb[0m|[30;1mQ[0m|[30;1mK[0m|[30;1mb[0m|[30;1mk[0m|[30;1mr[0m|| 8
[32;1m[Board] [0m  -------------------
[32;1m[Board] [0m7 ||[30;1mp[0m|[30;1mp[0m|[30;1mp[0m|[30;1mp[0m|[30;1mp[0m|[30;1mp[0m|[30;1mp[0m|[30;1mp[0m|| 7
[32;1m[Board] [0m  -------------------
[32;1m[Board] [0m6 ||[7;1m [0m| |[7;1m [0m| |[7;1m [0m| |[7;1m [0m| || 6
[32;1m[Board] [0m  -------------------
[32;1m[Board] [0m5 || |[7;1m [0m| |[7;1m [0m| |[7;1m [0m| |[7;1m [0m|| 5
[32;1m[Board] [0m  -------------------
[32;1m[Board] [0m4 ||[7;1m [0m| |[7;1m [0m| |[7;1m [0m| |[7;1m [0m| || 4
[32;1m[Board] [0m  -------------------
[32;1m[Board] [0m3 || |[7;1m [0m| |[7;1m [0m| |[7;1m [0m| |[7;1m [0m|| 3
[32;1m[Board] [0m  -------------------
[32;1m[Board] [0m2 ||[0;1mp[0m|[0;1mp[0m|[0;1mp[0m|[0;1mp[0m|[0;1mp[0m|[0;1mp[0m|[0;1mp[0m|[0;1mp[0m|| 2
[32;1m[Board] [0m  -------------------
[32;1m[Board] [0m1 ||[0;1mr[0m|[0;1mk[0m|[0;1mb[0m|[0;1mQ[0m|[0;1mK[0m|[0;1mb[0m|[0;1mk[0m|[0;1mr[0m|| 1
[32;1m[Board] [0m  -------------------
[32;1m[Board] [0m    a b c d e f g h
[32;1m[Board] [0m
[32;1m[Referee] [0mThis is the turn of the White player...
8 [100m â™– [43m â™˜ [100m â™— [43m â™• [100m â™” [43m â™— [100m â™˜ [43m â™– [40m
7 [43m â™™ [100m â™™ [43m â™™ [100m â™™ [43m â™™ [100m â™™ [43m â™™ [100m â™™ [40m
6 [100m   [43m   [100m   [43m   [100m   [43m   [100m   [43m   [40m
5 [43m   [100m   [43m   [100m   [43m   [100m   [43m   [100m   [40m
4 [100m   [43m   [100m   [43m   [100m   [43m   [100m   [43m   [40m
3 [43m   [100m   [43m   [100m   [43m   [100m   [43m   [100m   [40m
2 [100m â™Ÿ [43m â™Ÿ [100m â™Ÿ [43m â™Ÿ [100m â™Ÿ [43m â™Ÿ [100m â™Ÿ [43m â™Ÿ [40m
1 [43m â™œ [100m â™ž [43m â™ [100m â™› [43m â™š [100m â™ [43m â™ž [100m â™œ [40m
   a  b  c  d  e  f  g  h  
[32;1m[Game] [0mPlayer's error code: 0
[32;1m[Game] [0mChecking move validity...
[32;1m[Board] [0mInitializing board...
[32;1m[Board] [0mLoading history file `championship/shallowcyan-chess-ai/history.csv`...
[32;1m[Board] [0mLoaded 0 move(s).
[32;1m[Board] [0mLoading move file `championship/shallowcyan-chess-ai/move.csv`...
[32;1m[Board] [0mWhite player is playing g2 to g3.
[32;1m[Board] [0m
[32;1m[Board] [0m    a b c d e f g h 
[32;1m[Board] [0m  -------------------
[32;1m[Board] [0m8 ||[30;1mr[0m|[30;1mk[0m|[30;1mb[0m|[30;1mQ[0m|[30;1mK[0m|[30;1mb[0m|[30;1mk[0m|[30;1mr[0m|| 8
[32;1m[Board] [0m  -------------------
[32;1m[Board] [0m7 ||[30;1mp[0m|[30;1mp[0m|[30;1mp[0m|[30;1mp[0m|[30;1mp[0m|[30;1mp[0m|[30;1mp[0m|[30;1mp[0m|| 7
[32;1m[Board] [0m  -------------------
[32;1m[Board] [0m6 ||[7;1m [0m| |[7;1m [0m| |[7;1m [0m| |[7;1m [0m| || 6
[32;1m[Board] [0m  -------------------
[32;1m[Board] [0m5 || |[7;1m [0m| |[7;1m [0m| |[7;1m [0m| |[7;1m [0m|| 5
[32;1m[Board] [0m  -------------------
[32;1m[Board] [0m4 ||[7;1m [0m| |[7;1m [0m| |[7;1m [0m| |[7;1m [0m| || 4
[32;1m[Board] [0m  -------------------
[32;1m[Board] [0m3 || |[7;1m [0m| |[7;1m [0m| |[7;1m [0m|[0;1mp[0m|[7;1m [0m|| 3
[32;1m[Board] [0m  -------------------
[32;1m[Board] [0m2 ||[0;1mp[0m|[0;1mp[0m|[0;1mp[0m|[0;1mp[0m|[0;1mp[0m|[0;1mp[0m|[7;1m [0m|[0;1mp[0m|| 2
[32;1m[Board] [0m  -------------------
[32;1m[Board] [0m1 ||[0;1mr[0m|[0;1mk[0m|[0;1mb[0m|[0;1mQ[0m|[0;1mK[0m|[0;1mb[0m|[0;1mk[0m|[0;1mr[0m|| 1
[32;1m[Board] [0m  -------------------
[32;1m[Board] [0m    a b c d e f g h
[32;1m[Board] [0m
[32;1m[Referee] [0mThis is the turn of the Black player...
Enemy Positions: 
Key: [1, 1] -> Value: true
Key: [1, 2] -> Value: true
Key: [2, 1] -> Value: true
Key: [2, 2] -> Value: true
Key: [3, 1] -> Value: true
Key: [3, 2] -> Value: true
Key: [4, 1] -> Value: true
Key: [4, 2] -> Value: true
Key: [5, 1] -> Value: true
Key: [5, 2] -> Value: true
Key: [6, 1] -> Value: true
Key: [6, 2] -> Value: true
Key: [7, 1] -> Value: true
Key: [7, 3] -> Value: true
Key: [8, 1] -> Value: true
Key: [8, 2] -> Value: true
-----------------------
My Positions: 
Key: [1, 7] -> Value: true
Key: [1, 8] -> Value: true
Key: [2, 7] -> Value: true
Key: [2, 8] -> Value: true
Key: [3, 7] -> Value: true
Key: [3, 8] -> Value: true
Key: [4, 7] -> Value: true
Key: [4, 8] -> Value: true
Key: [5, 7] -> Value: true
Key: [5, 8] -> Value: true
Key: [6, 7] -> Value: true
Key: [6, 8] -> Value: true
Key: [7, 3] -> Value: false
Key: [7, 7] -> Value: true
Key: [7, 8] -> Value: true
Key: [8, 7] -> Value: true
Key: [8, 8] -> Value: true
-----------------------
    a    b    c    d    e    f    g    h
  +----+----+----+----+----+----+----+----+
8 | mR | mN | mB | mQ | mK | mB | mN | mR | 8
  +----+----+----+----+----+----+----+----+
7 | mP | mP | mP | mP | mP | mP | mP | mP | 7
  +----+----+----+----+----+----+----+----+
6 |    |    |    |    |    |    |    |    | 6
  +----+----+----+----+----+----+----+----+
5 |    |    |    |    |    |    |    |    | 5
  +----+----+----+----+----+----+----+----+
4 |    |    |    |    |    |    |    |    | 4
  +----+----+----+----+----+----+----+----+
3 |    |    |    |    |    |    |    |    | 3
  +----+----+----+----+----+----+----+----+
2 | oP | oP | oP | oP | oP | oP |    | oP | 2
  +----+----+----+----+----+----+----+----+
1 | oR | oN | oB | oQ | oK | oB | oN | oR | 1
  +----+----+----+----+----+----+----+----+
    a    b    c    d    e    f    g   h

all legal moves our algo finds: 
a7a6, 
a7a5, 
b7b6, 
b7b5, 
c7c6, 
c7c5, 
d7d6, 
d7d5, 
e7e6, 
e7e5, 
f7f6, 
f7f5, 
g7g6, 
g7g5, 
h7h6, 
h7h5, 
b8c6, 
b8a6, 
g8h6, 
g8f6, 

random move chosen: b7b6
Move written to championship/shallowcyan-chess-ai/move.csv successfully!
value of board: 130
mobility: -12
attack counter: 0
king shield: 0
mob_near_king: 0
king safety: 0
pawn structure: 0
[32;1m[Game] [0mPlayer's error code: 0
[32;1m[Game] [0mChecking move validity...
[32;1m[Board] [0mInitializing board...
[32;1m[Board] [0mLoading history file `championship/shallowcyan-chess-ai/history.csv`...
[32;1m[Board] [0mLoaded 1 move(s).
[32;1m[Board] [0mLoading move file `championship/shallowcyan-chess-ai/move.csv`...
[32;1m[Board] [0mBlack player is playing b7 to b6.
[32;1m[Board] [0m
[32;1m[Board] [0m    a b c d e f g h 
[32;1m[Board] [0m  -------------------
[32;1m[Board] [0m8 ||[30;1mr[0m|[30;1mk[0m|[30;1mb[0m|[30;1mQ[0m|[30;1mK[0m|[30;1mb[0m|[30;1mk[0m|[30;1mr[0m|| 8
[32;1m[Board] [0m  -------------------
[32;1m[Board] [0m7 ||[30;1mp[0m|[7;1m [0m|[30;1mp[0m|[30;1mp[0m|[30;1mp[0m|[30;1mp[0m|[30;1mp[0m|[30;1mp[0m|| 7
[32;1m[Board] [0m  -------------------
[32;1m[Board] [0m6 ||[7;1m [0m|[30;1mp[0m|[7;1m [0m| |[7;1m [0m| |[7;1m [0m| || 6
[32;1m[Board] [0m  -------------------
[32;1m[Board] [0m5 || |[7;1m [0m| |[7;1m [0m| |[7;1m [0m| |[7;1m [0m|| 5
[32;1m[Board] [0m  -------------------
[32;1m[Board] [0m4 ||[7;1m [0m| |[7;1m [0m| |[7;1m [0m| |[7;1m [0m| || 4
[32;1m[Board] [0m  -------------------
[32;1m[Board] [0m3 || |[7;1m [0m| |[7;1m [0m| |[7;1m [0m|[0;1mp[0m|[7;1m [0m|| 3
[32;1m[Board] [0m  -------------------
[32;1m[Board] [0m2 ||[0;1mp[0m|[0;1mp[0m|[0;1mp[0m|[0;1mp[0m|[0;1mp[0m|[0;1mp[0m|[7;1m [0m|[0;1mp[0m|| 2
[32;1m[Board] [0m  -------------------
[32;1m[Board] [0m1 ||[0;1mr[0m|[0;1mk[0m|[0;1mb[0m|[0;1mQ[0m|[0;1mK[0m|[0;1mb[0m|[0;1mk[0m|[0;1mr[0m|| 1
[32;1m[Board] [0m  -------------------
[32;1m[Board] [0m    a b c d e f g h
[32;1m[Board] [0m
[32;1m[Referee] [0mThis is the turn of the White player...
8 [100m â™– [43m â™˜ [100m â™— [43m â™• [100m â™” [43m â™— [100m â™˜ [43m â™– [40m
7 [43m â™™ [100m   [43m â™™ [100m â™™ [43m â™™ [100m â™™ [43m â™™ [100m â™™ [40m
6 [100m   [43m â™™ [100m   [43m   [100m   [43m   [100m   [43m   [40m
5 [43m   [100m   [43m   [100m   [43m   [100m   [43m   [100m   [40m
4 [100m   [43m   [100m   [43m   [100m   [43m   [100m   [43m   [40m
3 [43m   [100m   [43m   [100m   [43m   [100m   [43m â™Ÿ [100m   [40m
2 [100m â™Ÿ [43m â™Ÿ [100m â™Ÿ [43m â™Ÿ [100m â™Ÿ [43m â™Ÿ [100m   [43m â™Ÿ [40m
1 [43m â™œ [100m â™ž [43m â™ [100m â™› [43m â™š [100m â™ [43m â™ž [100m â™œ [40m
   a  b  c  d  e  f  g  h  
[32;1m[Game] [0mPlayer's error code: 0
[32;1m[Game] [0mChecking move validity...
[32;1m[Board] [0mInitializing board...
[32;1m[Board] [0mLoading history file `championship/shallowcyan-chess-ai/history.csv`...
[32;1m[Board] [0mLoaded 2 move(s).
[32;1m[Board] [0mLoading move file `championship/shallowcyan-chess-ai/move.csv`...
[32;1m[Board] [0mWhite player is playing c2 to c3.
[32;1m[Board] [0m
[32;1m[Board] [0m    a b c d e f g h 
[32;1m[Board] [0m  -------------------
[32;1m[Board] [0m8 ||[30;1mr[0m|[30;1mk[0m|[30;1mb[0m|[30;1mQ[0m|[30;1mK[0m|[30;1mb[0m|[30;1mk[0m|[30;1mr[0m|| 8
[32;1m[Board] [0m  -------------------
[32;1m[Board] [0m7 ||[30;1mp[0m|[7;1m [0m|[30;1mp[0m|[30;1mp[0m|[30;1mp[0m|[30;1mp[0m|[30;1mp[0m|[30;1mp[0m|| 7
[32;1m[Board] [0m  -------------------
[32;1m[Board] [0m6 ||[7;1m [0m|[30;1mp[0m|[7;1m [0m| |[7;1m [0m| |[7;1m [0m| || 6
[32;1m[Board] [0m  -------------------
[32;1m[Board] [0m5 || |[7;1m [0m| |[7;1m [0m| |[7;1m [0m| |[7;1m [0m|| 5
[32;1m[Board] [0m  -------------------
[32;1m[Board] [0m4 ||[7;1m [0m| |[7;1m [0m| |[7;1m [0m| |[7;1m [0m| || 4
[32;1m[Board] [0m  -------------------
[32;1m[Board] [0m3 || |[7;1m [0m|[0;1mp[0m|[7;1m [0m| |[7;1m [0m|[0;1mp[0m|[7;1m [0m|| 3
[32;1m[Board] [0m  -------------------
[32;1m[Board] [0m2 ||[0;1mp[0m|[0;1mp[0m|[7;1m [0m|[0;1mp[0m|[0;1mp[0m|[0;1mp[0m|[7;1m [0m|[0;1mp[0m|| 2
[32;1m[Board] [0m  -------------------
[32;1m[Board] [0m1 ||[0;1mr[0m|[0;1mk[0m|[0;1mb[0m|[0;1mQ[0m|[0;1mK[0m|[0;1mb[0m|[0;1mk[0m|[0;1mr[0m|| 1
[32;1m[Board] [0m  -------------------
[32;1m[Board] [0m    a b c d e f g h
[32;1m[Board] [0m
[32;1m[Referee] [0mThis is the turn of the Black player...
Enemy Positions: 
Key: [1, 1] -> Value: true
Key: [1, 2] -> Value: true
Key: [2, 1] -> Value: true
Key: [2, 2] -> Value: true
Key: [2, 6] -> Value: true
Key: [3, 1] -> Value: true
Key: [3, 3] -> Value: true
Key: [4, 1] -> Value: true
Key: [4, 2] -> Value: true
Key: [5, 1] -> Value: true
Key: [5, 2] -> Value: true
Key: [6, 1] -> Value: true
Key: [6, 2] -> Value: true
Key: [7, 1] -> Value: true
Key: [7, 3] -> Value: true
Key: [8, 1] -> Value: true
Key: [8, 2] -> Value: true
-----------------------
My Positions: 
Key: [1, 7] -> Value: true
Key: [1, 8] -> Value: true
Key: [2, 6] -> Value: false
Key: [2, 8] -> Value: true
Key: [3, 3] -> Value: false
Key: [3, 7] -> Value: true
Key: [3, 8] -> Value: true
Key: [4, 7] -> Value: true
Key: [4, 8] -> Value: true
Key: [5, 7] -> Value: true
Key: [5, 8] -> Value: true
Key: [6, 7] -> Value: true
Key: [6, 8] -> Value: true
Key: [7, 3] -> Value: false
Key: [7, 7] -> Value: true
Key: [7, 8] -> Value: true
Key: [8, 7] -> Value: true
Key: [8, 8] -> Value: true
-----------------------
    a    b    c    d    e    f    g    h
  +----+----+----+----+----+----+----+----+
8 | mR | mN | mB | mQ | mK | mB | mN | mR | 8
  +----+----+----+----+----+----+----+----+
7 | mP |    | mP | mP | mP | mP | mP | mP | 7
  +----+----+----+----+----+----+----+----+
6 |    |    |    |    |    |    |    |    | 6
  +----+----+----+----+----+----+----+----+
5 |    |    |    |    |    |    |    |    | 5
  +----+----+----+----+----+----+----+----+
4 |    |    |    |    |    |    |    |    | 4
  +----+----+----+----+----+----+----+----+
3 |    |    |    |    |    |    |    |    | 3
  +----+----+----+----+----+----+----+----+
2 | oP | oP |    | oP | oP | oP |    | oP | 2
  +----+----+----+----+----+----+----+----+
1 | oR | oN | oB | oQ | oK | oB | oN | oR | 1
  +----+----+----+----+----+----+----+----+
    a    b    c    d    e    f    g   h

all legal moves our algo finds: 
a7a6, 
a7a5, 
c7c6, 
c7c5, 
d7d6, 
d7d5, 
e7e6, 
e7e5, 
f7f6, 
f7f5, 
g7g6, 
g7g5, 
h7h6, 
h7h5, 
b8c6, 
b8a6, 
g8h6, 
g8f6, 
c8b7, 
c8a6, 

random move chosen: f7f6
Move written to championship/shallowcyan-chess-ai/move.csv successfully!
value of board: 130
mobility: -60
attack counter: 0
king shield: 0
mob_near_king: 0
king safety: 0
pawn structure: -630
[32;1m[Game] [0mPlayer's error code: 0
[32;1m[Game] [0mChecking move validity...
[32;1m[Board] [0mInitializing board...
[32;1m[Board] [0mLoading history file `championship/shallowcyan-chess-ai/history.csv`...
[32;1m[Board] [0mLoaded 3 move(s).
[32;1m[Board] [0mLoading move file `championship/shallowcyan-chess-ai/move.csv`...
[32;1m[Board] [0mBlack player is playing f7 to f6.
[32;1m[Board] [0m
[32;1m[Board] [0m    a b c d e f g h 
[32;1m[Board] [0m  -------------------
[32;1m[Board] [0m8 ||[30;1mr[0m|[30;1mk[0m|[30;1mb[0m|[30;1mQ[0m|[30;1mK[0m|[30;1mb[0m|[30;1mk[0m|[30;1mr[0m|| 8
[32;1m[Board] [0m  -------------------
[32;1m[Board] [0m7 ||[30;1mp[0m|[7;1m [0m|[30;1mp[0m|[30;1mp[0m|[30;1mp[0m|[7;1m [0m|[30;1mp[0m|[30;1mp[0m|| 7
[32;1m[Board] [0m  -------------------
[32;1m[Board] [0m6 ||[7;1m [0m|[30;1mp[0m|[7;1m [0m| |[7;1m [0m|[30;1mp[0m|[7;1m [0m| || 6
[32;1m[Board] [0m  -------------------
[32;1m[Board] [0m5 || |[7;1m [0m| |[7;1m [0m| |[7;1m [0m| |[7;1m [0m|| 5
[32;1m[Board] [0m  -------------------
[32;1m[Board] [0m4 ||[7;1m [0m| |[7;1m [0m| |[7;1m [0m| |[7;1m [0m| || 4
[32;1m[Board] [0m  -------------------
[32;1m[Board] [0m3 || |[7;1m [0m|[0;1mp[0m|[7;1m [0m| |[7;1m [0m|[0;1mp[0m|[7;1m [0m|| 3
[32;1m[Board] [0m  -------------------
[32;1m[Board] [0m2 ||[0;1mp[0m|[0;1mp[0m|[7;1m [0m|[0;1mp[0m|[0;1mp[0m|[0;1mp[0m|[7;1m [0m|[0;1mp[0m|| 2
[32;1m[Board] [0m  -------------------
[32;1m[Board] [0m1 ||[0;1mr[0m|[0;1mk[0m|[0;1mb[0m|[0;1mQ[0m|[0;1mK[0m|[0;1mb[0m|[0;1mk[0m|[0;1mr[0m|| 1
[32;1m[Board] [0m  -------------------
[32;1m[Board] [0m    a b c d e f g h
[32;1m[Board] [0m
[32;1m[Referee] [0mThis is the turn of the White player...
8 [100m â™– [43m â™˜ [100m â™— [43m â™• [100m â™” [43m â™— [100m â™˜ [43m â™– [40m
7 [43m â™™ [100m   [43m â™™ [100m â™™ [43m â™™ [100m   [43m â™™ [100m â™™ [40m
6 [100m   [43m â™™ [100m   [43m   [100m   [43m â™™ [100m   [43m   [40m
5 [43m   [100m   [43m   [100m   [43m   [100m   [43m   [100m   [40m
4 [100m   [43m   [100m   [43m   [100m   [43m   [100m   [43m   [40m
3 [43m   [100m   [43m â™Ÿ [100m   [43m   [100m   [43m â™Ÿ [100m   [40m
2 [100m â™Ÿ [43m â™Ÿ [100m   [43m â™Ÿ [100m â™Ÿ [43m â™Ÿ [100m   [43m â™Ÿ [40m
1 [43m â™œ [100m â™ž [43m â™ [100m â™› [43m â™š [100m â™ [43m â™ž [100m â™œ [40m
   a  b  c  d  e  f  g  h  
[32;1m[Game] [0mPlayer's error code: 0
[32;1m[Game] [0mChecking move validity...
[32;1m[Board] [0mInitializing board...
[32;1m[Board] [0mLoading history file `championship/shallowcyan-chess-ai/history.csv`...
[32;1m[Board] [0mLoaded 4 move(s).
[32;1m[Board] [0mLoading move file `championship/shallowcyan-chess-ai/move.csv`...
[32;1m[Board] [0mWhite player is playing f1 to h3.
[32;1m[Board] [0m
[32;1m[Board] [0m    a b c d e f g h 
[32;1m[Board] [0m  -------------------
[32;1m[Board] [0m8 ||[30;1mr[0m|[30;1mk[0m|[30;1mb[0m|[30;1mQ[0m|[30;1mK[0m|[30;1mb[0m|[30;1mk[0m|[30;1mr[0m|| 8
[32;1m[Board] [0m  -------------------
[32;1m[Board] [0m7 ||[30;1mp[0m|[7;1m [0m|[30;1mp[0m|[30;1mp[0m|[30;1mp[0m|[7;1m [0m|[30;1mp[0m|[30;1mp[0m|| 7
[32;1m[Board] [0m  -------------------
[32;1m[Board] [0m6 ||[7;1m [0m|[30;1mp[0m|[7;1m [0m| |[7;1m [0m|[30;1mp[0m|[7;1m [0m| || 6
[32;1m[Board] [0m  -------------------
[32;1m[Board] [0m5 || |[7;1m [0m| |[7;1m [0m| |[7;1m [0m| |[7;1m [0m|| 5
[32;1m[Board] [0m  -------------------
[32;1m[Board] [0m4 ||[7;1m [0m| |[7;1m [0m| |[7;1m [0m| |[7;1m [0m| || 4
[32;1m[Board] [0m  -------------------
[32;1m[Board] [0m3 || |[7;1m [0m|[0;1mp[0m|[7;1m [0m| |[7;1m [0m|[0;1mp[0m|[0;1mb[0m|| 3
[32;1m[Board] [0m  -------------------
[32;1m[Board] [0m2 ||[0;1mp[0m|[0;1mp[0m|[7;1m [0m|[0;1mp[0m|[0;1mp[0m|[0;1mp[0m|[7;1m [0m|[0;1mp[0m|| 2
[32;1m[Board] [0m  -------------------
[32;1m[Board] [0m1 ||[0;1mr[0m|[0;1mk[0m|[0;1mb[0m|[0;1mQ[0m|[0;1mK[0m|[7;1m [0m|[0;1mk[0m|[0;1mr[0m|| 1
[32;1m[Board] [0m  -------------------
[32;1m[Board] [0m    a b c d e f g h
[32;1m[Board] [0m
[32;1m[Referee] [0mThis is the turn of the Black player...
Enemy Positions: 
Key: [1, 1] -> Value: true
Key: [1, 2] -> Value: true
Key: [2, 1] -> Value: true
Key: [2, 2] -> Value: true
Key: [2, 6] -> Value: false
Key: [3, 1] -> Value: true
Key: [3, 3] -> Value: false
Key: [4, 1] -> Value: true
Key: [4, 2] -> Value: true
Key: [5, 1] -> Value: true
Key: [5, 2] -> Value: true
Key: [6, 2] -> Value: true
Key: [6, 6] -> Value: false
Key: [7, 1] -> Value: true
Key: [7, 3] -> Value: false
Key: [8, 1] -> Value: true
Key: [8, 2] -> Value: true
Key: [8, 3] -> Value: true
-----------------------
My Positions: 
Key: [1, 7] -> Value: true
Key: [1, 8] -> Value: true
Key: [2, 6] -> Value: true
Key: [2, 8] -> Value: true
Key: [3, 3] -> Value: true
Key: [3, 7] -> Value: true
Key: [3, 8] -> Value: true
Key: [4, 7] -> Value: true
Key: [4, 8] -> Value: true
Key: [5, 7] -> Value: true
Key: [5, 8] -> Value: true
Key: [6, 6] -> Value: true
Key: [6, 8] -> Value: true
Key: [7, 3] -> Value: true
Key: [7, 7] -> Value: true
Key: [7, 8] -> Value: true
Key: [8, 7] -> Value: true
Key: [8, 8] -> Value: true
-----------------------
[32;1m[Game] [0mPlayer's error code: 11
[32;1m[Game] [0m[31;1m[ERROR][0m The program `/home/julien/Pro/git/teaching/x/2024/chess-ai/build/chessbin' has crashed :(
[32;1m[Game] [0mBlack player has lost on illegal move.
