[32;1m[Board] [0mInitializing board...
[32;1m[Board] [0m
[32;1m[Board] [0m    a b c d e f g h 
[32;1m[Board] [0m  -------------------
[32;1m[Board] [0m8 ||[30;1mr[0m|[30;1mk[0m|[30;1mb[0m|[30;1mQ[0m|[30;1mK[0m|[30;1mb[0m|[30;1mk[0m|[30;1mr[0m|| 8
[32;1m[Board] [0m  -------------------
[32;1m[Board] [0m7 ||[30;1mp[0m|[30;1mp[0m|[30;1mp[0m|[30;1mp[0m|[30;1mp[0m|[30;1mp[0m|[30;1mp[0m|[30;1mp[0m|| 7
[32;1m[Board] [0m  -------------------
[32;1m[Board] [0m6 ||[7;1m [0m| |[7;1m [0m| |[7;1m [0m| |[7;1m [0m| || 6
[32;1m[Board] [0m  -------------------
[32;1m[Board] [0m5 || |[7;1m [0m| |[7;1m [0m| |[7;1m [0m| |[7;1m [0m|| 5
[32;1m[Board] [0m  -------------------
[32;1m[Board] [0m4 ||[7;1m [0m| |[7;1m [0m| |[7;1m [0m| |[7;1m [0m| || 4
[32;1m[Board] [0m  -------------------
[32;1m[Board] [0m3 || |[7;1m [0m| |[7;1m [0m| |[7;1m [0m| |[7;1m [0m|| 3
[32;1m[Board] [0m  -------------------
[32;1m[Board] [0m2 ||[0;1mp[0m|[0;1mp[0m|[0;1mp[0m|[0;1mp[0m|[0;1mp[0m|[0;1mp[0m|[0;1mp[0m|[0;1mp[0m|| 2
[32;1m[Board] [0m  -------------------
[32;1m[Board] [0m1 ||[0;1mr[0m|[0;1mk[0m|[0;1mb[0m|[0;1mQ[0m|[0;1mK[0m|[0;1mb[0m|[0;1mk[0m|[0;1mr[0m|| 1
[32;1m[Board] [0m  -------------------
[32;1m[Board] [0m    a b c d e f g h
[32;1m[Board] [0m
[32;1m[Referee] [0mThis is the turn of the White player...
championship/caro_kaan_engine-kean-chess-engine/history.csv
[32;1m[Game] [0mPlayer's error code: 0
[32;1m[Game] [0mChecking move validity...
[32;1m[Board] [0mInitializing board...
[32;1m[Board] [0mLoading history file `championship/caro_kaan_engine-kean-chess-engine/history.csv`...
[32;1m[Board] [0mLoaded 0 move(s).
[32;1m[Board] [0mLoading move file `championship/caro_kaan_engine-kean-chess-engine/move.csv`...
[32;1m[Board] [0mWhite player is playing c2 to c3.
[32;1m[Board] [0m
[32;1m[Board] [0m    a b c d e f g h 
[32;1m[Board] [0m  -------------------
[32;1m[Board] [0m8 ||[30;1mr[0m|[30;1mk[0m|[30;1mb[0m|[30;1mQ[0m|[30;1mK[0m|[30;1mb[0m|[30;1mk[0m|[30;1mr[0m|| 8
[32;1m[Board] [0m  -------------------
[32;1m[Board] [0m7 ||[30;1mp[0m|[30;1mp[0m|[30;1mp[0m|[30;1mp[0m|[30;1mp[0m|[30;1mp[0m|[30;1mp[0m|[30;1mp[0m|| 7
[32;1m[Board] [0m  -------------------
[32;1m[Board] [0m6 ||[7;1m [0m| |[7;1m [0m| |[7;1m [0m| |[7;1m [0m| || 6
[32;1m[Board] [0m  -------------------
[32;1m[Board] [0m5 || |[7;1m [0m| |[7;1m [0m| |[7;1m [0m| |[7;1m [0m|| 5
[32;1m[Board] [0m  -------------------
[32;1m[Board] [0m4 ||[7;1m [0m| |[7;1m [0m| |[7;1m [0m| |[7;1m [0m| || 4
[32;1m[Board] [0m  -------------------
[32;1m[Board] [0m3 || |[7;1m [0m|[0;1mp[0m|[7;1m [0m| |[7;1m [0m| |[7;1m [0m|| 3
[32;1m[Board] [0m  -------------------
[32;1m[Board] [0m2 ||[0;1mp[0m|[0;1mp[0m|[7;1m [0m|[0;1mp[0m|[0;1mp[0m|[0;1mp[0m|[0;1mp[0m|[0;1mp[0m|| 2
[32;1m[Board] [0m  -------------------
[32;1m[Board] [0m1 ||[0;1mr[0m|[0;1mk[0m|[0;1mb[0m|[0;1mQ[0m|[0;1mK[0m|[0;1mb[0m|[0;1mk[0m|[0;1mr[0m|| 1
[32;1m[Board] [0m  -------------------
[32;1m[Board] [0m    a b c d e f g h
[32;1m[Board] [0m
[32;1m[Referee] [0mThis is the turn of the Black player...
c2c3
   â”Œâ”€â”€â”€â”¬â”€â”€â”€â”¬â”€â”€â”€â”¬â”€â”€â”€â”¬â”€â”€â”€â”¬â”€â”€â”€â”¬â”€â”€â”€â”¬â”€â”€â”€â”
 8 â”‚ â™– â”‚ â™˜ â”‚ â™— â”‚ â™• â”‚ â™” â”‚ â™— â”‚ â™˜ â”‚ â™– â”‚
   â”œâ”€â”€â”€â”¼â”€â”€â”€â”¼â”€â”€â”€â”¼â”€â”€â”€â”¼â”€â”€â”€â”¼â”€â”€â”€â”¼â”€â”€â”€â”¼â”€â”€â”€â”¤
 7 â”‚ â™™ â”‚ â™™ â”‚ â™™ â”‚ â™™ â”‚ â™™ â”‚ â™™ â”‚ â™™ â”‚ â™™ â”‚
   â”œâ”€â”€â”€â”¼â”€â”€â”€â”¼â”€â”€â”€â”¼â”€â”€â”€â”¼â”€â”€â”€â”¼â”€â”€â”€â”¼â”€â”€â”€â”¼â”€â”€â”€â”¤
 6 â”‚   â”‚   â”‚   â”‚   â”‚   â”‚   â”‚   â”‚   â”‚
   â”œâ”€â”€â”€â”¼â”€â”€â”€â”¼â”€â”€â”€â”¼â”€â”€â”€â”¼â”€â”€â”€â”¼â”€â”€â”€â”¼â”€â”€â”€â”¼â”€â”€â”€â”¤
 5 â”‚   â”‚   â”‚   â”‚   â”‚   â”‚   â”‚   â”‚   â”‚
   â”œâ”€â”€â”€â”¼â”€â”€â”€â”¼â”€â”€â”€â”¼â”€â”€â”€â”¼â”€â”€â”€â”¼â”€â”€â”€â”¼â”€â”€â”€â”¼â”€â”€â”€â”¤
 4 â”‚   â”‚   â”‚   â”‚   â”‚   â”‚   â”‚   â”‚   â”‚
   â”œâ”€â”€â”€â”¼â”€â”€â”€â”¼â”€â”€â”€â”¼â”€â”€â”€â”¼â”€â”€â”€â”¼â”€â”€â”€â”¼â”€â”€â”€â”¼â”€â”€â”€â”¤
 3 â”‚   â”‚   â”‚ â™Ÿ â”‚   â”‚   â”‚   â”‚   â”‚   â”‚
   â”œâ”€â”€â”€â”¼â”€â”€â”€â”¼â”€â”€â”€â”¼â”€â”€â”€â”¼â”€â”€â”€â”¼â”€â”€â”€â”¼â”€â”€â”€â”¼â”€â”€â”€â”¤
 2 â”‚ â™Ÿ â”‚ â™Ÿ â”‚   â”‚ â™Ÿ â”‚ â™Ÿ â”‚ â™Ÿ â”‚ â™Ÿ â”‚ â™Ÿ â”‚
   â”œâ”€â”€â”€â”¼â”€â”€â”€â”¼â”€â”€â”€â”¼â”€â”€â”€â”¼â”€â”€â”€â”¼â”€â”€â”€â”¼â”€â”€â”€â”¼â”€â”€â”€â”¤
 1 â”‚ â™œ â”‚ â™ â”‚ â™ â”‚ â™› â”‚ â™š â”‚ â™ â”‚ â™ â”‚ â™œ â”‚
   â””â”€â”€â”€â”´â”€â”€â”€â”´â”€â”€â”€â”´â”€â”€â”€â”´â”€â”€â”€â”´â”€â”€â”€â”´â”€â”€â”€â”´â”€â”€â”€â”˜
     a   b   c   d   e   f   g   h
Error: Could not open file: "/data/julien/Pro/git/teaching/x/2024/Resources/openingBook.txt"
Depth: 1 Best move found: f7f6 Evaluation: -425 Nodes searched: 85 (Alpha Beta 4, Quiescence 81)
Depth: 2 Best move found: f7f6 Evaluation: -485 Nodes searched: 185 (Alpha Beta 22, Quiescence 163)
Depth: 3 Best move found: f7f6 Evaluation: -421 Nodes searched: 858 (Alpha Beta 109, Quiescence 749)
Depth: 4 Best move found: f7f6 Evaluation: -449 Nodes searched: 12932 (Alpha Beta 1728, Quiescence 11204)
Depth: 5 Best move found: f7f6 Evaluation: -449 Nodes searched: 25318 (Alpha Beta 6622, Quiescence 18696)
Time Elapsed: 9903ms
[32;1m[Game] [0mPlayer's error code: 0
[32;1m[Game] [0mChecking move validity...
[32;1m[Board] [0mInitializing board...
[32;1m[Board] [0mLoading history file `championship/caro_kaan_engine-kean-chess-engine/history.csv`...
[32;1m[Board] [0mLoaded 1 move(s).
[32;1m[Board] [0mLoading move file `championship/caro_kaan_engine-kean-chess-engine/move.csv`...
[32;1m[Board] [0mBlack player is playing f7 to f6.
[32;1m[Board] [0m
[32;1m[Board] [0m    a b c d e f g h 
[32;1m[Board] [0m  -------------------
[32;1m[Board] [0m8 ||[30;1mr[0m|[30;1mk[0m|[30;1mb[0m|[30;1mQ[0m|[30;1mK[0m|[30;1mb[0m|[30;1mk[0m|[30;1mr[0m|| 8
[32;1m[Board] [0m  -------------------
[32;1m[Board] [0m7 ||[30;1mp[0m|[30;1mp[0m|[30;1mp[0m|[30;1mp[0m|[30;1mp[0m|[7;1m [0m|[30;1mp[0m|[30;1mp[0m|| 7
[32;1m[Board] [0m  -------------------
[32;1m[Board] [0m6 ||[7;1m [0m| |[7;1m [0m| |[7;1m [0m|[30;1mp[0m|[7;1m [0m| || 6
[32;1m[Board] [0m  -------------------
[32;1m[Board] [0m5 || |[7;1m [0m| |[7;1m [0m| |[7;1m [0m| |[7;1m [0m|| 5
[32;1m[Board] [0m  -------------------
[32;1m[Board] [0m4 ||[7;1m [0m| |[7;1m [0m| |[7;1m [0m| |[7;1m [0m| || 4
[32;1m[Board] [0m  -------------------
[32;1m[Board] [0m3 || |[7;1m [0m|[0;1mp[0m|[7;1m [0m| |[7;1m [0m| |[7;1m [0m|| 3
[32;1m[Board] [0m  -------------------
[32;1m[Board] [0m2 ||[0;1mp[0m|[0;1mp[0m|[7;1m [0m|[0;1mp[0m|[0;1mp[0m|[0;1mp[0m|[0;1mp[0m|[0;1mp[0m|| 2
[32;1m[Board] [0m  -------------------
[32;1m[Board] [0m1 ||[0;1mr[0m|[0;1mk[0m|[0;1mb[0m|[0;1mQ[0m|[0;1mK[0m|[0;1mb[0m|[0;1mk[0m|[0;1mr[0m|| 1
[32;1m[Board] [0m  -------------------
[32;1m[Board] [0m    a b c d e f g h
[32;1m[Board] [0m
[32;1m[Referee] [0mThis is the turn of the White player...
championship/caro_kaan_engine-kean-chess-engine/history.csv
c2c3
f7f6
[32;1m[Game] [0mPlayer's error code: 0
[32;1m[Game] [0mChecking move validity...
[32;1m[Board] [0mInitializing board...
[32;1m[Board] [0mLoading history file `championship/caro_kaan_engine-kean-chess-engine/history.csv`...
[32;1m[Board] [0mLoaded 2 move(s).
[32;1m[Board] [0mLoading move file `championship/caro_kaan_engine-kean-chess-engine/move.csv`...
[32;1m[Board] [0mWhite player is playing a2 to a3.
[32;1m[Board] [0m
[32;1m[Board] [0m    a b c d e f g h 
[32;1m[Board] [0m  -------------------
[32;1m[Board] [0m8 ||[30;1mr[0m|[30;1mk[0m|[30;1mb[0m|[30;1mQ[0m|[30;1mK[0m|[30;1mb[0m|[30;1mk[0m|[30;1mr[0m|| 8
[32;1m[Board] [0m  -------------------
[32;1m[Board] [0m7 ||[30;1mp[0m|[30;1mp[0m|[30;1mp[0m|[30;1mp[0m|[30;1mp[0m|[7;1m [0m|[30;1mp[0m|[30;1mp[0m|| 7
[32;1m[Board] [0m  -------------------
[32;1m[Board] [0m6 ||[7;1m [0m| |[7;1m [0m| |[7;1m [0m|[30;1mp[0m|[7;1m [0m| || 6
[32;1m[Board] [0m  -------------------
[32;1m[Board] [0m5 || |[7;1m [0m| |[7;1m [0m| |[7;1m [0m| |[7;1m [0m|| 5
[32;1m[Board] [0m  -------------------
[32;1m[Board] [0m4 ||[7;1m [0m| |[7;1m [0m| |[7;1m [0m| |[7;1m [0m| || 4
[32;1m[Board] [0m  -------------------
[32;1m[Board] [0m3 ||[0;1mp[0m|[7;1m [0m|[0;1mp[0m|[7;1m [0m| |[7;1m [0m| |[7;1m [0m|| 3
[32;1m[Board] [0m  -------------------
[32;1m[Board] [0m2 ||[7;1m [0m|[0;1mp[0m|[7;1m [0m|[0;1mp[0m|[0;1mp[0m|[0;1mp[0m|[0;1mp[0m|[0;1mp[0m|| 2
[32;1m[Board] [0m  -------------------
[32;1m[Board] [0m1 ||[0;1mr[0m|[0;1mk[0m|[0;1mb[0m|[0;1mQ[0m|[0;1mK[0m|[0;1mb[0m|[0;1mk[0m|[0;1mr[0m|| 1
[32;1m[Board] [0m  -------------------
[32;1m[Board] [0m    a b c d e f g h
[32;1m[Board] [0m
[32;1m[Referee] [0mThis is the turn of the Black player...
c2c3
   â”Œâ”€â”€â”€â”¬â”€â”€â”€â”¬â”€â”€â”€â”¬â”€â”€â”€â”¬â”€â”€â”€â”¬â”€â”€â”€â”¬â”€â”€â”€â”¬â”€â”€â”€â”
 8 â”‚ â™– â”‚ â™˜ â”‚ â™— â”‚ â™• â”‚ â™” â”‚ â™— â”‚ â™˜ â”‚ â™– â”‚
   â”œâ”€â”€â”€â”¼â”€â”€â”€â”¼â”€â”€â”€â”¼â”€â”€â”€â”¼â”€â”€â”€â”¼â”€â”€â”€â”¼â”€â”€â”€â”¼â”€â”€â”€â”¤
 7 â”‚ â™™ â”‚ â™™ â”‚ â™™ â”‚ â™™ â”‚ â™™ â”‚ â™™ â”‚ â™™ â”‚ â™™ â”‚
   â”œâ”€â”€â”€â”¼â”€â”€â”€â”¼â”€â”€â”€â”¼â”€â”€â”€â”¼â”€â”€â”€â”¼â”€â”€â”€â”¼â”€â”€â”€â”¼â”€â”€â”€â”¤
 6 â”‚   â”‚   â”‚   â”‚   â”‚   â”‚   â”‚   â”‚   â”‚
   â”œâ”€â”€â”€â”¼â”€â”€â”€â”¼â”€â”€â”€â”¼â”€â”€â”€â”¼â”€â”€â”€â”¼â”€â”€â”€â”¼â”€â”€â”€â”¼â”€â”€â”€â”¤
 5 â”‚   â”‚   â”‚   â”‚   â”‚   â”‚   â”‚   â”‚   â”‚
   â”œâ”€â”€â”€â”¼â”€â”€â”€â”¼â”€â”€â”€â”¼â”€â”€â”€â”¼â”€â”€â”€â”¼â”€â”€â”€â”¼â”€â”€â”€â”¼â”€â”€â”€â”¤
 4 â”‚   â”‚   â”‚   â”‚   â”‚   â”‚   â”‚   â”‚   â”‚
   â”œâ”€â”€â”€â”¼â”€â”€â”€â”¼â”€â”€â”€â”¼â”€â”€â”€â”¼â”€â”€â”€â”¼â”€â”€â”€â”¼â”€â”€â”€â”¼â”€â”€â”€â”¤
 3 â”‚   â”‚   â”‚ â™Ÿ â”‚   â”‚   â”‚   â”‚   â”‚   â”‚
   â”œâ”€â”€â”€â”¼â”€â”€â”€â”¼â”€â”€â”€â”¼â”€â”€â”€â”¼â”€â”€â”€â”¼â”€â”€â”€â”¼â”€â”€â”€â”¼â”€â”€â”€â”¤
 2 â”‚ â™Ÿ â”‚ â™Ÿ â”‚   â”‚ â™Ÿ â”‚ â™Ÿ â”‚ â™Ÿ â”‚ â™Ÿ â”‚ â™Ÿ â”‚
   â”œâ”€â”€â”€â”¼â”€â”€â”€â”¼â”€â”€â”€â”¼â”€â”€â”€â”¼â”€â”€â”€â”¼â”€â”€â”€â”¼â”€â”€â”€â”¼â”€â”€â”€â”¤
 1 â”‚ â™œ â”‚ â™ â”‚ â™ â”‚ â™› â”‚ â™š â”‚ â™ â”‚ â™ â”‚ â™œ â”‚
   â””â”€â”€â”€â”´â”€â”€â”€â”´â”€â”€â”€â”´â”€â”€â”€â”´â”€â”€â”€â”´â”€â”€â”€â”´â”€â”€â”€â”´â”€â”€â”€â”˜
     a   b   c   d   e   f   g   h
f7f6
   â”Œâ”€â”€â”€â”¬â”€â”€â”€â”¬â”€â”€â”€â”¬â”€â”€â”€â”¬â”€â”€â”€â”¬â”€â”€â”€â”¬â”€â”€â”€â”¬â”€â”€â”€â”
 8 â”‚ â™– â”‚ â™˜ â”‚ â™— â”‚ â™• â”‚ â™” â”‚ â™— â”‚ â™˜ â”‚ â™– â”‚
   â”œâ”€â”€â”€â”¼â”€â”€â”€â”¼â”€â”€â”€â”¼â”€â”€â”€â”¼â”€â”€â”€â”¼â”€â”€â”€â”¼â”€â”€â”€â”¼â”€â”€â”€â”¤
 7 â”‚ â™™ â”‚ â™™ â”‚ â™™ â”‚ â™™ â”‚ â™™ â”‚   â”‚ â™™ â”‚ â™™ â”‚
   â”œâ”€â”€â”€â”¼â”€â”€â”€â”¼â”€â”€â”€â”¼â”€â”€â”€â”¼â”€â”€â”€â”¼â”€â”€â”€â”¼â”€â”€â”€â”¼â”€â”€â”€â”¤
 6 â”‚   â”‚   â”‚   â”‚   â”‚   â”‚ â™™ â”‚   â”‚   â”‚
   â”œâ”€â”€â”€â”¼â”€â”€â”€â”¼â”€â”€â”€â”¼â”€â”€â”€â”¼â”€â”€â”€â”¼â”€â”€â”€â”¼â”€â”€â”€â”¼â”€â”€â”€â”¤
 5 â”‚   â”‚   â”‚   â”‚   â”‚   â”‚   â”‚   â”‚   â”‚
   â”œâ”€â”€â”€â”¼â”€â”€â”€â”¼â”€â”€â”€â”¼â”€â”€â”€â”¼â”€â”€â”€â”¼â”€â”€â”€â”¼â”€â”€â”€â”¼â”€â”€â”€â”¤
 4 â”‚   â”‚   â”‚   â”‚   â”‚   â”‚   â”‚   â”‚   â”‚
   â”œâ”€â”€â”€â”¼â”€â”€â”€â”¼â”€â”€â”€â”¼â”€â”€â”€â”¼â”€â”€â”€â”¼â”€â”€â”€â”¼â”€â”€â”€â”¼â”€â”€â”€â”¤
 3 â”‚   â”‚   â”‚ â™Ÿ â”‚   â”‚   â”‚   â”‚   â”‚   â”‚
   â”œâ”€â”€â”€â”¼â”€â”€â”€â”¼â”€â”€â”€â”¼â”€â”€â”€â”¼â”€â”€â”€â”¼â”€â”€â”€â”¼â”€â”€â”€â”¼â”€â”€â”€â”¤
 2 â”‚ â™Ÿ â”‚ â™Ÿ â”‚   â”‚ â™Ÿ â”‚ â™Ÿ â”‚ â™Ÿ â”‚ â™Ÿ â”‚ â™Ÿ â”‚
   â”œâ”€â”€â”€â”¼â”€â”€â”€â”¼â”€â”€â”€â”¼â”€â”€â”€â”¼â”€â”€â”€â”¼â”€â”€â”€â”¼â”€â”€â”€â”¼â”€â”€â”€â”¤
 1 â”‚ â™œ â”‚ â™ â”‚ â™ â”‚ â™› â”‚ â™š â”‚ â™ â”‚ â™ â”‚ â™œ â”‚
   â””â”€â”€â”€â”´â”€â”€â”€â”´â”€â”€â”€â”´â”€â”€â”€â”´â”€â”€â”€â”´â”€â”€â”€â”´â”€â”€â”€â”´â”€â”€â”€â”˜
     a   b   c   d   e   f   g   h
a2a3
   â”Œâ”€â”€â”€â”¬â”€â”€â”€â”¬â”€â”€â”€â”¬â”€â”€â”€â”¬â”€â”€â”€â”¬â”€â”€â”€â”¬â”€â”€â”€â”¬â”€â”€â”€â”
 8 â”‚ â™– â”‚ â™˜ â”‚ â™— â”‚ â™• â”‚ â™” â”‚ â™— â”‚ â™˜ â”‚ â™– â”‚
   â”œâ”€â”€â”€â”¼â”€â”€â”€â”¼â”€â”€â”€â”¼â”€â”€â”€â”¼â”€â”€â”€â”¼â”€â”€â”€â”¼â”€â”€â”€â”¼â”€â”€â”€â”¤
 7 â”‚ â™™ â”‚ â™™ â”‚ â™™ â”‚ â™™ â”‚ â™™ â”‚   â”‚ â™™ â”‚ â™™ â”‚
   â”œâ”€â”€â”€â”¼â”€â”€â”€â”¼â”€â”€â”€â”¼â”€â”€â”€â”¼â”€â”€â”€â”¼â”€â”€â”€â”¼â”€â”€â”€â”¼â”€â”€â”€â”¤
 6 â”‚   â”‚   â”‚   â”‚   â”‚   â”‚ â™™ â”‚   â”‚   â”‚
   â”œâ”€â”€â”€â”¼â”€â”€â”€â”¼â”€â”€â”€â”¼â”€â”€â”€â”¼â”€â”€â”€â”¼â”€â”€â”€â”¼â”€â”€â”€â”¼â”€â”€â”€â”¤
 5 â”‚   â”‚   â”‚   â”‚   â”‚   â”‚   â”‚   â”‚   â”‚
   â”œâ”€â”€â”€â”¼â”€â”€â”€â”¼â”€â”€â”€â”¼â”€â”€â”€â”¼â”€â”€â”€â”¼â”€â”€â”€â”¼â”€â”€â”€â”¼â”€â”€â”€â”¤
 4 â”‚   â”‚   â”‚   â”‚   â”‚   â”‚   â”‚   â”‚   â”‚
   â”œâ”€â”€â”€â”¼â”€â”€â”€â”¼â”€â”€â”€â”¼â”€â”€â”€â”¼â”€â”€â”€â”¼â”€â”€â”€â”¼â”€â”€â”€â”¼â”€â”€â”€â”¤
 3 â”‚ â™Ÿ â”‚   â”‚ â™Ÿ â”‚   â”‚   â”‚   â”‚   â”‚   â”‚
   â”œâ”€â”€â”€â”¼â”€â”€â”€â”¼â”€â”€â”€â”¼â”€â”€â”€â”¼â”€â”€â”€â”¼â”€â”€â”€â”¼â”€â”€â”€â”¼â”€â”€â”€â”¤
 2 â”‚   â”‚ â™Ÿ â”‚   â”‚ â™Ÿ â”‚ â™Ÿ â”‚ â™Ÿ â”‚ â™Ÿ â”‚ â™Ÿ â”‚
   â”œâ”€â”€â”€â”¼â”€â”€â”€â”¼â”€â”€â”€â”¼â”€â”€â”€â”¼â”€â”€â”€â”¼â”€â”€â”€â”¼â”€â”€â”€â”¼â”€â”€â”€â”¤
 1 â”‚ â™œ â”‚ â™ â”‚ â™ â”‚ â™› â”‚ â™š â”‚ â™ â”‚ â™ â”‚ â™œ â”‚
   â””â”€â”€â”€â”´â”€â”€â”€â”´â”€â”€â”€â”´â”€â”€â”€â”´â”€â”€â”€â”´â”€â”€â”€â”´â”€â”€â”€â”´â”€â”€â”€â”˜
     a   b   c   d   e   f   g   h
Error: Could not open file: "/data/julien/Pro/git/teaching/x/2024/Resources/openingBook.txt"
Depth: 1 Best move found: b7b6 Evaluation: -285 Nodes searched: 62 (Alpha Beta 3, Quiescence 59)
Depth: 2 Best move found: b7b6 Evaluation: -364 Nodes searched: 371 (Alpha Beta 45, Quiescence 326)
Depth: 3 Best move found: g7g5 Evaluation: -326 Nodes searched: 1673 (Alpha Beta 188, Quiescence 1485)
Depth: 4 Best move found: b7b6 Evaluation: -376 Nodes searched: 10739 (Alpha Beta 1876, Quiescence 8863)
Depth: 5 Best move found: c7c6 Evaluation: -324 Nodes searched: 43891 (Alpha Beta 10349, Quiescence 33542)
Time Elapsed: 9902ms
[32;1m[Game] [0mPlayer's error code: 0
[32;1m[Game] [0mChecking move validity...
[32;1m[Board] [0mInitializing board...
[32;1m[Board] [0mLoading history file `championship/caro_kaan_engine-kean-chess-engine/history.csv`...
[32;1m[Board] [0mLoaded 3 move(s).
[32;1m[Board] [0mLoading move file `championship/caro_kaan_engine-kean-chess-engine/move.csv`...
[32;1m[Board] [0mBlack player is playing c7 to c6.
[32;1m[Board] [0m
[32;1m[Board] [0m    a b c d e f g h 
[32;1m[Board] [0m  -------------------
[32;1m[Board] [0m8 ||[30;1mr[0m|[30;1mk[0m|[30;1mb[0m|[30;1mQ[0m|[30;1mK[0m|[30;1mb[0m|[30;1mk[0m|[30;1mr[0m|| 8
[32;1m[Board] [0m  -------------------
[32;1m[Board] [0m7 ||[30;1mp[0m|[30;1mp[0m| |[30;1mp[0m|[30;1mp[0m|[7;1m [0m|[30;1mp[0m|[30;1mp[0m|| 7
[32;1m[Board] [0m  -------------------
[32;1m[Board] [0m6 ||[7;1m [0m| |[30;1mp[0m| |[7;1m [0m|[30;1mp[0m|[7;1m [0m| || 6
[32;1m[Board] [0m  -------------------
[32;1m[Board] [0m5 || |[7;1m [0m| |[7;1m [0m| |[7;1m [0m| |[7;1m [0m|| 5
[32;1m[Board] [0m  -------------------
[32;1m[Board] [0m4 ||[7;1m [0m| |[7;1m [0m| |[7;1m [0m| |[7;1m [0m| || 4
[32;1m[Board] [0m  -------------------
[32;1m[Board] [0m3 ||[0;1mp[0m|[7;1m [0m|[0;1mp[0m|[7;1m [0m| |[7;1m [0m| |[7;1m [0m|| 3
[32;1m[Board] [0m  -------------------
[32;1m[Board] [0m2 ||[7;1m [0m|[0;1mp[0m|[7;1m [0m|[0;1mp[0m|[0;1mp[0m|[0;1mp[0m|[0;1mp[0m|[0;1mp[0m|| 2
[32;1m[Board] [0m  -------------------
[32;1m[Board] [0m1 ||[0;1mr[0m|[0;1mk[0m|[0;1mb[0m|[0;1mQ[0m|[0;1mK[0m|[0;1mb[0m|[0;1mk[0m|[0;1mr[0m|| 1
[32;1m[Board] [0m  -------------------
[32;1m[Board] [0m    a b c d e f g h
[32;1m[Board] [0m
[32;1m[Referee] [0mThis is the turn of the White player...
championship/caro_kaan_engine-kean-chess-engine/history.csv
c2c3
f7f6
a2a3
c7c6
[32;1m[Game] [0mPlayer's error code: 0
[32;1m[Game] [0mChecking move validity...
[32;1m[Board] [0mInitializing board...
[32;1m[Board] [0mLoading history file `championship/caro_kaan_engine-kean-chess-engine/history.csv`...
[32;1m[Board] [0mLoaded 4 move(s).
[32;1m[Board] [0mLoading move file `championship/caro_kaan_engine-kean-chess-engine/move.csv`...
[32;1m[Board] [0mWhite player is playing b2 to b3.
[32;1m[Board] [0m
[32;1m[Board] [0m    a b c d e f g h 
[32;1m[Board] [0m  -------------------
[32;1m[Board] [0m8 ||[30;1mr[0m|[30;1mk[0m|[30;1mb[0m|[30;1mQ[0m|[30;1mK[0m|[30;1mb[0m|[30;1mk[0m|[30;1mr[0m|| 8
[32;1m[Board] [0m  -------------------
[32;1m[Board] [0m7 ||[30;1mp[0m|[30;1mp[0m| |[30;1mp[0m|[30;1mp[0m|[7;1m [0m|[30;1mp[0m|[30;1mp[0m|| 7
[32;1m[Board] [0m  -------------------
[32;1m[Board] [0m6 ||[7;1m [0m| |[30;1mp[0m| |[7;1m [0m|[30;1mp[0m|[7;1m [0m| || 6
[32;1m[Board] [0m  -------------------
[32;1m[Board] [0m5 || |[7;1m [0m| |[7;1m [0m| |[7;1m [0m| |[7;1m [0m|| 5
[32;1m[Board] [0m  -------------------
[32;1m[Board] [0m4 ||[7;1m [0m| |[7;1m [0m| |[7;1m [0m| |[7;1m [0m| || 4
[32;1m[Board] [0m  -------------------
[32;1m[Board] [0m3 ||[0;1mp[0m|[0;1mp[0m|[0;1mp[0m|[7;1m [0m| |[7;1m [0m| |[7;1m [0m|| 3
[32;1m[Board] [0m  -------------------
[32;1m[Board] [0m2 ||[7;1m [0m| |[7;1m [0m|[0;1mp[0m|[0;1mp[0m|[0;1mp[0m|[0;1mp[0m|[0;1mp[0m|| 2
[32;1m[Board] [0m  -------------------
[32;1m[Board] [0m1 ||[0;1mr[0m|[0;1mk[0m|[0;1mb[0m|[0;1mQ[0m|[0;1mK[0m|[0;1mb[0m|[0;1mk[0m|[0;1mr[0m|| 1
[32;1m[Board] [0m  -------------------
[32;1m[Board] [0m    a b c d e f g h
[32;1m[Board] [0m
[32;1m[Referee] [0mThis is the turn of the Black player...
c2c3
   â”Œâ”€â”€â”€â”¬â”€â”€â”€â”¬â”€â”€â”€â”¬â”€â”€â”€â”¬â”€â”€â”€â”¬â”€â”€â”€â”¬â”€â”€â”€â”¬â”€â”€â”€â”
 8 â”‚ â™– â”‚ â™˜ â”‚ â™— â”‚ â™• â”‚ â™” â”‚ â™— â”‚ â™˜ â”‚ â™– â”‚
   â”œâ”€â”€â”€â”¼â”€â”€â”€â”¼â”€â”€â”€â”¼â”€â”€â”€â”¼â”€â”€â”€â”¼â”€â”€â”€â”¼â”€â”€â”€â”¼â”€â”€â”€â”¤
 7 â”‚ â™™ â”‚ â™™ â”‚ â™™ â”‚ â™™ â”‚ â™™ â”‚ â™™ â”‚ â™™ â”‚ â™™ â”‚
   â”œâ”€â”€â”€â”¼â”€â”€â”€â”¼â”€â”€â”€â”¼â”€â”€â”€â”¼â”€â”€â”€â”¼â”€â”€â”€â”¼â”€â”€â”€â”¼â”€â”€â”€â”¤
 6 â”‚   â”‚   â”‚   â”‚   â”‚   â”‚   â”‚   â”‚   â”‚
   â”œâ”€â”€â”€â”¼â”€â”€â”€â”¼â”€â”€â”€â”¼â”€â”€â”€â”¼â”€â”€â”€â”¼â”€â”€â”€â”¼â”€â”€â”€â”¼â”€â”€â”€â”¤
 5 â”‚   â”‚   â”‚   â”‚   â”‚   â”‚   â”‚   â”‚   â”‚
   â”œâ”€â”€â”€â”¼â”€â”€â”€â”¼â”€â”€â”€â”¼â”€â”€â”€â”¼â”€â”€â”€â”¼â”€â”€â”€â”¼â”€â”€â”€â”¼â”€â”€â”€â”¤
 4 â”‚   â”‚   â”‚   â”‚   â”‚   â”‚   â”‚   â”‚   â”‚
   â”œâ”€â”€â”€â”¼â”€â”€â”€â”¼â”€â”€â”€â”¼â”€â”€â”€â”¼â”€â”€â”€â”¼â”€â”€â”€â”¼â”€â”€â”€â”¼â”€â”€â”€â”¤
 3 â”‚   â”‚   â”‚ â™Ÿ â”‚   â”‚   â”‚   â”‚   â”‚   â”‚
   â”œâ”€â”€â”€â”¼â”€â”€â”€â”¼â”€â”€â”€â”¼â”€â”€â”€â”¼â”€â”€â”€â”¼â”€â”€â”€â”¼â”€â”€â”€â”¼â”€â”€â”€â”¤
 2 â”‚ â™Ÿ â”‚ â™Ÿ â”‚   â”‚ â™Ÿ â”‚ â™Ÿ â”‚ â™Ÿ â”‚ â™Ÿ â”‚ â™Ÿ â”‚
   â”œâ”€â”€â”€â”¼â”€â”€â”€â”¼â”€â”€â”€â”¼â”€â”€â”€â”¼â”€â”€â”€â”¼â”€â”€â”€â”¼â”€â”€â”€â”¼â”€â”€â”€â”¤
 1 â”‚ â™œ â”‚ â™ â”‚ â™ â”‚ â™› â”‚ â™š â”‚ â™ â”‚ â™ â”‚ â™œ â”‚
   â””â”€â”€â”€â”´â”€â”€â”€â”´â”€â”€â”€â”´â”€â”€â”€â”´â”€â”€â”€â”´â”€â”€â”€â”´â”€â”€â”€â”´â”€â”€â”€â”˜
     a   b   c   d   e   f   g   h
f7f6
   â”Œâ”€â”€â”€â”¬â”€â”€â”€â”¬â”€â”€â”€â”¬â”€â”€â”€â”¬â”€â”€â”€â”¬â”€â”€â”€â”¬â”€â”€â”€â”¬â”€â”€â”€â”
 8 â”‚ â™– â”‚ â™˜ â”‚ â™— â”‚ â™• â”‚ â™” â”‚ â™— â”‚ â™˜ â”‚ â™– â”‚
   â”œâ”€â”€â”€â”¼â”€â”€â”€â”¼â”€â”€â”€â”¼â”€â”€â”€â”¼â”€â”€â”€â”¼â”€â”€â”€â”¼â”€â”€â”€â”¼â”€â”€â”€â”¤
 7 â”‚ â™™ â”‚ â™™ â”‚ â™™ â”‚ â™™ â”‚ â™™ â”‚   â”‚ â™™ â”‚ â™™ â”‚
   â”œâ”€â”€â”€â”¼â”€â”€â”€â”¼â”€â”€â”€â”¼â”€â”€â”€â”¼â”€â”€â”€â”¼â”€â”€â”€â”¼â”€â”€â”€â”¼â”€â”€â”€â”¤
 6 â”‚   â”‚   â”‚   â”‚   â”‚   â”‚ â™™ â”‚   â”‚   â”‚
   â”œâ”€â”€â”€â”¼â”€â”€â”€â”¼â”€â”€â”€â”¼â”€â”€â”€â”¼â”€â”€â”€â”¼â”€â”€â”€â”¼â”€â”€â”€â”¼â”€â”€â”€â”¤
 5 â”‚   â”‚   â”‚   â”‚   â”‚   â”‚   â”‚   â”‚   â”‚
   â”œâ”€â”€â”€â”¼â”€â”€â”€â”¼â”€â”€â”€â”¼â”€â”€â”€â”¼â”€â”€â”€â”¼â”€â”€â”€â”¼â”€â”€â”€â”¼â”€â”€â”€â”¤
 4 â”‚   â”‚   â”‚   â”‚   â”‚   â”‚   â”‚   â”‚   â”‚
   â”œâ”€â”€â”€â”¼â”€â”€â”€â”¼â”€â”€â”€â”¼â”€â”€â”€â”¼â”€â”€â”€â”¼â”€â”€â”€â”¼â”€â”€â”€â”¼â”€â”€â”€â”¤
 3 â”‚   â”‚   â”‚ â™Ÿ â”‚   â”‚   â”‚   â”‚   â”‚   â”‚
   â”œâ”€â”€â”€â”¼â”€â”€â”€â”¼â”€â”€â”€â”¼â”€â”€â”€â”¼â”€â”€â”€â”¼â”€â”€â”€â”¼â”€â”€â”€â”¼â”€â”€â”€â”¤
 2 â”‚ â™Ÿ â”‚ â™Ÿ â”‚   â”‚ â™Ÿ â”‚ â™Ÿ â”‚ â™Ÿ â”‚ â™Ÿ â”‚ â™Ÿ â”‚
   â”œâ”€â”€â”€â”¼â”€â”€â”€â”¼â”€â”€â”€â”¼â”€â”€â”€â”¼â”€â”€â”€â”¼â”€â”€â”€â”¼â”€â”€â”€â”¼â”€â”€â”€â”¤
 1 â”‚ â™œ â”‚ â™ â”‚ â™ â”‚ â™› â”‚ â™š â”‚ â™ â”‚ â™ â”‚ â™œ â”‚
   â””â”€â”€â”€â”´â”€â”€â”€â”´â”€â”€â”€â”´â”€â”€â”€â”´â”€â”€â”€â”´â”€â”€â”€â”´â”€â”€â”€â”´â”€â”€â”€â”˜
     a   b   c   d   e   f   g   h
a2a3
   â”Œâ”€â”€â”€â”¬â”€â”€â”€â”¬â”€â”€â”€â”¬â”€â”€â”€â”¬â”€â”€â”€â”¬â”€â”€â”€â”¬â”€â”€â”€â”¬â”€â”€â”€â”
 8 â”‚ â™– â”‚ â™˜ â”‚ â™— â”‚ â™• â”‚ â™” â”‚ â™— â”‚ â™˜ â”‚ â™– â”‚
   â”œâ”€â”€â”€â”¼â”€â”€â”€â”¼â”€â”€â”€â”¼â”€â”€â”€â”¼â”€â”€â”€â”¼â”€â”€â”€â”¼â”€â”€â”€â”¼â”€â”€â”€â”¤
 7 â”‚ â™™ â”‚ â™™ â”‚ â™™ â”‚ â™™ â”‚ â™™ â”‚   â”‚ â™™ â”‚ â™™ â”‚
   â”œâ”€â”€â”€â”¼â”€â”€â”€â”¼â”€â”€â”€â”¼â”€â”€â”€â”¼â”€â”€â”€â”¼â”€â”€â”€â”¼â”€â”€â”€â”¼â”€â”€â”€â”¤
 6 â”‚   â”‚   â”‚   â”‚   â”‚   â”‚ â™™ â”‚   â”‚   â”‚
   â”œâ”€â”€â”€â”¼â”€â”€â”€â”¼â”€â”€â”€â”¼â”€â”€â”€â”¼â”€â”€â”€â”¼â”€â”€â”€â”¼â”€â”€â”€â”¼â”€â”€â”€â”¤
 5 â”‚   â”‚   â”‚   â”‚   â”‚   â”‚   â”‚   â”‚   â”‚
   â”œâ”€â”€â”€â”¼â”€â”€â”€â”¼â”€â”€â”€â”¼â”€â”€â”€â”¼â”€â”€â”€â”¼â”€â”€â”€â”¼â”€â”€â”€â”¼â”€â”€â”€â”¤
 4 â”‚   â”‚   â”‚   â”‚   â”‚   â”‚   â”‚   â”‚   â”‚
   â”œâ”€â”€â”€â”¼â”€â”€â”€â”¼â”€â”€â”€â”¼â”€â”€â”€â”¼â”€â”€â”€â”¼â”€â”€â”€â”¼â”€â”€â”€â”¼â”€â”€â”€â”¤
 3 â”‚ â™Ÿ â”‚   â”‚ â™Ÿ â”‚   â”‚   â”‚   â”‚   â”‚   â”‚
   â”œâ”€â”€â”€â”¼â”€â”€â”€â”¼â”€â”€â”€â”¼â”€â”€â”€â”¼â”€â”€â”€â”¼â”€â”€â”€â”¼â”€â”€â”€â”¼â”€â”€â”€â”¤
 2 â”‚   â”‚ â™Ÿ â”‚   â”‚ â™Ÿ â”‚ â™Ÿ â”‚ â™Ÿ â”‚ â™Ÿ â”‚ â™Ÿ â”‚
   â”œâ”€â”€â”€â”¼â”€â”€â”€â”¼â”€â”€â”€â”¼â”€â”€â”€â”¼â”€â”€â”€â”¼â”€â”€â”€â”¼â”€â”€â”€â”¼â”€â”€â”€â”¤
 1 â”‚ â™œ â”‚ â™ â”‚ â™ â”‚ â™› â”‚ â™š â”‚ â™ â”‚ â™ â”‚ â™œ â”‚
   â””â”€â”€â”€â”´â”€â”€â”€â”´â”€â”€â”€â”´â”€â”€â”€â”´â”€â”€â”€â”´â”€â”€â”€â”´â”€â”€â”€â”´â”€â”€â”€â”˜
     a   b   c   d   e   f   g   h
c7c6
   â”Œâ”€â”€â”€â”¬â”€â”€â”€â”¬â”€â”€â”€â”¬â”€â”€â”€â”¬â”€â”€â”€â”¬â”€â”€â”€â”¬â”€â”€â”€â”¬â”€â”€â”€â”
 8 â”‚ â™– â”‚ â™˜ â”‚ â™— â”‚ â™• â”‚ â™” â”‚ â™— â”‚ â™˜ â”‚ â™– â”‚
   â”œâ”€â”€â”€â”¼â”€â”€â”€â”¼â”€â”€â”€â”¼â”€â”€â”€â”¼â”€â”€â”€â”¼â”€â”€â”€â”¼â”€â”€â”€â”¼â”€â”€â”€â”¤
 7 â”‚ â™™ â”‚ â™™ â”‚   â”‚ â™™ â”‚ â™™ â”‚   â”‚ â™™ â”‚ â™™ â”‚
   â”œâ”€â”€â”€â”¼â”€â”€â”€â”¼â”€â”€â”€â”¼â”€â”€â”€â”¼â”€â”€â”€â”¼â”€â”€â”€â”¼â”€â”€â”€â”¼â”€â”€â”€â”¤
 6 â”‚   â”‚   â”‚ â™™ â”‚   â”‚   â”‚ â™™ â”‚   â”‚   â”‚
   â”œâ”€â”€â”€â”¼â”€â”€â”€â”¼â”€â”€â”€â”¼â”€â”€â”€â”¼â”€â”€â”€â”¼â”€â”€â”€â”¼â”€â”€â”€â”¼â”€â”€â”€â”¤
 5 â”‚   â”‚   â”‚   â”‚   â”‚   â”‚   â”‚   â”‚   â”‚
   â”œâ”€â”€â”€â”¼â”€â”€â”€â”¼â”€â”€â”€â”¼â”€â”€â”€â”¼â”€â”€â”€â”¼â”€â”€â”€â”¼â”€â”€â”€â”¼â”€â”€â”€â”¤
 4 â”‚   â”‚   â”‚   â”‚   â”‚   â”‚   â”‚   â”‚   â”‚
   â”œâ”€â”€â”€â”¼â”€â”€â”€â”¼â”€â”€â”€â”¼â”€â”€â”€â”¼â”€â”€â”€â”¼â”€â”€â”€â”¼â”€â”€â”€â”¼â”€â”€â”€â”¤
 3 â”‚ â™Ÿ â”‚   â”‚ â™Ÿ â”‚   â”‚   â”‚   â”‚   â”‚   â”‚
   â”œâ”€â”€â”€â”¼â”€â”€â”€â”¼â”€â”€â”€â”¼â”€â”€â”€â”¼â”€â”€â”€â”¼â”€â”€â”€â”¼â”€â”€â”€â”¼â”€â”€â”€â”¤
 2 â”‚   â”‚ â™Ÿ â”‚   â”‚ â™Ÿ â”‚ â™Ÿ â”‚ â™Ÿ â”‚ â™Ÿ â”‚ â™Ÿ â”‚
   â”œâ”€â”€â”€â”¼â”€â”€â”€â”¼â”€â”€â”€â”¼â”€â”€â”€â”¼â”€â”€â”€â”¼â”€â”€â”€â”¼â”€â”€â”€â”¼â”€â”€â”€â”¤
 1 â”‚ â™œ â”‚ â™ â”‚ â™ â”‚ â™› â”‚ â™š â”‚ â™ â”‚ â™ â”‚ â™œ â”‚
   â””â”€â”€â”€â”´â”€â”€â”€â”´â”€â”€â”€â”´â”€â”€â”€â”´â”€â”€â”€â”´â”€â”€â”€â”´â”€â”€â”€â”´â”€â”€â”€â”˜
     a   b   c   d   e   f   g   h
b2b3
   â”Œâ”€â”€â”€â”¬â”€â”€â”€â”¬â”€â”€â”€â”¬â”€â”€â”€â”¬â”€â”€â”€â”¬â”€â”€â”€â”¬â”€â”€â”€â”¬â”€â”€â”€â”
 8 â”‚ â™– â”‚ â™˜ â”‚ â™— â”‚ â™• â”‚ â™” â”‚ â™— â”‚ â™˜ â”‚ â™– â”‚
   â”œâ”€â”€â”€â”¼â”€â”€â”€â”¼â”€â”€â”€â”¼â”€â”€â”€â”¼â”€â”€â”€â”¼â”€â”€â”€â”¼â”€â”€â”€â”¼â”€â”€â”€â”¤
 7 â”‚ â™™ â”‚ â™™ â”‚   â”‚ â™™ â”‚ â™™ â”‚   â”‚ â™™ â”‚ â™™ â”‚
   â”œâ”€â”€â”€â”¼â”€â”€â”€â”¼â”€â”€â”€â”¼â”€â”€â”€â”¼â”€â”€â”€â”¼â”€â”€â”€â”¼â”€â”€â”€â”¼â”€â”€â”€â”¤
 6 â”‚   â”‚   â”‚ â™™ â”‚   â”‚   â”‚ â™™ â”‚   â”‚   â”‚
   â”œâ”€â”€â”€â”¼â”€â”€â”€â”¼â”€â”€â”€â”¼â”€â”€â”€â”¼â”€â”€â”€â”¼â”€â”€â”€â”¼â”€â”€â”€â”¼â”€â”€â”€â”¤
 5 â”‚   â”‚   â”‚   â”‚   â”‚   â”‚   â”‚   â”‚   â”‚
   â”œâ”€â”€â”€â”¼â”€â”€â”€â”¼â”€â”€â”€â”¼â”€â”€â”€â”¼â”€â”€â”€â”¼â”€â”€â”€â”¼â”€â”€â”€â”¼â”€â”€â”€â”¤
 4 â”‚   â”‚   â”‚   â”‚   â”‚   â”‚   â”‚   â”‚   â”‚
   â”œâ”€â”€â”€â”¼â”€â”€â”€â”¼â”€â”€â”€â”¼â”€â”€â”€â”¼â”€â”€â”€â”¼â”€â”€â”€â”¼â”€â”€â”€â”¼â”€â”€â”€â”¤
 3 â”‚ â™Ÿ â”‚ â™Ÿ â”‚ â™Ÿ â”‚   â”‚   â”‚   â”‚   â”‚   â”‚
   â”œâ”€â”€â”€â”¼â”€â”€â”€â”¼â”€â”€â”€â”¼â”€â”€â”€â”¼â”€â”€â”€â”¼â”€â”€â”€â”¼â”€â”€â”€â”¼â”€â”€â”€â”¤
 2 â”‚   â”‚   â”‚   â”‚ â™Ÿ â”‚ â™Ÿ â”‚ â™Ÿ â”‚ â™Ÿ â”‚ â™Ÿ â”‚
   â”œâ”€â”€â”€â”¼â”€â”€â”€â”¼â”€â”€â”€â”¼â”€â”€â”€â”¼â”€â”€â”€â”¼â”€â”€â”€â”¼â”€â”€â”€â”¼â”€â”€â”€â”¤
 1 â”‚ â™œ â”‚ â™ â”‚ â™ â”‚ â™› â”‚ â™š â”‚ â™ â”‚ â™ â”‚ â™œ â”‚
   â””â”€â”€â”€â”´â”€â”€â”€â”´â”€â”€â”€â”´â”€â”€â”€â”´â”€â”€â”€â”´â”€â”€â”€â”´â”€â”€â”€â”´â”€â”€â”€â”˜
     a   b   c   d   e   f   g   h
Error: Could not open file: "/data/julien/Pro/git/teaching/x/2024/Resources/openingBook.txt"
Depth: 1 Best move found: g7g5 Evaluation: -241 Nodes searched: 63 (Alpha Beta 3, Quiescence 60)
Depth: 2 Best move found: g7g5 Evaluation: -329 Nodes searched: 101 (Alpha Beta 42, Quiescence 59)
Depth: 3 Best move found: d8b6 Evaluation: -230 Nodes searched: 497 (Alpha Beta 118, Quiescence 379)
Depth: 4 Best move found: d8b6 Evaluation: -339 Nodes searched: 2208 (Alpha Beta 715, Quiescence 1493)
Depth: 5 Best move found: g7g5 Evaluation: -284 Nodes searched: 6198 (Alpha Beta 1751, Quiescence 4447)
Depth: 6 Best move found: d8b6 Evaluation: -319 Nodes searched: 45265 (Alpha Beta 13410, Quiescence 31855)
Time Elapsed: 9902ms
[32;1m[Game] [0mPlayer's error code: 0
[32;1m[Game] [0mChecking move validity...
[32;1m[Board] [0mInitializing board...
[32;1m[Board] [0mLoading history file `championship/caro_kaan_engine-kean-chess-engine/history.csv`...
[32;1m[Board] [0mLoaded 5 move(s).
[32;1m[Board] [0mLoading move file `championship/caro_kaan_engine-kean-chess-engine/move.csv`...
[32;1m[Board] [0mBlack player is playing d8 to b6.
[32;1m[Board] [0m
[32;1m[Board] [0m    a b c d e f g h 
[32;1m[Board] [0m  -------------------
[32;1m[Board] [0m8 ||[30;1mr[0m|[30;1mk[0m|[30;1mb[0m| |[30;1mK[0m|[30;1mb[0m|[30;1mk[0m|[30;1mr[0m|| 8
[32;1m[Board] [0m  -------------------
[32;1m[Board] [0m7 ||[30;1mp[0m|[30;1mp[0m| |[30;1mp[0m|[30;1mp[0m|[7;1m [0m|[30;1mp[0m|[30;1mp[0m|| 7
[32;1m[Board] [0m  -------------------
[32;1m[Board] [0m6 ||[7;1m [0m|[30;1mQ[0m|[30;1mp[0m| |[7;1m [0m|[30;1mp[0m|[7;1m [0m| || 6
[32;1m[Board] [0m  -------------------
[32;1m[Board] [0m5 || |[7;1m [0m| |[7;1m [0m| |[7;1m [0m| |[7;1m [0m|| 5
[32;1m[Board] [0m  -------------------
[32;1m[Board] [0m4 ||[7;1m [0m| |[7;1m [0m| |[7;1m [0m| |[7;1m [0m| || 4
[32;1m[Board] [0m  -------------------
[32;1m[Board] [0m3 ||[0;1mp[0m|[0;1mp[0m|[0;1mp[0m|[7;1m [0m| |[7;1m [0m| |[7;1m [0m|| 3
[32;1m[Board] [0m  -------------------
[32;1m[Board] [0m2 ||[7;1m [0m| |[7;1m [0m|[0;1mp[0m|[0;1mp[0m|[0;1mp[0m|[0;1mp[0m|[0;1mp[0m|| 2
[32;1m[Board] [0m  -------------------
[32;1m[Board] [0m1 ||[0;1mr[0m|[0;1mk[0m|[0;1mb[0m|[0;1mQ[0m|[0;1mK[0m|[0;1mb[0m|[0;1mk[0m|[0;1mr[0m|| 1
[32;1m[Board] [0m  -------------------
[32;1m[Board] [0m    a b c d e f g h
[32;1m[Board] [0m
[32;1m[Referee] [0mThis is the turn of the White player...
championship/caro_kaan_engine-kean-chess-engine/history.csv
c2c3
f7f6
a2a3
c7c6
b2b3
d8b6
[32;1m[Game] [0mPlayer's error code: 11
[32;1m[Game] [0m[31;1m[ERROR][0m The program `/home/julien/Pro/git/teaching/x/2024/caro_kaan_engine/build/caro_kaan_engine' has crashed :(
[32;1m[Game] [0mWhite player has lost on illegal move.
