[32;1m[Board] [0mInitializing board...
[32;1m[Board] [0m
[32;1m[Board] [0m    a b c d e f g h 
[32;1m[Board] [0m  -------------------
[32;1m[Board] [0m8 ||[30;1mr[0m|[30;1mk[0m|[30;1mb[0m|[30;1mQ[0m|[30;1mK[0m|[30;1mb[0m|[30;1mk[0m|[30;1mr[0m|| 8
[32;1m[Board] [0m  -------------------
[32;1m[Board] [0m7 ||[30;1mp[0m|[30;1mp[0m|[30;1mp[0m|[30;1mp[0m|[30;1mp[0m|[30;1mp[0m|[30;1mp[0m|[30;1mp[0m|| 7
[32;1m[Board] [0m  -------------------
[32;1m[Board] [0m6 ||[7;1m [0m| |[7;1m [0m| |[7;1m [0m| |[7;1m [0m| || 6
[32;1m[Board] [0m  -------------------
[32;1m[Board] [0m5 || |[7;1m [0m| |[7;1m [0m| |[7;1m [0m| |[7;1m [0m|| 5
[32;1m[Board] [0m  -------------------
[32;1m[Board] [0m4 ||[7;1m [0m| |[7;1m [0m| |[7;1m [0m| |[7;1m [0m| || 4
[32;1m[Board] [0m  -------------------
[32;1m[Board] [0m3 || |[7;1m [0m| |[7;1m [0m| |[7;1m [0m| |[7;1m [0m|| 3
[32;1m[Board] [0m  -------------------
[32;1m[Board] [0m2 ||[0;1mp[0m|[0;1mp[0m|[0;1mp[0m|[0;1mp[0m|[0;1mp[0m|[0;1mp[0m|[0;1mp[0m|[0;1mp[0m|| 2
[32;1m[Board] [0m  -------------------
[32;1m[Board] [0m1 ||[0;1mr[0m|[0;1mk[0m|[0;1mb[0m|[0;1mQ[0m|[0;1mK[0m|[0;1mb[0m|[0;1mk[0m|[0;1mr[0m|| 1
[32;1m[Board] [0m  -------------------
[32;1m[Board] [0m    a b c d e f g h
[32;1m[Board] [0m
[32;1m[Referee] [0mThis is the turn of the White player...
0 0 0 0 0 0 0 0 
0 0 0 0 0 0 0 0 
- - - - - - - - 
- - - - - - - - 
- - - - - - - - 
- - - - - - - - 
1 1 1 1 1 1 1 1 
1 1 1 1 1 1 1 1 
--------
looking for king 0, 0Rook
0
looking for king 0, 1Knight
0
looking for king 0, 2Bishop
0
looking for king 0, 3Queen
0
looking for king 0, 4King
1
From (0, 1) to (2, 2)
From (0, 1) to (2, 0)
From (0, 6) to (2, 7)
From (0, 6) to (2, 5)
From (1, 0) to (2, 0)
From (1, 0) to (3, 0)
From (1, 1) to (2, 1)
From (1, 1) to (3, 1)
From (1, 2) to (2, 2)
From (1, 2) to (3, 2)
From (1, 3) to (2, 3)
From (1, 3) to (3, 3)
From (1, 4) to (2, 4)
From (1, 4) to (3, 4)
From (1, 5) to (2, 5)
From (1, 5) to (3, 5)
From (1, 6) to (2, 6)
From (1, 6) to (3, 6)
From (1, 7) to (2, 7)
From (1, 7) to (3, 7)
[32;1m[Game] [0mPlayer's error code: 0
[32;1m[Game] [0mChecking move validity...
[32;1m[Board] [0mInitializing board...
[32;1m[Board] [0mLoading history file `championship/check-innit-mate-michelangelo/history.csv`...
[32;1m[Board] [0mLoaded 0 move(s).
[32;1m[Board] [0mLoading move file `championship/check-innit-mate-michelangelo/move.csv`...
[32;1m[Board] [0mWhite player is playing b2 to b4.
[32;1m[Board] [0m
[32;1m[Board] [0m    a b c d e f g h 
[32;1m[Board] [0m  -------------------
[32;1m[Board] [0m8 ||[30;1mr[0m|[30;1mk[0m|[30;1mb[0m|[30;1mQ[0m|[30;1mK[0m|[30;1mb[0m|[30;1mk[0m|[30;1mr[0m|| 8
[32;1m[Board] [0m  -------------------
[32;1m[Board] [0m7 ||[30;1mp[0m|[30;1mp[0m|[30;1mp[0m|[30;1mp[0m|[30;1mp[0m|[30;1mp[0m|[30;1mp[0m|[30;1mp[0m|| 7
[32;1m[Board] [0m  -------------------
[32;1m[Board] [0m6 ||[7;1m [0m| |[7;1m [0m| |[7;1m [0m| |[7;1m [0m| || 6
[32;1m[Board] [0m  -------------------
[32;1m[Board] [0m5 || |[7;1m [0m| |[7;1m [0m| |[7;1m [0m| |[7;1m [0m|| 5
[32;1m[Board] [0m  -------------------
[32;1m[Board] [0m4 ||[7;1m [0m|[0;1mp[0m|[7;1m [0m| |[7;1m [0m| |[7;1m [0m| || 4
[32;1m[Board] [0m  -------------------
[32;1m[Board] [0m3 || |[7;1m [0m| |[7;1m [0m| |[7;1m [0m| |[7;1m [0m|| 3
[32;1m[Board] [0m  -------------------
[32;1m[Board] [0m2 ||[0;1mp[0m| |[0;1mp[0m|[0;1mp[0m|[0;1mp[0m|[0;1mp[0m|[0;1mp[0m|[0;1mp[0m|| 2
[32;1m[Board] [0m  -------------------
[32;1m[Board] [0m1 ||[0;1mr[0m|[0;1mk[0m|[0;1mb[0m|[0;1mQ[0m|[0;1mK[0m|[0;1mb[0m|[0;1mk[0m|[0;1mr[0m|| 1
[32;1m[Board] [0m  -------------------
[32;1m[Board] [0m    a b c d e f g h
[32;1m[Board] [0m
[32;1m[Referee] [0mThis is the turn of the Black player...
e3
e4
Player: White
---------------------------------
| R | N | B | Q | K | B | N | R |  8
---------------------------------
| P | P | P | P | P | P | P | P |  7
---------------------------------
| x | x | x | x | x | x | x | x |  6
---------------------------------
| x | x | x | x | x | x | x | x |  5
---------------------------------
| x | x | x | x | x | x | x | x |  4
---------------------------------
| x | x | x | x | x | x | x | x |  3
---------------------------------
| p | p | p | p | p | p | p | p |  2
---------------------------------
| r | n | b | q | k | b | n | r |  1
---------------------------------
  a   b   c   d   e   f   g   h  
a2a3
a2a4
b2b3
b2b4
c2c3
c2c4
d2d3
d2d4
e2e3
e2e4
f2f3
f2f4
g2g3
g2g4
h2h3
h2h4
b1c3
b1a3
g1h3
g1f3
 
next position is b1a3
Moving b1 to a3...
SUCCESS
Continue or exit ? (q or Q for exit otherwise just enter any letter to continue) [32;1m[Game] [0mPlayer's error code: 31744
[32;1m[Game] [0m[31;1m[ERROR][0m The program `/home/julien/Pro/git/teaching/x/2024/michelangelo/build/michelangelo' has timed out :(
[32;1m[Game] [0mBlack player has lost on illegal move.
