[32;1m[Board] [0mInitializing board...
[32;1m[Board] [0m
[32;1m[Board] [0m    a b c d e f g h 
[32;1m[Board] [0m  -------------------
[32;1m[Board] [0m8 ||[30;1mr[0m|[30;1mk[0m|[30;1mb[0m|[30;1mQ[0m|[30;1mK[0m|[30;1mb[0m|[30;1mk[0m|[30;1mr[0m|| 8
[32;1m[Board] [0m  -------------------
[32;1m[Board] [0m7 ||[30;1mp[0m|[30;1mp[0m|[30;1mp[0m|[30;1mp[0m|[30;1mp[0m|[30;1mp[0m|[30;1mp[0m|[30;1mp[0m|| 7
[32;1m[Board] [0m  -------------------
[32;1m[Board] [0m6 ||[7;1m [0m| |[7;1m [0m| |[7;1m [0m| |[7;1m [0m| || 6
[32;1m[Board] [0m  -------------------
[32;1m[Board] [0m5 || |[7;1m [0m| |[7;1m [0m| |[7;1m [0m| |[7;1m [0m|| 5
[32;1m[Board] [0m  -------------------
[32;1m[Board] [0m4 ||[7;1m [0m| |[7;1m [0m| |[7;1m [0m| |[7;1m [0m| || 4
[32;1m[Board] [0m  -------------------
[32;1m[Board] [0m3 || |[7;1m [0m| |[7;1m [0m| |[7;1m [0m| |[7;1m [0m|| 3
[32;1m[Board] [0m  -------------------
[32;1m[Board] [0m2 ||[0;1mp[0m|[0;1mp[0m|[0;1mp[0m|[0;1mp[0m|[0;1mp[0m|[0;1mp[0m|[0;1mp[0m|[0;1mp[0m|| 2
[32;1m[Board] [0m  -------------------
[32;1m[Board] [0m1 ||[0;1mr[0m|[0;1mk[0m|[0;1mb[0m|[0;1mQ[0m|[0;1mK[0m|[0;1mb[0m|[0;1mk[0m|[0;1mr[0m|| 1
[32;1m[Board] [0m  -------------------
[32;1m[Board] [0m    a b c d e f g h
[32;1m[Board] [0m
[32;1m[Referee] [0mThis is the turn of the White player...
[DEBUG] Input history filename: championship/logic-and-proofs-lizzie-iii/history.csv
[DEBUG] Output move file: championship/logic-and-proofs-lizzie-iii/move.csv
starting search...
searched and found best move in search: 2099508
Total nodes searched: 30863
how i see the board before writing next move: Turn: White
Enpassant: xx	Castling: WK WQ BK BQ 
   ---- ---- ---- ---- ---- ---- ---- ----
8 | r  | n  | b  | q  | k  | b  | n  | r  |
   ---- ---- ---- ---- ---- ---- ---- ----
7 | p  | p  | p  | p  | p  | p  | p  | p  |
   ---- ---- ---- ---- ---- ---- ---- ----
6 |    |    |    |    |    |    |    |    |
   ---- ---- ---- ---- ---- ---- ---- ----
5 |    |    |    |    |    |    |    |    |
   ---- ---- ---- ---- ---- ---- ---- ----
4 |    |    |    |    |    |    |    |    |
   ---- ---- ---- ---- ---- ---- ---- ----
3 |    |    |    |    |    |    |    |    |
   ---- ---- ---- ---- ---- ---- ---- ----
2 | P  | P  | P  | P  | P  | P  | P  | P  |
   ---- ---- ---- ---- ---- ---- ---- ----
1 | R  | N  | B  | Q  | K  | B  | N  | R  |
   ---- ---- ---- ---- ---- ---- ---- ----
    a    b    c    d    e    f    g    h
[DEBUG] [Parser] Wrote to ouput file championship/logic-and-proofs-lizzie-iii/move.csv move : e2e4
[32;1m[Game] [0mPlayer's error code: 0
[32;1m[Game] [0mChecking move validity...
[32;1m[Board] [0mInitializing board...
[32;1m[Board] [0mLoading history file `championship/logic-and-proofs-lizzie-iii/history.csv`...
[32;1m[Board] [0mLoaded 0 move(s).
[32;1m[Board] [0mLoading move file `championship/logic-and-proofs-lizzie-iii/move.csv`...
[32;1m[Board] [0mWhite player is playing e2 to e4.
[32;1m[Board] [0m
[32;1m[Board] [0m    a b c d e f g h 
[32;1m[Board] [0m  -------------------
[32;1m[Board] [0m8 ||[30;1mr[0m|[30;1mk[0m|[30;1mb[0m|[30;1mQ[0m|[30;1mK[0m|[30;1mb[0m|[30;1mk[0m|[30;1mr[0m|| 8
[32;1m[Board] [0m  -------------------
[32;1m[Board] [0m7 ||[30;1mp[0m|[30;1mp[0m|[30;1mp[0m|[30;1mp[0m|[30;1mp[0m|[30;1mp[0m|[30;1mp[0m|[30;1mp[0m|| 7
[32;1m[Board] [0m  -------------------
[32;1m[Board] [0m6 ||[7;1m [0m| |[7;1m [0m| |[7;1m [0m| |[7;1m [0m| || 6
[32;1m[Board] [0m  -------------------
[32;1m[Board] [0m5 || |[7;1m [0m| |[7;1m [0m| |[7;1m [0m| |[7;1m [0m|| 5
[32;1m[Board] [0m  -------------------
[32;1m[Board] [0m4 ||[7;1m [0m| |[7;1m [0m| |[0;1mp[0m| |[7;1m [0m| || 4
[32;1m[Board] [0m  -------------------
[32;1m[Board] [0m3 || |[7;1m [0m| |[7;1m [0m| |[7;1m [0m| |[7;1m [0m|| 3
[32;1m[Board] [0m  -------------------
[32;1m[Board] [0m2 ||[0;1mp[0m|[0;1mp[0m|[0;1mp[0m|[0;1mp[0m|[7;1m [0m|[0;1mp[0m|[0;1mp[0m|[0;1mp[0m|| 2
[32;1m[Board] [0m  -------------------
[32;1m[Board] [0m1 ||[0;1mr[0m|[0;1mk[0m|[0;1mb[0m|[0;1mQ[0m|[0;1mK[0m|[0;1mb[0m|[0;1mk[0m|[0;1mr[0m|| 1
[32;1m[Board] [0m  -------------------
[32;1m[Board] [0m    a b c d e f g h
[32;1m[Board] [0m
[32;1m[Referee] [0mThis is the turn of the Black player...
Input file: championship/logic-and-proofs-lizzie-iii/history.csv
Output file: championship/logic-and-proofs-lizzie-iii/move.csv
Turn of: white
Succesful move
e2e4
We are playing as Black
Move history:
e2e4
8 | [1;31mR[0m [1;31mN[0m [1;31mB[0m [1;31mQ[0m [1;31mK[0m [1;31mB[0m [1;31mN[0m [1;31mR[0m 
7 | [1;31mP[0m [1;31mP[0m [1;31mP[0m [1;31mP[0m [1;31mP[0m [1;31mP[0m [1;31mP[0m [1;31mP[0m 
6 | [1;30m_[0m [1;30m_[0m [1;30m_[0m [1;30m_[0m [1;30m_[0m [1;30m_[0m [1;30m_[0m [1;30m_[0m 
5 | [1;30m_[0m [1;30m_[0m [1;30m_[0m [1;30m_[0m [1;30m_[0m [1;30m_[0m [1;30m_[0m [1;30m_[0m 
4 | [1;30m_[0m [1;30m_[0m [1;30m_[0m [1;30m_[0m [1;32mP[0m [1;30m_[0m [1;30m_[0m [1;30m_[0m 
3 | [1;30m_[0m [1;30m_[0m [1;30m_[0m [1;30m_[0m [1;30m_[0m [1;30m_[0m [1;30m_[0m [1;30m_[0m 
2 | [1;32mP[0m [1;32mP[0m [1;32mP[0m [1;32mP[0m [1;30m_[0m [1;32mP[0m [1;32mP[0m [1;32mP[0m 
1 | [1;32mR[0m [1;32mN[0m [1;32mB[0m [1;32mQ[0m [1;32mK[0m [1;32mB[0m [1;32mN[0m [1;32mR[0m 
-------------------
  | A B C D E F G H 

It is black's turn to play.
Checkmate 0
8 | [1;31mR[0m [1;31mN[0m [1;31mB[0m [1;31mQ[0m [1;31mK[0m [1;31mB[0m [1;31mN[0m [1;31mR[0m 
7 | [1;31mP[0m [1;31mP[0m [1;31mP[0m [1;31mP[0m [1;31mP[0m [1;31mP[0m [1;31mP[0m [1;31mP[0m 
6 | [1;30m_[0m [1;30m_[0m [1;30m_[0m [1;30m_[0m [1;30m_[0m [1;30m_[0m [1;30m_[0m [1;30m_[0m 
5 | [1;30m_[0m [1;30m_[0m [1;30m_[0m [1;30m_[0m [1;30m_[0m [1;30m_[0m [1;30m_[0m [1;30m_[0m 
4 | [1;30m_[0m [1;30m_[0m [1;30m_[0m [1;30m_[0m [1;32mP[0m [1;30m_[0m [1;30m_[0m [1;30m_[0m 
3 | [1;30m_[0m [1;30m_[0m [1;30m_[0m [1;30m_[0m [1;30m_[0m [1;30m_[0m [1;30m_[0m [1;30m_[0m 
2 | [1;32mP[0m [1;32mP[0m [1;32mP[0m [1;32mP[0m [1;30m_[0m [1;32mP[0m [1;32mP[0m [1;32mP[0m 
1 | [1;32mR[0m [1;32mN[0m [1;32mB[0m [1;32mQ[0m [1;32mK[0m [1;32mB[0m [1;32mN[0m [1;32mR[0m 
-------------------
  | A B C D E F G H 

Checkmate 0
Best move: b8c6
Evaluation: -80
[32;1m[Game] [0mPlayer's error code: 0
[32;1m[Game] [0mChecking move validity...
[32;1m[Board] [0mInitializing board...
[32;1m[Board] [0mLoading history file `championship/logic-and-proofs-lizzie-iii/history.csv`...
[32;1m[Board] [0mLoaded 1 move(s).
[32;1m[Board] [0mLoading move file `championship/logic-and-proofs-lizzie-iii/move.csv`...
[32;1m[Board] [0mBlack player is playing b8 to c6.
[32;1m[Board] [0m
[32;1m[Board] [0m    a b c d e f g h 
[32;1m[Board] [0m  -------------------
[32;1m[Board] [0m8 ||[30;1mr[0m| |[30;1mb[0m|[30;1mQ[0m|[30;1mK[0m|[30;1mb[0m|[30;1mk[0m|[30;1mr[0m|| 8
[32;1m[Board] [0m  -------------------
[32;1m[Board] [0m7 ||[30;1mp[0m|[30;1mp[0m|[30;1mp[0m|[30;1mp[0m|[30;1mp[0m|[30;1mp[0m|[30;1mp[0m|[30;1mp[0m|| 7
[32;1m[Board] [0m  -------------------
[32;1m[Board] [0m6 ||[7;1m [0m| |[30;1mk[0m| |[7;1m [0m| |[7;1m [0m| || 6
[32;1m[Board] [0m  -------------------
[32;1m[Board] [0m5 || |[7;1m [0m| |[7;1m [0m| |[7;1m [0m| |[7;1m [0m|| 5
[32;1m[Board] [0m  -------------------
[32;1m[Board] [0m4 ||[7;1m [0m| |[7;1m [0m| |[0;1mp[0m| |[7;1m [0m| || 4
[32;1m[Board] [0m  -------------------
[32;1m[Board] [0m3 || |[7;1m [0m| |[7;1m [0m| |[7;1m [0m| |[7;1m [0m|| 3
[32;1m[Board] [0m  -------------------
[32;1m[Board] [0m2 ||[0;1mp[0m|[0;1mp[0m|[0;1mp[0m|[0;1mp[0m|[7;1m [0m|[0;1mp[0m|[0;1mp[0m|[0;1mp[0m|| 2
[32;1m[Board] [0m  -------------------
[32;1m[Board] [0m1 ||[0;1mr[0m|[0;1mk[0m|[0;1mb[0m|[0;1mQ[0m|[0;1mK[0m|[0;1mb[0m|[0;1mk[0m|[0;1mr[0m|| 1
[32;1m[Board] [0m  -------------------
[32;1m[Board] [0m    a b c d e f g h
[32;1m[Board] [0m
[32;1m[Referee] [0mThis is the turn of the White player...
[DEBUG] Input history filename: championship/logic-and-proofs-lizzie-iii/history.csv
[DEBUG] Output move file: championship/logic-and-proofs-lizzie-iii/move.csv
starting search...
searched and found best move in search: 7038
Total nodes searched: 33539
how i see the board before writing next move: Turn: White
Enpassant: xx	Castling: WK WQ BK BQ 
   ---- ---- ---- ---- ---- ---- ---- ----
8 | r  |    | b  | q  | k  | b  | n  | r  |
   ---- ---- ---- ---- ---- ---- ---- ----
7 | p  | p  | p  | p  | p  | p  | p  | p  |
   ---- ---- ---- ---- ---- ---- ---- ----
6 |    |    | n  |    |    |    |    |    |
   ---- ---- ---- ---- ---- ---- ---- ----
5 |    |    |    |    |    |    |    |    |
   ---- ---- ---- ---- ---- ---- ---- ----
4 |    |    |    |    | P  |    |    |    |
   ---- ---- ---- ---- ---- ---- ---- ----
3 |    |    |    |    |    |    |    |    |
   ---- ---- ---- ---- ---- ---- ---- ----
2 | P  | P  | P  | P  |    | P  | P  | P  |
   ---- ---- ---- ---- ---- ---- ---- ----
1 | R  | N  | B  | Q  | K  | B  | N  | R  |
   ---- ---- ---- ---- ---- ---- ---- ----
    a    b    c    d    e    f    g    h
[DEBUG] [Parser] Wrote to ouput file championship/logic-and-proofs-lizzie-iii/move.csv move : g1f3
[32;1m[Game] [0mPlayer's error code: 0
[32;1m[Game] [0mChecking move validity...
[32;1m[Board] [0mInitializing board...
[32;1m[Board] [0mLoading history file `championship/logic-and-proofs-lizzie-iii/history.csv`...
[32;1m[Board] [0mLoaded 2 move(s).
[32;1m[Board] [0mLoading move file `championship/logic-and-proofs-lizzie-iii/move.csv`...
[32;1m[Board] [0mWhite player is playing g1 to f3.
[32;1m[Board] [0m
[32;1m[Board] [0m    a b c d e f g h 
[32;1m[Board] [0m  -------------------
[32;1m[Board] [0m8 ||[30;1mr[0m| |[30;1mb[0m|[30;1mQ[0m|[30;1mK[0m|[30;1mb[0m|[30;1mk[0m|[30;1mr[0m|| 8
[32;1m[Board] [0m  -------------------
[32;1m[Board] [0m7 ||[30;1mp[0m|[30;1mp[0m|[30;1mp[0m|[30;1mp[0m|[30;1mp[0m|[30;1mp[0m|[30;1mp[0m|[30;1mp[0m|| 7
[32;1m[Board] [0m  -------------------
[32;1m[Board] [0m6 ||[7;1m [0m| |[30;1mk[0m| |[7;1m [0m| |[7;1m [0m| || 6
[32;1m[Board] [0m  -------------------
[32;1m[Board] [0m5 || |[7;1m [0m| |[7;1m [0m| |[7;1m [0m| |[7;1m [0m|| 5
[32;1m[Board] [0m  -------------------
[32;1m[Board] [0m4 ||[7;1m [0m| |[7;1m [0m| |[0;1mp[0m| |[7;1m [0m| || 4
[32;1m[Board] [0m  -------------------
[32;1m[Board] [0m3 || |[7;1m [0m| |[7;1m [0m| |[0;1mk[0m| |[7;1m [0m|| 3
[32;1m[Board] [0m  -------------------
[32;1m[Board] [0m2 ||[0;1mp[0m|[0;1mp[0m|[0;1mp[0m|[0;1mp[0m|[7;1m [0m|[0;1mp[0m|[0;1mp[0m|[0;1mp[0m|| 2
[32;1m[Board] [0m  -------------------
[32;1m[Board] [0m1 ||[0;1mr[0m|[0;1mk[0m|[0;1mb[0m|[0;1mQ[0m|[0;1mK[0m|[0;1mb[0m| |[0;1mr[0m|| 1
[32;1m[Board] [0m  -------------------
[32;1m[Board] [0m    a b c d e f g h
[32;1m[Board] [0m
[32;1m[Referee] [0mThis is the turn of the Black player...
Input file: championship/logic-and-proofs-lizzie-iii/history.csv
Output file: championship/logic-and-proofs-lizzie-iii/move.csv
Turn of: white
Succesful move
e2e4
Turn of: black
Succesful move
b8c6
Turn of: white
Succesful move
g1f3
We are playing as Black
Move history:
e2e4
b8c6
g1f3
8 | [1;31mR[0m [1;30m_[0m [1;31mB[0m [1;31mQ[0m [1;31mK[0m [1;31mB[0m [1;31mN[0m [1;31mR[0m 
7 | [1;31mP[0m [1;31mP[0m [1;31mP[0m [1;31mP[0m [1;31mP[0m [1;31mP[0m [1;31mP[0m [1;31mP[0m 
6 | [1;30m_[0m [1;30m_[0m [1;31mN[0m [1;30m_[0m [1;30m_[0m [1;30m_[0m [1;30m_[0m [1;30m_[0m 
5 | [1;30m_[0m [1;30m_[0m [1;30m_[0m [1;30m_[0m [1;30m_[0m [1;30m_[0m [1;30m_[0m [1;30m_[0m 
4 | [1;30m_[0m [1;30m_[0m [1;30m_[0m [1;30m_[0m [1;32mP[0m [1;30m_[0m [1;30m_[0m [1;30m_[0m 
3 | [1;30m_[0m [1;30m_[0m [1;30m_[0m [1;30m_[0m [1;30m_[0m [1;32mN[0m [1;30m_[0m [1;30m_[0m 
2 | [1;32mP[0m [1;32mP[0m [1;32mP[0m [1;32mP[0m [1;30m_[0m [1;32mP[0m [1;32mP[0m [1;32mP[0m 
1 | [1;32mR[0m [1;32mN[0m [1;32mB[0m [1;32mQ[0m [1;32mK[0m [1;32mB[0m [1;30m_[0m [1;32mR[0m 
-------------------
  | A B C D E F G H 

It is black's turn to play.
Checkmate 0
8 | [1;31mR[0m [1;30m_[0m [1;31mB[0m [1;31mQ[0m [1;31mK[0m [1;31mB[0m [1;31mN[0m [1;31mR[0m 
7 | [1;31mP[0m [1;31mP[0m [1;31mP[0m [1;31mP[0m [1;31mP[0m [1;31mP[0m [1;31mP[0m [1;31mP[0m 
6 | [1;30m_[0m [1;30m_[0m [1;31mN[0m [1;30m_[0m [1;30m_[0m [1;30m_[0m [1;30m_[0m [1;30m_[0m 
5 | [1;30m_[0m [1;30m_[0m [1;30m_[0m [1;30m_[0m [1;30m_[0m [1;30m_[0m [1;30m_[0m [1;30m_[0m 
4 | [1;30m_[0m [1;30m_[0m [1;30m_[0m [1;30m_[0m [1;32mP[0m [1;30m_[0m [1;30m_[0m [1;30m_[0m 
3 | [1;30m_[0m [1;30m_[0m [1;30m_[0m [1;30m_[0m [1;30m_[0m [1;32mN[0m [1;30m_[0m [1;30m_[0m 
2 | [1;32mP[0m [1;32mP[0m [1;32mP[0m [1;32mP[0m [1;30m_[0m [1;32mP[0m [1;32mP[0m [1;32mP[0m 
1 | [1;32mR[0m [1;32mN[0m [1;32mB[0m [1;32mQ[0m [1;32mK[0m [1;32mB[0m [1;30m_[0m [1;32mR[0m 
-------------------
  | A B C D E F G H 

Checkmate 0
Best move: g8f6
Evaluation: -115
[32;1m[Game] [0mPlayer's error code: 0
[32;1m[Game] [0mChecking move validity...
[32;1m[Board] [0mInitializing board...
[32;1m[Board] [0mLoading history file `championship/logic-and-proofs-lizzie-iii/history.csv`...
[32;1m[Board] [0mLoaded 3 move(s).
[32;1m[Board] [0mLoading move file `championship/logic-and-proofs-lizzie-iii/move.csv`...
[32;1m[Board] [0mBlack player is playing g8 to f6.
[32;1m[Board] [0m
[32;1m[Board] [0m    a b c d e f g h 
[32;1m[Board] [0m  -------------------
[32;1m[Board] [0m8 ||[30;1mr[0m| |[30;1mb[0m|[30;1mQ[0m|[30;1mK[0m|[30;1mb[0m|[7;1m [0m|[30;1mr[0m|| 8
[32;1m[Board] [0m  -------------------
[32;1m[Board] [0m7 ||[30;1mp[0m|[30;1mp[0m|[30;1mp[0m|[30;1mp[0m|[30;1mp[0m|[30;1mp[0m|[30;1mp[0m|[30;1mp[0m|| 7
[32;1m[Board] [0m  -------------------
[32;1m[Board] [0m6 ||[7;1m [0m| |[30;1mk[0m| |[7;1m [0m|[30;1mk[0m|[7;1m [0m| || 6
[32;1m[Board] [0m  -------------------
[32;1m[Board] [0m5 || |[7;1m [0m| |[7;1m [0m| |[7;1m [0m| |[7;1m [0m|| 5
[32;1m[Board] [0m  -------------------
[32;1m[Board] [0m4 ||[7;1m [0m| |[7;1m [0m| |[0;1mp[0m| |[7;1m [0m| || 4
[32;1m[Board] [0m  -------------------
[32;1m[Board] [0m3 || |[7;1m [0m| |[7;1m [0m| |[0;1mk[0m| |[7;1m [0m|| 3
[32;1m[Board] [0m  -------------------
[32;1m[Board] [0m2 ||[0;1mp[0m|[0;1mp[0m|[0;1mp[0m|[0;1mp[0m|[7;1m [0m|[0;1mp[0m|[0;1mp[0m|[0;1mp[0m|| 2
[32;1m[Board] [0m  -------------------
[32;1m[Board] [0m1 ||[0;1mr[0m|[0;1mk[0m|[0;1mb[0m|[0;1mQ[0m|[0;1mK[0m|[0;1mb[0m| |[0;1mr[0m|| 1
[32;1m[Board] [0m  -------------------
[32;1m[Board] [0m    a b c d e f g h
[32;1m[Board] [0m
[32;1m[Referee] [0mThis is the turn of the White player...
[DEBUG] Input history filename: championship/logic-and-proofs-lizzie-iii/history.csv
[DEBUG] Output move file: championship/logic-and-proofs-lizzie-iii/move.csv
starting search...
searched and found best move in search: 6841
Total nodes searched: 17407
how i see the board before writing next move: Turn: White
Enpassant: xx	Castling: WK WQ BK BQ 
   ---- ---- ---- ---- ---- ---- ---- ----
8 | r  |    | b  | q  | k  | b  |    | r  |
   ---- ---- ---- ---- ---- ---- ---- ----
7 | p  | p  | p  | p  | p  | p  | p  | p  |
   ---- ---- ---- ---- ---- ---- ---- ----
6 |    |    | n  |    |    | n  |    |    |
   ---- ---- ---- ---- ---- ---- ---- ----
5 |    |    |    |    |    |    |    |    |
   ---- ---- ---- ---- ---- ---- ---- ----
4 |    |    |    |    | P  |    |    |    |
   ---- ---- ---- ---- ---- ---- ---- ----
3 |    |    |    |    |    | N  |    |    |
   ---- ---- ---- ---- ---- ---- ---- ----
2 | P  | P  | P  | P  |    | P  | P  | P  |
   ---- ---- ---- ---- ---- ---- ---- ----
1 | R  | N  | B  | Q  | K  | B  |    | R  |
   ---- ---- ---- ---- ---- ---- ---- ----
    a    b    c    d    e    f    g    h
[DEBUG] [Parser] Wrote to ouput file championship/logic-and-proofs-lizzie-iii/move.csv move : b1c3
[32;1m[Game] [0mPlayer's error code: 0
[32;1m[Game] [0mChecking move validity...
[32;1m[Board] [0mInitializing board...
[32;1m[Board] [0mLoading history file `championship/logic-and-proofs-lizzie-iii/history.csv`...
[32;1m[Board] [0mLoaded 4 move(s).
[32;1m[Board] [0mLoading move file `championship/logic-and-proofs-lizzie-iii/move.csv`...
[32;1m[Board] [0mWhite player is playing b1 to c3.
[32;1m[Board] [0m
[32;1m[Board] [0m    a b c d e f g h 
[32;1m[Board] [0m  -------------------
[32;1m[Board] [0m8 ||[30;1mr[0m| |[30;1mb[0m|[30;1mQ[0m|[30;1mK[0m|[30;1mb[0m|[7;1m [0m|[30;1mr[0m|| 8
[32;1m[Board] [0m  -------------------
[32;1m[Board] [0m7 ||[30;1mp[0m|[30;1mp[0m|[30;1mp[0m|[30;1mp[0m|[30;1mp[0m|[30;1mp[0m|[30;1mp[0m|[30;1mp[0m|| 7
[32;1m[Board] [0m  -------------------
[32;1m[Board] [0m6 ||[7;1m [0m| |[30;1mk[0m| |[7;1m [0m|[30;1mk[0m|[7;1m [0m| || 6
[32;1m[Board] [0m  -------------------
[32;1m[Board] [0m5 || |[7;1m [0m| |[7;1m [0m| |[7;1m [0m| |[7;1m [0m|| 5
[32;1m[Board] [0m  -------------------
[32;1m[Board] [0m4 ||[7;1m [0m| |[7;1m [0m| |[0;1mp[0m| |[7;1m [0m| || 4
[32;1m[Board] [0m  -------------------
[32;1m[Board] [0m3 || |[7;1m [0m|[0;1mk[0m|[7;1m [0m| |[0;1mk[0m| |[7;1m [0m|| 3
[32;1m[Board] [0m  -------------------
[32;1m[Board] [0m2 ||[0;1mp[0m|[0;1mp[0m|[0;1mp[0m|[0;1mp[0m|[7;1m [0m|[0;1mp[0m|[0;1mp[0m|[0;1mp[0m|| 2
[32;1m[Board] [0m  -------------------
[32;1m[Board] [0m1 ||[0;1mr[0m|[7;1m [0m|[0;1mb[0m|[0;1mQ[0m|[0;1mK[0m|[0;1mb[0m| |[0;1mr[0m|| 1
[32;1m[Board] [0m  -------------------
[32;1m[Board] [0m    a b c d e f g h
[32;1m[Board] [0m
[32;1m[Referee] [0mThis is the turn of the Black player...
Input file: championship/logic-and-proofs-lizzie-iii/history.csv
Output file: championship/logic-and-proofs-lizzie-iii/move.csv
Turn of: white
Succesful move
e2e4
Turn of: black
Succesful move
b8c6
Turn of: white
Succesful move
g1f3
Turn of: black
Succesful move
g8f6
Turn of: white
Succesful move
b1c3
We are playing as Black
Move history:
e2e4
b8c6
g1f3
g8f6
b1c3
8 | [1;31mR[0m [1;30m_[0m [1;31mB[0m [1;31mQ[0m [1;31mK[0m [1;31mB[0m [1;30m_[0m [1;31mR[0m 
7 | [1;31mP[0m [1;31mP[0m [1;31mP[0m [1;31mP[0m [1;31mP[0m [1;31mP[0m [1;31mP[0m [1;31mP[0m 
6 | [1;30m_[0m [1;30m_[0m [1;31mN[0m [1;30m_[0m [1;30m_[0m [1;31mN[0m [1;30m_[0m [1;30m_[0m 
5 | [1;30m_[0m [1;30m_[0m [1;30m_[0m [1;30m_[0m [1;30m_[0m [1;30m_[0m [1;30m_[0m [1;30m_[0m 
4 | [1;30m_[0m [1;30m_[0m [1;30m_[0m [1;30m_[0m [1;32mP[0m [1;30m_[0m [1;30m_[0m [1;30m_[0m 
3 | [1;30m_[0m [1;30m_[0m [1;32mN[0m [1;30m_[0m [1;30m_[0m [1;32mN[0m [1;30m_[0m [1;30m_[0m 
2 | [1;32mP[0m [1;32mP[0m [1;32mP[0m [1;32mP[0m [1;30m_[0m [1;32mP[0m [1;32mP[0m [1;32mP[0m 
1 | [1;32mR[0m [1;30m_[0m [1;32mB[0m [1;32mQ[0m [1;32mK[0m [1;32mB[0m [1;30m_[0m [1;32mR[0m 
-------------------
  | A B C D E F G H 

It is black's turn to play.
Checkmate 0
8 | [1;31mR[0m [1;30m_[0m [1;31mB[0m [1;31mQ[0m [1;31mK[0m [1;31mB[0m [1;30m_[0m [1;31mR[0m 
7 | [1;31mP[0m [1;31mP[0m [1;31mP[0m [1;31mP[0m [1;31mP[0m [1;31mP[0m [1;31mP[0m [1;31mP[0m 
6 | [1;30m_[0m [1;30m_[0m [1;31mN[0m [1;30m_[0m [1;30m_[0m [1;31mN[0m [1;30m_[0m [1;30m_[0m 
5 | [1;30m_[0m [1;30m_[0m [1;30m_[0m [1;30m_[0m [1;30m_[0m [1;30m_[0m [1;30m_[0m [1;30m_[0m 
4 | [1;30m_[0m [1;30m_[0m [1;30m_[0m [1;30m_[0m [1;32mP[0m [1;30m_[0m [1;30m_[0m [1;30m_[0m 
3 | [1;30m_[0m [1;30m_[0m [1;32mN[0m [1;30m_[0m [1;30m_[0m [1;32mN[0m [1;30m_[0m [1;30m_[0m 
2 | [1;32mP[0m [1;32mP[0m [1;32mP[0m [1;32mP[0m [1;30m_[0m [1;32mP[0m [1;32mP[0m [1;32mP[0m 
1 | [1;32mR[0m [1;30m_[0m [1;32mB[0m [1;32mQ[0m [1;32mK[0m [1;32mB[0m [1;30m_[0m [1;32mR[0m 
-------------------
  | A B C D E F G H 

Checkmate 0
[32;1m[Game] [0mPlayer's error code: 31744
[32;1m[Game] [0m[31;1m[ERROR][0m The program `/home/julien/Pro/git/teaching/x/2024/lizzie-III/build/lizzie_III' has timed out :(
[32;1m[Game] [0mBlack player has lost on illegal move.
