[32;1m[Board] [0mInitializing board...
[32;1m[Board] [0m
[32;1m[Board] [0m    a b c d e f g h 
[32;1m[Board] [0m  -------------------
[32;1m[Board] [0m8 ||[30;1mr[0m|[30;1mk[0m|[30;1mb[0m|[30;1mQ[0m|[30;1mK[0m|[30;1mb[0m|[30;1mk[0m|[30;1mr[0m|| 8
[32;1m[Board] [0m  -------------------
[32;1m[Board] [0m7 ||[30;1mp[0m|[30;1mp[0m|[30;1mp[0m|[30;1mp[0m|[30;1mp[0m|[30;1mp[0m|[30;1mp[0m|[30;1mp[0m|| 7
[32;1m[Board] [0m  -------------------
[32;1m[Board] [0m6 ||[7;1m [0m| |[7;1m [0m| |[7;1m [0m| |[7;1m [0m| || 6
[32;1m[Board] [0m  -------------------
[32;1m[Board] [0m5 || |[7;1m [0m| |[7;1m [0m| |[7;1m [0m| |[7;1m [0m|| 5
[32;1m[Board] [0m  -------------------
[32;1m[Board] [0m4 ||[7;1m [0m| |[7;1m [0m| |[7;1m [0m| |[7;1m [0m| || 4
[32;1m[Board] [0m  -------------------
[32;1m[Board] [0m3 || |[7;1m [0m| |[7;1m [0m| |[7;1m [0m| |[7;1m [0m|| 3
[32;1m[Board] [0m  -------------------
[32;1m[Board] [0m2 ||[0;1mp[0m|[0;1mp[0m|[0;1mp[0m|[0;1mp[0m|[0;1mp[0m|[0;1mp[0m|[0;1mp[0m|[0;1mp[0m|| 2
[32;1m[Board] [0m  -------------------
[32;1m[Board] [0m1 ||[0;1mr[0m|[0;1mk[0m|[0;1mb[0m|[0;1mQ[0m|[0;1mK[0m|[0;1mb[0m|[0;1mk[0m|[0;1mr[0m|| 1
[32;1m[Board] [0m  -------------------
[32;1m[Board] [0m    a b c d e f g h
[32;1m[Board] [0m
[32;1m[Referee] [0mThis is the turn of the White player...
Error: /data/julien/Pro/git/teaching/x/2024/remmato-iii/build/bin/../resources/openings does not exist or is not a directory
[32;1m[Game] [0mPlayer's error code: 0
[32;1m[Game] [0mChecking move validity...
[32;1m[Board] [0mInitializing board...
[32;1m[Board] [0mLoading history file `championship/remmato-iii-awesome-chess-ai/history.csv`...
[32;1m[Board] [0mLoaded 0 move(s).
[32;1m[Board] [0mLoading move file `championship/remmato-iii-awesome-chess-ai/move.csv`...
[32;1m[Board] [0mWhite player is playing e2 to e4.
[32;1m[Board] [0m
[32;1m[Board] [0m    a b c d e f g h 
[32;1m[Board] [0m  -------------------
[32;1m[Board] [0m8 ||[30;1mr[0m|[30;1mk[0m|[30;1mb[0m|[30;1mQ[0m|[30;1mK[0m|[30;1mb[0m|[30;1mk[0m|[30;1mr[0m|| 8
[32;1m[Board] [0m  -------------------
[32;1m[Board] [0m7 ||[30;1mp[0m|[30;1mp[0m|[30;1mp[0m|[30;1mp[0m|[30;1mp[0m|[30;1mp[0m|[30;1mp[0m|[30;1mp[0m|| 7
[32;1m[Board] [0m  -------------------
[32;1m[Board] [0m6 ||[7;1m [0m| |[7;1m [0m| |[7;1m [0m| |[7;1m [0m| || 6
[32;1m[Board] [0m  -------------------
[32;1m[Board] [0m5 || |[7;1m [0m| |[7;1m [0m| |[7;1m [0m| |[7;1m [0m|| 5
[32;1m[Board] [0m  -------------------
[32;1m[Board] [0m4 ||[7;1m [0m| |[7;1m [0m| |[0;1mp[0m| |[7;1m [0m| || 4
[32;1m[Board] [0m  -------------------
[32;1m[Board] [0m3 || |[7;1m [0m| |[7;1m [0m| |[7;1m [0m| |[7;1m [0m|| 3
[32;1m[Board] [0m  -------------------
[32;1m[Board] [0m2 ||[0;1mp[0m|[0;1mp[0m|[0;1mp[0m|[0;1mp[0m|[7;1m [0m|[0;1mp[0m|[0;1mp[0m|[0;1mp[0m|| 2
[32;1m[Board] [0m  -------------------
[32;1m[Board] [0m1 ||[0;1mr[0m|[0;1mk[0m|[0;1mb[0m|[0;1mQ[0m|[0;1mK[0m|[0;1mb[0m|[0;1mk[0m|[0;1mr[0m|| 1
[32;1m[Board] [0m  -------------------
[32;1m[Board] [0m    a b c d e f g h
[32;1m[Board] [0m
[32;1m[Referee] [0mThis is the turn of the Black player...
  a b c d e f g h 
8 [47;31mrb[0m[40;31mnb[0m[47;31mbb[0m[40;31mqb[0m[47;31mkb[0m[40;31mbb[0m[47;31mnb[0m[40;31mrb[0m 8
7 [40;31mpb[0m[47;31mpb[0m[40;31mpb[0m[47;31mpb[0m[40;31mpb[0m[47;31mpb[0m[40;31mpb[0m[47;31mpb[0m 7
6 [47;31m  [0m[40;31m  [0m[47;31m  [0m[40;31m  [0m[47;31m  [0m[40;31m  [0m[47;31m  [0m[40;31m  [0m 6
5 [40;31m  [0m[47;31m  [0m[40;31m  [0m[47;31m  [0m[40;31m  [0m[47;31m  [0m[40;31m  [0m[47;31m  [0m 5
4 [47;31m  [0m[40;31m  [0m[47;31m  [0m[40;31m  [0m[47;31mpw[0m[40;31m  [0m[47;31m  [0m[40;31m  [0m 4
3 [40;31m  [0m[47;31m  [0m[40;31m  [0m[47;31m  [0m[40;31m  [0m[47;31m  [0m[40;31m  [0m[47;31m  [0m 3
2 [47;31mpw[0m[40;31mpw[0m[47;31mpw[0m[40;31mpw[0m[47;31m  [0m[40;31mpw[0m[47;31mpw[0m[40;31mpw[0m 2
1 [40;31mrw[0m[47;31mnw[0m[40;31mbw[0m[47;31mqw[0m[40;31mkw[0m[47;31mbw[0m[40;31mnw[0m[47;31mrw[0m 1
  a b c d e f g h 
3375366305
a7 -> a6 legal
a7 -> a5 legal
b7 -> b6 legal
b7 -> b5 legal
c7 -> c6 legal
c7 -> c5 legal
d7 -> d6 legal
d7 -> d5 legal
e7 -> e6 legal
e7 -> e5 legal
f7 -> f6 legal
f7 -> f5 legal
g7 -> g6 legal
g7 -> g5 legal
h7 -> h6 legal
h7 -> h5 legal
b8 -> c6 legal
b8 -> a6 legal
g8 -> h6 legal
g8 -> f6 legal
  a b c d e f g h 
8 [47;31mrb[0m[40;31mnb[0m[47;31mbb[0m[40;31mqb[0m[47;31mkb[0m[40;31mbb[0m[47;31mnb[0m[40;31mrb[0m 8
7 [40;31mpb[0m[47;31mpb[0m[40;31mpb[0m[47;31mpb[0m[40;31mpb[0m[47;31mpb[0m[40;31mpb[0m[47;31mpb[0m 7
6 [47;31m  [0m[40;31m  [0m[47;31m  [0m[40;31m  [0m[47;31m  [0m[40;31m  [0m[47;31m  [0m[40;31m  [0m 6
5 [40;31m  [0m[47;31m  [0m[40;31m  [0m[47;31m  [0m[40;31m  [0m[47;31m  [0m[40;31m  [0m[47;31m  [0m 5
4 [47;31m  [0m[40;31m  [0m[47;31m  [0m[40;31m  [0m[47;31mpw[0m[40;31m  [0m[47;31m  [0m[40;31m  [0m 4
3 [40;31m  [0m[47;31m  [0m[40;31m  [0m[47;31m  [0m[40;31m  [0m[47;31m  [0m[40;31m  [0m[47;31m  [0m 3
2 [47;31mpw[0m[40;31mpw[0m[47;31mpw[0m[40;31mpw[0m[47;31m  [0m[40;31mpw[0m[47;31mpw[0m[40;31mpw[0m 2
1 [40;31mrw[0m[47;31mnw[0m[40;31mbw[0m[47;31mqw[0m[40;31mkw[0m[47;31mbw[0m[40;31mnw[0m[47;31mrw[0m 1
  a b c d e f g h 
3375366305
b8 -> a6   0
b8a6
[32;1m[Game] [0mPlayer's error code: 0
[32;1m[Game] [0mChecking move validity...
[32;1m[Board] [0mInitializing board...
[32;1m[Board] [0mLoading history file `championship/remmato-iii-awesome-chess-ai/history.csv`...
[32;1m[Board] [0mLoaded 1 move(s).
[32;1m[Board] [0mLoading move file `championship/remmato-iii-awesome-chess-ai/move.csv`...
[32;1m[Board] [0mBlack player is playing b8 to a6.
[32;1m[Board] [0m
[32;1m[Board] [0m    a b c d e f g h 
[32;1m[Board] [0m  -------------------
[32;1m[Board] [0m8 ||[30;1mr[0m| |[30;1mb[0m|[30;1mQ[0m|[30;1mK[0m|[30;1mb[0m|[30;1mk[0m|[30;1mr[0m|| 8
[32;1m[Board] [0m  -------------------
[32;1m[Board] [0m7 ||[30;1mp[0m|[30;1mp[0m|[30;1mp[0m|[30;1mp[0m|[30;1mp[0m|[30;1mp[0m|[30;1mp[0m|[30;1mp[0m|| 7
[32;1m[Board] [0m  -------------------
[32;1m[Board] [0m6 ||[30;1mk[0m| |[7;1m [0m| |[7;1m [0m| |[7;1m [0m| || 6
[32;1m[Board] [0m  -------------------
[32;1m[Board] [0m5 || |[7;1m [0m| |[7;1m [0m| |[7;1m [0m| |[7;1m [0m|| 5
[32;1m[Board] [0m  -------------------
[32;1m[Board] [0m4 ||[7;1m [0m| |[7;1m [0m| |[0;1mp[0m| |[7;1m [0m| || 4
[32;1m[Board] [0m  -------------------
[32;1m[Board] [0m3 || |[7;1m [0m| |[7;1m [0m| |[7;1m [0m| |[7;1m [0m|| 3
[32;1m[Board] [0m  -------------------
[32;1m[Board] [0m2 ||[0;1mp[0m|[0;1mp[0m|[0;1mp[0m|[0;1mp[0m|[7;1m [0m|[0;1mp[0m|[0;1mp[0m|[0;1mp[0m|| 2
[32;1m[Board] [0m  -------------------
[32;1m[Board] [0m1 ||[0;1mr[0m|[0;1mk[0m|[0;1mb[0m|[0;1mQ[0m|[0;1mK[0m|[0;1mb[0m|[0;1mk[0m|[0;1mr[0m|| 1
[32;1m[Board] [0m  -------------------
[32;1m[Board] [0m    a b c d e f g h
[32;1m[Board] [0m
[32;1m[Referee] [0mThis is the turn of the White player...
Error: /data/julien/Pro/git/teaching/x/2024/remmato-iii/build/bin/../resources/openings does not exist or is not a directory
[32;1m[Game] [0mPlayer's error code: 0
[32;1m[Game] [0mChecking move validity...
[32;1m[Board] [0mInitializing board...
[32;1m[Board] [0mLoading history file `championship/remmato-iii-awesome-chess-ai/history.csv`...
[32;1m[Board] [0mLoaded 2 move(s).
[32;1m[Board] [0mLoading move file `championship/remmato-iii-awesome-chess-ai/move.csv`...
[32;1m[Board] [0mWhite player is playing e4 to e5.
[32;1m[Board] [0m
[32;1m[Board] [0m    a b c d e f g h 
[32;1m[Board] [0m  -------------------
[32;1m[Board] [0m8 ||[30;1mr[0m| |[30;1mb[0m|[30;1mQ[0m|[30;1mK[0m|[30;1mb[0m|[30;1mk[0m|[30;1mr[0m|| 8
[32;1m[Board] [0m  -------------------
[32;1m[Board] [0m7 ||[30;1mp[0m|[30;1mp[0m|[30;1mp[0m|[30;1mp[0m|[30;1mp[0m|[30;1mp[0m|[30;1mp[0m|[30;1mp[0m|| 7
[32;1m[Board] [0m  -------------------
[32;1m[Board] [0m6 ||[30;1mk[0m| |[7;1m [0m| |[7;1m [0m| |[7;1m [0m| || 6
[32;1m[Board] [0m  -------------------
[32;1m[Board] [0m5 || |[7;1m [0m| |[7;1m [0m|[0;1mp[0m|[7;1m [0m| |[7;1m [0m|| 5
[32;1m[Board] [0m  -------------------
[32;1m[Board] [0m4 ||[7;1m [0m| |[7;1m [0m| |[7;1m [0m| |[7;1m [0m| || 4
[32;1m[Board] [0m  -------------------
[32;1m[Board] [0m3 || |[7;1m [0m| |[7;1m [0m| |[7;1m [0m| |[7;1m [0m|| 3
[32;1m[Board] [0m  -------------------
[32;1m[Board] [0m2 ||[0;1mp[0m|[0;1mp[0m|[0;1mp[0m|[0;1mp[0m|[7;1m [0m|[0;1mp[0m|[0;1mp[0m|[0;1mp[0m|| 2
[32;1m[Board] [0m  -------------------
[32;1m[Board] [0m1 ||[0;1mr[0m|[0;1mk[0m|[0;1mb[0m|[0;1mQ[0m|[0;1mK[0m|[0;1mb[0m|[0;1mk[0m|[0;1mr[0m|| 1
[32;1m[Board] [0m  -------------------
[32;1m[Board] [0m    a b c d e f g h
[32;1m[Board] [0m
[32;1m[Referee] [0mThis is the turn of the Black player...
  a b c d e f g h 
8 [47;31mrb[0m[40;31m  [0m[47;31mbb[0m[40;31mqb[0m[47;31mkb[0m[40;31mbb[0m[47;31mnb[0m[40;31mrb[0m 8
7 [40;31mpb[0m[47;31mpb[0m[40;31mpb[0m[47;31mpb[0m[40;31mpb[0m[47;31mpb[0m[40;31mpb[0m[47;31mpb[0m 7
6 [47;31mnb[0m[40;31m  [0m[47;31m  [0m[40;31m  [0m[47;31m  [0m[40;31m  [0m[47;31m  [0m[40;31m  [0m 6
5 [40;31m  [0m[47;31m  [0m[40;31m  [0m[47;31m  [0m[40;31mpw[0m[47;31m  [0m[40;31m  [0m[47;31m  [0m 5
4 [47;31m  [0m[40;31m  [0m[47;31m  [0m[40;31m  [0m[47;31m  [0m[40;31m  [0m[47;31m  [0m[40;31m  [0m 4
3 [40;31m  [0m[47;31m  [0m[40;31m  [0m[47;31m  [0m[40;31m  [0m[47;31m  [0m[40;31m  [0m[47;31m  [0m 3
2 [47;31mpw[0m[40;31mpw[0m[47;31mpw[0m[40;31mpw[0m[47;31m  [0m[40;31mpw[0m[47;31mpw[0m[40;31mpw[0m 2
1 [40;31mrw[0m[47;31mnw[0m[40;31mbw[0m[47;31mqw[0m[40;31mkw[0m[47;31mbw[0m[40;31mnw[0m[47;31mrw[0m 1
  a b c d e f g h 
822474160
a6 -> b8 legal
a6 -> c5 legal
a6 -> b4 legal
b7 -> b6 legal
b7 -> b5 legal
c7 -> c6 legal
c7 -> c5 legal
d7 -> d6 legal
d7 -> d5 legal
e7 -> e6 legal
f7 -> f6 legal
f7 -> f5 legal
g7 -> g6 legal
g7 -> g5 legal
h7 -> h6 legal
h7 -> h5 legal
a8 -> b8 legal
g8 -> h6 legal
g8 -> f6 legal
  a b c d e f g h 
8 [47;31mrb[0m[40;31m  [0m[47;31mbb[0m[40;31mqb[0m[47;31mkb[0m[40;31mbb[0m[47;31mnb[0m[40;31mrb[0m 8
7 [40;31mpb[0m[47;31mpb[0m[40;31mpb[0m[47;31mpb[0m[40;31mpb[0m[47;31mpb[0m[40;31mpb[0m[47;31mpb[0m 7
6 [47;31mnb[0m[40;31m  [0m[47;31m  [0m[40;31m  [0m[47;31m  [0m[40;31m  [0m[47;31m  [0m[40;31m  [0m 6
5 [40;31m  [0m[47;31m  [0m[40;31m  [0m[47;31m  [0m[40;31mpw[0m[47;31m  [0m[40;31m  [0m[47;31m  [0m 5
4 [47;31m  [0m[40;31m  [0m[47;31m  [0m[40;31m  [0m[47;31m  [0m[40;31m  [0m[47;31m  [0m[40;31m  [0m 4
3 [40;31m  [0m[47;31m  [0m[40;31m  [0m[47;31m  [0m[40;31m  [0m[47;31m  [0m[40;31m  [0m[47;31m  [0m 3
2 [47;31mpw[0m[40;31mpw[0m[47;31mpw[0m[40;31mpw[0m[47;31m  [0m[40;31mpw[0m[47;31mpw[0m[40;31mpw[0m 2
1 [40;31mrw[0m[47;31mnw[0m[40;31mbw[0m[47;31mqw[0m[40;31mkw[0m[47;31mbw[0m[40;31mnw[0m[47;31mrw[0m 1
  a b c d e f g h 
822474160
a8 -> b8   0
a8b8
[32;1m[Game] [0mPlayer's error code: 0
[32;1m[Game] [0mChecking move validity...
[32;1m[Board] [0mInitializing board...
[32;1m[Board] [0mLoading history file `championship/remmato-iii-awesome-chess-ai/history.csv`...
[32;1m[Board] [0mLoaded 3 move(s).
[32;1m[Board] [0mLoading move file `championship/remmato-iii-awesome-chess-ai/move.csv`...
[32;1m[Board] [0mBlack player is playing a8 to b8.
[32;1m[Board] [0m
[32;1m[Board] [0m    a b c d e f g h 
[32;1m[Board] [0m  -------------------
[32;1m[Board] [0m8 ||[7;1m [0m|[30;1mr[0m|[30;1mb[0m|[30;1mQ[0m|[30;1mK[0m|[30;1mb[0m|[30;1mk[0m|[30;1mr[0m|| 8
[32;1m[Board] [0m  -------------------
[32;1m[Board] [0m7 ||[30;1mp[0m|[30;1mp[0m|[30;1mp[0m|[30;1mp[0m|[30;1mp[0m|[30;1mp[0m|[30;1mp[0m|[30;1mp[0m|| 7
[32;1m[Board] [0m  -------------------
[32;1m[Board] [0m6 ||[30;1mk[0m| |[7;1m [0m| |[7;1m [0m| |[7;1m [0m| || 6
[32;1m[Board] [0m  -------------------
[32;1m[Board] [0m5 || |[7;1m [0m| |[7;1m [0m|[0;1mp[0m|[7;1m [0m| |[7;1m [0m|| 5
[32;1m[Board] [0m  -------------------
[32;1m[Board] [0m4 ||[7;1m [0m| |[7;1m [0m| |[7;1m [0m| |[7;1m [0m| || 4
[32;1m[Board] [0m  -------------------
[32;1m[Board] [0m3 || |[7;1m [0m| |[7;1m [0m| |[7;1m [0m| |[7;1m [0m|| 3
[32;1m[Board] [0m  -------------------
[32;1m[Board] [0m2 ||[0;1mp[0m|[0;1mp[0m|[0;1mp[0m|[0;1mp[0m|[7;1m [0m|[0;1mp[0m|[0;1mp[0m|[0;1mp[0m|| 2
[32;1m[Board] [0m  -------------------
[32;1m[Board] [0m1 ||[0;1mr[0m|[0;1mk[0m|[0;1mb[0m|[0;1mQ[0m|[0;1mK[0m|[0;1mb[0m|[0;1mk[0m|[0;1mr[0m|| 1
[32;1m[Board] [0m  -------------------
[32;1m[Board] [0m    a b c d e f g h
[32;1m[Board] [0m
[32;1m[Referee] [0mThis is the turn of the White player...
Error: /data/julien/Pro/git/teaching/x/2024/remmato-iii/build/bin/../resources/openings does not exist or is not a directory
[32;1m[Game] [0mPlayer's error code: 0
[32;1m[Game] [0mChecking move validity...
[32;1m[Board] [0mInitializing board...
[32;1m[Board] [0mLoading history file `championship/remmato-iii-awesome-chess-ai/history.csv`...
[32;1m[Board] [0mLoaded 4 move(s).
[32;1m[Board] [0mLoading move file `championship/remmato-iii-awesome-chess-ai/move.csv`...
[32;1m[Board] [0mWhite player is playing e5 to e6.
[32;1m[Board] [0m
[32;1m[Board] [0m    a b c d e f g h 
[32;1m[Board] [0m  -------------------
[32;1m[Board] [0m8 ||[7;1m [0m|[30;1mr[0m|[30;1mb[0m|[30;1mQ[0m|[30;1mK[0m|[30;1mb[0m|[30;1mk[0m|[30;1mr[0m|| 8
[32;1m[Board] [0m  -------------------
[32;1m[Board] [0m7 ||[30;1mp[0m|[30;1mp[0m|[30;1mp[0m|[30;1mp[0m|[30;1mp[0m|[30;1mp[0m|[30;1mp[0m|[30;1mp[0m|| 7
[32;1m[Board] [0m  -------------------
[32;1m[Board] [0m6 ||[30;1mk[0m| |[7;1m [0m| |[0;1mp[0m| |[7;1m [0m| || 6
[32;1m[Board] [0m  -------------------
[32;1m[Board] [0m5 || |[7;1m [0m| |[7;1m [0m| |[7;1m [0m| |[7;1m [0m|| 5
[32;1m[Board] [0m  -------------------
[32;1m[Board] [0m4 ||[7;1m [0m| |[7;1m [0m| |[7;1m [0m| |[7;1m [0m| || 4
[32;1m[Board] [0m  -------------------
[32;1m[Board] [0m3 || |[7;1m [0m| |[7;1m [0m| |[7;1m [0m| |[7;1m [0m|| 3
[32;1m[Board] [0m  -------------------
[32;1m[Board] [0m2 ||[0;1mp[0m|[0;1mp[0m|[0;1mp[0m|[0;1mp[0m|[7;1m [0m|[0;1mp[0m|[0;1mp[0m|[0;1mp[0m|| 2
[32;1m[Board] [0m  -------------------
[32;1m[Board] [0m1 ||[0;1mr[0m|[0;1mk[0m|[0;1mb[0m|[0;1mQ[0m|[0;1mK[0m|[0;1mb[0m|[0;1mk[0m|[0;1mr[0m|| 1
[32;1m[Board] [0m  -------------------
[32;1m[Board] [0m    a b c d e f g h
[32;1m[Board] [0m
[32;1m[Referee] [0mThis is the turn of the Black player...
  a b c d e f g h 
8 [47;31m  [0m[40;31mrb[0m[47;31mbb[0m[40;31mqb[0m[47;31mkb[0m[40;31mbb[0m[47;31mnb[0m[40;31mrb[0m 8
7 [40;31mpb[0m[47;31mpb[0m[40;31mpb[0m[47;31mpb[0m[40;31mpb[0m[47;31mpb[0m[40;31mpb[0m[47;31mpb[0m 7
6 [47;31mnb[0m[40;31m  [0m[47;31m  [0m[40;31m  [0m[47;31mpw[0m[40;31m  [0m[47;31m  [0m[40;31m  [0m 6
5 [40;31m  [0m[47;31m  [0m[40;31m  [0m[47;31m  [0m[40;31m  [0m[47;31m  [0m[40;31m  [0m[47;31m  [0m 5
4 [47;31m  [0m[40;31m  [0m[47;31m  [0m[40;31m  [0m[47;31m  [0m[40;31m  [0m[47;31m  [0m[40;31m  [0m 4
3 [40;31m  [0m[47;31m  [0m[40;31m  [0m[47;31m  [0m[40;31m  [0m[47;31m  [0m[40;31m  [0m[47;31m  [0m 3
2 [47;31mpw[0m[40;31mpw[0m[47;31mpw[0m[40;31mpw[0m[47;31m  [0m[40;31mpw[0m[47;31mpw[0m[40;31mpw[0m 2
1 [40;31mrw[0m[47;31mnw[0m[40;31mbw[0m[47;31mqw[0m[40;31mkw[0m[47;31mbw[0m[40;31mnw[0m[47;31mrw[0m 1
  a b c d e f g h 
967149892
a6 -> c5 legal
a6 -> b4 legal
b7 -> b6 legal
b7 -> b5 legal
c7 -> c6 legal
c7 -> c5 legal
d7 -> d6 legal
d7 -> e6 X legal
d7 -> d5 legal
f7 -> f6 legal
f7 -> e6 X legal
f7 -> f5 legal
g7 -> g6 legal
g7 -> g5 legal
h7 -> h6 legal
h7 -> h5 legal
b8 -> a8 legal
g8 -> h6 legal
g8 -> f6 legal
  a b c d e f g h 
8 [47;31m  [0m[40;31mrb[0m[47;31mbb[0m[40;31mqb[0m[47;31mkb[0m[40;31mbb[0m[47;31mnb[0m[40;31mrb[0m 8
7 [40;31mpb[0m[47;31mpb[0m[40;31mpb[0m[47;31mpb[0m[40;31mpb[0m[47;31mpb[0m[40;31mpb[0m[47;31mpb[0m 7
6 [47;31mnb[0m[40;31m  [0m[47;31m  [0m[40;31m  [0m[47;31mpw[0m[40;31m  [0m[47;31m  [0m[40;31m  [0m 6
5 [40;31m  [0m[47;31m  [0m[40;31m  [0m[47;31m  [0m[40;31m  [0m[47;31m  [0m[40;31m  [0m[47;31m  [0m 5
4 [47;31m  [0m[40;31m  [0m[47;31m  [0m[40;31m  [0m[47;31m  [0m[40;31m  [0m[47;31m  [0m[40;31m  [0m 4
3 [40;31m  [0m[47;31m  [0m[40;31m  [0m[47;31m  [0m[40;31m  [0m[47;31m  [0m[40;31m  [0m[47;31m  [0m 3
2 [47;31mpw[0m[40;31mpw[0m[47;31mpw[0m[40;31mpw[0m[47;31m  [0m[40;31mpw[0m[47;31mpw[0m[40;31mpw[0m 2
1 [40;31mrw[0m[47;31mnw[0m[40;31mbw[0m[47;31mqw[0m[40;31mkw[0m[47;31mbw[0m[40;31mnw[0m[47;31mrw[0m 1
  a b c d e f g h 
967149892
b8 -> a8   0
b8a8
[32;1m[Game] [0mPlayer's error code: 0
[32;1m[Game] [0mChecking move validity...
[32;1m[Board] [0mInitializing board...
[32;1m[Board] [0mLoading history file `championship/remmato-iii-awesome-chess-ai/history.csv`...
[32;1m[Board] [0mLoaded 5 move(s).
[32;1m[Board] [0mLoading move file `championship/remmato-iii-awesome-chess-ai/move.csv`...
[32;1m[Board] [0mBlack player is playing b8 to a8.
[32;1m[Board] [0m
[32;1m[Board] [0m    a b c d e f g h 
[32;1m[Board] [0m  -------------------
[32;1m[Board] [0m8 ||[30;1mr[0m| |[30;1mb[0m|[30;1mQ[0m|[30;1mK[0m|[30;1mb[0m|[30;1mk[0m|[30;1mr[0m|| 8
[32;1m[Board] [0m  -------------------
[32;1m[Board] [0m7 ||[30;1mp[0m|[30;1mp[0m|[30;1mp[0m|[30;1mp[0m|[30;1mp[0m|[30;1mp[0m|[30;1mp[0m|[30;1mp[0m|| 7
[32;1m[Board] [0m  -------------------
[32;1m[Board] [0m6 ||[30;1mk[0m| |[7;1m [0m| |[0;1mp[0m| |[7;1m [0m| || 6
[32;1m[Board] [0m  -------------------
[32;1m[Board] [0m5 || |[7;1m [0m| |[7;1m [0m| |[7;1m [0m| |[7;1m [0m|| 5
[32;1m[Board] [0m  -------------------
[32;1m[Board] [0m4 ||[7;1m [0m| |[7;1m [0m| |[7;1m [0m| |[7;1m [0m| || 4
[32;1m[Board] [0m  -------------------
[32;1m[Board] [0m3 || |[7;1m [0m| |[7;1m [0m| |[7;1m [0m| |[7;1m [0m|| 3
[32;1m[Board] [0m  -------------------
[32;1m[Board] [0m2 ||[0;1mp[0m|[0;1mp[0m|[0;1mp[0m|[0;1mp[0m|[7;1m [0m|[0;1mp[0m|[0;1mp[0m|[0;1mp[0m|| 2
[32;1m[Board] [0m  -------------------
[32;1m[Board] [0m1 ||[0;1mr[0m|[0;1mk[0m|[0;1mb[0m|[0;1mQ[0m|[0;1mK[0m|[0;1mb[0m|[0;1mk[0m|[0;1mr[0m|| 1
[32;1m[Board] [0m  -------------------
[32;1m[Board] [0m    a b c d e f g h
[32;1m[Board] [0m
[32;1m[Referee] [0mThis is the turn of the White player...
Error: /data/julien/Pro/git/teaching/x/2024/remmato-iii/build/bin/../resources/openings does not exist or is not a directory
[32;1m[Game] [0mPlayer's error code: 0
[32;1m[Game] [0mChecking move validity...
[32;1m[Board] [0mInitializing board...
[32;1m[Board] [0mLoading history file `championship/remmato-iii-awesome-chess-ai/history.csv`...
[32;1m[Board] [0mLoaded 6 move(s).
[32;1m[Board] [0mLoading move file `championship/remmato-iii-awesome-chess-ai/move.csv`...
[32;1m[Board] [0mWhite player is playing f1 to b5.
[32;1m[Board] [0m
[32;1m[Board] [0m    a b c d e f g h 
[32;1m[Board] [0m  -------------------
[32;1m[Board] [0m8 ||[30;1mr[0m| |[30;1mb[0m|[30;1mQ[0m|[30;1mK[0m|[30;1mb[0m|[30;1mk[0m|[30;1mr[0m|| 8
[32;1m[Board] [0m  -------------------
[32;1m[Board] [0m7 ||[30;1mp[0m|[30;1mp[0m|[30;1mp[0m|[30;1mp[0m|[30;1mp[0m|[30;1mp[0m|[30;1mp[0m|[30;1mp[0m|| 7
[32;1m[Board] [0m  -------------------
[32;1m[Board] [0m6 ||[30;1mk[0m| |[7;1m [0m| |[0;1mp[0m| |[7;1m [0m| || 6
[32;1m[Board] [0m  -------------------
[32;1m[Board] [0m5 || |[0;1mb[0m| |[7;1m [0m| |[7;1m [0m| |[7;1m [0m|| 5
[32;1m[Board] [0m  -------------------
[32;1m[Board] [0m4 ||[7;1m [0m| |[7;1m [0m| |[7;1m [0m| |[7;1m [0m| || 4
[32;1m[Board] [0m  -------------------
[32;1m[Board] [0m3 || |[7;1m [0m| |[7;1m [0m| |[7;1m [0m| |[7;1m [0m|| 3
[32;1m[Board] [0m  -------------------
[32;1m[Board] [0m2 ||[0;1mp[0m|[0;1mp[0m|[0;1mp[0m|[0;1mp[0m|[7;1m [0m|[0;1mp[0m|[0;1mp[0m|[0;1mp[0m|| 2
[32;1m[Board] [0m  -------------------
[32;1m[Board] [0m1 ||[0;1mr[0m|[0;1mk[0m|[0;1mb[0m|[0;1mQ[0m|[0;1mK[0m|[7;1m [0m|[0;1mk[0m|[0;1mr[0m|| 1
[32;1m[Board] [0m  -------------------
[32;1m[Board] [0m    a b c d e f g h
[32;1m[Board] [0m
[32;1m[Referee] [0mThis is the turn of the Black player...
  a b c d e f g h 
8 [47;31mrb[0m[40;31m  [0m[47;31mbb[0m[40;31mqb[0m[47;31mkb[0m[40;31mbb[0m[47;31mnb[0m[40;31mrb[0m 8
7 [40;31mpb[0m[47;31mpb[0m[40;31mpb[0m[47;31mpb[0m[40;31mpb[0m[47;31mpb[0m[40;31mpb[0m[47;31mpb[0m 7
6 [47;31mnb[0m[40;31m  [0m[47;31m  [0m[40;31m  [0m[47;31mpw[0m[40;31m  [0m[47;31m  [0m[40;31m  [0m 6
5 [40;31m  [0m[47;31mbw[0m[40;31m  [0m[47;31m  [0m[40;31m  [0m[47;31m  [0m[40;31m  [0m[47;31m  [0m 5
4 [47;31m  [0m[40;31m  [0m[47;31m  [0m[40;31m  [0m[47;31m  [0m[40;31m  [0m[47;31m  [0m[40;31m  [0m 4
3 [40;31m  [0m[47;31m  [0m[40;31m  [0m[47;31m  [0m[40;31m  [0m[47;31m  [0m[40;31m  [0m[47;31m  [0m 3
2 [47;31mpw[0m[40;31mpw[0m[47;31mpw[0m[40;31mpw[0m[47;31m  [0m[40;31mpw[0m[47;31mpw[0m[40;31mpw[0m 2
1 [40;31mrw[0m[47;31mnw[0m[40;31mbw[0m[47;31mqw[0m[40;31mkw[0m[47;31m  [0m[40;31mnw[0m[47;31mrw[0m 1
  a b c d e f g h 
4162618743
a6 -> b8 legal
a6 -> c5 legal
a6 -> b4 legal
b7 -> b6 legal
c7 -> c6 legal
c7 -> c5 legal
d7 -> d6
d7 -> e6 X
d7 -> d5
f7 -> f6 legal
f7 -> e6 X legal
f7 -> f5 legal
g7 -> g6 legal
g7 -> g5 legal
h7 -> h6 legal
h7 -> h5 legal
a8 -> b8 legal
g8 -> h6 legal
g8 -> f6 legal
  a b c d e f g h 
8 [47;31mrb[0m[40;31m  [0m[47;31mbb[0m[40;31mqb[0m[47;31mkb[0m[40;31mbb[0m[47;31mnb[0m[40;31mrb[0m 8
7 [40;31mpb[0m[47;31mpb[0m[40;31mpb[0m[47;31mpb[0m[40;31mpb[0m[47;31mpb[0m[40;31mpb[0m[47;31mpb[0m 7
6 [47;31mnb[0m[40;31m  [0m[47;31m  [0m[40;31m  [0m[47;31mpw[0m[40;31m  [0m[47;31m  [0m[40;31m  [0m 6
5 [40;31m  [0m[47;31mbw[0m[40;31m  [0m[47;31m  [0m[40;31m  [0m[47;31m  [0m[40;31m  [0m[47;31m  [0m 5
4 [47;31m  [0m[40;31m  [0m[47;31m  [0m[40;31m  [0m[47;31m  [0m[40;31m  [0m[47;31m  [0m[40;31m  [0m 4
3 [40;31m  [0m[47;31m  [0m[40;31m  [0m[47;31m  [0m[40;31m  [0m[47;31m  [0m[40;31m  [0m[47;31m  [0m 3
2 [47;31mpw[0m[40;31mpw[0m[47;31mpw[0m[40;31mpw[0m[47;31m  [0m[40;31mpw[0m[47;31mpw[0m[40;31mpw[0m 2
1 [40;31mrw[0m[47;31mnw[0m[40;31mbw[0m[47;31mqw[0m[40;31mkw[0m[47;31m  [0m[40;31mnw[0m[47;31mrw[0m 1
  a b c d e f g h 
4162618743
a8 -> b8   0
a8b8
[32;1m[Game] [0mPlayer's error code: 0
[32;1m[Game] [0mChecking move validity...
[32;1m[Board] [0mInitializing board...
[32;1m[Board] [0mLoading history file `championship/remmato-iii-awesome-chess-ai/history.csv`...
[32;1m[Board] [0mLoaded 7 move(s).
[32;1m[Board] [0mLoading move file `championship/remmato-iii-awesome-chess-ai/move.csv`...
[32;1m[Board] [0mBlack player is playing a8 to b8.
[32;1m[Board] [0m
[32;1m[Board] [0m    a b c d e f g h 
[32;1m[Board] [0m  -------------------
[32;1m[Board] [0m8 ||[7;1m [0m|[30;1mr[0m|[30;1mb[0m|[30;1mQ[0m|[30;1mK[0m|[30;1mb[0m|[30;1mk[0m|[30;1mr[0m|| 8
[32;1m[Board] [0m  -------------------
[32;1m[Board] [0m7 ||[30;1mp[0m|[30;1mp[0m|[30;1mp[0m|[30;1mp[0m|[30;1mp[0m|[30;1mp[0m|[30;1mp[0m|[30;1mp[0m|| 7
[32;1m[Board] [0m  -------------------
[32;1m[Board] [0m6 ||[30;1mk[0m| |[7;1m [0m| |[0;1mp[0m| |[7;1m [0m| || 6
[32;1m[Board] [0m  -------------------
[32;1m[Board] [0m5 || |[0;1mb[0m| |[7;1m [0m| |[7;1m [0m| |[7;1m [0m|| 5
[32;1m[Board] [0m  -------------------
[32;1m[Board] [0m4 ||[7;1m [0m| |[7;1m [0m| |[7;1m [0m| |[7;1m [0m| || 4
[32;1m[Board] [0m  -------------------
[32;1m[Board] [0m3 || |[7;1m [0m| |[7;1m [0m| |[7;1m [0m| |[7;1m [0m|| 3
[32;1m[Board] [0m  -------------------
[32;1m[Board] [0m2 ||[0;1mp[0m|[0;1mp[0m|[0;1mp[0m|[0;1mp[0m|[7;1m [0m|[0;1mp[0m|[0;1mp[0m|[0;1mp[0m|| 2
[32;1m[Board] [0m  -------------------
[32;1m[Board] [0m1 ||[0;1mr[0m|[0;1mk[0m|[0;1mb[0m|[0;1mQ[0m|[0;1mK[0m|[7;1m [0m|[0;1mk[0m|[0;1mr[0m|| 1
[32;1m[Board] [0m  -------------------
[32;1m[Board] [0m    a b c d e f g h
[32;1m[Board] [0m
[32;1m[Referee] [0mThis is the turn of the White player...
Error: /data/julien/Pro/git/teaching/x/2024/remmato-iii/build/bin/../resources/openings does not exist or is not a directory
[32;1m[Game] [0mPlayer's error code: 0
[32;1m[Game] [0mChecking move validity...
[32;1m[Board] [0mInitializing board...
[32;1m[Board] [0mLoading history file `championship/remmato-iii-awesome-chess-ai/history.csv`...
[32;1m[Board] [0mLoaded 8 move(s).
[32;1m[Board] [0mLoading move file `championship/remmato-iii-awesome-chess-ai/move.csv`...
[32;1m[Board] [0mWhite player is playing b5 to d3.
[32;1m[Board] [0m
[32;1m[Board] [0m    a b c d e f g h 
[32;1m[Board] [0m  -------------------
[32;1m[Board] [0m8 ||[7;1m [0m|[30;1mr[0m|[30;1mb[0m|[30;1mQ[0m|[30;1mK[0m|[30;1mb[0m|[30;1mk[0m|[30;1mr[0m|| 8
[32;1m[Board] [0m  -------------------
[32;1m[Board] [0m7 ||[30;1mp[0m|[30;1mp[0m|[30;1mp[0m|[30;1mp[0m|[30;1mp[0m|[30;1mp[0m|[30;1mp[0m|[30;1mp[0m|| 7
[32;1m[Board] [0m  -------------------
[32;1m[Board] [0m6 ||[30;1mk[0m| |[7;1m [0m| |[0;1mp[0m| |[7;1m [0m| || 6
[32;1m[Board] [0m  -------------------
[32;1m[Board] [0m5 || |[7;1m [0m| |[7;1m [0m| |[7;1m [0m| |[7;1m [0m|| 5
[32;1m[Board] [0m  -------------------
[32;1m[Board] [0m4 ||[7;1m [0m| |[7;1m [0m| |[7;1m [0m| |[7;1m [0m| || 4
[32;1m[Board] [0m  -------------------
[32;1m[Board] [0m3 || |[7;1m [0m| |[0;1mb[0m| |[7;1m [0m| |[7;1m [0m|| 3
[32;1m[Board] [0m  -------------------
[32;1m[Board] [0m2 ||[0;1mp[0m|[0;1mp[0m|[0;1mp[0m|[0;1mp[0m|[7;1m [0m|[0;1mp[0m|[0;1mp[0m|[0;1mp[0m|| 2
[32;1m[Board] [0m  -------------------
[32;1m[Board] [0m1 ||[0;1mr[0m|[0;1mk[0m|[0;1mb[0m|[0;1mQ[0m|[0;1mK[0m|[7;1m [0m|[0;1mk[0m|[0;1mr[0m|| 1
[32;1m[Board] [0m  -------------------
[32;1m[Board] [0m    a b c d e f g h
[32;1m[Board] [0m
[32;1m[Referee] [0mThis is the turn of the Black player...
  a b c d e f g h 
8 [47;31m  [0m[40;31mrb[0m[47;31mbb[0m[40;31mqb[0m[47;31mkb[0m[40;31mbb[0m[47;31mnb[0m[40;31mrb[0m 8
7 [40;31mpb[0m[47;31mpb[0m[40;31mpb[0m[47;31mpb[0m[40;31mpb[0m[47;31mpb[0m[40;31mpb[0m[47;31mpb[0m 7
6 [47;31mnb[0m[40;31m  [0m[47;31m  [0m[40;31m  [0m[47;31mpw[0m[40;31m  [0m[47;31m  [0m[40;31m  [0m 6
5 [40;31m  [0m[47;31m  [0m[40;31m  [0m[47;31m  [0m[40;31m  [0m[47;31m  [0m[40;31m  [0m[47;31m  [0m 5
4 [47;31m  [0m[40;31m  [0m[47;31m  [0m[40;31m  [0m[47;31m  [0m[40;31m  [0m[47;31m  [0m[40;31m  [0m 4
3 [40;31m  [0m[47;31m  [0m[40;31m  [0m[47;31mbw[0m[40;31m  [0m[47;31m  [0m[40;31m  [0m[47;31m  [0m 3
2 [47;31mpw[0m[40;31mpw[0m[47;31mpw[0m[40;31mpw[0m[47;31m  [0m[40;31mpw[0m[47;31mpw[0m[40;31mpw[0m 2
1 [40;31mrw[0m[47;31mnw[0m[40;31mbw[0m[47;31mqw[0m[40;31mkw[0m[47;31m  [0m[40;31mnw[0m[47;31mrw[0m 1
  a b c d e f g h 
3494022709
a6 -> c5 legal
a6 -> b4 legal
b7 -> b6 legal
b7 -> b5 legal
c7 -> c6 legal
c7 -> c5 legal
d7 -> d6 legal
d7 -> e6 X legal
d7 -> d5 legal
f7 -> f6 legal
f7 -> e6 X legal
f7 -> f5 legal
g7 -> g6 legal
g7 -> g5 legal
h7 -> h6 legal
h7 -> h5 legal
b8 -> a8 legal
g8 -> h6 legal
g8 -> f6 legal
  a b c d e f g h 
8 [47;31m  [0m[40;31mrb[0m[47;31mbb[0m[40;31mqb[0m[47;31mkb[0m[40;31mbb[0m[47;31mnb[0m[40;31mrb[0m 8
7 [40;31mpb[0m[47;31mpb[0m[40;31mpb[0m[47;31mpb[0m[40;31mpb[0m[47;31mpb[0m[40;31mpb[0m[47;31mpb[0m 7
6 [47;31mnb[0m[40;31m  [0m[47;31m  [0m[40;31m  [0m[47;31mpw[0m[40;31m  [0m[47;31m  [0m[40;31m  [0m 6
5 [40;31m  [0m[47;31m  [0m[40;31m  [0m[47;31m  [0m[40;31m  [0m[47;31m  [0m[40;31m  [0m[47;31m  [0m 5
4 [47;31m  [0m[40;31m  [0m[47;31m  [0m[40;31m  [0m[47;31m  [0m[40;31m  [0m[47;31m  [0m[40;31m  [0m 4
3 [40;31m  [0m[47;31m  [0m[40;31m  [0m[47;31mbw[0m[40;31m  [0m[47;31m  [0m[40;31m  [0m[47;31m  [0m 3
2 [47;31mpw[0m[40;31mpw[0m[47;31mpw[0m[40;31mpw[0m[47;31m  [0m[40;31mpw[0m[47;31mpw[0m[40;31mpw[0m 2
1 [40;31mrw[0m[47;31mnw[0m[40;31mbw[0m[47;31mqw[0m[40;31mkw[0m[47;31m  [0m[40;31mnw[0m[47;31mrw[0m 1
  a b c d e f g h 
3494022709
b8 -> a8   0
b8a8
[32;1m[Game] [0mPlayer's error code: 0
[32;1m[Game] [0mChecking move validity...
[32;1m[Board] [0mInitializing board...
[32;1m[Board] [0mLoading history file `championship/remmato-iii-awesome-chess-ai/history.csv`...
[32;1m[Board] [0mLoaded 9 move(s).
[32;1m[Board] [0mLoading move file `championship/remmato-iii-awesome-chess-ai/move.csv`...
[32;1m[Board] [0mBlack player is playing b8 to a8.
[32;1m[Board] [0m
[32;1m[Board] [0m    a b c d e f g h 
[32;1m[Board] [0m  -------------------
[32;1m[Board] [0m8 ||[30;1mr[0m| |[30;1mb[0m|[30;1mQ[0m|[30;1mK[0m|[30;1mb[0m|[30;1mk[0m|[30;1mr[0m|| 8
[32;1m[Board] [0m  -------------------
[32;1m[Board] [0m7 ||[30;1mp[0m|[30;1mp[0m|[30;1mp[0m|[30;1mp[0m|[30;1mp[0m|[30;1mp[0m|[30;1mp[0m|[30;1mp[0m|| 7
[32;1m[Board] [0m  -------------------
[32;1m[Board] [0m6 ||[30;1mk[0m| |[7;1m [0m| |[0;1mp[0m| |[7;1m [0m| || 6
[32;1m[Board] [0m  -------------------
[32;1m[Board] [0m5 || |[7;1m [0m| |[7;1m [0m| |[7;1m [0m| |[7;1m [0m|| 5
[32;1m[Board] [0m  -------------------
[32;1m[Board] [0m4 ||[7;1m [0m| |[7;1m [0m| |[7;1m [0m| |[7;1m [0m| || 4
[32;1m[Board] [0m  -------------------
[32;1m[Board] [0m3 || |[7;1m [0m| |[0;1mb[0m| |[7;1m [0m| |[7;1m [0m|| 3
[32;1m[Board] [0m  -------------------
[32;1m[Board] [0m2 ||[0;1mp[0m|[0;1mp[0m|[0;1mp[0m|[0;1mp[0m|[7;1m [0m|[0;1mp[0m|[0;1mp[0m|[0;1mp[0m|| 2
[32;1m[Board] [0m  -------------------
[32;1m[Board] [0m1 ||[0;1mr[0m|[0;1mk[0m|[0;1mb[0m|[0;1mQ[0m|[0;1mK[0m|[7;1m [0m|[0;1mk[0m|[0;1mr[0m|| 1
[32;1m[Board] [0m  -------------------
[32;1m[Board] [0m    a b c d e f g h
[32;1m[Board] [0m
[32;1m[Referee] [0mThis is the turn of the White player...
Error: /data/julien/Pro/git/teaching/x/2024/remmato-iii/build/bin/../resources/openings does not exist or is not a directory
[32;1m[Game] [0mPlayer's error code: 0
[32;1m[Game] [0mChecking move validity...
[32;1m[Board] [0mInitializing board...
[32;1m[Board] [0mLoading history file `championship/remmato-iii-awesome-chess-ai/history.csv`...
[32;1m[Board] [0mLoaded 10 move(s).
[32;1m[Board] [0mLoading move file `championship/remmato-iii-awesome-chess-ai/move.csv`...
[32;1m[Board] [0mWhite player is playing h2 to h4.
[32;1m[Board] [0m
[32;1m[Board] [0m    a b c d e f g h 
[32;1m[Board] [0m  -------------------
[32;1m[Board] [0m8 ||[30;1mr[0m| |[30;1mb[0m|[30;1mQ[0m|[30;1mK[0m|[30;1mb[0m|[30;1mk[0m|[30;1mr[0m|| 8
[32;1m[Board] [0m  -------------------
[32;1m[Board] [0m7 ||[30;1mp[0m|[30;1mp[0m|[30;1mp[0m|[30;1mp[0m|[30;1mp[0m|[30;1mp[0m|[30;1mp[0m|[30;1mp[0m|| 7
[32;1m[Board] [0m  -------------------
[32;1m[Board] [0m6 ||[30;1mk[0m| |[7;1m [0m| |[0;1mp[0m| |[7;1m [0m| || 6
[32;1m[Board] [0m  -------------------
[32;1m[Board] [0m5 || |[7;1m [0m| |[7;1m [0m| |[7;1m [0m| |[7;1m [0m|| 5
[32;1m[Board] [0m  -------------------
[32;1m[Board] [0m4 ||[7;1m [0m| |[7;1m [0m| |[7;1m [0m| |[7;1m [0m|[0;1mp[0m|| 4
[32;1m[Board] [0m  -------------------
[32;1m[Board] [0m3 || |[7;1m [0m| |[0;1mb[0m| |[7;1m [0m| |[7;1m [0m|| 3
[32;1m[Board] [0m  -------------------
[32;1m[Board] [0m2 ||[0;1mp[0m|[0;1mp[0m|[0;1mp[0m|[0;1mp[0m|[7;1m [0m|[0;1mp[0m|[0;1mp[0m| || 2
[32;1m[Board] [0m  -------------------
[32;1m[Board] [0m1 ||[0;1mr[0m|[0;1mk[0m|[0;1mb[0m|[0;1mQ[0m|[0;1mK[0m|[7;1m [0m|[0;1mk[0m|[0;1mr[0m|| 1
[32;1m[Board] [0m  -------------------
[32;1m[Board] [0m    a b c d e f g h
[32;1m[Board] [0m
[32;1m[Referee] [0mThis is the turn of the Black player...
  a b c d e f g h 
8 [47;31mrb[0m[40;31m  [0m[47;31mbb[0m[40;31mqb[0m[47;31mkb[0m[40;31mbb[0m[47;31mnb[0m[40;31mrb[0m 8
7 [40;31mpb[0m[47;31mpb[0m[40;31mpb[0m[47;31mpb[0m[40;31mpb[0m[47;31mpb[0m[40;31mpb[0m[47;31mpb[0m 7
6 [47;31mnb[0m[40;31m  [0m[47;31m  [0m[40;31m  [0m[47;31mpw[0m[40;31m  [0m[47;31m  [0m[40;31m  [0m 6
5 [40;31m  [0m[47;31m  [0m[40;31m  [0m[47;31m  [0m[40;31m  [0m[47;31m  [0m[40;31m  [0m[47;31m  [0m 5
4 [47;31m  [0m[40;31m  [0m[47;31m  [0m[40;31m  [0m[47;31m  [0m[40;31m  [0m[47;31m  [0m[40;31mpw[0m 4
3 [40;31m  [0m[47;31m  [0m[40;31m  [0m[47;31mbw[0m[40;31m  [0m[47;31m  [0m[40;31m  [0m[47;31m  [0m 3
2 [47;31mpw[0m[40;31mpw[0m[47;31mpw[0m[40;31mpw[0m[47;31m  [0m[40;31mpw[0m[47;31mpw[0m[40;31m  [0m 2
1 [40;31mrw[0m[47;31mnw[0m[40;31mbw[0m[47;31mqw[0m[40;31mkw[0m[47;31m  [0m[40;31mnw[0m[47;31mrw[0m 1
  a b c d e f g h 
1172142939
a6 -> b8 legal
a6 -> c5 legal
a6 -> b4 legal
b7 -> b6 legal
b7 -> b5 legal
c7 -> c6 legal
c7 -> c5 legal
d7 -> d6 legal
d7 -> e6 X legal
d7 -> d5 legal
f7 -> f6 legal
f7 -> e6 X legal
f7 -> f5 legal
g7 -> g6 legal
g7 -> g5 legal
h7 -> h6 legal
h7 -> h5 legal
a8 -> b8 legal
g8 -> h6 legal
g8 -> f6 legal
  a b c d e f g h 
8 [47;31mrb[0m[40;31m  [0m[47;31mbb[0m[40;31mqb[0m[47;31mkb[0m[40;31mbb[0m[47;31mnb[0m[40;31mrb[0m 8
7 [40;31mpb[0m[47;31mpb[0m[40;31mpb[0m[47;31mpb[0m[40;31mpb[0m[47;31mpb[0m[40;31mpb[0m[47;31mpb[0m 7
6 [47;31mnb[0m[40;31m  [0m[47;31m  [0m[40;31m  [0m[47;31mpw[0m[40;31m  [0m[47;31m  [0m[40;31m  [0m 6
5 [40;31m  [0m[47;31m  [0m[40;31m  [0m[47;31m  [0m[40;31m  [0m[47;31m  [0m[40;31m  [0m[47;31m  [0m 5
4 [47;31m  [0m[40;31m  [0m[47;31m  [0m[40;31m  [0m[47;31m  [0m[40;31m  [0m[47;31m  [0m[40;31mpw[0m 4
3 [40;31m  [0m[47;31m  [0m[40;31m  [0m[47;31mbw[0m[40;31m  [0m[47;31m  [0m[40;31m  [0m[47;31m  [0m 3
2 [47;31mpw[0m[40;31mpw[0m[47;31mpw[0m[40;31mpw[0m[47;31m  [0m[40;31mpw[0m[47;31mpw[0m[40;31m  [0m 2
1 [40;31mrw[0m[47;31mnw[0m[40;31mbw[0m[47;31mqw[0m[40;31mkw[0m[47;31m  [0m[40;31mnw[0m[47;31mrw[0m 1
  a b c d e f g h 
1172142939
a8 -> b8   0
a8b8
[32;1m[Game] [0mPlayer's error code: 0
[32;1m[Game] [0mChecking move validity...
[32;1m[Board] [0mInitializing board...
[32;1m[Board] [0mLoading history file `championship/remmato-iii-awesome-chess-ai/history.csv`...
[32;1m[Board] [0mLoaded 11 move(s).
[32;1m[Board] [0mLoading move file `championship/remmato-iii-awesome-chess-ai/move.csv`...
[32;1m[Board] [0mBlack player is playing a8 to b8.
[32;1m[Board] [0m
[32;1m[Board] [0m    a b c d e f g h 
[32;1m[Board] [0m  -------------------
[32;1m[Board] [0m8 ||[7;1m [0m|[30;1mr[0m|[30;1mb[0m|[30;1mQ[0m|[30;1mK[0m|[30;1mb[0m|[30;1mk[0m|[30;1mr[0m|| 8
[32;1m[Board] [0m  -------------------
[32;1m[Board] [0m7 ||[30;1mp[0m|[30;1mp[0m|[30;1mp[0m|[30;1mp[0m|[30;1mp[0m|[30;1mp[0m|[30;1mp[0m|[30;1mp[0m|| 7
[32;1m[Board] [0m  -------------------
[32;1m[Board] [0m6 ||[30;1mk[0m| |[7;1m [0m| |[0;1mp[0m| |[7;1m [0m| || 6
[32;1m[Board] [0m  -------------------
[32;1m[Board] [0m5 || |[7;1m [0m| |[7;1m [0m| |[7;1m [0m| |[7;1m [0m|| 5
[32;1m[Board] [0m  -------------------
[32;1m[Board] [0m4 ||[7;1m [0m| |[7;1m [0m| |[7;1m [0m| |[7;1m [0m|[0;1mp[0m|| 4
[32;1m[Board] [0m  -------------------
[32;1m[Board] [0m3 || |[7;1m [0m| |[0;1mb[0m| |[7;1m [0m| |[7;1m [0m|| 3
[32;1m[Board] [0m  -------------------
[32;1m[Board] [0m2 ||[0;1mp[0m|[0;1mp[0m|[0;1mp[0m|[0;1mp[0m|[7;1m [0m|[0;1mp[0m|[0;1mp[0m| || 2
[32;1m[Board] [0m  -------------------
[32;1m[Board] [0m1 ||[0;1mr[0m|[0;1mk[0m|[0;1mb[0m|[0;1mQ[0m|[0;1mK[0m|[7;1m [0m|[0;1mk[0m|[0;1mr[0m|| 1
[32;1m[Board] [0m  -------------------
[32;1m[Board] [0m    a b c d e f g h
[32;1m[Board] [0m
[32;1m[Referee] [0mThis is the turn of the White player...
Error: /data/julien/Pro/git/teaching/x/2024/remmato-iii/build/bin/../resources/openings does not exist or is not a directory
[32;1m[Game] [0mPlayer's error code: 0
[32;1m[Game] [0mChecking move validity...
[32;1m[Board] [0mInitializing board...
[32;1m[Board] [0mLoading history file `championship/remmato-iii-awesome-chess-ai/history.csv`...
[32;1m[Board] [0mLoaded 12 move(s).
[32;1m[Board] [0mLoading move file `championship/remmato-iii-awesome-chess-ai/move.csv`...
[32;1m[Board] [0mWhite player is playing a2 to a4.
[32;1m[Board] [0m
[32;1m[Board] [0m    a b c d e f g h 
[32;1m[Board] [0m  -------------------
[32;1m[Board] [0m8 ||[7;1m [0m|[30;1mr[0m|[30;1mb[0m|[30;1mQ[0m|[30;1mK[0m|[30;1mb[0m|[30;1mk[0m|[30;1mr[0m|| 8
[32;1m[Board] [0m  -------------------
[32;1m[Board] [0m7 ||[30;1mp[0m|[30;1mp[0m|[30;1mp[0m|[30;1mp[0m|[30;1mp[0m|[30;1mp[0m|[30;1mp[0m|[30;1mp[0m|| 7
[32;1m[Board] [0m  -------------------
[32;1m[Board] [0m6 ||[30;1mk[0m| |[7;1m [0m| |[0;1mp[0m| |[7;1m [0m| || 6
[32;1m[Board] [0m  -------------------
[32;1m[Board] [0m5 || |[7;1m [0m| |[7;1m [0m| |[7;1m [0m| |[7;1m [0m|| 5
[32;1m[Board] [0m  -------------------
[32;1m[Board] [0m4 ||[0;1mp[0m| |[7;1m [0m| |[7;1m [0m| |[7;1m [0m|[0;1mp[0m|| 4
[32;1m[Board] [0m  -------------------
[32;1m[Board] [0m3 || |[7;1m [0m| |[0;1mb[0m| |[7;1m [0m| |[7;1m [0m|| 3
[32;1m[Board] [0m  -------------------
[32;1m[Board] [0m2 ||[7;1m [0m|[0;1mp[0m|[0;1mp[0m|[0;1mp[0m|[7;1m [0m|[0;1mp[0m|[0;1mp[0m| || 2
[32;1m[Board] [0m  -------------------
[32;1m[Board] [0m1 ||[0;1mr[0m|[0;1mk[0m|[0;1mb[0m|[0;1mQ[0m|[0;1mK[0m|[7;1m [0m|[0;1mk[0m|[0;1mr[0m|| 1
[32;1m[Board] [0m  -------------------
[32;1m[Board] [0m    a b c d e f g h
[32;1m[Board] [0m
[32;1m[Referee] [0mThis is the turn of the Black player...
  a b c d e f g h 
8 [47;31m  [0m[40;31mrb[0m[47;31mbb[0m[40;31mqb[0m[47;31mkb[0m[40;31mbb[0m[47;31mnb[0m[40;31mrb[0m 8
7 [40;31mpb[0m[47;31mpb[0m[40;31mpb[0m[47;31mpb[0m[40;31mpb[0m[47;31mpb[0m[40;31mpb[0m[47;31mpb[0m 7
6 [47;31mnb[0m[40;31m  [0m[47;31m  [0m[40;31m  [0m[47;31mpw[0m[40;31m  [0m[47;31m  [0m[40;31m  [0m 6
5 [40;31m  [0m[47;31m  [0m[40;31m  [0m[47;31m  [0m[40;31m  [0m[47;31m  [0m[40;31m  [0m[47;31m  [0m 5
4 [47;31mpw[0m[40;31m  [0m[47;31m  [0m[40;31m  [0m[47;31m  [0m[40;31m  [0m[47;31m  [0m[40;31mpw[0m 4
3 [40;31m  [0m[47;31m  [0m[40;31m  [0m[47;31mbw[0m[40;31m  [0m[47;31m  [0m[40;31m  [0m[47;31m  [0m 3
2 [47;31m  [0m[40;31mpw[0m[47;31mpw[0m[40;31mpw[0m[47;31m  [0m[40;31mpw[0m[47;31mpw[0m[40;31m  [0m 2
1 [40;31mrw[0m[47;31mnw[0m[40;31mbw[0m[47;31mqw[0m[40;31mkw[0m[47;31m  [0m[40;31mnw[0m[47;31mrw[0m 1
  a b c d e f g h 
2163154087
a6 -> c5 legal
a6 -> b4 legal
b7 -> b6 legal
b7 -> b5 legal
c7 -> c6 legal
c7 -> c5 legal
d7 -> d6 legal
d7 -> e6 X legal
d7 -> d5 legal
f7 -> f6 legal
f7 -> e6 X legal
f7 -> f5 legal
g7 -> g6 legal
g7 -> g5 legal
h7 -> h6 legal
h7 -> h5 legal
b8 -> a8 legal
g8 -> h6 legal
g8 -> f6 legal
  a b c d e f g h 
8 [47;31m  [0m[40;31mrb[0m[47;31mbb[0m[40;31mqb[0m[47;31mkb[0m[40;31mbb[0m[47;31mnb[0m[40;31mrb[0m 8
7 [40;31mpb[0m[47;31mpb[0m[40;31mpb[0m[47;31mpb[0m[40;31mpb[0m[47;31mpb[0m[40;31mpb[0m[47;31mpb[0m 7
6 [47;31mnb[0m[40;31m  [0m[47;31m  [0m[40;31m  [0m[47;31mpw[0m[40;31m  [0m[47;31m  [0m[40;31m  [0m 6
5 [40;31m  [0m[47;31m  [0m[40;31m  [0m[47;31m  [0m[40;31m  [0m[47;31m  [0m[40;31m  [0m[47;31m  [0m 5
4 [47;31mpw[0m[40;31m  [0m[47;31m  [0m[40;31m  [0m[47;31m  [0m[40;31m  [0m[47;31m  [0m[40;31mpw[0m 4
3 [40;31m  [0m[47;31m  [0m[40;31m  [0m[47;31mbw[0m[40;31m  [0m[47;31m  [0m[40;31m  [0m[47;31m  [0m 3
2 [47;31m  [0m[40;31mpw[0m[47;31mpw[0m[40;31mpw[0m[47;31m  [0m[40;31mpw[0m[47;31mpw[0m[40;31m  [0m 2
1 [40;31mrw[0m[47;31mnw[0m[40;31mbw[0m[47;31mqw[0m[40;31mkw[0m[47;31m  [0m[40;31mnw[0m[47;31mrw[0m 1
  a b c d e f g h 
2163154087
b8 -> a8   0
b8a8
[32;1m[Game] [0mPlayer's error code: 0
[32;1m[Game] [0mChecking move validity...
[32;1m[Board] [0mInitializing board...
[32;1m[Board] [0mLoading history file `championship/remmato-iii-awesome-chess-ai/history.csv`...
[32;1m[Board] [0mLoaded 13 move(s).
[32;1m[Board] [0mLoading move file `championship/remmato-iii-awesome-chess-ai/move.csv`...
[32;1m[Board] [0mBlack player is playing b8 to a8.
[32;1m[Board] [0m
[32;1m[Board] [0m    a b c d e f g h 
[32;1m[Board] [0m  -------------------
[32;1m[Board] [0m8 ||[30;1mr[0m| |[30;1mb[0m|[30;1mQ[0m|[30;1mK[0m|[30;1mb[0m|[30;1mk[0m|[30;1mr[0m|| 8
[32;1m[Board] [0m  -------------------
[32;1m[Board] [0m7 ||[30;1mp[0m|[30;1mp[0m|[30;1mp[0m|[30;1mp[0m|[30;1mp[0m|[30;1mp[0m|[30;1mp[0m|[30;1mp[0m|| 7
[32;1m[Board] [0m  -------------------
[32;1m[Board] [0m6 ||[30;1mk[0m| |[7;1m [0m| |[0;1mp[0m| |[7;1m [0m| || 6
[32;1m[Board] [0m  -------------------
[32;1m[Board] [0m5 || |[7;1m [0m| |[7;1m [0m| |[7;1m [0m| |[7;1m [0m|| 5
[32;1m[Board] [0m  -------------------
[32;1m[Board] [0m4 ||[0;1mp[0m| |[7;1m [0m| |[7;1m [0m| |[7;1m [0m|[0;1mp[0m|| 4
[32;1m[Board] [0m  -------------------
[32;1m[Board] [0m3 || |[7;1m [0m| |[0;1mb[0m| |[7;1m [0m| |[7;1m [0m|| 3
[32;1m[Board] [0m  -------------------
[32;1m[Board] [0m2 ||[7;1m [0m|[0;1mp[0m|[0;1mp[0m|[0;1mp[0m|[7;1m [0m|[0;1mp[0m|[0;1mp[0m| || 2
[32;1m[Board] [0m  -------------------
[32;1m[Board] [0m1 ||[0;1mr[0m|[0;1mk[0m|[0;1mb[0m|[0;1mQ[0m|[0;1mK[0m|[7;1m [0m|[0;1mk[0m|[0;1mr[0m|| 1
[32;1m[Board] [0m  -------------------
[32;1m[Board] [0m    a b c d e f g h
[32;1m[Board] [0m
[32;1m[Referee] [0mThis is the turn of the White player...
Error: /data/julien/Pro/git/teaching/x/2024/remmato-iii/build/bin/../resources/openings does not exist or is not a directory
[32;1m[Game] [0mPlayer's error code: 0
[32;1m[Game] [0mChecking move validity...
[32;1m[Board] [0mInitializing board...
[32;1m[Board] [0mLoading history file `championship/remmato-iii-awesome-chess-ai/history.csv`...
[32;1m[Board] [0mLoaded 14 move(s).
[32;1m[Board] [0mLoading move file `championship/remmato-iii-awesome-chess-ai/move.csv`...
[32;1m[Board] [0mWhite player is playing d1 to f3.
[32;1m[Board] [0m
[32;1m[Board] [0m    a b c d e f g h 
[32;1m[Board] [0m  -------------------
[32;1m[Board] [0m8 ||[30;1mr[0m| |[30;1mb[0m|[30;1mQ[0m|[30;1mK[0m|[30;1mb[0m|[30;1mk[0m|[30;1mr[0m|| 8
[32;1m[Board] [0m  -------------------
[32;1m[Board] [0m7 ||[30;1mp[0m|[30;1mp[0m|[30;1mp[0m|[30;1mp[0m|[30;1mp[0m|[30;1mp[0m|[30;1mp[0m|[30;1mp[0m|| 7
[32;1m[Board] [0m  -------------------
[32;1m[Board] [0m6 ||[30;1mk[0m| |[7;1m [0m| |[0;1mp[0m| |[7;1m [0m| || 6
[32;1m[Board] [0m  -------------------
[32;1m[Board] [0m5 || |[7;1m [0m| |[7;1m [0m| |[7;1m [0m| |[7;1m [0m|| 5
[32;1m[Board] [0m  -------------------
[32;1m[Board] [0m4 ||[0;1mp[0m| |[7;1m [0m| |[7;1m [0m| |[7;1m [0m|[0;1mp[0m|| 4
[32;1m[Board] [0m  -------------------
[32;1m[Board] [0m3 || |[7;1m [0m| |[0;1mb[0m| |[0;1mQ[0m| |[7;1m [0m|| 3
[32;1m[Board] [0m  -------------------
[32;1m[Board] [0m2 ||[7;1m [0m|[0;1mp[0m|[0;1mp[0m|[0;1mp[0m|[7;1m [0m|[0;1mp[0m|[0;1mp[0m| || 2
[32;1m[Board] [0m  -------------------
[32;1m[Board] [0m1 ||[0;1mr[0m|[0;1mk[0m|[0;1mb[0m|[7;1m [0m|[0;1mK[0m|[7;1m [0m|[0;1mk[0m|[0;1mr[0m|| 1
[32;1m[Board] [0m  -------------------
[32;1m[Board] [0m    a b c d e f g h
[32;1m[Board] [0m
[32;1m[Referee] [0mThis is the turn of the Black player...
  a b c d e f g h 
8 [47;31mrb[0m[40;31m  [0m[47;31mbb[0m[40;31mqb[0m[47;31mkb[0m[40;31mbb[0m[47;31mnb[0m[40;31mrb[0m 8
7 [40;31mpb[0m[47;31mpb[0m[40;31mpb[0m[47;31mpb[0m[40;31mpb[0m[47;31mpb[0m[40;31mpb[0m[47;31mpb[0m 7
6 [47;31mnb[0m[40;31m  [0m[47;31m  [0m[40;31m  [0m[47;31mpw[0m[40;31m  [0m[47;31m  [0m[40;31m  [0m 6
5 [40;31m  [0m[47;31m  [0m[40;31m  [0m[47;31m  [0m[40;31m  [0m[47;31m  [0m[40;31m  [0m[47;31m  [0m 5
4 [47;31mpw[0m[40;31m  [0m[47;31m  [0m[40;31m  [0m[47;31m  [0m[40;31m  [0m[47;31m  [0m[40;31mpw[0m 4
3 [40;31m  [0m[47;31m  [0m[40;31m  [0m[47;31mbw[0m[40;31m  [0m[47;31mqw[0m[40;31m  [0m[47;31m  [0m 3
2 [47;31m  [0m[40;31mpw[0m[47;31mpw[0m[40;31mpw[0m[47;31m  [0m[40;31mpw[0m[47;31mpw[0m[40;31m  [0m 2
1 [40;31mrw[0m[47;31mnw[0m[40;31mbw[0m[47;31m  [0m[40;31mkw[0m[47;31m  [0m[40;31mnw[0m[47;31mrw[0m 1
  a b c d e f g h 
2301131619
a6 -> b8 legal
a6 -> c5 legal
a6 -> b4 legal
b7 -> b6 legal
b7 -> b5 legal
c7 -> c6 legal
c7 -> c5 legal
d7 -> d6 legal
d7 -> e6 X legal
d7 -> d5 legal
f7 -> f6 legal
f7 -> e6 X legal
f7 -> f5 legal
g7 -> g6 legal
g7 -> g5 legal
h7 -> h6 legal
h7 -> h5 legal
a8 -> b8 legal
g8 -> h6 legal
g8 -> f6 legal
  a b c d e f g h 
8 [47;31mrb[0m[40;31m  [0m[47;31mbb[0m[40;31mqb[0m[47;31mkb[0m[40;31mbb[0m[47;31mnb[0m[40;31mrb[0m 8
7 [40;31mpb[0m[47;31mpb[0m[40;31mpb[0m[47;31mpb[0m[40;31mpb[0m[47;31mpb[0m[40;31mpb[0m[47;31mpb[0m 7
6 [47;31mnb[0m[40;31m  [0m[47;31m  [0m[40;31m  [0m[47;31mpw[0m[40;31m  [0m[47;31m  [0m[40;31m  [0m 6
5 [40;31m  [0m[47;31m  [0m[40;31m  [0m[47;31m  [0m[40;31m  [0m[47;31m  [0m[40;31m  [0m[47;31m  [0m 5
4 [47;31mpw[0m[40;31m  [0m[47;31m  [0m[40;31m  [0m[47;31m  [0m[40;31m  [0m[47;31m  [0m[40;31mpw[0m 4
3 [40;31m  [0m[47;31m  [0m[40;31m  [0m[47;31mbw[0m[40;31m  [0m[47;31mqw[0m[40;31m  [0m[47;31m  [0m 3
2 [47;31m  [0m[40;31mpw[0m[47;31mpw[0m[40;31mpw[0m[47;31m  [0m[40;31mpw[0m[47;31mpw[0m[40;31m  [0m 2
1 [40;31mrw[0m[47;31mnw[0m[40;31mbw[0m[47;31m  [0m[40;31mkw[0m[47;31m  [0m[40;31mnw[0m[47;31mrw[0m 1
  a b c d e f g h 
2301131619
a8 -> b8   0
a8b8
[32;1m[Game] [0mPlayer's error code: 0
[32;1m[Game] [0mChecking move validity...
[32;1m[Board] [0mInitializing board...
[32;1m[Board] [0mLoading history file `championship/remmato-iii-awesome-chess-ai/history.csv`...
[32;1m[Board] [0mLoaded 15 move(s).
[32;1m[Board] [0mLoading move file `championship/remmato-iii-awesome-chess-ai/move.csv`...
[32;1m[Board] [0mBlack player is playing a8 to b8.
[32;1m[Board] [0m
[32;1m[Board] [0m    a b c d e f g h 
[32;1m[Board] [0m  -------------------
[32;1m[Board] [0m8 ||[7;1m [0m|[30;1mr[0m|[30;1mb[0m|[30;1mQ[0m|[30;1mK[0m|[30;1mb[0m|[30;1mk[0m|[30;1mr[0m|| 8
[32;1m[Board] [0m  -------------------
[32;1m[Board] [0m7 ||[30;1mp[0m|[30;1mp[0m|[30;1mp[0m|[30;1mp[0m|[30;1mp[0m|[30;1mp[0m|[30;1mp[0m|[30;1mp[0m|| 7
[32;1m[Board] [0m  -------------------
[32;1m[Board] [0m6 ||[30;1mk[0m| |[7;1m [0m| |[0;1mp[0m| |[7;1m [0m| || 6
[32;1m[Board] [0m  -------------------
[32;1m[Board] [0m5 || |[7;1m [0m| |[7;1m [0m| |[7;1m [0m| |[7;1m [0m|| 5
[32;1m[Board] [0m  -------------------
[32;1m[Board] [0m4 ||[0;1mp[0m| |[7;1m [0m| |[7;1m [0m| |[7;1m [0m|[0;1mp[0m|| 4
[32;1m[Board] [0m  -------------------
[32;1m[Board] [0m3 || |[7;1m [0m| |[0;1mb[0m| |[0;1mQ[0m| |[7;1m [0m|| 3
[32;1m[Board] [0m  -------------------
[32;1m[Board] [0m2 ||[7;1m [0m|[0;1mp[0m|[0;1mp[0m|[0;1mp[0m|[7;1m [0m|[0;1mp[0m|[0;1mp[0m| || 2
[32;1m[Board] [0m  -------------------
[32;1m[Board] [0m1 ||[0;1mr[0m|[0;1mk[0m|[0;1mb[0m|[7;1m [0m|[0;1mK[0m|[7;1m [0m|[0;1mk[0m|[0;1mr[0m|| 1
[32;1m[Board] [0m  -------------------
[32;1m[Board] [0m    a b c d e f g h
[32;1m[Board] [0m
[32;1m[Referee] [0mThis is the turn of the White player...
Error: /data/julien/Pro/git/teaching/x/2024/remmato-iii/build/bin/../resources/openings does not exist or is not a directory
[32;1m[Game] [0mPlayer's error code: 0
[32;1m[Game] [0mChecking move validity...
[32;1m[Board] [0mInitializing board...
[32;1m[Board] [0mLoading history file `championship/remmato-iii-awesome-chess-ai/history.csv`...
[32;1m[Board] [0mLoaded 16 move(s).
[32;1m[Board] [0mLoading move file `championship/remmato-iii-awesome-chess-ai/move.csv`...
[32;1m[Board] [0mWhite player is playing e6 to f7.
[32;1m[Board] [0m[5;1mWhite Pawn is taking Black Pawn.[0m
[32;1m[Board] [0m
[32;1m[Board] [0m    a b c d e f g h 
[32;1m[Board] [0m  -------------------
[32;1m[Board] [0m8 ||[7;1m [0m|[30;1mr[0m|[30;1mb[0m|[30;1mQ[0m|[30;1mK[0m|[30;1mb[0m|[30;1mk[0m|[30;1mr[0m|| 8
[32;1m[Board] [0m  -------------------
[32;1m[Board] [0m7 ||[30;1mp[0m|[30;1mp[0m|[30;1mp[0m|[30;1mp[0m|[30;1mp[0m|[0;1mp[0m|[30;1mp[0m|[30;1mp[0m|| 7
[32;1m[Board] [0m  -------------------
[32;1m[Board] [0m6 ||[30;1mk[0m| |[7;1m [0m| |[7;1m [0m| |[7;1m [0m| || 6
[32;1m[Board] [0m  -------------------
[32;1m[Board] [0m5 || |[7;1m [0m| |[7;1m [0m| |[7;1m [0m| |[7;1m [0m|| 5
[32;1m[Board] [0m  -------------------
[32;1m[Board] [0m4 ||[0;1mp[0m| |[7;1m [0m| |[7;1m [0m| |[7;1m [0m|[0;1mp[0m|| 4
[32;1m[Board] [0m  -------------------
[32;1m[Board] [0m3 || |[7;1m [0m| |[0;1mb[0m| |[0;1mQ[0m| |[7;1m [0m|| 3
[32;1m[Board] [0m  -------------------
[32;1m[Board] [0m2 ||[7;1m [0m|[0;1mp[0m|[0;1mp[0m|[0;1mp[0m|[7;1m [0m|[0;1mp[0m|[0;1mp[0m| || 2
[32;1m[Board] [0m  -------------------
[32;1m[Board] [0m1 ||[0;1mr[0m|[0;1mk[0m|[0;1mb[0m|[7;1m [0m|[0;1mK[0m|[7;1m [0m|[0;1mk[0m|[0;1mr[0m|| 1
[32;1m[Board] [0m  -------------------
[32;1m[Board] [0m    a b c d e f g h
[32;1m[Board] [0m
[32;1m[Referee] [0mThis is the turn of the Black player...
[32;1m[Board] [0m[33;1m[WARNING][0m [5;1mBlack King in checkmate![0m
[32;1m[Board] [0m[33;1m[WARNING][0m The White player wins!
