[32;1m[Board] [0mInitializing board...
[32;1m[Board] [0m
[32;1m[Board] [0m    a b c d e f g h 
[32;1m[Board] [0m  -------------------
[32;1m[Board] [0m8 ||[30;1mr[0m|[30;1mk[0m|[30;1mb[0m|[30;1mQ[0m|[30;1mK[0m|[30;1mb[0m|[30;1mk[0m|[30;1mr[0m|| 8
[32;1m[Board] [0m  -------------------
[32;1m[Board] [0m7 ||[30;1mp[0m|[30;1mp[0m|[30;1mp[0m|[30;1mp[0m|[30;1mp[0m|[30;1mp[0m|[30;1mp[0m|[30;1mp[0m|| 7
[32;1m[Board] [0m  -------------------
[32;1m[Board] [0m6 ||[7;1m [0m| |[7;1m [0m| |[7;1m [0m| |[7;1m [0m| || 6
[32;1m[Board] [0m  -------------------
[32;1m[Board] [0m5 || |[7;1m [0m| |[7;1m [0m| |[7;1m [0m| |[7;1m [0m|| 5
[32;1m[Board] [0m  -------------------
[32;1m[Board] [0m4 ||[7;1m [0m| |[7;1m [0m| |[7;1m [0m| |[7;1m [0m| || 4
[32;1m[Board] [0m  -------------------
[32;1m[Board] [0m3 || |[7;1m [0m| |[7;1m [0m| |[7;1m [0m| |[7;1m [0m|| 3
[32;1m[Board] [0m  -------------------
[32;1m[Board] [0m2 ||[0;1mp[0m|[0;1mp[0m|[0;1mp[0m|[0;1mp[0m|[0;1mp[0m|[0;1mp[0m|[0;1mp[0m|[0;1mp[0m|| 2
[32;1m[Board] [0m  -------------------
[32;1m[Board] [0m1 ||[0;1mr[0m|[0;1mk[0m|[0;1mb[0m|[0;1mQ[0m|[0;1mK[0m|[0;1mb[0m|[0;1mk[0m|[0;1mr[0m|| 1
[32;1m[Board] [0m  -------------------
[32;1m[Board] [0m    a b c d e f g h
[32;1m[Board] [0m
[32;1m[Referee] [0mThis is the turn of the White player...
championship/xplorers-check-innit-mate/history.csv
1
1
1
1
1
1
1
1
Wrote move "e2e4" to championship/xplorers-check-innit-mate/move.csv
-----------------------------------------
| br | bn | bb | bq | bK | bb | bn | br |
-----------------------------------------
| bp | bp | bp | bp | bp | bp | bp | bp |
-----------------------------------------
|    |    |    |    |    |    |    |    |
-----------------------------------------
|    |    |    |    |    |    |    |    |
-----------------------------------------
|    |    |    |    |    |    |    |    |
-----------------------------------------
|    |    |    |    |    |    |    |    |
-----------------------------------------
| wp | wp | wp | wp | wp | wp | wp | wp |
-----------------------------------------
| wr | wn | wb | wq | wK | wb | wn | wr |
-----------------------------------------
[32;1m[Game] [0mPlayer's error code: 0
[32;1m[Game] [0mChecking move validity...
[32;1m[Board] [0mInitializing board...
[32;1m[Board] [0mLoading history file `championship/xplorers-check-innit-mate/history.csv`...
[32;1m[Board] [0mLoaded 0 move(s).
[32;1m[Board] [0mLoading move file `championship/xplorers-check-innit-mate/move.csv`...
[32;1m[Board] [0mWhite player is playing e2 to e4.
[32;1m[Board] [0m
[32;1m[Board] [0m    a b c d e f g h 
[32;1m[Board] [0m  -------------------
[32;1m[Board] [0m8 ||[30;1mr[0m|[30;1mk[0m|[30;1mb[0m|[30;1mQ[0m|[30;1mK[0m|[30;1mb[0m|[30;1mk[0m|[30;1mr[0m|| 8
[32;1m[Board] [0m  -------------------
[32;1m[Board] [0m7 ||[30;1mp[0m|[30;1mp[0m|[30;1mp[0m|[30;1mp[0m|[30;1mp[0m|[30;1mp[0m|[30;1mp[0m|[30;1mp[0m|| 7
[32;1m[Board] [0m  -------------------
[32;1m[Board] [0m6 ||[7;1m [0m| |[7;1m [0m| |[7;1m [0m| |[7;1m [0m| || 6
[32;1m[Board] [0m  -------------------
[32;1m[Board] [0m5 || |[7;1m [0m| |[7;1m [0m| |[7;1m [0m| |[7;1m [0m|| 5
[32;1m[Board] [0m  -------------------
[32;1m[Board] [0m4 ||[7;1m [0m| |[7;1m [0m| |[0;1mp[0m| |[7;1m [0m| || 4
[32;1m[Board] [0m  -------------------
[32;1m[Board] [0m3 || |[7;1m [0m| |[7;1m [0m| |[7;1m [0m| |[7;1m [0m|| 3
[32;1m[Board] [0m  -------------------
[32;1m[Board] [0m2 ||[0;1mp[0m|[0;1mp[0m|[0;1mp[0m|[0;1mp[0m|[7;1m [0m|[0;1mp[0m|[0;1mp[0m|[0;1mp[0m|| 2
[32;1m[Board] [0m  -------------------
[32;1m[Board] [0m1 ||[0;1mr[0m|[0;1mk[0m|[0;1mb[0m|[0;1mQ[0m|[0;1mK[0m|[0;1mb[0m|[0;1mk[0m|[0;1mr[0m|| 1
[32;1m[Board] [0m  -------------------
[32;1m[Board] [0m    a b c d e f g h
[32;1m[Board] [0m
[32;1m[Referee] [0mThis is the turn of the Black player...
0 0 0 0 0 0 0 0 
0 0 0 0 0 0 0 0 
- - - - - - - - 
- - - - - - - - 
- - - - 1 - - - 
- - - - - - - - 
1 1 1 1 - 1 1 1 
1 1 1 1 1 1 1 1 
--------
looking for king 0, 0Rook
0
looking for king 0, 1Knight
0
looking for king 0, 2Bishop
0
looking for king 0, 3Queen
0
looking for king 0, 4King
1
looking for king 0, 5Bishop
0
looking for king 0, 6Knight
0
looking for king 0, 7Rook
0
looking for king 1, 0Pawn
0
looking for king 1, 1Pawn
0
looking for king 1, 2Pawn
0
looking for king 1, 3Pawn
0
looking for king 1, 5Pawn
0
looking for king 1, 6Pawn
0
looking for king 1, 7Pawn
0
looking for king 3, 4Pawn
0
looking for king 6, 0Pawn
0
looking for king 6, 1Pawn
0
looking for king 6, 2Pawn
0
looking for king 6, 3Pawn
0
looking for king 6, 4Pawn
0
looking for king 6, 5Pawn
0
looking for king 6, 6Pawn
0
looking for king 6, 7Pawn
0
looking for king 7, 0Rook
0
looking for king 7, 1Knight
0
looking for king 7, 2Bishop
0
looking for king 7, 3Queen
0
looking for king 7, 4King
1
From (6, 0) to (5, 0)
From (6, 0) to (4, 0)
From (6, 1) to (5, 1)
From (6, 1) to (4, 1)
From (6, 2) to (5, 2)
From (6, 2) to (4, 2)
From (6, 3) to (5, 3)
From (6, 3) to (4, 3)
From (6, 4) to (5, 4)
From (6, 4) to (4, 4)
From (6, 5) to (5, 5)
From (6, 5) to (4, 5)
From (6, 6) to (5, 6)
From (6, 6) to (4, 6)
From (6, 7) to (5, 7)
From (6, 7) to (4, 7)
From (7, 1) to (5, 2)
From (7, 1) to (5, 0)
From (7, 6) to (5, 7)
From (7, 6) to (5, 5)
[32;1m[Game] [0mPlayer's error code: 0
[32;1m[Game] [0mChecking move validity...
[32;1m[Board] [0mInitializing board...
[32;1m[Board] [0mLoading history file `championship/xplorers-check-innit-mate/history.csv`...
[32;1m[Board] [0mLoaded 1 move(s).
[32;1m[Board] [0mLoading move file `championship/xplorers-check-innit-mate/move.csv`...
[32;1m[Board] [0mBlack player is playing f7 to f5.
[32;1m[Board] [0m
[32;1m[Board] [0m    a b c d e f g h 
[32;1m[Board] [0m  -------------------
[32;1m[Board] [0m8 ||[30;1mr[0m|[30;1mk[0m|[30;1mb[0m|[30;1mQ[0m|[30;1mK[0m|[30;1mb[0m|[30;1mk[0m|[30;1mr[0m|| 8
[32;1m[Board] [0m  -------------------
[32;1m[Board] [0m7 ||[30;1mp[0m|[30;1mp[0m|[30;1mp[0m|[30;1mp[0m|[30;1mp[0m|[7;1m [0m|[30;1mp[0m|[30;1mp[0m|| 7
[32;1m[Board] [0m  -------------------
[32;1m[Board] [0m6 ||[7;1m [0m| |[7;1m [0m| |[7;1m [0m| |[7;1m [0m| || 6
[32;1m[Board] [0m  -------------------
[32;1m[Board] [0m5 || |[7;1m [0m| |[7;1m [0m| |[30;1mp[0m| |[7;1m [0m|| 5
[32;1m[Board] [0m  -------------------
[32;1m[Board] [0m4 ||[7;1m [0m| |[7;1m [0m| |[0;1mp[0m| |[7;1m [0m| || 4
[32;1m[Board] [0m  -------------------
[32;1m[Board] [0m3 || |[7;1m [0m| |[7;1m [0m| |[7;1m [0m| |[7;1m [0m|| 3
[32;1m[Board] [0m  -------------------
[32;1m[Board] [0m2 ||[0;1mp[0m|[0;1mp[0m|[0;1mp[0m|[0;1mp[0m|[7;1m [0m|[0;1mp[0m|[0;1mp[0m|[0;1mp[0m|| 2
[32;1m[Board] [0m  -------------------
[32;1m[Board] [0m1 ||[0;1mr[0m|[0;1mk[0m|[0;1mb[0m|[0;1mQ[0m|[0;1mK[0m|[0;1mb[0m|[0;1mk[0m|[0;1mr[0m|| 1
[32;1m[Board] [0m  -------------------
[32;1m[Board] [0m    a b c d e f g h
[32;1m[Board] [0m
[32;1m[Referee] [0mThis is the turn of the White player...
championship/xplorers-check-innit-mate/history.csv
1
1
1
1
1
1
1
1
Wrote move "g2g3" to championship/xplorers-check-innit-mate/move.csv
-----------------------------------------
| br | bn | bb | bq | bK | bb | bn | br |
-----------------------------------------
| bp | bp | bp | bp | bp |    | bp | bp |
-----------------------------------------
|    |    |    |    |    |    |    |    |
-----------------------------------------
|    |    |    |    |    | bp |    |    |
-----------------------------------------
|    |    |    |    | wp |    |    |    |
-----------------------------------------
|    |    |    |    |    |    |    |    |
-----------------------------------------
| wp | wp | wp | wp |    | wp | wp | wp |
-----------------------------------------
| wr | wn | wb | wq | wK | wb | wn | wr |
-----------------------------------------
[32;1m[Game] [0mPlayer's error code: 0
[32;1m[Game] [0mChecking move validity...
[32;1m[Board] [0mInitializing board...
[32;1m[Board] [0mLoading history file `championship/xplorers-check-innit-mate/history.csv`...
[32;1m[Board] [0mLoaded 2 move(s).
[32;1m[Board] [0mLoading move file `championship/xplorers-check-innit-mate/move.csv`...
[32;1m[Board] [0mWhite player is playing g2 to g3.
[32;1m[Board] [0m
[32;1m[Board] [0m    a b c d e f g h 
[32;1m[Board] [0m  -------------------
[32;1m[Board] [0m8 ||[30;1mr[0m|[30;1mk[0m|[30;1mb[0m|[30;1mQ[0m|[30;1mK[0m|[30;1mb[0m|[30;1mk[0m|[30;1mr[0m|| 8
[32;1m[Board] [0m  -------------------
[32;1m[Board] [0m7 ||[30;1mp[0m|[30;1mp[0m|[30;1mp[0m|[30;1mp[0m|[30;1mp[0m|[7;1m [0m|[30;1mp[0m|[30;1mp[0m|| 7
[32;1m[Board] [0m  -------------------
[32;1m[Board] [0m6 ||[7;1m [0m| |[7;1m [0m| |[7;1m [0m| |[7;1m [0m| || 6
[32;1m[Board] [0m  -------------------
[32;1m[Board] [0m5 || |[7;1m [0m| |[7;1m [0m| |[30;1mp[0m| |[7;1m [0m|| 5
[32;1m[Board] [0m  -------------------
[32;1m[Board] [0m4 ||[7;1m [0m| |[7;1m [0m| |[0;1mp[0m| |[7;1m [0m| || 4
[32;1m[Board] [0m  -------------------
[32;1m[Board] [0m3 || |[7;1m [0m| |[7;1m [0m| |[7;1m [0m|[0;1mp[0m|[7;1m [0m|| 3
[32;1m[Board] [0m  -------------------
[32;1m[Board] [0m2 ||[0;1mp[0m|[0;1mp[0m|[0;1mp[0m|[0;1mp[0m|[7;1m [0m|[0;1mp[0m|[7;1m [0m|[0;1mp[0m|| 2
[32;1m[Board] [0m  -------------------
[32;1m[Board] [0m1 ||[0;1mr[0m|[0;1mk[0m|[0;1mb[0m|[0;1mQ[0m|[0;1mK[0m|[0;1mb[0m|[0;1mk[0m|[0;1mr[0m|| 1
[32;1m[Board] [0m  -------------------
[32;1m[Board] [0m    a b c d e f g h
[32;1m[Board] [0m
[32;1m[Referee] [0mThis is the turn of the Black player...
0 0 0 0 0 0 0 0 
0 0 0 0 0 - 0 0 
- - - - - - - - 
- - - - - 0 - - 
- - - - 1 - - - 
- - - - - - 1 - 
1 1 1 1 - 1 - 1 
1 1 1 1 1 1 1 1 
--------
looking for king 0, 0Rook
0
looking for king 0, 1Knight
0
looking for king 0, 2Bishop
0
looking for king 0, 3Queen
0
looking for king 0, 4King
1
looking for king 0, 5Bishop
0
looking for king 0, 6Knight
0
looking for king 0, 7Rook
0
looking for king 1, 0Pawn
0
looking for king 1, 1Pawn
0
looking for king 1, 2Pawn
0
looking for king 1, 3Pawn
0
looking for king 1, 5Pawn
0
looking for king 1, 7Pawn
0
looking for king 2, 6Pawn
0
looking for king 3, 4Pawn
0
looking for king 4, 5Pawn
0
looking for king 6, 0Pawn
0
looking for king 6, 1Pawn
0
looking for king 6, 2Pawn
0
looking for king 6, 3Pawn
0
looking for king 6, 4Pawn
0
looking for king 6, 6Pawn
0
looking for king 6, 7Pawn
0
looking for king 7, 0Rook
0
looking for king 7, 1Knight
0
looking for king 7, 2Bishop
0
looking for king 7, 3Queen
0
looking for king 7, 4King
1
From (4, 5) to (3, 5)
From (4, 5) to (3, 4)
From (6, 0) to (5, 0)
From (6, 0) to (4, 0)
From (6, 1) to (5, 1)
From (6, 1) to (4, 1)
From (6, 2) to (5, 2)
From (6, 2) to (4, 2)
From (6, 3) to (5, 3)
From (6, 3) to (4, 3)
From (6, 4) to (5, 4)
From (6, 4) to (4, 4)
From (6, 6) to (5, 6)
From (6, 6) to (4, 6)
From (6, 7) to (5, 7)
From (6, 7) to (4, 7)
From (7, 1) to (5, 2)
From (7, 1) to (5, 0)
From (7, 4) to (6, 5)
From (7, 6) to (5, 7)
From (7, 6) to (5, 5)
[32;1m[Game] [0mPlayer's error code: 0
[32;1m[Game] [0mChecking move validity...
[32;1m[Board] [0mInitializing board...
[32;1m[Board] [0mLoading history file `championship/xplorers-check-innit-mate/history.csv`...
[32;1m[Board] [0mLoaded 3 move(s).
[32;1m[Board] [0mLoading move file `championship/xplorers-check-innit-mate/move.csv`...
[32;1m[Board] [0mBlack player is playing a7 to a5.
[32;1m[Board] [0m
[32;1m[Board] [0m    a b c d e f g h 
[32;1m[Board] [0m  -------------------
[32;1m[Board] [0m8 ||[30;1mr[0m|[30;1mk[0m|[30;1mb[0m|[30;1mQ[0m|[30;1mK[0m|[30;1mb[0m|[30;1mk[0m|[30;1mr[0m|| 8
[32;1m[Board] [0m  -------------------
[32;1m[Board] [0m7 || |[30;1mp[0m|[30;1mp[0m|[30;1mp[0m|[30;1mp[0m|[7;1m [0m|[30;1mp[0m|[30;1mp[0m|| 7
[32;1m[Board] [0m  -------------------
[32;1m[Board] [0m6 ||[7;1m [0m| |[7;1m [0m| |[7;1m [0m| |[7;1m [0m| || 6
[32;1m[Board] [0m  -------------------
[32;1m[Board] [0m5 ||[30;1mp[0m|[7;1m [0m| |[7;1m [0m| |[30;1mp[0m| |[7;1m [0m|| 5
[32;1m[Board] [0m  -------------------
[32;1m[Board] [0m4 ||[7;1m [0m| |[7;1m [0m| |[0;1mp[0m| |[7;1m [0m| || 4
[32;1m[Board] [0m  -------------------
[32;1m[Board] [0m3 || |[7;1m [0m| |[7;1m [0m| |[7;1m [0m|[0;1mp[0m|[7;1m [0m|| 3
[32;1m[Board] [0m  -------------------
[32;1m[Board] [0m2 ||[0;1mp[0m|[0;1mp[0m|[0;1mp[0m|[0;1mp[0m|[7;1m [0m|[0;1mp[0m|[7;1m [0m|[0;1mp[0m|| 2
[32;1m[Board] [0m  -------------------
[32;1m[Board] [0m1 ||[0;1mr[0m|[0;1mk[0m|[0;1mb[0m|[0;1mQ[0m|[0;1mK[0m|[0;1mb[0m|[0;1mk[0m|[0;1mr[0m|| 1
[32;1m[Board] [0m  -------------------
[32;1m[Board] [0m    a b c d e f g h
[32;1m[Board] [0m
[32;1m[Referee] [0mThis is the turn of the White player...
championship/xplorers-check-innit-mate/history.csv
1
1
1
1
1
1
1
1
Wrote move "f2f3" to championship/xplorers-check-innit-mate/move.csv
-----------------------------------------
| br | bn | bb | bq | bK | bb | bn | br |
-----------------------------------------
|    | bp | bp | bp | bp |    | bp | bp |
-----------------------------------------
|    |    |    |    |    |    |    |    |
-----------------------------------------
| bp |    |    |    |    | bp |    |    |
-----------------------------------------
|    |    |    |    | wp |    |    |    |
-----------------------------------------
|    |    |    |    |    |    | wp |    |
-----------------------------------------
| wp | wp | wp | wp |    | wp |    | wp |
-----------------------------------------
| wr | wn | wb | wq | wK | wb | wn | wr |
-----------------------------------------
[32;1m[Game] [0mPlayer's error code: 0
[32;1m[Game] [0mChecking move validity...
[32;1m[Board] [0mInitializing board...
[32;1m[Board] [0mLoading history file `championship/xplorers-check-innit-mate/history.csv`...
[32;1m[Board] [0mLoaded 4 move(s).
[32;1m[Board] [0mLoading move file `championship/xplorers-check-innit-mate/move.csv`...
[32;1m[Board] [0mWhite player is playing f2 to f3.
[32;1m[Board] [0m
[32;1m[Board] [0m    a b c d e f g h 
[32;1m[Board] [0m  -------------------
[32;1m[Board] [0m8 ||[30;1mr[0m|[30;1mk[0m|[30;1mb[0m|[30;1mQ[0m|[30;1mK[0m|[30;1mb[0m|[30;1mk[0m|[30;1mr[0m|| 8
[32;1m[Board] [0m  -------------------
[32;1m[Board] [0m7 || |[30;1mp[0m|[30;1mp[0m|[30;1mp[0m|[30;1mp[0m|[7;1m [0m|[30;1mp[0m|[30;1mp[0m|| 7
[32;1m[Board] [0m  -------------------
[32;1m[Board] [0m6 ||[7;1m [0m| |[7;1m [0m| |[7;1m [0m| |[7;1m [0m| || 6
[32;1m[Board] [0m  -------------------
[32;1m[Board] [0m5 ||[30;1mp[0m|[7;1m [0m| |[7;1m [0m| |[30;1mp[0m| |[7;1m [0m|| 5
[32;1m[Board] [0m  -------------------
[32;1m[Board] [0m4 ||[7;1m [0m| |[7;1m [0m| |[0;1mp[0m| |[7;1m [0m| || 4
[32;1m[Board] [0m  -------------------
[32;1m[Board] [0m3 || |[7;1m [0m| |[7;1m [0m| |[0;1mp[0m|[0;1mp[0m|[7;1m [0m|| 3
[32;1m[Board] [0m  -------------------
[32;1m[Board] [0m2 ||[0;1mp[0m|[0;1mp[0m|[0;1mp[0m|[0;1mp[0m|[7;1m [0m| |[7;1m [0m|[0;1mp[0m|| 2
[32;1m[Board] [0m  -------------------
[32;1m[Board] [0m1 ||[0;1mr[0m|[0;1mk[0m|[0;1mb[0m|[0;1mQ[0m|[0;1mK[0m|[0;1mb[0m|[0;1mk[0m|[0;1mr[0m|| 1
[32;1m[Board] [0m  -------------------
[32;1m[Board] [0m    a b c d e f g h
[32;1m[Board] [0m
[32;1m[Referee] [0mThis is the turn of the Black player...
0 0 0 0 0 0 0 0 
- 0 0 0 0 - 0 0 
- - - - - - - - 
0 - - - - 0 - - 
- - - - 1 - - - 
- - - - - 1 1 - 
1 1 1 1 - - - 1 
1 1 1 1 1 1 1 1 
--------
looking for king 0, 0Rook
0
looking for king 0, 1Knight
0
looking for king 0, 2Bishop
0
looking for king 0, 3Queen
0
looking for king 0, 4King
1
looking for king 0, 5Bishop
0
looking for king 0, 6Knight
0
looking for king 0, 7Rook
0
looking for king 1, 0Pawn
0
looking for king 1, 1Pawn
0
looking for king 1, 2Pawn
0
looking for king 1, 3Pawn
0
looking for king 1, 7Pawn
0
looking for king 2, 5Pawn
0
looking for king 2, 6Pawn
0
looking for king 3, 4Pawn
0
looking for king 4, 0Pawn
0
looking for king 4, 5Pawn
0
looking for king 6, 1Pawn
0
looking for king 6, 2Pawn
0
looking for king 6, 3Pawn
0
looking for king 6, 4Pawn
0
looking for king 6, 6Pawn
0
looking for king 6, 7Pawn
0
looking for king 7, 0Rook
0
looking for king 7, 1Knight
0
looking for king 7, 2Bishop
0
looking for king 7, 3Queen
0
looking for king 7, 4King
1
From (4, 0) to (3, 0)
From (4, 5) to (3, 5)
From (4, 5) to (3, 4)
From (6, 1) to (5, 1)
From (6, 1) to (4, 1)
From (6, 2) to (5, 2)
From (6, 2) to (4, 2)
From (6, 3) to (5, 3)
From (6, 3) to (4, 3)
From (6, 4) to (5, 4)
From (6, 4) to (4, 4)
From (6, 6) to (5, 6)
From (6, 6) to (4, 6)
From (6, 7) to (5, 7)
From (6, 7) to (4, 7)
From (7, 0) to (6, 0)
From (7, 0) to (5, 0)
From (7, 1) to (5, 2)
From (7, 1) to (5, 0)
From (7, 4) to (6, 5)
From (7, 6) to (5, 7)
From (7, 6) to (5, 5)
[32;1m[Game] [0mPlayer's error code: 0
[32;1m[Game] [0mChecking move validity...
[32;1m[Board] [0mInitializing board...
[32;1m[Board] [0mLoading history file `championship/xplorers-check-innit-mate/history.csv`...
[32;1m[Board] [0mLoaded 5 move(s).
[32;1m[Board] [0mLoading move file `championship/xplorers-check-innit-mate/move.csv`...
[32;1m[Board] [0mBlack player is playing h7 to h5.
[32;1m[Board] [0m
[32;1m[Board] [0m    a b c d e f g h 
[32;1m[Board] [0m  -------------------
[32;1m[Board] [0m8 ||[30;1mr[0m|[30;1mk[0m|[30;1mb[0m|[30;1mQ[0m|[30;1mK[0m|[30;1mb[0m|[30;1mk[0m|[30;1mr[0m|| 8
[32;1m[Board] [0m  -------------------
[32;1m[Board] [0m7 || |[30;1mp[0m|[30;1mp[0m|[30;1mp[0m|[30;1mp[0m|[7;1m [0m|[30;1mp[0m|[7;1m [0m|| 7
[32;1m[Board] [0m  -------------------
[32;1m[Board] [0m6 ||[7;1m [0m| |[7;1m [0m| |[7;1m [0m| |[7;1m [0m| || 6
[32;1m[Board] [0m  -------------------
[32;1m[Board] [0m5 ||[30;1mp[0m|[7;1m [0m| |[7;1m [0m| |[30;1mp[0m| |[30;1mp[0m|| 5
[32;1m[Board] [0m  -------------------
[32;1m[Board] [0m4 ||[7;1m [0m| |[7;1m [0m| |[0;1mp[0m| |[7;1m [0m| || 4
[32;1m[Board] [0m  -------------------
[32;1m[Board] [0m3 || |[7;1m [0m| |[7;1m [0m| |[0;1mp[0m|[0;1mp[0m|[7;1m [0m|| 3
[32;1m[Board] [0m  -------------------
[32;1m[Board] [0m2 ||[0;1mp[0m|[0;1mp[0m|[0;1mp[0m|[0;1mp[0m|[7;1m [0m| |[7;1m [0m|[0;1mp[0m|| 2
[32;1m[Board] [0m  -------------------
[32;1m[Board] [0m1 ||[0;1mr[0m|[0;1mk[0m|[0;1mb[0m|[0;1mQ[0m|[0;1mK[0m|[0;1mb[0m|[0;1mk[0m|[0;1mr[0m|| 1
[32;1m[Board] [0m  -------------------
[32;1m[Board] [0m    a b c d e f g h
[32;1m[Board] [0m
[32;1m[Referee] [0mThis is the turn of the White player...
championship/xplorers-check-innit-mate/history.csv
1
1
1
1
1
1
1
1
Wrote move "b1c3" to championship/xplorers-check-innit-mate/move.csv
-----------------------------------------
| br | bn | bb | bq | bK | bb | bn | br |
-----------------------------------------
|    | bp | bp | bp | bp |    | bp |    |
-----------------------------------------
|    |    |    |    |    |    |    |    |
-----------------------------------------
| bp |    |    |    |    | bp |    | bp |
-----------------------------------------
|    |    |    |    | wp |    |    |    |
-----------------------------------------
|    |    |    |    |    | wp | wp |    |
-----------------------------------------
| wp | wp | wp | wp |    |    |    | wp |
-----------------------------------------
| wr | wn | wb | wq | wK | wb | wn | wr |
-----------------------------------------
[32;1m[Game] [0mPlayer's error code: 0
[32;1m[Game] [0mChecking move validity...
[32;1m[Board] [0mInitializing board...
[32;1m[Board] [0mLoading history file `championship/xplorers-check-innit-mate/history.csv`...
[32;1m[Board] [0mLoaded 6 move(s).
[32;1m[Board] [0mLoading move file `championship/xplorers-check-innit-mate/move.csv`...
[32;1m[Board] [0mWhite player is playing b1 to c3.
[32;1m[Board] [0m
[32;1m[Board] [0m    a b c d e f g h 
[32;1m[Board] [0m  -------------------
[32;1m[Board] [0m8 ||[30;1mr[0m|[30;1mk[0m|[30;1mb[0m|[30;1mQ[0m|[30;1mK[0m|[30;1mb[0m|[30;1mk[0m|[30;1mr[0m|| 8
[32;1m[Board] [0m  -------------------
[32;1m[Board] [0m7 || |[30;1mp[0m|[30;1mp[0m|[30;1mp[0m|[30;1mp[0m|[7;1m [0m|[30;1mp[0m|[7;1m [0m|| 7
[32;1m[Board] [0m  -------------------
[32;1m[Board] [0m6 ||[7;1m [0m| |[7;1m [0m| |[7;1m [0m| |[7;1m [0m| || 6
[32;1m[Board] [0m  -------------------
[32;1m[Board] [0m5 ||[30;1mp[0m|[7;1m [0m| |[7;1m [0m| |[30;1mp[0m| |[30;1mp[0m|| 5
[32;1m[Board] [0m  -------------------
[32;1m[Board] [0m4 ||[7;1m [0m| |[7;1m [0m| |[0;1mp[0m| |[7;1m [0m| || 4
[32;1m[Board] [0m  -------------------
[32;1m[Board] [0m3 || |[7;1m [0m|[0;1mk[0m|[7;1m [0m| |[0;1mp[0m|[0;1mp[0m|[7;1m [0m|| 3
[32;1m[Board] [0m  -------------------
[32;1m[Board] [0m2 ||[0;1mp[0m|[0;1mp[0m|[0;1mp[0m|[0;1mp[0m|[7;1m [0m| |[7;1m [0m|[0;1mp[0m|| 2
[32;1m[Board] [0m  -------------------
[32;1m[Board] [0m1 ||[0;1mr[0m|[7;1m [0m|[0;1mb[0m|[0;1mQ[0m|[0;1mK[0m|[0;1mb[0m|[0;1mk[0m|[0;1mr[0m|| 1
[32;1m[Board] [0m  -------------------
[32;1m[Board] [0m    a b c d e f g h
[32;1m[Board] [0m
[32;1m[Referee] [0mThis is the turn of the Black player...
0 0 0 0 0 0 0 0 
- 0 0 0 0 - 0 - 
- - - - - - - - 
0 - - - - 0 - 0 
- - - - 1 - - - 
- - 1 - - 1 1 - 
1 1 1 1 - - - 1 
1 - 1 1 1 1 1 1 
--------
looking for king 0, 0Rook
0
looking for king 0, 2Bishop
0
looking for king 0, 3Queen
0
looking for king 0, 4King
1
looking for king 0, 5Bishop
0
looking for king 0, 6Knight
0
looking for king 0, 7Rook
0
looking for king 1, 0Pawn
0
looking for king 1, 1Pawn
0
looking for king 1, 2Pawn
0
looking for king 1, 3Pawn
0
looking for king 1, 7Pawn
0
looking for king 2, 2Knight
0
looking for king 2, 5Pawn
0
looking for king 2, 6Pawn
0
looking for king 3, 4Pawn
0
looking for king 4, 0Pawn
0
looking for king 4, 5Pawn
0
looking for king 4, 7Pawn
0
looking for king 6, 1Pawn
0
looking for king 6, 2Pawn
0
looking for king 6, 3Pawn
0
looking for king 6, 4Pawn
0
looking for king 6, 6Pawn
0
looking for king 7, 0Rook
0
looking for king 7, 1Knight
0
looking for king 7, 2Bishop
0
looking for king 7, 3Queen
0
looking for king 7, 4King
1
From (4, 0) to (3, 0)
From (4, 5) to (3, 5)
From (4, 5) to (3, 4)
From (4, 7) to (3, 7)
From (6, 1) to (5, 1)
From (6, 1) to (4, 1)
From (6, 2) to (5, 2)
From (6, 2) to (4, 2)
From (6, 3) to (5, 3)
From (6, 3) to (4, 3)
From (6, 4) to (5, 4)
From (6, 4) to (4, 4)
From (6, 6) to (5, 6)
From (6, 6) to (4, 6)
From (7, 0) to (6, 0)
From (7, 0) to (5, 0)
From (7, 1) to (5, 2)
From (7, 1) to (5, 0)
From (7, 4) to (6, 5)
From (7, 6) to (5, 7)
From (7, 6) to (5, 5)
From (7, 7) to (6, 7)
From (7, 7) to (5, 7)
[32;1m[Game] [0mPlayer's error code: 0
[32;1m[Game] [0mChecking move validity...
[32;1m[Board] [0mInitializing board...
[32;1m[Board] [0mLoading history file `championship/xplorers-check-innit-mate/history.csv`...
[32;1m[Board] [0mLoaded 7 move(s).
[32;1m[Board] [0mLoading move file `championship/xplorers-check-innit-mate/move.csv`...
[32;1m[Board] [0mBlack player is playing f5 to e4.
[32;1m[Board] [0m[5;1mBlack Pawn is taking White Pawn.[0m
[32;1m[Board] [0m
[32;1m[Board] [0m    a b c d e f g h 
[32;1m[Board] [0m  -------------------
[32;1m[Board] [0m8 ||[30;1mr[0m|[30;1mk[0m|[30;1mb[0m|[30;1mQ[0m|[30;1mK[0m|[30;1mb[0m|[30;1mk[0m|[30;1mr[0m|| 8
[32;1m[Board] [0m  -------------------
[32;1m[Board] [0m7 || |[30;1mp[0m|[30;1mp[0m|[30;1mp[0m|[30;1mp[0m|[7;1m [0m|[30;1mp[0m|[7;1m [0m|| 7
[32;1m[Board] [0m  -------------------
[32;1m[Board] [0m6 ||[7;1m [0m| |[7;1m [0m| |[7;1m [0m| |[7;1m [0m| || 6
[32;1m[Board] [0m  -------------------
[32;1m[Board] [0m5 ||[30;1mp[0m|[7;1m [0m| |[7;1m [0m| |[7;1m [0m| |[30;1mp[0m|| 5
[32;1m[Board] [0m  -------------------
[32;1m[Board] [0m4 ||[7;1m [0m| |[7;1m [0m| |[30;1mp[0m| |[7;1m [0m| || 4
[32;1m[Board] [0m  -------------------
[32;1m[Board] [0m3 || |[7;1m [0m|[0;1mk[0m|[7;1m [0m| |[0;1mp[0m|[0;1mp[0m|[7;1m [0m|| 3
[32;1m[Board] [0m  -------------------
[32;1m[Board] [0m2 ||[0;1mp[0m|[0;1mp[0m|[0;1mp[0m|[0;1mp[0m|[7;1m [0m| |[7;1m [0m|[0;1mp[0m|| 2
[32;1m[Board] [0m  -------------------
[32;1m[Board] [0m1 ||[0;1mr[0m|[7;1m [0m|[0;1mb[0m|[0;1mQ[0m|[0;1mK[0m|[0;1mb[0m|[0;1mk[0m|[0;1mr[0m|| 1
[32;1m[Board] [0m  -------------------
[32;1m[Board] [0m    a b c d e f g h
[32;1m[Board] [0m
[32;1m[Referee] [0mThis is the turn of the White player...
championship/xplorers-check-innit-mate/history.csv
1
1
1
1
0
1
1
1
Wrote move "d2d3" to championship/xplorers-check-innit-mate/move.csv
-----------------------------------------
| br | bn | bb | bq | bK | bb | bn | br |
-----------------------------------------
|    | bp | bp | bp | bp |    | bp |    |
-----------------------------------------
|    |    |    |    |    |    |    |    |
-----------------------------------------
| bp |    |    |    |    |    |    | bp |
-----------------------------------------
|    |    |    |    | bp |    |    |    |
-----------------------------------------
|    |    | wn |    |    | wp | wp |    |
-----------------------------------------
| wp | wp | wp | wp |    |    |    | wp |
-----------------------------------------
| wr |    | wb | wq | wK | wb | wn | wr |
-----------------------------------------
[32;1m[Game] [0mPlayer's error code: 0
[32;1m[Game] [0mChecking move validity...
[32;1m[Board] [0mInitializing board...
[32;1m[Board] [0mLoading history file `championship/xplorers-check-innit-mate/history.csv`...
[32;1m[Board] [0mLoaded 8 move(s).
[32;1m[Board] [0mLoading move file `championship/xplorers-check-innit-mate/move.csv`...
[32;1m[Board] [0mWhite player is playing d2 to d3.
[32;1m[Board] [0m
[32;1m[Board] [0m    a b c d e f g h 
[32;1m[Board] [0m  -------------------
[32;1m[Board] [0m8 ||[30;1mr[0m|[30;1mk[0m|[30;1mb[0m|[30;1mQ[0m|[30;1mK[0m|[30;1mb[0m|[30;1mk[0m|[30;1mr[0m|| 8
[32;1m[Board] [0m  -------------------
[32;1m[Board] [0m7 || |[30;1mp[0m|[30;1mp[0m|[30;1mp[0m|[30;1mp[0m|[7;1m [0m|[30;1mp[0m|[7;1m [0m|| 7
[32;1m[Board] [0m  -------------------
[32;1m[Board] [0m6 ||[7;1m [0m| |[7;1m [0m| |[7;1m [0m| |[7;1m [0m| || 6
[32;1m[Board] [0m  -------------------
[32;1m[Board] [0m5 ||[30;1mp[0m|[7;1m [0m| |[7;1m [0m| |[7;1m [0m| |[30;1mp[0m|| 5
[32;1m[Board] [0m  -------------------
[32;1m[Board] [0m4 ||[7;1m [0m| |[7;1m [0m| |[30;1mp[0m| |[7;1m [0m| || 4
[32;1m[Board] [0m  -------------------
[32;1m[Board] [0m3 || |[7;1m [0m|[0;1mk[0m|[0;1mp[0m| |[0;1mp[0m|[0;1mp[0m|[7;1m [0m|| 3
[32;1m[Board] [0m  -------------------
[32;1m[Board] [0m2 ||[0;1mp[0m|[0;1mp[0m|[0;1mp[0m| |[7;1m [0m| |[7;1m [0m|[0;1mp[0m|| 2
[32;1m[Board] [0m  -------------------
[32;1m[Board] [0m1 ||[0;1mr[0m|[7;1m [0m|[0;1mb[0m|[0;1mQ[0m|[0;1mK[0m|[0;1mb[0m|[0;1mk[0m|[0;1mr[0m|| 1
[32;1m[Board] [0m  -------------------
[32;1m[Board] [0m    a b c d e f g h
[32;1m[Board] [0m
[32;1m[Referee] [0mThis is the turn of the Black player...
0 0 0 0 0 0 0 0 
- 0 0 0 0 - 0 - 
- - - - - - - - 
0 - - - - - - 0 
- - - - 0 - - - 
- - 1 1 - 1 1 - 
1 1 1 - - - - 1 
1 - 1 1 1 1 1 1 
--------
looking for king 0, 0Rook
0
looking for king 0, 2Bishop
0
looking for king 0, 3Queen
0
looking for king 0, 4King
1
looking for king 0, 5Bishop
0
looking for king 0, 6Knight
0
looking for king 0, 7Rook
0
looking for king 1, 0Pawn
0
looking for king 1, 1Pawn
0
looking for king 1, 2Pawn
0
looking for king 1, 7Pawn
0
looking for king 2, 2Knight
0
looking for king 2, 3Pawn
0
looking for king 2, 5Pawn
0
looking for king 2, 6Pawn
0
looking for king 3, 4Pawn
0
looking for king 4, 0Pawn
0
looking for king 4, 7Pawn
0
looking for king 6, 1Pawn
0
looking for king 6, 2Pawn
0
looking for king 6, 3Pawn
0
looking for king 6, 4Pawn
0
looking for king 6, 6Pawn
0
looking for king 7, 0Rook
0
looking for king 7, 1Knight
0
looking for king 7, 2Bishop
0
looking for king 7, 3Queen
0
looking for king 7, 4King
1
From (3, 4) to (2, 4)
From (3, 4) to (2, 3)
From (3, 4) to (2, 5)
From (4, 0) to (3, 0)
From (4, 7) to (3, 7)
From (6, 1) to (5, 1)
From (6, 1) to (4, 1)
From (6, 2) to (5, 2)
From (6, 2) to (4, 2)
From (6, 3) to (5, 3)
From (6, 3) to (4, 3)
From (6, 4) to (5, 4)
From (6, 4) to (4, 4)
From (6, 6) to (5, 6)
From (6, 6) to (4, 6)
From (7, 0) to (6, 0)
From (7, 0) to (5, 0)
From (7, 1) to (5, 2)
From (7, 1) to (5, 0)
From (7, 4) to (6, 5)
From (7, 6) to (5, 7)
From (7, 6) to (5, 5)
From (7, 7) to (6, 7)
From (7, 7) to (5, 7)
[32;1m[Game] [0mPlayer's error code: 0
[32;1m[Game] [0mChecking move validity...
[32;1m[Board] [0mInitializing board...
[32;1m[Board] [0mLoading history file `championship/xplorers-check-innit-mate/history.csv`...
[32;1m[Board] [0mLoaded 9 move(s).
[32;1m[Board] [0mLoading move file `championship/xplorers-check-innit-mate/move.csv`...
[32;1m[Board] [0mBlack player is playing b8 to a6.
[32;1m[Board] [0m
[32;1m[Board] [0m    a b c d e f g h 
[32;1m[Board] [0m  -------------------
[32;1m[Board] [0m8 ||[30;1mr[0m| |[30;1mb[0m|[30;1mQ[0m|[30;1mK[0m|[30;1mb[0m|[30;1mk[0m|[30;1mr[0m|| 8
[32;1m[Board] [0m  -------------------
[32;1m[Board] [0m7 || |[30;1mp[0m|[30;1mp[0m|[30;1mp[0m|[30;1mp[0m|[7;1m [0m|[30;1mp[0m|[7;1m [0m|| 7
[32;1m[Board] [0m  -------------------
[32;1m[Board] [0m6 ||[30;1mk[0m| |[7;1m [0m| |[7;1m [0m| |[7;1m [0m| || 6
[32;1m[Board] [0m  -------------------
[32;1m[Board] [0m5 ||[30;1mp[0m|[7;1m [0m| |[7;1m [0m| |[7;1m [0m| |[30;1mp[0m|| 5
[32;1m[Board] [0m  -------------------
[32;1m[Board] [0m4 ||[7;1m [0m| |[7;1m [0m| |[30;1mp[0m| |[7;1m [0m| || 4
[32;1m[Board] [0m  -------------------
[32;1m[Board] [0m3 || |[7;1m [0m|[0;1mk[0m|[0;1mp[0m| |[0;1mp[0m|[0;1mp[0m|[7;1m [0m|| 3
[32;1m[Board] [0m  -------------------
[32;1m[Board] [0m2 ||[0;1mp[0m|[0;1mp[0m|[0;1mp[0m| |[7;1m [0m| |[7;1m [0m|[0;1mp[0m|| 2
[32;1m[Board] [0m  -------------------
[32;1m[Board] [0m1 ||[0;1mr[0m|[7;1m [0m|[0;1mb[0m|[0;1mQ[0m|[0;1mK[0m|[0;1mb[0m|[0;1mk[0m|[0;1mr[0m|| 1
[32;1m[Board] [0m  -------------------
[32;1m[Board] [0m    a b c d e f g h
[32;1m[Board] [0m
[32;1m[Referee] [0mThis is the turn of the White player...
championship/xplorers-check-innit-mate/history.csv
1
1
1
1
0
1
1
1
Wrote move "d1d2" to championship/xplorers-check-innit-mate/move.csv
-----------------------------------------
| br |    | bb | bq | bK | bb | bn | br |
-----------------------------------------
|    | bp | bp | bp | bp |    | bp |    |
-----------------------------------------
| bn |    |    |    |    |    |    |    |
-----------------------------------------
| bp |    |    |    |    |    |    | bp |
-----------------------------------------
|    |    |    |    | bp |    |    |    |
-----------------------------------------
|    |    | wn | wp |    | wp | wp |    |
-----------------------------------------
| wp | wp | wp |    |    |    |    | wp |
-----------------------------------------
| wr |    | wb | wq | wK | wb | wn | wr |
-----------------------------------------
[32;1m[Game] [0mPlayer's error code: 0
[32;1m[Game] [0mChecking move validity...
[32;1m[Board] [0mInitializing board...
[32;1m[Board] [0mLoading history file `championship/xplorers-check-innit-mate/history.csv`...
[32;1m[Board] [0mLoaded 10 move(s).
[32;1m[Board] [0mLoading move file `championship/xplorers-check-innit-mate/move.csv`...
[32;1m[Board] [0mWhite player is playing d1 to d2.
[32;1m[Board] [0m
[32;1m[Board] [0m    a b c d e f g h 
[32;1m[Board] [0m  -------------------
[32;1m[Board] [0m8 ||[30;1mr[0m| |[30;1mb[0m|[30;1mQ[0m|[30;1mK[0m|[30;1mb[0m|[30;1mk[0m|[30;1mr[0m|| 8
[32;1m[Board] [0m  -------------------
[32;1m[Board] [0m7 || |[30;1mp[0m|[30;1mp[0m|[30;1mp[0m|[30;1mp[0m|[7;1m [0m|[30;1mp[0m|[7;1m [0m|| 7
[32;1m[Board] [0m  -------------------
[32;1m[Board] [0m6 ||[30;1mk[0m| |[7;1m [0m| |[7;1m [0m| |[7;1m [0m| || 6
[32;1m[Board] [0m  -------------------
[32;1m[Board] [0m5 ||[30;1mp[0m|[7;1m [0m| |[7;1m [0m| |[7;1m [0m| |[30;1mp[0m|| 5
[32;1m[Board] [0m  -------------------
[32;1m[Board] [0m4 ||[7;1m [0m| |[7;1m [0m| |[30;1mp[0m| |[7;1m [0m| || 4
[32;1m[Board] [0m  -------------------
[32;1m[Board] [0m3 || |[7;1m [0m|[0;1mk[0m|[0;1mp[0m| |[0;1mp[0m|[0;1mp[0m|[7;1m [0m|| 3
[32;1m[Board] [0m  -------------------
[32;1m[Board] [0m2 ||[0;1mp[0m|[0;1mp[0m|[0;1mp[0m|[0;1mQ[0m|[7;1m [0m| |[7;1m [0m|[0;1mp[0m|| 2
[32;1m[Board] [0m  -------------------
[32;1m[Board] [0m1 ||[0;1mr[0m|[7;1m [0m|[0;1mb[0m|[7;1m [0m|[0;1mK[0m|[0;1mb[0m|[0;1mk[0m|[0;1mr[0m|| 1
[32;1m[Board] [0m  -------------------
[32;1m[Board] [0m    a b c d e f g h
[32;1m[Board] [0m
[32;1m[Referee] [0mThis is the turn of the Black player...
0 - 0 0 0 0 0 0 
- 0 0 0 0 - 0 - 
0 - - - - - - - 
0 - - - - - - 0 
- - - - 0 - - - 
- - 1 1 - 1 1 - 
1 1 1 1 - - - 1 
1 - 1 - 1 1 1 1 
--------
looking for king 0, 0Rook
0
looking for king 0, 2Bishop
0
looking for king 0, 4King
1
looking for king 0, 5Bishop
0
looking for king 0, 6Knight
0
looking for king 0, 7Rook
0
looking for king 1, 0Pawn
0
looking for king 1, 1Pawn
0
looking for king 1, 2Pawn
0
looking for king 1, 3Queen
0
looking for king 1, 7Pawn
0
looking for king 2, 2Knight
0
looking for king 2, 3Pawn
0
looking for king 2, 5Pawn
0
looking for king 2, 6Pawn
0
looking for king 3, 4Pawn
0
looking for king 4, 0Pawn
0
looking for king 4, 7Pawn
0
looking for king 5, 0Knight
0
looking for king 6, 1Pawn
0
looking for king 6, 2Pawn
0
looking for king 6, 3Pawn
0
looking for king 6, 4Pawn
0
looking for king 6, 6Pawn
0
looking for king 7, 0Rook
0
looking for king 7, 2Bishop
0
looking for king 7, 3Queen
0
looking for king 7, 4King
1
From (3, 4) to (2, 4)
From (3, 4) to (2, 3)
From (3, 4) to (2, 5)
From (4, 0) to (3, 0)
From (4, 7) to (3, 7)
From (5, 0) to (7, 1)
From (5, 0) to (3, 1)
From (5, 0) to (4, 2)
From (6, 1) to (5, 1)
From (6, 1) to (4, 1)
From (6, 2) to (5, 2)
From (6, 2) to (4, 2)
From (6, 3) to (5, 3)
From (6, 3) to (4, 3)
From (6, 4) to (5, 4)
From (6, 4) to (4, 4)
From (6, 6) to (5, 6)
From (6, 6) to (4, 6)
From (7, 0) to (6, 0)
From (7, 0) to (7, 1)
From (7, 4) to (6, 5)
From (7, 6) to (5, 7)
From (7, 6) to (5, 5)
From (7, 7) to (6, 7)
From (7, 7) to (5, 7)
[32;1m[Game] [0mPlayer's error code: 0
[32;1m[Game] [0mChecking move validity...
[32;1m[Board] [0mInitializing board...
[32;1m[Board] [0mLoading history file `championship/xplorers-check-innit-mate/history.csv`...
[32;1m[Board] [0mLoaded 11 move(s).
[32;1m[Board] [0mLoading move file `championship/xplorers-check-innit-mate/move.csv`...
[32;1m[Board] [0mBlack player is playing a5 to a4.
[32;1m[Board] [0m
[32;1m[Board] [0m    a b c d e f g h 
[32;1m[Board] [0m  -------------------
[32;1m[Board] [0m8 ||[30;1mr[0m| |[30;1mb[0m|[30;1mQ[0m|[30;1mK[0m|[30;1mb[0m|[30;1mk[0m|[30;1mr[0m|| 8
[32;1m[Board] [0m  -------------------
[32;1m[Board] [0m7 || |[30;1mp[0m|[30;1mp[0m|[30;1mp[0m|[30;1mp[0m|[7;1m [0m|[30;1mp[0m|[7;1m [0m|| 7
[32;1m[Board] [0m  -------------------
[32;1m[Board] [0m6 ||[30;1mk[0m| |[7;1m [0m| |[7;1m [0m| |[7;1m [0m| || 6
[32;1m[Board] [0m  -------------------
[32;1m[Board] [0m5 || |[7;1m [0m| |[7;1m [0m| |[7;1m [0m| |[30;1mp[0m|| 5
[32;1m[Board] [0m  -------------------
[32;1m[Board] [0m4 ||[30;1mp[0m| |[7;1m [0m| |[30;1mp[0m| |[7;1m [0m| || 4
[32;1m[Board] [0m  -------------------
[32;1m[Board] [0m3 || |[7;1m [0m|[0;1mk[0m|[0;1mp[0m| |[0;1mp[0m|[0;1mp[0m|[7;1m [0m|| 3
[32;1m[Board] [0m  -------------------
[32;1m[Board] [0m2 ||[0;1mp[0m|[0;1mp[0m|[0;1mp[0m|[0;1mQ[0m|[7;1m [0m| |[7;1m [0m|[0;1mp[0m|| 2
[32;1m[Board] [0m  -------------------
[32;1m[Board] [0m1 ||[0;1mr[0m|[7;1m [0m|[0;1mb[0m|[7;1m [0m|[0;1mK[0m|[0;1mb[0m|[0;1mk[0m|[0;1mr[0m|| 1
[32;1m[Board] [0m  -------------------
[32;1m[Board] [0m    a b c d e f g h
[32;1m[Board] [0m
[32;1m[Referee] [0mThis is the turn of the White player...
championship/xplorers-check-innit-mate/history.csv
1
1
1
1
0
1
1
1
Wrote move "a1b1" to championship/xplorers-check-innit-mate/move.csv
-----------------------------------------
| br |    | bb | bq | bK | bb | bn | br |
-----------------------------------------
|    | bp | bp | bp | bp |    | bp |    |
-----------------------------------------
| bn |    |    |    |    |    |    |    |
-----------------------------------------
|    |    |    |    |    |    |    | bp |
-----------------------------------------
| bp |    |    |    | bp |    |    |    |
-----------------------------------------
|    |    | wn | wp |    | wp | wp |    |
-----------------------------------------
| wp | wp | wp | wq |    |    |    | wp |
-----------------------------------------
| wr |    | wb |    | wK | wb | wn | wr |
-----------------------------------------
[32;1m[Game] [0mPlayer's error code: 0
[32;1m[Game] [0mChecking move validity...
[32;1m[Board] [0mInitializing board...
[32;1m[Board] [0mLoading history file `championship/xplorers-check-innit-mate/history.csv`...
[32;1m[Board] [0mLoaded 12 move(s).
[32;1m[Board] [0mLoading move file `championship/xplorers-check-innit-mate/move.csv`...
[32;1m[Board] [0mWhite player is playing a1 to b1.
[32;1m[Board] [0m
[32;1m[Board] [0m    a b c d e f g h 
[32;1m[Board] [0m  -------------------
[32;1m[Board] [0m8 ||[30;1mr[0m| |[30;1mb[0m|[30;1mQ[0m|[30;1mK[0m|[30;1mb[0m|[30;1mk[0m|[30;1mr[0m|| 8
[32;1m[Board] [0m  -------------------
[32;1m[Board] [0m7 || |[30;1mp[0m|[30;1mp[0m|[30;1mp[0m|[30;1mp[0m|[7;1m [0m|[30;1mp[0m|[7;1m [0m|| 7
[32;1m[Board] [0m  -------------------
[32;1m[Board] [0m6 ||[30;1mk[0m| |[7;1m [0m| |[7;1m [0m| |[7;1m [0m| || 6
[32;1m[Board] [0m  -------------------
[32;1m[Board] [0m5 || |[7;1m [0m| |[7;1m [0m| |[7;1m [0m| |[30;1mp[0m|| 5
[32;1m[Board] [0m  -------------------
[32;1m[Board] [0m4 ||[30;1mp[0m| |[7;1m [0m| |[30;1mp[0m| |[7;1m [0m| || 4
[32;1m[Board] [0m  -------------------
[32;1m[Board] [0m3 || |[7;1m [0m|[0;1mk[0m|[0;1mp[0m| |[0;1mp[0m|[0;1mp[0m|[7;1m [0m|| 3
[32;1m[Board] [0m  -------------------
[32;1m[Board] [0m2 ||[0;1mp[0m|[0;1mp[0m|[0;1mp[0m|[0;1mQ[0m|[7;1m [0m| |[7;1m [0m|[0;1mp[0m|| 2
[32;1m[Board] [0m  -------------------
[32;1m[Board] [0m1 || |[0;1mr[0m|[0;1mb[0m|[7;1m [0m|[0;1mK[0m|[0;1mb[0m|[0;1mk[0m|[0;1mr[0m|| 1
[32;1m[Board] [0m  -------------------
[32;1m[Board] [0m    a b c d e f g h
[32;1m[Board] [0m
[32;1m[Referee] [0mThis is the turn of the Black player...
0 - 0 0 0 0 0 0 
- 0 0 0 0 - 0 - 
0 - - - - - - - 
- - - - - - - 0 
0 - - - 0 - - - 
- - 1 1 - 1 1 - 
1 1 1 1 - - - 1 
- 1 1 - 1 1 1 1 
--------
looking for king 0, 1Rook
0
looking for king 0, 2Bishop
0
looking for king 0, 4King
1
looking for king 0, 5Bishop
0
looking for king 0, 6Knight
0
looking for king 0, 7Rook
0
looking for king 1, 0Pawn
0
looking for king 1, 1Pawn
0
looking for king 1, 2Pawn
0
looking for king 1, 3Queen
0
looking for king 1, 7Pawn
0
looking for king 2, 2Knight
0
looking for king 2, 3Pawn
0
looking for king 2, 5Pawn
0
looking for king 2, 6Pawn
0
looking for king 3, 0Pawn
0
looking for king 3, 4Pawn
0
looking for king 4, 7Pawn
0
looking for king 5, 0Knight
0
looking for king 6, 1Pawn
0
looking for king 6, 2Pawn
0
looking for king 6, 3Pawn
0
looking for king 6, 4Pawn
0
looking for king 6, 6Pawn
0
looking for king 7, 0Rook
0
looking for king 7, 2Bishop
0
looking for king 7, 3Queen
0
looking for king 7, 4King
1
From (3, 0) to (2, 0)
From (3, 4) to (2, 4)
From (3, 4) to (2, 3)
From (3, 4) to (2, 5)
From (4, 7) to (3, 7)
From (5, 0) to (7, 1)
From (5, 0) to (3, 1)
From (5, 0) to (4, 2)
From (6, 1) to (5, 1)
From (6, 1) to (4, 1)
From (6, 2) to (5, 2)
From (6, 2) to (4, 2)
From (6, 3) to (5, 3)
From (6, 3) to (4, 3)
From (6, 4) to (5, 4)
From (6, 4) to (4, 4)
From (6, 6) to (5, 6)
From (6, 6) to (4, 6)
From (7, 0) to (6, 0)
From (7, 0) to (7, 1)
From (7, 4) to (6, 5)
From (7, 6) to (5, 7)
From (7, 6) to (5, 5)
From (7, 7) to (6, 7)
From (7, 7) to (5, 7)
[32;1m[Game] [0mPlayer's error code: 0
[32;1m[Game] [0mChecking move validity...
[32;1m[Board] [0mInitializing board...
[32;1m[Board] [0mLoading history file `championship/xplorers-check-innit-mate/history.csv`...
[32;1m[Board] [0mLoaded 13 move(s).
[32;1m[Board] [0mLoading move file `championship/xplorers-check-innit-mate/move.csv`...
[32;1m[Board] [0mBlack player is playing e7 to e6.
[32;1m[Board] [0m
[32;1m[Board] [0m    a b c d e f g h 
[32;1m[Board] [0m  -------------------
[32;1m[Board] [0m8 ||[30;1mr[0m| |[30;1mb[0m|[30;1mQ[0m|[30;1mK[0m|[30;1mb[0m|[30;1mk[0m|[30;1mr[0m|| 8
[32;1m[Board] [0m  -------------------
[32;1m[Board] [0m7 || |[30;1mp[0m|[30;1mp[0m|[30;1mp[0m| |[7;1m [0m|[30;1mp[0m|[7;1m [0m|| 7
[32;1m[Board] [0m  -------------------
[32;1m[Board] [0m6 ||[30;1mk[0m| |[7;1m [0m| |[30;1mp[0m| |[7;1m [0m| || 6
[32;1m[Board] [0m  -------------------
[32;1m[Board] [0m5 || |[7;1m [0m| |[7;1m [0m| |[7;1m [0m| |[30;1mp[0m|| 5
[32;1m[Board] [0m  -------------------
[32;1m[Board] [0m4 ||[30;1mp[0m| |[7;1m [0m| |[30;1mp[0m| |[7;1m [0m| || 4
[32;1m[Board] [0m  -------------------
[32;1m[Board] [0m3 || |[7;1m [0m|[0;1mk[0m|[0;1mp[0m| |[0;1mp[0m|[0;1mp[0m|[7;1m [0m|| 3
[32;1m[Board] [0m  -------------------
[32;1m[Board] [0m2 ||[0;1mp[0m|[0;1mp[0m|[0;1mp[0m|[0;1mQ[0m|[7;1m [0m| |[7;1m [0m|[0;1mp[0m|| 2
[32;1m[Board] [0m  -------------------
[32;1m[Board] [0m1 || |[0;1mr[0m|[0;1mb[0m|[7;1m [0m|[0;1mK[0m|[0;1mb[0m|[0;1mk[0m|[0;1mr[0m|| 1
[32;1m[Board] [0m  -------------------
[32;1m[Board] [0m    a b c d e f g h
[32;1m[Board] [0m
[32;1m[Referee] [0mThis is the turn of the White player...
championship/xplorers-check-innit-mate/history.csv
1
1
1
1
0
1
1
1
Wrote move "d2g5" to championship/xplorers-check-innit-mate/move.csv
-----------------------------------------
| br |    | bb | bq | bK | bb | bn | br |
-----------------------------------------
|    | bp | bp | bp |    |    | bp |    |
-----------------------------------------
| bn |    |    |    | bp |    |    |    |
-----------------------------------------
|    |    |    |    |    |    |    | bp |
-----------------------------------------
| bp |    |    |    | bp |    |    |    |
-----------------------------------------
|    |    | wn | wp |    | wp | wp |    |
-----------------------------------------
| wp | wp | wp | wq |    |    |    | wp |
-----------------------------------------
|    | wr | wb |    | wK | wb | wn | wr |
-----------------------------------------
[32;1m[Game] [0mPlayer's error code: 0
[32;1m[Game] [0mChecking move validity...
[32;1m[Board] [0mInitializing board...
[32;1m[Board] [0mLoading history file `championship/xplorers-check-innit-mate/history.csv`...
[32;1m[Board] [0mLoaded 14 move(s).
[32;1m[Board] [0mLoading move file `championship/xplorers-check-innit-mate/move.csv`...
[32;1m[Board] [0mWhite player is playing d2 to g5.
[32;1m[Board] [0m
[32;1m[Board] [0m    a b c d e f g h 
[32;1m[Board] [0m  -------------------
[32;1m[Board] [0m8 ||[30;1mr[0m| |[30;1mb[0m|[30;1mQ[0m|[30;1mK[0m|[30;1mb[0m|[30;1mk[0m|[30;1mr[0m|| 8
[32;1m[Board] [0m  -------------------
[32;1m[Board] [0m7 || |[30;1mp[0m|[30;1mp[0m|[30;1mp[0m| |[7;1m [0m|[30;1mp[0m|[7;1m [0m|| 7
[32;1m[Board] [0m  -------------------
[32;1m[Board] [0m6 ||[30;1mk[0m| |[7;1m [0m| |[30;1mp[0m| |[7;1m [0m| || 6
[32;1m[Board] [0m  -------------------
[32;1m[Board] [0m5 || |[7;1m [0m| |[7;1m [0m| |[7;1m [0m|[0;1mQ[0m|[30;1mp[0m|| 5
[32;1m[Board] [0m  -------------------
[32;1m[Board] [0m4 ||[30;1mp[0m| |[7;1m [0m| |[30;1mp[0m| |[7;1m [0m| || 4
[32;1m[Board] [0m  -------------------
[32;1m[Board] [0m3 || |[7;1m [0m|[0;1mk[0m|[0;1mp[0m| |[0;1mp[0m|[0;1mp[0m|[7;1m [0m|| 3
[32;1m[Board] [0m  -------------------
[32;1m[Board] [0m2 ||[0;1mp[0m|[0;1mp[0m|[0;1mp[0m| |[7;1m [0m| |[7;1m [0m|[0;1mp[0m|| 2
[32;1m[Board] [0m  -------------------
[32;1m[Board] [0m1 || |[0;1mr[0m|[0;1mb[0m|[7;1m [0m|[0;1mK[0m|[0;1mb[0m|[0;1mk[0m|[0;1mr[0m|| 1
[32;1m[Board] [0m  -------------------
[32;1m[Board] [0m    a b c d e f g h
[32;1m[Board] [0m
[32;1m[Referee] [0mThis is the turn of the Black player...
0 - 0 0 0 0 0 0 
- 0 0 0 - - 0 - 
0 - - - 0 - - - 
- - - - - - 1 0 
0 - - - 0 - - - 
- - 1 1 - 1 1 - 
1 1 1 - - - - 1 
- 1 1 - 1 1 1 1 
--------
looking for king 0, 1Rook
0
looking for king 0, 2Bishop
0
looking for king 0, 4King
1
looking for king 0, 5Bishop
0
looking for king 0, 6Knight
0
looking for king 0, 7Rook
0
looking for king 1, 0Pawn
0
looking for king 1, 1Pawn
0
looking for king 1, 2Pawn
0
looking for king 1, 7Pawn
0
looking for king 2, 2Knight
0
looking for king 2, 3Pawn
0
looking for king 2, 5Pawn
0
looking for king 2, 6Pawn
0
looking for king 3, 0Pawn
0
looking for king 3, 4Pawn
0
looking for king 4, 6Queen
0
looking for king 4, 7Pawn
0
looking for king 5, 0Knight
0
looking for king 5, 4Pawn
0
looking for king 6, 1Pawn
0
looking for king 6, 2Pawn
0
looking for king 6, 3Pawn
0
looking for king 6, 6Pawn
0
looking for king 7, 0Rook
0
looking for king 7, 2Bishop
0
looking for king 7, 3Queen
0
looking for king 7, 4King
1
From (3, 0) to (2, 0)
From (3, 4) to (2, 4)
From (3, 4) to (2, 3)
From (3, 4) to (2, 5)
From (4, 7) to (3, 7)
From (5, 0) to (7, 1)
From (5, 0) to (3, 1)
From (5, 0) to (4, 2)
From (5, 4) to (4, 4)
From (6, 1) to (5, 1)
From (6, 1) to (4, 1)
From (6, 2) to (5, 2)
From (6, 2) to (4, 2)
From (6, 3) to (5, 3)
From (6, 3) to (4, 3)
From (6, 6) to (5, 6)
From (7, 0) to (6, 0)
From (7, 0) to (7, 1)
From (7, 3) to (6, 4)
From (7, 3) to (5, 5)
From (7, 3) to (4, 6)
From (7, 4) to (6, 4)
From (7, 4) to (6, 5)
From (7, 5) to (6, 4)
From (7, 5) to (5, 3)
From (7, 5) to (4, 2)
From (7, 5) to (3, 1)
From (7, 5) to (2, 0)
From (7, 6) to (5, 7)
From (7, 6) to (5, 5)
From (7, 6) to (6, 4)
From (7, 7) to (6, 7)
From (7, 7) to (5, 7)
[32;1m[Game] [0mPlayer's error code: 0
[32;1m[Game] [0mChecking move validity...
[32;1m[Board] [0mInitializing board...
[32;1m[Board] [0mLoading history file `championship/xplorers-check-innit-mate/history.csv`...
[32;1m[Board] [0mLoaded 15 move(s).
[32;1m[Board] [0mLoading move file `championship/xplorers-check-innit-mate/move.csv`...
[32;1m[Board] [0mBlack player is playing c7 to c5.
[32;1m[Board] [0m
[32;1m[Board] [0m    a b c d e f g h 
[32;1m[Board] [0m  -------------------
[32;1m[Board] [0m8 ||[30;1mr[0m| |[30;1mb[0m|[30;1mQ[0m|[30;1mK[0m|[30;1mb[0m|[30;1mk[0m|[30;1mr[0m|| 8
[32;1m[Board] [0m  -------------------
[32;1m[Board] [0m7 || |[30;1mp[0m| |[30;1mp[0m| |[7;1m [0m|[30;1mp[0m|[7;1m [0m|| 7
[32;1m[Board] [0m  -------------------
[32;1m[Board] [0m6 ||[30;1mk[0m| |[7;1m [0m| |[30;1mp[0m| |[7;1m [0m| || 6
[32;1m[Board] [0m  -------------------
[32;1m[Board] [0m5 || |[7;1m [0m|[30;1mp[0m|[7;1m [0m| |[7;1m [0m|[0;1mQ[0m|[30;1mp[0m|| 5
[32;1m[Board] [0m  -------------------
[32;1m[Board] [0m4 ||[30;1mp[0m| |[7;1m [0m| |[30;1mp[0m| |[7;1m [0m| || 4
[32;1m[Board] [0m  -------------------
[32;1m[Board] [0m3 || |[7;1m [0m|[0;1mk[0m|[0;1mp[0m| |[0;1mp[0m|[0;1mp[0m|[7;1m [0m|| 3
[32;1m[Board] [0m  -------------------
[32;1m[Board] [0m2 ||[0;1mp[0m|[0;1mp[0m|[0;1mp[0m| |[7;1m [0m| |[7;1m [0m|[0;1mp[0m|| 2
[32;1m[Board] [0m  -------------------
[32;1m[Board] [0m1 || |[0;1mr[0m|[0;1mb[0m|[7;1m [0m|[0;1mK[0m|[0;1mb[0m|[0;1mk[0m|[0;1mr[0m|| 1
[32;1m[Board] [0m  -------------------
[32;1m[Board] [0m    a b c d e f g h
[32;1m[Board] [0m
[32;1m[Referee] [0mThis is the turn of the White player...
championship/xplorers-check-innit-mate/history.csv
1
1
1
1
0
1
1
1
Wrote move "c1e3" to championship/xplorers-check-innit-mate/move.csv
-----------------------------------------
| br |    | bb | bq | bK | bb | bn | br |
-----------------------------------------
|    | bp |    | bp |    |    | bp |    |
-----------------------------------------
| bn |    |    |    | bp |    |    |    |
-----------------------------------------
|    |    | bp |    |    |    | wq | bp |
-----------------------------------------
| bp |    |    |    | bp |    |    |    |
-----------------------------------------
|    |    | wn | wp |    | wp | wp |    |
-----------------------------------------
| wp | wp | wp |    |    |    |    | wp |
-----------------------------------------
|    | wr | wb |    | wK | wb | wn | wr |
-----------------------------------------
[32;1m[Game] [0mPlayer's error code: 0
[32;1m[Game] [0mChecking move validity...
[32;1m[Board] [0mInitializing board...
[32;1m[Board] [0mLoading history file `championship/xplorers-check-innit-mate/history.csv`...
[32;1m[Board] [0mLoaded 16 move(s).
[32;1m[Board] [0mLoading move file `championship/xplorers-check-innit-mate/move.csv`...
[32;1m[Board] [0mWhite player is playing c1 to e3.
[32;1m[Board] [0m
[32;1m[Board] [0m    a b c d e f g h 
[32;1m[Board] [0m  -------------------
[32;1m[Board] [0m8 ||[30;1mr[0m| |[30;1mb[0m|[30;1mQ[0m|[30;1mK[0m|[30;1mb[0m|[30;1mk[0m|[30;1mr[0m|| 8
[32;1m[Board] [0m  -------------------
[32;1m[Board] [0m7 || |[30;1mp[0m| |[30;1mp[0m| |[7;1m [0m|[30;1mp[0m|[7;1m [0m|| 7
[32;1m[Board] [0m  -------------------
[32;1m[Board] [0m6 ||[30;1mk[0m| |[7;1m [0m| |[30;1mp[0m| |[7;1m [0m| || 6
[32;1m[Board] [0m  -------------------
[32;1m[Board] [0m5 || |[7;1m [0m|[30;1mp[0m|[7;1m [0m| |[7;1m [0m|[0;1mQ[0m|[30;1mp[0m|| 5
[32;1m[Board] [0m  -------------------
[32;1m[Board] [0m4 ||[30;1mp[0m| |[7;1m [0m| |[30;1mp[0m| |[7;1m [0m| || 4
[32;1m[Board] [0m  -------------------
[32;1m[Board] [0m3 || |[7;1m [0m|[0;1mk[0m|[0;1mp[0m|[0;1mb[0m|[0;1mp[0m|[0;1mp[0m|[7;1m [0m|| 3
[32;1m[Board] [0m  -------------------
[32;1m[Board] [0m2 ||[0;1mp[0m|[0;1mp[0m|[0;1mp[0m| |[7;1m [0m| |[7;1m [0m|[0;1mp[0m|| 2
[32;1m[Board] [0m  -------------------
[32;1m[Board] [0m1 || |[0;1mr[0m| |[7;1m [0m|[0;1mK[0m|[0;1mb[0m|[0;1mk[0m|[0;1mr[0m|| 1
[32;1m[Board] [0m  -------------------
[32;1m[Board] [0m    a b c d e f g h
[32;1m[Board] [0m
[32;1m[Referee] [0mThis is the turn of the Black player...
0 - 0 0 0 0 0 0 
- 0 - 0 - - 0 - 
0 - - - 0 - - - 
- - 0 - - - 1 0 
0 - - - 0 - - - 
- - 1 1 1 1 1 - 
1 1 1 - - - - 1 
- 1 - - 1 1 1 1 
--------
looking for king 0, 1Rook
0
looking for king 0, 4King
1
looking for king 0, 5Bishop
0
looking for king 0, 6Knight
0
looking for king 0, 7Rook
0
looking for king 1, 0Pawn
0
looking for king 1, 1Pawn
0
looking for king 1, 2Pawn
0
looking for king 1, 7Pawn
0
looking for king 2, 2Knight
0
looking for king 2, 3Pawn
0
looking for king 2, 4Bishop
0
looking for king 2, 5Pawn
0
looking for king 2, 6Pawn
0
looking for king 3, 0Pawn
0
looking for king 3, 4Pawn
0
looking for king 4, 2Pawn
0
looking for king 4, 6Queen
0
looking for king 4, 7Pawn
0
looking for king 5, 0Knight
0
looking for king 5, 4Pawn
0
looking for king 6, 1Pawn
0
looking for king 6, 3Pawn
0
looking for king 6, 6Pawn
0
looking for king 7, 0Rook
0
looking for king 7, 2Bishop
0
looking for king 7, 3Queen
0
looking for king 7, 4King
1
From (3, 0) to (2, 0)
From (3, 4) to (2, 3)
From (3, 4) to (2, 5)
From (4, 2) to (3, 2)
From (4, 7) to (3, 7)
From (5, 0) to (7, 1)
From (5, 0) to (3, 1)
From (5, 0) to (6, 2)
From (5, 4) to (4, 4)
From (6, 1) to (5, 1)
From (6, 1) to (4, 1)
From (6, 3) to (5, 3)
From (6, 3) to (4, 3)
From (6, 6) to (5, 6)
From (7, 0) to (6, 0)
From (7, 0) to (7, 1)
From (7, 3) to (6, 4)
From (7, 3) to (5, 5)
From (7, 3) to (4, 6)
From (7, 3) to (6, 2)
From (7, 3) to (5, 1)
From (7, 3) to (4, 0)
From (7, 4) to (6, 4)
From (7, 4) to (6, 5)
From (7, 5) to (6, 4)
From (7, 5) to (5, 3)
From (7, 6) to (5, 7)
From (7, 6) to (5, 5)
From (7, 6) to (6, 4)
From (7, 7) to (6, 7)
From (7, 7) to (5, 7)
[32;1m[Game] [0mPlayer's error code: 0
[32;1m[Game] [0mChecking move validity...
[32;1m[Board] [0mInitializing board...
[32;1m[Board] [0mLoading history file `championship/xplorers-check-innit-mate/history.csv`...
[32;1m[Board] [0mLoaded 17 move(s).
[32;1m[Board] [0mLoading move file `championship/xplorers-check-innit-mate/move.csv`...
[32;1m[Board] [0mBlack player is playing a8 to a7.
[32;1m[Board] [0m
[32;1m[Board] [0m    a b c d e f g h 
[32;1m[Board] [0m  -------------------
[32;1m[Board] [0m8 ||[7;1m [0m| |[30;1mb[0m|[30;1mQ[0m|[30;1mK[0m|[30;1mb[0m|[30;1mk[0m|[30;1mr[0m|| 8
[32;1m[Board] [0m  -------------------
[32;1m[Board] [0m7 ||[30;1mr[0m|[30;1mp[0m| |[30;1mp[0m| |[7;1m [0m|[30;1mp[0m|[7;1m [0m|| 7
[32;1m[Board] [0m  -------------------
[32;1m[Board] [0m6 ||[30;1mk[0m| |[7;1m [0m| |[30;1mp[0m| |[7;1m [0m| || 6
[32;1m[Board] [0m  -------------------
[32;1m[Board] [0m5 || |[7;1m [0m|[30;1mp[0m|[7;1m [0m| |[7;1m [0m|[0;1mQ[0m|[30;1mp[0m|| 5
[32;1m[Board] [0m  -------------------
[32;1m[Board] [0m4 ||[30;1mp[0m| |[7;1m [0m| |[30;1mp[0m| |[7;1m [0m| || 4
[32;1m[Board] [0m  -------------------
[32;1m[Board] [0m3 || |[7;1m [0m|[0;1mk[0m|[0;1mp[0m|[0;1mb[0m|[0;1mp[0m|[0;1mp[0m|[7;1m [0m|| 3
[32;1m[Board] [0m  -------------------
[32;1m[Board] [0m2 ||[0;1mp[0m|[0;1mp[0m|[0;1mp[0m| |[7;1m [0m| |[7;1m [0m|[0;1mp[0m|| 2
[32;1m[Board] [0m  -------------------
[32;1m[Board] [0m1 || |[0;1mr[0m| |[7;1m [0m|[0;1mK[0m|[0;1mb[0m|[0;1mk[0m|[0;1mr[0m|| 1
[32;1m[Board] [0m  -------------------
[32;1m[Board] [0m    a b c d e f g h
[32;1m[Board] [0m
[32;1m[Referee] [0mThis is the turn of the White player...
championship/xplorers-check-innit-mate/history.csv
1
1
1
1
0
1
1
1
Wrote move "c3e4" to championship/xplorers-check-innit-mate/move.csv
-----------------------------------------
|    |    | bb | bq | bK | bb | bn | br |
-----------------------------------------
| br | bp |    | bp |    |    | bp |    |
-----------------------------------------
| bn |    |    |    | bp |    |    |    |
-----------------------------------------
|    |    | bp |    |    |    | wq | bp |
-----------------------------------------
| bp |    |    |    | bp |    |    |    |
-----------------------------------------
|    |    | wn | wp | wb | wp | wp |    |
-----------------------------------------
| wp | wp | wp |    |    |    |    | wp |
-----------------------------------------
|    | wr |    |    | wK | wb | wn | wr |
-----------------------------------------
[32;1m[Game] [0mPlayer's error code: 0
[32;1m[Game] [0mChecking move validity...
[32;1m[Board] [0mInitializing board...
[32;1m[Board] [0mLoading history file `championship/xplorers-check-innit-mate/history.csv`...
[32;1m[Board] [0mLoaded 18 move(s).
[32;1m[Board] [0mLoading move file `championship/xplorers-check-innit-mate/move.csv`...
[32;1m[Board] [0mWhite player is playing c3 to e4.
[32;1m[Board] [0m[5;1mWhite Knight is taking Black Pawn.[0m
[32;1m[Board] [0m
[32;1m[Board] [0m    a b c d e f g h 
[32;1m[Board] [0m  -------------------
[32;1m[Board] [0m8 ||[7;1m [0m| |[30;1mb[0m|[30;1mQ[0m|[30;1mK[0m|[30;1mb[0m|[30;1mk[0m|[30;1mr[0m|| 8
[32;1m[Board] [0m  -------------------
[32;1m[Board] [0m7 ||[30;1mr[0m|[30;1mp[0m| |[30;1mp[0m| |[7;1m [0m|[30;1mp[0m|[7;1m [0m|| 7
[32;1m[Board] [0m  -------------------
[32;1m[Board] [0m6 ||[30;1mk[0m| |[7;1m [0m| |[30;1mp[0m| |[7;1m [0m| || 6
[32;1m[Board] [0m  -------------------
[32;1m[Board] [0m5 || |[7;1m [0m|[30;1mp[0m|[7;1m [0m| |[7;1m [0m|[0;1mQ[0m|[30;1mp[0m|| 5
[32;1m[Board] [0m  -------------------
[32;1m[Board] [0m4 ||[30;1mp[0m| |[7;1m [0m| |[0;1mk[0m| |[7;1m [0m| || 4
[32;1m[Board] [0m  -------------------
[32;1m[Board] [0m3 || |[7;1m [0m| |[0;1mp[0m|[0;1mb[0m|[0;1mp[0m|[0;1mp[0m|[7;1m [0m|| 3
[32;1m[Board] [0m  -------------------
[32;1m[Board] [0m2 ||[0;1mp[0m|[0;1mp[0m|[0;1mp[0m| |[7;1m [0m| |[7;1m [0m|[0;1mp[0m|| 2
[32;1m[Board] [0m  -------------------
[32;1m[Board] [0m1 || |[0;1mr[0m| |[7;1m [0m|[0;1mK[0m|[0;1mb[0m|[0;1mk[0m|[0;1mr[0m|| 1
[32;1m[Board] [0m  -------------------
[32;1m[Board] [0m    a b c d e f g h
[32;1m[Board] [0m
[32;1m[Referee] [0mThis is the turn of the Black player...
- - 0 0 0 0 0 0 
0 0 - 0 - - 0 - 
0 - - - 0 - - - 
- - 0 - - - 1 0 
0 - - - 1 - - - 
- - - 1 1 1 1 - 
1 1 1 - - - - 1 
- 1 - - 1 1 1 1 
--------
looking for king 0, 1Rook
0
looking for king 0, 4King
1
looking for king 0, 5Bishop
0
looking for king 0, 6Knight
0
looking for king 0, 7Rook
0
looking for king 1, 0Pawn
0
looking for king 1, 1Pawn
0
looking for king 1, 2Pawn
0
looking for king 1, 7Pawn
0
looking for king 2, 3Pawn
0
looking for king 2, 4Bishop
0
looking for king 2, 5Pawn
0
looking for king 2, 6Pawn
0
looking for king 3, 0Pawn
0
looking for king 3, 4Knight
0
looking for king 4, 2Pawn
0
looking for king 4, 6Queen
0
looking for king 4, 7Pawn
0
looking for king 5, 0Knight
0
looking for king 5, 4Pawn
0
looking for king 6, 0Rook
0
looking for king 6, 1Pawn
0
looking for king 6, 3Pawn
0
looking for king 6, 6Pawn
0
looking for king 7, 2Bishop
0
looking for king 7, 3Queen
0
looking for king 7, 4King
1
From (3, 0) to (2, 0)
From (4, 2) to (3, 2)
From (4, 7) to (3, 7)
From (5, 0) to (7, 1)
From (5, 0) to (3, 1)
From (5, 0) to (6, 2)
From (5, 4) to (4, 4)
From (6, 0) to (7, 0)
From (6, 1) to (5, 1)
From (6, 1) to (4, 1)
From (6, 3) to (5, 3)
From (6, 3) to (4, 3)
From (6, 6) to (5, 6)
From (7, 3) to (6, 4)
From (7, 3) to (5, 5)
From (7, 3) to (4, 6)
From (7, 3) to (6, 2)
From (7, 3) to (5, 1)
From (7, 3) to (4, 0)
From (7, 4) to (6, 4)
From (7, 4) to (6, 5)
From (7, 5) to (6, 4)
From (7, 5) to (5, 3)
From (7, 6) to (5, 7)
From (7, 6) to (5, 5)
From (7, 6) to (6, 4)
From (7, 7) to (6, 7)
From (7, 7) to (5, 7)
[32;1m[Game] [0mPlayer's error code: 0
[32;1m[Game] [0mChecking move validity...
[32;1m[Board] [0mInitializing board...
[32;1m[Board] [0mLoading history file `championship/xplorers-check-innit-mate/history.csv`...
[32;1m[Board] [0mLoaded 19 move(s).
[32;1m[Board] [0mLoading move file `championship/xplorers-check-innit-mate/move.csv`...
[32;1m[Board] [0mBlack player is playing e6 to e5.
[32;1m[Board] [0m
[32;1m[Board] [0m    a b c d e f g h 
[32;1m[Board] [0m  -------------------
[32;1m[Board] [0m8 ||[7;1m [0m| |[30;1mb[0m|[30;1mQ[0m|[30;1mK[0m|[30;1mb[0m|[30;1mk[0m|[30;1mr[0m|| 8
[32;1m[Board] [0m  -------------------
[32;1m[Board] [0m7 ||[30;1mr[0m|[30;1mp[0m| |[30;1mp[0m| |[7;1m [0m|[30;1mp[0m|[7;1m [0m|| 7
[32;1m[Board] [0m  -------------------
[32;1m[Board] [0m6 ||[30;1mk[0m| |[7;1m [0m| |[7;1m [0m| |[7;1m [0m| || 6
[32;1m[Board] [0m  -------------------
[32;1m[Board] [0m5 || |[7;1m [0m|[30;1mp[0m|[7;1m [0m|[30;1mp[0m|[7;1m [0m|[0;1mQ[0m|[30;1mp[0m|| 5
[32;1m[Board] [0m  -------------------
[32;1m[Board] [0m4 ||[30;1mp[0m| |[7;1m [0m| |[0;1mk[0m| |[7;1m [0m| || 4
[32;1m[Board] [0m  -------------------
[32;1m[Board] [0m3 || |[7;1m [0m| |[0;1mp[0m|[0;1mb[0m|[0;1mp[0m|[0;1mp[0m|[7;1m [0m|| 3
[32;1m[Board] [0m  -------------------
[32;1m[Board] [0m2 ||[0;1mp[0m|[0;1mp[0m|[0;1mp[0m| |[7;1m [0m| |[7;1m [0m|[0;1mp[0m|| 2
[32;1m[Board] [0m  -------------------
[32;1m[Board] [0m1 || |[0;1mr[0m| |[7;1m [0m|[0;1mK[0m|[0;1mb[0m|[0;1mk[0m|[0;1mr[0m|| 1
[32;1m[Board] [0m  -------------------
[32;1m[Board] [0m    a b c d e f g h
[32;1m[Board] [0m
[32;1m[Referee] [0mThis is the turn of the White player...
championship/xplorers-check-innit-mate/history.csv
1
1
1
1
0
1
1
1
Wrote move "g5f6" to championship/xplorers-check-innit-mate/move.csv
-----------------------------------------
|    |    | bb | bq | bK | bb | bn | br |
-----------------------------------------
| br | bp |    | bp |    |    | bp |    |
-----------------------------------------
| bn |    |    |    |    |    |    |    |
-----------------------------------------
|    |    | bp |    | bp |    | wq | bp |
-----------------------------------------
| bp |    |    |    | wn |    |    |    |
-----------------------------------------
|    |    |    | wp | wb | wp | wp |    |
-----------------------------------------
| wp | wp | wp |    |    |    |    | wp |
-----------------------------------------
|    | wr |    |    | wK | wb | wn | wr |
-----------------------------------------
[32;1m[Game] [0mPlayer's error code: 0
[32;1m[Game] [0mChecking move validity...
[32;1m[Board] [0mInitializing board...
[32;1m[Board] [0mLoading history file `championship/xplorers-check-innit-mate/history.csv`...
[32;1m[Board] [0mLoaded 20 move(s).
[32;1m[Board] [0mLoading move file `championship/xplorers-check-innit-mate/move.csv`...
[32;1m[Board] [0mWhite player is playing g5 to f6.
[32;1m[Board] [0m
[32;1m[Board] [0m    a b c d e f g h 
[32;1m[Board] [0m  -------------------
[32;1m[Board] [0m8 ||[7;1m [0m| |[30;1mb[0m|[30;1mQ[0m|[30;1mK[0m|[30;1mb[0m|[30;1mk[0m|[30;1mr[0m|| 8
[32;1m[Board] [0m  -------------------
[32;1m[Board] [0m7 ||[30;1mr[0m|[30;1mp[0m| |[30;1mp[0m| |[7;1m [0m|[30;1mp[0m|[7;1m [0m|| 7
[32;1m[Board] [0m  -------------------
[32;1m[Board] [0m6 ||[30;1mk[0m| |[7;1m [0m| |[7;1m [0m|[0;1mQ[0m|[7;1m [0m| || 6
[32;1m[Board] [0m  -------------------
[32;1m[Board] [0m5 || |[7;1m [0m|[30;1mp[0m|[7;1m [0m|[30;1mp[0m|[7;1m [0m| |[30;1mp[0m|| 5
[32;1m[Board] [0m  -------------------
[32;1m[Board] [0m4 ||[30;1mp[0m| |[7;1m [0m| |[0;1mk[0m| |[7;1m [0m| || 4
[32;1m[Board] [0m  -------------------
[32;1m[Board] [0m3 || |[7;1m [0m| |[0;1mp[0m|[0;1mb[0m|[0;1mp[0m|[0;1mp[0m|[7;1m [0m|| 3
[32;1m[Board] [0m  -------------------
[32;1m[Board] [0m2 ||[0;1mp[0m|[0;1mp[0m|[0;1mp[0m| |[7;1m [0m| |[7;1m [0m|[0;1mp[0m|| 2
[32;1m[Board] [0m  -------------------
[32;1m[Board] [0m1 || |[0;1mr[0m| |[7;1m [0m|[0;1mK[0m|[0;1mb[0m|[0;1mk[0m|[0;1mr[0m|| 1
[32;1m[Board] [0m  -------------------
[32;1m[Board] [0m    a b c d e f g h
[32;1m[Board] [0m
[32;1m[Referee] [0mThis is the turn of the Black player...
- - 0 0 0 0 0 0 
0 0 - 0 - - 0 - 
0 - - - - 1 - - 
- - 0 - 0 - - 0 
0 - - - 1 - - - 
- - - 1 1 1 1 - 
1 1 1 - - - - 1 
- 1 - - 1 1 1 1 
--------
looking for king 0, 1Rook
0
looking for king 0, 4King
1
looking for king 0, 5Bishop
0
looking for king 0, 6Knight
0
looking for king 0, 7Rook
0
looking for king 1, 0Pawn
0
looking for king 1, 1Pawn
0
looking for king 1, 2Pawn
0
looking for king 1, 7Pawn
0
looking for king 2, 3Pawn
0
looking for king 2, 4Bishop
0
looking for king 2, 5Pawn
0
looking for king 2, 6Pawn
0
looking for king 3, 0Pawn
0
looking for king 3, 4Knight
0
looking for king 4, 2Pawn
0
looking for king 4, 4Pawn
0
looking for king 4, 7Pawn
0
looking for king 5, 0Knight
0
looking for king 5, 5Queen
0
looking for king 6, 0Rook
0
looking for king 6, 1Pawn
0
looking for king 6, 3Pawn
0
looking for king 6, 6Pawn
0
looking for king 7, 2Bishop
0
looking for king 7, 3Queen
0
looking for king 7, 4King
1
From (3, 0) to (2, 0)
From (4, 2) to (3, 2)
From (4, 7) to (3, 7)
From (5, 0) to (7, 1)
From (5, 0) to (3, 1)
From (5, 0) to (6, 2)
From (6, 0) to (7, 0)
From (6, 1) to (5, 1)
From (6, 1) to (4, 1)
From (6, 3) to (5, 3)
From (6, 3) to (4, 3)
From (6, 6) to (5, 6)
From (6, 6) to (4, 6)
From (6, 6) to (5, 5)
From (7, 3) to (6, 4)
From (7, 3) to (5, 5)
From (7, 3) to (6, 2)
From (7, 3) to (5, 1)
From (7, 3) to (4, 0)
From (7, 4) to (6, 4)
From (7, 4) to (6, 5)
From (7, 5) to (6, 4)
From (7, 5) to (5, 3)
From (7, 6) to (5, 7)
From (7, 6) to (5, 5)
From (7, 6) to (6, 4)
From (7, 7) to (6, 7)
From (7, 7) to (5, 7)
[32;1m[Game] [0mPlayer's error code: 0
[32;1m[Game] [0mChecking move validity...
[32;1m[Board] [0mInitializing board...
[32;1m[Board] [0mLoading history file `championship/xplorers-check-innit-mate/history.csv`...
[32;1m[Board] [0mLoaded 21 move(s).
[32;1m[Board] [0mLoading move file `championship/xplorers-check-innit-mate/move.csv`...
[32;1m[Board] [0mBlack player is playing d8 to a5.
[32;1m[Board] [0m
[32;1m[Board] [0m    a b c d e f g h 
[32;1m[Board] [0m  -------------------
[32;1m[Board] [0m8 ||[7;1m [0m| |[30;1mb[0m| |[30;1mK[0m|[30;1mb[0m|[30;1mk[0m|[30;1mr[0m|| 8
[32;1m[Board] [0m  -------------------
[32;1m[Board] [0m7 ||[30;1mr[0m|[30;1mp[0m| |[30;1mp[0m| |[7;1m [0m|[30;1mp[0m|[7;1m [0m|| 7
[32;1m[Board] [0m  -------------------
[32;1m[Board] [0m6 ||[30;1mk[0m| |[7;1m [0m| |[7;1m [0m|[0;1mQ[0m|[7;1m [0m| || 6
[32;1m[Board] [0m  -------------------
[32;1m[Board] [0m5 ||[30;1mQ[0m|[7;1m [0m|[30;1mp[0m|[7;1m [0m|[30;1mp[0m|[7;1m [0m| |[30;1mp[0m|| 5
[32;1m[Board] [0m  -------------------
[32;1m[Board] [0m4 ||[30;1mp[0m| |[7;1m [0m| |[0;1mk[0m| |[7;1m [0m| || 4
[32;1m[Board] [0m  -------------------
[32;1m[Board] [0m3 || |[7;1m [0m| |[0;1mp[0m|[0;1mb[0m|[0;1mp[0m|[0;1mp[0m|[7;1m [0m|| 3
[32;1m[Board] [0m  -------------------
[32;1m[Board] [0m2 ||[0;1mp[0m|[0;1mp[0m|[0;1mp[0m| |[7;1m [0m| |[7;1m [0m|[0;1mp[0m|| 2
[32;1m[Board] [0m  -------------------
[32;1m[Board] [0m1 || |[0;1mr[0m| |[7;1m [0m|[0;1mK[0m|[0;1mb[0m|[0;1mk[0m|[0;1mr[0m|| 1
[32;1m[Board] [0m  -------------------
[32;1m[Board] [0m    a b c d e f g h
[32;1m[Board] [0m
[32;1m[Referee] [0mThis is the turn of the White player...
[32;1m[Board] [0m[33;1m[WARNING][0m [5;1mWhite King in check![0m
[32;1m[Board] [0m[33;1m[WARNING][0m    Threatened by Black Queen (a5)
championship/xplorers-check-innit-mate/history.csv
1
1
1
1
0
1
1
1
Wrote move "c2c3" to championship/xplorers-check-innit-mate/move.csv
-----------------------------------------
|    |    | bb |    | bK | bb | bn | br |
-----------------------------------------
| br | bp |    | bp |    |    | bp |    |
-----------------------------------------
| bn |    |    |    |    | wq |    |    |
-----------------------------------------
| bq |    | bp |    | bp |    |    | bp |
-----------------------------------------
| bp |    |    |    | wn |    |    |    |
-----------------------------------------
|    |    |    | wp | wb | wp | wp |    |
-----------------------------------------
| wp | wp | wp |    |    |    |    | wp |
-----------------------------------------
|    | wr |    |    | wK | wb | wn | wr |
-----------------------------------------
[32;1m[Game] [0mPlayer's error code: 0
[32;1m[Game] [0mChecking move validity...
[32;1m[Board] [0mInitializing board...
[32;1m[Board] [0mLoading history file `championship/xplorers-check-innit-mate/history.csv`...
[32;1m[Board] [0mLoaded 22 move(s).
[32;1m[Board] [0mLoading move file `championship/xplorers-check-innit-mate/move.csv`...
[32;1m[Board] [0mWhite player is playing c2 to c3.
[32;1m[Board] [0m
[32;1m[Board] [0m    a b c d e f g h 
[32;1m[Board] [0m  -------------------
[32;1m[Board] [0m8 ||[7;1m [0m| |[30;1mb[0m| |[30;1mK[0m|[30;1mb[0m|[30;1mk[0m|[30;1mr[0m|| 8
[32;1m[Board] [0m  -------------------
[32;1m[Board] [0m7 ||[30;1mr[0m|[30;1mp[0m| |[30;1mp[0m| |[7;1m [0m|[30;1mp[0m|[7;1m [0m|| 7
[32;1m[Board] [0m  -------------------
[32;1m[Board] [0m6 ||[30;1mk[0m| |[7;1m [0m| |[7;1m [0m|[0;1mQ[0m|[7;1m [0m| || 6
[32;1m[Board] [0m  -------------------
[32;1m[Board] [0m5 ||[30;1mQ[0m|[7;1m [0m|[30;1mp[0m|[7;1m [0m|[30;1mp[0m|[7;1m [0m| |[30;1mp[0m|| 5
[32;1m[Board] [0m  -------------------
[32;1m[Board] [0m4 ||[30;1mp[0m| |[7;1m [0m| |[0;1mk[0m| |[7;1m [0m| || 4
[32;1m[Board] [0m  -------------------
[32;1m[Board] [0m3 || |[7;1m [0m|[0;1mp[0m|[0;1mp[0m|[0;1mb[0m|[0;1mp[0m|[0;1mp[0m|[7;1m [0m|| 3
[32;1m[Board] [0m  -------------------
[32;1m[Board] [0m2 ||[0;1mp[0m|[0;1mp[0m|[7;1m [0m| |[7;1m [0m| |[7;1m [0m|[0;1mp[0m|| 2
[32;1m[Board] [0m  -------------------
[32;1m[Board] [0m1 || |[0;1mr[0m| |[7;1m [0m|[0;1mK[0m|[0;1mb[0m|[0;1mk[0m|[0;1mr[0m|| 1
[32;1m[Board] [0m  -------------------
[32;1m[Board] [0m    a b c d e f g h
[32;1m[Board] [0m
[32;1m[Referee] [0mThis is the turn of the Black player...
- - 0 - 0 0 0 0 
0 0 - 0 - - 0 - 
0 - - - - 1 - - 
0 - 0 - 0 - - 0 
0 - - - 1 - - - 
- - 1 1 1 1 1 - 
1 1 - - - - - 1 
- 1 - - 1 1 1 1 
--------
looking for king 0, 1Rook
0
looking for king 0, 4King
1
looking for king 0, 5Bishop
0
looking for king 0, 6Knight
0
looking for king 0, 7Rook
0
looking for king 1, 0Pawn
0
looking for king 1, 1Pawn
0
looking for king 1, 7Pawn
0
looking for king 2, 2Pawn
0
looking for king 2, 3Pawn
0
looking for king 2, 4Bishop
0
looking for king 2, 5Pawn
0
looking for king 2, 6Pawn
0
looking for king 3, 0Pawn
0
looking for king 3, 4Knight
0
looking for king 4, 0Queen
0
looking for king 4, 2Pawn
0
looking for king 4, 4Pawn
0
looking for king 4, 7Pawn
0
looking for king 5, 0Knight
0
looking for king 5, 5Queen
0
looking for king 6, 0Rook
0
looking for king 6, 1Pawn
0
looking for king 6, 3Pawn
0
looking for king 6, 6Pawn
0
looking for king 7, 2Bishop
0
looking for king 7, 4King
1
From (3, 0) to (2, 0)
From (4, 0) to (5, 1)
From (4, 0) to (6, 2)
From (4, 0) to (7, 3)
From (4, 0) to (3, 1)
From (4, 0) to (2, 2)
From (4, 0) to (4, 1)
From (4, 2) to (3, 2)
From (4, 7) to (3, 7)
From (5, 0) to (7, 1)
From (5, 0) to (3, 1)
From (5, 0) to (6, 2)
From (6, 0) to (7, 0)
From (6, 1) to (5, 1)
From (6, 1) to (4, 1)
From (6, 3) to (5, 3)
From (6, 3) to (4, 3)
From (6, 6) to (5, 6)
From (6, 6) to (4, 6)
From (6, 6) to (5, 5)
From (7, 4) to (6, 4)
From (7, 4) to (7, 3)
From (7, 4) to (6, 5)
From (7, 5) to (6, 4)
From (7, 5) to (5, 3)
From (7, 6) to (5, 7)
From (7, 6) to (5, 5)
From (7, 6) to (6, 4)
From (7, 7) to (6, 7)
From (7, 7) to (5, 7)
[32;1m[Game] [0mPlayer's error code: 0
[32;1m[Game] [0mChecking move validity...
[32;1m[Board] [0mInitializing board...
[32;1m[Board] [0mLoading history file `championship/xplorers-check-innit-mate/history.csv`...
[32;1m[Board] [0mLoaded 23 move(s).
[32;1m[Board] [0mLoading move file `championship/xplorers-check-innit-mate/move.csv`...
[32;1m[Board] [0mBlack player is playing g7 to f6.
[32;1m[Board] [0m[5;1mBlack Pawn is taking White Queen.[0m
[32;1m[Board] [0m
[32;1m[Board] [0m    a b c d e f g h 
[32;1m[Board] [0m  -------------------
[32;1m[Board] [0m8 ||[7;1m [0m| |[30;1mb[0m| |[30;1mK[0m|[30;1mb[0m|[30;1mk[0m|[30;1mr[0m|| 8
[32;1m[Board] [0m  -------------------
[32;1m[Board] [0m7 ||[30;1mr[0m|[30;1mp[0m| |[30;1mp[0m| |[7;1m [0m| |[7;1m [0m|| 7
[32;1m[Board] [0m  -------------------
[32;1m[Board] [0m6 ||[30;1mk[0m| |[7;1m [0m| |[7;1m [0m|[30;1mp[0m|[7;1m [0m| || 6
[32;1m[Board] [0m  -------------------
[32;1m[Board] [0m5 ||[30;1mQ[0m|[7;1m [0m|[30;1mp[0m|[7;1m [0m|[30;1mp[0m|[7;1m [0m| |[30;1mp[0m|| 5
[32;1m[Board] [0m  -------------------
[32;1m[Board] [0m4 ||[30;1mp[0m| |[7;1m [0m| |[0;1mk[0m| |[7;1m [0m| || 4
[32;1m[Board] [0m  -------------------
[32;1m[Board] [0m3 || |[7;1m [0m|[0;1mp[0m|[0;1mp[0m|[0;1mb[0m|[0;1mp[0m|[0;1mp[0m|[7;1m [0m|| 3
[32;1m[Board] [0m  -------------------
[32;1m[Board] [0m2 ||[0;1mp[0m|[0;1mp[0m|[7;1m [0m| |[7;1m [0m| |[7;1m [0m|[0;1mp[0m|| 2
[32;1m[Board] [0m  -------------------
[32;1m[Board] [0m1 || |[0;1mr[0m| |[7;1m [0m|[0;1mK[0m|[0;1mb[0m|[0;1mk[0m|[0;1mr[0m|| 1
[32;1m[Board] [0m  -------------------
[32;1m[Board] [0m    a b c d e f g h
[32;1m[Board] [0m
[32;1m[Referee] [0mThis is the turn of the White player...
championship/xplorers-check-innit-mate/history.csv
1
1
1
1
0
1
1
1
Wrote move "d3d4" to championship/xplorers-check-innit-mate/move.csv
-----------------------------------------
|    |    | bb |    | bK | bb | bn | br |
-----------------------------------------
| br | bp |    | bp |    |    |    |    |
-----------------------------------------
| bn |    |    |    |    | bp |    |    |
-----------------------------------------
| bq |    | bp |    | bp |    |    | bp |
-----------------------------------------
| bp |    |    |    | wn |    |    |    |
-----------------------------------------
|    |    | wp | wp | wb | wp | wp |    |
-----------------------------------------
| wp | wp |    |    |    |    |    | wp |
-----------------------------------------
|    | wr |    |    | wK | wb | wn | wr |
-----------------------------------------
[32;1m[Game] [0mPlayer's error code: 0
[32;1m[Game] [0mChecking move validity...
[32;1m[Board] [0mInitializing board...
[32;1m[Board] [0mLoading history file `championship/xplorers-check-innit-mate/history.csv`...
[32;1m[Board] [0mLoaded 24 move(s).
[32;1m[Board] [0mLoading move file `championship/xplorers-check-innit-mate/move.csv`...
[32;1m[Board] [0mWhite player is playing d3 to d4.
[32;1m[Board] [0m
[32;1m[Board] [0m    a b c d e f g h 
[32;1m[Board] [0m  -------------------
[32;1m[Board] [0m8 ||[7;1m [0m| |[30;1mb[0m| |[30;1mK[0m|[30;1mb[0m|[30;1mk[0m|[30;1mr[0m|| 8
[32;1m[Board] [0m  -------------------
[32;1m[Board] [0m7 ||[30;1mr[0m|[30;1mp[0m| |[30;1mp[0m| |[7;1m [0m| |[7;1m [0m|| 7
[32;1m[Board] [0m  -------------------
[32;1m[Board] [0m6 ||[30;1mk[0m| |[7;1m [0m| |[7;1m [0m|[30;1mp[0m|[7;1m [0m| || 6
[32;1m[Board] [0m  -------------------
[32;1m[Board] [0m5 ||[30;1mQ[0m|[7;1m [0m|[30;1mp[0m|[7;1m [0m|[30;1mp[0m|[7;1m [0m| |[30;1mp[0m|| 5
[32;1m[Board] [0m  -------------------
[32;1m[Board] [0m4 ||[30;1mp[0m| |[7;1m [0m|[0;1mp[0m|[0;1mk[0m| |[7;1m [0m| || 4
[32;1m[Board] [0m  -------------------
[32;1m[Board] [0m3 || |[7;1m [0m|[0;1mp[0m|[7;1m [0m|[0;1mb[0m|[0;1mp[0m|[0;1mp[0m|[7;1m [0m|| 3
[32;1m[Board] [0m  -------------------
[32;1m[Board] [0m2 ||[0;1mp[0m|[0;1mp[0m|[7;1m [0m| |[7;1m [0m| |[7;1m [0m|[0;1mp[0m|| 2
[32;1m[Board] [0m  -------------------
[32;1m[Board] [0m1 || |[0;1mr[0m| |[7;1m [0m|[0;1mK[0m|[0;1mb[0m|[0;1mk[0m|[0;1mr[0m|| 1
[32;1m[Board] [0m  -------------------
[32;1m[Board] [0m    a b c d e f g h
[32;1m[Board] [0m
[32;1m[Referee] [0mThis is the turn of the Black player...
- - 0 - 0 0 0 0 
0 0 - 0 - - - - 
0 - - - - 0 - - 
0 - 0 - 0 - - 0 
0 - - 1 1 - - - 
- - 1 - 1 1 1 - 
1 1 - - - - - 1 
- 1 - - 1 1 1 1 
--------
looking for king 0, 1Rook
0
looking for king 0, 4King
1
looking for king 0, 5Bishop
0
looking for king 0, 6Knight
0
looking for king 0, 7Rook
0
looking for king 1, 0Pawn
0
looking for king 1, 1Pawn
0
looking for king 1, 7Pawn
0
looking for king 2, 2Pawn
0
looking for king 2, 4Bishop
0
looking for king 2, 5Pawn
0
looking for king 2, 6Pawn
0
looking for king 3, 0Pawn
0
looking for king 3, 3Pawn
0
looking for king 3, 4Knight
0
looking for king 4, 0Queen
0
looking for king 4, 2Pawn
0
looking for king 4, 4Pawn
0
looking for king 4, 7Pawn
0
looking for king 5, 0Knight
0
looking for king 5, 5Pawn
0
looking for king 6, 0Rook
0
looking for king 6, 1Pawn
0
looking for king 6, 3Pawn
0
looking for king 7, 2Bishop
0
looking for king 7, 4King
1
From (3, 0) to (2, 0)
From (4, 0) to (5, 1)
From (4, 0) to (6, 2)
From (4, 0) to (7, 3)
From (4, 0) to (3, 1)
From (4, 0) to (2, 2)
From (4, 0) to (4, 1)
From (4, 2) to (3, 2)
From (4, 2) to (3, 3)
From (4, 4) to (3, 3)
From (4, 7) to (3, 7)
From (5, 0) to (7, 1)
From (5, 0) to (3, 1)
From (5, 0) to (6, 2)
From (5, 5) to (4, 5)
From (6, 0) to (7, 0)
From (6, 1) to (5, 1)
From (6, 1) to (4, 1)
From (6, 3) to (5, 3)
From (6, 3) to (4, 3)
From (7, 4) to (6, 4)
From (7, 4) to (7, 3)
From (7, 4) to (6, 5)
From (7, 5) to (6, 6)
From (7, 5) to (5, 7)
From (7, 5) to (6, 4)
From (7, 5) to (5, 3)
From (7, 6) to (5, 7)
From (7, 6) to (6, 4)
From (7, 7) to (6, 7)
From (7, 7) to (5, 7)
[32;1m[Game] [0mPlayer's error code: 0
[32;1m[Game] [0mChecking move validity...
[32;1m[Board] [0mInitializing board...
[32;1m[Board] [0mLoading history file `championship/xplorers-check-innit-mate/history.csv`...
[32;1m[Board] [0mLoaded 25 move(s).
[32;1m[Board] [0mLoading move file `championship/xplorers-check-innit-mate/move.csv`...
[32;1m[Board] [0mBlack player is playing f8 to h6.
[32;1m[Board] [0m
[32;1m[Board] [0m    a b c d e f g h 
[32;1m[Board] [0m  -------------------
[32;1m[Board] [0m8 ||[7;1m [0m| |[30;1mb[0m| |[30;1mK[0m| |[30;1mk[0m|[30;1mr[0m|| 8
[32;1m[Board] [0m  -------------------
[32;1m[Board] [0m7 ||[30;1mr[0m|[30;1mp[0m| |[30;1mp[0m| |[7;1m [0m| |[7;1m [0m|| 7
[32;1m[Board] [0m  -------------------
[32;1m[Board] [0m6 ||[30;1mk[0m| |[7;1m [0m| |[7;1m [0m|[30;1mp[0m|[7;1m [0m|[30;1mb[0m|| 6
[32;1m[Board] [0m  -------------------
[32;1m[Board] [0m5 ||[30;1mQ[0m|[7;1m [0m|[30;1mp[0m|[7;1m [0m|[30;1mp[0m|[7;1m [0m| |[30;1mp[0m|| 5
[32;1m[Board] [0m  -------------------
[32;1m[Board] [0m4 ||[30;1mp[0m| |[7;1m [0m|[0;1mp[0m|[0;1mk[0m| |[7;1m [0m| || 4
[32;1m[Board] [0m  -------------------
[32;1m[Board] [0m3 || |[7;1m [0m|[0;1mp[0m|[7;1m [0m|[0;1mb[0m|[0;1mp[0m|[0;1mp[0m|[7;1m [0m|| 3
[32;1m[Board] [0m  -------------------
[32;1m[Board] [0m2 ||[0;1mp[0m|[0;1mp[0m|[7;1m [0m| |[7;1m [0m| |[7;1m [0m|[0;1mp[0m|| 2
[32;1m[Board] [0m  -------------------
[32;1m[Board] [0m1 || |[0;1mr[0m| |[7;1m [0m|[0;1mK[0m|[0;1mb[0m|[0;1mk[0m|[0;1mr[0m|| 1
[32;1m[Board] [0m  -------------------
[32;1m[Board] [0m    a b c d e f g h
[32;1m[Board] [0m
[32;1m[Referee] [0mThis is the turn of the White player...
championship/xplorers-check-innit-mate/history.csv
1
1
1
1
0
1
1
1
Wrote move "e3h6" to championship/xplorers-check-innit-mate/move.csv
-----------------------------------------
|    |    | bb |    | bK |    | bn | br |
-----------------------------------------
| br | bp |    | bp |    |    |    |    |
-----------------------------------------
| bn |    |    |    |    | bp |    | bb |
-----------------------------------------
| bq |    | bp |    | bp |    |    | bp |
-----------------------------------------
| bp |    |    | wp | wn |    |    |    |
-----------------------------------------
|    |    | wp |    | wb | wp | wp |    |
-----------------------------------------
| wp | wp |    |    |    |    |    | wp |
-----------------------------------------
|    | wr |    |    | wK | wb | wn | wr |
-----------------------------------------
[32;1m[Game] [0mPlayer's error code: 0
[32;1m[Game] [0mChecking move validity...
[32;1m[Board] [0mInitializing board...
[32;1m[Board] [0mLoading history file `championship/xplorers-check-innit-mate/history.csv`...
[32;1m[Board] [0mLoaded 26 move(s).
[32;1m[Board] [0mLoading move file `championship/xplorers-check-innit-mate/move.csv`...
[32;1m[Board] [0mWhite player is playing e3 to h6.
[32;1m[Board] [0m[5;1mWhite Bishop is taking Black Bishop.[0m
[32;1m[Board] [0m
[32;1m[Board] [0m    a b c d e f g h 
[32;1m[Board] [0m  -------------------
[32;1m[Board] [0m8 ||[7;1m [0m| |[30;1mb[0m| |[30;1mK[0m| |[30;1mk[0m|[30;1mr[0m|| 8
[32;1m[Board] [0m  -------------------
[32;1m[Board] [0m7 ||[30;1mr[0m|[30;1mp[0m| |[30;1mp[0m| |[7;1m [0m| |[7;1m [0m|| 7
[32;1m[Board] [0m  -------------------
[32;1m[Board] [0m6 ||[30;1mk[0m| |[7;1m [0m| |[7;1m [0m|[30;1mp[0m|[7;1m [0m|[0;1mb[0m|| 6
[32;1m[Board] [0m  -------------------
[32;1m[Board] [0m5 ||[30;1mQ[0m|[7;1m [0m|[30;1mp[0m|[7;1m [0m|[30;1mp[0m|[7;1m [0m| |[30;1mp[0m|| 5
[32;1m[Board] [0m  -------------------
[32;1m[Board] [0m4 ||[30;1mp[0m| |[7;1m [0m|[0;1mp[0m|[0;1mk[0m| |[7;1m [0m| || 4
[32;1m[Board] [0m  -------------------
[32;1m[Board] [0m3 || |[7;1m [0m|[0;1mp[0m|[7;1m [0m| |[0;1mp[0m|[0;1mp[0m|[7;1m [0m|| 3
[32;1m[Board] [0m  -------------------
[32;1m[Board] [0m2 ||[0;1mp[0m|[0;1mp[0m|[7;1m [0m| |[7;1m [0m| |[7;1m [0m|[0;1mp[0m|| 2
[32;1m[Board] [0m  -------------------
[32;1m[Board] [0m1 || |[0;1mr[0m| |[7;1m [0m|[0;1mK[0m|[0;1mb[0m|[0;1mk[0m|[0;1mr[0m|| 1
[32;1m[Board] [0m  -------------------
[32;1m[Board] [0m    a b c d e f g h
[32;1m[Board] [0m
[32;1m[Referee] [0mThis is the turn of the Black player...
- - 0 - 0 - 0 0 
0 0 - 0 - - - - 
0 - - - - 0 - 1 
0 - 0 - 0 - - 0 
0 - - 1 1 - - - 
- - 1 - - 1 1 - 
1 1 - - - - - 1 
- 1 - - 1 1 1 1 
--------
looking for king 0, 1Rook
0
looking for king 0, 4King
1
looking for king 0, 5Bishop
0
looking for king 0, 6Knight
0
looking for king 0, 7Rook
0
looking for king 1, 0Pawn
0
looking for king 1, 1Pawn
0
looking for king 1, 7Pawn
0
looking for king 2, 2Pawn
0
looking for king 2, 5Pawn
0
looking for king 2, 6Pawn
0
looking for king 3, 0Pawn
0
looking for king 3, 3Pawn
0
looking for king 3, 4Knight
0
looking for king 4, 0Queen
0
looking for king 4, 2Pawn
0
looking for king 4, 4Pawn
0
looking for king 4, 7Pawn
0
looking for king 5, 0Knight
0
looking for king 5, 5Pawn
0
looking for king 5, 7Bishop
0
looking for king 6, 0Rook
0
looking for king 6, 1Pawn
0
looking for king 6, 3Pawn
0
looking for king 7, 2Bishop
0
looking for king 7, 4King
1
From (3, 0) to (2, 0)
From (4, 0) to (5, 1)
From (4, 0) to (6, 2)
From (4, 0) to (7, 3)
From (4, 0) to (3, 1)
From (4, 0) to (2, 2)
From (4, 0) to (4, 1)
From (4, 2) to (3, 2)
From (4, 2) to (3, 3)
From (4, 4) to (3, 3)
From (4, 7) to (3, 7)
From (5, 0) to (7, 1)
From (5, 0) to (3, 1)
From (5, 0) to (6, 2)
From (5, 5) to (4, 5)
From (6, 0) to (7, 0)
From (6, 1) to (5, 1)
From (6, 1) to (4, 1)
From (6, 3) to (5, 3)
From (6, 3) to (4, 3)
From (7, 4) to (6, 4)
From (7, 4) to (7, 5)
From (7, 4) to (7, 3)
From (7, 4) to (6, 5)
From (7, 6) to (5, 7)
From (7, 6) to (6, 4)
From (7, 7) to (6, 7)
From (7, 7) to (5, 7)
[32;1m[Game] [0mPlayer's error code: 0
[32;1m[Game] [0mChecking move validity...
[32;1m[Board] [0mInitializing board...
[32;1m[Board] [0mLoading history file `championship/xplorers-check-innit-mate/history.csv`...
[32;1m[Board] [0mLoaded 27 move(s).
[32;1m[Board] [0mLoading move file `championship/xplorers-check-innit-mate/move.csv`...
[32;1m[Board] [0mBlack player is playing h8 to h6.
[32;1m[Board] [0m[5;1mBlack Rook is taking White Bishop.[0m
[32;1m[Board] [0m
[32;1m[Board] [0m    a b c d e f g h 
[32;1m[Board] [0m  -------------------
[32;1m[Board] [0m8 ||[7;1m [0m| |[30;1mb[0m| |[30;1mK[0m| |[30;1mk[0m| || 8
[32;1m[Board] [0m  -------------------
[32;1m[Board] [0m7 ||[30;1mr[0m|[30;1mp[0m| |[30;1mp[0m| |[7;1m [0m| |[7;1m [0m|| 7
[32;1m[Board] [0m  -------------------
[32;1m[Board] [0m6 ||[30;1mk[0m| |[7;1m [0m| |[7;1m [0m|[30;1mp[0m|[7;1m [0m|[30;1mr[0m|| 6
[32;1m[Board] [0m  -------------------
[32;1m[Board] [0m5 ||[30;1mQ[0m|[7;1m [0m|[30;1mp[0m|[7;1m [0m|[30;1mp[0m|[7;1m [0m| |[30;1mp[0m|| 5
[32;1m[Board] [0m  -------------------
[32;1m[Board] [0m4 ||[30;1mp[0m| |[7;1m [0m|[0;1mp[0m|[0;1mk[0m| |[7;1m [0m| || 4
[32;1m[Board] [0m  -------------------
[32;1m[Board] [0m3 || |[7;1m [0m|[0;1mp[0m|[7;1m [0m| |[0;1mp[0m|[0;1mp[0m|[7;1m [0m|| 3
[32;1m[Board] [0m  -------------------
[32;1m[Board] [0m2 ||[0;1mp[0m|[0;1mp[0m|[7;1m [0m| |[7;1m [0m| |[7;1m [0m|[0;1mp[0m|| 2
[32;1m[Board] [0m  -------------------
[32;1m[Board] [0m1 || |[0;1mr[0m| |[7;1m [0m|[0;1mK[0m|[0;1mb[0m|[0;1mk[0m|[0;1mr[0m|| 1
[32;1m[Board] [0m  -------------------
[32;1m[Board] [0m    a b c d e f g h
[32;1m[Board] [0m
[32;1m[Referee] [0mThis is the turn of the White player...
championship/xplorers-check-innit-mate/history.csv
1
1
1
1
0
1
1
1
Wrote move "h2h4" to championship/xplorers-check-innit-mate/move.csv
-----------------------------------------
|    |    | bb |    | bK |    | bn |    |
-----------------------------------------
| br | bp |    | bp |    |    |    |    |
-----------------------------------------
| bn |    |    |    |    | bp |    | br |
-----------------------------------------
| bq |    | bp |    | bp |    |    | bp |
-----------------------------------------
| bp |    |    | wp | wn |    |    |    |
-----------------------------------------
|    |    | wp |    |    | wp | wp |    |
-----------------------------------------
| wp | wp |    |    |    |    |    | wp |
-----------------------------------------
|    | wr |    |    | wK | wb | wn | wr |
-----------------------------------------
[32;1m[Game] [0mPlayer's error code: 0
[32;1m[Game] [0mChecking move validity...
[32;1m[Board] [0mInitializing board...
[32;1m[Board] [0mLoading history file `championship/xplorers-check-innit-mate/history.csv`...
[32;1m[Board] [0mLoaded 28 move(s).
[32;1m[Board] [0mLoading move file `championship/xplorers-check-innit-mate/move.csv`...
[32;1m[Board] [0mWhite player is playing h2 to h4.
[32;1m[Board] [0m
[32;1m[Board] [0m    a b c d e f g h 
[32;1m[Board] [0m  -------------------
[32;1m[Board] [0m8 ||[7;1m [0m| |[30;1mb[0m| |[30;1mK[0m| |[30;1mk[0m| || 8
[32;1m[Board] [0m  -------------------
[32;1m[Board] [0m7 ||[30;1mr[0m|[30;1mp[0m| |[30;1mp[0m| |[7;1m [0m| |[7;1m [0m|| 7
[32;1m[Board] [0m  -------------------
[32;1m[Board] [0m6 ||[30;1mk[0m| |[7;1m [0m| |[7;1m [0m|[30;1mp[0m|[7;1m [0m|[30;1mr[0m|| 6
[32;1m[Board] [0m  -------------------
[32;1m[Board] [0m5 ||[30;1mQ[0m|[7;1m [0m|[30;1mp[0m|[7;1m [0m|[30;1mp[0m|[7;1m [0m| |[30;1mp[0m|| 5
[32;1m[Board] [0m  -------------------
[32;1m[Board] [0m4 ||[30;1mp[0m| |[7;1m [0m|[0;1mp[0m|[0;1mk[0m| |[7;1m [0m|[0;1mp[0m|| 4
[32;1m[Board] [0m  -------------------
[32;1m[Board] [0m3 || |[7;1m [0m|[0;1mp[0m|[7;1m [0m| |[0;1mp[0m|[0;1mp[0m|[7;1m [0m|| 3
[32;1m[Board] [0m  -------------------
[32;1m[Board] [0m2 ||[0;1mp[0m|[0;1mp[0m|[7;1m [0m| |[7;1m [0m| |[7;1m [0m| || 2
[32;1m[Board] [0m  -------------------
[32;1m[Board] [0m1 || |[0;1mr[0m| |[7;1m [0m|[0;1mK[0m|[0;1mb[0m|[0;1mk[0m|[0;1mr[0m|| 1
[32;1m[Board] [0m  -------------------
[32;1m[Board] [0m    a b c d e f g h
[32;1m[Board] [0m
[32;1m[Referee] [0mThis is the turn of the Black player...
- - 0 - 0 - 0 - 
0 0 - 0 - - - - 
0 - - - - 0 - 0 
0 - 0 - 0 - - 0 
0 - - 1 1 - - 1 
- - 1 - - 1 1 - 
1 1 - - - - - - 
- 1 - - 1 1 1 1 
--------
looking for king 0, 1Rook
0
looking for king 0, 4King
1
looking for king 0, 5Bishop
0
looking for king 0, 6Knight
0
looking for king 0, 7Rook
0
looking for king 1, 0Pawn
0
looking for king 1, 1Pawn
0
looking for king 2, 2Pawn
0
looking for king 2, 5Pawn
0
looking for king 2, 6Pawn
0
looking for king 3, 0Pawn
0
looking for king 3, 3Pawn
0
looking for king 3, 4Knight
0
looking for king 3, 7Pawn
0
looking for king 4, 0Queen
0
looking for king 4, 2Pawn
0
looking for king 4, 4Pawn
0
looking for king 4, 7Pawn
0
looking for king 5, 0Knight
0
looking for king 5, 5Pawn
0
looking for king 5, 7Rook
0
looking for king 6, 0Rook
0
looking for king 6, 1Pawn
0
looking for king 6, 3Pawn
0
looking for king 7, 2Bishop
0
looking for king 7, 4King
1
From (3, 0) to (2, 0)
From (4, 0) to (5, 1)
From (4, 0) to (6, 2)
From (4, 0) to (7, 3)
From (4, 0) to (3, 1)
From (4, 0) to (2, 2)
From (4, 0) to (4, 1)
From (4, 2) to (3, 2)
From (4, 2) to (3, 3)
From (4, 4) to (3, 3)
From (5, 0) to (7, 1)
From (5, 0) to (3, 1)
From (5, 0) to (6, 2)
From (5, 5) to (4, 5)
From (5, 7) to (6, 7)
From (5, 7) to (7, 7)
From (5, 7) to (5, 6)
From (6, 0) to (7, 0)
From (6, 1) to (5, 1)
From (6, 1) to (4, 1)
From (6, 3) to (5, 3)
From (6, 3) to (4, 3)
From (7, 4) to (6, 4)
From (7, 4) to (7, 5)
From (7, 4) to (7, 3)
From (7, 4) to (6, 5)
From (7, 6) to (6, 4)
[32;1m[Game] [0mPlayer's error code: 0
[32;1m[Game] [0mChecking move validity...
[32;1m[Board] [0mInitializing board...
[32;1m[Board] [0mLoading history file `championship/xplorers-check-innit-mate/history.csv`...
[32;1m[Board] [0mLoaded 29 move(s).
[32;1m[Board] [0mLoading move file `championship/xplorers-check-innit-mate/move.csv`...
[32;1m[Board] [0mBlack player is playing a7 to a8.
[32;1m[Board] [0m
[32;1m[Board] [0m    a b c d e f g h 
[32;1m[Board] [0m  -------------------
[32;1m[Board] [0m8 ||[30;1mr[0m| |[30;1mb[0m| |[30;1mK[0m| |[30;1mk[0m| || 8
[32;1m[Board] [0m  -------------------
[32;1m[Board] [0m7 || |[30;1mp[0m| |[30;1mp[0m| |[7;1m [0m| |[7;1m [0m|| 7
[32;1m[Board] [0m  -------------------
[32;1m[Board] [0m6 ||[30;1mk[0m| |[7;1m [0m| |[7;1m [0m|[30;1mp[0m|[7;1m [0m|[30;1mr[0m|| 6
[32;1m[Board] [0m  -------------------
[32;1m[Board] [0m5 ||[30;1mQ[0m|[7;1m [0m|[30;1mp[0m|[7;1m [0m|[30;1mp[0m|[7;1m [0m| |[30;1mp[0m|| 5
[32;1m[Board] [0m  -------------------
[32;1m[Board] [0m4 ||[30;1mp[0m| |[7;1m [0m|[0;1mp[0m|[0;1mk[0m| |[7;1m [0m|[0;1mp[0m|| 4
[32;1m[Board] [0m  -------------------
[32;1m[Board] [0m3 || |[7;1m [0m|[0;1mp[0m|[7;1m [0m| |[0;1mp[0m|[0;1mp[0m|[7;1m [0m|| 3
[32;1m[Board] [0m  -------------------
[32;1m[Board] [0m2 ||[0;1mp[0m|[0;1mp[0m|[7;1m [0m| |[7;1m [0m| |[7;1m [0m| || 2
[32;1m[Board] [0m  -------------------
[32;1m[Board] [0m1 || |[0;1mr[0m| |[7;1m [0m|[0;1mK[0m|[0;1mb[0m|[0;1mk[0m|[0;1mr[0m|| 1
[32;1m[Board] [0m  -------------------
[32;1m[Board] [0m    a b c d e f g h
[32;1m[Board] [0m
[32;1m[Referee] [0mThis is the turn of the White player...
championship/xplorers-check-innit-mate/history.csv
1
1
1
1
0
1
1
1
Wrote move "e4f6" to championship/xplorers-check-innit-mate/move.csv
-----------------------------------------
| br |    | bb |    | bK |    | bn |    |
-----------------------------------------
|    | bp |    | bp |    |    |    |    |
-----------------------------------------
| bn |    |    |    |    | bp |    | br |
-----------------------------------------
| bq |    | bp |    | bp |    |    | bp |
-----------------------------------------
| bp |    |    | wp | wn |    |    | wp |
-----------------------------------------
|    |    | wp |    |    | wp | wp |    |
-----------------------------------------
| wp | wp |    |    |    |    |    |    |
-----------------------------------------
|    | wr |    |    | wK | wb | wn | wr |
-----------------------------------------
[32;1m[Game] [0mPlayer's error code: 0
[32;1m[Game] [0mChecking move validity...
[32;1m[Board] [0mInitializing board...
[32;1m[Board] [0mLoading history file `championship/xplorers-check-innit-mate/history.csv`...
[32;1m[Board] [0mLoaded 30 move(s).
[32;1m[Board] [0mLoading move file `championship/xplorers-check-innit-mate/move.csv`...
[32;1m[Board] [0mWhite player is playing e4 to f6.
[32;1m[Board] [0m[5;1mWhite Knight is taking Black Pawn.[0m
[32;1m[Board] [0m
[32;1m[Board] [0m    a b c d e f g h 
[32;1m[Board] [0m  -------------------
[32;1m[Board] [0m8 ||[30;1mr[0m| |[30;1mb[0m| |[30;1mK[0m| |[30;1mk[0m| || 8
[32;1m[Board] [0m  -------------------
[32;1m[Board] [0m7 || |[30;1mp[0m| |[30;1mp[0m| |[7;1m [0m| |[7;1m [0m|| 7
[32;1m[Board] [0m  -------------------
[32;1m[Board] [0m6 ||[30;1mk[0m| |[7;1m [0m| |[7;1m [0m|[0;1mk[0m|[7;1m [0m|[30;1mr[0m|| 6
[32;1m[Board] [0m  -------------------
[32;1m[Board] [0m5 ||[30;1mQ[0m|[7;1m [0m|[30;1mp[0m|[7;1m [0m|[30;1mp[0m|[7;1m [0m| |[30;1mp[0m|| 5
[32;1m[Board] [0m  -------------------
[32;1m[Board] [0m4 ||[30;1mp[0m| |[7;1m [0m|[0;1mp[0m|[7;1m [0m| |[7;1m [0m|[0;1mp[0m|| 4
[32;1m[Board] [0m  -------------------
[32;1m[Board] [0m3 || |[7;1m [0m|[0;1mp[0m|[7;1m [0m| |[0;1mp[0m|[0;1mp[0m|[7;1m [0m|| 3
[32;1m[Board] [0m  -------------------
[32;1m[Board] [0m2 ||[0;1mp[0m|[0;1mp[0m|[7;1m [0m| |[7;1m [0m| |[7;1m [0m| || 2
[32;1m[Board] [0m  -------------------
[32;1m[Board] [0m1 || |[0;1mr[0m| |[7;1m [0m|[0;1mK[0m|[0;1mb[0m|[0;1mk[0m|[0;1mr[0m|| 1
[32;1m[Board] [0m  -------------------
[32;1m[Board] [0m    a b c d e f g h
[32;1m[Board] [0m
[32;1m[Referee] [0mThis is the turn of the Black player...
[32;1m[Board] [0m[33;1m[WARNING][0m [5;1mBlack King in check![0m
[32;1m[Board] [0m[33;1m[WARNING][0m    Threatened by White Knight (f6)
0 - 0 - 0 - 0 - 
- 0 - 0 - - - - 
0 - - - - 1 - 0 
0 - 0 - 0 - - 0 
0 - - 1 - - - 1 
- - 1 - - 1 1 - 
1 1 - - - - - - 
- 1 - - 1 1 1 1 
--------
looking for king 0, 1Rook
0
looking for king 0, 4King
1
looking for king 0, 5Bishop
0
looking for king 0, 6Knight
0
looking for king 0, 7Rook
0
looking for king 1, 0Pawn
0
looking for king 1, 1Pawn
0
looking for king 2, 2Pawn
0
looking for king 2, 5Pawn
0
looking for king 2, 6Pawn
0
looking for king 3, 0Pawn
0
looking for king 3, 3Pawn
0
looking for king 3, 7Pawn
0
looking for king 4, 0Queen
0
looking for king 4, 2Pawn
0
looking for king 4, 4Pawn
0
looking for king 4, 7Pawn
0
looking for king 5, 0Knight
0
looking for king 5, 5Knight
0
looking for king 5, 7Rook
0
looking for king 6, 1Pawn
0
looking for king 6, 3Pawn
0
looking for king 7, 0Rook
0
looking for king 7, 2Bishop
0
looking for king 7, 4King
1
looking for king 0, 1Rook
0
looking for king 0, 4King
1
looking for king 0, 5Bishop
0
looking for king 0, 6Knight
0
looking for king 0, 7Rook
0
looking for king 1, 0Pawn
0
looking for king 1, 1Pawn
0
looking for king 2, 0Pawn
0
looking for king 2, 2Pawn
0
looking for king 2, 5Pawn
0
looking for king 2, 6Pawn
0
looking for king 3, 3Pawn
0
looking for king 3, 7Pawn
0
looking for king 4, 0Queen
0
looking for king 4, 2Pawn
0
looking for king 4, 4Pawn
0
looking for king 4, 7Pawn
0
looking for king 5, 0Knight
0
looking for king 5, 5Knight
0
looking for king 5, 7Rook
0
looking for king 6, 1Pawn
0
looking for king 6, 3Pawn
0
looking for king 7, 0Rook
0
looking for king 7, 2Bishop
0
looking for king 7, 4King
1
looking for king 0, 1Unknown
0
looking for king 0, 4Unknown
0
looking for king 0, 5Unknown
0
looking for king 0, 6Unknown
0
looking for king 0, 7Unknown
0
looking for king 1, 0Pawn
0
looking for king 1, 1Pawn
0
looking for king 2, 2Pawn
0
looking for king 2, 5Pawn
0
looking for king 2, 6Pawn
0
looking for king 3, 0Pawn
0
looking for king 3, 3Pawn
0
looking for king 3, 7Pawn
0
looking for king 4, 2Pawn
0
looking for king 4, 4Pawn
0
looking for king 4, 7Pawn
0
looking for king 5, 0Knight
0
looking for king 5, 1Queen
0
looking for king 5, 5Knight
0
looking for king 5, 7Rook
0
looking for king 6, 1Pawn
0
looking for king 6, 3Pawn
0
looking for king 7, 0Rook
0
looking for king 7, 2Bishop
0
looking for king 7, 4King
1
[32;1m[Game] [0mPlayer's error code: 11
[32;1m[Game] [0m[31;1m[ERROR][0m The program `/home/julien/Pro/git/teaching/x/2024/check-innit-mate/build/check-innit-mate' has crashed :(
[32;1m[Game] [0mBlack player has lost on illegal move.
